[ 2019-07-18T09:51:41+08:00 ] 140.207.54.78 /ordera.php
INFO: [ app_init ] --START--
INFO: Run Behavior\BuildLiteBehavior [ RunTime:0.000014s ]
INFO: [ app_init ] --END-- [ RunTime:0.000495s ]
INFO: [ app_begin ] --START--
INFO: Run Behavior\ReadHtmlCacheBehavior [ RunTime:0.000646s ]
INFO: [ app_begin ] --END-- [ RunTime:0.000694s ]
SQL: SHOW COLUMNS FROM `sm_orders` [ RunTime:0.0143s ]
SQL: SELECT * FROM `sm_orders` WHERE `order_no` = '614120190718095131' LIMIT 1   [ RunTime:0.0376s ]
SQL: SHOW COLUMNS FROM `sm_stall` [ RunTime:0.0100s ]
SQL: SELECT `automatic` FROM `sm_stall` WHERE `stall_id` = '31' LIMIT 1   [ RunTime:0.0003s ]
SQL: UPDATE `sm_orders` SET `trade_no`='4200000355201907181486764410',`payment_time`='1563414701',`order_status`='2' WHERE `order_no` = '614120190718095131' [ RunTime:0.0174s ]
SQL: SHOW COLUMNS FROM `sm_stall_music` [ RunTime:0.0095s ]
SQL: SELECT `music` FROM `sm_stall_music` WHERE `stall_id` = '31' AND `music_type` = 1 LIMIT 1   [ RunTime:0.0003s ]

[ 2019-07-18T09:51:57+08:00 ] 101.226.103.69 /ordera.php
INFO: [ app_init ] --START--
INFO: Run Behavior\BuildLiteBehavior [ RunTime:0.000013s ]
INFO: [ app_init ] --END-- [ RunTime:0.000485s ]
INFO: [ app_begin ] --START--
INFO: Run Behavior\ReadHtmlCacheBehavior [ RunTime:0.000620s ]
INFO: [ app_begin ] --END-- [ RunTime:0.000669s ]
SQL: SHOW COLUMNS FROM `sm_orders` [ RunTime:0.0139s ]
SQL: SELECT * FROM `sm_orders` WHERE `order_no` = '614120190718095131' LIMIT 1   [ RunTime:0.0427s ]
INFO: [ app_end ] --START--
INFO: Run Behavior\ShowPageTraceBehavior [ RunTime:0.000843s ]
INFO: [ app_end ] --END-- [ RunTime:0.000906s ]

[ 2019-07-18T09:54:21+08:00 ] 101.226.103.60 /ordera.php
INFO: [ app_init ] --START--
INFO: Run Behavior\BuildLiteBehavior [ RunTime:0.000013s ]
INFO: [ app_init ] --END-- [ RunTime:0.000452s ]
INFO: [ app_begin ] --START--
INFO: Run Behavior\ReadHtmlCacheBehavior [ RunTime:0.000573s ]
INFO: [ app_begin ] --END-- [ RunTime:0.000620s ]
SQL: SHOW COLUMNS FROM `sm_orders` [ RunTime:0.0132s ]
SQL: SELECT * FROM `sm_orders` WHERE `order_no` = '123920190718095411' LIMIT 1   [ RunTime:0.0589s ]
SQL: SHOW COLUMNS FROM `sm_stall` [ RunTime:0.0104s ]
SQL: SELECT `automatic` FROM `sm_stall` WHERE `stall_id` = '31' LIMIT 1   [ RunTime:0.0003s ]
SQL: UPDATE `sm_orders` SET `trade_no`='4200000345201907187128676230',`payment_time`='1563414861',`order_status`='2' WHERE `order_no` = '123920190718095411' [ RunTime:0.0201s ]
SQL: SHOW COLUMNS FROM `sm_stall_music` [ RunTime:0.0098s ]
SQL: SELECT `music` FROM `sm_stall_music` WHERE `stall_id` = '31' AND `music_type` = 1 LIMIT 1   [ RunTime:0.0003s ]

[ 2019-07-18T09:54:38+08:00 ] 101.226.103.62 /ordera.php
INFO: [ app_init ] --START--
INFO: Run Behavior\BuildLiteBehavior [ RunTime:0.000013s ]
INFO: [ app_init ] --END-- [ RunTime:0.000469s ]
INFO: [ app_begin ] --START--
INFO: Run Behavior\ReadHtmlCacheBehavior [ RunTime:0.000608s ]
INFO: [ app_begin ] --END-- [ RunTime:0.000657s ]
SQL: SHOW COLUMNS FROM `sm_orders` [ RunTime:0.0145s ]
SQL: SELECT * FROM `sm_orders` WHERE `order_no` = '123920190718095411' LIMIT 1   [ RunTime:0.0421s ]
INFO: [ app_end ] --START--
INFO: Run Behavior\ShowPageTraceBehavior [ RunTime:0.000890s ]
INFO: [ app_end ] --END-- [ RunTime:0.000949s ]

[ 2019-07-18T09:56:51+08:00 ] 101.226.103.69 /ordera.php
INFO: [ app_init ] --START--
INFO: Run Behavior\BuildLiteBehavior [ RunTime:0.000013s ]
INFO: [ app_init ] --END-- [ RunTime:0.000516s ]
INFO: [ app_begin ] --START--
INFO: Run Behavior\ReadHtmlCacheBehavior [ RunTime:0.000647s ]
INFO: [ app_begin ] --END-- [ RunTime:0.000697s ]
SQL: SHOW COLUMNS FROM `sm_orders` [ RunTime:0.0146s ]
SQL: SELECT * FROM `sm_orders` WHERE `order_no` = '209720190718095641' LIMIT 1   [ RunTime:0.0452s ]
SQL: SHOW COLUMNS FROM `sm_stall` [ RunTime:0.0127s ]
SQL: SELECT `automatic` FROM `sm_stall` WHERE `stall_id` = '31' LIMIT 1   [ RunTime:0.0003s ]
SQL: UPDATE `sm_orders` SET `trade_no`='4200000348201907182348682327',`payment_time`='1563415011',`order_status`='2' WHERE `order_no` = '209720190718095641' [ RunTime:0.0184s ]
SQL: SHOW COLUMNS FROM `sm_stall_music` [ RunTime:0.0094s ]
SQL: SELECT `music` FROM `sm_stall_music` WHERE `stall_id` = '31' AND `music_type` = 1 LIMIT 1   [ RunTime:0.0003s ]

[ 2019-07-18T09:57:07+08:00 ] 101.226.103.62 /ordera.php
INFO: [ app_init ] --START--
INFO: Run Behavior\BuildLiteBehavior [ RunTime:0.000013s ]
INFO: [ app_init ] --END-- [ RunTime:0.000472s ]
INFO: [ app_begin ] --START--
INFO: Run Behavior\ReadHtmlCacheBehavior [ RunTime:0.000583s ]
INFO: [ app_begin ] --END-- [ RunTime:0.000632s ]
SQL: SHOW COLUMNS FROM `sm_orders` [ RunTime:0.0137s ]
SQL: SELECT * FROM `sm_orders` WHERE `order_no` = '209720190718095641' LIMIT 1   [ RunTime:0.0359s ]
INFO: [ app_end ] --START--
INFO: Run Behavior\ShowPageTraceBehavior [ RunTime:0.001049s ]
INFO: [ app_end ] --END-- [ RunTime:0.001101s ]

[ 2019-07-18T09:58:31+08:00 ] 101.226.103.70 /ordera.php
INFO: [ app_init ] --START--
INFO: Run Behavior\BuildLiteBehavior [ RunTime:0.000013s ]
INFO: [ app_init ] --END-- [ RunTime:0.000469s ]
INFO: [ app_begin ] --START--
INFO: Run Behavior\ReadHtmlCacheBehavior [ RunTime:0.000592s ]
INFO: [ app_begin ] --END-- [ RunTime:0.000642s ]
SQL: SHOW COLUMNS FROM `sm_orders` [ RunTime:0.0143s ]
SQL: SELECT * FROM `sm_orders` WHERE `order_no` = '516820190718095821' LIMIT 1   [ RunTime:0.0535s ]
SQL: SHOW COLUMNS FROM `sm_stall` [ RunTime:0.0132s ]
SQL: SELECT `automatic` FROM `sm_stall` WHERE `stall_id` = '31' LIMIT 1   [ RunTime:0.0003s ]
SQL: UPDATE `sm_orders` SET `trade_no`='4200000357201907181137469751',`payment_time`='1563415111',`order_status`='2' WHERE `order_no` = '516820190718095821' [ RunTime:0.0163s ]
SQL: SHOW COLUMNS FROM `sm_stall_music` [ RunTime:0.0093s ]
SQL: SELECT `music` FROM `sm_stall_music` WHERE `stall_id` = '31' AND `music_type` = 1 LIMIT 1   [ RunTime:0.0003s ]

[ 2019-07-18T09:58:47+08:00 ] 101.226.103.71 /ordera.php
INFO: [ app_init ] --START--
INFO: Run Behavior\BuildLiteBehavior [ RunTime:0.000014s ]
INFO: [ app_init ] --END-- [ RunTime:0.000521s ]
INFO: [ app_begin ] --START--
INFO: Run Behavior\ReadHtmlCacheBehavior [ RunTime:0.000780s ]
INFO: [ app_begin ] --END-- [ RunTime:0.000831s ]
SQL: SHOW COLUMNS FROM `sm_orders` [ RunTime:0.0146s ]
SQL: SELECT * FROM `sm_orders` WHERE `order_no` = '516820190718095821' LIMIT 1   [ RunTime:0.0477s ]
INFO: [ app_end ] --START--
INFO: Run Behavior\ShowPageTraceBehavior [ RunTime:0.001057s ]
INFO: [ app_end ] --END-- [ RunTime:0.001111s ]

[ 2019-07-18T10:00:53+08:00 ] 101.226.103.60 /ordera.php
INFO: [ app_init ] --START--
INFO: Run Behavior\BuildLiteBehavior [ RunTime:0.000013s ]
INFO: [ app_init ] --END-- [ RunTime:0.000582s ]
INFO: [ app_begin ] --START--
INFO: Run Behavior\ReadHtmlCacheBehavior [ RunTime:0.000823s ]
INFO: [ app_begin ] --END-- [ RunTime:0.000877s ]
SQL: SHOW COLUMNS FROM `sm_orders` [ RunTime:0.0153s ]
SQL: SELECT * FROM `sm_orders` WHERE `order_no` = '995720190718100044' LIMIT 1   [ RunTime:0.0513s ]
SQL: SHOW COLUMNS FROM `sm_stall` [ RunTime:0.0115s ]
SQL: SELECT `automatic` FROM `sm_stall` WHERE `stall_id` = '31' LIMIT 1   [ RunTime:0.0004s ]
SQL: UPDATE `sm_orders` SET `trade_no`='4200000356201907184138899415',`payment_time`='1563415253',`order_status`='2' WHERE `order_no` = '995720190718100044' [ RunTime:0.0171s ]
SQL: SHOW COLUMNS FROM `sm_stall_music` [ RunTime:0.0107s ]
SQL: SELECT `music` FROM `sm_stall_music` WHERE `stall_id` = '31' AND `music_type` = 1 LIMIT 1   [ RunTime:0.0003s ]

[ 2019-07-18T10:01:09+08:00 ] 101.226.103.60 /ordera.php
INFO: [ app_init ] --START--
INFO: Run Behavior\BuildLiteBehavior [ RunTime:0.000013s ]
INFO: [ app_init ] --END-- [ RunTime:0.000516s ]
INFO: [ app_begin ] --START--
INFO: Run Behavior\ReadHtmlCacheBehavior [ RunTime:0.000694s ]
INFO: [ app_begin ] --END-- [ RunTime:0.000743s ]
SQL: SHOW COLUMNS FROM `sm_orders` [ RunTime:0.0128s ]
SQL: SELECT * FROM `sm_orders` WHERE `order_no` = '995720190718100044' LIMIT 1   [ RunTime:0.0374s ]
INFO: [ app_end ] --START--
INFO: Run Behavior\ShowPageTraceBehavior [ RunTime:0.000953s ]
INFO: [ app_end ] --END-- [ RunTime:0.001000s ]

[ 2019-07-18T10:24:28+08:00 ] 101.226.103.60 /ordera.php
INFO: [ app_init ] --START--
INFO: Run Behavior\BuildLiteBehavior [ RunTime:0.000013s ]
INFO: [ app_init ] --END-- [ RunTime:0.000492s ]
INFO: [ app_begin ] --START--
INFO: Run Behavior\ReadHtmlCacheBehavior [ RunTime:0.000612s ]
INFO: [ app_begin ] --END-- [ RunTime:0.000665s ]
SQL: SHOW COLUMNS FROM `sm_orders` [ RunTime:0.0139s ]
SQL: SELECT * FROM `sm_orders` WHERE `order_no` = '646520190718102414' LIMIT 1   [ RunTime:0.0423s ]
SQL: SHOW COLUMNS FROM `sm_stall` [ RunTime:0.0102s ]
SQL: SELECT `automatic` FROM `sm_stall` WHERE `stall_id` = '31' LIMIT 1   [ RunTime:0.0003s ]
SQL: UPDATE `sm_orders` SET `trade_no`='4200000343201907185237538058',`payment_time`='1563416667',`order_status`='2' WHERE `order_no` = '646520190718102414' [ RunTime:0.0170s ]
SQL: SHOW COLUMNS FROM `sm_stall_music` [ RunTime:0.0091s ]
SQL: SELECT `music` FROM `sm_stall_music` WHERE `stall_id` = '31' AND `music_type` = 1 LIMIT 1   [ RunTime:0.0003s ]

[ 2019-07-18T10:24:44+08:00 ] 101.226.103.71 /ordera.php
INFO: [ app_init ] --START--
INFO: Run Behavior\BuildLiteBehavior [ RunTime:0.000013s ]
INFO: [ app_init ] --END-- [ RunTime:0.000482s ]
INFO: [ app_begin ] --START--
INFO: Run Behavior\ReadHtmlCacheBehavior [ RunTime:0.000626s ]
INFO: [ app_begin ] --END-- [ RunTime:0.000681s ]
SQL: SHOW COLUMNS FROM `sm_orders` [ RunTime:0.0142s ]
SQL: SELECT * FROM `sm_orders` WHERE `order_no` = '646520190718102414' LIMIT 1   [ RunTime:0.0359s ]
INFO: [ app_end ] --START--
INFO: Run Behavior\ShowPageTraceBehavior [ RunTime:0.001123s ]
INFO: [ app_end ] --END-- [ RunTime:0.001173s ]

[ 2019-07-18T10:25:17+08:00 ] 101.226.103.69 /ordera.php
INFO: [ app_init ] --START--
INFO: Run Behavior\BuildLiteBehavior [ RunTime:0.000012s ]
INFO: [ app_init ] --END-- [ RunTime:0.000467s ]
INFO: [ app_begin ] --START--
INFO: Run Behavior\ReadHtmlCacheBehavior [ RunTime:0.000606s ]
INFO: [ app_begin ] --END-- [ RunTime:0.000655s ]
SQL: SHOW COLUMNS FROM `sm_orders` [ RunTime:0.0153s ]
SQL: SELECT * FROM `sm_orders` WHERE `order_no` = '254220190718102509' LIMIT 1   [ RunTime:0.0521s ]
SQL: SHOW COLUMNS FROM `sm_stall` [ RunTime:0.0110s ]
SQL: SELECT `automatic` FROM `sm_stall` WHERE `stall_id` = '31' LIMIT 1   [ RunTime:0.0003s ]
SQL: UPDATE `sm_orders` SET `trade_no`='4200000341201907183988282167',`payment_time`='1563416716',`order_status`='2' WHERE `order_no` = '254220190718102509' [ RunTime:0.0175s ]
SQL: SHOW COLUMNS FROM `sm_stall_music` [ RunTime:0.0095s ]
SQL: SELECT `music` FROM `sm_stall_music` WHERE `stall_id` = '31' AND `music_type` = 1 LIMIT 1   [ RunTime:0.0003s ]

[ 2019-07-18T10:25:32+08:00 ] 101.226.103.71 /ordera.php
INFO: [ app_init ] --START--
INFO: Run Behavior\BuildLiteBehavior [ RunTime:0.000015s ]
INFO: [ app_init ] --END-- [ RunTime:0.000481s ]
INFO: [ app_begin ] --START--
INFO: Run Behavior\ReadHtmlCacheBehavior [ RunTime:0.000598s ]
INFO: [ app_begin ] --END-- [ RunTime:0.000646s ]
SQL: SHOW COLUMNS FROM `sm_orders` [ RunTime:0.0135s ]
SQL: SELECT * FROM `sm_orders` WHERE `order_no` = '254220190718102509' LIMIT 1   [ RunTime:0.0291s ]
INFO: [ app_end ] --START--
INFO: Run Behavior\ShowPageTraceBehavior [ RunTime:0.000936s ]
INFO: [ app_end ] --END-- [ RunTime:0.000985s ]

[ 2019-07-18T10:25:59+08:00 ] 101.226.103.62 /ordera.php
INFO: [ app_init ] --START--
INFO: Run Behavior\BuildLiteBehavior [ RunTime:0.000013s ]
INFO: [ app_init ] --END-- [ RunTime:0.000468s ]
INFO: [ app_begin ] --START--
INFO: Run Behavior\ReadHtmlCacheBehavior [ RunTime:0.000654s ]
INFO: [ app_begin ] --END-- [ RunTime:0.000708s ]
SQL: SHOW COLUMNS FROM `sm_orders` [ RunTime:0.0154s ]
SQL: SELECT * FROM `sm_orders` WHERE `order_no` = '380520190718102542' LIMIT 1   [ RunTime:0.0179s ]
SQL: SHOW COLUMNS FROM `sm_stall` [ RunTime:0.0096s ]
SQL: SELECT `automatic` FROM `sm_stall` WHERE `stall_id` = '31' LIMIT 1   [ RunTime:0.0003s ]
SQL: UPDATE `sm_orders` SET `trade_no`='4200000347201907186989000261',`payment_time`='1563416759',`order_status`='2' WHERE `order_no` = '380520190718102542' [ RunTime:0.0177s ]
SQL: SHOW COLUMNS FROM `sm_stall_music` [ RunTime:0.0100s ]
SQL: SELECT `music` FROM `sm_stall_music` WHERE `stall_id` = '31' AND `music_type` = 1 LIMIT 1   [ RunTime:0.0003s ]

[ 2019-07-18T10:26:15+08:00 ] 101.226.103.71 /ordera.php
INFO: [ app_init ] --START--
INFO: Run Behavior\BuildLiteBehavior [ RunTime:0.000013s ]
INFO: [ app_init ] --END-- [ RunTime:0.000496s ]
INFO: [ app_begin ] --START--
INFO: Run Behavior\ReadHtmlCacheBehavior [ RunTime:0.000889s ]
INFO: [ app_begin ] --END-- [ RunTime:0.000939s ]
SQL: SHOW COLUMNS FROM `sm_orders` [ RunTime:0.0080s ]
SQL: SELECT * FROM `sm_orders` WHERE `order_no` = '380520190718102542' LIMIT 1   [ RunTime:0.0182s ]
INFO: [ app_end ] --START--
INFO: Run Behavior\ShowPageTraceBehavior [ RunTime:0.000864s ]
INFO: [ app_end ] --END-- [ RunTime:0.000913s ]

[ 2019-07-18T10:26:24+08:00 ] 101.226.103.60 /ordera.php
INFO: [ app_init ] --START--
INFO: Run Behavior\BuildLiteBehavior [ RunTime:0.000013s ]
INFO: [ app_init ] --END-- [ RunTime:0.000510s ]
INFO: [ app_begin ] --START--
INFO: Run Behavior\ReadHtmlCacheBehavior [ RunTime:0.000620s ]
INFO: [ app_begin ] --END-- [ RunTime:0.000671s ]
SQL: SHOW COLUMNS FROM `sm_orders` [ RunTime:0.0140s ]
SQL: SELECT * FROM `sm_orders` WHERE `order_no` = '823420190718102617' LIMIT 1   [ RunTime:0.0678s ]
SQL: SHOW COLUMNS FROM `sm_stall` [ RunTime:0.0113s ]
SQL: SELECT `automatic` FROM `sm_stall` WHERE `stall_id` = '31' LIMIT 1   [ RunTime:0.0003s ]
SQL: UPDATE `sm_orders` SET `trade_no`='4200000344201907184223418657',`payment_time`='1563416784',`order_status`='2' WHERE `order_no` = '823420190718102617' [ RunTime:0.0365s ]
SQL: SHOW COLUMNS FROM `sm_stall_music` [ RunTime:0.0110s ]
SQL: SELECT `music` FROM `sm_stall_music` WHERE `stall_id` = '31' AND `music_type` = 1 LIMIT 1   [ RunTime:0.0003s ]

[ 2019-07-18T10:26:39+08:00 ] 101.226.103.71 /ordera.php
INFO: [ app_init ] --START--
INFO: Run Behavior\BuildLiteBehavior [ RunTime:0.000013s ]
INFO: [ app_init ] --END-- [ RunTime:0.000550s ]
INFO: [ app_begin ] --START--
INFO: Run Behavior\ReadHtmlCacheBehavior [ RunTime:0.000688s ]
INFO: [ app_begin ] --END-- [ RunTime:0.000747s ]
SQL: SHOW COLUMNS FROM `sm_orders` [ RunTime:0.0133s ]
SQL: SELECT * FROM `sm_orders` WHERE `order_no` = '823420190718102617' LIMIT 1   [ RunTime:0.0173s ]
INFO: [ app_end ] --START--
INFO: Run Behavior\ShowPageTraceBehavior [ RunTime:0.001027s ]
INFO: [ app_end ] --END-- [ RunTime:0.001076s ]

[ 2019-07-18T12:18:11+08:00 ] 101.226.103.60 /ordera.php
INFO: [ app_init ] --START--
INFO: Run Behavior\BuildLiteBehavior [ RunTime:0.000013s ]
INFO: [ app_init ] --END-- [ RunTime:0.000518s ]
INFO: [ app_begin ] --START--
INFO: Run Behavior\ReadHtmlCacheBehavior [ RunTime:0.000832s ]
INFO: [ app_begin ] --END-- [ RunTime:0.000883s ]
SQL: SHOW COLUMNS FROM `sm_orders` [ RunTime:0.0133s ]
SQL: SELECT * FROM `sm_orders` WHERE `order_no` = '721620190718121755' LIMIT 1   [ RunTime:0.0520s ]
SQL: SHOW COLUMNS FROM `sm_stall` [ RunTime:0.0105s ]
SQL: SELECT `automatic` FROM `sm_stall` WHERE `stall_id` = '31' LIMIT 1   [ RunTime:0.0003s ]
SQL: UPDATE `sm_orders` SET `trade_no`='4200000341201907183345928329',`payment_time`='1563423491',`order_status`='2' WHERE `order_no` = '721620190718121755' [ RunTime:0.0166s ]
SQL: SHOW COLUMNS FROM `sm_stall_music` [ RunTime:0.0103s ]
SQL: SELECT `music` FROM `sm_stall_music` WHERE `stall_id` = '31' AND `music_type` = 1 LIMIT 1   [ RunTime:0.0003s ]

[ 2019-07-18T12:18:27+08:00 ] 101.226.103.70 /ordera.php
INFO: [ app_init ] --START--
INFO: Run Behavior\BuildLiteBehavior [ RunTime:0.000013s ]
INFO: [ app_init ] --END-- [ RunTime:0.000498s ]
INFO: [ app_begin ] --START--
INFO: Run Behavior\ReadHtmlCacheBehavior [ RunTime:0.000903s ]
INFO: [ app_begin ] --END-- [ RunTime:0.000961s ]
SQL: SHOW COLUMNS FROM `sm_orders` [ RunTime:0.0139s ]
SQL: SELECT * FROM `sm_orders` WHERE `order_no` = '721620190718121755' LIMIT 1   [ RunTime:0.0366s ]
INFO: [ app_end ] --START--
INFO: Run Behavior\ShowPageTraceBehavior [ RunTime:0.001196s ]
INFO: [ app_end ] --END-- [ RunTime:0.001245s ]

[ 2019-07-18T14:27:09+08:00 ] 101.226.103.71 /ordera.php
INFO: [ app_init ] --START--
INFO: Run Behavior\BuildLiteBehavior [ RunTime:0.000013s ]
INFO: [ app_init ] --END-- [ RunTime:0.000460s ]
INFO: [ app_begin ] --START--
INFO: Run Behavior\ReadHtmlCacheBehavior [ RunTime:0.000714s ]
INFO: [ app_begin ] --END-- [ RunTime:0.000763s ]
SQL: SHOW COLUMNS FROM `sm_orders` [ RunTime:0.0137s ]
SQL: SELECT * FROM `sm_orders` WHERE `order_no` = '849020190718142657' LIMIT 1   [ RunTime:0.0618s ]
SQL: SHOW COLUMNS FROM `sm_stall` [ RunTime:0.0107s ]
SQL: SELECT `automatic` FROM `sm_stall` WHERE `stall_id` = '31' LIMIT 1   [ RunTime:0.0003s ]
SQL: UPDATE `sm_orders` SET `trade_no`='4200000347201907186369738574',`payment_time`='1563431229',`order_status`='2' WHERE `order_no` = '849020190718142657' [ RunTime:0.0166s ]
SQL: SHOW COLUMNS FROM `sm_stall_music` [ RunTime:0.0106s ]
SQL: SELECT `music` FROM `sm_stall_music` WHERE `stall_id` = '31' AND `music_type` = 1 LIMIT 1   [ RunTime:0.0004s ]

[ 2019-07-18T14:27:25+08:00 ] 101.226.103.69 /ordera.php
INFO: [ app_init ] --START--
INFO: Run Behavior\BuildLiteBehavior [ RunTime:0.000015s ]
INFO: [ app_init ] --END-- [ RunTime:0.000465s ]
INFO: [ app_begin ] --START--
INFO: Run Behavior\ReadHtmlCacheBehavior [ RunTime:0.000787s ]
INFO: [ app_begin ] --END-- [ RunTime:0.000838s ]
SQL: SHOW COLUMNS FROM `sm_orders` [ RunTime:0.0139s ]
SQL: SELECT * FROM `sm_orders` WHERE `order_no` = '849020190718142657' LIMIT 1   [ RunTime:0.0448s ]
INFO: [ app_end ] --START--
INFO: Run Behavior\ShowPageTraceBehavior [ RunTime:0.000962s ]
INFO: [ app_end ] --END-- [ RunTime:0.001009s ]

[ 2019-07-18T14:27:39+08:00 ] 101.226.103.71 /ordera.php
INFO: [ app_init ] --START--
INFO: Run Behavior\BuildLiteBehavior [ RunTime:0.000013s ]
INFO: [ app_init ] --END-- [ RunTime:0.000499s ]
INFO: [ app_begin ] --START--
INFO: Run Behavior\ReadHtmlCacheBehavior [ RunTime:0.000836s ]
INFO: [ app_begin ] --END-- [ RunTime:0.000888s ]
SQL: SHOW COLUMNS FROM `sm_orders` [ RunTime:0.0197s ]
SQL: SELECT * FROM `sm_orders` WHERE `order_no` = '610820190718142731' LIMIT 1   [ RunTime:0.0429s ]
SQL: SHOW COLUMNS FROM `sm_stall` [ RunTime:0.0105s ]
SQL: SELECT `automatic` FROM `sm_stall` WHERE `stall_id` = '31' LIMIT 1   [ RunTime:0.0003s ]
SQL: UPDATE `sm_orders` SET `trade_no`='4200000343201907189978526340',`payment_time`='1563431259',`order_status`='2' WHERE `order_no` = '610820190718142731' [ RunTime:0.0167s ]
SQL: SHOW COLUMNS FROM `sm_stall_music` [ RunTime:0.0097s ]
SQL: SELECT `music` FROM `sm_stall_music` WHERE `stall_id` = '31' AND `music_type` = 1 LIMIT 1   [ RunTime:0.0003s ]

[ 2019-07-18T14:27:55+08:00 ] 101.226.103.70 /ordera.php
INFO: [ app_init ] --START--
INFO: Run Behavior\BuildLiteBehavior [ RunTime:0.000012s ]
INFO: [ app_init ] --END-- [ RunTime:0.000505s ]
INFO: [ app_begin ] --START--
INFO: Run Behavior\ReadHtmlCacheBehavior [ RunTime:0.000872s ]
INFO: [ app_begin ] --END-- [ RunTime:0.000922s ]
SQL: SHOW COLUMNS FROM `sm_orders` [ RunTime:0.0137s ]
SQL: SELECT * FROM `sm_orders` WHERE `order_no` = '610820190718142731' LIMIT 1   [ RunTime:0.0409s ]
INFO: [ app_end ] --START--
INFO: Run Behavior\ShowPageTraceBehavior [ RunTime:0.001195s ]
INFO: [ app_end ] --END-- [ RunTime:0.001245s ]

[ 2019-07-18T14:29:09+08:00 ] 101.226.103.63 /ordera.php
INFO: [ app_init ] --START--
INFO: Run Behavior\BuildLiteBehavior [ RunTime:0.000013s ]
INFO: [ app_init ] --END-- [ RunTime:0.000503s ]
INFO: [ app_begin ] --START--
INFO: Run Behavior\ReadHtmlCacheBehavior [ RunTime:0.000709s ]
INFO: [ app_begin ] --END-- [ RunTime:0.000760s ]
SQL: SHOW COLUMNS FROM `sm_orders` [ RunTime:0.0141s ]
SQL: SELECT * FROM `sm_orders` WHERE `order_no` = '725620190718142902' LIMIT 1   [ RunTime:0.0375s ]
SQL: SHOW COLUMNS FROM `sm_stall` [ RunTime:0.0115s ]
SQL: SELECT `automatic` FROM `sm_stall` WHERE `stall_id` = '31' LIMIT 1   [ RunTime:0.0003s ]
SQL: UPDATE `sm_orders` SET `trade_no`='4200000344201907186487164443',`payment_time`='1563431349',`order_status`='2' WHERE `order_no` = '725620190718142902' [ RunTime:0.0168s ]
SQL: SHOW COLUMNS FROM `sm_stall_music` [ RunTime:0.0098s ]
SQL: SELECT `music` FROM `sm_stall_music` WHERE `stall_id` = '31' AND `music_type` = 1 LIMIT 1   [ RunTime:0.0003s ]

[ 2019-07-18T14:29:24+08:00 ] 101.226.103.62 /ordera.php
INFO: [ app_init ] --START--
INFO: Run Behavior\BuildLiteBehavior [ RunTime:0.000014s ]
INFO: [ app_init ] --END-- [ RunTime:0.000460s ]
INFO: [ app_begin ] --START--
INFO: Run Behavior\ReadHtmlCacheBehavior [ RunTime:0.000724s ]
INFO: [ app_begin ] --END-- [ RunTime:0.000776s ]
SQL: SHOW COLUMNS FROM `sm_orders` [ RunTime:0.0147s ]
SQL: SELECT * FROM `sm_orders` WHERE `order_no` = '725620190718142902' LIMIT 1   [ RunTime:0.0375s ]
INFO: [ app_end ] --START--
INFO: Run Behavior\ShowPageTraceBehavior [ RunTime:0.000993s ]
INFO: [ app_end ] --END-- [ RunTime:0.001047s ]

[ 2019-07-18T14:32:12+08:00 ] 101.226.103.59 /ordera.php
INFO: [ app_init ] --START--
INFO: Run Behavior\BuildLiteBehavior [ RunTime:0.000014s ]
INFO: [ app_init ] --END-- [ RunTime:0.000520s ]
INFO: [ app_begin ] --START--
INFO: Run Behavior\ReadHtmlCacheBehavior [ RunTime:0.000789s ]
INFO: [ app_begin ] --END-- [ RunTime:0.000840s ]
SQL: SHOW COLUMNS FROM `sm_orders` [ RunTime:0.0137s ]
SQL: SELECT * FROM `sm_orders` WHERE `order_no` = '977020190718143205' LIMIT 1   [ RunTime:0.0491s ]
SQL: SHOW COLUMNS FROM `sm_stall` [ RunTime:0.0108s ]
SQL: SELECT `automatic` FROM `sm_stall` WHERE `stall_id` = '31' LIMIT 1   [ RunTime:0.0003s ]
SQL: UPDATE `sm_orders` SET `trade_no`='4200000354201907180544369748',`payment_time`='1563431532',`order_status`='2' WHERE `order_no` = '977020190718143205' [ RunTime:0.0164s ]
SQL: SHOW COLUMNS FROM `sm_stall_music` [ RunTime:0.0097s ]
SQL: SELECT `music` FROM `sm_stall_music` WHERE `stall_id` = '31' AND `music_type` = 1 LIMIT 1   [ RunTime:0.0003s ]

[ 2019-07-18T14:32:27+08:00 ] 101.226.103.71 /ordera.php
INFO: [ app_init ] --START--
INFO: Run Behavior\BuildLiteBehavior [ RunTime:0.000013s ]
INFO: [ app_init ] --END-- [ RunTime:0.000529s ]
INFO: [ app_begin ] --START--
INFO: Run Behavior\ReadHtmlCacheBehavior [ RunTime:0.000977s ]
INFO: [ app_begin ] --END-- [ RunTime:0.001030s ]
SQL: SHOW COLUMNS FROM `sm_orders` [ RunTime:0.0140s ]
SQL: SELECT * FROM `sm_orders` WHERE `order_no` = '977020190718143205' LIMIT 1   [ RunTime:0.0572s ]
INFO: [ app_end ] --START--
INFO: Run Behavior\ShowPageTraceBehavior [ RunTime:0.001246s ]
INFO: [ app_end ] --END-- [ RunTime:0.001298s ]

[ 2019-07-18T14:42:06+08:00 ] 101.226.103.71 /ordera.php
INFO: [ app_init ] --START--
INFO: Run Behavior\BuildLiteBehavior [ RunTime:0.000014s ]
INFO: [ app_init ] --END-- [ RunTime:0.000499s ]
INFO: [ app_begin ] --START--
INFO: Run Behavior\ReadHtmlCacheBehavior [ RunTime:0.000828s ]
INFO: [ app_begin ] --END-- [ RunTime:0.000882s ]
SQL: SHOW COLUMNS FROM `sm_orders` [ RunTime:0.0132s ]
SQL: SELECT * FROM `sm_orders` WHERE `order_no` = '948520190718144131' LIMIT 1   [ RunTime:0.0313s ]
SQL: SHOW COLUMNS FROM `sm_stall` [ RunTime:0.0093s ]
SQL: SELECT `automatic` FROM `sm_stall` WHERE `stall_id` = '31' LIMIT 1   [ RunTime:0.0003s ]
SQL: UPDATE `sm_orders` SET `trade_no`='4200000339201907180269578471',`payment_time`='1563432126',`order_status`='2' WHERE `order_no` = '948520190718144131' [ RunTime:0.0178s ]
SQL: SHOW COLUMNS FROM `sm_stall_music` [ RunTime:0.0093s ]
SQL: SELECT `music` FROM `sm_stall_music` WHERE `stall_id` = '31' AND `music_type` = 1 LIMIT 1   [ RunTime:0.0003s ]

[ 2019-07-18T14:42:22+08:00 ] 101.226.103.71 /ordera.php
INFO: [ app_init ] --START--
INFO: Run Behavior\BuildLiteBehavior [ RunTime:0.000015s ]
INFO: [ app_init ] --END-- [ RunTime:0.000458s ]
INFO: [ app_begin ] --START--
INFO: Run Behavior\ReadHtmlCacheBehavior [ RunTime:0.000733s ]
INFO: [ app_begin ] --END-- [ RunTime:0.000784s ]
SQL: SHOW COLUMNS FROM `sm_orders` [ RunTime:0.0142s ]
SQL: SELECT * FROM `sm_orders` WHERE `order_no` = '948520190718144131' LIMIT 1   [ RunTime:0.0176s ]
INFO: [ app_end ] --START--
INFO: Run Behavior\ShowPageTraceBehavior [ RunTime:0.000818s ]
INFO: [ app_end ] --END-- [ RunTime:0.000867s ]

[ 2019-07-18T14:42:50+08:00 ] 101.226.103.69 /ordera.php
INFO: [ app_init ] --START--
INFO: Run Behavior\BuildLiteBehavior [ RunTime:0.000013s ]
INFO: [ app_init ] --END-- [ RunTime:0.000458s ]
INFO: [ app_begin ] --START--
INFO: Run Behavior\ReadHtmlCacheBehavior [ RunTime:0.000759s ]
INFO: [ app_begin ] --END-- [ RunTime:0.000809s ]
SQL: SHOW COLUMNS FROM `sm_orders` [ RunTime:0.0132s ]
SQL: SELECT * FROM `sm_orders` WHERE `order_no` = '838120190718144234' LIMIT 1   [ RunTime:0.0605s ]
SQL: SHOW COLUMNS FROM `sm_stall` [ RunTime:0.0112s ]
SQL: SELECT `automatic` FROM `sm_stall` WHERE `stall_id` = '31' LIMIT 1   [ RunTime:0.0003s ]
SQL: UPDATE `sm_orders` SET `trade_no`='4200000356201907186010688288',`payment_time`='1563432170',`order_status`='2' WHERE `order_no` = '838120190718144234' [ RunTime:0.0175s ]
SQL: SHOW COLUMNS FROM `sm_stall_music` [ RunTime:0.0098s ]
SQL: SELECT `music` FROM `sm_stall_music` WHERE `stall_id` = '31' AND `music_type` = 1 LIMIT 1   [ RunTime:0.0003s ]

[ 2019-07-18T14:43:05+08:00 ] 101.226.103.60 /ordera.php
INFO: [ app_init ] --START--
INFO: Run Behavior\BuildLiteBehavior [ RunTime:0.000012s ]
INFO: [ app_init ] --END-- [ RunTime:0.000498s ]
INFO: [ app_begin ] --START--
INFO: Run Behavior\ReadHtmlCacheBehavior [ RunTime:0.000763s ]
INFO: [ app_begin ] --END-- [ RunTime:0.000815s ]
SQL: SHOW COLUMNS FROM `sm_orders` [ RunTime:0.0075s ]
SQL: SELECT * FROM `sm_orders` WHERE `order_no` = '838120190718144234' LIMIT 1   [ RunTime:0.0175s ]
INFO: [ app_end ] --START--
INFO: Run Behavior\ShowPageTraceBehavior [ RunTime:0.000774s ]
INFO: [ app_end ] --END-- [ RunTime:0.000821s ]

[ 2019-07-18T14:44:27+08:00 ] 101.226.103.69 /ordera.php
INFO: [ app_init ] --START--
INFO: Run Behavior\BuildLiteBehavior [ RunTime:0.000013s ]
INFO: [ app_init ] --END-- [ RunTime:0.000565s ]
INFO: [ app_begin ] --START--
INFO: Run Behavior\ReadHtmlCacheBehavior [ RunTime:0.000883s ]
INFO: [ app_begin ] --END-- [ RunTime:0.000944s ]
SQL: SHOW COLUMNS FROM `sm_orders` [ RunTime:0.0138s ]
SQL: SELECT * FROM `sm_orders` WHERE `order_no` = '865820190718144412' LIMIT 1   [ RunTime:0.0368s ]
SQL: SHOW COLUMNS FROM `sm_stall` [ RunTime:0.0105s ]
SQL: SELECT `automatic` FROM `sm_stall` WHERE `stall_id` = '31' LIMIT 1   [ RunTime:0.0003s ]
SQL: UPDATE `sm_orders` SET `trade_no`='4200000352201907182692152233',`payment_time`='1563432267',`order_status`='2' WHERE `order_no` = '865820190718144412' [ RunTime:0.0165s ]
SQL: SHOW COLUMNS FROM `sm_stall_music` [ RunTime:0.0095s ]
SQL: SELECT `music` FROM `sm_stall_music` WHERE `stall_id` = '31' AND `music_type` = 1 LIMIT 1   [ RunTime:0.0003s ]

[ 2019-07-18T14:44:43+08:00 ] 101.226.103.60 /ordera.php
INFO: [ app_init ] --START--
INFO: Run Behavior\BuildLiteBehavior [ RunTime:0.000013s ]
INFO: [ app_init ] --END-- [ RunTime:0.000534s ]
INFO: [ app_begin ] --START--
INFO: Run Behavior\ReadHtmlCacheBehavior [ RunTime:0.000766s ]
INFO: [ app_begin ] --END-- [ RunTime:0.000817s ]
SQL: SHOW COLUMNS FROM `sm_orders` [ RunTime:0.0134s ]
SQL: SELECT * FROM `sm_orders` WHERE `order_no` = '865820190718144412' LIMIT 1   [ RunTime:0.0388s ]
INFO: [ app_end ] --START--
INFO: Run Behavior\ShowPageTraceBehavior [ RunTime:0.000995s ]
INFO: [ app_end ] --END-- [ RunTime:0.001045s ]

[ 2019-07-18T14:46:33+08:00 ] 101.226.103.70 /ordera.php
INFO: [ app_init ] --START--
INFO: Run Behavior\BuildLiteBehavior [ RunTime:0.000014s ]
INFO: [ app_init ] --END-- [ RunTime:0.000484s ]
INFO: [ app_begin ] --START--
INFO: Run Behavior\ReadHtmlCacheBehavior [ RunTime:0.000710s ]
INFO: [ app_begin ] --END-- [ RunTime:0.000770s ]
SQL: SHOW COLUMNS FROM `sm_orders` [ RunTime:0.0128s ]
SQL: SELECT * FROM `sm_orders` WHERE `order_no` = '890620190718144625' LIMIT 1   [ RunTime:0.0534s ]
SQL: SHOW COLUMNS FROM `sm_stall` [ RunTime:0.0105s ]
SQL: SELECT `automatic` FROM `sm_stall` WHERE `stall_id` = '31' LIMIT 1   [ RunTime:0.0003s ]
SQL: UPDATE `sm_orders` SET `trade_no`='4200000350201907187437663720',`payment_time`='1563432393',`order_status`='2' WHERE `order_no` = '890620190718144625' [ RunTime:0.0163s ]
SQL: SHOW COLUMNS FROM `sm_stall_music` [ RunTime:0.0095s ]
SQL: SELECT `music` FROM `sm_stall_music` WHERE `stall_id` = '31' AND `music_type` = 1 LIMIT 1   [ RunTime:0.0003s ]

[ 2019-07-18T14:46:49+08:00 ] 183.3.234.55 /ordera.php
INFO: [ app_init ] --START--
INFO: Run Behavior\BuildLiteBehavior [ RunTime:0.000014s ]
INFO: [ app_init ] --END-- [ RunTime:0.000511s ]
INFO: [ app_begin ] --START--
INFO: Run Behavior\ReadHtmlCacheBehavior [ RunTime:0.000949s ]
INFO: [ app_begin ] --END-- [ RunTime:0.001000s ]
SQL: SHOW COLUMNS FROM `sm_orders` [ RunTime:0.0141s ]
SQL: SELECT * FROM `sm_orders` WHERE `order_no` = '890620190718144625' LIMIT 1   [ RunTime:0.0431s ]
INFO: [ app_end ] --START--
INFO: Run Behavior\ShowPageTraceBehavior [ RunTime:0.001111s ]
INFO: [ app_end ] --END-- [ RunTime:0.001159s ]

[ 2019-07-18T14:54:40+08:00 ] 101.226.103.70 /ordera.php
INFO: [ app_init ] --START--
INFO: Run Behavior\BuildLiteBehavior [ RunTime:0.000013s ]
INFO: [ app_init ] --END-- [ RunTime:0.000539s ]
INFO: [ app_begin ] --START--
INFO: Run Behavior\ReadHtmlCacheBehavior [ RunTime:0.000771s ]
INFO: [ app_begin ] --END-- [ RunTime:0.000822s ]
SQL: SHOW COLUMNS FROM `sm_orders` [ RunTime:0.0139s ]
SQL: SELECT * FROM `sm_orders` WHERE `order_no` = '324120190718145425' LIMIT 1   [ RunTime:0.0492s ]
SQL: SHOW COLUMNS FROM `sm_stall` [ RunTime:0.0108s ]
SQL: SELECT `automatic` FROM `sm_stall` WHERE `stall_id` = '31' LIMIT 1   [ RunTime:0.0003s ]
SQL: UPDATE `sm_orders` SET `trade_no`='4200000339201907189121271711',`payment_time`='1563432880',`order_status`='2' WHERE `order_no` = '324120190718145425' [ RunTime:0.0173s ]
SQL: SHOW COLUMNS FROM `sm_stall_music` [ RunTime:0.0095s ]
SQL: SELECT `music` FROM `sm_stall_music` WHERE `stall_id` = '31' AND `music_type` = 1 LIMIT 1   [ RunTime:0.0003s ]

[ 2019-07-18T14:54:56+08:00 ] 101.226.103.60 /ordera.php
INFO: [ app_init ] --START--
INFO: Run Behavior\BuildLiteBehavior [ RunTime:0.000013s ]
INFO: [ app_init ] --END-- [ RunTime:0.000511s ]
INFO: [ app_begin ] --START--
INFO: Run Behavior\ReadHtmlCacheBehavior [ RunTime:0.000836s ]
INFO: [ app_begin ] --END-- [ RunTime:0.000951s ]
SQL: SHOW COLUMNS FROM `sm_orders` [ RunTime:0.0133s ]
SQL: SELECT * FROM `sm_orders` WHERE `order_no` = '324120190718145425' LIMIT 1   [ RunTime:0.0347s ]
INFO: [ app_end ] --START--
INFO: Run Behavior\ShowPageTraceBehavior [ RunTime:0.001146s ]
INFO: [ app_end ] --END-- [ RunTime:0.001196s ]

[ 2019-07-18T14:55:44+08:00 ] 101.226.103.70 /ordera.php
INFO: [ app_init ] --START--
INFO: Run Behavior\BuildLiteBehavior [ RunTime:0.000013s ]
INFO: [ app_init ] --END-- [ RunTime:0.000534s ]
INFO: [ app_begin ] --START--
INFO: Run Behavior\ReadHtmlCacheBehavior [ RunTime:0.000781s ]
INFO: [ app_begin ] --END-- [ RunTime:0.000831s ]
SQL: SHOW COLUMNS FROM `sm_orders` [ RunTime:0.0136s ]
SQL: SELECT * FROM `sm_orders` WHERE `order_no` = '424820190718145537' LIMIT 1   [ RunTime:0.0501s ]
SQL: SHOW COLUMNS FROM `sm_stall` [ RunTime:0.0123s ]
SQL: SELECT `automatic` FROM `sm_stall` WHERE `stall_id` = '31' LIMIT 1   [ RunTime:0.0003s ]
SQL: UPDATE `sm_orders` SET `trade_no`='4200000343201907185475794351',`payment_time`='1563432944',`order_status`='2' WHERE `order_no` = '424820190718145537' [ RunTime:0.0169s ]
SQL: SHOW COLUMNS FROM `sm_stall_music` [ RunTime:0.0096s ]
SQL: SELECT `music` FROM `sm_stall_music` WHERE `stall_id` = '31' AND `music_type` = 1 LIMIT 1   [ RunTime:0.0003s ]

[ 2019-07-18T14:56:00+08:00 ] 101.226.103.69 /ordera.php
INFO: [ app_init ] --START--
INFO: Run Behavior\BuildLiteBehavior [ RunTime:0.000014s ]
INFO: [ app_init ] --END-- [ RunTime:0.000559s ]
INFO: [ app_begin ] --START--
INFO: Run Behavior\ReadHtmlCacheBehavior [ RunTime:0.000716s ]
INFO: [ app_begin ] --END-- [ RunTime:0.000766s ]
SQL: SHOW COLUMNS FROM `sm_orders` [ RunTime:0.0142s ]
SQL: SELECT * FROM `sm_orders` WHERE `order_no` = '424820190718145537' LIMIT 1   [ RunTime:0.0497s ]
INFO: [ app_end ] --START--
INFO: Run Behavior\ShowPageTraceBehavior [ RunTime:0.000913s ]
INFO: [ app_end ] --END-- [ RunTime:0.000979s ]

[ 2019-07-18T14:57:50+08:00 ] 101.226.103.71 /ordera.php
INFO: [ app_init ] --START--
INFO: Run Behavior\BuildLiteBehavior [ RunTime:0.000013s ]
INFO: [ app_init ] --END-- [ RunTime:0.000451s ]
INFO: [ app_begin ] --START--
INFO: Run Behavior\ReadHtmlCacheBehavior [ RunTime:0.000586s ]
INFO: [ app_begin ] --END-- [ RunTime:0.000636s ]
SQL: SHOW COLUMNS FROM `sm_orders` [ RunTime:0.0129s ]
SQL: SELECT * FROM `sm_orders` WHERE `order_no` = '413320190718145744' LIMIT 1   [ RunTime:0.0496s ]
SQL: SHOW COLUMNS FROM `sm_stall` [ RunTime:0.0108s ]
SQL: SELECT `automatic` FROM `sm_stall` WHERE `stall_id` = '31' LIMIT 1   [ RunTime:0.0003s ]
SQL: UPDATE `sm_orders` SET `trade_no`='4200000341201907182925294928',`payment_time`='1563433070',`order_status`='2' WHERE `order_no` = '413320190718145744' [ RunTime:0.0169s ]
SQL: SHOW COLUMNS FROM `sm_stall_music` [ RunTime:0.0103s ]
SQL: SELECT `music` FROM `sm_stall_music` WHERE `stall_id` = '31' AND `music_type` = 1 LIMIT 1   [ RunTime:0.0003s ]

[ 2019-07-18T14:58:06+08:00 ] 101.226.103.70 /ordera.php
INFO: [ app_init ] --START--
INFO: Run Behavior\BuildLiteBehavior [ RunTime:0.000013s ]
INFO: [ app_init ] --END-- [ RunTime:0.000457s ]
INFO: [ app_begin ] --START--
INFO: Run Behavior\ReadHtmlCacheBehavior [ RunTime:0.000757s ]
INFO: [ app_begin ] --END-- [ RunTime:0.000807s ]
SQL: SHOW COLUMNS FROM `sm_orders` [ RunTime:0.0131s ]
SQL: SELECT * FROM `sm_orders` WHERE `order_no` = '413320190718145744' LIMIT 1   [ RunTime:0.0323s ]
INFO: [ app_end ] --START--
INFO: Run Behavior\ShowPageTraceBehavior [ RunTime:0.000950s ]
INFO: [ app_end ] --END-- [ RunTime:0.000999s ]

[ 2019-07-18T15:00:34+08:00 ] 101.226.103.71 /ordera.php
INFO: [ app_init ] --START--
INFO: Run Behavior\BuildLiteBehavior [ RunTime:0.000015s ]
INFO: [ app_init ] --END-- [ RunTime:0.000539s ]
INFO: [ app_begin ] --START--
INFO: Run Behavior\ReadHtmlCacheBehavior [ RunTime:0.000660s ]
INFO: [ app_begin ] --END-- [ RunTime:0.000720s ]
SQL: SHOW COLUMNS FROM `sm_orders` [ RunTime:0.0158s ]
SQL: SELECT * FROM `sm_orders` WHERE `order_no` = '267720190718150023' LIMIT 1   [ RunTime:0.0688s ]
SQL: SHOW COLUMNS FROM `sm_stall` [ RunTime:0.0121s ]
SQL: SELECT `automatic` FROM `sm_stall` WHERE `stall_id` = '31' LIMIT 1   [ RunTime:0.0004s ]
SQL: UPDATE `sm_orders` SET `trade_no`='4200000347201907180307100608',`payment_time`='1563433234',`order_status`='2' WHERE `order_no` = '267720190718150023' [ RunTime:0.0180s ]
SQL: SHOW COLUMNS FROM `sm_stall_music` [ RunTime:0.0105s ]
SQL: SELECT `music` FROM `sm_stall_music` WHERE `stall_id` = '31' AND `music_type` = 1 LIMIT 1   [ RunTime:0.0003s ]

[ 2019-07-18T15:00:50+08:00 ] 101.226.103.71 /ordera.php
INFO: [ app_init ] --START--
INFO: Run Behavior\BuildLiteBehavior [ RunTime:0.000017s ]
INFO: [ app_init ] --END-- [ RunTime:0.000465s ]
INFO: [ app_begin ] --START--
INFO: Run Behavior\ReadHtmlCacheBehavior [ RunTime:0.000595s ]
INFO: [ app_begin ] --END-- [ RunTime:0.000648s ]
SQL: SHOW COLUMNS FROM `sm_orders` [ RunTime:0.0149s ]
SQL: SELECT * FROM `sm_orders` WHERE `order_no` = '267720190718150023' LIMIT 1   [ RunTime:0.0533s ]
INFO: [ app_end ] --START--
INFO: Run Behavior\ShowPageTraceBehavior [ RunTime:0.001063s ]
INFO: [ app_end ] --END-- [ RunTime:0.001124s ]

[ 2019-07-18T15:05:14+08:00 ] 101.226.103.69 /ordera.php
INFO: [ app_init ] --START--
INFO: Run Behavior\BuildLiteBehavior [ RunTime:0.000012s ]
INFO: [ app_init ] --END-- [ RunTime:0.000523s ]
INFO: [ app_begin ] --START--
INFO: Run Behavior\ReadHtmlCacheBehavior [ RunTime:0.000656s ]
INFO: [ app_begin ] --END-- [ RunTime:0.000708s ]
SQL: SHOW COLUMNS FROM `sm_orders` [ RunTime:0.0145s ]
SQL: SELECT * FROM `sm_orders` WHERE `order_no` = '253820190718150505' LIMIT 1   [ RunTime:0.0337s ]
SQL: SHOW COLUMNS FROM `sm_stall` [ RunTime:0.0119s ]
SQL: SELECT `automatic` FROM `sm_stall` WHERE `stall_id` = '31' LIMIT 1   [ RunTime:0.0003s ]
SQL: UPDATE `sm_orders` SET `trade_no`='4200000341201907184532213362',`payment_time`='1563433514',`order_status`='2' WHERE `order_no` = '253820190718150505' [ RunTime:0.0179s ]
SQL: SHOW COLUMNS FROM `sm_stall_music` [ RunTime:0.0101s ]
SQL: SELECT `music` FROM `sm_stall_music` WHERE `stall_id` = '31' AND `music_type` = 1 LIMIT 1   [ RunTime:0.0003s ]

[ 2019-07-18T15:05:30+08:00 ] 101.226.103.70 /ordera.php
INFO: [ app_init ] --START--
INFO: Run Behavior\BuildLiteBehavior [ RunTime:0.000017s ]
INFO: [ app_init ] --END-- [ RunTime:0.000555s ]
INFO: [ app_begin ] --START--
INFO: Run Behavior\ReadHtmlCacheBehavior [ RunTime:0.000643s ]
INFO: [ app_begin ] --END-- [ RunTime:0.000702s ]
SQL: SHOW COLUMNS FROM `sm_orders` [ RunTime:0.0179s ]
SQL: SELECT * FROM `sm_orders` WHERE `order_no` = '253820190718150505' LIMIT 1   [ RunTime:0.0247s ]
INFO: [ app_end ] --START--
INFO: Run Behavior\ShowPageTraceBehavior [ RunTime:0.000928s ]
INFO: [ app_end ] --END-- [ RunTime:0.000977s ]

[ 2019-07-18T15:06:01+08:00 ] 101.226.103.60 /ordera.php
INFO: [ app_init ] --START--
INFO: Run Behavior\BuildLiteBehavior [ RunTime:0.000014s ]
INFO: [ app_init ] --END-- [ RunTime:0.000459s ]
INFO: [ app_begin ] --START--
INFO: Run Behavior\ReadHtmlCacheBehavior [ RunTime:0.000579s ]
INFO: [ app_begin ] --END-- [ RunTime:0.000630s ]
SQL: SHOW COLUMNS FROM `sm_orders` [ RunTime:0.0135s ]
SQL: SELECT * FROM `sm_orders` WHERE `order_no` = '636620190718150552' LIMIT 1   [ RunTime:0.0489s ]
SQL: SHOW COLUMNS FROM `sm_stall` [ RunTime:0.0102s ]
SQL: SELECT `automatic` FROM `sm_stall` WHERE `stall_id` = '31' LIMIT 1   [ RunTime:0.0003s ]
SQL: UPDATE `sm_orders` SET `trade_no`='4200000351201907187969948598',`payment_time`='1563433561',`order_status`='2' WHERE `order_no` = '636620190718150552' [ RunTime:0.0165s ]
SQL: SHOW COLUMNS FROM `sm_stall_music` [ RunTime:0.0092s ]
SQL: SELECT `music` FROM `sm_stall_music` WHERE `stall_id` = '31' AND `music_type` = 1 LIMIT 1   [ RunTime:0.0003s ]

[ 2019-07-18T15:06:17+08:00 ] 101.226.103.60 /ordera.php
INFO: [ app_init ] --START--
INFO: Run Behavior\BuildLiteBehavior [ RunTime:0.000014s ]
INFO: [ app_init ] --END-- [ RunTime:0.000455s ]
INFO: [ app_begin ] --START--
INFO: Run Behavior\ReadHtmlCacheBehavior [ RunTime:0.000582s ]
INFO: [ app_begin ] --END-- [ RunTime:0.000633s ]
SQL: SHOW COLUMNS FROM `sm_orders` [ RunTime:0.0138s ]
SQL: SELECT * FROM `sm_orders` WHERE `order_no` = '636620190718150552' LIMIT 1   [ RunTime:0.0352s ]
INFO: [ app_end ] --START--
INFO: Run Behavior\ShowPageTraceBehavior [ RunTime:0.000945s ]
INFO: [ app_end ] --END-- [ RunTime:0.000998s ]

[ 2019-07-18T15:17:28+08:00 ] 58.251.80.46 /ordera.php
INFO: [ app_init ] --START--
INFO: Run Behavior\BuildLiteBehavior [ RunTime:0.000014s ]
INFO: [ app_init ] --END-- [ RunTime:0.000522s ]
INFO: [ app_begin ] --START--
INFO: Run Behavior\ReadHtmlCacheBehavior [ RunTime:0.000783s ]
INFO: [ app_begin ] --END-- [ RunTime:0.000835s ]
SQL: SHOW COLUMNS FROM `sm_orders` [ RunTime:0.0140s ]
SQL: SELECT * FROM `sm_orders` WHERE `order_no` = '936620190718151711' LIMIT 1   [ RunTime:0.0409s ]
SQL: SHOW COLUMNS FROM `sm_stall` [ RunTime:0.0105s ]
SQL: SELECT `automatic` FROM `sm_stall` WHERE `stall_id` = '31' LIMIT 1   [ RunTime:0.0003s ]
SQL: UPDATE `sm_orders` SET `trade_no`='4200000350201907189907527550',`payment_time`='1563434247',`order_status`='2' WHERE `order_no` = '936620190718151711' [ RunTime:0.0168s ]
SQL: SHOW COLUMNS FROM `sm_stall_music` [ RunTime:0.0098s ]
SQL: SELECT `music` FROM `sm_stall_music` WHERE `stall_id` = '31' AND `music_type` = 1 LIMIT 1   [ RunTime:0.0003s ]

[ 2019-07-18T15:17:43+08:00 ] 101.226.103.59 /ordera.php
INFO: [ app_init ] --START--
INFO: Run Behavior\BuildLiteBehavior [ RunTime:0.000014s ]
INFO: [ app_init ] --END-- [ RunTime:0.000532s ]
INFO: [ app_begin ] --START--
INFO: Run Behavior\ReadHtmlCacheBehavior [ RunTime:0.000779s ]
INFO: [ app_begin ] --END-- [ RunTime:0.000833s ]
SQL: SHOW COLUMNS FROM `sm_orders` [ RunTime:0.0163s ]
SQL: SELECT * FROM `sm_orders` WHERE `order_no` = '936620190718151711' LIMIT 1   [ RunTime:0.0351s ]
INFO: [ app_end ] --START--
INFO: Run Behavior\ShowPageTraceBehavior [ RunTime:0.001069s ]
INFO: [ app_end ] --END-- [ RunTime:0.001120s ]

[ 2019-07-18T17:28:02+08:00 ] 101.226.103.70 /ordera.php
INFO: [ app_init ] --START--
INFO: Run Behavior\BuildLiteBehavior [ RunTime:0.000014s ]
INFO: [ app_init ] --END-- [ RunTime:0.000596s ]
INFO: [ app_begin ] --START--
INFO: Run Behavior\ReadHtmlCacheBehavior [ RunTime:0.000724s ]
INFO: [ app_begin ] --END-- [ RunTime:0.000777s ]

[ 2019-07-18T17:28:18+08:00 ] 101.226.103.69 /ordera.php
INFO: [ app_init ] --START--
INFO: Run Behavior\BuildLiteBehavior [ RunTime:0.000014s ]
INFO: [ app_init ] --END-- [ RunTime:0.000481s ]
INFO: [ app_begin ] --START--
INFO: Run Behavior\ReadHtmlCacheBehavior [ RunTime:0.000603s ]
INFO: [ app_begin ] --END-- [ RunTime:0.000653s ]

[ 2019-07-18T17:28:34+08:00 ] 101.226.103.69 /ordera.php
INFO: [ app_init ] --START--
INFO: Run Behavior\BuildLiteBehavior [ RunTime:0.000013s ]
INFO: [ app_init ] --END-- [ RunTime:0.000466s ]
INFO: [ app_begin ] --START--
INFO: Run Behavior\ReadHtmlCacheBehavior [ RunTime:0.000612s ]
INFO: [ app_begin ] --END-- [ RunTime:0.000673s ]

[ 2019-07-18T17:29:04+08:00 ] 101.226.103.62 /ordera.php
INFO: [ app_init ] --START--
INFO: Run Behavior\BuildLiteBehavior [ RunTime:0.000013s ]
INFO: [ app_init ] --END-- [ RunTime:0.000502s ]
INFO: [ app_begin ] --START--
INFO: Run Behavior\ReadHtmlCacheBehavior [ RunTime:0.000806s ]
INFO: [ app_begin ] --END-- [ RunTime:0.000855s ]

[ 2019-07-18T17:31:29+08:00 ] 101.226.103.60 /ordera.php
INFO: [ app_init ] --START--
INFO: Run Behavior\BuildLiteBehavior [ RunTime:0.000014s ]
INFO: [ app_init ] --END-- [ RunTime:0.000579s ]
INFO: [ app_begin ] --START--
INFO: Run Behavior\ReadHtmlCacheBehavior [ RunTime:0.000751s ]
INFO: [ app_begin ] --END-- [ RunTime:0.000801s ]
SQL: SHOW COLUMNS FROM `sm_orders` [ RunTime:0.0143s ]
SQL: SELECT * FROM `sm_orders` WHERE `order_no` = '442120190718173117' LIMIT 1   [ RunTime:0.0494s ]
SQL: SHOW COLUMNS FROM `sm_stall` [ RunTime:0.0104s ]
SQL: SELECT `automatic` FROM `sm_stall` WHERE `stall_id` = '31' LIMIT 1   [ RunTime:0.0003s ]
SQL: UPDATE `sm_orders` SET `trade_no`='4200000342201907189975189345',`payment_time`='1563442289',`order_status`='2' WHERE `order_no` = '442120190718173117' [ RunTime:0.0481s ]
SQL: SHOW COLUMNS FROM `sm_stall_music` [ RunTime:0.0106s ]
SQL: SELECT `music` FROM `sm_stall_music` WHERE `stall_id` = '31' AND `music_type` = 1 LIMIT 1   [ RunTime:0.0003s ]

[ 2019-07-18T17:31:45+08:00 ] 101.226.103.71 /ordera.php
INFO: [ app_init ] --START--
INFO: Run Behavior\BuildLiteBehavior [ RunTime:0.000014s ]
INFO: [ app_init ] --END-- [ RunTime:0.000463s ]
INFO: [ app_begin ] --START--
INFO: Run Behavior\ReadHtmlCacheBehavior [ RunTime:0.000725s ]
INFO: [ app_begin ] --END-- [ RunTime:0.000781s ]
SQL: SHOW COLUMNS FROM `sm_orders` [ RunTime:0.0135s ]
SQL: SELECT * FROM `sm_orders` WHERE `order_no` = '442120190718173117' LIMIT 1   [ RunTime:0.0470s ]
INFO: [ app_end ] --START--
INFO: Run Behavior\ShowPageTraceBehavior [ RunTime:0.001052s ]
INFO: [ app_end ] --END-- [ RunTime:0.001105s ]

[ 2019-07-18T17:32:05+08:00 ] 101.226.103.62 /ordera.php
INFO: [ app_init ] --START--
INFO: Run Behavior\BuildLiteBehavior [ RunTime:0.000013s ]
INFO: [ app_init ] --END-- [ RunTime:0.000450s ]
INFO: [ app_begin ] --START--
INFO: Run Behavior\ReadHtmlCacheBehavior [ RunTime:0.000705s ]
INFO: [ app_begin ] --END-- [ RunTime:0.000755s ]
SQL: SHOW COLUMNS FROM `sm_orders` [ RunTime:0.0144s ]
SQL: SELECT * FROM `sm_orders` WHERE `order_no` = '437820190718172749' LIMIT 1   [ RunTime:0.0361s ]
INFO: [ app_end ] --START--
INFO: Run Behavior\ShowPageTraceBehavior [ RunTime:0.000968s ]
INFO: [ app_end ] --END-- [ RunTime:0.001015s ]

[ 2019-07-18T17:35:38+08:00 ] 101.226.103.60 /ordera.php
INFO: [ app_init ] --START--
INFO: Run Behavior\BuildLiteBehavior [ RunTime:0.000014s ]
INFO: [ app_init ] --END-- [ RunTime:0.000463s ]
INFO: [ app_begin ] --START--
INFO: Run Behavior\ReadHtmlCacheBehavior [ RunTime:0.000605s ]
INFO: [ app_begin ] --END-- [ RunTime:0.000656s ]
SQL: SHOW COLUMNS FROM `sm_orders` [ RunTime:0.0138s ]
SQL: SELECT * FROM `sm_orders` WHERE `order_no` = '124020190718173531' LIMIT 1   [ RunTime:0.0465s ]
SQL: SHOW COLUMNS FROM `sm_stall` [ RunTime:0.0105s ]
SQL: SELECT `automatic` FROM `sm_stall` WHERE `stall_id` = '31' LIMIT 1   [ RunTime:0.0003s ]
SQL: UPDATE `sm_orders` SET `trade_no`='4200000341201907187308220501',`payment_time`='1563442538',`order_status`='2' WHERE `order_no` = '124020190718173531' [ RunTime:0.0168s ]
SQL: SHOW COLUMNS FROM `sm_stall_music` [ RunTime:0.0096s ]
SQL: SELECT `music` FROM `sm_stall_music` WHERE `stall_id` = '31' AND `music_type` = 1 LIMIT 1   [ RunTime:0.0003s ]

[ 2019-07-18T17:35:54+08:00 ] 101.226.103.70 /ordera.php
INFO: [ app_init ] --START--
INFO: Run Behavior\BuildLiteBehavior [ RunTime:0.000014s ]
INFO: [ app_init ] --END-- [ RunTime:0.000451s ]
INFO: [ app_begin ] --START--
INFO: Run Behavior\ReadHtmlCacheBehavior [ RunTime:0.000582s ]
INFO: [ app_begin ] --END-- [ RunTime:0.000632s ]
SQL: SHOW COLUMNS FROM `sm_orders` [ RunTime:0.0133s ]
SQL: SELECT * FROM `sm_orders` WHERE `order_no` = '124020190718173531' LIMIT 1   [ RunTime:0.0522s ]
INFO: [ app_end ] --START--
INFO: Run Behavior\ShowPageTraceBehavior [ RunTime:0.001011s ]
INFO: [ app_end ] --END-- [ RunTime:0.001058s ]

[ 2019-07-18T17:36:43+08:00 ] 101.226.103.71 /ordera.php
INFO: [ app_init ] --START--
INFO: Run Behavior\BuildLiteBehavior [ RunTime:0.000014s ]
INFO: [ app_init ] --END-- [ RunTime:0.000496s ]
INFO: [ app_begin ] --START--
INFO: Run Behavior\ReadHtmlCacheBehavior [ RunTime:0.000634s ]
INFO: [ app_begin ] --END-- [ RunTime:0.000683s ]
SQL: SHOW COLUMNS FROM `sm_orders` [ RunTime:0.0137s ]
SQL: SELECT * FROM `sm_orders` WHERE `order_no` = '246120190718173636' LIMIT 1   [ RunTime:0.0551s ]
SQL: SHOW COLUMNS FROM `sm_stall` [ RunTime:0.0114s ]
SQL: SELECT `automatic` FROM `sm_stall` WHERE `stall_id` = '31' LIMIT 1   [ RunTime:0.0003s ]
SQL: UPDATE `sm_orders` SET `trade_no`='4200000358201907180423917990',`payment_time`='1563442603',`order_status`='2' WHERE `order_no` = '246120190718173636' [ RunTime:0.0170s ]
SQL: SHOW COLUMNS FROM `sm_stall_music` [ RunTime:0.0100s ]
SQL: SELECT `music` FROM `sm_stall_music` WHERE `stall_id` = '31' AND `music_type` = 1 LIMIT 1   [ RunTime:0.0003s ]

[ 2019-07-18T17:36:59+08:00 ] 101.226.103.69 /ordera.php
INFO: [ app_init ] --START--
INFO: Run Behavior\BuildLiteBehavior [ RunTime:0.000014s ]
INFO: [ app_init ] --END-- [ RunTime:0.000512s ]
INFO: [ app_begin ] --START--
INFO: Run Behavior\ReadHtmlCacheBehavior [ RunTime:0.000776s ]
INFO: [ app_begin ] --END-- [ RunTime:0.000826s ]
SQL: SHOW COLUMNS FROM `sm_orders` [ RunTime:0.0139s ]
SQL: SELECT * FROM `sm_orders` WHERE `order_no` = '246120190718173636' LIMIT 1   [ RunTime:0.0327s ]
INFO: [ app_end ] --START--
INFO: Run Behavior\ShowPageTraceBehavior [ RunTime:0.000959s ]
INFO: [ app_end ] --END-- [ RunTime:0.001017s ]

[ 2019-07-18T17:39:36+08:00 ] 101.226.103.62 /ordera.php
INFO: [ app_init ] --START--
INFO: Run Behavior\BuildLiteBehavior [ RunTime:0.000013s ]
INFO: [ app_init ] --END-- [ RunTime:0.000466s ]
INFO: [ app_begin ] --START--
INFO: Run Behavior\ReadHtmlCacheBehavior [ RunTime:0.000709s ]
INFO: [ app_begin ] --END-- [ RunTime:0.000815s ]
SQL: SHOW COLUMNS FROM `sm_orders` [ RunTime:0.0135s ]
SQL: SELECT * FROM `sm_orders` WHERE `order_no` = '419620190718173921' LIMIT 1   [ RunTime:0.0515s ]
SQL: SHOW COLUMNS FROM `sm_stall` [ RunTime:0.0107s ]
SQL: SELECT `automatic` FROM `sm_stall` WHERE `stall_id` = '31' LIMIT 1   [ RunTime:0.0003s ]
SQL: UPDATE `sm_orders` SET `trade_no`='4200000348201907180243597410',`payment_time`='1563442776',`order_status`='2' WHERE `order_no` = '419620190718173921' [ RunTime:0.0177s ]
SQL: SHOW COLUMNS FROM `sm_stall_music` [ RunTime:0.0102s ]
SQL: SELECT `music` FROM `sm_stall_music` WHERE `stall_id` = '31' AND `music_type` = 1 LIMIT 1   [ RunTime:0.0003s ]

[ 2019-07-18T17:39:52+08:00 ] 101.226.103.62 /ordera.php
INFO: [ app_init ] --START--
INFO: Run Behavior\BuildLiteBehavior [ RunTime:0.000013s ]
INFO: [ app_init ] --END-- [ RunTime:0.000494s ]
INFO: [ app_begin ] --START--
INFO: Run Behavior\ReadHtmlCacheBehavior [ RunTime:0.000713s ]
INFO: [ app_begin ] --END-- [ RunTime:0.000770s ]
SQL: SHOW COLUMNS FROM `sm_orders` [ RunTime:0.0138s ]
SQL: SELECT * FROM `sm_orders` WHERE `order_no` = '419620190718173921' LIMIT 1   [ RunTime:0.0180s ]
INFO: [ app_end ] --START--
INFO: Run Behavior\ShowPageTraceBehavior [ RunTime:0.000980s ]
INFO: [ app_end ] --END-- [ RunTime:0.001025s ]

[ 2019-07-18T23:18:41+08:00 ] 101.226.103.60 /ordera.php
INFO: [ app_init ] --START--
INFO: Run Behavior\BuildLiteBehavior [ RunTime:0.000013s ]
INFO: [ app_init ] --END-- [ RunTime:0.000510s ]
INFO: [ app_begin ] --START--
INFO: Run Behavior\ReadHtmlCacheBehavior [ RunTime:0.000769s ]
INFO: [ app_begin ] --END-- [ RunTime:0.000817s ]
SQL: SHOW COLUMNS FROM `sm_orders` [ RunTime:0.0134s ]
SQL: SELECT * FROM `sm_orders` WHERE `order_no` = '968320190718231820' LIMIT 1   [ RunTime:0.0503s ]
SQL: SHOW COLUMNS FROM `sm_stall` [ RunTime:0.0102s ]
SQL: SELECT `automatic` FROM `sm_stall` WHERE `stall_id` = '31' LIMIT 1   [ RunTime:0.0003s ]
SQL: UPDATE `sm_orders` SET `trade_no`='4200000351201907184646463849',`payment_time`='1563463121',`order_status`='2' WHERE `order_no` = '968320190718231820' [ RunTime:0.0183s ]
SQL: SHOW COLUMNS FROM `sm_stall_music` [ RunTime:0.0099s ]
SQL: SELECT `music` FROM `sm_stall_music` WHERE `stall_id` = '31' AND `music_type` = 1 LIMIT 1   [ RunTime:0.0003s ]

[ 2019-07-18T23:18:57+08:00 ] 101.226.103.69 /ordera.php
INFO: [ app_init ] --START--
INFO: Run Behavior\BuildLiteBehavior [ RunTime:0.000014s ]
INFO: [ app_init ] --END-- [ RunTime:0.000582s ]
INFO: [ app_begin ] --START--
INFO: Run Behavior\ReadHtmlCacheBehavior [ RunTime:0.000712s ]
INFO: [ app_begin ] --END-- [ RunTime:0.000766s ]
SQL: SHOW COLUMNS FROM `sm_orders` [ RunTime:0.0139s ]
SQL: SELECT * FROM `sm_orders` WHERE `order_no` = '968320190718231820' LIMIT 1   [ RunTime:0.0489s ]
INFO: [ app_end ] --START--
INFO: Run Behavior\ShowPageTraceBehavior [ RunTime:0.000993s ]
INFO: [ app_end ] --END-- [ RunTime:0.001060s ]

[ 2019-07-18T23:19:56+08:00 ] 101.226.103.60 /ordera.php
INFO: [ app_init ] --START--
INFO: Run Behavior\BuildLiteBehavior [ RunTime:0.000013s ]
INFO: [ app_init ] --END-- [ RunTime:0.000452s ]
INFO: [ app_begin ] --START--
INFO: Run Behavior\ReadHtmlCacheBehavior [ RunTime:0.000580s ]
INFO: [ app_begin ] --END-- [ RunTime:0.000630s ]
SQL: SHOW COLUMNS FROM `sm_orders` [ RunTime:0.0157s ]
SQL: SELECT * FROM `sm_orders` WHERE `order_no` = '593620190718231944' LIMIT 1   [ RunTime:0.0607s ]
SQL: SHOW COLUMNS FROM `sm_stall` [ RunTime:0.0107s ]
SQL: SELECT `automatic` FROM `sm_stall` WHERE `stall_id` = '31' LIMIT 1   [ RunTime:0.0003s ]
SQL: UPDATE `sm_orders` SET `trade_no`='4200000345201907182021574772',`payment_time`='1563463196',`order_status`='2' WHERE `order_no` = '593620190718231944' [ RunTime:0.0167s ]
SQL: SHOW COLUMNS FROM `sm_stall_music` [ RunTime:0.0117s ]
SQL: SELECT `music` FROM `sm_stall_music` WHERE `stall_id` = '31' AND `music_type` = 1 LIMIT 1   [ RunTime:0.0003s ]

[ 2019-07-18T23:20:11+08:00 ] 101.226.103.71 /ordera.php
INFO: [ app_init ] --START--
INFO: Run Behavior\BuildLiteBehavior [ RunTime:0.000014s ]
INFO: [ app_init ] --END-- [ RunTime:0.000477s ]
INFO: [ app_begin ] --START--
INFO: Run Behavior\ReadHtmlCacheBehavior [ RunTime:0.000599s ]
INFO: [ app_begin ] --END-- [ RunTime:0.000650s ]
SQL: SHOW COLUMNS FROM `sm_orders` [ RunTime:0.0132s ]
SQL: SELECT * FROM `sm_orders` WHERE `order_no` = '593620190718231944' LIMIT 1   [ RunTime:0.0213s ]
INFO: [ app_end ] --START--
INFO: Run Behavior\ShowPageTraceBehavior [ RunTime:0.000733s ]
INFO: [ app_end ] --END-- [ RunTime:0.000778s ]

[ 2019-07-18T23:21:52+08:00 ] 101.226.103.69 /ordera.php
INFO: [ app_init ] --START--
INFO: Run Behavior\BuildLiteBehavior [ RunTime:0.000014s ]
INFO: [ app_init ] --END-- [ RunTime:0.000445s ]
INFO: [ app_begin ] --START--
INFO: Run Behavior\ReadHtmlCacheBehavior [ RunTime:0.000619s ]
INFO: [ app_begin ] --END-- [ RunTime:0.000670s ]
SQL: SHOW COLUMNS FROM `sm_orders` [ RunTime:0.0130s ]
SQL: SELECT * FROM `sm_orders` WHERE `order_no` = '762520190718232145' LIMIT 1   [ RunTime:0.0534s ]
SQL: SHOW COLUMNS FROM `sm_stall` [ RunTime:0.0105s ]
SQL: SELECT `automatic` FROM `sm_stall` WHERE `stall_id` = '31' LIMIT 1   [ RunTime:0.0003s ]
SQL: UPDATE `sm_orders` SET `trade_no`='4200000350201907183291108458',`payment_time`='1563463312',`order_status`='2' WHERE `order_no` = '762520190718232145' [ RunTime:0.0169s ]
SQL: SHOW COLUMNS FROM `sm_stall_music` [ RunTime:0.0099s ]
SQL: SELECT `music` FROM `sm_stall_music` WHERE `stall_id` = '31' AND `music_type` = 1 LIMIT 1   [ RunTime:0.0003s ]

[ 2019-07-18T23:22:07+08:00 ] 101.226.103.71 /ordera.php
INFO: [ app_init ] --START--
INFO: Run Behavior\BuildLiteBehavior [ RunTime:0.000014s ]
INFO: [ app_init ] --END-- [ RunTime:0.000521s ]
INFO: [ app_begin ] --START--
INFO: Run Behavior\ReadHtmlCacheBehavior [ RunTime:0.000591s ]
INFO: [ app_begin ] --END-- [ RunTime:0.000645s ]
SQL: SHOW COLUMNS FROM `sm_orders` [ RunTime:0.0133s ]
SQL: SELECT * FROM `sm_orders` WHERE `order_no` = '762520190718232145' LIMIT 1   [ RunTime:0.0329s ]
INFO: [ app_end ] --START--
INFO: Run Behavior\ShowPageTraceBehavior [ RunTime:0.000796s ]
INFO: [ app_end ] --END-- [ RunTime:0.000843s ]

[ 2019-07-18T23:27:48+08:00 ] 101.226.103.69 /ordera.php
INFO: [ app_init ] --START--
INFO: Run Behavior\BuildLiteBehavior [ RunTime:0.000013s ]
INFO: [ app_init ] --END-- [ RunTime:0.000512s ]
INFO: [ app_begin ] --START--
INFO: Run Behavior\ReadHtmlCacheBehavior [ RunTime:0.000801s ]
INFO: [ app_begin ] --END-- [ RunTime:0.000853s ]
SQL: SHOW COLUMNS FROM `sm_orders` [ RunTime:0.0138s ]
SQL: SELECT * FROM `sm_orders` WHERE `order_no` = '386420190718232741' LIMIT 1   [ RunTime:0.0575s ]
SQL: SHOW COLUMNS FROM `sm_stall` [ RunTime:0.0145s ]
SQL: SELECT `automatic` FROM `sm_stall` WHERE `stall_id` = '31' LIMIT 1   [ RunTime:0.0003s ]
SQL: UPDATE `sm_orders` SET `trade_no`='4200000347201907185592611167',`payment_time`='1563463668',`order_status`='2' WHERE `order_no` = '386420190718232741' [ RunTime:0.0169s ]
SQL: SHOW COLUMNS FROM `sm_stall_music` [ RunTime:0.0098s ]
SQL: SELECT `music` FROM `sm_stall_music` WHERE `stall_id` = '31' AND `music_type` = 1 LIMIT 1   [ RunTime:0.0004s ]

[ 2019-07-18T23:28:03+08:00 ] 101.226.103.71 /ordera.php
INFO: [ app_init ] --START--
INFO: Run Behavior\BuildLiteBehavior [ RunTime:0.000015s ]
INFO: [ app_init ] --END-- [ RunTime:0.000504s ]
INFO: [ app_begin ] --START--
INFO: Run Behavior\ReadHtmlCacheBehavior [ RunTime:0.000592s ]
INFO: [ app_begin ] --END-- [ RunTime:0.000645s ]
SQL: SHOW COLUMNS FROM `sm_orders` [ RunTime:0.0138s ]
SQL: SELECT * FROM `sm_orders` WHERE `order_no` = '386420190718232741' LIMIT 1   [ RunTime:0.0518s ]
INFO: [ app_end ] --START--
INFO: Run Behavior\ShowPageTraceBehavior [ RunTime:0.001108s ]
INFO: [ app_end ] --END-- [ RunTime:0.001159s ]

[ 2019-07-18T23:32:31+08:00 ] 101.226.103.60 /ordera.php
INFO: [ app_init ] --START--
INFO: Run Behavior\BuildLiteBehavior [ RunTime:0.000014s ]
INFO: [ app_init ] --END-- [ RunTime:0.000477s ]
INFO: [ app_begin ] --START--
INFO: Run Behavior\ReadHtmlCacheBehavior [ RunTime:0.000583s ]
INFO: [ app_begin ] --END-- [ RunTime:0.000635s ]
SQL: SHOW COLUMNS FROM `sm_orders` [ RunTime:0.0146s ]
SQL: SELECT * FROM `sm_orders` WHERE `order_no` = '124920190718233224' LIMIT 1   [ RunTime:0.0604s ]
SQL: SHOW COLUMNS FROM `sm_stall` [ RunTime:0.0115s ]
SQL: SELECT `automatic` FROM `sm_stall` WHERE `stall_id` = '31' LIMIT 1   [ RunTime:0.0003s ]
SQL: UPDATE `sm_orders` SET `trade_no`='4200000356201907182931819171',`payment_time`='1563463951',`order_status`='2' WHERE `order_no` = '124920190718233224' [ RunTime:0.0179s ]
SQL: SHOW COLUMNS FROM `sm_stall_music` [ RunTime:0.0099s ]
SQL: SELECT `music` FROM `sm_stall_music` WHERE `stall_id` = '31' AND `music_type` = 1 LIMIT 1   [ RunTime:0.0003s ]

[ 2019-07-18T23:32:47+08:00 ] 101.226.103.71 /ordera.php
INFO: [ app_init ] --START--
INFO: Run Behavior\BuildLiteBehavior [ RunTime:0.000013s ]
INFO: [ app_init ] --END-- [ RunTime:0.000447s ]
INFO: [ app_begin ] --START--
INFO: Run Behavior\ReadHtmlCacheBehavior [ RunTime:0.000735s ]
INFO: [ app_begin ] --END-- [ RunTime:0.000786s ]
SQL: SHOW COLUMNS FROM `sm_orders` [ RunTime:0.0138s ]
SQL: SELECT * FROM `sm_orders` WHERE `order_no` = '124920190718233224' LIMIT 1   [ RunTime:0.0313s ]
INFO: [ app_end ] --START--
INFO: Run Behavior\ShowPageTraceBehavior [ RunTime:0.001028s ]
INFO: [ app_end ] --END-- [ RunTime:0.001076s ]

[ 2019-07-18T23:33:28+08:00 ] 101.226.103.60 /ordera.php
INFO: [ app_init ] --START--
INFO: Run Behavior\BuildLiteBehavior [ RunTime:0.000013s ]
INFO: [ app_init ] --END-- [ RunTime:0.000477s ]
INFO: [ app_begin ] --START--
INFO: Run Behavior\ReadHtmlCacheBehavior [ RunTime:0.000716s ]
INFO: [ app_begin ] --END-- [ RunTime:0.000768s ]
SQL: SHOW COLUMNS FROM `sm_orders` [ RunTime:0.0128s ]
SQL: SELECT * FROM `sm_orders` WHERE `order_no` = '697820190718233317' LIMIT 1   [ RunTime:0.0365s ]
SQL: SHOW COLUMNS FROM `sm_stall` [ RunTime:0.0100s ]
SQL: SELECT `automatic` FROM `sm_stall` WHERE `stall_id` = '31' LIMIT 1   [ RunTime:0.0003s ]
SQL: UPDATE `sm_orders` SET `trade_no`='4200000341201907187071838618',`payment_time`='1563464008',`order_status`='2' WHERE `order_no` = '697820190718233317' [ RunTime:0.0175s ]
SQL: SHOW COLUMNS FROM `sm_stall_music` [ RunTime:0.0092s ]
SQL: SELECT `music` FROM `sm_stall_music` WHERE `stall_id` = '31' AND `music_type` = 1 LIMIT 1   [ RunTime:0.0003s ]

[ 2019-07-18T23:33:44+08:00 ] 101.226.103.71 /ordera.php
INFO: [ app_init ] --START--
INFO: Run Behavior\BuildLiteBehavior [ RunTime:0.000014s ]
INFO: [ app_init ] --END-- [ RunTime:0.000452s ]
INFO: [ app_begin ] --START--
INFO: Run Behavior\ReadHtmlCacheBehavior [ RunTime:0.000600s ]
INFO: [ app_begin ] --END-- [ RunTime:0.000650s ]
SQL: SHOW COLUMNS FROM `sm_orders` [ RunTime:0.0128s ]
SQL: SELECT * FROM `sm_orders` WHERE `order_no` = '697820190718233317' LIMIT 1   [ RunTime:0.0252s ]
INFO: [ app_end ] --START--
INFO: Run Behavior\ShowPageTraceBehavior [ RunTime:0.000711s ]
INFO: [ app_end ] --END-- [ RunTime:0.000758s ]

[ 2019-07-18T23:35:08+08:00 ] 140.207.54.76 /ordera.php
INFO: [ app_init ] --START--
INFO: Run Behavior\BuildLiteBehavior [ RunTime:0.000013s ]
INFO: [ app_init ] --END-- [ RunTime:0.000458s ]
INFO: [ app_begin ] --START--
INFO: Run Behavior\ReadHtmlCacheBehavior [ RunTime:0.000705s ]
INFO: [ app_begin ] --END-- [ RunTime:0.000754s ]
SQL: SHOW COLUMNS FROM `sm_orders` [ RunTime:0.0127s ]
SQL: SELECT * FROM `sm_orders` WHERE `order_no` = '245220190718233501' LIMIT 1   [ RunTime:0.0610s ]
SQL: SHOW COLUMNS FROM `sm_stall` [ RunTime:0.0109s ]
SQL: SELECT `automatic` FROM `sm_stall` WHERE `stall_id` = '31' LIMIT 1   [ RunTime:0.0003s ]
SQL: UPDATE `sm_orders` SET `trade_no`='4200000350201907187588297805',`payment_time`='1563464107',`order_status`='2' WHERE `order_no` = '245220190718233501' [ RunTime:0.0169s ]
SQL: SHOW COLUMNS FROM `sm_stall_music` [ RunTime:0.0135s ]
SQL: SELECT `music` FROM `sm_stall_music` WHERE `stall_id` = '31' AND `music_type` = 1 LIMIT 1   [ RunTime:0.0003s ]

[ 2019-07-18T23:35:23+08:00 ] 101.226.103.71 /ordera.php
INFO: [ app_init ] --START--
INFO: Run Behavior\BuildLiteBehavior [ RunTime:0.000013s ]
INFO: [ app_init ] --END-- [ RunTime:0.000505s ]
INFO: [ app_begin ] --START--
INFO: Run Behavior\ReadHtmlCacheBehavior [ RunTime:0.000841s ]
INFO: [ app_begin ] --END-- [ RunTime:0.000895s ]
SQL: SHOW COLUMNS FROM `sm_orders` [ RunTime:0.0082s ]
SQL: SELECT * FROM `sm_orders` WHERE `order_no` = '245220190718233501' LIMIT 1   [ RunTime:0.0299s ]
INFO: [ app_end ] --START--
INFO: Run Behavior\ShowPageTraceBehavior [ RunTime:0.001058s ]
INFO: [ app_end ] --END-- [ RunTime:0.001117s ]

[ 2019-07-18T23:36:40+08:00 ] 101.226.103.60 /ordera.php
INFO: [ app_init ] --START--
INFO: Run Behavior\BuildLiteBehavior [ RunTime:0.000013s ]
INFO: [ app_init ] --END-- [ RunTime:0.000476s ]
INFO: [ app_begin ] --START--
INFO: Run Behavior\ReadHtmlCacheBehavior [ RunTime:0.000800s ]
INFO: [ app_begin ] --END-- [ RunTime:0.000850s ]
SQL: SHOW COLUMNS FROM `sm_orders` [ RunTime:0.0139s ]
SQL: SELECT * FROM `sm_orders` WHERE `order_no` = '505720190718233633' LIMIT 1   [ RunTime:0.0532s ]
SQL: SHOW COLUMNS FROM `sm_stall` [ RunTime:0.0113s ]
SQL: SELECT `automatic` FROM `sm_stall` WHERE `stall_id` = '31' LIMIT 1   [ RunTime:0.0003s ]
SQL: UPDATE `sm_orders` SET `trade_no`='4200000350201907185764250514',`payment_time`='1563464200',`order_status`='2' WHERE `order_no` = '505720190718233633' [ RunTime:0.0175s ]
SQL: SHOW COLUMNS FROM `sm_stall_music` [ RunTime:0.0102s ]
SQL: SELECT `music` FROM `sm_stall_music` WHERE `stall_id` = '31' AND `music_type` = 1 LIMIT 1   [ RunTime:0.0003s ]

[ 2019-07-18T23:36:55+08:00 ] 101.226.103.60 /ordera.php
INFO: [ app_init ] --START--
INFO: Run Behavior\BuildLiteBehavior [ RunTime:0.000013s ]
INFO: [ app_init ] --END-- [ RunTime:0.000459s ]
INFO: [ app_begin ] --START--
INFO: Run Behavior\ReadHtmlCacheBehavior [ RunTime:0.000716s ]
INFO: [ app_begin ] --END-- [ RunTime:0.000780s ]
SQL: SHOW COLUMNS FROM `sm_orders` [ RunTime:0.0126s ]
SQL: SELECT * FROM `sm_orders` WHERE `order_no` = '505720190718233633' LIMIT 1   [ RunTime:0.0551s ]
INFO: [ app_end ] --START--
INFO: Run Behavior\ShowPageTraceBehavior [ RunTime:0.000980s ]
INFO: [ app_end ] --END-- [ RunTime:0.001033s ]

[ 2019-07-18T23:36:59+08:00 ] 101.226.103.71 /ordera.php
INFO: [ app_init ] --START--
INFO: Run Behavior\BuildLiteBehavior [ RunTime:0.000014s ]
INFO: [ app_init ] --END-- [ RunTime:0.000554s ]
INFO: [ app_begin ] --START--
INFO: Run Behavior\ReadHtmlCacheBehavior [ RunTime:0.000802s ]
INFO: [ app_begin ] --END-- [ RunTime:0.000856s ]
SQL: SHOW COLUMNS FROM `sm_orders` [ RunTime:0.0133s ]
SQL: SELECT * FROM `sm_orders` WHERE `order_no` = '942620190718233653' LIMIT 1   [ RunTime:0.0435s ]
SQL: SHOW COLUMNS FROM `sm_stall` [ RunTime:0.0102s ]
SQL: SELECT `automatic` FROM `sm_stall` WHERE `stall_id` = '31' LIMIT 1   [ RunTime:0.0003s ]
SQL: UPDATE `sm_orders` SET `trade_no`='4200000349201907181286585956',`payment_time`='1563464219',`order_status`='2' WHERE `order_no` = '942620190718233653' [ RunTime:0.0173s ]
SQL: SHOW COLUMNS FROM `sm_stall_music` [ RunTime:0.0097s ]
SQL: SELECT `music` FROM `sm_stall_music` WHERE `stall_id` = '31' AND `music_type` = 1 LIMIT 1   [ RunTime:0.0003s ]

[ 2019-07-18T23:37:15+08:00 ] 101.226.103.69 /ordera.php
INFO: [ app_init ] --START--
INFO: Run Behavior\BuildLiteBehavior [ RunTime:0.000013s ]
INFO: [ app_init ] --END-- [ RunTime:0.000496s ]
INFO: [ app_begin ] --START--
INFO: Run Behavior\ReadHtmlCacheBehavior [ RunTime:0.000788s ]
INFO: [ app_begin ] --END-- [ RunTime:0.000840s ]
SQL: SHOW COLUMNS FROM `sm_orders` [ RunTime:0.0125s ]
SQL: SELECT * FROM `sm_orders` WHERE `order_no` = '942620190718233653' LIMIT 1   [ RunTime:0.0173s ]
INFO: [ app_end ] --START--
INFO: Run Behavior\ShowPageTraceBehavior [ RunTime:0.000830s ]
INFO: [ app_end ] --END-- [ RunTime:0.000884s ]

[ 2019-07-18T23:37:25+08:00 ] 101.226.103.71 /ordera.php
INFO: [ app_init ] --START--
INFO: Run Behavior\BuildLiteBehavior [ RunTime:0.000013s ]
INFO: [ app_init ] --END-- [ RunTime:0.000463s ]
INFO: [ app_begin ] --START--
INFO: Run Behavior\ReadHtmlCacheBehavior [ RunTime:0.000641s ]
INFO: [ app_begin ] --END-- [ RunTime:0.000695s ]
SQL: SHOW COLUMNS FROM `sm_orders` [ RunTime:0.0136s ]
SQL: SELECT * FROM `sm_orders` WHERE `order_no` = '351620190718233714' LIMIT 1   [ RunTime:0.0456s ]
SQL: SHOW COLUMNS FROM `sm_stall` [ RunTime:0.0113s ]
SQL: SELECT `automatic` FROM `sm_stall` WHERE `stall_id` = '31' LIMIT 1   [ RunTime:0.0003s ]
SQL: UPDATE `sm_orders` SET `trade_no`='4200000357201907180696251798',`payment_time`='1563464245',`order_status`='2' WHERE `order_no` = '351620190718233714' [ RunTime:0.0180s ]
SQL: SHOW COLUMNS FROM `sm_stall_music` [ RunTime:0.0092s ]
SQL: SELECT `music` FROM `sm_stall_music` WHERE `stall_id` = '31' AND `music_type` = 1 LIMIT 1   [ RunTime:0.0003s ]

[ 2019-07-18T23:37:41+08:00 ] 101.226.103.71 /ordera.php
INFO: [ app_init ] --START--
INFO: Run Behavior\BuildLiteBehavior [ RunTime:0.000013s ]
INFO: [ app_init ] --END-- [ RunTime:0.000455s ]
INFO: [ app_begin ] --START--
INFO: Run Behavior\ReadHtmlCacheBehavior [ RunTime:0.000694s ]
INFO: [ app_begin ] --END-- [ RunTime:0.000743s ]
SQL: SHOW COLUMNS FROM `sm_orders` [ RunTime:0.0135s ]
SQL: SELECT * FROM `sm_orders` WHERE `order_no` = '351620190718233714' LIMIT 1   [ RunTime:0.0544s ]
INFO: [ app_end ] --START--
INFO: Run Behavior\ShowPageTraceBehavior [ RunTime:0.001124s ]
INFO: [ app_end ] --END-- [ RunTime:0.001177s ]

[ 2019-07-18T23:38:12+08:00 ] 101.226.103.71 /ordera.php
INFO: [ app_init ] --START--
INFO: Run Behavior\BuildLiteBehavior [ RunTime:0.000014s ]
INFO: [ app_init ] --END-- [ RunTime:0.000471s ]
INFO: [ app_begin ] --START--
INFO: Run Behavior\ReadHtmlCacheBehavior [ RunTime:0.000576s ]
INFO: [ app_begin ] --END-- [ RunTime:0.000626s ]
SQL: SHOW COLUMNS FROM `sm_orders` [ RunTime:0.0139s ]
SQL: SELECT * FROM `sm_orders` WHERE `order_no` = '388020190718233803' LIMIT 1   [ RunTime:0.0512s ]
SQL: SHOW COLUMNS FROM `sm_stall` [ RunTime:0.0107s ]
SQL: SELECT `automatic` FROM `sm_stall` WHERE `stall_id` = '31' LIMIT 1   [ RunTime:0.0003s ]
SQL: UPDATE `sm_orders` SET `trade_no`='4200000347201907189163327915',`payment_time`='1563464292',`order_status`='2' WHERE `order_no` = '388020190718233803' [ RunTime:0.0168s ]
SQL: SHOW COLUMNS FROM `sm_stall_music` [ RunTime:0.0095s ]
SQL: SELECT `music` FROM `sm_stall_music` WHERE `stall_id` = '31' AND `music_type` = 1 LIMIT 1   [ RunTime:0.0003s ]

[ 2019-07-18T23:38:27+08:00 ] 101.226.103.71 /ordera.php
INFO: [ app_init ] --START--
INFO: Run Behavior\BuildLiteBehavior [ RunTime:0.000013s ]
INFO: [ app_init ] --END-- [ RunTime:0.000477s ]
INFO: [ app_begin ] --START--
INFO: Run Behavior\ReadHtmlCacheBehavior [ RunTime:0.000593s ]
INFO: [ app_begin ] --END-- [ RunTime:0.000652s ]
SQL: SHOW COLUMNS FROM `sm_orders` [ RunTime:0.0139s ]
SQL: SELECT * FROM `sm_orders` WHERE `order_no` = '388020190718233803' LIMIT 1   [ RunTime:0.0334s ]
INFO: [ app_end ] --START--
INFO: Run Behavior\ShowPageTraceBehavior [ RunTime:0.001153s ]
INFO: [ app_end ] --END-- [ RunTime:0.001206s ]

[ 2019-07-18T23:42:15+08:00 ] 101.226.103.71 /ordera.php
INFO: [ app_init ] --START--
INFO: Run Behavior\BuildLiteBehavior [ RunTime:0.000013s ]
INFO: [ app_init ] --END-- [ RunTime:0.000457s ]
INFO: [ app_begin ] --START--
INFO: Run Behavior\ReadHtmlCacheBehavior [ RunTime:0.000592s ]
INFO: [ app_begin ] --END-- [ RunTime:0.000642s ]
SQL: SHOW COLUMNS FROM `sm_orders` [ RunTime:0.0133s ]
SQL: SELECT * FROM `sm_orders` WHERE `order_no` = '200120190718234052' LIMIT 1   [ RunTime:0.0173s ]
SQL: SHOW COLUMNS FROM `sm_stall` [ RunTime:0.0092s ]
SQL: SELECT `automatic` FROM `sm_stall` WHERE `stall_id` = '31' LIMIT 1   [ RunTime:0.0003s ]
SQL: UPDATE `sm_orders` SET `trade_no`='4200000344201907186404133022',`payment_time`='1563464535',`order_status`='2' WHERE `order_no` = '200120190718234052' [ RunTime:0.0181s ]
SQL: SHOW COLUMNS FROM `sm_stall_music` [ RunTime:0.0104s ]
SQL: SELECT `music` FROM `sm_stall_music` WHERE `stall_id` = '31' AND `music_type` = 1 LIMIT 1   [ RunTime:0.0003s ]

[ 2019-07-18T23:42:30+08:00 ] 101.226.103.71 /ordera.php
INFO: [ app_init ] --START--
INFO: Run Behavior\BuildLiteBehavior [ RunTime:0.000013s ]
INFO: [ app_init ] --END-- [ RunTime:0.000452s ]
INFO: [ app_begin ] --START--
INFO: Run Behavior\ReadHtmlCacheBehavior [ RunTime:0.000583s ]
INFO: [ app_begin ] --END-- [ RunTime:0.000635s ]
SQL: SHOW COLUMNS FROM `sm_orders` [ RunTime:0.0148s ]
SQL: SELECT * FROM `sm_orders` WHERE `order_no` = '200120190718234052' LIMIT 1   [ RunTime:0.0379s ]
INFO: [ app_end ] --START--
INFO: Run Behavior\ShowPageTraceBehavior [ RunTime:0.000764s ]
INFO: [ app_end ] --END-- [ RunTime:0.000827s ]

[ 2019-07-18T23:43:29+08:00 ] 101.226.103.70 /ordera.php
INFO: [ app_init ] --START--
INFO: Run Behavior\BuildLiteBehavior [ RunTime:0.000014s ]
INFO: [ app_init ] --END-- [ RunTime:0.000523s ]
INFO: [ app_begin ] --START--
INFO: Run Behavior\ReadHtmlCacheBehavior [ RunTime:0.000710s ]
INFO: [ app_begin ] --END-- [ RunTime:0.000759s ]
SQL: SHOW COLUMNS FROM `sm_orders` [ RunTime:0.0138s ]
SQL: SELECT * FROM `sm_orders` WHERE `order_no` = '776020190718234252' LIMIT 1   [ RunTime:0.0238s ]
SQL: SHOW COLUMNS FROM `sm_stall` [ RunTime:0.0104s ]
SQL: SELECT `automatic` FROM `sm_stall` WHERE `stall_id` = '31' LIMIT 1   [ RunTime:0.0003s ]
SQL: UPDATE `sm_orders` SET `trade_no`='4200000349201907186804717539',`payment_time`='1563464609',`order_status`='2' WHERE `order_no` = '776020190718234252' [ RunTime:0.0175s ]
SQL: SHOW COLUMNS FROM `sm_stall_music` [ RunTime:0.0096s ]
SQL: SELECT `music` FROM `sm_stall_music` WHERE `stall_id` = '31' AND `music_type` = 1 LIMIT 1   [ RunTime:0.0003s ]

[ 2019-07-18T23:43:45+08:00 ] 101.226.103.61 /ordera.php
INFO: [ app_init ] --START--
INFO: Run Behavior\BuildLiteBehavior [ RunTime:0.000014s ]
INFO: [ app_init ] --END-- [ RunTime:0.000465s ]
INFO: [ app_begin ] --START--
INFO: Run Behavior\ReadHtmlCacheBehavior [ RunTime:0.000717s ]
INFO: [ app_begin ] --END-- [ RunTime:0.000767s ]
SQL: SHOW COLUMNS FROM `sm_orders` [ RunTime:0.0168s ]
SQL: SELECT * FROM `sm_orders` WHERE `order_no` = '776020190718234252' LIMIT 1   [ RunTime:0.0339s ]
INFO: [ app_end ] --START--
INFO: Run Behavior\ShowPageTraceBehavior [ RunTime:0.001038s ]
INFO: [ app_end ] --END-- [ RunTime:0.001092s ]

[ 2019-07-18T23:46:03+08:00 ] 101.226.103.60 /ordera.php
INFO: [ app_init ] --START--
INFO: Run Behavior\BuildLiteBehavior [ RunTime:0.000013s ]
INFO: [ app_init ] --END-- [ RunTime:0.000458s ]
INFO: [ app_begin ] --START--
INFO: Run Behavior\ReadHtmlCacheBehavior [ RunTime:0.000597s ]
INFO: [ app_begin ] --END-- [ RunTime:0.000650s ]
SQL: SHOW COLUMNS FROM `sm_orders` [ RunTime:0.0142s ]
SQL: SELECT * FROM `sm_orders` WHERE `order_no` = '680720190718234547' LIMIT 1   [ RunTime:0.0574s ]
SQL: SHOW COLUMNS FROM `sm_stall` [ RunTime:0.0113s ]
SQL: SELECT `automatic` FROM `sm_stall` WHERE `stall_id` = '31' LIMIT 1   [ RunTime:0.0003s ]
SQL: UPDATE `sm_orders` SET `trade_no`='4200000351201907183111015095',`payment_time`='1563464763',`order_status`='2' WHERE `order_no` = '680720190718234547' [ RunTime:0.0172s ]
SQL: SHOW COLUMNS FROM `sm_stall_music` [ RunTime:0.0099s ]
SQL: SELECT `music` FROM `sm_stall_music` WHERE `stall_id` = '31' AND `music_type` = 1 LIMIT 1   [ RunTime:0.0003s ]

[ 2019-07-18T23:46:18+08:00 ] 101.226.103.60 /ordera.php
INFO: [ app_init ] --START--
INFO: Run Behavior\BuildLiteBehavior [ RunTime:0.000014s ]
INFO: [ app_init ] --END-- [ RunTime:0.000529s ]
INFO: [ app_begin ] --START--
INFO: Run Behavior\ReadHtmlCacheBehavior [ RunTime:0.000781s ]
INFO: [ app_begin ] --END-- [ RunTime:0.000839s ]
SQL: SHOW COLUMNS FROM `sm_orders` [ RunTime:0.0176s ]
SQL: SELECT * FROM `sm_orders` WHERE `order_no` = '680720190718234547' LIMIT 1   [ RunTime:0.0355s ]
INFO: [ app_end ] --START--
INFO: Run Behavior\ShowPageTraceBehavior [ RunTime:0.000922s ]
INFO: [ app_end ] --END-- [ RunTime:0.000984s ]

[ 2019-07-18T23:48:57+08:00 ] 101.226.103.60 /ordera.php
INFO: [ app_init ] --START--
INFO: Run Behavior\BuildLiteBehavior [ RunTime:0.000013s ]
INFO: [ app_init ] --END-- [ RunTime:0.000471s ]
INFO: [ app_begin ] --START--
INFO: Run Behavior\ReadHtmlCacheBehavior [ RunTime:0.000581s ]
INFO: [ app_begin ] --END-- [ RunTime:0.000635s ]
SQL: SHOW COLUMNS FROM `sm_orders` [ RunTime:0.0132s ]
SQL: SELECT * FROM `sm_orders` WHERE `order_no` = '297820190718234849' LIMIT 1   [ RunTime:0.2204s ]
SQL: SHOW COLUMNS FROM `sm_stall` [ RunTime:0.0149s ]
SQL: SELECT `automatic` FROM `sm_stall` WHERE `stall_id` = '31' LIMIT 1   [ RunTime:0.0003s ]
SQL: UPDATE `sm_orders` SET `trade_no`='4200000358201907181804485514',`payment_time`='1563464937',`order_status`='2' WHERE `order_no` = '297820190718234849' [ RunTime:0.0149s ]
SQL: SHOW COLUMNS FROM `sm_stall_music` [ RunTime:0.0100s ]
SQL: SELECT `music` FROM `sm_stall_music` WHERE `stall_id` = '31' AND `music_type` = 1 LIMIT 1   [ RunTime:0.0003s ]

[ 2019-07-18T23:49:12+08:00 ] 101.226.103.60 /ordera.php
INFO: [ app_init ] --START--
INFO: Run Behavior\BuildLiteBehavior [ RunTime:0.000013s ]
INFO: [ app_init ] --END-- [ RunTime:0.000449s ]
INFO: [ app_begin ] --START--
INFO: Run Behavior\ReadHtmlCacheBehavior [ RunTime:0.000701s ]
INFO: [ app_begin ] --END-- [ RunTime:0.000751s ]
SQL: SHOW COLUMNS FROM `sm_orders` [ RunTime:0.0151s ]
SQL: SELECT * FROM `sm_orders` WHERE `order_no` = '297820190718234849' LIMIT 1   [ RunTime:0.0192s ]
INFO: [ app_end ] --START--
INFO: Run Behavior\ShowPageTraceBehavior [ RunTime:0.000947s ]
INFO: [ app_end ] --END-- [ RunTime:0.000995s ]

[ 2019-07-18T23:50:02+08:00 ] 101.226.103.69 /ordera.php
INFO: [ app_init ] --START--
INFO: Run Behavior\BuildLiteBehavior [ RunTime:0.000012s ]
INFO: [ app_init ] --END-- [ RunTime:0.000482s ]
INFO: [ app_begin ] --START--
INFO: Run Behavior\ReadHtmlCacheBehavior [ RunTime:0.000584s ]
INFO: [ app_begin ] --END-- [ RunTime:0.000645s ]
SQL: SHOW COLUMNS FROM `sm_orders` [ RunTime:0.0134s ]
SQL: SELECT * FROM `sm_orders` WHERE `order_no` = '304820190718234953' LIMIT 1   [ RunTime:0.0515s ]
SQL: SHOW COLUMNS FROM `sm_stall` [ RunTime:0.0113s ]
SQL: SELECT `automatic` FROM `sm_stall` WHERE `stall_id` = '31' LIMIT 1   [ RunTime:0.0003s ]
SQL: UPDATE `sm_orders` SET `trade_no`='4200000358201907185844573674',`payment_time`='1563465002',`order_status`='2' WHERE `order_no` = '304820190718234953' [ RunTime:0.0170s ]
SQL: SHOW COLUMNS FROM `sm_stall_music` [ RunTime:0.0097s ]
SQL: SELECT `music` FROM `sm_stall_music` WHERE `stall_id` = '31' AND `music_type` = 1 LIMIT 1   [ RunTime:0.0003s ]

[ 2019-07-18T23:50:17+08:00 ] 101.226.103.69 /ordera.php
INFO: [ app_init ] --START--
INFO: Run Behavior\BuildLiteBehavior [ RunTime:0.000013s ]
INFO: [ app_init ] --END-- [ RunTime:0.000477s ]
INFO: [ app_begin ] --START--
INFO: Run Behavior\ReadHtmlCacheBehavior [ RunTime:0.000587s ]
INFO: [ app_begin ] --END-- [ RunTime:0.000641s ]
SQL: SHOW COLUMNS FROM `sm_orders` [ RunTime:0.0146s ]
SQL: SELECT * FROM `sm_orders` WHERE `order_no` = '304820190718234953' LIMIT 1   [ RunTime:0.0266s ]
INFO: [ app_end ] --START--
INFO: Run Behavior\ShowPageTraceBehavior [ RunTime:0.001120s ]
INFO: [ app_end ] --END-- [ RunTime:0.001172s ]

[ 2019-07-18T23:51:15+08:00 ] 101.226.103.59 /ordera.php
INFO: [ app_init ] --START--
INFO: Run Behavior\BuildLiteBehavior [ RunTime:0.000014s ]
INFO: [ app_init ] --END-- [ RunTime:0.000456s ]
INFO: [ app_begin ] --START--
INFO: Run Behavior\ReadHtmlCacheBehavior [ RunTime:0.000737s ]
INFO: [ app_begin ] --END-- [ RunTime:0.000786s ]
SQL: SHOW COLUMNS FROM `sm_orders` [ RunTime:0.0139s ]
SQL: SELECT * FROM `sm_orders` WHERE `order_no` = '892120190718235109' LIMIT 1   [ RunTime:0.0468s ]
SQL: SHOW COLUMNS FROM `sm_stall` [ RunTime:0.0107s ]
SQL: SELECT `automatic` FROM `sm_stall` WHERE `stall_id` = '31' LIMIT 1   [ RunTime:0.0003s ]
SQL: UPDATE `sm_orders` SET `trade_no`='4200000341201907181131649852',`payment_time`='1563465075',`order_status`='2' WHERE `order_no` = '892120190718235109' [ RunTime:0.0173s ]
SQL: SHOW COLUMNS FROM `sm_stall_music` [ RunTime:0.0092s ]
SQL: SELECT `music` FROM `sm_stall_music` WHERE `stall_id` = '31' AND `music_type` = 1 LIMIT 1   [ RunTime:0.0003s ]

[ 2019-07-18T23:51:31+08:00 ] 101.226.103.71 /ordera.php
INFO: [ app_init ] --START--
INFO: Run Behavior\BuildLiteBehavior [ RunTime:0.000017s ]
INFO: [ app_init ] --END-- [ RunTime:0.000509s ]
INFO: [ app_begin ] --START--
INFO: Run Behavior\ReadHtmlCacheBehavior [ RunTime:0.000793s ]
INFO: [ app_begin ] --END-- [ RunTime:0.000842s ]
SQL: SHOW COLUMNS FROM `sm_orders` [ RunTime:0.0140s ]
SQL: SELECT * FROM `sm_orders` WHERE `order_no` = '892120190718235109' LIMIT 1   [ RunTime:0.0349s ]
INFO: [ app_end ] --START--
INFO: Run Behavior\ShowPageTraceBehavior [ RunTime:0.000890s ]
INFO: [ app_end ] --END-- [ RunTime:0.000939s ]

[ 2019-07-18T23:54:47+08:00 ] 101.226.103.69 /ordera.php
INFO: [ app_init ] --START--
INFO: Run Behavior\BuildLiteBehavior [ RunTime:0.000017s ]
INFO: [ app_init ] --END-- [ RunTime:0.000475s ]
INFO: [ app_begin ] --START--
INFO: Run Behavior\ReadHtmlCacheBehavior [ RunTime:0.000593s ]
INFO: [ app_begin ] --END-- [ RunTime:0.000645s ]
SQL: SHOW COLUMNS FROM `sm_orders` [ RunTime:0.0140s ]
SQL: SELECT * FROM `sm_orders` WHERE `order_no` = '499220190718235437' LIMIT 1   [ RunTime:0.0407s ]
SQL: SHOW COLUMNS FROM `sm_stall` [ RunTime:0.0108s ]
SQL: SELECT `automatic` FROM `sm_stall` WHERE `stall_id` = '31' LIMIT 1   [ RunTime:0.0003s ]
SQL: UPDATE `sm_orders` SET `trade_no`='4200000357201907180480486370',`payment_time`='1563465287',`order_status`='2' WHERE `order_no` = '499220190718235437' [ RunTime:0.0172s ]
SQL: SHOW COLUMNS FROM `sm_stall_music` [ RunTime:0.0102s ]
SQL: SELECT `music` FROM `sm_stall_music` WHERE `stall_id` = '31' AND `music_type` = 1 LIMIT 1   [ RunTime:0.0003s ]

[ 2019-07-18T23:55:02+08:00 ] 101.226.103.70 /ordera.php
INFO: [ app_init ] --START--
INFO: Run Behavior\BuildLiteBehavior [ RunTime:0.000012s ]
INFO: [ app_init ] --END-- [ RunTime:0.000471s ]
INFO: [ app_begin ] --START--
INFO: Run Behavior\ReadHtmlCacheBehavior [ RunTime:0.000598s ]
INFO: [ app_begin ] --END-- [ RunTime:0.000654s ]
SQL: SHOW COLUMNS FROM `sm_orders` [ RunTime:0.0145s ]
SQL: SELECT * FROM `sm_orders` WHERE `order_no` = '499220190718235437' LIMIT 1   [ RunTime:0.0343s ]
INFO: [ app_end ] --START--
INFO: Run Behavior\ShowPageTraceBehavior [ RunTime:0.000887s ]
INFO: [ app_end ] --END-- [ RunTime:0.000940s ]

[ 2019-07-18T23:55:20+08:00 ] 101.226.103.69 /ordera.php
INFO: [ app_init ] --START--
INFO: Run Behavior\BuildLiteBehavior [ RunTime:0.000013s ]
INFO: [ app_init ] --END-- [ RunTime:0.000476s ]
INFO: [ app_begin ] --START--
INFO: Run Behavior\ReadHtmlCacheBehavior [ RunTime:0.000610s ]
INFO: [ app_begin ] --END-- [ RunTime:0.000662s ]
SQL: SHOW COLUMNS FROM `sm_orders` [ RunTime:0.0142s ]
SQL: SELECT * FROM `sm_orders` WHERE `order_no` = '152220190718235513' LIMIT 1   [ RunTime:0.0493s ]
SQL: SHOW COLUMNS FROM `sm_stall` [ RunTime:0.0111s ]
SQL: SELECT `automatic` FROM `sm_stall` WHERE `stall_id` = '31' LIMIT 1   [ RunTime:0.0003s ]
SQL: UPDATE `sm_orders` SET `trade_no`='4200000350201907183642906399',`payment_time`='1563465319',`order_status`='2' WHERE `order_no` = '152220190718235513' [ RunTime:0.0167s ]
SQL: SHOW COLUMNS FROM `sm_stall_music` [ RunTime:0.0094s ]
SQL: SELECT `music` FROM `sm_stall_music` WHERE `stall_id` = '31' AND `music_type` = 1 LIMIT 1   [ RunTime:0.0003s ]

[ 2019-07-18T23:55:36+08:00 ] 183.3.234.45 /ordera.php
INFO: [ app_init ] --START--
INFO: Run Behavior\BuildLiteBehavior [ RunTime:0.000014s ]
INFO: [ app_init ] --END-- [ RunTime:0.000457s ]
INFO: [ app_begin ] --START--
INFO: Run Behavior\ReadHtmlCacheBehavior [ RunTime:0.000589s ]
INFO: [ app_begin ] --END-- [ RunTime:0.000639s ]
SQL: SHOW COLUMNS FROM `sm_orders` [ RunTime:0.0137s ]
SQL: SELECT * FROM `sm_orders` WHERE `order_no` = '152220190718235513' LIMIT 1   [ RunTime:0.0460s ]
INFO: [ app_end ] --START--
INFO: Run Behavior\ShowPageTraceBehavior [ RunTime:0.000902s ]
INFO: [ app_end ] --END-- [ RunTime:0.000956s ]

[ 2019-07-18T23:57:56+08:00 ] 101.226.103.60 /ordera.php
INFO: [ app_init ] --START--
INFO: Run Behavior\BuildLiteBehavior [ RunTime:0.000012s ]
INFO: [ app_init ] --END-- [ RunTime:0.000456s ]
INFO: [ app_begin ] --START--
INFO: Run Behavior\ReadHtmlCacheBehavior [ RunTime:0.000725s ]
INFO: [ app_begin ] --END-- [ RunTime:0.000775s ]
SQL: SHOW COLUMNS FROM `sm_orders` [ RunTime:0.0130s ]
SQL: SELECT * FROM `sm_orders` WHERE `order_no` = '425620190718235737' LIMIT 1   [ RunTime:0.0497s ]
SQL: SHOW COLUMNS FROM `sm_stall` [ RunTime:0.0105s ]
SQL: SELECT `automatic` FROM `sm_stall` WHERE `stall_id` = '31' LIMIT 1   [ RunTime:0.0003s ]
SQL: UPDATE `sm_orders` SET `trade_no`='4200000344201907189603127566',`payment_time`='1563465476',`order_status`='2' WHERE `order_no` = '425620190718235737' [ RunTime:0.0453s ]
SQL: SHOW COLUMNS FROM `sm_stall_music` [ RunTime:0.0097s ]
SQL: SELECT `music` FROM `sm_stall_music` WHERE `stall_id` = '31' AND `music_type` = 1 LIMIT 1   [ RunTime:0.0004s ]

[ 2019-07-18T23:58:12+08:00 ] 101.226.103.71 /ordera.php
INFO: [ app_init ] --START--
INFO: Run Behavior\BuildLiteBehavior [ RunTime:0.000014s ]
INFO: [ app_init ] --END-- [ RunTime:0.000460s ]
INFO: [ app_begin ] --START--
INFO: Run Behavior\ReadHtmlCacheBehavior [ RunTime:0.000735s ]
INFO: [ app_begin ] --END-- [ RunTime:0.000794s ]
SQL: SHOW COLUMNS FROM `sm_orders` [ RunTime:0.0134s ]
SQL: SELECT * FROM `sm_orders` WHERE `order_no` = '425620190718235737' LIMIT 1   [ RunTime:0.0330s ]
INFO: [ app_end ] --START--
INFO: Run Behavior\ShowPageTraceBehavior [ RunTime:0.000826s ]
INFO: [ app_end ] --END-- [ RunTime:0.000874s ]

[ 2019-07-18T23:58:34+08:00 ] 101.226.103.69 /ordera.php
INFO: [ app_init ] --START--
INFO: Run Behavior\BuildLiteBehavior [ RunTime:0.000014s ]
INFO: [ app_init ] --END-- [ RunTime:0.000477s ]
INFO: [ app_begin ] --START--
INFO: Run Behavior\ReadHtmlCacheBehavior [ RunTime:0.000707s ]
INFO: [ app_begin ] --END-- [ RunTime:0.000758s ]
SQL: SHOW COLUMNS FROM `sm_orders` [ RunTime:0.0144s ]
SQL: SELECT * FROM `sm_orders` WHERE `order_no` = '326020190718235828' LIMIT 1   [ RunTime:0.0527s ]
SQL: SHOW COLUMNS FROM `sm_stall` [ RunTime:0.0113s ]
SQL: SELECT `automatic` FROM `sm_stall` WHERE `stall_id` = '31' LIMIT 1   [ RunTime:0.0003s ]
SQL: UPDATE `sm_orders` SET `trade_no`='4200000352201907189367210977',`payment_time`='1563465514',`order_status`='2' WHERE `order_no` = '326020190718235828' [ RunTime:0.0172s ]
SQL: SHOW COLUMNS FROM `sm_stall_music` [ RunTime:0.0102s ]
SQL: SELECT `music` FROM `sm_stall_music` WHERE `stall_id` = '31' AND `music_type` = 1 LIMIT 1   [ RunTime:0.0003s ]

[ 2019-07-18T23:58:49+08:00 ] 101.226.103.71 /ordera.php
INFO: [ app_init ] --START--
INFO: Run Behavior\BuildLiteBehavior [ RunTime:0.000014s ]
INFO: [ app_init ] --END-- [ RunTime:0.000465s ]
INFO: [ app_begin ] --START--
INFO: Run Behavior\ReadHtmlCacheBehavior [ RunTime:0.000707s ]
INFO: [ app_begin ] --END-- [ RunTime:0.000758s ]
SQL: SHOW COLUMNS FROM `sm_orders` [ RunTime:0.0149s ]
SQL: SELECT * FROM `sm_orders` WHERE `order_no` = '326020190718235828' LIMIT 1   [ RunTime:0.0372s ]
INFO: [ app_end ] --START--
INFO: Run Behavior\ShowPageTraceBehavior [ RunTime:0.000900s ]
INFO: [ app_end ] --END-- [ RunTime:0.000965s ]

[ 2019-07-18T23:59:33+08:00 ] 101.226.103.71 /ordera.php
INFO: [ app_init ] --START--
INFO: Run Behavior\BuildLiteBehavior [ RunTime:0.000013s ]
INFO: [ app_init ] --END-- [ RunTime:0.000460s ]
INFO: [ app_begin ] --START--
INFO: Run Behavior\ReadHtmlCacheBehavior [ RunTime:0.000612s ]
INFO: [ app_begin ] --END-- [ RunTime:0.000664s ]
SQL: SHOW COLUMNS FROM `sm_orders` [ RunTime:0.0142s ]
SQL: SELECT * FROM `sm_orders` WHERE `order_no` = '316820190718235927' LIMIT 1   [ RunTime:0.0627s ]
SQL: SHOW COLUMNS FROM `sm_stall` [ RunTime:0.0137s ]
SQL: SELECT `automatic` FROM `sm_stall` WHERE `stall_id` = '31' LIMIT 1   [ RunTime:0.0003s ]
SQL: UPDATE `sm_orders` SET `trade_no`='4200000348201907189398900201',`payment_time`='1563465573',`order_status`='2' WHERE `order_no` = '316820190718235927' [ RunTime:0.0183s ]
SQL: SHOW COLUMNS FROM `sm_stall_music` [ RunTime:0.0103s ]
SQL: SELECT `music` FROM `sm_stall_music` WHERE `stall_id` = '31' AND `music_type` = 1 LIMIT 1   [ RunTime:0.0003s ]

[ 2019-07-18T23:59:49+08:00 ] 58.251.80.49 /ordera.php
INFO: [ app_init ] --START--
INFO: Run Behavior\BuildLiteBehavior [ RunTime:0.000013s ]
INFO: [ app_init ] --END-- [ RunTime:0.000522s ]
INFO: [ app_begin ] --START--
INFO: Run Behavior\ReadHtmlCacheBehavior [ RunTime:0.000775s ]
INFO: [ app_begin ] --END-- [ RunTime:0.000829s ]
SQL: SHOW COLUMNS FROM `sm_orders` [ RunTime:0.0135s ]
SQL: SELECT * FROM `sm_orders` WHERE `order_no` = '316820190718235927' LIMIT 1   [ RunTime:0.0334s ]
INFO: [ app_end ] --START--
INFO: Run Behavior\ShowPageTraceBehavior [ RunTime:0.000847s ]
INFO: [ app_end ] --END-- [ RunTime:0.000896s ]

