[ 2019-07-23T18:29:16+08:00 ] 101.226.103.62 /ordera.php
INFO: [ app_init ] --START--
INFO: Run Behavior\BuildLiteBehavior [ RunTime:0.000013s ]
INFO: [ app_init ] --END-- [ RunTime:0.000517s ]
INFO: [ app_begin ] --START--
INFO: Run Behavior\ReadHtmlCacheBehavior [ RunTime:0.000795s ]
INFO: [ app_begin ] --END-- [ RunTime:0.000853s ]
SQL: SHOW COLUMNS FROM `sm_orders` [ RunTime:0.0136s ]
SQL: SELECT * FROM `sm_orders` WHERE `order_no` = '962520190723182909' LIMIT 1   [ RunTime:0.0180s ]
SQL: SHOW COLUMNS FROM `sm_stall` [ RunTime:0.0091s ]
SQL: SELECT `automatic` FROM `sm_stall` WHERE `stall_id` = '31' LIMIT 1   [ RunTime:0.0003s ]
SQL: SELECT `order_id` FROM `sm_orders` WHERE `order_no` = '962520190723182909' LIMIT 1   [ RunTime:0.0040s ]
SQL: SELECT `deliver_type` FROM `sm_orders` WHERE `order_id` = '8402' LIMIT 1   [ RunTime:0.0002s ]
SQL: UPDATE `sm_orders` SET `order_status`='3',`success_time`='1563877756',`payment_time`='1563877756',`is_grab`='1' WHERE `order_id` = '8402' [ RunTime:0.0056s ]
SQL: SELECT `ma_id` FROM `sm_stall` WHERE `stall_id` = 0 LIMIT 1   [ RunTime:0.0002s ]
SQL: SELECT `member_list_id`,`order_no`,`create_time` FROM `sm_orders` WHERE `order_id` = '8402' LIMIT 1   [ RunTime:0.0002s ]
SQL: SHOW COLUMNS FROM `sm_merchant` [ RunTime:0.0089s ]
SQL: SELECT `appid`,`appsecret`,`take_food_id` FROM `sm_merchant` WHERE `ma_id` = null LIMIT 1   [ RunTime:0.0002s ]
SQL: SHOW COLUMNS FROM `sm_member_list` [ RunTime:0.0083s ]
SQL: SELECT `openid`,`member_name` FROM `sm_member_list` WHERE `member_list_id` = '2168' LIMIT 1   [ RunTime:0.0002s ]
SQL: SHOW COLUMNS FROM `sm_order_goods` [ RunTime:0.0086s ]
SQL: SELECT `meal_code` FROM `sm_order_goods` WHERE `order_id` = '8402' LIMIT 1   [ RunTime:0.0003s ]
NOTIC: [8] Undefined index: access_token D:\xampp\htdocs\app\Common\Common\function.php 第 359 行.
SQL: SHOW COLUMNS FROM `sm_stall_music` [ RunTime:0.0102s ]
SQL: SELECT `music` FROM `sm_stall_music` WHERE `stall_id` = '31' AND `music_type` = 1 LIMIT 1   [ RunTime:0.0003s ]

[ 2019-07-23T18:29:32+08:00 ] 101.226.103.60 /ordera.php
INFO: [ app_init ] --START--
INFO: Run Behavior\BuildLiteBehavior [ RunTime:0.000014s ]
INFO: [ app_init ] --END-- [ RunTime:0.000567s ]
INFO: [ app_begin ] --START--
INFO: Run Behavior\ReadHtmlCacheBehavior [ RunTime:0.000865s ]
INFO: [ app_begin ] --END-- [ RunTime:0.000916s ]
SQL: SHOW COLUMNS FROM `sm_orders` [ RunTime:0.0151s ]
SQL: SELECT * FROM `sm_orders` WHERE `order_no` = '962520190723182909' LIMIT 1   [ RunTime:0.0255s ]
INFO: [ app_end ] --START--
INFO: Run Behavior\ShowPageTraceBehavior [ RunTime:0.000851s ]
INFO: [ app_end ] --END-- [ RunTime:0.000899s ]

[ 2019-07-23T19:14:16+08:00 ] 101.226.103.62 /ordera.php
INFO: [ app_init ] --START--
INFO: Run Behavior\BuildLiteBehavior [ RunTime:0.000015s ]
INFO: [ app_init ] --END-- [ RunTime:0.000494s ]
INFO: [ app_begin ] --START--
INFO: Run Behavior\ReadHtmlCacheBehavior [ RunTime:0.000589s ]
INFO: [ app_begin ] --END-- [ RunTime:0.000645s ]
SQL: SHOW COLUMNS FROM `sm_orders` [ RunTime:0.0139s ]
SQL: SELECT * FROM `sm_orders` WHERE `order_no` = '511720190723191410' LIMIT 1   [ RunTime:0.0512s ]
SQL: SHOW COLUMNS FROM `sm_stall` [ RunTime:0.0101s ]
SQL: SELECT `automatic` FROM `sm_stall` WHERE `stall_id` = '31' LIMIT 1   [ RunTime:0.0003s ]
SQL: SELECT `order_id` FROM `sm_orders` WHERE `order_no` = '511720190723191410' LIMIT 1   [ RunTime:0.0043s ]
SQL: SELECT `deliver_type` FROM `sm_orders` WHERE `order_id` = '8403' LIMIT 1   [ RunTime:0.0002s ]
SQL: UPDATE `sm_orders` SET `order_status`='3',`success_time`='1563880456',`payment_time`='1563880456' WHERE `order_id` = '8403' [ RunTime:0.0052s ]
SQL: SELECT `ma_id` FROM `sm_stall` WHERE `stall_id` = 0 LIMIT 1   [ RunTime:0.0002s ]
SQL: SELECT `member_list_id`,`order_no`,`create_time` FROM `sm_orders` WHERE `order_id` = '8403' LIMIT 1   [ RunTime:0.0003s ]
SQL: SHOW COLUMNS FROM `sm_merchant` [ RunTime:0.0093s ]
SQL: SELECT `appid`,`appsecret`,`take_food_id` FROM `sm_merchant` WHERE `ma_id` = null LIMIT 1   [ RunTime:0.0003s ]
SQL: SHOW COLUMNS FROM `sm_member_list` [ RunTime:0.0084s ]
SQL: SELECT `openid`,`member_name` FROM `sm_member_list` WHERE `member_list_id` = '2168' LIMIT 1   [ RunTime:0.0003s ]
SQL: SHOW COLUMNS FROM `sm_order_goods` [ RunTime:0.0084s ]
SQL: SELECT `meal_code` FROM `sm_order_goods` WHERE `order_id` = '8403' LIMIT 1   [ RunTime:0.0003s ]
NOTIC: [8] Undefined index: access_token D:\xampp\htdocs\app\Common\Common\function.php 第 363 行.
SQL: SHOW COLUMNS FROM `sm_stall_music` [ RunTime:0.0156s ]
SQL: SELECT `music` FROM `sm_stall_music` WHERE `stall_id` = '31' AND `music_type` = 1 LIMIT 1   [ RunTime:0.0004s ]

[ 2019-07-23T19:14:32+08:00 ] 140.207.54.76 /ordera.php
INFO: [ app_init ] --START--
INFO: Run Behavior\BuildLiteBehavior [ RunTime:0.000015s ]
INFO: [ app_init ] --END-- [ RunTime:0.000532s ]
INFO: [ app_begin ] --START--
INFO: Run Behavior\ReadHtmlCacheBehavior [ RunTime:0.000831s ]
INFO: [ app_begin ] --END-- [ RunTime:0.000882s ]
SQL: SHOW COLUMNS FROM `sm_orders` [ RunTime:0.0141s ]
SQL: SELECT * FROM `sm_orders` WHERE `order_no` = '511720190723191410' LIMIT 1   [ RunTime:0.0260s ]
INFO: [ app_end ] --START--
INFO: Run Behavior\ShowPageTraceBehavior [ RunTime:0.000896s ]
INFO: [ app_end ] --END-- [ RunTime:0.000950s ]

[ 2019-07-23T19:23:11+08:00 ] 140.207.54.78 /ordera.php
INFO: [ app_init ] --START--
INFO: Run Behavior\BuildLiteBehavior [ RunTime:0.000015s ]
INFO: [ app_init ] --END-- [ RunTime:0.000540s ]
INFO: [ app_begin ] --START--
INFO: Run Behavior\ReadHtmlCacheBehavior [ RunTime:0.000579s ]
INFO: [ app_begin ] --END-- [ RunTime:0.000632s ]
SQL: SHOW COLUMNS FROM `sm_orders` [ RunTime:0.0128s ]
SQL: SELECT * FROM `sm_orders` WHERE `order_no` = '629920190723192303' LIMIT 1   [ RunTime:0.0179s ]
SQL: SHOW COLUMNS FROM `sm_stall` [ RunTime:0.0086s ]
SQL: SELECT `automatic` FROM `sm_stall` WHERE `stall_id` = '31' LIMIT 1   [ RunTime:0.0003s ]
SQL: SELECT `order_id` FROM `sm_orders` WHERE `order_no` = '629920190723192303' LIMIT 1   [ RunTime:0.0042s ]
SQL: SELECT `deliver_type` FROM `sm_orders` WHERE `order_id` = '8404' LIMIT 1   [ RunTime:0.0002s ]
SQL: UPDATE `sm_orders` SET `order_status`='3',`success_time`='1563880991',`payment_time`='1563880991' WHERE `order_id` = '8404' [ RunTime:0.0089s ]
SQL: SELECT `ma_id` FROM `sm_stall` WHERE `stall_id` = 0 LIMIT 1   [ RunTime:0.0002s ]
SQL: SELECT `member_list_id`,`order_no`,`create_time` FROM `sm_orders` WHERE `order_id` = '8404' LIMIT 1   [ RunTime:0.0002s ]
SQL: SHOW COLUMNS FROM `sm_merchant` [ RunTime:0.0086s ]
SQL: SELECT `appid`,`appsecret`,`take_food_id` FROM `sm_merchant` WHERE `ma_id` = null LIMIT 1   [ RunTime:0.0002s ]
SQL: SHOW COLUMNS FROM `sm_member_list` [ RunTime:0.0080s ]
SQL: SELECT `openid`,`member_name` FROM `sm_member_list` WHERE `member_list_id` = '2168' LIMIT 1   [ RunTime:0.0002s ]
SQL: SHOW COLUMNS FROM `sm_order_goods` [ RunTime:0.0077s ]
SQL: SELECT `meal_code` FROM `sm_order_goods` WHERE `order_id` = '8404' LIMIT 1   [ RunTime:0.0002s ]
NOTIC: [8] Undefined index: access_token D:\xampp\htdocs\app\Common\Common\function.php 第 363 行.
SQL: SHOW COLUMNS FROM `sm_stall_music` [ RunTime:0.0108s ]
SQL: SELECT `music` FROM `sm_stall_music` WHERE `stall_id` = '31' AND `music_type` = 1 LIMIT 1   [ RunTime:0.0003s ]

[ 2019-07-23T19:23:27+08:00 ] 140.207.54.78 /ordera.php
INFO: [ app_init ] --START--
INFO: Run Behavior\BuildLiteBehavior [ RunTime:0.000013s ]
INFO: [ app_init ] --END-- [ RunTime:0.000460s ]
INFO: [ app_begin ] --START--
INFO: Run Behavior\ReadHtmlCacheBehavior [ RunTime:0.000856s ]
INFO: [ app_begin ] --END-- [ RunTime:0.000906s ]
SQL: SHOW COLUMNS FROM `sm_orders` [ RunTime:0.0074s ]
SQL: SELECT * FROM `sm_orders` WHERE `order_no` = '629920190723192303' LIMIT 1   [ RunTime:0.0179s ]
INFO: [ app_end ] --START--
INFO: Run Behavior\ShowPageTraceBehavior [ RunTime:0.001082s ]
INFO: [ app_end ] --END-- [ RunTime:0.001134s ]

