[ 2019-08-13T11:57:56+08:00 ] 140.207.54.77 /ordera.php
INFO: [ app_init ] --START--
INFO: Run Behavior\BuildLiteBehavior [ RunTime:0.000014s ]
INFO: [ app_init ] --END-- [ RunTime:0.000482s ]
INFO: [ app_begin ] --START--
INFO: Run Behavior\ReadHtmlCacheBehavior [ RunTime:0.000600s ]
INFO: [ app_begin ] --END-- [ RunTime:0.000651s ]
SQL: SHOW COLUMNS FROM `sm_orders` [ RunTime:0.0122s ]
SQL: SELECT * FROM `sm_orders` WHERE `order_no` = '671720190813115744' LIMIT 1   [ RunTime:0.0619s ]
SQL: SHOW COLUMNS FROM `sm_stall` [ RunTime:0.0101s ]
SQL: SELECT `automatic` FROM `sm_stall` WHERE `stall_id` = '31' LIMIT 1   [ RunTime:0.0003s ]
SQL: UPDATE `sm_orders` SET `trade_no`='4200000352201908138993339188',`payment_time`='1565668676',`order_status`='2' WHERE `order_no` = '671720190813115744' [ RunTime:0.0177s ]
SQL: SHOW COLUMNS FROM `sm_stall_music` [ RunTime:0.0082s ]
SQL: SELECT `music` FROM `sm_stall_music` WHERE `stall_id` = '31' AND `music_type` = 1 LIMIT 1   [ RunTime:0.0003s ]

[ 2019-08-13T11:58:11+08:00 ] 140.207.54.76 /ordera.php
INFO: [ app_init ] --START--
INFO: Run Behavior\BuildLiteBehavior [ RunTime:0.000014s ]
INFO: [ app_init ] --END-- [ RunTime:0.000501s ]
INFO: [ app_begin ] --START--
INFO: Run Behavior\ReadHtmlCacheBehavior [ RunTime:0.000798s ]
INFO: [ app_begin ] --END-- [ RunTime:0.000853s ]
SQL: SHOW COLUMNS FROM `sm_orders` [ RunTime:0.0104s ]
SQL: SELECT * FROM `sm_orders` WHERE `order_no` = '671720190813115744' LIMIT 1   [ RunTime:0.0325s ]
INFO: [ app_end ] --START--
INFO: Run Behavior\ShowPageTraceBehavior [ RunTime:0.000841s ]
INFO: [ app_end ] --END-- [ RunTime:0.000888s ]

