[ 2019-09-02T11:35:59+08:00 ] 101.226.103.69 /ordera.php
INFO: [ app_init ] --START--
INFO: Run Behavior\BuildLiteBehavior [ RunTime:0.000013s ]
INFO: [ app_init ] --END-- [ RunTime:0.000321s ]
INFO: [ app_begin ] --START--
INFO: Run Behavior\ReadHtmlCacheBehavior [ RunTime:0.000554s ]
INFO: [ app_begin ] --END-- [ RunTime:0.000604s ]
SQL: SHOW COLUMNS FROM `sm_orders` [ RunTime:0.0120s ]
SQL: SELECT * FROM `sm_orders` WHERE `order_no` = '962520190902113548' LIMIT 1   [ RunTime:0.0325s ]
SQL: SHOW COLUMNS FROM `sm_stall` [ RunTime:0.0094s ]
SQL: SELECT `automatic` FROM `sm_stall` WHERE `stall_id` = '11' LIMIT 1   [ RunTime:0.0003s ]
SQL: UPDATE `sm_orders` SET `trade_no`='4200000351201909023212204184',`payment_time`='1567395358',`order_status`='2' WHERE `order_no` = '962520190902113548' [ RunTime:0.0186s ]
SQL: SHOW COLUMNS FROM `sm_stall_music` [ RunTime:0.0084s ]
SQL: SELECT `music` FROM `sm_stall_music` WHERE `stall_id` = '11' AND `music_type` = 1 LIMIT 1   [ RunTime:0.0003s ]

[ 2019-09-02T11:36:15+08:00 ] 101.226.103.63 /ordera.php
INFO: [ app_init ] --START--
INFO: Run Behavior\BuildLiteBehavior [ RunTime:0.000013s ]
INFO: [ app_init ] --END-- [ RunTime:0.000372s ]
INFO: [ app_begin ] --START--
INFO: Run Behavior\ReadHtmlCacheBehavior [ RunTime:0.000446s ]
INFO: [ app_begin ] --END-- [ RunTime:0.000496s ]
SQL: SHOW COLUMNS FROM `sm_orders` [ RunTime:0.0060s ]
SQL: SELECT * FROM `sm_orders` WHERE `order_no` = '962520190902113548' LIMIT 1   [ RunTime:0.0196s ]
INFO: [ app_end ] --START--
INFO: Run Behavior\ShowPageTraceBehavior [ RunTime:0.000801s ]
INFO: [ app_end ] --END-- [ RunTime:0.000868s ]

[ 2019-09-02T11:48:39+08:00 ] 101.226.103.60 /ordera.php
INFO: [ app_init ] --START--
INFO: Run Behavior\BuildLiteBehavior [ RunTime:0.000013s ]
INFO: [ app_init ] --END-- [ RunTime:0.000316s ]
INFO: [ app_begin ] --START--
INFO: Run Behavior\ReadHtmlCacheBehavior [ RunTime:0.000454s ]
INFO: [ app_begin ] --END-- [ RunTime:0.000507s ]
SQL: SHOW COLUMNS FROM `sm_orders` [ RunTime:0.0093s ]
SQL: SELECT * FROM `sm_orders` WHERE `order_no` = '659620190902114825' LIMIT 1   [ RunTime:0.0281s ]
SQL: SHOW COLUMNS FROM `sm_stall` [ RunTime:0.0053s ]
SQL: SELECT `automatic` FROM `sm_stall` WHERE `stall_id` = '12' LIMIT 1   [ RunTime:0.0003s ]
SQL: UPDATE `sm_orders` SET `trade_no`='4200000343201909024371239212',`payment_time`='1567396118',`order_status`='2' WHERE `order_no` = '659620190902114825' [ RunTime:0.0246s ]
SQL: SHOW COLUMNS FROM `sm_stall_music` [ RunTime:0.0122s ]
SQL: SELECT `music` FROM `sm_stall_music` WHERE `stall_id` = '12' AND `music_type` = 1 LIMIT 1   [ RunTime:0.0003s ]

[ 2019-09-02T11:48:55+08:00 ] 101.226.103.69 /ordera.php
INFO: [ app_init ] --START--
INFO: Run Behavior\BuildLiteBehavior [ RunTime:0.000013s ]
INFO: [ app_init ] --END-- [ RunTime:0.000310s ]
INFO: [ app_begin ] --START--
INFO: Run Behavior\ReadHtmlCacheBehavior [ RunTime:0.000450s ]
INFO: [ app_begin ] --END-- [ RunTime:0.000497s ]
SQL: SHOW COLUMNS FROM `sm_orders` [ RunTime:0.0122s ]
SQL: SELECT * FROM `sm_orders` WHERE `order_no` = '659620190902114825' LIMIT 1   [ RunTime:0.0325s ]
INFO: [ app_end ] --START--
INFO: Run Behavior\ShowPageTraceBehavior [ RunTime:0.000855s ]
INFO: [ app_end ] --END-- [ RunTime:0.000905s ]

[ 2019-09-02T11:49:30+08:00 ] 101.226.103.60 /ordera.php
INFO: [ app_init ] --START--
INFO: Run Behavior\BuildLiteBehavior [ RunTime:0.000014s ]
INFO: [ app_init ] --END-- [ RunTime:0.000329s ]
INFO: [ app_begin ] --START--
INFO: Run Behavior\ReadHtmlCacheBehavior [ RunTime:0.000448s ]
INFO: [ app_begin ] --END-- [ RunTime:0.000496s ]
SQL: SHOW COLUMNS FROM `sm_orders` [ RunTime:0.0093s ]
SQL: SELECT * FROM `sm_orders` WHERE `order_no` = '106720190902114919' LIMIT 1   [ RunTime:0.0256s ]
SQL: SHOW COLUMNS FROM `sm_stall` [ RunTime:0.0053s ]
SQL: SELECT `automatic` FROM `sm_stall` WHERE `stall_id` = '11' LIMIT 1   [ RunTime:0.0002s ]
SQL: UPDATE `sm_orders` SET `trade_no`='4200000349201909025169131414',`payment_time`='1567396169',`order_status`='2' WHERE `order_no` = '106720190902114919' [ RunTime:0.0195s ]
SQL: SHOW COLUMNS FROM `sm_stall_music` [ RunTime:0.0088s ]
SQL: SELECT `music` FROM `sm_stall_music` WHERE `stall_id` = '11' AND `music_type` = 1 LIMIT 1   [ RunTime:0.0003s ]

[ 2019-09-02T11:49:45+08:00 ] 101.226.103.59 /ordera.php
INFO: [ app_init ] --START--
INFO: Run Behavior\BuildLiteBehavior [ RunTime:0.000014s ]
INFO: [ app_init ] --END-- [ RunTime:0.000330s ]
INFO: [ app_begin ] --START--
INFO: Run Behavior\ReadHtmlCacheBehavior [ RunTime:0.000451s ]
INFO: [ app_begin ] --END-- [ RunTime:0.000501s ]
SQL: SHOW COLUMNS FROM `sm_orders` [ RunTime:0.0057s ]
SQL: SELECT * FROM `sm_orders` WHERE `order_no` = '106720190902114919' LIMIT 1   [ RunTime:0.0182s ]
INFO: [ app_end ] --START--
INFO: Run Behavior\ShowPageTraceBehavior [ RunTime:0.000637s ]
INFO: [ app_end ] --END-- [ RunTime:0.000687s ]

[ 2019-09-02T11:50:51+08:00 ] 101.226.103.71 /ordera.php
INFO: [ app_init ] --START--
INFO: Run Behavior\BuildLiteBehavior [ RunTime:0.000013s ]
INFO: [ app_init ] --END-- [ RunTime:0.000330s ]
INFO: [ app_begin ] --START--
INFO: Run Behavior\ReadHtmlCacheBehavior [ RunTime:0.000554s ]
INFO: [ app_begin ] --END-- [ RunTime:0.000602s ]
SQL: SHOW COLUMNS FROM `sm_orders` [ RunTime:0.0227s ]
SQL: SELECT * FROM `sm_orders` WHERE `order_no` = '496320190902115039' LIMIT 1   [ RunTime:0.0302s ]
SQL: SHOW COLUMNS FROM `sm_stall` [ RunTime:0.0093s ]
SQL: SELECT `automatic` FROM `sm_stall` WHERE `stall_id` = '11' LIMIT 1   [ RunTime:0.0003s ]
SQL: UPDATE `sm_orders` SET `trade_no`='4200000353201909028031007914',`payment_time`='1567396251',`order_status`='2' WHERE `order_no` = '496320190902115039' [ RunTime:0.0215s ]
SQL: SHOW COLUMNS FROM `sm_stall_music` [ RunTime:0.0085s ]
SQL: SELECT `music` FROM `sm_stall_music` WHERE `stall_id` = '11' AND `music_type` = 1 LIMIT 1   [ RunTime:0.0004s ]

[ 2019-09-02T11:51:06+08:00 ] 101.226.103.69 /ordera.php
INFO: [ app_init ] --START--
INFO: Run Behavior\BuildLiteBehavior [ RunTime:0.000013s ]
INFO: [ app_init ] --END-- [ RunTime:0.000325s ]
INFO: [ app_begin ] --START--
INFO: Run Behavior\ReadHtmlCacheBehavior [ RunTime:0.000430s ]
INFO: [ app_begin ] --END-- [ RunTime:0.000477s ]
SQL: SHOW COLUMNS FROM `sm_orders` [ RunTime:0.0059s ]
SQL: SELECT * FROM `sm_orders` WHERE `order_no` = '496320190902115039' LIMIT 1   [ RunTime:0.0365s ]
INFO: [ app_end ] --START--
INFO: Run Behavior\ShowPageTraceBehavior [ RunTime:0.000706s ]
INFO: [ app_end ] --END-- [ RunTime:0.000758s ]

[ 2019-09-02T11:52:59+08:00 ] 101.226.103.62 /ordera.php
INFO: [ app_init ] --START--
INFO: Run Behavior\BuildLiteBehavior [ RunTime:0.000013s ]
INFO: [ app_init ] --END-- [ RunTime:0.000307s ]
INFO: [ app_begin ] --START--
INFO: Run Behavior\ReadHtmlCacheBehavior [ RunTime:0.000557s ]
INFO: [ app_begin ] --END-- [ RunTime:0.000608s ]
SQL: SHOW COLUMNS FROM `sm_orders` [ RunTime:0.0057s ]
SQL: SELECT * FROM `sm_orders` WHERE `order_no` = '255620190902115249' LIMIT 1   [ RunTime:0.0184s ]
SQL: SHOW COLUMNS FROM `sm_stall` [ RunTime:0.0052s ]
SQL: SELECT `automatic` FROM `sm_stall` WHERE `stall_id` = '13' LIMIT 1   [ RunTime:0.0003s ]
SQL: UPDATE `sm_orders` SET `trade_no`='4200000353201909029006856472',`payment_time`='1567396378',`order_status`='2' WHERE `order_no` = '255620190902115249' [ RunTime:0.0212s ]
SQL: SHOW COLUMNS FROM `sm_stall_music` [ RunTime:0.0086s ]
SQL: SELECT `music` FROM `sm_stall_music` WHERE `stall_id` = '13' AND `music_type` = 1 LIMIT 1   [ RunTime:0.0003s ]

[ 2019-09-02T11:53:14+08:00 ] 101.226.103.62 /ordera.php
INFO: [ app_init ] --START--
INFO: Run Behavior\BuildLiteBehavior [ RunTime:0.000013s ]
INFO: [ app_init ] --END-- [ RunTime:0.000312s ]
INFO: [ app_begin ] --START--
INFO: Run Behavior\ReadHtmlCacheBehavior [ RunTime:0.000440s ]
INFO: [ app_begin ] --END-- [ RunTime:0.000488s ]
SQL: SHOW COLUMNS FROM `sm_orders` [ RunTime:0.0061s ]
SQL: SELECT * FROM `sm_orders` WHERE `order_no` = '255620190902115249' LIMIT 1   [ RunTime:0.0272s ]
INFO: [ app_end ] --START--
INFO: Run Behavior\ShowPageTraceBehavior [ RunTime:0.000831s ]
INFO: [ app_end ] --END-- [ RunTime:0.000884s ]

[ 2019-09-02T11:54:54+08:00 ] 101.226.103.71 /ordera.php
INFO: [ app_init ] --START--
INFO: Run Behavior\BuildLiteBehavior [ RunTime:0.000013s ]
INFO: [ app_init ] --END-- [ RunTime:0.000356s ]
INFO: [ app_begin ] --START--
INFO: Run Behavior\ReadHtmlCacheBehavior [ RunTime:0.000627s ]
INFO: [ app_begin ] --END-- [ RunTime:0.000678s ]
SQL: SHOW COLUMNS FROM `sm_orders` [ RunTime:0.0058s ]
SQL: SELECT * FROM `sm_orders` WHERE `order_no` = '536120190902115441' LIMIT 1   [ RunTime:0.0182s ]
SQL: SHOW COLUMNS FROM `sm_stall` [ RunTime:0.0050s ]
SQL: SELECT `automatic` FROM `sm_stall` WHERE `stall_id` = '13' LIMIT 1   [ RunTime:0.0002s ]
SQL: UPDATE `sm_orders` SET `trade_no`='4200000345201909024782677987',`payment_time`='1567396494',`order_status`='2' WHERE `order_no` = '536120190902115441' [ RunTime:0.0171s ]
SQL: SHOW COLUMNS FROM `sm_stall_music` [ RunTime:0.0083s ]
SQL: SELECT `music` FROM `sm_stall_music` WHERE `stall_id` = '13' AND `music_type` = 1 LIMIT 1   [ RunTime:0.0003s ]

[ 2019-09-02T11:54:56+08:00 ] 101.226.103.60 /ordera.php
INFO: [ app_init ] --START--
INFO: Run Behavior\BuildLiteBehavior [ RunTime:0.000012s ]
INFO: [ app_init ] --END-- [ RunTime:0.000338s ]
INFO: [ app_begin ] --START--
INFO: Run Behavior\ReadHtmlCacheBehavior [ RunTime:0.000614s ]
INFO: [ app_begin ] --END-- [ RunTime:0.000661s ]
SQL: SHOW COLUMNS FROM `sm_orders` [ RunTime:0.0139s ]
SQL: SELECT * FROM `sm_orders` WHERE `order_no` = '462920190902115446' LIMIT 1   [ RunTime:0.0485s ]
SQL: SHOW COLUMNS FROM `sm_stall` [ RunTime:0.0134s ]
SQL: SELECT `automatic` FROM `sm_stall` WHERE `stall_id` = '1' LIMIT 1   [ RunTime:0.0003s ]
SQL: UPDATE `sm_orders` SET `trade_no`='4200000358201909023335045872',`payment_time`='1567396496',`order_status`='2' WHERE `order_no` = '462920190902115446' [ RunTime:0.0208s ]
SQL: SHOW COLUMNS FROM `sm_stall_music` [ RunTime:0.0089s ]
SQL: SELECT `music` FROM `sm_stall_music` WHERE `stall_id` = '1' AND `music_type` = 1 LIMIT 1   [ RunTime:0.0003s ]

[ 2019-09-02T11:55:03+08:00 ] 101.226.103.71 /ordera.php
INFO: [ app_init ] --START--
INFO: Run Behavior\BuildLiteBehavior [ RunTime:0.000013s ]
INFO: [ app_init ] --END-- [ RunTime:0.000316s ]
INFO: [ app_begin ] --START--
INFO: Run Behavior\ReadHtmlCacheBehavior [ RunTime:0.000435s ]
INFO: [ app_begin ] --END-- [ RunTime:0.000483s ]
SQL: SHOW COLUMNS FROM `sm_orders` [ RunTime:0.0060s ]
SQL: SELECT * FROM `sm_orders` WHERE `order_no` = '918320190902115454' LIMIT 1   [ RunTime:0.0197s ]
SQL: SHOW COLUMNS FROM `sm_stall` [ RunTime:0.0060s ]
SQL: SELECT `automatic` FROM `sm_stall` WHERE `stall_id` = '13' LIMIT 1   [ RunTime:0.0003s ]
SQL: UPDATE `sm_orders` SET `trade_no`='4200000347201909023869630133',`payment_time`='1567396503',`order_status`='2' WHERE `order_no` = '918320190902115454' [ RunTime:0.0181s ]
SQL: SHOW COLUMNS FROM `sm_stall_music` [ RunTime:0.0090s ]
SQL: SELECT `music` FROM `sm_stall_music` WHERE `stall_id` = '13' AND `music_type` = 1 LIMIT 1   [ RunTime:0.0003s ]

[ 2019-09-02T11:55:10+08:00 ] 101.226.103.62 /ordera.php
INFO: [ app_init ] --START--
INFO: Run Behavior\BuildLiteBehavior [ RunTime:0.000015s ]
INFO: [ app_init ] --END-- [ RunTime:0.000344s ]
INFO: [ app_begin ] --START--
INFO: Run Behavior\ReadHtmlCacheBehavior [ RunTime:0.000490s ]
INFO: [ app_begin ] --END-- [ RunTime:0.000538s ]
SQL: SHOW COLUMNS FROM `sm_orders` [ RunTime:0.0129s ]
SQL: SELECT * FROM `sm_orders` WHERE `order_no` = '536120190902115441' LIMIT 1   [ RunTime:0.0355s ]
INFO: [ app_end ] --START--
INFO: Run Behavior\ShowPageTraceBehavior [ RunTime:0.000683s ]
INFO: [ app_end ] --END-- [ RunTime:0.000748s ]

[ 2019-09-02T11:55:12+08:00 ] 101.226.103.62 /ordera.php
INFO: [ app_init ] --START--
INFO: Run Behavior\BuildLiteBehavior [ RunTime:0.000012s ]
INFO: [ app_init ] --END-- [ RunTime:0.000306s ]
INFO: [ app_begin ] --START--
INFO: Run Behavior\ReadHtmlCacheBehavior [ RunTime:0.000433s ]
INFO: [ app_begin ] --END-- [ RunTime:0.000488s ]
SQL: SHOW COLUMNS FROM `sm_orders` [ RunTime:0.0058s ]
SQL: SELECT * FROM `sm_orders` WHERE `order_no` = '462920190902115446' LIMIT 1   [ RunTime:0.0276s ]
INFO: [ app_end ] --START--
INFO: Run Behavior\ShowPageTraceBehavior [ RunTime:0.000794s ]
INFO: [ app_end ] --END-- [ RunTime:0.000852s ]

[ 2019-09-02T11:55:13+08:00 ] 101.226.103.69 /ordera.php
INFO: [ app_init ] --START--
INFO: Run Behavior\BuildLiteBehavior [ RunTime:0.000013s ]
INFO: [ app_init ] --END-- [ RunTime:0.000343s ]
INFO: [ app_begin ] --START--
INFO: Run Behavior\ReadHtmlCacheBehavior [ RunTime:0.000585s ]
INFO: [ app_begin ] --END-- [ RunTime:0.000632s ]
SQL: SHOW COLUMNS FROM `sm_orders` [ RunTime:0.0054s ]
SQL: SELECT * FROM `sm_orders` WHERE `order_no` = '327420190902115505' LIMIT 1   [ RunTime:0.0183s ]
SQL: SHOW COLUMNS FROM `sm_stall` [ RunTime:0.0048s ]
SQL: SELECT `automatic` FROM `sm_stall` WHERE `stall_id` = '13' LIMIT 1   [ RunTime:0.0002s ]
SQL: UPDATE `sm_orders` SET `trade_no`='4200000346201909021236707473',`payment_time`='1567396513',`order_status`='2' WHERE `order_no` = '327420190902115505' [ RunTime:0.0176s ]
SQL: SHOW COLUMNS FROM `sm_stall_music` [ RunTime:0.0077s ]
SQL: SELECT `music` FROM `sm_stall_music` WHERE `stall_id` = '13' AND `music_type` = 1 LIMIT 1   [ RunTime:0.0003s ]

[ 2019-09-02T11:55:20+08:00 ] 183.3.234.45 /ordera.php
INFO: [ app_init ] --START--
INFO: Run Behavior\BuildLiteBehavior [ RunTime:0.000013s ]
INFO: [ app_init ] --END-- [ RunTime:0.000316s ]
INFO: [ app_begin ] --START--
INFO: Run Behavior\ReadHtmlCacheBehavior [ RunTime:0.000433s ]
INFO: [ app_begin ] --END-- [ RunTime:0.000482s ]
SQL: SHOW COLUMNS FROM `sm_orders` [ RunTime:0.0121s ]
SQL: SELECT * FROM `sm_orders` WHERE `order_no` = '918320190902115454' LIMIT 1   [ RunTime:0.0185s ]
INFO: [ app_end ] --START--
INFO: Run Behavior\ShowPageTraceBehavior [ RunTime:0.000624s ]
INFO: [ app_end ] --END-- [ RunTime:0.000675s ]

[ 2019-09-02T11:55:28+08:00 ] 101.226.103.71 /ordera.php
INFO: [ app_init ] --START--
INFO: Run Behavior\BuildLiteBehavior [ RunTime:0.000013s ]
INFO: [ app_init ] --END-- [ RunTime:0.000333s ]
INFO: [ app_begin ] --START--
INFO: Run Behavior\ReadHtmlCacheBehavior [ RunTime:0.000435s ]
INFO: [ app_begin ] --END-- [ RunTime:0.000485s ]
SQL: SHOW COLUMNS FROM `sm_orders` [ RunTime:0.0065s ]
SQL: SELECT * FROM `sm_orders` WHERE `order_no` = '705220190902115518' LIMIT 1   [ RunTime:0.0240s ]
SQL: SHOW COLUMNS FROM `sm_stall` [ RunTime:0.0057s ]
SQL: SELECT `automatic` FROM `sm_stall` WHERE `stall_id` = '13' LIMIT 1   [ RunTime:0.0003s ]
SQL: UPDATE `sm_orders` SET `trade_no`='4200000342201909025482656003',`payment_time`='1567396528',`order_status`='2' WHERE `order_no` = '705220190902115518' [ RunTime:0.0227s ]
SQL: SHOW COLUMNS FROM `sm_stall_music` [ RunTime:0.0087s ]
SQL: SELECT `music` FROM `sm_stall_music` WHERE `stall_id` = '13' AND `music_type` = 1 LIMIT 1   [ RunTime:0.0003s ]

[ 2019-09-02T11:55:29+08:00 ] 101.226.103.71 /ordera.php
INFO: [ app_init ] --START--
INFO: Run Behavior\BuildLiteBehavior [ RunTime:0.000014s ]
INFO: [ app_init ] --END-- [ RunTime:0.000321s ]
INFO: [ app_begin ] --START--
INFO: Run Behavior\ReadHtmlCacheBehavior [ RunTime:0.000487s ]
INFO: [ app_begin ] --END-- [ RunTime:0.000538s ]
SQL: SHOW COLUMNS FROM `sm_orders` [ RunTime:0.0060s ]
SQL: SELECT * FROM `sm_orders` WHERE `order_no` = '327420190902115505' LIMIT 1   [ RunTime:0.0181s ]
INFO: [ app_end ] --START--
INFO: Run Behavior\ShowPageTraceBehavior [ RunTime:0.000720s ]
INFO: [ app_end ] --END-- [ RunTime:0.000770s ]

[ 2019-09-02T11:55:30+08:00 ] 101.226.103.63 /ordera.php
INFO: [ app_init ] --START--
INFO: Run Behavior\BuildLiteBehavior [ RunTime:0.000012s ]
INFO: [ app_init ] --END-- [ RunTime:0.000358s ]
INFO: [ app_begin ] --START--
INFO: Run Behavior\ReadHtmlCacheBehavior [ RunTime:0.000581s ]
INFO: [ app_begin ] --END-- [ RunTime:0.000640s ]
SQL: SHOW COLUMNS FROM `sm_orders` [ RunTime:0.0128s ]
SQL: SELECT * FROM `sm_orders` WHERE `order_no` = '587120190902115521' LIMIT 1   [ RunTime:0.0589s ]
SQL: SHOW COLUMNS FROM `sm_stall` [ RunTime:0.0094s ]
SQL: SELECT `automatic` FROM `sm_stall` WHERE `stall_id` = '13' LIMIT 1   [ RunTime:0.0003s ]
SQL: UPDATE `sm_orders` SET `trade_no`='4200000355201909020113543210',`payment_time`='1567396530',`order_status`='2' WHERE `order_no` = '587120190902115521' [ RunTime:0.0241s ]
SQL: SHOW COLUMNS FROM `sm_stall_music` [ RunTime:0.0087s ]
SQL: SELECT `music` FROM `sm_stall_music` WHERE `stall_id` = '13' AND `music_type` = 1 LIMIT 1   [ RunTime:0.0004s ]

[ 2019-09-02T11:55:44+08:00 ] 101.226.103.61 /ordera.php
INFO: [ app_init ] --START--
INFO: Run Behavior\BuildLiteBehavior [ RunTime:0.000013s ]
INFO: [ app_init ] --END-- [ RunTime:0.000314s ]
INFO: [ app_begin ] --START--
INFO: Run Behavior\ReadHtmlCacheBehavior [ RunTime:0.000587s ]
INFO: [ app_begin ] --END-- [ RunTime:0.000639s ]
SQL: SHOW COLUMNS FROM `sm_orders` [ RunTime:0.0127s ]
SQL: SELECT * FROM `sm_orders` WHERE `order_no` = '705220190902115518' LIMIT 1   [ RunTime:0.0294s ]
INFO: [ app_end ] --START--
INFO: Run Behavior\ShowPageTraceBehavior [ RunTime:0.000854s ]
INFO: [ app_end ] --END-- [ RunTime:0.000917s ]

[ 2019-09-02T11:55:46+08:00 ] 101.226.103.63 /ordera.php
INFO: [ app_init ] --START--
INFO: Run Behavior\BuildLiteBehavior [ RunTime:0.000012s ]
INFO: [ app_init ] --END-- [ RunTime:0.000307s ]
INFO: [ app_begin ] --START--
INFO: Run Behavior\ReadHtmlCacheBehavior [ RunTime:0.000430s ]
INFO: [ app_begin ] --END-- [ RunTime:0.000477s ]
SQL: SHOW COLUMNS FROM `sm_orders` [ RunTime:0.0128s ]
SQL: SELECT * FROM `sm_orders` WHERE `order_no` = '587120190902115521' LIMIT 1   [ RunTime:0.0292s ]
INFO: [ app_end ] --START--
INFO: Run Behavior\ShowPageTraceBehavior [ RunTime:0.000726s ]
INFO: [ app_end ] --END-- [ RunTime:0.000777s ]

[ 2019-09-02T11:57:43+08:00 ] 101.226.103.69 /ordera.php
INFO: [ app_init ] --START--
INFO: Run Behavior\BuildLiteBehavior [ RunTime:0.000014s ]
INFO: [ app_init ] --END-- [ RunTime:0.000378s ]
INFO: [ app_begin ] --START--
INFO: Run Behavior\ReadHtmlCacheBehavior [ RunTime:0.000575s ]
INFO: [ app_begin ] --END-- [ RunTime:0.000626s ]
SQL: SHOW COLUMNS FROM `sm_orders` [ RunTime:0.0126s ]
SQL: SELECT * FROM `sm_orders` WHERE `order_no` = '374720190902115731' LIMIT 1   [ RunTime:0.0250s ]
SQL: SHOW COLUMNS FROM `sm_stall` [ RunTime:0.0085s ]
SQL: SELECT `automatic` FROM `sm_stall` WHERE `stall_id` = '13' LIMIT 1   [ RunTime:0.0003s ]
SQL: UPDATE `sm_orders` SET `trade_no`='4200000343201909025136927717',`payment_time`='1567396663',`order_status`='2' WHERE `order_no` = '374720190902115731' [ RunTime:0.0200s ]
SQL: SHOW COLUMNS FROM `sm_stall_music` [ RunTime:0.0083s ]
SQL: SELECT `music` FROM `sm_stall_music` WHERE `stall_id` = '13' AND `music_type` = 1 LIMIT 1   [ RunTime:0.0003s ]

[ 2019-09-02T11:57:48+08:00 ] 101.226.103.60 /ordera.php
INFO: [ app_init ] --START--
INFO: Run Behavior\BuildLiteBehavior [ RunTime:0.000014s ]
INFO: [ app_init ] --END-- [ RunTime:0.000325s ]
INFO: [ app_begin ] --START--
INFO: Run Behavior\ReadHtmlCacheBehavior [ RunTime:0.000458s ]
INFO: [ app_begin ] --END-- [ RunTime:0.000507s ]
SQL: SHOW COLUMNS FROM `sm_orders` [ RunTime:0.0129s ]
SQL: SELECT * FROM `sm_orders` WHERE `order_no` = '547220190902115733' LIMIT 1   [ RunTime:0.0376s ]
SQL: SHOW COLUMNS FROM `sm_stall` [ RunTime:0.0095s ]
SQL: SELECT `automatic` FROM `sm_stall` WHERE `stall_id` = '13' LIMIT 1   [ RunTime:0.0003s ]
SQL: UPDATE `sm_orders` SET `trade_no`='4200000353201909029216658370',`payment_time`='1567396668',`order_status`='2' WHERE `order_no` = '547220190902115733' [ RunTime:0.0219s ]
SQL: SHOW COLUMNS FROM `sm_stall_music` [ RunTime:0.0087s ]
SQL: SELECT `music` FROM `sm_stall_music` WHERE `stall_id` = '13' AND `music_type` = 1 LIMIT 1   [ RunTime:0.0003s ]

[ 2019-09-02T11:57:59+08:00 ] 101.226.103.69 /ordera.php
INFO: [ app_init ] --START--
INFO: Run Behavior\BuildLiteBehavior [ RunTime:0.000014s ]
INFO: [ app_init ] --END-- [ RunTime:0.000364s ]
INFO: [ app_begin ] --START--
INFO: Run Behavior\ReadHtmlCacheBehavior [ RunTime:0.000554s ]
INFO: [ app_begin ] --END-- [ RunTime:0.000603s ]
SQL: SHOW COLUMNS FROM `sm_orders` [ RunTime:0.0126s ]
SQL: SELECT * FROM `sm_orders` WHERE `order_no` = '374720190902115731' LIMIT 1   [ RunTime:0.0246s ]
INFO: [ app_end ] --START--
INFO: Run Behavior\ShowPageTraceBehavior [ RunTime:0.000759s ]
INFO: [ app_end ] --END-- [ RunTime:0.000808s ]

[ 2019-09-02T11:58:04+08:00 ] 101.226.103.71 /ordera.php
INFO: [ app_init ] --START--
INFO: Run Behavior\BuildLiteBehavior [ RunTime:0.000013s ]
INFO: [ app_init ] --END-- [ RunTime:0.000356s ]
INFO: [ app_begin ] --START--
INFO: Run Behavior\ReadHtmlCacheBehavior [ RunTime:0.000547s ]
INFO: [ app_begin ] --END-- [ RunTime:0.000612s ]
SQL: SHOW COLUMNS FROM `sm_orders` [ RunTime:0.0125s ]
SQL: SELECT * FROM `sm_orders` WHERE `order_no` = '547220190902115733' LIMIT 1   [ RunTime:0.0228s ]
INFO: [ app_end ] --START--
INFO: Run Behavior\ShowPageTraceBehavior [ RunTime:0.000792s ]
INFO: [ app_end ] --END-- [ RunTime:0.000844s ]

[ 2019-09-02T11:59:32+08:00 ] 101.226.103.71 /ordera.php
INFO: [ app_init ] --START--
INFO: Run Behavior\BuildLiteBehavior [ RunTime:0.000017s ]
INFO: [ app_init ] --END-- [ RunTime:0.000368s ]
INFO: [ app_begin ] --START--
INFO: Run Behavior\ReadHtmlCacheBehavior [ RunTime:0.000629s ]
INFO: [ app_begin ] --END-- [ RunTime:0.000676s ]
SQL: SHOW COLUMNS FROM `sm_orders` [ RunTime:0.0057s ]
SQL: SELECT * FROM `sm_orders` WHERE `order_no` = '518020190902115923' LIMIT 1   [ RunTime:0.0184s ]
SQL: SHOW COLUMNS FROM `sm_stall` [ RunTime:0.0054s ]
SQL: SELECT `automatic` FROM `sm_stall` WHERE `stall_id` = '13' LIMIT 1   [ RunTime:0.0002s ]
SQL: UPDATE `sm_orders` SET `trade_no`='4200000350201909029689834988',`payment_time`='1567396772',`order_status`='2' WHERE `order_no` = '518020190902115923' [ RunTime:0.0214s ]
SQL: SHOW COLUMNS FROM `sm_stall_music` [ RunTime:0.0085s ]
SQL: SELECT `music` FROM `sm_stall_music` WHERE `stall_id` = '13' AND `music_type` = 1 LIMIT 1   [ RunTime:0.0003s ]

[ 2019-09-02T11:59:48+08:00 ] 101.226.103.60 /ordera.php
INFO: [ app_init ] --START--
INFO: Run Behavior\BuildLiteBehavior [ RunTime:0.000013s ]
INFO: [ app_init ] --END-- [ RunTime:0.000331s ]
INFO: [ app_begin ] --START--
INFO: Run Behavior\ReadHtmlCacheBehavior [ RunTime:0.000435s ]
INFO: [ app_begin ] --END-- [ RunTime:0.000484s ]
SQL: SHOW COLUMNS FROM `sm_orders` [ RunTime:0.0054s ]
SQL: SELECT * FROM `sm_orders` WHERE `order_no` = '518020190902115923' LIMIT 1   [ RunTime:0.0181s ]
INFO: [ app_end ] --START--
INFO: Run Behavior\ShowPageTraceBehavior [ RunTime:0.000541s ]
INFO: [ app_end ] --END-- [ RunTime:0.000585s ]

[ 2019-09-02T12:00:19+08:00 ] 101.226.103.71 /ordera.php
INFO: [ app_init ] --START--
INFO: Run Behavior\BuildLiteBehavior [ RunTime:0.000013s ]
INFO: [ app_init ] --END-- [ RunTime:0.000308s ]
INFO: [ app_begin ] --START--
INFO: Run Behavior\ReadHtmlCacheBehavior [ RunTime:0.000554s ]
INFO: [ app_begin ] --END-- [ RunTime:0.000602s ]
SQL: SHOW COLUMNS FROM `sm_orders` [ RunTime:0.0056s ]
SQL: SELECT * FROM `sm_orders` WHERE `order_no` = '365020190902120007' LIMIT 1   [ RunTime:0.0182s ]
SQL: SHOW COLUMNS FROM `sm_stall` [ RunTime:0.0052s ]
SQL: SELECT `automatic` FROM `sm_stall` WHERE `stall_id` = '26' LIMIT 1   [ RunTime:0.0003s ]
SQL: UPDATE `sm_orders` SET `trade_no`='4200000345201909022914699251',`payment_time`='1567396819',`order_status`='2' WHERE `order_no` = '365020190902120007' [ RunTime:0.0204s ]
SQL: SHOW COLUMNS FROM `sm_stall_music` [ RunTime:0.0090s ]
SQL: SELECT `music` FROM `sm_stall_music` WHERE `stall_id` = '26' AND `music_type` = 1 LIMIT 1   [ RunTime:0.0003s ]

[ 2019-09-02T12:00:35+08:00 ] 101.226.103.60 /ordera.php
INFO: [ app_init ] --START--
INFO: Run Behavior\BuildLiteBehavior [ RunTime:0.000013s ]
INFO: [ app_init ] --END-- [ RunTime:0.000318s ]
INFO: [ app_begin ] --START--
INFO: Run Behavior\ReadHtmlCacheBehavior [ RunTime:0.000559s ]
INFO: [ app_begin ] --END-- [ RunTime:0.000608s ]
SQL: SHOW COLUMNS FROM `sm_orders` [ RunTime:0.0126s ]
SQL: SELECT * FROM `sm_orders` WHERE `order_no` = '365020190902120007' LIMIT 1   [ RunTime:0.0469s ]
INFO: [ app_end ] --START--
INFO: Run Behavior\ShowPageTraceBehavior [ RunTime:0.000715s ]
INFO: [ app_end ] --END-- [ RunTime:0.000768s ]

[ 2019-09-02T12:03:26+08:00 ] 101.226.103.60 /ordera.php
INFO: [ app_init ] --START--
INFO: Run Behavior\BuildLiteBehavior [ RunTime:0.000014s ]
INFO: [ app_init ] --END-- [ RunTime:0.000312s ]
INFO: [ app_begin ] --START--
INFO: Run Behavior\ReadHtmlCacheBehavior [ RunTime:0.000445s ]
INFO: [ app_begin ] --END-- [ RunTime:0.000492s ]
SQL: SHOW COLUMNS FROM `sm_orders` [ RunTime:0.0139s ]
SQL: SELECT * FROM `sm_orders` WHERE `order_no` = '241120190902120319' LIMIT 1   [ RunTime:0.0195s ]
SQL: SHOW COLUMNS FROM `sm_stall` [ RunTime:0.0091s ]
SQL: SELECT `automatic` FROM `sm_stall` WHERE `stall_id` = '26' LIMIT 1   [ RunTime:0.0003s ]
SQL: UPDATE `sm_orders` SET `trade_no`='4200000349201909029960394510',`payment_time`='1567397006',`order_status`='2' WHERE `order_no` = '241120190902120319' [ RunTime:0.0242s ]
SQL: SHOW COLUMNS FROM `sm_stall_music` [ RunTime:0.0087s ]
SQL: SELECT `music` FROM `sm_stall_music` WHERE `stall_id` = '26' AND `music_type` = 1 LIMIT 1   [ RunTime:0.0004s ]

[ 2019-09-02T12:03:41+08:00 ] 101.226.103.69 /ordera.php
INFO: [ app_init ] --START--
INFO: Run Behavior\BuildLiteBehavior [ RunTime:0.000013s ]
INFO: [ app_init ] --END-- [ RunTime:0.000323s ]
INFO: [ app_begin ] --START--
INFO: Run Behavior\ReadHtmlCacheBehavior [ RunTime:0.000552s ]
INFO: [ app_begin ] --END-- [ RunTime:0.000602s ]
SQL: SHOW COLUMNS FROM `sm_orders` [ RunTime:0.0111s ]
SQL: SELECT * FROM `sm_orders` WHERE `order_no` = '241120190902120319' LIMIT 1   [ RunTime:0.0188s ]
INFO: [ app_end ] --START--
INFO: Run Behavior\ShowPageTraceBehavior [ RunTime:0.000694s ]
INFO: [ app_end ] --END-- [ RunTime:0.000753s ]

[ 2019-09-02T12:22:23+08:00 ] 101.226.103.60 /ordera.php
INFO: [ app_init ] --START--
INFO: Run Behavior\BuildLiteBehavior [ RunTime:0.000016s ]
INFO: [ app_init ] --END-- [ RunTime:0.000406s ]
INFO: [ app_begin ] --START--
INFO: Run Behavior\ReadHtmlCacheBehavior [ RunTime:0.000576s ]
INFO: [ app_begin ] --END-- [ RunTime:0.000629s ]
SQL: SHOW COLUMNS FROM `sm_orders` [ RunTime:0.0121s ]
SQL: SELECT * FROM `sm_orders` WHERE `order_no` = '849620190902122213' LIMIT 1   [ RunTime:0.0502s ]
SQL: SHOW COLUMNS FROM `sm_stall` [ RunTime:0.0090s ]
SQL: SELECT `automatic` FROM `sm_stall` WHERE `stall_id` = '13' LIMIT 1   [ RunTime:0.0003s ]
SQL: UPDATE `sm_orders` SET `trade_no`='4200000339201909020406335721',`payment_time`='1567398143',`order_status`='2' WHERE `order_no` = '849620190902122213' [ RunTime:0.0266s ]
SQL: SHOW COLUMNS FROM `sm_stall_music` [ RunTime:0.0087s ]
SQL: SELECT `music` FROM `sm_stall_music` WHERE `stall_id` = '13' AND `music_type` = 1 LIMIT 1   [ RunTime:0.0003s ]

[ 2019-09-02T12:22:39+08:00 ] 101.226.103.60 /ordera.php
INFO: [ app_init ] --START--
INFO: Run Behavior\BuildLiteBehavior [ RunTime:0.000014s ]
INFO: [ app_init ] --END-- [ RunTime:0.000311s ]
INFO: [ app_begin ] --START--
INFO: Run Behavior\ReadHtmlCacheBehavior [ RunTime:0.000442s ]
INFO: [ app_begin ] --END-- [ RunTime:0.000490s ]
SQL: SHOW COLUMNS FROM `sm_orders` [ RunTime:0.0124s ]
SQL: SELECT * FROM `sm_orders` WHERE `order_no` = '849620190902122213' LIMIT 1   [ RunTime:0.0425s ]
INFO: [ app_end ] --START--
INFO: Run Behavior\ShowPageTraceBehavior [ RunTime:0.000733s ]
INFO: [ app_end ] --END-- [ RunTime:0.000787s ]

[ 2019-09-02T16:13:07+08:00 ] 101.226.103.71 /ordera.php
INFO: [ app_init ] --START--
INFO: Run Behavior\BuildLiteBehavior [ RunTime:0.000013s ]
INFO: [ app_init ] --END-- [ RunTime:0.000310s ]
INFO: [ app_begin ] --START--
INFO: Run Behavior\ReadHtmlCacheBehavior [ RunTime:0.000566s ]
INFO: [ app_begin ] --END-- [ RunTime:0.000614s ]
SQL: SHOW COLUMNS FROM `sm_orders` [ RunTime:0.0114s ]
SQL: SELECT * FROM `sm_orders` WHERE `order_no` = '571020190902161100' LIMIT 1   [ RunTime:0.0254s ]
SQL: SHOW COLUMNS FROM `sm_stall` [ RunTime:0.0082s ]
SQL: SELECT `automatic` FROM `sm_stall` WHERE `stall_id` = '11' LIMIT 1   [ RunTime:0.0003s ]
SQL: UPDATE `sm_orders` SET `trade_no`='4200000347201909024986328275',`payment_time`='1567411987',`order_status`='2' WHERE `order_no` = '571020190902161100' [ RunTime:0.0179s ]
SQL: SHOW COLUMNS FROM `sm_stall_music` [ RunTime:0.0075s ]
SQL: SELECT `music` FROM `sm_stall_music` WHERE `stall_id` = '11' AND `music_type` = 1 LIMIT 1   [ RunTime:0.0003s ]

[ 2019-09-02T16:13:23+08:00 ] 101.226.103.60 /ordera.php
INFO: [ app_init ] --START--
INFO: Run Behavior\BuildLiteBehavior [ RunTime:0.000013s ]
INFO: [ app_init ] --END-- [ RunTime:0.000321s ]
INFO: [ app_begin ] --START--
INFO: Run Behavior\ReadHtmlCacheBehavior [ RunTime:0.000559s ]
INFO: [ app_begin ] --END-- [ RunTime:0.000610s ]
SQL: SHOW COLUMNS FROM `sm_orders` [ RunTime:0.0104s ]
SQL: SELECT * FROM `sm_orders` WHERE `order_no` = '571020190902161100' LIMIT 1   [ RunTime:0.0388s ]
INFO: [ app_end ] --START--
INFO: Run Behavior\ShowPageTraceBehavior [ RunTime:0.000786s ]
INFO: [ app_end ] --END-- [ RunTime:0.000839s ]

[ 2019-09-02T16:20:11+08:00 ] 101.226.103.69 /ordera.php
INFO: [ app_init ] --START--
INFO: Run Behavior\BuildLiteBehavior [ RunTime:0.000014s ]
INFO: [ app_init ] --END-- [ RunTime:0.000388s ]
INFO: [ app_begin ] --START--
INFO: Run Behavior\ReadHtmlCacheBehavior [ RunTime:0.000652s ]
INFO: [ app_begin ] --END-- [ RunTime:0.000703s ]
SQL: SHOW COLUMNS FROM `sm_orders` [ RunTime:0.0120s ]
SQL: SELECT * FROM `sm_orders` WHERE `order_no` = '425120190902162000' LIMIT 1   [ RunTime:0.0525s ]
SQL: SHOW COLUMNS FROM `sm_stall` [ RunTime:0.0088s ]
SQL: SELECT `automatic` FROM `sm_stall` WHERE `stall_id` = '26' LIMIT 1   [ RunTime:0.0003s ]
SQL: UPDATE `sm_orders` SET `trade_no`='4200000352201909024960202961',`payment_time`='1567412411',`order_status`='2' WHERE `order_no` = '425120190902162000' [ RunTime:0.0246s ]
SQL: SHOW COLUMNS FROM `sm_stall_music` [ RunTime:0.0095s ]
SQL: SELECT `music` FROM `sm_stall_music` WHERE `stall_id` = '26' AND `music_type` = 1 LIMIT 1   [ RunTime:0.0003s ]

[ 2019-09-02T16:20:27+08:00 ] 101.226.103.69 /ordera.php
INFO: [ app_init ] --START--
INFO: Run Behavior\BuildLiteBehavior [ RunTime:0.000014s ]
INFO: [ app_init ] --END-- [ RunTime:0.000318s ]
INFO: [ app_begin ] --START--
INFO: Run Behavior\ReadHtmlCacheBehavior [ RunTime:0.000561s ]
INFO: [ app_begin ] --END-- [ RunTime:0.000611s ]
SQL: SHOW COLUMNS FROM `sm_orders` [ RunTime:0.0123s ]
SQL: SELECT * FROM `sm_orders` WHERE `order_no` = '425120190902162000' LIMIT 1   [ RunTime:0.0461s ]
INFO: [ app_end ] --START--
INFO: Run Behavior\ShowPageTraceBehavior [ RunTime:0.000715s ]
INFO: [ app_end ] --END-- [ RunTime:0.000766s ]

[ 2019-09-02T16:44:00+08:00 ] 101.226.103.71 /ordera.php
INFO: [ app_init ] --START--
INFO: Run Behavior\BuildLiteBehavior [ RunTime:0.000013s ]
INFO: [ app_init ] --END-- [ RunTime:0.000324s ]
INFO: [ app_begin ] --START--
INFO: Run Behavior\ReadHtmlCacheBehavior [ RunTime:0.000467s ]
INFO: [ app_begin ] --END-- [ RunTime:0.000519s ]
SQL: SHOW COLUMNS FROM `sm_orders` [ RunTime:0.0058s ]
SQL: SELECT * FROM `sm_orders` WHERE `order_no` = '771320190902164350' LIMIT 1   [ RunTime:0.0181s ]
SQL: SHOW COLUMNS FROM `sm_stall` [ RunTime:0.0055s ]
SQL: SELECT `automatic` FROM `sm_stall` WHERE `stall_id` = '13' LIMIT 1   [ RunTime:0.0003s ]
SQL: UPDATE `sm_orders` SET `trade_no`='4200000358201909024437799655',`payment_time`='1567413840',`order_status`='2' WHERE `order_no` = '771320190902164350' [ RunTime:0.0225s ]
SQL: SHOW COLUMNS FROM `sm_stall_music` [ RunTime:0.0086s ]
SQL: SELECT `music` FROM `sm_stall_music` WHERE `stall_id` = '13' AND `music_type` = 1 LIMIT 1   [ RunTime:0.0003s ]

[ 2019-09-02T16:44:17+08:00 ] 101.226.103.69 /ordera.php
INFO: [ app_init ] --START--
INFO: Run Behavior\BuildLiteBehavior [ RunTime:0.000012s ]
INFO: [ app_init ] --END-- [ RunTime:0.000303s ]
INFO: [ app_begin ] --START--
INFO: Run Behavior\ReadHtmlCacheBehavior [ RunTime:0.000435s ]
INFO: [ app_begin ] --END-- [ RunTime:0.000481s ]
SQL: SHOW COLUMNS FROM `sm_orders` [ RunTime:0.0126s ]
SQL: SELECT * FROM `sm_orders` WHERE `order_no` = '771320190902164350' LIMIT 1   [ RunTime:0.0240s ]
INFO: [ app_end ] --START--
INFO: Run Behavior\ShowPageTraceBehavior [ RunTime:0.000838s ]
INFO: [ app_end ] --END-- [ RunTime:0.000892s ]

[ 2019-09-02T16:49:45+08:00 ] 101.226.103.61 /ordera.php
INFO: [ app_init ] --START--
INFO: Run Behavior\BuildLiteBehavior [ RunTime:0.000013s ]
INFO: [ app_init ] --END-- [ RunTime:0.000317s ]
INFO: [ app_begin ] --START--
INFO: Run Behavior\ReadHtmlCacheBehavior [ RunTime:0.000542s ]
INFO: [ app_begin ] --END-- [ RunTime:0.000590s ]
SQL: SHOW COLUMNS FROM `sm_orders` [ RunTime:0.0121s ]
SQL: SELECT * FROM `sm_orders` WHERE `order_no` = '680920190902164915' LIMIT 1   [ RunTime:0.0180s ]
SQL: SHOW COLUMNS FROM `sm_stall` [ RunTime:0.0117s ]
SQL: SELECT `automatic` FROM `sm_stall` WHERE `stall_id` = '12' LIMIT 1   [ RunTime:0.0003s ]
SQL: UPDATE `sm_orders` SET `trade_no`='4200000344201909022722475851',`payment_time`='1567414184',`order_status`='2' WHERE `order_no` = '680920190902164915' [ RunTime:0.0194s ]
SQL: SHOW COLUMNS FROM `sm_stall_music` [ RunTime:0.0079s ]
SQL: SELECT `music` FROM `sm_stall_music` WHERE `stall_id` = '12' AND `music_type` = 1 LIMIT 1   [ RunTime:0.0003s ]

[ 2019-09-02T16:50:01+08:00 ] 101.226.103.69 /ordera.php
INFO: [ app_init ] --START--
INFO: Run Behavior\BuildLiteBehavior [ RunTime:0.000014s ]
INFO: [ app_init ] --END-- [ RunTime:0.000363s ]
INFO: [ app_begin ] --START--
INFO: Run Behavior\ReadHtmlCacheBehavior [ RunTime:0.000690s ]
INFO: [ app_begin ] --END-- [ RunTime:0.000741s ]
SQL: SHOW COLUMNS FROM `sm_orders` [ RunTime:0.0128s ]
SQL: SELECT * FROM `sm_orders` WHERE `order_no` = '680920190902164915' LIMIT 1   [ RunTime:0.0287s ]
INFO: [ app_end ] --START--
INFO: Run Behavior\ShowPageTraceBehavior [ RunTime:0.000790s ]
INFO: [ app_end ] --END-- [ RunTime:0.000853s ]

[ 2019-09-02T17:03:32+08:00 ] 101.226.103.69 /ordera.php
INFO: [ app_init ] --START--
INFO: Run Behavior\BuildLiteBehavior [ RunTime:0.000016s ]
INFO: [ app_init ] --END-- [ RunTime:0.000514s ]
INFO: [ app_begin ] --START--
INFO: Run Behavior\ReadHtmlCacheBehavior [ RunTime:0.000574s ]
INFO: [ app_begin ] --END-- [ RunTime:0.000625s ]
SQL: SHOW COLUMNS FROM `sm_orders` [ RunTime:0.0129s ]
SQL: SELECT * FROM `sm_orders` WHERE `order_no` = '880520190902170322' LIMIT 1   [ RunTime:0.0671s ]
SQL: SHOW COLUMNS FROM `sm_stall` [ RunTime:0.0091s ]
SQL: SELECT `automatic` FROM `sm_stall` WHERE `stall_id` = '10' LIMIT 1   [ RunTime:0.0003s ]
SQL: UPDATE `sm_orders` SET `trade_no`='4200000341201909023052734871',`payment_time`='1567415011',`order_status`='2' WHERE `order_no` = '880520190902170322' [ RunTime:0.0232s ]
SQL: SHOW COLUMNS FROM `sm_stall_music` [ RunTime:0.0121s ]
SQL: SELECT `music` FROM `sm_stall_music` WHERE `stall_id` = '10' AND `music_type` = 1 LIMIT 1   [ RunTime:0.0003s ]

[ 2019-09-02T17:03:47+08:00 ] 101.226.103.69 /ordera.php
INFO: [ app_init ] --START--
INFO: Run Behavior\BuildLiteBehavior [ RunTime:0.000013s ]
INFO: [ app_init ] --END-- [ RunTime:0.000360s ]
INFO: [ app_begin ] --START--
INFO: Run Behavior\ReadHtmlCacheBehavior [ RunTime:0.000576s ]
INFO: [ app_begin ] --END-- [ RunTime:0.000625s ]
SQL: SHOW COLUMNS FROM `sm_orders` [ RunTime:0.0126s ]
SQL: SELECT * FROM `sm_orders` WHERE `order_no` = '880520190902170322' LIMIT 1   [ RunTime:0.0637s ]
INFO: [ app_end ] --START--
INFO: Run Behavior\ShowPageTraceBehavior [ RunTime:0.000786s ]
INFO: [ app_end ] --END-- [ RunTime:0.000840s ]

[ 2019-09-02T17:36:48+08:00 ] 101.226.103.62 /ordera.php
INFO: [ app_init ] --START--
INFO: Run Behavior\BuildLiteBehavior [ RunTime:0.000012s ]
INFO: [ app_init ] --END-- [ RunTime:0.000327s ]
INFO: [ app_begin ] --START--
INFO: Run Behavior\ReadHtmlCacheBehavior [ RunTime:0.000575s ]
INFO: [ app_begin ] --END-- [ RunTime:0.000625s ]
SQL: SHOW COLUMNS FROM `sm_orders` [ RunTime:0.0131s ]
SQL: SELECT * FROM `sm_orders` WHERE `order_no` = '396820190902173620' LIMIT 1   [ RunTime:0.0480s ]
SQL: SHOW COLUMNS FROM `sm_stall` [ RunTime:0.0093s ]
SQL: SELECT `automatic` FROM `sm_stall` WHERE `stall_id` = '27' LIMIT 1   [ RunTime:0.0003s ]
SQL: UPDATE `sm_orders` SET `trade_no`='4200000346201909024509270600',`payment_time`='1567417007',`order_status`='2' WHERE `order_no` = '396820190902173620' [ RunTime:0.0179s ]
SQL: SHOW COLUMNS FROM `sm_stall_music` [ RunTime:0.0079s ]
SQL: SELECT `music` FROM `sm_stall_music` WHERE `stall_id` = '27' AND `music_type` = 1 LIMIT 1   [ RunTime:0.0003s ]

[ 2019-09-02T17:37:03+08:00 ] 101.226.103.60 /ordera.php
INFO: [ app_init ] --START--
INFO: Run Behavior\BuildLiteBehavior [ RunTime:0.000017s ]
INFO: [ app_init ] --END-- [ RunTime:0.000442s ]
INFO: [ app_begin ] --START--
INFO: Run Behavior\ReadHtmlCacheBehavior [ RunTime:0.000544s ]
INFO: [ app_begin ] --END-- [ RunTime:0.000591s ]
SQL: SHOW COLUMNS FROM `sm_orders` [ RunTime:0.0127s ]
SQL: SELECT * FROM `sm_orders` WHERE `order_no` = '396820190902173620' LIMIT 1   [ RunTime:0.0405s ]
INFO: [ app_end ] --START--
INFO: Run Behavior\ShowPageTraceBehavior [ RunTime:0.000708s ]
INFO: [ app_end ] --END-- [ RunTime:0.000760s ]

[ 2019-09-02T17:38:48+08:00 ] 101.226.103.71 /ordera.php
INFO: [ app_init ] --START--
INFO: Run Behavior\BuildLiteBehavior [ RunTime:0.000015s ]
INFO: [ app_init ] --END-- [ RunTime:0.000369s ]
INFO: [ app_begin ] --START--
INFO: Run Behavior\ReadHtmlCacheBehavior [ RunTime:0.000636s ]
INFO: [ app_begin ] --END-- [ RunTime:0.000687s ]
SQL: SHOW COLUMNS FROM `sm_orders` [ RunTime:0.0152s ]
SQL: SELECT * FROM `sm_orders` WHERE `order_no` = '650920190902173832' LIMIT 1   [ RunTime:0.0583s ]
SQL: SHOW COLUMNS FROM `sm_stall` [ RunTime:0.0093s ]
SQL: SELECT `automatic` FROM `sm_stall` WHERE `stall_id` = '10' LIMIT 1   [ RunTime:0.0003s ]
SQL: UPDATE `sm_orders` SET `trade_no`='4200000346201909026371684629',`payment_time`='1567417128',`order_status`='2' WHERE `order_no` = '650920190902173832' [ RunTime:0.0187s ]
SQL: SHOW COLUMNS FROM `sm_stall_music` [ RunTime:0.0083s ]
SQL: SELECT `music` FROM `sm_stall_music` WHERE `stall_id` = '10' AND `music_type` = 1 LIMIT 1   [ RunTime:0.0003s ]

[ 2019-09-02T17:39:04+08:00 ] 101.226.103.70 /ordera.php
INFO: [ app_init ] --START--
INFO: Run Behavior\BuildLiteBehavior [ RunTime:0.000014s ]
INFO: [ app_init ] --END-- [ RunTime:0.000332s ]
INFO: [ app_begin ] --START--
INFO: Run Behavior\ReadHtmlCacheBehavior [ RunTime:0.000477s ]
INFO: [ app_begin ] --END-- [ RunTime:0.000527s ]
SQL: SHOW COLUMNS FROM `sm_orders` [ RunTime:0.0058s ]
SQL: SELECT * FROM `sm_orders` WHERE `order_no` = '650920190902173832' LIMIT 1   [ RunTime:0.0186s ]
INFO: [ app_end ] --START--
INFO: Run Behavior\ShowPageTraceBehavior [ RunTime:0.000592s ]
INFO: [ app_end ] --END-- [ RunTime:0.000640s ]

[ 2019-09-02T17:40:34+08:00 ] 101.226.103.71 /ordera.php
INFO: [ app_init ] --START--
INFO: Run Behavior\BuildLiteBehavior [ RunTime:0.000014s ]
INFO: [ app_init ] --END-- [ RunTime:0.000362s ]
INFO: [ app_begin ] --START--
INFO: Run Behavior\ReadHtmlCacheBehavior [ RunTime:0.000619s ]
INFO: [ app_begin ] --END-- [ RunTime:0.000668s ]
SQL: SHOW COLUMNS FROM `sm_orders` [ RunTime:0.0131s ]
SQL: SELECT * FROM `sm_orders` WHERE `order_no` = '743620190902174024' LIMIT 1   [ RunTime:0.0391s ]
SQL: SHOW COLUMNS FROM `sm_stall` [ RunTime:0.0165s ]
SQL: SELECT `automatic` FROM `sm_stall` WHERE `stall_id` = '27' LIMIT 1   [ RunTime:0.0003s ]
SQL: UPDATE `sm_orders` SET `trade_no`='4200000345201909025245494286',`payment_time`='1567417234',`order_status`='2' WHERE `order_no` = '743620190902174024' [ RunTime:0.0193s ]
SQL: SHOW COLUMNS FROM `sm_stall_music` [ RunTime:0.0082s ]
SQL: SELECT `music` FROM `sm_stall_music` WHERE `stall_id` = '27' AND `music_type` = 1 LIMIT 1   [ RunTime:0.0003s ]

[ 2019-09-02T17:40:50+08:00 ] 101.226.103.69 /ordera.php
INFO: [ app_init ] --START--
INFO: Run Behavior\BuildLiteBehavior [ RunTime:0.000014s ]
INFO: [ app_init ] --END-- [ RunTime:0.000312s ]
INFO: [ app_begin ] --START--
INFO: Run Behavior\ReadHtmlCacheBehavior [ RunTime:0.000564s ]
INFO: [ app_begin ] --END-- [ RunTime:0.000612s ]
SQL: SHOW COLUMNS FROM `sm_orders` [ RunTime:0.0117s ]
SQL: SELECT * FROM `sm_orders` WHERE `order_no` = '743620190902174024' LIMIT 1   [ RunTime:0.0180s ]
INFO: [ app_end ] --START--
INFO: Run Behavior\ShowPageTraceBehavior [ RunTime:0.000701s ]
INFO: [ app_end ] --END-- [ RunTime:0.000765s ]

[ 2019-09-02T17:41:04+08:00 ] 101.226.103.69 /ordera.php
INFO: [ app_init ] --START--
INFO: Run Behavior\BuildLiteBehavior [ RunTime:0.000014s ]
INFO: [ app_init ] --END-- [ RunTime:0.000353s ]
INFO: [ app_begin ] --START--
INFO: Run Behavior\ReadHtmlCacheBehavior [ RunTime:0.000633s ]
INFO: [ app_begin ] --END-- [ RunTime:0.000688s ]
SQL: SHOW COLUMNS FROM `sm_orders` [ RunTime:0.0124s ]
SQL: SELECT * FROM `sm_orders` WHERE `order_no` = '564420190902174056' LIMIT 1   [ RunTime:0.0378s ]
SQL: SHOW COLUMNS FROM `sm_stall` [ RunTime:0.0092s ]
SQL: SELECT `automatic` FROM `sm_stall` WHERE `stall_id` = '26' LIMIT 1   [ RunTime:0.0003s ]
SQL: UPDATE `sm_orders` SET `trade_no`='4200000345201909025416008382',`payment_time`='1567417264',`order_status`='2' WHERE `order_no` = '564420190902174056' [ RunTime:0.0203s ]
SQL: SHOW COLUMNS FROM `sm_stall_music` [ RunTime:0.0081s ]
SQL: SELECT `music` FROM `sm_stall_music` WHERE `stall_id` = '26' AND `music_type` = 1 LIMIT 1   [ RunTime:0.0003s ]

[ 2019-09-02T17:41:20+08:00 ] 101.226.103.60 /ordera.php
INFO: [ app_init ] --START--
INFO: Run Behavior\BuildLiteBehavior [ RunTime:0.000014s ]
INFO: [ app_init ] --END-- [ RunTime:0.000352s ]
INFO: [ app_begin ] --START--
INFO: Run Behavior\ReadHtmlCacheBehavior [ RunTime:0.000615s ]
INFO: [ app_begin ] --END-- [ RunTime:0.000665s ]
SQL: SHOW COLUMNS FROM `sm_orders` [ RunTime:0.0127s ]
SQL: SELECT * FROM `sm_orders` WHERE `order_no` = '564420190902174056' LIMIT 1   [ RunTime:0.0356s ]
INFO: [ app_end ] --START--
INFO: Run Behavior\ShowPageTraceBehavior [ RunTime:0.000780s ]
INFO: [ app_end ] --END-- [ RunTime:0.000830s ]

[ 2019-09-02T21:08:32+08:00 ] 101.226.103.71 /ordera.php
INFO: [ app_init ] --START--
INFO: Run Behavior\BuildLiteBehavior [ RunTime:0.000012s ]
INFO: [ app_init ] --END-- [ RunTime:0.000349s ]
INFO: [ app_begin ] --START--
INFO: Run Behavior\ReadHtmlCacheBehavior [ RunTime:0.000623s ]
INFO: [ app_begin ] --END-- [ RunTime:0.000672s ]
SQL: SHOW COLUMNS FROM `sm_orders` [ RunTime:0.0142s ]
SQL: SELECT * FROM `sm_orders` WHERE `order_no` = '588220190902210812' LIMIT 1   [ RunTime:0.0583s ]
SQL: SHOW COLUMNS FROM `sm_stall` [ RunTime:0.0098s ]
SQL: SELECT `automatic` FROM `sm_stall` WHERE `stall_id` = '1' LIMIT 1   [ RunTime:0.0003s ]
SQL: UPDATE `sm_orders` SET `trade_no`='4200000356201909021668172901',`payment_time`='1567429712',`order_status`='2' WHERE `order_no` = '588220190902210812' [ RunTime:0.0192s ]
SQL: SHOW COLUMNS FROM `sm_stall_music` [ RunTime:0.0085s ]
SQL: SELECT `music` FROM `sm_stall_music` WHERE `stall_id` = '1' AND `music_type` = 1 LIMIT 1   [ RunTime:0.0003s ]

[ 2019-09-02T21:08:47+08:00 ] 101.226.103.60 /ordera.php
INFO: [ app_init ] --START--
INFO: Run Behavior\BuildLiteBehavior [ RunTime:0.000013s ]
INFO: [ app_init ] --END-- [ RunTime:0.000352s ]
INFO: [ app_begin ] --START--
INFO: Run Behavior\ReadHtmlCacheBehavior [ RunTime:0.000620s ]
INFO: [ app_begin ] --END-- [ RunTime:0.000669s ]
SQL: SHOW COLUMNS FROM `sm_orders` [ RunTime:0.0179s ]
SQL: SELECT * FROM `sm_orders` WHERE `order_no` = '588220190902210812' LIMIT 1   [ RunTime:0.0482s ]
INFO: [ app_end ] --START--
INFO: Run Behavior\ShowPageTraceBehavior [ RunTime:0.000847s ]
INFO: [ app_end ] --END-- [ RunTime:0.000912s ]

