[ 2019-07-25T14:25:16+08:00 ] 140.207.54.78 /ordera.php
INFO: [ app_init ] --START--
INFO: Run Behavior\BuildLiteBehavior [ RunTime:0.000014s ]
INFO: [ app_init ] --END-- [ RunTime:0.000448s ]
INFO: [ app_begin ] --START--
INFO: Run Behavior\ReadHtmlCacheBehavior [ RunTime:0.000571s ]
INFO: [ app_begin ] --END-- [ RunTime:0.000621s ]
SQL: SHOW COLUMNS FROM `sm_orders` [ RunTime:0.0160s ]
SQL: SELECT * FROM `sm_orders` WHERE `order_no` = '225020190725142509' LIMIT 1   [ RunTime:0.0496s ]
SQL: SHOW COLUMNS FROM `sm_stall` [ RunTime:0.0100s ]
SQL: SELECT `automatic` FROM `sm_stall` WHERE `stall_id` = '31' LIMIT 1   [ RunTime:0.0003s ]
SQL: SELECT `order_id` FROM `sm_orders` WHERE `order_no` = '225020190725142509' LIMIT 1   [ RunTime:0.0042s ]
SQL: SELECT `deliver_type` FROM `sm_orders` WHERE `order_id` = '8428' LIMIT 1   [ RunTime:0.0002s ]
SQL: UPDATE `sm_orders` SET `order_status`='3',`success_time`='1564035916',`payment_time`='1564035916' WHERE `order_id` = '8428' [ RunTime:0.0039s ]
SQL: SELECT `ma_id` FROM `sm_stall` WHERE `stall_id` = 0 LIMIT 1   [ RunTime:0.0002s ]
SQL: SELECT `member_list_id`,`order_no`,`create_time` FROM `sm_orders` WHERE `order_id` = '8428' LIMIT 1   [ RunTime:0.0002s ]
SQL: SHOW COLUMNS FROM `sm_merchant` [ RunTime:0.0088s ]
SQL: SELECT `appid`,`appsecret`,`take_food_id` FROM `sm_merchant` WHERE `ma_id` = null LIMIT 1   [ RunTime:0.0002s ]
SQL: SHOW COLUMNS FROM `sm_member_list` [ RunTime:0.0083s ]
SQL: SELECT `openid`,`member_name` FROM `sm_member_list` WHERE `member_list_id` = '2166' LIMIT 1   [ RunTime:0.0002s ]
SQL: SHOW COLUMNS FROM `sm_order_goods` [ RunTime:0.0080s ]
SQL: SELECT `meal_code` FROM `sm_order_goods` WHERE `order_id` = '8428' LIMIT 1   [ RunTime:0.0002s ]
NOTIC: [8] Undefined index: access_token D:\xampp\htdocs\app\Common\Common\function.php 第 359 行.
SQL: SHOW COLUMNS FROM `sm_stall_music` [ RunTime:0.0103s ]
SQL: SELECT `music` FROM `sm_stall_music` WHERE `stall_id` = '31' AND `music_type` = 1 LIMIT 1   [ RunTime:0.0003s ]

[ 2019-07-25T14:25:32+08:00 ] 101.226.103.60 /ordera.php
INFO: [ app_init ] --START--
INFO: Run Behavior\BuildLiteBehavior [ RunTime:0.000013s ]
INFO: [ app_init ] --END-- [ RunTime:0.000515s ]
INFO: [ app_begin ] --START--
INFO: Run Behavior\ReadHtmlCacheBehavior [ RunTime:0.000759s ]
INFO: [ app_begin ] --END-- [ RunTime:0.000815s ]
SQL: SHOW COLUMNS FROM `sm_orders` [ RunTime:0.0134s ]
SQL: SELECT * FROM `sm_orders` WHERE `order_no` = '225020190725142509' LIMIT 1   [ RunTime:0.0316s ]
INFO: [ app_end ] --START--
INFO: Run Behavior\ShowPageTraceBehavior [ RunTime:0.001114s ]
INFO: [ app_end ] --END-- [ RunTime:0.001162s ]

[ 2019-07-25T14:26:31+08:00 ] 101.226.103.60 /ordera.php
INFO: [ app_init ] --START--
INFO: Run Behavior\BuildLiteBehavior [ RunTime:0.000014s ]
INFO: [ app_init ] --END-- [ RunTime:0.000543s ]
INFO: [ app_begin ] --START--
INFO: Run Behavior\ReadHtmlCacheBehavior [ RunTime:0.000822s ]
INFO: [ app_begin ] --END-- [ RunTime:0.000873s ]
SQL: SHOW COLUMNS FROM `sm_orders` [ RunTime:0.0126s ]
SQL: SELECT * FROM `sm_orders` WHERE `order_no` = '397520190725142625' LIMIT 1   [ RunTime:0.0650s ]
SQL: SHOW COLUMNS FROM `sm_stall` [ RunTime:0.0099s ]
SQL: SELECT `automatic` FROM `sm_stall` WHERE `stall_id` = '31' LIMIT 1   [ RunTime:0.0003s ]
SQL: SELECT `order_id` FROM `sm_orders` WHERE `order_no` = '397520190725142625' LIMIT 1   [ RunTime:0.0040s ]
SQL: SELECT `deliver_type` FROM `sm_orders` WHERE `order_id` = '8429' LIMIT 1   [ RunTime:0.0002s ]
SQL: UPDATE `sm_orders` SET `order_status`='3',`success_time`='1564035991',`payment_time`='1564035991' WHERE `order_id` = '8429' [ RunTime:0.0046s ]
SQL: SELECT `ma_id` FROM `sm_stall` WHERE `stall_id` = 0 LIMIT 1   [ RunTime:0.0002s ]
SQL: SELECT `member_list_id`,`order_no`,`create_time` FROM `sm_orders` WHERE `order_id` = '8429' LIMIT 1   [ RunTime:0.0002s ]
SQL: SHOW COLUMNS FROM `sm_merchant` [ RunTime:0.0100s ]
SQL: SELECT `appid`,`appsecret`,`take_food_id` FROM `sm_merchant` WHERE `ma_id` = null LIMIT 1   [ RunTime:0.0003s ]
SQL: SHOW COLUMNS FROM `sm_member_list` [ RunTime:0.0086s ]
SQL: SELECT `openid`,`member_name` FROM `sm_member_list` WHERE `member_list_id` = '2166' LIMIT 1   [ RunTime:0.0003s ]
SQL: SHOW COLUMNS FROM `sm_order_goods` [ RunTime:0.0084s ]
SQL: SELECT `meal_code` FROM `sm_order_goods` WHERE `order_id` = '8429' LIMIT 1   [ RunTime:0.0003s ]
NOTIC: [8] Undefined index: access_token D:\xampp\htdocs\app\Common\Common\function.php 第 363 行.
SQL: SHOW COLUMNS FROM `sm_stall_music` [ RunTime:0.0117s ]
SQL: SELECT `music` FROM `sm_stall_music` WHERE `stall_id` = '31' AND `music_type` = 1 LIMIT 1   [ RunTime:0.0004s ]

[ 2019-07-25T14:26:47+08:00 ] 101.226.103.71 /ordera.php
INFO: [ app_init ] --START--
INFO: Run Behavior\BuildLiteBehavior [ RunTime:0.000014s ]
INFO: [ app_init ] --END-- [ RunTime:0.000542s ]
INFO: [ app_begin ] --START--
INFO: Run Behavior\ReadHtmlCacheBehavior [ RunTime:0.000637s ]
INFO: [ app_begin ] --END-- [ RunTime:0.000686s ]
SQL: SHOW COLUMNS FROM `sm_orders` [ RunTime:0.0158s ]
SQL: SELECT * FROM `sm_orders` WHERE `order_no` = '397520190725142625' LIMIT 1   [ RunTime:0.0291s ]
INFO: [ app_end ] --START--
INFO: Run Behavior\ShowPageTraceBehavior [ RunTime:0.000784s ]
INFO: [ app_end ] --END-- [ RunTime:0.000831s ]

[ 2019-07-25T14:43:02+08:00 ] 101.226.103.69 /ordera.php
INFO: [ app_init ] --START--
INFO: Run Behavior\BuildLiteBehavior [ RunTime:0.000014s ]
INFO: [ app_init ] --END-- [ RunTime:0.000473s ]
INFO: [ app_begin ] --START--
INFO: Run Behavior\ReadHtmlCacheBehavior [ RunTime:0.000589s ]
INFO: [ app_begin ] --END-- [ RunTime:0.000651s ]
SQL: SHOW COLUMNS FROM `sm_orders` [ RunTime:0.0180s ]
SQL: SELECT * FROM `sm_orders` WHERE `order_no` = '502320190725144255' LIMIT 1   [ RunTime:0.0395s ]
SQL: SHOW COLUMNS FROM `sm_stall` [ RunTime:0.0105s ]
SQL: SELECT `automatic` FROM `sm_stall` WHERE `stall_id` = '31' LIMIT 1   [ RunTime:0.0003s ]
SQL: SELECT `order_id` FROM `sm_orders` WHERE `order_no` = '502320190725144255' LIMIT 1   [ RunTime:0.0043s ]
SQL: SELECT `deliver_type` FROM `sm_orders` WHERE `order_id` = '8430' LIMIT 1   [ RunTime:0.0003s ]
SQL: UPDATE `sm_orders` SET `order_status`='3',`success_time`='1564036982',`payment_time`='1564036982' WHERE `order_id` = '8430' [ RunTime:0.0062s ]
SQL: SELECT `ma_id` FROM `sm_stall` WHERE `stall_id` = 0 LIMIT 1   [ RunTime:0.0002s ]
SQL: SELECT `member_list_id`,`order_no`,`create_time` FROM `sm_orders` WHERE `order_id` = '8430' LIMIT 1   [ RunTime:0.0003s ]
SQL: SHOW COLUMNS FROM `sm_merchant` [ RunTime:0.0102s ]
SQL: SELECT `appid`,`appsecret`,`take_food_id` FROM `sm_merchant` WHERE `ma_id` = null LIMIT 1   [ RunTime:0.0003s ]
SQL: SHOW COLUMNS FROM `sm_member_list` [ RunTime:0.0091s ]
SQL: SELECT `openid`,`member_name` FROM `sm_member_list` WHERE `member_list_id` = '2166' LIMIT 1   [ RunTime:0.0003s ]
SQL: SHOW COLUMNS FROM `sm_order_goods` [ RunTime:0.0087s ]
SQL: SELECT `meal_code` FROM `sm_order_goods` WHERE `order_id` = '8430' LIMIT 1   [ RunTime:0.0003s ]
NOTIC: [8] Undefined index: access_token D:\xampp\htdocs\app\Common\Common\function.php 第 363 行.
SQL: SHOW COLUMNS FROM `sm_stall_music` [ RunTime:0.0104s ]
SQL: SELECT `music` FROM `sm_stall_music` WHERE `stall_id` = '31' AND `music_type` = 1 LIMIT 1   [ RunTime:0.0003s ]

[ 2019-07-25T14:43:18+08:00 ] 101.226.103.69 /ordera.php
INFO: [ app_init ] --START--
INFO: Run Behavior\BuildLiteBehavior [ RunTime:0.000014s ]
INFO: [ app_init ] --END-- [ RunTime:0.000507s ]
INFO: [ app_begin ] --START--
INFO: Run Behavior\ReadHtmlCacheBehavior [ RunTime:0.000642s ]
INFO: [ app_begin ] --END-- [ RunTime:0.000694s ]
SQL: SHOW COLUMNS FROM `sm_orders` [ RunTime:0.0133s ]
SQL: SELECT * FROM `sm_orders` WHERE `order_no` = '502320190725144255' LIMIT 1   [ RunTime:0.0380s ]
INFO: [ app_end ] --START--
INFO: Run Behavior\ShowPageTraceBehavior [ RunTime:0.001023s ]
INFO: [ app_end ] --END-- [ RunTime:0.001072s ]

[ 2019-07-25T14:56:10+08:00 ] 101.226.103.62 /ordera.php
INFO: [ app_init ] --START--
INFO: Run Behavior\BuildLiteBehavior [ RunTime:0.000014s ]
INFO: [ app_init ] --END-- [ RunTime:0.000464s ]
INFO: [ app_begin ] --START--
INFO: Run Behavior\ReadHtmlCacheBehavior [ RunTime:0.000723s ]
INFO: [ app_begin ] --END-- [ RunTime:0.000771s ]
SQL: SHOW COLUMNS FROM `sm_orders` [ RunTime:0.0128s ]
SQL: SELECT * FROM `sm_orders` WHERE `order_no` = '770820190725145600' LIMIT 1   [ RunTime:0.0706s ]
SQL: SHOW COLUMNS FROM `sm_stall` [ RunTime:0.0103s ]
SQL: SELECT `automatic` FROM `sm_stall` WHERE `stall_id` = '31' LIMIT 1   [ RunTime:0.0003s ]
SQL: SELECT `order_id` FROM `sm_orders` WHERE `order_no` = '770820190725145600' LIMIT 1   [ RunTime:0.0041s ]
SQL: SELECT `deliver_type` FROM `sm_orders` WHERE `order_id` = '8431' LIMIT 1   [ RunTime:0.0002s ]
SQL: UPDATE `sm_orders` SET `order_status`='3',`success_time`='1564037770',`payment_time`='1564037770' WHERE `order_id` = '8431' [ RunTime:0.0042s ]
SQL: SELECT `ma_id` FROM `sm_stall` WHERE `stall_id` = 0 LIMIT 1   [ RunTime:0.0002s ]
SQL: SELECT `member_list_id`,`order_no`,`create_time` FROM `sm_orders` WHERE `order_id` = '8431' LIMIT 1   [ RunTime:0.0002s ]
SQL: SHOW COLUMNS FROM `sm_merchant` [ RunTime:0.0093s ]
SQL: SELECT `appid`,`appsecret`,`take_food_id` FROM `sm_merchant` WHERE `ma_id` = null LIMIT 1   [ RunTime:0.0003s ]
SQL: SHOW COLUMNS FROM `sm_member_list` [ RunTime:0.0084s ]
SQL: SELECT `openid`,`member_name` FROM `sm_member_list` WHERE `member_list_id` = '2166' LIMIT 1   [ RunTime:0.0002s ]
SQL: SHOW COLUMNS FROM `sm_order_goods` [ RunTime:0.0082s ]
SQL: SELECT `meal_code` FROM `sm_order_goods` WHERE `order_id` = '8431' LIMIT 1   [ RunTime:0.0003s ]
NOTIC: [8] Undefined index: access_token D:\xampp\htdocs\app\Common\Common\function.php 第 363 行.
SQL: SHOW COLUMNS FROM `sm_stall_music` [ RunTime:0.0107s ]
SQL: SELECT `music` FROM `sm_stall_music` WHERE `stall_id` = '31' AND `music_type` = 1 LIMIT 1   [ RunTime:0.0003s ]

[ 2019-07-25T14:56:25+08:00 ] 101.226.103.60 /ordera.php
INFO: [ app_init ] --START--
INFO: Run Behavior\BuildLiteBehavior [ RunTime:0.000014s ]
INFO: [ app_init ] --END-- [ RunTime:0.000468s ]
INFO: [ app_begin ] --START--
INFO: Run Behavior\ReadHtmlCacheBehavior [ RunTime:0.000738s ]
INFO: [ app_begin ] --END-- [ RunTime:0.000788s ]
SQL: SHOW COLUMNS FROM `sm_orders` [ RunTime:0.0131s ]
SQL: SELECT * FROM `sm_orders` WHERE `order_no` = '770820190725145600' LIMIT 1   [ RunTime:0.0207s ]
INFO: [ app_end ] --START--
INFO: Run Behavior\ShowPageTraceBehavior [ RunTime:0.001010s ]
INFO: [ app_end ] --END-- [ RunTime:0.001057s ]

