[ 2019-08-01T12:00:58+08:00 ] 27.188.254.246 /index.php?m=Api&c=Login&a=login
INFO: [ app_init ] --START--
INFO: Run Behavior\BuildLiteBehavior [ RunTime:0.000014s ]
INFO: [ app_init ] --END-- [ RunTime:0.000519s ]
INFO: [ app_begin ] --START--
INFO: Run Behavior\ReadHtmlCacheBehavior [ RunTime:0.000725s ]
INFO: [ app_begin ] --END-- [ RunTime:0.000782s ]
SQL: SHOW COLUMNS FROM `sm_stall` [ RunTime:0.0121s ]
SQL: SELECT * FROM `sm_stall` WHERE `delete` = 2 AND `st_account` = '18310551122' LIMIT 1   [ RunTime:0.0004s ]

[ 2019-08-01T12:01:00+08:00 ] 27.188.254.246 /index.php?m=Api&c=Ptorder&a=order
INFO: [ app_init ] --START--
INFO: Run Behavior\BuildLiteBehavior [ RunTime:0.000019s ]
INFO: [ app_init ] --END-- [ RunTime:0.000566s ]
INFO: [ app_begin ] --START--
INFO: Run Behavior\ReadHtmlCacheBehavior [ RunTime:0.000696s ]
INFO: [ app_begin ] --END-- [ RunTime:0.000753s ]
SQL: SHOW COLUMNS FROM `sm_orders` [ RunTime:0.0143s ]
SQL: SELECT `order_id`,`refund_time` FROM `sm_orders` WHERE `refund` = 1  [ RunTime:0.0081s ]
SQL: SELECT `order_type`,`order_no`,`trade_no`,`real_money`,`member_list_id`,`ma_id`,`dishes_id`,`integral` FROM `sm_orders` WHERE `order_id` = '8485' LIMIT 1   [ RunTime:0.0003s ]
SQL: SHOW COLUMNS FROM `sm_merchant` [ RunTime:0.0096s ]
SQL: SELECT `appid`,`appsecret`,`keycode`,`partnerid`,`keycode_certificate`,`payment_certificate`,`refund_through_id` FROM `sm_merchant` WHERE `ma_id` = '1' LIMIT 1   [ RunTime:0.0004s ]
SQL: SHOW COLUMNS FROM `sm_member_list` [ RunTime:0.0211s ]
SQL: SELECT `openid`,`member_name` FROM `sm_member_list` WHERE `member_list_id` = '2192' LIMIT 1   [ RunTime:0.0003s ]
NOTIC: [8] Undefined index: curl_timeout D:\xampp\htdocs\ThinkPHP\Library\Vendor\Pay\Wxpay\WxPayPubHelper.php 第 499 行.
SQL: SELECT `order_type`,`order_no`,`trade_no`,`real_money`,`member_list_id`,`ma_id`,`dishes_id`,`integral` FROM `sm_orders` WHERE `order_id` = '8489' LIMIT 1   [ RunTime:0.0006s ]
SQL: SELECT `appid`,`appsecret`,`keycode`,`partnerid`,`keycode_certificate`,`payment_certificate`,`refund_through_id` FROM `sm_merchant` WHERE `ma_id` = '1' LIMIT 1   [ RunTime:0.0003s ]
SQL: SELECT `openid`,`member_name` FROM `sm_member_list` WHERE `member_list_id` = '2192' LIMIT 1   [ RunTime:0.0003s ]
SQL: SELECT `order_id` FROM `sm_orders` WHERE `stall_id` = '31' AND `order_status` = 2 AND `refund` <> 1 AND ( `effect_time` >= 1564588800 AND `effect_time` <= 1564675199  )  [ RunTime:0.0048s ]
SQL: SHOW COLUMNS FROM `sm_order_goods` [ RunTime:0.0164s ]
SQL: SELECT a.order_id,a.create_time,a.order_status,a.phone,a.deliver_type,a.telphone,a.success_time,a.order_no,a.refund FROM sm_orders a WHERE a.stall_id = '31' AND a.order_type = 1 AND a.order_status = 2 AND a.refund <> 1 ORDER BY a.create_time desc LIMIT 0,10   [ RunTime:0.0087s ]
SQL: SHOW COLUMNS FROM `sm_stall` [ RunTime:0.0090s ]
SQL: SELECT `timeout` FROM sm_stall a LEFT JOIN sm_merchant AS b ON a.ma_id = b.ma_id  WHERE a.stall_id = '31' LIMIT 1   [ RunTime:0.0004s ]
SQL: SELECT `dishes_name`,`pic_url`,`dishes_nums` FROM `sm_order_goods` WHERE `order_id` = '8492'  [ RunTime:0.0003s ]

[ 2019-08-01T12:01:03+08:00 ] 27.188.254.246 /index.php?m=Api&c=Ptorder&a=order_eef
INFO: [ app_init ] --START--
INFO: Run Behavior\BuildLiteBehavior [ RunTime:0.000019s ]
INFO: [ app_init ] --END-- [ RunTime:0.000639s ]
INFO: [ app_begin ] --START--
INFO: Run Behavior\ReadHtmlCacheBehavior [ RunTime:0.000865s ]
INFO: [ app_begin ] --END-- [ RunTime:0.000955s ]
SQL: SHOW COLUMNS FROM `sm_orders` [ RunTime:0.0147s ]
SQL: SELECT `order_id`,`refund_time` FROM `sm_orders` WHERE `refund` = 1  [ RunTime:0.0089s ]
SQL: SELECT `order_type`,`order_no`,`trade_no`,`real_money`,`member_list_id`,`ma_id`,`dishes_id`,`integral` FROM `sm_orders` WHERE `order_id` = '8485' LIMIT 1   [ RunTime:0.0004s ]
SQL: SHOW COLUMNS FROM `sm_merchant` [ RunTime:0.0096s ]
SQL: SELECT `appid`,`appsecret`,`keycode`,`partnerid`,`keycode_certificate`,`payment_certificate`,`refund_through_id` FROM `sm_merchant` WHERE `ma_id` = '1' LIMIT 1   [ RunTime:0.0004s ]
SQL: SHOW COLUMNS FROM `sm_member_list` [ RunTime:0.0102s ]
SQL: SELECT `openid`,`member_name` FROM `sm_member_list` WHERE `member_list_id` = '2192' LIMIT 1   [ RunTime:0.0003s ]
NOTIC: [8] Undefined index: curl_timeout D:\xampp\htdocs\ThinkPHP\Library\Vendor\Pay\Wxpay\WxPayPubHelper.php 第 499 行.
SQL: SELECT `order_type`,`order_no`,`trade_no`,`real_money`,`member_list_id`,`ma_id`,`dishes_id`,`integral` FROM `sm_orders` WHERE `order_id` = '8489' LIMIT 1   [ RunTime:0.0005s ]
SQL: SELECT `appid`,`appsecret`,`keycode`,`partnerid`,`keycode_certificate`,`payment_certificate`,`refund_through_id` FROM `sm_merchant` WHERE `ma_id` = '1' LIMIT 1   [ RunTime:0.0003s ]
SQL: SELECT `openid`,`member_name` FROM `sm_member_list` WHERE `member_list_id` = '2192' LIMIT 1   [ RunTime:0.0002s ]
SQL: SELECT `order_id` FROM `sm_orders` WHERE `stall_id` = '31' AND `order_status` = 2 AND `refund` <> 1 AND ( `effect_time` >= 1564588800 AND `effect_time` <= 1564675199  )  [ RunTime:0.0021s ]
SQL: SELECT `deliver_type` FROM `sm_orders` WHERE `order_id` = '8492' LIMIT 1   [ RunTime:0.0003s ]
SQL: UPDATE `sm_orders` SET `order_status`='3',`success_time`='1564632063' WHERE `order_id` = '8492' [ RunTime:0.0083s ]
SQL: SHOW COLUMNS FROM `sm_stall` [ RunTime:0.0144s ]
SQL: SELECT `ma_id` FROM `sm_stall` WHERE `stall_id` = '31' LIMIT 1   [ RunTime:0.0003s ]
SQL: SELECT `member_list_id`,`order_no`,`create_time` FROM `sm_orders` WHERE `order_id` = '8492' LIMIT 1   [ RunTime:0.0002s ]
SQL: SELECT `appid`,`appsecret`,`take_food_id` FROM `sm_merchant` WHERE `ma_id` = '1' LIMIT 1   [ RunTime:0.0002s ]
SQL: SELECT `openid`,`member_name` FROM `sm_member_list` WHERE `member_list_id` = '2193' LIMIT 1   [ RunTime:0.0002s ]
SQL: SHOW COLUMNS FROM `sm_order_goods` [ RunTime:0.0093s ]
SQL: SELECT `meal_code` FROM `sm_order_goods` WHERE `order_id` = '8492' LIMIT 1   [ RunTime:0.0003s ]

[ 2019-08-01T12:01:04+08:00 ] 27.188.254.246 /index.php?m=Api&c=Ptorder&a=order
INFO: [ app_init ] --START--
INFO: Run Behavior\BuildLiteBehavior [ RunTime:0.000017s ]
INFO: [ app_init ] --END-- [ RunTime:0.000558s ]
INFO: [ app_begin ] --START--
INFO: Run Behavior\ReadHtmlCacheBehavior [ RunTime:0.000708s ]
INFO: [ app_begin ] --END-- [ RunTime:0.000765s ]
SQL: SHOW COLUMNS FROM `sm_orders` [ RunTime:0.0104s ]
SQL: SELECT `order_id`,`refund_time` FROM `sm_orders` WHERE `refund` = 1  [ RunTime:0.0116s ]
SQL: SELECT `order_type`,`order_no`,`trade_no`,`real_money`,`member_list_id`,`ma_id`,`dishes_id`,`integral` FROM `sm_orders` WHERE `order_id` = '8485' LIMIT 1   [ RunTime:0.0004s ]
SQL: SHOW COLUMNS FROM `sm_merchant` [ RunTime:0.0093s ]
SQL: SELECT `appid`,`appsecret`,`keycode`,`partnerid`,`keycode_certificate`,`payment_certificate`,`refund_through_id` FROM `sm_merchant` WHERE `ma_id` = '1' LIMIT 1   [ RunTime:0.0004s ]
SQL: SHOW COLUMNS FROM `sm_member_list` [ RunTime:0.0086s ]
SQL: SELECT `openid`,`member_name` FROM `sm_member_list` WHERE `member_list_id` = '2192' LIMIT 1   [ RunTime:0.0003s ]
NOTIC: [8] Undefined index: curl_timeout D:\xampp\htdocs\ThinkPHP\Library\Vendor\Pay\Wxpay\WxPayPubHelper.php 第 499 行.
SQL: SELECT `order_type`,`order_no`,`trade_no`,`real_money`,`member_list_id`,`ma_id`,`dishes_id`,`integral` FROM `sm_orders` WHERE `order_id` = '8489' LIMIT 1   [ RunTime:0.0005s ]
SQL: SELECT `appid`,`appsecret`,`keycode`,`partnerid`,`keycode_certificate`,`payment_certificate`,`refund_through_id` FROM `sm_merchant` WHERE `ma_id` = '1' LIMIT 1   [ RunTime:0.0003s ]
SQL: SELECT `openid`,`member_name` FROM `sm_member_list` WHERE `member_list_id` = '2192' LIMIT 1   [ RunTime:0.0002s ]
SQL: SELECT `order_id` FROM `sm_orders` WHERE `stall_id` = '31' AND `order_status` = 2 AND `refund` <> 1 AND ( `effect_time` >= 1564588800 AND `effect_time` <= 1564675199  )  [ RunTime:0.0010s ]
SQL: SHOW COLUMNS FROM `sm_order_goods` [ RunTime:0.0145s ]
SQL: SELECT a.order_id,a.create_time,a.order_status,a.phone,a.deliver_type,a.telphone,a.success_time,a.order_no,a.refund FROM sm_orders a WHERE a.stall_id = '31' AND a.order_type = 1 AND a.order_status = 3 ORDER BY a.create_time desc LIMIT 0,10   [ RunTime:0.0011s ]
SQL: SHOW COLUMNS FROM `sm_stall` [ RunTime:0.0095s ]
SQL: SELECT `timeout` FROM sm_stall a LEFT JOIN sm_merchant AS b ON a.ma_id = b.ma_id  WHERE a.stall_id = '31' LIMIT 1   [ RunTime:0.0004s ]
SQL: SELECT `dishes_name`,`pic_url`,`dishes_nums` FROM `sm_order_goods` WHERE `order_id` = '8492'  [ RunTime:0.0003s ]
SQL: SELECT `dishes_name`,`pic_url`,`dishes_nums` FROM `sm_order_goods` WHERE `order_id` = '8478'  [ RunTime:0.0003s ]
SQL: SELECT `dishes_name`,`pic_url`,`dishes_nums` FROM `sm_order_goods` WHERE `order_id` = '8452'  [ RunTime:0.0002s ]
SQL: SELECT `dishes_name`,`pic_url`,`dishes_nums` FROM `sm_order_goods` WHERE `order_id` = '8449'  [ RunTime:0.0002s ]
SQL: SELECT `dishes_name`,`pic_url`,`dishes_nums` FROM `sm_order_goods` WHERE `order_id` = '8444'  [ RunTime:0.0002s ]
SQL: SELECT `dishes_name`,`pic_url`,`dishes_nums` FROM `sm_order_goods` WHERE `order_id` = '8438'  [ RunTime:0.0002s ]
SQL: SELECT `dishes_name`,`pic_url`,`dishes_nums` FROM `sm_order_goods` WHERE `order_id` = '8429'  [ RunTime:0.0003s ]
SQL: SELECT `dishes_name`,`pic_url`,`dishes_nums` FROM `sm_order_goods` WHERE `order_id` = '8428'  [ RunTime:0.0002s ]
SQL: SELECT `dishes_name`,`pic_url`,`dishes_nums` FROM `sm_order_goods` WHERE `order_id` = '8354'  [ RunTime:0.0002s ]
SQL: SELECT `dishes_name`,`pic_url`,`dishes_nums` FROM `sm_order_goods` WHERE `order_id` = '8345'  [ RunTime:0.0003s ]

[ 2019-08-01T12:01:08+08:00 ] 27.188.254.246 /index.php?m=Api&c=Ptorder&a=order_tf
INFO: [ app_init ] --START--
INFO: Run Behavior\BuildLiteBehavior [ RunTime:0.000022s ]
INFO: [ app_init ] --END-- [ RunTime:0.000703s ]
INFO: [ app_begin ] --START--
INFO: Run Behavior\ReadHtmlCacheBehavior [ RunTime:0.000787s ]
INFO: [ app_begin ] --END-- [ RunTime:0.000850s ]
SQL: SHOW COLUMNS FROM `sm_orders` [ RunTime:0.0159s ]
SQL: SELECT `order_id`,`refund_time` FROM `sm_orders` WHERE `refund` = 1  [ RunTime:0.0122s ]
SQL: SELECT `order_type`,`order_no`,`trade_no`,`real_money`,`member_list_id`,`ma_id`,`dishes_id`,`integral` FROM `sm_orders` WHERE `order_id` = '8485' LIMIT 1   [ RunTime:0.0004s ]
SQL: SHOW COLUMNS FROM `sm_merchant` [ RunTime:0.0094s ]
SQL: SELECT `appid`,`appsecret`,`keycode`,`partnerid`,`keycode_certificate`,`payment_certificate`,`refund_through_id` FROM `sm_merchant` WHERE `ma_id` = '1' LIMIT 1   [ RunTime:0.0004s ]
SQL: SHOW COLUMNS FROM `sm_member_list` [ RunTime:0.0096s ]
SQL: SELECT `openid`,`member_name` FROM `sm_member_list` WHERE `member_list_id` = '2192' LIMIT 1   [ RunTime:0.0003s ]
NOTIC: [8] Undefined index: curl_timeout D:\xampp\htdocs\ThinkPHP\Library\Vendor\Pay\Wxpay\WxPayPubHelper.php 第 499 行.
SQL: SELECT `order_type`,`order_no`,`trade_no`,`real_money`,`member_list_id`,`ma_id`,`dishes_id`,`integral` FROM `sm_orders` WHERE `order_id` = '8489' LIMIT 1   [ RunTime:0.0006s ]
SQL: SELECT `appid`,`appsecret`,`keycode`,`partnerid`,`keycode_certificate`,`payment_certificate`,`refund_through_id` FROM `sm_merchant` WHERE `ma_id` = '1' LIMIT 1   [ RunTime:0.0004s ]
SQL: SELECT `openid`,`member_name` FROM `sm_member_list` WHERE `member_list_id` = '2192' LIMIT 1   [ RunTime:0.0002s ]
SQL: SELECT `order_id` FROM `sm_orders` WHERE `stall_id` = '31' AND `order_status` = 2 AND `refund` <> 1 AND ( `effect_time` >= 1564588800 AND `effect_time` <= 1564675199  )  [ RunTime:0.0010s ]
SQL: SELECT a.order_id,a.order_status FROM sm_orders a LEFT JOIN sm_order_goods AS b ON a.order_id = b.order_id  WHERE a.stall_id = '31' AND b.meal_code = '57963' LIMIT 1   [ RunTime:0.0039s ]

[ 2019-08-01T12:01:09+08:00 ] 27.188.254.246 /index.php?m=Api&c=Ptorder&a=order_xq
INFO: [ app_init ] --START--
INFO: Run Behavior\BuildLiteBehavior [ RunTime:0.000013s ]
INFO: [ app_init ] --END-- [ RunTime:0.000477s ]
INFO: [ app_begin ] --START--
INFO: Run Behavior\ReadHtmlCacheBehavior [ RunTime:0.000582s ]
INFO: [ app_begin ] --END-- [ RunTime:0.000636s ]
SQL: SHOW COLUMNS FROM `sm_orders` [ RunTime:0.0147s ]
SQL: SELECT `order_id`,`refund_time` FROM `sm_orders` WHERE `refund` = 1  [ RunTime:0.0093s ]
SQL: SELECT `order_type`,`order_no`,`trade_no`,`real_money`,`member_list_id`,`ma_id`,`dishes_id`,`integral` FROM `sm_orders` WHERE `order_id` = '8485' LIMIT 1   [ RunTime:0.0003s ]
SQL: SHOW COLUMNS FROM `sm_merchant` [ RunTime:0.0092s ]
SQL: SELECT `appid`,`appsecret`,`keycode`,`partnerid`,`keycode_certificate`,`payment_certificate`,`refund_through_id` FROM `sm_merchant` WHERE `ma_id` = '1' LIMIT 1   [ RunTime:0.0003s ]
SQL: SHOW COLUMNS FROM `sm_member_list` [ RunTime:0.0092s ]
SQL: SELECT `openid`,`member_name` FROM `sm_member_list` WHERE `member_list_id` = '2192' LIMIT 1   [ RunTime:0.0003s ]
NOTIC: [8] Undefined index: curl_timeout D:\xampp\htdocs\ThinkPHP\Library\Vendor\Pay\Wxpay\WxPayPubHelper.php 第 499 行.
SQL: SELECT `order_type`,`order_no`,`trade_no`,`real_money`,`member_list_id`,`ma_id`,`dishes_id`,`integral` FROM `sm_orders` WHERE `order_id` = '8489' LIMIT 1   [ RunTime:0.0005s ]
SQL: SELECT `appid`,`appsecret`,`keycode`,`partnerid`,`keycode_certificate`,`payment_certificate`,`refund_through_id` FROM `sm_merchant` WHERE `ma_id` = '1' LIMIT 1   [ RunTime:0.0003s ]
SQL: SELECT `openid`,`member_name` FROM `sm_member_list` WHERE `member_list_id` = '2192' LIMIT 1   [ RunTime:0.0002s ]
SQL: SELECT `order_id` FROM `sm_orders` WHERE `stall_id` = '31' AND `order_status` = 2 AND `refund` <> 1 AND ( `effect_time` >= 1564588800 AND `effect_time` <= 1564675199  )  [ RunTime:0.0010s ]
SQL: SHOW COLUMNS FROM `sm_stall` [ RunTime:0.0156s ]
SQL: SELECT `stall_name` FROM `sm_stall` WHERE `stall_id` = '31' LIMIT 1   [ RunTime:0.0004s ]
SQL: SELECT a.order_id,a.order_no,a.member_list_id,a.username,a.phone,a.address,FROM_UNIXTIME(a.express_time,'%Y-%m-%d %H:%i') as express_time,a.total_money,a.express_money,a.discount,a.real_money,a.order_status,a.deliver_type,a.integral,a.is_grab,a.trade_no,a.state,FROM_UNIXTIME(a.create_time,'%Y-%m-%d %H:%i') as create_time,FROM_UNIXTIME(a.payment_time,'%Y-%m-%d %H:%i') as payment_time,a.success_time,FROM_UNIXTIME(a.take_time,'%Y-%m-%d %H:%i') as take_time,a.order_type,a.order_note,a.stall_address,a.telphone,a.stall_tel,a.user_refuse_reason,a.refund,a.refuse_reason,c.member_list_nickname,c.member_list_headpic as yh_headpic,d.member_list_headpic as ps_headpic,d.member_name as ps_name,d.telphone as ps_telphone FROM sm_orders a LEFT JOIN sm_member_list AS c ON a.member_list_id = c.member_list_id LEFT JOIN sm_member_list AS d ON a.ps_id = d.member_list_id  WHERE a.stall_id = '31' AND a.order_id = '8492' LIMIT 1   [ RunTime:0.0006s ]
SQL: SHOW COLUMNS FROM `sm_order_goods` [ RunTime:0.0089s ]
SQL: SELECT `dishes_name`,`pic_url`,`dishes_nums` FROM `sm_order_goods` WHERE `order_id` = '8492'  [ RunTime:0.0003s ]
SQL: SELECT `timeout` FROM sm_stall a LEFT JOIN sm_merchant AS b ON a.ma_id = b.ma_id  WHERE a.stall_id = '31' LIMIT 1   [ RunTime:0.0003s ]
NOTIC: [8] Undefined variable: comment_list D:\xampp\htdocs\app\Api\Controller\PtorderController.class.php 第 441 行.

[ 2019-08-01T12:01:11+08:00 ] 27.188.254.246 /index.php?m=Api&c=Ptorder&a=order_qr
INFO: [ app_init ] --START--
INFO: Run Behavior\BuildLiteBehavior [ RunTime:0.000015s ]
INFO: [ app_init ] --END-- [ RunTime:0.000505s ]
INFO: [ app_begin ] --START--
INFO: Run Behavior\ReadHtmlCacheBehavior [ RunTime:0.000595s ]
INFO: [ app_begin ] --END-- [ RunTime:0.000660s ]
SQL: SHOW COLUMNS FROM `sm_orders` [ RunTime:0.0108s ]
SQL: SELECT `order_id`,`refund_time` FROM `sm_orders` WHERE `refund` = 1  [ RunTime:0.0108s ]
SQL: SELECT `order_type`,`order_no`,`trade_no`,`real_money`,`member_list_id`,`ma_id`,`dishes_id`,`integral` FROM `sm_orders` WHERE `order_id` = '8485' LIMIT 1   [ RunTime:0.0004s ]
SQL: SHOW COLUMNS FROM `sm_merchant` [ RunTime:0.0123s ]
SQL: SELECT `appid`,`appsecret`,`keycode`,`partnerid`,`keycode_certificate`,`payment_certificate`,`refund_through_id` FROM `sm_merchant` WHERE `ma_id` = '1' LIMIT 1   [ RunTime:0.0003s ]
SQL: SHOW COLUMNS FROM `sm_member_list` [ RunTime:0.0086s ]
SQL: SELECT `openid`,`member_name` FROM `sm_member_list` WHERE `member_list_id` = '2192' LIMIT 1   [ RunTime:0.0003s ]
NOTIC: [8] Undefined index: curl_timeout D:\xampp\htdocs\ThinkPHP\Library\Vendor\Pay\Wxpay\WxPayPubHelper.php 第 499 行.
SQL: SELECT `order_type`,`order_no`,`trade_no`,`real_money`,`member_list_id`,`ma_id`,`dishes_id`,`integral` FROM `sm_orders` WHERE `order_id` = '8489' LIMIT 1   [ RunTime:0.0005s ]
SQL: SELECT `appid`,`appsecret`,`keycode`,`partnerid`,`keycode_certificate`,`payment_certificate`,`refund_through_id` FROM `sm_merchant` WHERE `ma_id` = '1' LIMIT 1   [ RunTime:0.0003s ]
SQL: SELECT `openid`,`member_name` FROM `sm_member_list` WHERE `member_list_id` = '2192' LIMIT 1   [ RunTime:0.0002s ]
SQL: SELECT `order_id` FROM `sm_orders` WHERE `stall_id` = '31' AND `order_status` = 2 AND `refund` <> 1 AND ( `effect_time` >= 1564588800 AND `effect_time` <= 1564675199  )  [ RunTime:0.0010s ]
SQL: SELECT a.order_id,a.deliver_type,a.order_no,a.ma_id,a.stall_id,a.real_money,a.payment_time,a.longitude,a.latitude,a.ma_id,a.member_list_id,a.integral FROM sm_orders a WHERE `stall_id` = '31' AND `order_status` = 3 AND `order_id` = '8492' LIMIT 1   [ RunTime:0.0003s ]
SQL: SHOW COLUMNS FROM `sm_finance` [ RunTime:0.0110s ]
SQL: INSERT INTO `sm_finance` (`order_no`,`ma_id`,`stall_id`,`money`,`state`,`type`,`statue`,`creattime`) VALUES ('192820190801120040','1','31','0.02','1','1','1','1564632048') [ RunTime:0.0004s ]
SQL: SHOW COLUMNS FROM `sm_integral_statistics` [ RunTime:0.0098s ]
SQL: INSERT INTO `sm_integral_statistics` (`order_no`,`ma_id`,`member_list_id`,`state`,`type`,`integral`,`creattime`) VALUES ('192820190801120040','1','2193','1','1','0','1564632070') [ RunTime:0.0003s ]
SQL: UPDATE `sm_member_list` SET `integral`=integral+0 WHERE `member_list_id` = '2193' [ RunTime:0.0002s ]
SQL: SHOW COLUMNS FROM `sm_order_goods` [ RunTime:0.0092s ]
SQL: SELECT * FROM `sm_order_goods` WHERE `order_id` = '8492'  [ RunTime:0.0004s ]
SQL: SHOW COLUMNS FROM `sm_dishes` [ RunTime:0.0094s ]
SQL: UPDATE `sm_dishes` SET `on_the_pin`=on_the_pin+2 WHERE `dishes_id` = '235' [ RunTime:0.0098s ]
NOTIC: [8] Undefined variable: totalNum D:\xampp\htdocs\app\Api\Controller\PtorderController.class.php 第 219 行.
SQL: SHOW COLUMNS FROM `sm_stall` [ RunTime:0.0091s ]
SQL: UPDATE `sm_stall` SET `on_the_pin`=on_the_pin+2 WHERE `stall_id` = '31' [ RunTime:0.0003s ]
SQL: SELECT `longitude`,`latitude` FROM `sm_merchant` WHERE `ma_id` = '1' LIMIT 1   [ RunTime:0.0002s ]
SQL: UPDATE `sm_orders` SET `state`='1',`order_status`='5',`take_time`='1564632070',`meals_time`='1579416634' WHERE `order_id` = '8492' [ RunTime:0.0051s ]
SQL: SELECT `ma_id` FROM `sm_stall` WHERE `stall_id` = '31' LIMIT 1   [ RunTime:0.0003s ]
SQL: SELECT `deliver_type`,`member_list_id`,`order_no`,`create_time`,`ps_id`,`meals_time`,`integral` FROM `sm_orders` WHERE `order_id` = '8492' LIMIT 1   [ RunTime:0.0003s ]
SQL: SELECT `appid`,`appsecret`,`been_completed_id`,`yqc_food_id`,`integral_change_id` FROM `sm_merchant` WHERE `ma_id` = '1' LIMIT 1   [ RunTime:0.0004s ]
SQL: SELECT `openid`,`member_list_nickname`,`member_name`,`integral`,`telphone` FROM `sm_member_list` WHERE `member_list_id` = '2193' LIMIT 1   [ RunTime:0.0002s ]

[ 2019-08-01T12:01:12+08:00 ] 27.188.254.246 /index.php?m=Api&c=Ptorder&a=order
INFO: [ app_init ] --START--
INFO: Run Behavior\BuildLiteBehavior [ RunTime:0.000014s ]
INFO: [ app_init ] --END-- [ RunTime:0.000463s ]
INFO: [ app_begin ] --START--
INFO: Run Behavior\ReadHtmlCacheBehavior [ RunTime:0.000604s ]
INFO: [ app_begin ] --END-- [ RunTime:0.000655s ]
SQL: SHOW COLUMNS FROM `sm_orders` [ RunTime:0.0148s ]
SQL: SELECT `order_id`,`refund_time` FROM `sm_orders` WHERE `refund` = 1  [ RunTime:0.0094s ]
SQL: SELECT `order_type`,`order_no`,`trade_no`,`real_money`,`member_list_id`,`ma_id`,`dishes_id`,`integral` FROM `sm_orders` WHERE `order_id` = '8485' LIMIT 1   [ RunTime:0.0004s ]
SQL: SHOW COLUMNS FROM `sm_merchant` [ RunTime:0.0097s ]
SQL: SELECT `appid`,`appsecret`,`keycode`,`partnerid`,`keycode_certificate`,`payment_certificate`,`refund_through_id` FROM `sm_merchant` WHERE `ma_id` = '1' LIMIT 1   [ RunTime:0.0003s ]
SQL: SHOW COLUMNS FROM `sm_member_list` [ RunTime:0.0084s ]
SQL: SELECT `openid`,`member_name` FROM `sm_member_list` WHERE `member_list_id` = '2192' LIMIT 1   [ RunTime:0.0003s ]
NOTIC: [8] Undefined index: curl_timeout D:\xampp\htdocs\ThinkPHP\Library\Vendor\Pay\Wxpay\WxPayPubHelper.php 第 499 行.
SQL: SELECT `order_type`,`order_no`,`trade_no`,`real_money`,`member_list_id`,`ma_id`,`dishes_id`,`integral` FROM `sm_orders` WHERE `order_id` = '8489' LIMIT 1   [ RunTime:0.0005s ]
SQL: SELECT `appid`,`appsecret`,`keycode`,`partnerid`,`keycode_certificate`,`payment_certificate`,`refund_through_id` FROM `sm_merchant` WHERE `ma_id` = '1' LIMIT 1   [ RunTime:0.0003s ]
SQL: SELECT `openid`,`member_name` FROM `sm_member_list` WHERE `member_list_id` = '2192' LIMIT 1   [ RunTime:0.0002s ]
SQL: SELECT `order_id` FROM `sm_orders` WHERE `stall_id` = '31' AND `order_status` = 2 AND `refund` <> 1 AND ( `effect_time` >= 1564588800 AND `effect_time` <= 1564675199  )  [ RunTime:0.0010s ]
SQL: SHOW COLUMNS FROM `sm_order_goods` [ RunTime:0.0197s ]
SQL: SELECT a.order_id,a.create_time,a.order_status,a.phone,a.deliver_type,a.telphone,a.success_time,a.order_no,a.refund FROM sm_orders a WHERE a.stall_id = '31' AND a.order_type = 1 AND a.order_status = 3 ORDER BY a.create_time desc LIMIT 0,10   [ RunTime:0.0010s ]
SQL: SHOW COLUMNS FROM `sm_stall` [ RunTime:0.0090s ]
SQL: SELECT `timeout` FROM sm_stall a LEFT JOIN sm_merchant AS b ON a.ma_id = b.ma_id  WHERE a.stall_id = '31' LIMIT 1   [ RunTime:0.0004s ]
SQL: SELECT `dishes_name`,`pic_url`,`dishes_nums` FROM `sm_order_goods` WHERE `order_id` = '8478'  [ RunTime:0.0003s ]
SQL: SELECT `dishes_name`,`pic_url`,`dishes_nums` FROM `sm_order_goods` WHERE `order_id` = '8452'  [ RunTime:0.0003s ]
SQL: SELECT `dishes_name`,`pic_url`,`dishes_nums` FROM `sm_order_goods` WHERE `order_id` = '8449'  [ RunTime:0.0004s ]
SQL: SELECT `dishes_name`,`pic_url`,`dishes_nums` FROM `sm_order_goods` WHERE `order_id` = '8444'  [ RunTime:0.0003s ]
SQL: SELECT `dishes_name`,`pic_url`,`dishes_nums` FROM `sm_order_goods` WHERE `order_id` = '8438'  [ RunTime:0.0003s ]
SQL: SELECT `dishes_name`,`pic_url`,`dishes_nums` FROM `sm_order_goods` WHERE `order_id` = '8429'  [ RunTime:0.0003s ]
SQL: SELECT `dishes_name`,`pic_url`,`dishes_nums` FROM `sm_order_goods` WHERE `order_id` = '8428'  [ RunTime:0.0003s ]
SQL: SELECT `dishes_name`,`pic_url`,`dishes_nums` FROM `sm_order_goods` WHERE `order_id` = '8354'  [ RunTime:0.0002s ]
SQL: SELECT `dishes_name`,`pic_url`,`dishes_nums` FROM `sm_order_goods` WHERE `order_id` = '8345'  [ RunTime:0.0002s ]
SQL: SELECT `dishes_name`,`pic_url`,`dishes_nums` FROM `sm_order_goods` WHERE `order_id` = '8344'  [ RunTime:0.0002s ]

[ 2019-08-01T14:17:18+08:00 ] 106.2.165.222 /index.php?m=Api&c=Ptorder&a=order
INFO: [ app_init ] --START--
INFO: Run Behavior\BuildLiteBehavior [ RunTime:0.000017s ]
INFO: [ app_init ] --END-- [ RunTime:0.000526s ]
INFO: [ app_begin ] --START--
INFO: Run Behavior\ReadHtmlCacheBehavior [ RunTime:0.000961s ]
INFO: [ app_begin ] --END-- [ RunTime:0.001044s ]
SQL: SHOW COLUMNS FROM `sm_orders` [ RunTime:0.0158s ]
SQL: SELECT `order_id`,`refund_time` FROM `sm_orders` WHERE `refund` = 1  [ RunTime:0.0096s ]
SQL: SELECT `order_type`,`order_no`,`trade_no`,`real_money`,`member_list_id`,`ma_id`,`dishes_id`,`integral` FROM `sm_orders` WHERE `order_id` = '8485' LIMIT 1   [ RunTime:0.0004s ]
SQL: SHOW COLUMNS FROM `sm_merchant` [ RunTime:0.0184s ]
SQL: SELECT `appid`,`appsecret`,`keycode`,`partnerid`,`keycode_certificate`,`payment_certificate`,`refund_through_id` FROM `sm_merchant` WHERE `ma_id` = '1' LIMIT 1   [ RunTime:0.0004s ]
SQL: SHOW COLUMNS FROM `sm_member_list` [ RunTime:0.0092s ]
SQL: SELECT `openid`,`member_name` FROM `sm_member_list` WHERE `member_list_id` = '2192' LIMIT 1   [ RunTime:0.0003s ]
NOTIC: [8] Undefined index: curl_timeout D:\xampp\htdocs\ThinkPHP\Library\Vendor\Pay\Wxpay\WxPayPubHelper.php 第 499 行.
SQL: SELECT `order_type`,`order_no`,`trade_no`,`real_money`,`member_list_id`,`ma_id`,`dishes_id`,`integral` FROM `sm_orders` WHERE `order_id` = '8489' LIMIT 1   [ RunTime:0.0006s ]
SQL: SELECT `appid`,`appsecret`,`keycode`,`partnerid`,`keycode_certificate`,`payment_certificate`,`refund_through_id` FROM `sm_merchant` WHERE `ma_id` = '1' LIMIT 1   [ RunTime:0.0003s ]
SQL: SELECT `openid`,`member_name` FROM `sm_member_list` WHERE `member_list_id` = '2192' LIMIT 1   [ RunTime:0.0003s ]
SQL: SELECT `order_id` FROM `sm_orders` WHERE `stall_id` = '31' AND `order_status` = 2 AND `refund` <> 1 AND ( `effect_time` >= 1564588800 AND `effect_time` <= 1564675199  )  [ RunTime:0.0043s ]
SQL: SHOW COLUMNS FROM `sm_order_goods` [ RunTime:0.0142s ]
SQL: SELECT a.order_id,a.create_time,a.order_status,a.phone,a.deliver_type,a.telphone,a.success_time,a.order_no,a.refund FROM sm_orders a WHERE a.stall_id = '31' AND a.order_type = 1 AND a.order_status = 2 AND a.refund <> 1 ORDER BY a.create_time desc LIMIT 0,10   [ RunTime:0.0095s ]
SQL: SHOW COLUMNS FROM `sm_stall` [ RunTime:0.0096s ]
SQL: SELECT `timeout` FROM sm_stall a LEFT JOIN sm_merchant AS b ON a.ma_id = b.ma_id  WHERE a.stall_id = '31' LIMIT 1   [ RunTime:0.0004s ]

[ 2019-08-01T14:17:27+08:00 ] 106.2.165.222 /index.php?m=Api&c=Personal&a=index
INFO: [ app_init ] --START--
INFO: Run Behavior\BuildLiteBehavior [ RunTime:0.000013s ]
INFO: [ app_init ] --END-- [ RunTime:0.000466s ]
INFO: [ app_begin ] --START--
INFO: Run Behavior\ReadHtmlCacheBehavior [ RunTime:0.000735s ]
INFO: [ app_begin ] --END-- [ RunTime:0.000786s ]
SQL: SHOW COLUMNS FROM `sm_orders` [ RunTime:0.0134s ]
SQL: SELECT `order_id`,`refund_time` FROM `sm_orders` WHERE `refund` = 1  [ RunTime:0.0182s ]
SQL: SELECT `order_type`,`order_no`,`trade_no`,`real_money`,`member_list_id`,`ma_id`,`dishes_id`,`integral` FROM `sm_orders` WHERE `order_id` = '8485' LIMIT 1   [ RunTime:0.0004s ]
SQL: SHOW COLUMNS FROM `sm_merchant` [ RunTime:0.0103s ]
SQL: SELECT `appid`,`appsecret`,`keycode`,`partnerid`,`keycode_certificate`,`payment_certificate`,`refund_through_id` FROM `sm_merchant` WHERE `ma_id` = '1' LIMIT 1   [ RunTime:0.0004s ]
SQL: SHOW COLUMNS FROM `sm_member_list` [ RunTime:0.0087s ]
SQL: SELECT `openid`,`member_name` FROM `sm_member_list` WHERE `member_list_id` = '2192' LIMIT 1   [ RunTime:0.0003s ]
NOTIC: [8] Undefined index: curl_timeout D:\xampp\htdocs\ThinkPHP\Library\Vendor\Pay\Wxpay\WxPayPubHelper.php 第 499 行.
SQL: SELECT `order_type`,`order_no`,`trade_no`,`real_money`,`member_list_id`,`ma_id`,`dishes_id`,`integral` FROM `sm_orders` WHERE `order_id` = '8489' LIMIT 1   [ RunTime:0.0006s ]
SQL: SELECT `appid`,`appsecret`,`keycode`,`partnerid`,`keycode_certificate`,`payment_certificate`,`refund_through_id` FROM `sm_merchant` WHERE `ma_id` = '1' LIMIT 1   [ RunTime:0.0005s ]
SQL: SELECT `openid`,`member_name` FROM `sm_member_list` WHERE `member_list_id` = '2192' LIMIT 1   [ RunTime:0.0003s ]
SQL: SELECT `order_id` FROM `sm_orders` WHERE `stall_id` = '31' AND `order_status` = 2 AND `refund` <> 1 AND ( `effect_time` >= 1564588800 AND `effect_time` <= 1564675199  )  [ RunTime:0.0010s ]
SQL: SHOW COLUMNS FROM `sm_stall` [ RunTime:0.0163s ]
SQL: SELECT a.stall_id,a.image,a.stall_name,a.stall_tel,a.score,a.stall_type,a.on_the_pin,b.ma_merchantname,a.tone_music FROM sm_stall a LEFT JOIN sm_merchant as b ON a.ma_id = b.ma_id   WHERE `stall_id` = '31' LIMIT 1   [ RunTime:0.0005s ]

[ 2019-08-01T14:17:28+08:00 ] 106.2.165.222 /index.php?m=Api&c=Set&a=returnState
INFO: [ app_init ] --START--
INFO: Run Behavior\BuildLiteBehavior [ RunTime:0.000014s ]
INFO: [ app_init ] --END-- [ RunTime:0.000475s ]
INFO: [ app_begin ] --START--
INFO: Run Behavior\ReadHtmlCacheBehavior [ RunTime:0.000748s ]
INFO: [ app_begin ] --END-- [ RunTime:0.000800s ]
SQL: SHOW COLUMNS FROM `sm_stall` [ RunTime:0.0118s ]
SQL: SELECT * FROM `sm_stall` WHERE `stall_id` = '31' LIMIT 1   [ RunTime:0.0004s ]

[ 2019-08-01T14:17:32+08:00 ] 106.2.165.222 /index.php?m=Api&c=Ptorder&a=order
INFO: [ app_init ] --START--
INFO: Run Behavior\BuildLiteBehavior [ RunTime:0.000014s ]
INFO: [ app_init ] --END-- [ RunTime:0.000509s ]
INFO: [ app_begin ] --START--
INFO: Run Behavior\ReadHtmlCacheBehavior [ RunTime:0.000873s ]
INFO: [ app_begin ] --END-- [ RunTime:0.000946s ]
SQL: SHOW COLUMNS FROM `sm_orders` [ RunTime:0.0145s ]
SQL: SELECT `order_id`,`refund_time` FROM `sm_orders` WHERE `refund` = 1  [ RunTime:0.0149s ]
SQL: SELECT `order_type`,`order_no`,`trade_no`,`real_money`,`member_list_id`,`ma_id`,`dishes_id`,`integral` FROM `sm_orders` WHERE `order_id` = '8485' LIMIT 1   [ RunTime:0.0004s ]
SQL: SHOW COLUMNS FROM `sm_merchant` [ RunTime:0.0101s ]
SQL: SELECT `appid`,`appsecret`,`keycode`,`partnerid`,`keycode_certificate`,`payment_certificate`,`refund_through_id` FROM `sm_merchant` WHERE `ma_id` = '1' LIMIT 1   [ RunTime:0.0003s ]
SQL: SHOW COLUMNS FROM `sm_member_list` [ RunTime:0.0086s ]
SQL: SELECT `openid`,`member_name` FROM `sm_member_list` WHERE `member_list_id` = '2192' LIMIT 1   [ RunTime:0.0003s ]
NOTIC: [8] Undefined index: curl_timeout D:\xampp\htdocs\ThinkPHP\Library\Vendor\Pay\Wxpay\WxPayPubHelper.php 第 499 行.
SQL: SELECT `order_type`,`order_no`,`trade_no`,`real_money`,`member_list_id`,`ma_id`,`dishes_id`,`integral` FROM `sm_orders` WHERE `order_id` = '8489' LIMIT 1   [ RunTime:0.0006s ]
SQL: SELECT `appid`,`appsecret`,`keycode`,`partnerid`,`keycode_certificate`,`payment_certificate`,`refund_through_id` FROM `sm_merchant` WHERE `ma_id` = '1' LIMIT 1   [ RunTime:0.0003s ]
SQL: SELECT `openid`,`member_name` FROM `sm_member_list` WHERE `member_list_id` = '2192' LIMIT 1   [ RunTime:0.0002s ]
SQL: SELECT `order_id` FROM `sm_orders` WHERE `stall_id` = '31' AND `order_status` = 2 AND `refund` <> 1 AND ( `effect_time` >= 1564588800 AND `effect_time` <= 1564675199  )  [ RunTime:0.0010s ]
SQL: SHOW COLUMNS FROM `sm_order_goods` [ RunTime:0.0183s ]
SQL: SELECT a.order_id,a.create_time,a.order_status,a.phone,a.deliver_type,a.telphone,a.success_time,a.order_no,a.refund FROM sm_orders a WHERE a.stall_id = '31' AND a.order_type = 1 AND a.order_status = 3 ORDER BY a.create_time desc LIMIT 0,10   [ RunTime:0.0010s ]
SQL: SHOW COLUMNS FROM `sm_stall` [ RunTime:0.0094s ]
SQL: SELECT `timeout` FROM sm_stall a LEFT JOIN sm_merchant AS b ON a.ma_id = b.ma_id  WHERE a.stall_id = '31' LIMIT 1   [ RunTime:0.0004s ]
SQL: SELECT `dishes_name`,`pic_url`,`dishes_nums` FROM `sm_order_goods` WHERE `order_id` = '8478'  [ RunTime:0.0003s ]
SQL: SELECT `dishes_name`,`pic_url`,`dishes_nums` FROM `sm_order_goods` WHERE `order_id` = '8452'  [ RunTime:0.0003s ]
SQL: SELECT `dishes_name`,`pic_url`,`dishes_nums` FROM `sm_order_goods` WHERE `order_id` = '8449'  [ RunTime:0.0003s ]
SQL: SELECT `dishes_name`,`pic_url`,`dishes_nums` FROM `sm_order_goods` WHERE `order_id` = '8444'  [ RunTime:0.0003s ]
SQL: SELECT `dishes_name`,`pic_url`,`dishes_nums` FROM `sm_order_goods` WHERE `order_id` = '8438'  [ RunTime:0.0002s ]
SQL: SELECT `dishes_name`,`pic_url`,`dishes_nums` FROM `sm_order_goods` WHERE `order_id` = '8429'  [ RunTime:0.0002s ]
SQL: SELECT `dishes_name`,`pic_url`,`dishes_nums` FROM `sm_order_goods` WHERE `order_id` = '8428'  [ RunTime:0.0003s ]
SQL: SELECT `dishes_name`,`pic_url`,`dishes_nums` FROM `sm_order_goods` WHERE `order_id` = '8354'  [ RunTime:0.0003s ]
SQL: SELECT `dishes_name`,`pic_url`,`dishes_nums` FROM `sm_order_goods` WHERE `order_id` = '8345'  [ RunTime:0.0003s ]
SQL: SELECT `dishes_name`,`pic_url`,`dishes_nums` FROM `sm_order_goods` WHERE `order_id` = '8344'  [ RunTime:0.0002s ]

[ 2019-08-01T14:17:37+08:00 ] 106.2.165.222 /index.php?m=Api&c=Ptorder&a=order
INFO: [ app_init ] --START--
INFO: Run Behavior\BuildLiteBehavior [ RunTime:0.000016s ]
INFO: [ app_init ] --END-- [ RunTime:0.000491s ]
INFO: [ app_begin ] --START--
INFO: Run Behavior\ReadHtmlCacheBehavior [ RunTime:0.000874s ]
INFO: [ app_begin ] --END-- [ RunTime:0.000931s ]
SQL: SHOW COLUMNS FROM `sm_orders` [ RunTime:0.0147s ]
SQL: SELECT `order_id`,`refund_time` FROM `sm_orders` WHERE `refund` = 1  [ RunTime:0.0108s ]
SQL: SELECT `order_type`,`order_no`,`trade_no`,`real_money`,`member_list_id`,`ma_id`,`dishes_id`,`integral` FROM `sm_orders` WHERE `order_id` = '8485' LIMIT 1   [ RunTime:0.0004s ]
SQL: SHOW COLUMNS FROM `sm_merchant` [ RunTime:0.0091s ]
SQL: SELECT `appid`,`appsecret`,`keycode`,`partnerid`,`keycode_certificate`,`payment_certificate`,`refund_through_id` FROM `sm_merchant` WHERE `ma_id` = '1' LIMIT 1   [ RunTime:0.0004s ]
SQL: SHOW COLUMNS FROM `sm_member_list` [ RunTime:0.0090s ]
SQL: SELECT `openid`,`member_name` FROM `sm_member_list` WHERE `member_list_id` = '2192' LIMIT 1   [ RunTime:0.0003s ]
NOTIC: [8] Undefined index: curl_timeout D:\xampp\htdocs\ThinkPHP\Library\Vendor\Pay\Wxpay\WxPayPubHelper.php 第 499 行.
SQL: SELECT `order_type`,`order_no`,`trade_no`,`real_money`,`member_list_id`,`ma_id`,`dishes_id`,`integral` FROM `sm_orders` WHERE `order_id` = '8489' LIMIT 1   [ RunTime:0.0005s ]
SQL: SELECT `appid`,`appsecret`,`keycode`,`partnerid`,`keycode_certificate`,`payment_certificate`,`refund_through_id` FROM `sm_merchant` WHERE `ma_id` = '1' LIMIT 1   [ RunTime:0.0003s ]
SQL: SELECT `openid`,`member_name` FROM `sm_member_list` WHERE `member_list_id` = '2192' LIMIT 1   [ RunTime:0.0002s ]
SQL: SELECT `order_id` FROM `sm_orders` WHERE `stall_id` = '31' AND `order_status` = 2 AND `refund` <> 1 AND ( `effect_time` >= 1564588800 AND `effect_time` <= 1564675199  )  [ RunTime:0.0010s ]
SQL: SHOW COLUMNS FROM `sm_order_goods` [ RunTime:0.0142s ]
SQL: SELECT a.order_id,a.create_time,a.order_status,a.phone,a.deliver_type,a.telphone,a.success_time,a.order_no,a.refund FROM sm_orders a WHERE a.stall_id = '31' AND a.order_type = 1 AND a.refund IN ('1','2') ORDER BY a.create_time desc LIMIT 0,10   [ RunTime:0.0012s ]
SQL: SHOW COLUMNS FROM `sm_stall` [ RunTime:0.0095s ]
SQL: SELECT `timeout` FROM sm_stall a LEFT JOIN sm_merchant AS b ON a.ma_id = b.ma_id  WHERE a.stall_id = '31' LIMIT 1   [ RunTime:0.0004s ]
SQL: SELECT `dishes_name`,`pic_url`,`dishes_nums` FROM `sm_order_goods` WHERE `order_id` = '8490'  [ RunTime:0.0003s ]
SQL: SELECT `dishes_name`,`pic_url`,`dishes_nums` FROM `sm_order_goods` WHERE `order_id` = '8489'  [ RunTime:0.0003s ]
SQL: SELECT `dishes_name`,`pic_url`,`dishes_nums` FROM `sm_order_goods` WHERE `order_id` = '8485'  [ RunTime:0.0004s ]
SQL: SELECT `dishes_name`,`pic_url`,`dishes_nums` FROM `sm_order_goods` WHERE `order_id` = '8480'  [ RunTime:0.0002s ]
SQL: SELECT `dishes_name`,`pic_url`,`dishes_nums` FROM `sm_order_goods` WHERE `order_id` = '8459'  [ RunTime:0.0003s ]
SQL: SELECT `dishes_name`,`pic_url`,`dishes_nums` FROM `sm_order_goods` WHERE `order_id` = '8407'  [ RunTime:0.0003s ]
SQL: SELECT `dishes_name`,`pic_url`,`dishes_nums` FROM `sm_order_goods` WHERE `order_id` = '8383'  [ RunTime:0.0003s ]
SQL: SELECT `dishes_name`,`pic_url`,`dishes_nums` FROM `sm_order_goods` WHERE `order_id` = '8382'  [ RunTime:0.0003s ]
SQL: SELECT `dishes_name`,`pic_url`,`dishes_nums` FROM `sm_order_goods` WHERE `order_id` = '8351'  [ RunTime:0.0002s ]
SQL: SELECT `dishes_name`,`pic_url`,`dishes_nums` FROM `sm_order_goods` WHERE `order_id` = '8350'  [ RunTime:0.0002s ]

[ 2019-08-01T14:17:40+08:00 ] 106.2.165.222 /index.php?m=Api&c=Ptorder&a=order
INFO: [ app_init ] --START--
INFO: Run Behavior\BuildLiteBehavior [ RunTime:0.000014s ]
INFO: [ app_init ] --END-- [ RunTime:0.000495s ]
INFO: [ app_begin ] --START--
INFO: Run Behavior\ReadHtmlCacheBehavior [ RunTime:0.000775s ]
INFO: [ app_begin ] --END-- [ RunTime:0.000829s ]
SQL: SHOW COLUMNS FROM `sm_orders` [ RunTime:0.0177s ]
SQL: SELECT `order_id`,`refund_time` FROM `sm_orders` WHERE `refund` = 1  [ RunTime:0.0066s ]
SQL: SELECT `order_type`,`order_no`,`trade_no`,`real_money`,`member_list_id`,`ma_id`,`dishes_id`,`integral` FROM `sm_orders` WHERE `order_id` = '8485' LIMIT 1   [ RunTime:0.0004s ]
SQL: SHOW COLUMNS FROM `sm_merchant` [ RunTime:0.0117s ]
SQL: SELECT `appid`,`appsecret`,`keycode`,`partnerid`,`keycode_certificate`,`payment_certificate`,`refund_through_id` FROM `sm_merchant` WHERE `ma_id` = '1' LIMIT 1   [ RunTime:0.0005s ]
SQL: SHOW COLUMNS FROM `sm_member_list` [ RunTime:0.0122s ]
SQL: SELECT `openid`,`member_name` FROM `sm_member_list` WHERE `member_list_id` = '2192' LIMIT 1   [ RunTime:0.0003s ]
NOTIC: [8] Undefined index: curl_timeout D:\xampp\htdocs\ThinkPHP\Library\Vendor\Pay\Wxpay\WxPayPubHelper.php 第 499 行.
SQL: SELECT `order_type`,`order_no`,`trade_no`,`real_money`,`member_list_id`,`ma_id`,`dishes_id`,`integral` FROM `sm_orders` WHERE `order_id` = '8489' LIMIT 1   [ RunTime:0.0006s ]
SQL: SELECT `appid`,`appsecret`,`keycode`,`partnerid`,`keycode_certificate`,`payment_certificate`,`refund_through_id` FROM `sm_merchant` WHERE `ma_id` = '1' LIMIT 1   [ RunTime:0.0003s ]
SQL: SELECT `openid`,`member_name` FROM `sm_member_list` WHERE `member_list_id` = '2192' LIMIT 1   [ RunTime:0.0003s ]
SQL: SELECT `order_id` FROM `sm_orders` WHERE `stall_id` = '31' AND `order_status` = 2 AND `refund` <> 1 AND ( `effect_time` >= 1564588800 AND `effect_time` <= 1564675199  )  [ RunTime:0.0011s ]
SQL: SHOW COLUMNS FROM `sm_order_goods` [ RunTime:0.0153s ]
SQL: SELECT a.order_id,a.create_time,a.order_status,a.phone,a.deliver_type,a.telphone,a.success_time,a.order_no,a.refund FROM sm_orders a WHERE a.stall_id = '31' AND a.order_type = 1 AND a.order_status IN ('4','5','6') ORDER BY a.create_time desc LIMIT 0,10   [ RunTime:0.0067s ]
SQL: SHOW COLUMNS FROM `sm_stall` [ RunTime:0.0098s ]
SQL: SELECT `timeout` FROM sm_stall a LEFT JOIN sm_merchant AS b ON a.ma_id = b.ma_id  WHERE a.stall_id = '31' LIMIT 1   [ RunTime:0.0004s ]
SQL: SELECT `dishes_name`,`pic_url`,`dishes_nums` FROM `sm_order_goods` WHERE `order_id` = '8492'  [ RunTime:0.0003s ]
SQL: SELECT `dishes_name`,`pic_url`,`dishes_nums` FROM `sm_order_goods` WHERE `order_id` = '8491'  [ RunTime:0.0003s ]
SQL: SELECT `dishes_name`,`pic_url`,`dishes_nums` FROM `sm_order_goods` WHERE `order_id` = '8488'  [ RunTime:0.0002s ]
SQL: SELECT `dishes_name`,`pic_url`,`dishes_nums` FROM `sm_order_goods` WHERE `order_id` = '8487'  [ RunTime:0.0002s ]
SQL: SELECT `dishes_name`,`pic_url`,`dishes_nums` FROM `sm_order_goods` WHERE `order_id` = '8486'  [ RunTime:0.0003s ]
SQL: SELECT `dishes_name`,`pic_url`,`dishes_nums` FROM `sm_order_goods` WHERE `order_id` = '8484'  [ RunTime:0.0003s ]
SQL: SELECT `dishes_name`,`pic_url`,`dishes_nums` FROM `sm_order_goods` WHERE `order_id` = '8483'  [ RunTime:0.0003s ]
SQL: SELECT `dishes_name`,`pic_url`,`dishes_nums` FROM `sm_order_goods` WHERE `order_id` = '8482'  [ RunTime:0.0002s ]
SQL: SELECT `dishes_name`,`pic_url`,`dishes_nums` FROM `sm_order_goods` WHERE `order_id` = '8479'  [ RunTime:0.0002s ]
SQL: SELECT `dishes_name`,`pic_url`,`dishes_nums` FROM `sm_order_goods` WHERE `order_id` = '8475'  [ RunTime:0.0003s ]

[ 2019-08-01T14:17:44+08:00 ] 106.2.165.222 /index.php?m=Api&c=Ptorder&a=order_xq
INFO: [ app_init ] --START--
INFO: Run Behavior\BuildLiteBehavior [ RunTime:0.000016s ]
INFO: [ app_init ] --END-- [ RunTime:0.000499s ]
INFO: [ app_begin ] --START--
INFO: Run Behavior\ReadHtmlCacheBehavior [ RunTime:0.000753s ]
INFO: [ app_begin ] --END-- [ RunTime:0.000806s ]
SQL: SHOW COLUMNS FROM `sm_orders` [ RunTime:0.0142s ]
SQL: SELECT `order_id`,`refund_time` FROM `sm_orders` WHERE `refund` = 1  [ RunTime:0.0116s ]
SQL: SELECT `order_type`,`order_no`,`trade_no`,`real_money`,`member_list_id`,`ma_id`,`dishes_id`,`integral` FROM `sm_orders` WHERE `order_id` = '8485' LIMIT 1   [ RunTime:0.0004s ]
SQL: SHOW COLUMNS FROM `sm_merchant` [ RunTime:0.0099s ]
SQL: SELECT `appid`,`appsecret`,`keycode`,`partnerid`,`keycode_certificate`,`payment_certificate`,`refund_through_id` FROM `sm_merchant` WHERE `ma_id` = '1' LIMIT 1   [ RunTime:0.0003s ]
SQL: SHOW COLUMNS FROM `sm_member_list` [ RunTime:0.0084s ]
SQL: SELECT `openid`,`member_name` FROM `sm_member_list` WHERE `member_list_id` = '2192' LIMIT 1   [ RunTime:0.0003s ]
NOTIC: [8] Undefined index: curl_timeout D:\xampp\htdocs\ThinkPHP\Library\Vendor\Pay\Wxpay\WxPayPubHelper.php 第 499 行.
SQL: SELECT `order_type`,`order_no`,`trade_no`,`real_money`,`member_list_id`,`ma_id`,`dishes_id`,`integral` FROM `sm_orders` WHERE `order_id` = '8489' LIMIT 1   [ RunTime:0.0007s ]
SQL: SELECT `appid`,`appsecret`,`keycode`,`partnerid`,`keycode_certificate`,`payment_certificate`,`refund_through_id` FROM `sm_merchant` WHERE `ma_id` = '1' LIMIT 1   [ RunTime:0.0004s ]
SQL: SELECT `openid`,`member_name` FROM `sm_member_list` WHERE `member_list_id` = '2192' LIMIT 1   [ RunTime:0.0003s ]
SQL: SELECT `order_id` FROM `sm_orders` WHERE `stall_id` = '31' AND `order_status` = 2 AND `refund` <> 1 AND ( `effect_time` >= 1564588800 AND `effect_time` <= 1564675199  )  [ RunTime:0.0011s ]
SQL: SHOW COLUMNS FROM `sm_stall` [ RunTime:0.0142s ]
SQL: SELECT `stall_name` FROM `sm_stall` WHERE `stall_id` = '31' LIMIT 1   [ RunTime:0.0003s ]
SQL: SELECT a.order_id,a.order_no,a.member_list_id,a.username,a.phone,a.address,FROM_UNIXTIME(a.express_time,'%Y-%m-%d %H:%i') as express_time,a.total_money,a.express_money,a.discount,a.real_money,a.order_status,a.deliver_type,a.integral,a.is_grab,a.trade_no,a.state,FROM_UNIXTIME(a.create_time,'%Y-%m-%d %H:%i') as create_time,FROM_UNIXTIME(a.payment_time,'%Y-%m-%d %H:%i') as payment_time,a.success_time,FROM_UNIXTIME(a.take_time,'%Y-%m-%d %H:%i') as take_time,a.order_type,a.order_note,a.stall_address,a.telphone,a.stall_tel,a.user_refuse_reason,a.refund,a.refuse_reason,c.member_list_nickname,c.member_list_headpic as yh_headpic,d.member_list_headpic as ps_headpic,d.member_name as ps_name,d.telphone as ps_telphone FROM sm_orders a LEFT JOIN sm_member_list AS c ON a.member_list_id = c.member_list_id LEFT JOIN sm_member_list AS d ON a.ps_id = d.member_list_id  WHERE a.stall_id = '31' AND a.order_id = '8492' LIMIT 1   [ RunTime:0.0005s ]
SQL: SHOW COLUMNS FROM `sm_order_goods` [ RunTime:0.0094s ]
SQL: SELECT `dishes_name`,`pic_url`,`dishes_nums` FROM `sm_order_goods` WHERE `order_id` = '8492'  [ RunTime:0.0004s ]
SQL: SELECT `timeout` FROM sm_stall a LEFT JOIN sm_merchant AS b ON a.ma_id = b.ma_id  WHERE a.stall_id = '31' LIMIT 1   [ RunTime:0.0003s ]
NOTIC: [8] Undefined variable: comment_list D:\xampp\htdocs\app\Api\Controller\PtorderController.class.php 第 441 行.

[ 2019-08-01T14:19:31+08:00 ] 106.2.165.222 /index.php?m=Api&c=Login&a=logout
INFO: [ app_init ] --START--
INFO: Run Behavior\BuildLiteBehavior [ RunTime:0.000015s ]
INFO: [ app_init ] --END-- [ RunTime:0.000594s ]
INFO: [ app_begin ] --START--
INFO: Run Behavior\ReadHtmlCacheBehavior [ RunTime:0.000825s ]
INFO: [ app_begin ] --END-- [ RunTime:0.000881s ]

[ 2019-08-01T14:19:47+08:00 ] 106.2.165.222 /index.php?m=Api&c=Login&a=login
INFO: [ app_init ] --START--
INFO: Run Behavior\BuildLiteBehavior [ RunTime:0.000016s ]
INFO: [ app_init ] --END-- [ RunTime:0.000514s ]
INFO: [ app_begin ] --START--
INFO: Run Behavior\ReadHtmlCacheBehavior [ RunTime:0.000693s ]
INFO: [ app_begin ] --END-- [ RunTime:0.000763s ]
SQL: SHOW COLUMNS FROM `sm_stall` [ RunTime:0.0150s ]
SQL: SELECT * FROM `sm_stall` WHERE `delete` = 2 AND `st_account` = '18310551122' LIMIT 1   [ RunTime:0.0005s ]

[ 2019-08-01T14:19:48+08:00 ] 106.2.165.222 /index.php?m=Api&c=Ptorder&a=order
INFO: [ app_init ] --START--
INFO: Run Behavior\BuildLiteBehavior [ RunTime:0.000013s ]
INFO: [ app_init ] --END-- [ RunTime:0.000475s ]
INFO: [ app_begin ] --START--
INFO: Run Behavior\ReadHtmlCacheBehavior [ RunTime:0.000606s ]
INFO: [ app_begin ] --END-- [ RunTime:0.000660s ]
SQL: SHOW COLUMNS FROM `sm_orders` [ RunTime:0.0112s ]
SQL: SELECT `order_id`,`refund_time` FROM `sm_orders` WHERE `refund` = 1  [ RunTime:0.0123s ]
SQL: SELECT `order_type`,`order_no`,`trade_no`,`real_money`,`member_list_id`,`ma_id`,`dishes_id`,`integral` FROM `sm_orders` WHERE `order_id` = '8485' LIMIT 1   [ RunTime:0.0004s ]
SQL: SHOW COLUMNS FROM `sm_merchant` [ RunTime:0.0098s ]
SQL: SELECT `appid`,`appsecret`,`keycode`,`partnerid`,`keycode_certificate`,`payment_certificate`,`refund_through_id` FROM `sm_merchant` WHERE `ma_id` = '1' LIMIT 1   [ RunTime:0.0003s ]
SQL: SHOW COLUMNS FROM `sm_member_list` [ RunTime:0.0100s ]
SQL: SELECT `openid`,`member_name` FROM `sm_member_list` WHERE `member_list_id` = '2192' LIMIT 1   [ RunTime:0.0004s ]
NOTIC: [8] Undefined index: curl_timeout D:\xampp\htdocs\ThinkPHP\Library\Vendor\Pay\Wxpay\WxPayPubHelper.php 第 499 行.
SQL: SELECT `order_type`,`order_no`,`trade_no`,`real_money`,`member_list_id`,`ma_id`,`dishes_id`,`integral` FROM `sm_orders` WHERE `order_id` = '8489' LIMIT 1   [ RunTime:0.0006s ]
SQL: SELECT `appid`,`appsecret`,`keycode`,`partnerid`,`keycode_certificate`,`payment_certificate`,`refund_through_id` FROM `sm_merchant` WHERE `ma_id` = '1' LIMIT 1   [ RunTime:0.0003s ]
SQL: SELECT `openid`,`member_name` FROM `sm_member_list` WHERE `member_list_id` = '2192' LIMIT 1   [ RunTime:0.0004s ]
SQL: SELECT `order_id` FROM `sm_orders` WHERE `stall_id` = '31' AND `order_status` = 2 AND `refund` <> 1 AND ( `effect_time` >= 1564588800 AND `effect_time` <= 1564675199  )  [ RunTime:0.0010s ]
SQL: SHOW COLUMNS FROM `sm_order_goods` [ RunTime:0.0144s ]
SQL: SELECT a.order_id,a.create_time,a.order_status,a.phone,a.deliver_type,a.telphone,a.success_time,a.order_no,a.refund FROM sm_orders a WHERE a.stall_id = '31' AND a.order_type = 1 AND a.order_status = 2 AND a.refund <> 1 ORDER BY a.create_time desc LIMIT 0,10   [ RunTime:0.0008s ]
SQL: SHOW COLUMNS FROM `sm_stall` [ RunTime:0.0084s ]
SQL: SELECT `timeout` FROM sm_stall a LEFT JOIN sm_merchant AS b ON a.ma_id = b.ma_id  WHERE a.stall_id = '31' LIMIT 1   [ RunTime:0.0004s ]

[ 2019-08-01T14:19:50+08:00 ] 106.2.165.222 /index.php?m=Api&c=Personal&a=index
INFO: [ app_init ] --START--
INFO: Run Behavior\BuildLiteBehavior [ RunTime:0.000017s ]
INFO: [ app_init ] --END-- [ RunTime:0.000548s ]
INFO: [ app_begin ] --START--
INFO: Run Behavior\ReadHtmlCacheBehavior [ RunTime:0.000630s ]
INFO: [ app_begin ] --END-- [ RunTime:0.000685s ]
SQL: SHOW COLUMNS FROM `sm_orders` [ RunTime:0.0138s ]
SQL: SELECT `order_id`,`refund_time` FROM `sm_orders` WHERE `refund` = 1  [ RunTime:0.0123s ]
SQL: SELECT `order_type`,`order_no`,`trade_no`,`real_money`,`member_list_id`,`ma_id`,`dishes_id`,`integral` FROM `sm_orders` WHERE `order_id` = '8485' LIMIT 1   [ RunTime:0.0004s ]
SQL: SHOW COLUMNS FROM `sm_merchant` [ RunTime:0.0092s ]
SQL: SELECT `appid`,`appsecret`,`keycode`,`partnerid`,`keycode_certificate`,`payment_certificate`,`refund_through_id` FROM `sm_merchant` WHERE `ma_id` = '1' LIMIT 1   [ RunTime:0.0003s ]
SQL: SHOW COLUMNS FROM `sm_member_list` [ RunTime:0.0083s ]
SQL: SELECT `openid`,`member_name` FROM `sm_member_list` WHERE `member_list_id` = '2192' LIMIT 1   [ RunTime:0.0004s ]
NOTIC: [8] Undefined index: curl_timeout D:\xampp\htdocs\ThinkPHP\Library\Vendor\Pay\Wxpay\WxPayPubHelper.php 第 499 行.
SQL: SELECT `order_type`,`order_no`,`trade_no`,`real_money`,`member_list_id`,`ma_id`,`dishes_id`,`integral` FROM `sm_orders` WHERE `order_id` = '8489' LIMIT 1   [ RunTime:0.0006s ]
SQL: SELECT `appid`,`appsecret`,`keycode`,`partnerid`,`keycode_certificate`,`payment_certificate`,`refund_through_id` FROM `sm_merchant` WHERE `ma_id` = '1' LIMIT 1   [ RunTime:0.0003s ]
SQL: SELECT `openid`,`member_name` FROM `sm_member_list` WHERE `member_list_id` = '2192' LIMIT 1   [ RunTime:0.0002s ]
SQL: SELECT `order_id` FROM `sm_orders` WHERE `stall_id` = '31' AND `order_status` = 2 AND `refund` <> 1 AND ( `effect_time` >= 1564588800 AND `effect_time` <= 1564675199  )  [ RunTime:0.0010s ]
SQL: SHOW COLUMNS FROM `sm_stall` [ RunTime:0.0156s ]
SQL: SELECT a.stall_id,a.image,a.stall_name,a.stall_tel,a.score,a.stall_type,a.on_the_pin,b.ma_merchantname,a.tone_music FROM sm_stall a LEFT JOIN sm_merchant as b ON a.ma_id = b.ma_id   WHERE `stall_id` = '31' LIMIT 1   [ RunTime:0.0004s ]

[ 2019-08-01T14:20:48+08:00 ] 106.2.165.222 /index.php?m=Api&c=Ptorder&a=order
INFO: [ app_init ] --START--
INFO: Run Behavior\BuildLiteBehavior [ RunTime:0.000015s ]
INFO: [ app_init ] --END-- [ RunTime:0.000477s ]
INFO: [ app_begin ] --START--
INFO: Run Behavior\ReadHtmlCacheBehavior [ RunTime:0.000613s ]
INFO: [ app_begin ] --END-- [ RunTime:0.000664s ]
SQL: SHOW COLUMNS FROM `sm_orders` [ RunTime:0.0146s ]
SQL: SELECT `order_id`,`refund_time` FROM `sm_orders` WHERE `refund` = 1  [ RunTime:0.0125s ]
SQL: SELECT `order_type`,`order_no`,`trade_no`,`real_money`,`member_list_id`,`ma_id`,`dishes_id`,`integral` FROM `sm_orders` WHERE `order_id` = '8485' LIMIT 1   [ RunTime:0.0003s ]
SQL: SHOW COLUMNS FROM `sm_merchant` [ RunTime:0.0095s ]
SQL: SELECT `appid`,`appsecret`,`keycode`,`partnerid`,`keycode_certificate`,`payment_certificate`,`refund_through_id` FROM `sm_merchant` WHERE `ma_id` = '1' LIMIT 1   [ RunTime:0.0004s ]
SQL: SHOW COLUMNS FROM `sm_member_list` [ RunTime:0.0090s ]
SQL: SELECT `openid`,`member_name` FROM `sm_member_list` WHERE `member_list_id` = '2192' LIMIT 1   [ RunTime:0.0003s ]
NOTIC: [8] Undefined index: curl_timeout D:\xampp\htdocs\ThinkPHP\Library\Vendor\Pay\Wxpay\WxPayPubHelper.php 第 499 行.
SQL: SELECT `order_type`,`order_no`,`trade_no`,`real_money`,`member_list_id`,`ma_id`,`dishes_id`,`integral` FROM `sm_orders` WHERE `order_id` = '8489' LIMIT 1   [ RunTime:0.0036s ]
SQL: SELECT `appid`,`appsecret`,`keycode`,`partnerid`,`keycode_certificate`,`payment_certificate`,`refund_through_id` FROM `sm_merchant` WHERE `ma_id` = '1' LIMIT 1   [ RunTime:0.0003s ]
SQL: SELECT `openid`,`member_name` FROM `sm_member_list` WHERE `member_list_id` = '2192' LIMIT 1   [ RunTime:0.0003s ]
SQL: SELECT `order_id` FROM `sm_orders` WHERE `stall_id` = '31' AND `order_status` = 2 AND `refund` <> 1 AND ( `effect_time` >= 1564588800 AND `effect_time` <= 1564675199  )  [ RunTime:0.0051s ]
SQL: SHOW COLUMNS FROM `sm_order_goods` [ RunTime:0.0143s ]
SQL: SELECT a.order_id,a.create_time,a.order_status,a.phone,a.deliver_type,a.telphone,a.success_time,a.order_no,a.refund FROM sm_orders a WHERE a.stall_id = '31' AND a.order_type = 1 AND a.order_status = 2 AND a.refund <> 1 ORDER BY a.create_time desc LIMIT 0,10   [ RunTime:0.0009s ]
SQL: SHOW COLUMNS FROM `sm_stall` [ RunTime:0.0103s ]
SQL: SELECT `timeout` FROM sm_stall a LEFT JOIN sm_merchant AS b ON a.ma_id = b.ma_id  WHERE a.stall_id = '31' LIMIT 1   [ RunTime:0.0004s ]

[ 2019-08-01T14:20:52+08:00 ] 106.2.165.222 /index.php?m=Api&c=Ptorder&a=order
INFO: [ app_init ] --START--
INFO: Run Behavior\BuildLiteBehavior [ RunTime:0.000013s ]
INFO: [ app_init ] --END-- [ RunTime:0.000463s ]
INFO: [ app_begin ] --START--
INFO: Run Behavior\ReadHtmlCacheBehavior [ RunTime:0.000590s ]
INFO: [ app_begin ] --END-- [ RunTime:0.000643s ]
SQL: SHOW COLUMNS FROM `sm_orders` [ RunTime:0.0146s ]
SQL: SELECT `order_id`,`refund_time` FROM `sm_orders` WHERE `refund` = 1  [ RunTime:0.0126s ]
SQL: SELECT `order_type`,`order_no`,`trade_no`,`real_money`,`member_list_id`,`ma_id`,`dishes_id`,`integral` FROM `sm_orders` WHERE `order_id` = '8485' LIMIT 1   [ RunTime:0.0003s ]
SQL: SHOW COLUMNS FROM `sm_merchant` [ RunTime:0.0096s ]
SQL: SELECT `appid`,`appsecret`,`keycode`,`partnerid`,`keycode_certificate`,`payment_certificate`,`refund_through_id` FROM `sm_merchant` WHERE `ma_id` = '1' LIMIT 1   [ RunTime:0.0004s ]
SQL: SHOW COLUMNS FROM `sm_member_list` [ RunTime:0.0088s ]
SQL: SELECT `openid`,`member_name` FROM `sm_member_list` WHERE `member_list_id` = '2192' LIMIT 1   [ RunTime:0.0003s ]
NOTIC: [8] Undefined index: curl_timeout D:\xampp\htdocs\ThinkPHP\Library\Vendor\Pay\Wxpay\WxPayPubHelper.php 第 499 行.
SQL: SELECT `order_type`,`order_no`,`trade_no`,`real_money`,`member_list_id`,`ma_id`,`dishes_id`,`integral` FROM `sm_orders` WHERE `order_id` = '8489' LIMIT 1   [ RunTime:0.0006s ]
SQL: SELECT `appid`,`appsecret`,`keycode`,`partnerid`,`keycode_certificate`,`payment_certificate`,`refund_through_id` FROM `sm_merchant` WHERE `ma_id` = '1' LIMIT 1   [ RunTime:0.0003s ]
SQL: SELECT `openid`,`member_name` FROM `sm_member_list` WHERE `member_list_id` = '2192' LIMIT 1   [ RunTime:0.0004s ]
SQL: SELECT `order_id` FROM `sm_orders` WHERE `stall_id` = '31' AND `order_status` = 2 AND `refund` <> 1 AND ( `effect_time` >= 1564588800 AND `effect_time` <= 1564675199  )  [ RunTime:0.0010s ]
SQL: SHOW COLUMNS FROM `sm_order_goods` [ RunTime:0.0122s ]
SQL: SELECT a.order_id,a.create_time,a.order_status,a.phone,a.deliver_type,a.telphone,a.success_time,a.order_no,a.refund FROM sm_orders a WHERE a.stall_id = '31' AND a.order_type = 1 AND a.order_status = 3 ORDER BY a.create_time desc LIMIT 0,10   [ RunTime:0.0011s ]
SQL: SHOW COLUMNS FROM `sm_stall` [ RunTime:0.0131s ]
SQL: SELECT `timeout` FROM sm_stall a LEFT JOIN sm_merchant AS b ON a.ma_id = b.ma_id  WHERE a.stall_id = '31' LIMIT 1   [ RunTime:0.0003s ]
SQL: SELECT `dishes_name`,`pic_url`,`dishes_nums` FROM `sm_order_goods` WHERE `order_id` = '8478'  [ RunTime:0.0002s ]
SQL: SELECT `dishes_name`,`pic_url`,`dishes_nums` FROM `sm_order_goods` WHERE `order_id` = '8452'  [ RunTime:0.0002s ]
SQL: SELECT `dishes_name`,`pic_url`,`dishes_nums` FROM `sm_order_goods` WHERE `order_id` = '8449'  [ RunTime:0.0002s ]
SQL: SELECT `dishes_name`,`pic_url`,`dishes_nums` FROM `sm_order_goods` WHERE `order_id` = '8444'  [ RunTime:0.0004s ]
SQL: SELECT `dishes_name`,`pic_url`,`dishes_nums` FROM `sm_order_goods` WHERE `order_id` = '8438'  [ RunTime:0.0003s ]
SQL: SELECT `dishes_name`,`pic_url`,`dishes_nums` FROM `sm_order_goods` WHERE `order_id` = '8429'  [ RunTime:0.0003s ]
SQL: SELECT `dishes_name`,`pic_url`,`dishes_nums` FROM `sm_order_goods` WHERE `order_id` = '8428'  [ RunTime:0.0003s ]
SQL: SELECT `dishes_name`,`pic_url`,`dishes_nums` FROM `sm_order_goods` WHERE `order_id` = '8354'  [ RunTime:0.0003s ]
SQL: SELECT `dishes_name`,`pic_url`,`dishes_nums` FROM `sm_order_goods` WHERE `order_id` = '8345'  [ RunTime:0.0003s ]
SQL: SELECT `dishes_name`,`pic_url`,`dishes_nums` FROM `sm_order_goods` WHERE `order_id` = '8344'  [ RunTime:0.0002s ]

[ 2019-08-01T14:20:54+08:00 ] 106.2.165.222 /index.php?m=Api&c=Ptorder&a=order
INFO: [ app_init ] --START--
INFO: Run Behavior\BuildLiteBehavior [ RunTime:0.000017s ]
INFO: [ app_init ] --END-- [ RunTime:0.000498s ]
INFO: [ app_begin ] --START--
INFO: Run Behavior\ReadHtmlCacheBehavior [ RunTime:0.000635s ]
INFO: [ app_begin ] --END-- [ RunTime:0.000749s ]
SQL: SHOW COLUMNS FROM `sm_orders` [ RunTime:0.0186s ]
SQL: SELECT `order_id`,`refund_time` FROM `sm_orders` WHERE `refund` = 1  [ RunTime:0.0136s ]
SQL: SELECT `order_type`,`order_no`,`trade_no`,`real_money`,`member_list_id`,`ma_id`,`dishes_id`,`integral` FROM `sm_orders` WHERE `order_id` = '8485' LIMIT 1   [ RunTime:0.0003s ]
SQL: SHOW COLUMNS FROM `sm_merchant` [ RunTime:0.0095s ]
SQL: SELECT `appid`,`appsecret`,`keycode`,`partnerid`,`keycode_certificate`,`payment_certificate`,`refund_through_id` FROM `sm_merchant` WHERE `ma_id` = '1' LIMIT 1   [ RunTime:0.0004s ]
SQL: SHOW COLUMNS FROM `sm_member_list` [ RunTime:0.0087s ]
SQL: SELECT `openid`,`member_name` FROM `sm_member_list` WHERE `member_list_id` = '2192' LIMIT 1   [ RunTime:0.0003s ]
NOTIC: [8] Undefined index: curl_timeout D:\xampp\htdocs\ThinkPHP\Library\Vendor\Pay\Wxpay\WxPayPubHelper.php 第 499 行.
SQL: SELECT `order_type`,`order_no`,`trade_no`,`real_money`,`member_list_id`,`ma_id`,`dishes_id`,`integral` FROM `sm_orders` WHERE `order_id` = '8489' LIMIT 1   [ RunTime:0.0005s ]
SQL: SELECT `appid`,`appsecret`,`keycode`,`partnerid`,`keycode_certificate`,`payment_certificate`,`refund_through_id` FROM `sm_merchant` WHERE `ma_id` = '1' LIMIT 1   [ RunTime:0.0003s ]
SQL: SELECT `openid`,`member_name` FROM `sm_member_list` WHERE `member_list_id` = '2192' LIMIT 1   [ RunTime:0.0003s ]
SQL: SELECT `order_id` FROM `sm_orders` WHERE `stall_id` = '31' AND `order_status` = 2 AND `refund` <> 1 AND ( `effect_time` >= 1564588800 AND `effect_time` <= 1564675199  )  [ RunTime:0.0011s ]
SQL: SHOW COLUMNS FROM `sm_order_goods` [ RunTime:0.0142s ]
SQL: SELECT a.order_id,a.create_time,a.order_status,a.phone,a.deliver_type,a.telphone,a.success_time,a.order_no,a.refund FROM sm_orders a WHERE a.stall_id = '31' AND a.order_type = 1 AND a.order_status = 2 AND a.refund <> 1 ORDER BY a.create_time desc LIMIT 0,10   [ RunTime:0.0009s ]
SQL: SHOW COLUMNS FROM `sm_stall` [ RunTime:0.0086s ]
SQL: SELECT `timeout` FROM sm_stall a LEFT JOIN sm_merchant AS b ON a.ma_id = b.ma_id  WHERE a.stall_id = '31' LIMIT 1   [ RunTime:0.0004s ]

[ 2019-08-01T14:24:52+08:00 ] 106.2.165.222 /index.php?m=Api&c=Ptorder&a=order
INFO: [ app_init ] --START--
INFO: Run Behavior\BuildLiteBehavior [ RunTime:0.000013s ]
INFO: [ app_init ] --END-- [ RunTime:0.000503s ]
INFO: [ app_begin ] --START--
INFO: Run Behavior\ReadHtmlCacheBehavior [ RunTime:0.000969s ]
INFO: [ app_begin ] --END-- [ RunTime:0.001049s ]
SQL: SHOW COLUMNS FROM `sm_orders` [ RunTime:0.0160s ]
SQL: SELECT `order_id`,`refund_time` FROM `sm_orders` WHERE `refund` = 1  [ RunTime:0.0182s ]
SQL: SELECT `order_type`,`order_no`,`trade_no`,`real_money`,`member_list_id`,`ma_id`,`dishes_id`,`integral` FROM `sm_orders` WHERE `order_id` = '8485' LIMIT 1   [ RunTime:0.0003s ]
SQL: SHOW COLUMNS FROM `sm_merchant` [ RunTime:0.0096s ]
SQL: SELECT `appid`,`appsecret`,`keycode`,`partnerid`,`keycode_certificate`,`payment_certificate`,`refund_through_id` FROM `sm_merchant` WHERE `ma_id` = '1' LIMIT 1   [ RunTime:0.0003s ]
SQL: SHOW COLUMNS FROM `sm_member_list` [ RunTime:0.0093s ]
SQL: SELECT `openid`,`member_name` FROM `sm_member_list` WHERE `member_list_id` = '2192' LIMIT 1   [ RunTime:0.0003s ]
NOTIC: [8] Undefined index: curl_timeout D:\xampp\htdocs\ThinkPHP\Library\Vendor\Pay\Wxpay\WxPayPubHelper.php 第 499 行.
SQL: SELECT `order_type`,`order_no`,`trade_no`,`real_money`,`member_list_id`,`ma_id`,`dishes_id`,`integral` FROM `sm_orders` WHERE `order_id` = '8489' LIMIT 1   [ RunTime:0.0005s ]
SQL: SELECT `appid`,`appsecret`,`keycode`,`partnerid`,`keycode_certificate`,`payment_certificate`,`refund_through_id` FROM `sm_merchant` WHERE `ma_id` = '1' LIMIT 1   [ RunTime:0.0003s ]
SQL: SELECT `openid`,`member_name` FROM `sm_member_list` WHERE `member_list_id` = '2192' LIMIT 1   [ RunTime:0.0002s ]
SQL: SELECT `order_id` FROM `sm_orders` WHERE `stall_id` = '31' AND `order_status` = 2 AND `refund` <> 1 AND ( `effect_time` >= 1564588800 AND `effect_time` <= 1564675199  )  [ RunTime:0.0010s ]
SQL: SHOW COLUMNS FROM `sm_order_goods` [ RunTime:0.0140s ]
SQL: SELECT a.order_id,a.create_time,a.order_status,a.phone,a.deliver_type,a.telphone,a.success_time,a.order_no,a.refund FROM sm_orders a WHERE a.stall_id = '31' AND a.order_type = 1 AND a.order_status = 2 AND a.refund <> 1 ORDER BY a.create_time desc LIMIT 0,10   [ RunTime:0.0008s ]
SQL: SHOW COLUMNS FROM `sm_stall` [ RunTime:0.0085s ]
SQL: SELECT `timeout` FROM sm_stall a LEFT JOIN sm_merchant AS b ON a.ma_id = b.ma_id  WHERE a.stall_id = '31' LIMIT 1   [ RunTime:0.0004s ]

[ 2019-08-01T14:29:53+08:00 ] 106.2.165.222 /index.php?m=Api&c=Ptorder&a=order
INFO: [ app_init ] --START--
INFO: Run Behavior\BuildLiteBehavior [ RunTime:0.000018s ]
INFO: [ app_init ] --END-- [ RunTime:0.000622s ]
INFO: [ app_begin ] --START--
INFO: Run Behavior\ReadHtmlCacheBehavior [ RunTime:0.000746s ]
INFO: [ app_begin ] --END-- [ RunTime:0.000805s ]
SQL: SHOW COLUMNS FROM `sm_orders` [ RunTime:0.0156s ]
SQL: SELECT `order_id`,`refund_time` FROM `sm_orders` WHERE `refund` = 1  [ RunTime:0.0128s ]
SQL: SELECT `order_type`,`order_no`,`trade_no`,`real_money`,`member_list_id`,`ma_id`,`dishes_id`,`integral` FROM `sm_orders` WHERE `order_id` = '8485' LIMIT 1   [ RunTime:0.0004s ]
SQL: SHOW COLUMNS FROM `sm_merchant` [ RunTime:0.0092s ]
SQL: SELECT `appid`,`appsecret`,`keycode`,`partnerid`,`keycode_certificate`,`payment_certificate`,`refund_through_id` FROM `sm_merchant` WHERE `ma_id` = '1' LIMIT 1   [ RunTime:0.0004s ]
SQL: SHOW COLUMNS FROM `sm_member_list` [ RunTime:0.0086s ]
SQL: SELECT `openid`,`member_name` FROM `sm_member_list` WHERE `member_list_id` = '2192' LIMIT 1   [ RunTime:0.0003s ]
NOTIC: [8] Undefined index: curl_timeout D:\xampp\htdocs\ThinkPHP\Library\Vendor\Pay\Wxpay\WxPayPubHelper.php 第 499 行.
SQL: SELECT `order_type`,`order_no`,`trade_no`,`real_money`,`member_list_id`,`ma_id`,`dishes_id`,`integral` FROM `sm_orders` WHERE `order_id` = '8489' LIMIT 1   [ RunTime:0.0005s ]
SQL: SELECT `appid`,`appsecret`,`keycode`,`partnerid`,`keycode_certificate`,`payment_certificate`,`refund_through_id` FROM `sm_merchant` WHERE `ma_id` = '1' LIMIT 1   [ RunTime:0.0004s ]
SQL: SELECT `openid`,`member_name` FROM `sm_member_list` WHERE `member_list_id` = '2192' LIMIT 1   [ RunTime:0.0002s ]
SQL: SELECT `order_id` FROM `sm_orders` WHERE `stall_id` = '31' AND `order_status` = 2 AND `refund` <> 1 AND ( `effect_time` >= 1564588800 AND `effect_time` <= 1564675199  )  [ RunTime:0.0011s ]
SQL: SHOW COLUMNS FROM `sm_order_goods` [ RunTime:0.0143s ]
SQL: SELECT a.order_id,a.create_time,a.order_status,a.phone,a.deliver_type,a.telphone,a.success_time,a.order_no,a.refund FROM sm_orders a WHERE a.stall_id = '31' AND a.order_type = 1 AND a.order_status IN ('4','5','6') ORDER BY a.create_time desc LIMIT 0,10   [ RunTime:0.0011s ]
SQL: SHOW COLUMNS FROM `sm_stall` [ RunTime:0.0088s ]
SQL: SELECT `timeout` FROM sm_stall a LEFT JOIN sm_merchant AS b ON a.ma_id = b.ma_id  WHERE a.stall_id = '31' LIMIT 1   [ RunTime:0.0004s ]
SQL: SELECT `dishes_name`,`pic_url`,`dishes_nums` FROM `sm_order_goods` WHERE `order_id` = '8492'  [ RunTime:0.0003s ]
SQL: SELECT `dishes_name`,`pic_url`,`dishes_nums` FROM `sm_order_goods` WHERE `order_id` = '8491'  [ RunTime:0.0002s ]
SQL: SELECT `dishes_name`,`pic_url`,`dishes_nums` FROM `sm_order_goods` WHERE `order_id` = '8488'  [ RunTime:0.0002s ]
SQL: SELECT `dishes_name`,`pic_url`,`dishes_nums` FROM `sm_order_goods` WHERE `order_id` = '8487'  [ RunTime:0.0002s ]
SQL: SELECT `dishes_name`,`pic_url`,`dishes_nums` FROM `sm_order_goods` WHERE `order_id` = '8486'  [ RunTime:0.0002s ]
SQL: SELECT `dishes_name`,`pic_url`,`dishes_nums` FROM `sm_order_goods` WHERE `order_id` = '8484'  [ RunTime:0.0002s ]
SQL: SELECT `dishes_name`,`pic_url`,`dishes_nums` FROM `sm_order_goods` WHERE `order_id` = '8483'  [ RunTime:0.0003s ]
SQL: SELECT `dishes_name`,`pic_url`,`dishes_nums` FROM `sm_order_goods` WHERE `order_id` = '8482'  [ RunTime:0.0002s ]
SQL: SELECT `dishes_name`,`pic_url`,`dishes_nums` FROM `sm_order_goods` WHERE `order_id` = '8479'  [ RunTime:0.0002s ]
SQL: SELECT `dishes_name`,`pic_url`,`dishes_nums` FROM `sm_order_goods` WHERE `order_id` = '8475'  [ RunTime:0.0003s ]

[ 2019-08-01T14:34:41+08:00 ] 27.188.254.246 /index.php?m=Api&c=Login&a=login
INFO: [ app_init ] --START--
INFO: Run Behavior\BuildLiteBehavior [ RunTime:0.000016s ]
INFO: [ app_init ] --END-- [ RunTime:0.000669s ]
INFO: [ app_begin ] --START--
INFO: Run Behavior\ReadHtmlCacheBehavior [ RunTime:0.000836s ]
INFO: [ app_begin ] --END-- [ RunTime:0.000904s ]
SQL: SHOW COLUMNS FROM `sm_stall` [ RunTime:0.0150s ]
SQL: SELECT * FROM `sm_stall` WHERE `delete` = 2 AND `st_account` = '18310551122' LIMIT 1   [ RunTime:0.0005s ]

[ 2019-08-01T14:34:42+08:00 ] 27.188.254.246 /index.php?m=Api&c=Ptorder&a=order
INFO: [ app_init ] --START--
INFO: Run Behavior\BuildLiteBehavior [ RunTime:0.000013s ]
INFO: [ app_init ] --END-- [ RunTime:0.000463s ]
INFO: [ app_begin ] --START--
INFO: Run Behavior\ReadHtmlCacheBehavior [ RunTime:0.000735s ]
INFO: [ app_begin ] --END-- [ RunTime:0.000786s ]
SQL: SHOW COLUMNS FROM `sm_orders` [ RunTime:0.0112s ]
SQL: SELECT `order_id`,`refund_time` FROM `sm_orders` WHERE `refund` = 1  [ RunTime:0.0125s ]
SQL: SELECT `order_type`,`order_no`,`trade_no`,`real_money`,`member_list_id`,`ma_id`,`dishes_id`,`integral` FROM `sm_orders` WHERE `order_id` = '8485' LIMIT 1   [ RunTime:0.0004s ]
SQL: SHOW COLUMNS FROM `sm_merchant` [ RunTime:0.0122s ]
SQL: SELECT `appid`,`appsecret`,`keycode`,`partnerid`,`keycode_certificate`,`payment_certificate`,`refund_through_id` FROM `sm_merchant` WHERE `ma_id` = '1' LIMIT 1   [ RunTime:0.0003s ]
SQL: SHOW COLUMNS FROM `sm_member_list` [ RunTime:0.0084s ]
SQL: SELECT `openid`,`member_name` FROM `sm_member_list` WHERE `member_list_id` = '2192' LIMIT 1   [ RunTime:0.0003s ]
NOTIC: [8] Undefined index: curl_timeout D:\xampp\htdocs\ThinkPHP\Library\Vendor\Pay\Wxpay\WxPayPubHelper.php 第 499 行.
SQL: SELECT `order_type`,`order_no`,`trade_no`,`real_money`,`member_list_id`,`ma_id`,`dishes_id`,`integral` FROM `sm_orders` WHERE `order_id` = '8489' LIMIT 1   [ RunTime:0.0005s ]
SQL: SELECT `appid`,`appsecret`,`keycode`,`partnerid`,`keycode_certificate`,`payment_certificate`,`refund_through_id` FROM `sm_merchant` WHERE `ma_id` = '1' LIMIT 1   [ RunTime:0.0003s ]
SQL: SELECT `openid`,`member_name` FROM `sm_member_list` WHERE `member_list_id` = '2192' LIMIT 1   [ RunTime:0.0002s ]
SQL: SELECT `order_id` FROM `sm_orders` WHERE `stall_id` = '31' AND `order_status` = 2 AND `refund` <> 1 AND ( `effect_time` >= 1564588800 AND `effect_time` <= 1564675199  )  [ RunTime:0.0013s ]
SQL: SHOW COLUMNS FROM `sm_order_goods` [ RunTime:0.0111s ]
SQL: SELECT a.order_id,a.create_time,a.order_status,a.phone,a.deliver_type,a.telphone,a.success_time,a.order_no,a.refund FROM sm_orders a WHERE a.stall_id = '31' AND a.order_type = 1 AND a.order_status = 2 AND a.refund <> 1 ORDER BY a.create_time desc LIMIT 0,10   [ RunTime:0.0008s ]
SQL: SHOW COLUMNS FROM `sm_stall` [ RunTime:0.0093s ]
SQL: SELECT `timeout` FROM sm_stall a LEFT JOIN sm_merchant AS b ON a.ma_id = b.ma_id  WHERE a.stall_id = '31' LIMIT 1   [ RunTime:0.0003s ]

[ 2019-08-01T14:34:45+08:00 ] 27.188.254.246 /index.php?m=Api&c=Personal&a=index
INFO: [ app_init ] --START--
INFO: Run Behavior\BuildLiteBehavior [ RunTime:0.000013s ]
INFO: [ app_init ] --END-- [ RunTime:0.000461s ]
INFO: [ app_begin ] --START--
INFO: Run Behavior\ReadHtmlCacheBehavior [ RunTime:0.000725s ]
INFO: [ app_begin ] --END-- [ RunTime:0.000776s ]
SQL: SHOW COLUMNS FROM `sm_orders` [ RunTime:0.0147s ]
SQL: SELECT `order_id`,`refund_time` FROM `sm_orders` WHERE `refund` = 1  [ RunTime:0.0132s ]
SQL: SELECT `order_type`,`order_no`,`trade_no`,`real_money`,`member_list_id`,`ma_id`,`dishes_id`,`integral` FROM `sm_orders` WHERE `order_id` = '8485' LIMIT 1   [ RunTime:0.0004s ]
SQL: SHOW COLUMNS FROM `sm_merchant` [ RunTime:0.0098s ]
SQL: SELECT `appid`,`appsecret`,`keycode`,`partnerid`,`keycode_certificate`,`payment_certificate`,`refund_through_id` FROM `sm_merchant` WHERE `ma_id` = '1' LIMIT 1   [ RunTime:0.0004s ]
SQL: SHOW COLUMNS FROM `sm_member_list` [ RunTime:0.0088s ]
SQL: SELECT `openid`,`member_name` FROM `sm_member_list` WHERE `member_list_id` = '2192' LIMIT 1   [ RunTime:0.0003s ]
NOTIC: [8] Undefined index: curl_timeout D:\xampp\htdocs\ThinkPHP\Library\Vendor\Pay\Wxpay\WxPayPubHelper.php 第 499 行.
SQL: SELECT `order_type`,`order_no`,`trade_no`,`real_money`,`member_list_id`,`ma_id`,`dishes_id`,`integral` FROM `sm_orders` WHERE `order_id` = '8489' LIMIT 1   [ RunTime:0.0005s ]
SQL: SELECT `appid`,`appsecret`,`keycode`,`partnerid`,`keycode_certificate`,`payment_certificate`,`refund_through_id` FROM `sm_merchant` WHERE `ma_id` = '1' LIMIT 1   [ RunTime:0.0003s ]
SQL: SELECT `openid`,`member_name` FROM `sm_member_list` WHERE `member_list_id` = '2192' LIMIT 1   [ RunTime:0.0002s ]
SQL: SELECT `order_id` FROM `sm_orders` WHERE `stall_id` = '31' AND `order_status` = 2 AND `refund` <> 1 AND ( `effect_time` >= 1564588800 AND `effect_time` <= 1564675199  )  [ RunTime:0.0041s ]
SQL: SHOW COLUMNS FROM `sm_stall` [ RunTime:0.0142s ]
SQL: SELECT a.stall_id,a.image,a.stall_name,a.stall_tel,a.score,a.stall_type,a.on_the_pin,b.ma_merchantname,a.tone_music FROM sm_stall a LEFT JOIN sm_merchant as b ON a.ma_id = b.ma_id   WHERE `stall_id` = '31' LIMIT 1   [ RunTime:0.0004s ]

[ 2019-08-01T14:34:46+08:00 ] 27.188.254.246 /index.php?m=Api&c=Set&a=returnState
INFO: [ app_init ] --START--
INFO: Run Behavior\BuildLiteBehavior [ RunTime:0.000017s ]
INFO: [ app_init ] --END-- [ RunTime:0.000494s ]
INFO: [ app_begin ] --START--
INFO: Run Behavior\ReadHtmlCacheBehavior [ RunTime:0.000764s ]
INFO: [ app_begin ] --END-- [ RunTime:0.000831s ]
SQL: SHOW COLUMNS FROM `sm_stall` [ RunTime:0.0141s ]
SQL: SELECT * FROM `sm_stall` WHERE `stall_id` = '31' LIMIT 1   [ RunTime:0.0005s ]

[ 2019-08-01T14:34:52+08:00 ] 27.188.254.246 /index.php?m=Api&c=Ptorder&a=order
INFO: [ app_init ] --START--
INFO: Run Behavior\BuildLiteBehavior [ RunTime:0.000013s ]
INFO: [ app_init ] --END-- [ RunTime:0.000497s ]
INFO: [ app_begin ] --START--
INFO: Run Behavior\ReadHtmlCacheBehavior [ RunTime:0.000774s ]
INFO: [ app_begin ] --END-- [ RunTime:0.000826s ]
SQL: SHOW COLUMNS FROM `sm_orders` [ RunTime:0.0144s ]
SQL: SELECT `order_id`,`refund_time` FROM `sm_orders` WHERE `refund` = 1  [ RunTime:0.0094s ]
SQL: SELECT `order_type`,`order_no`,`trade_no`,`real_money`,`member_list_id`,`ma_id`,`dishes_id`,`integral` FROM `sm_orders` WHERE `order_id` = '8485' LIMIT 1   [ RunTime:0.0004s ]
SQL: SHOW COLUMNS FROM `sm_merchant` [ RunTime:0.0127s ]
SQL: SELECT `appid`,`appsecret`,`keycode`,`partnerid`,`keycode_certificate`,`payment_certificate`,`refund_through_id` FROM `sm_merchant` WHERE `ma_id` = '1' LIMIT 1   [ RunTime:0.0004s ]
SQL: SHOW COLUMNS FROM `sm_member_list` [ RunTime:0.0100s ]
SQL: SELECT `openid`,`member_name` FROM `sm_member_list` WHERE `member_list_id` = '2192' LIMIT 1   [ RunTime:0.0003s ]
NOTIC: [8] Undefined index: curl_timeout D:\xampp\htdocs\ThinkPHP\Library\Vendor\Pay\Wxpay\WxPayPubHelper.php 第 499 行.
SQL: SELECT `order_type`,`order_no`,`trade_no`,`real_money`,`member_list_id`,`ma_id`,`dishes_id`,`integral` FROM `sm_orders` WHERE `order_id` = '8489' LIMIT 1   [ RunTime:0.0005s ]
SQL: SELECT `appid`,`appsecret`,`keycode`,`partnerid`,`keycode_certificate`,`payment_certificate`,`refund_through_id` FROM `sm_merchant` WHERE `ma_id` = '1' LIMIT 1   [ RunTime:0.0003s ]
SQL: SELECT `openid`,`member_name` FROM `sm_member_list` WHERE `member_list_id` = '2192' LIMIT 1   [ RunTime:0.0002s ]
SQL: SELECT `order_id` FROM `sm_orders` WHERE `stall_id` = '31' AND `order_status` = 2 AND `refund` <> 1 AND ( `effect_time` >= 1564588800 AND `effect_time` <= 1564675199  )  [ RunTime:0.0010s ]
SQL: SHOW COLUMNS FROM `sm_order_goods` [ RunTime:0.0121s ]
SQL: SELECT a.order_id,a.create_time,a.order_status,a.phone,a.deliver_type,a.telphone,a.success_time,a.order_no,a.refund FROM sm_orders a WHERE a.stall_id = '31' AND a.order_type = 1 AND a.order_status = 3 ORDER BY a.create_time desc LIMIT 0,10   [ RunTime:0.0096s ]
SQL: SHOW COLUMNS FROM `sm_stall` [ RunTime:0.0090s ]
SQL: SELECT `timeout` FROM sm_stall a LEFT JOIN sm_merchant AS b ON a.ma_id = b.ma_id  WHERE a.stall_id = '31' LIMIT 1   [ RunTime:0.0004s ]
SQL: SELECT `dishes_name`,`pic_url`,`dishes_nums` FROM `sm_order_goods` WHERE `order_id` = '8478'  [ RunTime:0.0003s ]
SQL: SELECT `dishes_name`,`pic_url`,`dishes_nums` FROM `sm_order_goods` WHERE `order_id` = '8452'  [ RunTime:0.0002s ]
SQL: SELECT `dishes_name`,`pic_url`,`dishes_nums` FROM `sm_order_goods` WHERE `order_id` = '8449'  [ RunTime:0.0002s ]
SQL: SELECT `dishes_name`,`pic_url`,`dishes_nums` FROM `sm_order_goods` WHERE `order_id` = '8444'  [ RunTime:0.0002s ]
SQL: SELECT `dishes_name`,`pic_url`,`dishes_nums` FROM `sm_order_goods` WHERE `order_id` = '8438'  [ RunTime:0.0003s ]
SQL: SELECT `dishes_name`,`pic_url`,`dishes_nums` FROM `sm_order_goods` WHERE `order_id` = '8429'  [ RunTime:0.0003s ]
SQL: SELECT `dishes_name`,`pic_url`,`dishes_nums` FROM `sm_order_goods` WHERE `order_id` = '8428'  [ RunTime:0.0002s ]
SQL: SELECT `dishes_name`,`pic_url`,`dishes_nums` FROM `sm_order_goods` WHERE `order_id` = '8354'  [ RunTime:0.0002s ]
SQL: SELECT `dishes_name`,`pic_url`,`dishes_nums` FROM `sm_order_goods` WHERE `order_id` = '8345'  [ RunTime:0.0003s ]
SQL: SELECT `dishes_name`,`pic_url`,`dishes_nums` FROM `sm_order_goods` WHERE `order_id` = '8344'  [ RunTime:0.0003s ]

[ 2019-08-01T14:34:55+08:00 ] 27.188.254.246 /index.php?m=Api&c=Ptorder&a=order
INFO: [ app_init ] --START--
INFO: Run Behavior\BuildLiteBehavior [ RunTime:0.000023s ]
INFO: [ app_init ] --END-- [ RunTime:0.000619s ]
INFO: [ app_begin ] --START--
INFO: Run Behavior\ReadHtmlCacheBehavior [ RunTime:0.001036s ]
INFO: [ app_begin ] --END-- [ RunTime:0.001107s ]
SQL: SHOW COLUMNS FROM `sm_orders` [ RunTime:0.0174s ]
SQL: SELECT `order_id`,`refund_time` FROM `sm_orders` WHERE `refund` = 1  [ RunTime:0.0122s ]
SQL: SELECT `order_type`,`order_no`,`trade_no`,`real_money`,`member_list_id`,`ma_id`,`dishes_id`,`integral` FROM `sm_orders` WHERE `order_id` = '8485' LIMIT 1   [ RunTime:0.0004s ]
SQL: SHOW COLUMNS FROM `sm_merchant` [ RunTime:0.0102s ]
SQL: SELECT `appid`,`appsecret`,`keycode`,`partnerid`,`keycode_certificate`,`payment_certificate`,`refund_through_id` FROM `sm_merchant` WHERE `ma_id` = '1' LIMIT 1   [ RunTime:0.0004s ]
SQL: SHOW COLUMNS FROM `sm_member_list` [ RunTime:0.0091s ]
SQL: SELECT `openid`,`member_name` FROM `sm_member_list` WHERE `member_list_id` = '2192' LIMIT 1   [ RunTime:0.0003s ]
NOTIC: [8] Undefined index: curl_timeout D:\xampp\htdocs\ThinkPHP\Library\Vendor\Pay\Wxpay\WxPayPubHelper.php 第 499 行.
SQL: SELECT `order_type`,`order_no`,`trade_no`,`real_money`,`member_list_id`,`ma_id`,`dishes_id`,`integral` FROM `sm_orders` WHERE `order_id` = '8489' LIMIT 1   [ RunTime:0.0005s ]
SQL: SELECT `appid`,`appsecret`,`keycode`,`partnerid`,`keycode_certificate`,`payment_certificate`,`refund_through_id` FROM `sm_merchant` WHERE `ma_id` = '1' LIMIT 1   [ RunTime:0.0003s ]
SQL: SELECT `openid`,`member_name` FROM `sm_member_list` WHERE `member_list_id` = '2192' LIMIT 1   [ RunTime:0.0002s ]
SQL: SELECT `order_id` FROM `sm_orders` WHERE `stall_id` = '31' AND `order_status` = 2 AND `refund` <> 1 AND ( `effect_time` >= 1564588800 AND `effect_time` <= 1564675199  )  [ RunTime:0.0011s ]
SQL: SHOW COLUMNS FROM `sm_order_goods` [ RunTime:0.0143s ]
SQL: SELECT a.order_id,a.create_time,a.order_status,a.phone,a.deliver_type,a.telphone,a.success_time,a.order_no,a.refund FROM sm_orders a WHERE a.stall_id = '31' AND a.order_type = 1 AND a.refund IN ('1','2') ORDER BY a.create_time desc LIMIT 0,10   [ RunTime:0.0012s ]
SQL: SHOW COLUMNS FROM `sm_stall` [ RunTime:0.0086s ]
SQL: SELECT `timeout` FROM sm_stall a LEFT JOIN sm_merchant AS b ON a.ma_id = b.ma_id  WHERE a.stall_id = '31' LIMIT 1   [ RunTime:0.0003s ]
SQL: SELECT `dishes_name`,`pic_url`,`dishes_nums` FROM `sm_order_goods` WHERE `order_id` = '8490'  [ RunTime:0.0002s ]
SQL: SELECT `dishes_name`,`pic_url`,`dishes_nums` FROM `sm_order_goods` WHERE `order_id` = '8489'  [ RunTime:0.0002s ]
SQL: SELECT `dishes_name`,`pic_url`,`dishes_nums` FROM `sm_order_goods` WHERE `order_id` = '8485'  [ RunTime:0.0002s ]
SQL: SELECT `dishes_name`,`pic_url`,`dishes_nums` FROM `sm_order_goods` WHERE `order_id` = '8480'  [ RunTime:0.0004s ]
SQL: SELECT `dishes_name`,`pic_url`,`dishes_nums` FROM `sm_order_goods` WHERE `order_id` = '8459'  [ RunTime:0.0002s ]
SQL: SELECT `dishes_name`,`pic_url`,`dishes_nums` FROM `sm_order_goods` WHERE `order_id` = '8407'  [ RunTime:0.0002s ]
SQL: SELECT `dishes_name`,`pic_url`,`dishes_nums` FROM `sm_order_goods` WHERE `order_id` = '8383'  [ RunTime:0.0002s ]
SQL: SELECT `dishes_name`,`pic_url`,`dishes_nums` FROM `sm_order_goods` WHERE `order_id` = '8382'  [ RunTime:0.0003s ]
SQL: SELECT `dishes_name`,`pic_url`,`dishes_nums` FROM `sm_order_goods` WHERE `order_id` = '8351'  [ RunTime:0.0002s ]
SQL: SELECT `dishes_name`,`pic_url`,`dishes_nums` FROM `sm_order_goods` WHERE `order_id` = '8350'  [ RunTime:0.0002s ]

[ 2019-08-01T14:35:01+08:00 ] 27.188.254.246 /index.php?m=Api&c=Ptorder&a=order
INFO: [ app_init ] --START--
INFO: Run Behavior\BuildLiteBehavior [ RunTime:0.000018s ]
INFO: [ app_init ] --END-- [ RunTime:0.000611s ]
INFO: [ app_begin ] --START--
INFO: Run Behavior\ReadHtmlCacheBehavior [ RunTime:0.000823s ]
INFO: [ app_begin ] --END-- [ RunTime:0.000880s ]
SQL: SHOW COLUMNS FROM `sm_orders` [ RunTime:0.0142s ]
SQL: SELECT `order_id`,`refund_time` FROM `sm_orders` WHERE `refund` = 1  [ RunTime:0.0125s ]
SQL: SELECT `order_type`,`order_no`,`trade_no`,`real_money`,`member_list_id`,`ma_id`,`dishes_id`,`integral` FROM `sm_orders` WHERE `order_id` = '8485' LIMIT 1   [ RunTime:0.0004s ]
SQL: SHOW COLUMNS FROM `sm_merchant` [ RunTime:0.0092s ]
SQL: SELECT `appid`,`appsecret`,`keycode`,`partnerid`,`keycode_certificate`,`payment_certificate`,`refund_through_id` FROM `sm_merchant` WHERE `ma_id` = '1' LIMIT 1   [ RunTime:0.0004s ]
SQL: SHOW COLUMNS FROM `sm_member_list` [ RunTime:0.0094s ]
SQL: SELECT `openid`,`member_name` FROM `sm_member_list` WHERE `member_list_id` = '2192' LIMIT 1   [ RunTime:0.0003s ]
NOTIC: [8] Undefined index: curl_timeout D:\xampp\htdocs\ThinkPHP\Library\Vendor\Pay\Wxpay\WxPayPubHelper.php 第 499 行.
SQL: SELECT `order_type`,`order_no`,`trade_no`,`real_money`,`member_list_id`,`ma_id`,`dishes_id`,`integral` FROM `sm_orders` WHERE `order_id` = '8489' LIMIT 1   [ RunTime:0.0006s ]
SQL: SELECT `appid`,`appsecret`,`keycode`,`partnerid`,`keycode_certificate`,`payment_certificate`,`refund_through_id` FROM `sm_merchant` WHERE `ma_id` = '1' LIMIT 1   [ RunTime:0.0003s ]
SQL: SELECT `openid`,`member_name` FROM `sm_member_list` WHERE `member_list_id` = '2192' LIMIT 1   [ RunTime:0.0002s ]
SQL: SELECT `order_id` FROM `sm_orders` WHERE `stall_id` = '31' AND `order_status` = 2 AND `refund` <> 1 AND ( `effect_time` >= 1564588800 AND `effect_time` <= 1564675199  )  [ RunTime:0.0009s ]
SQL: SHOW COLUMNS FROM `sm_order_goods` [ RunTime:0.0139s ]
SQL: SELECT a.order_id,a.create_time,a.order_status,a.phone,a.deliver_type,a.telphone,a.success_time,a.order_no,a.refund FROM sm_orders a WHERE a.stall_id = '31' AND a.order_type = 1 AND a.order_status = 2 AND a.refund <> 1 ORDER BY a.create_time desc LIMIT 0,10   [ RunTime:0.0010s ]
SQL: SHOW COLUMNS FROM `sm_stall` [ RunTime:0.0086s ]
SQL: SELECT `timeout` FROM sm_stall a LEFT JOIN sm_merchant AS b ON a.ma_id = b.ma_id  WHERE a.stall_id = '31' LIMIT 1   [ RunTime:0.0003s ]

[ 2019-08-01T20:02:37+08:00 ] 192.155.89.214 /api/v1
INFO: [ app_init ] --START--
INFO: Run Behavior\BuildLiteBehavior [ RunTime:0.000014s ]
INFO: [ app_init ] --END-- [ RunTime:0.000520s ]
INFO: [ app_begin ] --START--
INFO: Run Behavior\ReadHtmlCacheBehavior [ RunTime:0.000970s ]
INFO: [ app_begin ] --END-- [ RunTime:0.001051s ]
ERR: 无法加载控制器:V1

