[ 2019-08-14T10:52:48+08:00 ] 27.188.255.22 /index.php?m=Api&c=Ptorder&a=order
INFO: [ app_init ] --START--
INFO: Run Behavior\BuildLiteBehavior [ RunTime:0.000014s ]
INFO: [ app_init ] --END-- [ RunTime:0.000529s ]
INFO: [ app_begin ] --START--
INFO: Run Behavior\ReadHtmlCacheBehavior [ RunTime:0.000663s ]
INFO: [ app_begin ] --END-- [ RunTime:0.000719s ]
SQL: SHOW COLUMNS FROM `sm_orders` [ RunTime:0.0125s ]
SQL: SELECT `order_id`,`refund_time` FROM `sm_orders` WHERE `refund` = 1  [ RunTime:0.0059s ]
SQL: SELECT `order_type`,`order_no`,`trade_no`,`real_money`,`member_list_id`,`ma_id`,`dishes_id`,`integral` FROM `sm_orders` WHERE `order_id` = '8485' LIMIT 1   [ RunTime:0.0003s ]
SQL: SHOW COLUMNS FROM `sm_merchant` [ RunTime:0.0079s ]
SQL: SELECT `appid`,`appsecret`,`keycode`,`partnerid`,`keycode_certificate`,`payment_certificate`,`refund_through_id` FROM `sm_merchant` WHERE `ma_id` = '1' LIMIT 1   [ RunTime:0.0003s ]
SQL: SHOW COLUMNS FROM `sm_member_list` [ RunTime:0.0075s ]
SQL: SELECT `openid`,`member_name` FROM `sm_member_list` WHERE `member_list_id` = '2192' LIMIT 1   [ RunTime:0.0002s ]
NOTIC: [8] Undefined index: curl_timeout D:\xampp\htdocs\ThinkPHP\Library\Vendor\Pay\Wxpay\WxPayPubHelper.php 第 499 行.
SQL: SELECT `order_type`,`order_no`,`trade_no`,`real_money`,`member_list_id`,`ma_id`,`dishes_id`,`integral` FROM `sm_orders` WHERE `order_id` = '8489' LIMIT 1   [ RunTime:0.0005s ]
SQL: SELECT `appid`,`appsecret`,`keycode`,`partnerid`,`keycode_certificate`,`payment_certificate`,`refund_through_id` FROM `sm_merchant` WHERE `ma_id` = '1' LIMIT 1   [ RunTime:0.0003s ]
SQL: SELECT `openid`,`member_name` FROM `sm_member_list` WHERE `member_list_id` = '2192' LIMIT 1   [ RunTime:0.0002s ]
SQL: SELECT `order_id` FROM `sm_orders` WHERE `stall_id` = '31' AND `order_status` = 2 AND `refund` <> 1 AND ( `effect_time` >= 1565712000 AND `effect_time` <= 1565798399  )  [ RunTime:0.0128s ]
SQL: SHOW COLUMNS FROM `sm_order_goods` [ RunTime:0.0129s ]
SQL: SELECT a.order_id,a.create_time,a.order_status,a.phone,a.deliver_type,a.telphone,a.success_time,a.order_no,a.refund FROM sm_orders a WHERE a.stall_id = '31' AND a.order_type = 1 AND a.order_status = 2 AND a.refund <> 1 ORDER BY a.create_time desc LIMIT 0,10   [ RunTime:0.0098s ]
SQL: SHOW COLUMNS FROM `sm_stall` [ RunTime:0.0080s ]
SQL: SELECT `timeout` FROM sm_stall a LEFT JOIN sm_merchant AS b ON a.ma_id = b.ma_id  WHERE a.stall_id = '31' LIMIT 1   [ RunTime:0.0003s ]
SQL: SELECT `dishes_name`,`pic_url`,`dishes_nums` FROM `sm_order_goods` WHERE `order_id` = '8519'  [ RunTime:0.0002s ]

[ 2019-08-14T10:52:50+08:00 ] 27.188.255.22 /index.php?m=Api&c=Ptorder&a=order_eef
INFO: [ app_init ] --START--
INFO: Run Behavior\BuildLiteBehavior [ RunTime:0.000013s ]
INFO: [ app_init ] --END-- [ RunTime:0.000490s ]
INFO: [ app_begin ] --START--
INFO: Run Behavior\ReadHtmlCacheBehavior [ RunTime:0.000579s ]
INFO: [ app_begin ] --END-- [ RunTime:0.000629s ]
SQL: SHOW COLUMNS FROM `sm_orders` [ RunTime:0.0125s ]
SQL: SELECT `order_id`,`refund_time` FROM `sm_orders` WHERE `refund` = 1  [ RunTime:0.0152s ]
SQL: SELECT `order_type`,`order_no`,`trade_no`,`real_money`,`member_list_id`,`ma_id`,`dishes_id`,`integral` FROM `sm_orders` WHERE `order_id` = '8485' LIMIT 1   [ RunTime:0.0003s ]
SQL: SHOW COLUMNS FROM `sm_merchant` [ RunTime:0.0079s ]
SQL: SELECT `appid`,`appsecret`,`keycode`,`partnerid`,`keycode_certificate`,`payment_certificate`,`refund_through_id` FROM `sm_merchant` WHERE `ma_id` = '1' LIMIT 1   [ RunTime:0.0003s ]
SQL: SHOW COLUMNS FROM `sm_member_list` [ RunTime:0.0073s ]
SQL: SELECT `openid`,`member_name` FROM `sm_member_list` WHERE `member_list_id` = '2192' LIMIT 1   [ RunTime:0.0002s ]
NOTIC: [8] Undefined index: curl_timeout D:\xampp\htdocs\ThinkPHP\Library\Vendor\Pay\Wxpay\WxPayPubHelper.php 第 499 行.
SQL: SELECT `order_type`,`order_no`,`trade_no`,`real_money`,`member_list_id`,`ma_id`,`dishes_id`,`integral` FROM `sm_orders` WHERE `order_id` = '8489' LIMIT 1   [ RunTime:0.0004s ]
SQL: SELECT `appid`,`appsecret`,`keycode`,`partnerid`,`keycode_certificate`,`payment_certificate`,`refund_through_id` FROM `sm_merchant` WHERE `ma_id` = '1' LIMIT 1   [ RunTime:0.0003s ]
SQL: SELECT `openid`,`member_name` FROM `sm_member_list` WHERE `member_list_id` = '2192' LIMIT 1   [ RunTime:0.0002s ]
SQL: SELECT `order_id` FROM `sm_orders` WHERE `stall_id` = '31' AND `order_status` = 2 AND `refund` <> 1 AND ( `effect_time` >= 1565712000 AND `effect_time` <= 1565798399  )  [ RunTime:0.0049s ]
SQL: SELECT `deliver_type` FROM `sm_orders` WHERE `order_id` = '8519' LIMIT 1   [ RunTime:0.0003s ]
SQL: UPDATE `sm_orders` SET `order_status`='3',`success_time`='1565751169' WHERE `order_id` = '8519' [ RunTime:0.0061s ]
SQL: SHOW COLUMNS FROM `sm_stall` [ RunTime:0.0097s ]
SQL: SELECT `ma_id` FROM `sm_stall` WHERE `stall_id` = '31' LIMIT 1   [ RunTime:0.0003s ]
SQL: SELECT `member_list_id`,`order_no`,`create_time` FROM `sm_orders` WHERE `order_id` = '8519' LIMIT 1   [ RunTime:0.0002s ]
SQL: SELECT `appid`,`appsecret`,`take_food_id` FROM `sm_merchant` WHERE `ma_id` = '1' LIMIT 1   [ RunTime:0.0002s ]
SQL: SELECT `openid`,`member_name` FROM `sm_member_list` WHERE `member_list_id` = '2193' LIMIT 1   [ RunTime:0.0002s ]
SQL: SHOW COLUMNS FROM `sm_order_goods` [ RunTime:0.0077s ]
SQL: SELECT `meal_code` FROM `sm_order_goods` WHERE `order_id` = '8519' LIMIT 1   [ RunTime:0.0002s ]

[ 2019-08-14T10:52:51+08:00 ] 27.188.255.22 /index.php?m=Api&c=Ptorder&a=order
INFO: [ app_init ] --START--
INFO: Run Behavior\BuildLiteBehavior [ RunTime:0.000013s ]
INFO: [ app_init ] --END-- [ RunTime:0.000456s ]
INFO: [ app_begin ] --START--
INFO: Run Behavior\ReadHtmlCacheBehavior [ RunTime:0.000577s ]
INFO: [ app_begin ] --END-- [ RunTime:0.000627s ]
SQL: SHOW COLUMNS FROM `sm_orders` [ RunTime:0.0123s ]
SQL: SELECT `order_id`,`refund_time` FROM `sm_orders` WHERE `refund` = 1  [ RunTime:0.0286s ]
SQL: SELECT `order_type`,`order_no`,`trade_no`,`real_money`,`member_list_id`,`ma_id`,`dishes_id`,`integral` FROM `sm_orders` WHERE `order_id` = '8485' LIMIT 1   [ RunTime:0.0003s ]
SQL: SHOW COLUMNS FROM `sm_merchant` [ RunTime:0.0085s ]
SQL: SELECT `appid`,`appsecret`,`keycode`,`partnerid`,`keycode_certificate`,`payment_certificate`,`refund_through_id` FROM `sm_merchant` WHERE `ma_id` = '1' LIMIT 1   [ RunTime:0.0003s ]
SQL: SHOW COLUMNS FROM `sm_member_list` [ RunTime:0.0076s ]
SQL: SELECT `openid`,`member_name` FROM `sm_member_list` WHERE `member_list_id` = '2192' LIMIT 1   [ RunTime:0.0002s ]
NOTIC: [8] Undefined index: curl_timeout D:\xampp\htdocs\ThinkPHP\Library\Vendor\Pay\Wxpay\WxPayPubHelper.php 第 499 行.
SQL: SELECT `order_type`,`order_no`,`trade_no`,`real_money`,`member_list_id`,`ma_id`,`dishes_id`,`integral` FROM `sm_orders` WHERE `order_id` = '8489' LIMIT 1   [ RunTime:0.0005s ]
SQL: SELECT `appid`,`appsecret`,`keycode`,`partnerid`,`keycode_certificate`,`payment_certificate`,`refund_through_id` FROM `sm_merchant` WHERE `ma_id` = '1' LIMIT 1   [ RunTime:0.0003s ]
SQL: SELECT `openid`,`member_name` FROM `sm_member_list` WHERE `member_list_id` = '2192' LIMIT 1   [ RunTime:0.0002s ]
SQL: SELECT `order_id` FROM `sm_orders` WHERE `stall_id` = '31' AND `order_status` = 2 AND `refund` <> 1 AND ( `effect_time` >= 1565712000 AND `effect_time` <= 1565798399  )  [ RunTime:0.0064s ]
SQL: SHOW COLUMNS FROM `sm_order_goods` [ RunTime:0.0130s ]
SQL: SELECT a.order_id,a.create_time,a.order_status,a.phone,a.deliver_type,a.telphone,a.success_time,a.order_no,a.refund FROM sm_orders a WHERE a.stall_id = '31' AND a.order_type = 1 AND a.order_status = 3 ORDER BY a.create_time desc LIMIT 0,10   [ RunTime:0.0185s ]
SQL: SHOW COLUMNS FROM `sm_stall` [ RunTime:0.0083s ]
SQL: SELECT `timeout` FROM sm_stall a LEFT JOIN sm_merchant AS b ON a.ma_id = b.ma_id  WHERE a.stall_id = '31' LIMIT 1   [ RunTime:0.0003s ]
SQL: SELECT `dishes_name`,`pic_url`,`dishes_nums` FROM `sm_order_goods` WHERE `order_id` = '8519'  [ RunTime:0.0002s ]
SQL: SELECT `dishes_name`,`pic_url`,`dishes_nums` FROM `sm_order_goods` WHERE `order_id` = '8478'  [ RunTime:0.0002s ]
SQL: SELECT `dishes_name`,`pic_url`,`dishes_nums` FROM `sm_order_goods` WHERE `order_id` = '8452'  [ RunTime:0.0002s ]
SQL: SELECT `dishes_name`,`pic_url`,`dishes_nums` FROM `sm_order_goods` WHERE `order_id` = '8449'  [ RunTime:0.0002s ]
SQL: SELECT `dishes_name`,`pic_url`,`dishes_nums` FROM `sm_order_goods` WHERE `order_id` = '8444'  [ RunTime:0.0002s ]
SQL: SELECT `dishes_name`,`pic_url`,`dishes_nums` FROM `sm_order_goods` WHERE `order_id` = '8438'  [ RunTime:0.0002s ]
SQL: SELECT `dishes_name`,`pic_url`,`dishes_nums` FROM `sm_order_goods` WHERE `order_id` = '8429'  [ RunTime:0.0003s ]
SQL: SELECT `dishes_name`,`pic_url`,`dishes_nums` FROM `sm_order_goods` WHERE `order_id` = '8428'  [ RunTime:0.0002s ]
SQL: SELECT `dishes_name`,`pic_url`,`dishes_nums` FROM `sm_order_goods` WHERE `order_id` = '8354'  [ RunTime:0.0002s ]
SQL: SELECT `dishes_name`,`pic_url`,`dishes_nums` FROM `sm_order_goods` WHERE `order_id` = '8345'  [ RunTime:0.0002s ]

[ 2019-08-14T10:52:55+08:00 ] 27.188.255.22 /index.php?m=Api&c=Ptorder&a=order_tf
INFO: [ app_init ] --START--
INFO: Run Behavior\BuildLiteBehavior [ RunTime:0.000013s ]
INFO: [ app_init ] --END-- [ RunTime:0.000461s ]
INFO: [ app_begin ] --START--
INFO: Run Behavior\ReadHtmlCacheBehavior [ RunTime:0.000597s ]
INFO: [ app_begin ] --END-- [ RunTime:0.000648s ]
SQL: SHOW COLUMNS FROM `sm_orders` [ RunTime:0.0123s ]
SQL: SELECT `order_id`,`refund_time` FROM `sm_orders` WHERE `refund` = 1  [ RunTime:0.0062s ]
SQL: SELECT `order_type`,`order_no`,`trade_no`,`real_money`,`member_list_id`,`ma_id`,`dishes_id`,`integral` FROM `sm_orders` WHERE `order_id` = '8485' LIMIT 1   [ RunTime:0.0003s ]
SQL: SHOW COLUMNS FROM `sm_merchant` [ RunTime:0.0081s ]
SQL: SELECT `appid`,`appsecret`,`keycode`,`partnerid`,`keycode_certificate`,`payment_certificate`,`refund_through_id` FROM `sm_merchant` WHERE `ma_id` = '1' LIMIT 1   [ RunTime:0.0003s ]
SQL: SHOW COLUMNS FROM `sm_member_list` [ RunTime:0.0091s ]
SQL: SELECT `openid`,`member_name` FROM `sm_member_list` WHERE `member_list_id` = '2192' LIMIT 1   [ RunTime:0.0002s ]
NOTIC: [8] Undefined index: curl_timeout D:\xampp\htdocs\ThinkPHP\Library\Vendor\Pay\Wxpay\WxPayPubHelper.php 第 499 行.
SQL: SELECT `order_type`,`order_no`,`trade_no`,`real_money`,`member_list_id`,`ma_id`,`dishes_id`,`integral` FROM `sm_orders` WHERE `order_id` = '8489' LIMIT 1   [ RunTime:0.0005s ]
SQL: SELECT `appid`,`appsecret`,`keycode`,`partnerid`,`keycode_certificate`,`payment_certificate`,`refund_through_id` FROM `sm_merchant` WHERE `ma_id` = '1' LIMIT 1   [ RunTime:0.0003s ]
SQL: SELECT `openid`,`member_name` FROM `sm_member_list` WHERE `member_list_id` = '2192' LIMIT 1   [ RunTime:0.0002s ]
SQL: SELECT `order_id` FROM `sm_orders` WHERE `stall_id` = '31' AND `order_status` = 2 AND `refund` <> 1 AND ( `effect_time` >= 1565712000 AND `effect_time` <= 1565798399  )  [ RunTime:0.0047s ]
SQL: SELECT a.order_id,a.order_status FROM sm_orders a LEFT JOIN sm_order_goods AS b ON a.order_id = b.order_id  WHERE a.stall_id = '31' AND b.meal_code = '98066' LIMIT 1   [ RunTime:0.0041s ]

[ 2019-08-14T10:52:56+08:00 ] 27.188.255.22 /index.php?m=Api&c=Ptorder&a=order_xq
INFO: [ app_init ] --START--
INFO: Run Behavior\BuildLiteBehavior [ RunTime:0.000014s ]
INFO: [ app_init ] --END-- [ RunTime:0.000457s ]
INFO: [ app_begin ] --START--
INFO: Run Behavior\ReadHtmlCacheBehavior [ RunTime:0.000597s ]
INFO: [ app_begin ] --END-- [ RunTime:0.000660s ]
SQL: SHOW COLUMNS FROM `sm_orders` [ RunTime:0.0126s ]
SQL: SELECT `order_id`,`refund_time` FROM `sm_orders` WHERE `refund` = 1  [ RunTime:0.0041s ]
SQL: SELECT `order_type`,`order_no`,`trade_no`,`real_money`,`member_list_id`,`ma_id`,`dishes_id`,`integral` FROM `sm_orders` WHERE `order_id` = '8485' LIMIT 1   [ RunTime:0.0003s ]
SQL: SHOW COLUMNS FROM `sm_merchant` [ RunTime:0.0083s ]
SQL: SELECT `appid`,`appsecret`,`keycode`,`partnerid`,`keycode_certificate`,`payment_certificate`,`refund_through_id` FROM `sm_merchant` WHERE `ma_id` = '1' LIMIT 1   [ RunTime:0.0003s ]
SQL: SHOW COLUMNS FROM `sm_member_list` [ RunTime:0.0079s ]
SQL: SELECT `openid`,`member_name` FROM `sm_member_list` WHERE `member_list_id` = '2192' LIMIT 1   [ RunTime:0.0002s ]
NOTIC: [8] Undefined index: curl_timeout D:\xampp\htdocs\ThinkPHP\Library\Vendor\Pay\Wxpay\WxPayPubHelper.php 第 499 行.
SQL: SELECT `order_type`,`order_no`,`trade_no`,`real_money`,`member_list_id`,`ma_id`,`dishes_id`,`integral` FROM `sm_orders` WHERE `order_id` = '8489' LIMIT 1   [ RunTime:0.0005s ]
SQL: SELECT `appid`,`appsecret`,`keycode`,`partnerid`,`keycode_certificate`,`payment_certificate`,`refund_through_id` FROM `sm_merchant` WHERE `ma_id` = '1' LIMIT 1   [ RunTime:0.0003s ]
SQL: SELECT `openid`,`member_name` FROM `sm_member_list` WHERE `member_list_id` = '2192' LIMIT 1   [ RunTime:0.0002s ]
SQL: SELECT `order_id` FROM `sm_orders` WHERE `stall_id` = '31' AND `order_status` = 2 AND `refund` <> 1 AND ( `effect_time` >= 1565712000 AND `effect_time` <= 1565798399  )  [ RunTime:0.0046s ]
SQL: SHOW COLUMNS FROM `sm_stall` [ RunTime:0.0135s ]
SQL: SELECT `stall_name` FROM `sm_stall` WHERE `stall_id` = '31' LIMIT 1   [ RunTime:0.0003s ]
SQL: SELECT a.order_id,a.order_no,a.member_list_id,a.username,a.phone,a.address,FROM_UNIXTIME(a.express_time,'%Y-%m-%d %H:%i') as express_time,a.total_money,a.express_money,a.discount,a.real_money,a.order_status,a.deliver_type,a.integral,a.is_grab,a.trade_no,a.state,FROM_UNIXTIME(a.create_time,'%Y-%m-%d %H:%i') as create_time,FROM_UNIXTIME(a.payment_time,'%Y-%m-%d %H:%i') as payment_time,a.success_time,FROM_UNIXTIME(a.take_time,'%Y-%m-%d %H:%i') as take_time,a.order_type,a.order_note,a.stall_address,a.telphone,a.stall_tel,a.user_refuse_reason,a.refund,a.refuse_reason,c.member_list_nickname,c.member_list_headpic as yh_headpic,d.member_list_headpic as ps_headpic,d.member_name as ps_name,d.telphone as ps_telphone FROM sm_orders a LEFT JOIN sm_member_list AS c ON a.member_list_id = c.member_list_id LEFT JOIN sm_member_list AS d ON a.ps_id = d.member_list_id  WHERE a.stall_id = '31' AND a.order_id = '8519' LIMIT 1   [ RunTime:0.0005s ]
SQL: SHOW COLUMNS FROM `sm_order_goods` [ RunTime:0.0078s ]
SQL: SELECT `dishes_name`,`pic_url`,`dishes_nums` FROM `sm_order_goods` WHERE `order_id` = '8519'  [ RunTime:0.0003s ]
SQL: SELECT `timeout` FROM sm_stall a LEFT JOIN sm_merchant AS b ON a.ma_id = b.ma_id  WHERE a.stall_id = '31' LIMIT 1   [ RunTime:0.0002s ]
NOTIC: [8] Undefined variable: comment_list D:\xampp\htdocs\app\Api\Controller\PtorderController.class.php 第 441 行.

[ 2019-08-14T10:52:58+08:00 ] 27.188.255.22 /index.php?m=Api&c=Ptorder&a=order_qr
INFO: [ app_init ] --START--
INFO: Run Behavior\BuildLiteBehavior [ RunTime:0.000015s ]
INFO: [ app_init ] --END-- [ RunTime:0.000483s ]
INFO: [ app_begin ] --START--
INFO: Run Behavior\ReadHtmlCacheBehavior [ RunTime:0.000610s ]
INFO: [ app_begin ] --END-- [ RunTime:0.000664s ]
SQL: SHOW COLUMNS FROM `sm_orders` [ RunTime:0.0125s ]
SQL: SELECT `order_id`,`refund_time` FROM `sm_orders` WHERE `refund` = 1  [ RunTime:0.0043s ]
SQL: SELECT `order_type`,`order_no`,`trade_no`,`real_money`,`member_list_id`,`ma_id`,`dishes_id`,`integral` FROM `sm_orders` WHERE `order_id` = '8485' LIMIT 1   [ RunTime:0.0003s ]
SQL: SHOW COLUMNS FROM `sm_merchant` [ RunTime:0.0084s ]
SQL: SELECT `appid`,`appsecret`,`keycode`,`partnerid`,`keycode_certificate`,`payment_certificate`,`refund_through_id` FROM `sm_merchant` WHERE `ma_id` = '1' LIMIT 1   [ RunTime:0.0003s ]
SQL: SHOW COLUMNS FROM `sm_member_list` [ RunTime:0.0080s ]
SQL: SELECT `openid`,`member_name` FROM `sm_member_list` WHERE `member_list_id` = '2192' LIMIT 1   [ RunTime:0.0002s ]
NOTIC: [8] Undefined index: curl_timeout D:\xampp\htdocs\ThinkPHP\Library\Vendor\Pay\Wxpay\WxPayPubHelper.php 第 499 行.
SQL: SELECT `order_type`,`order_no`,`trade_no`,`real_money`,`member_list_id`,`ma_id`,`dishes_id`,`integral` FROM `sm_orders` WHERE `order_id` = '8489' LIMIT 1   [ RunTime:0.0005s ]
SQL: SELECT `appid`,`appsecret`,`keycode`,`partnerid`,`keycode_certificate`,`payment_certificate`,`refund_through_id` FROM `sm_merchant` WHERE `ma_id` = '1' LIMIT 1   [ RunTime:0.0003s ]
SQL: SELECT `openid`,`member_name` FROM `sm_member_list` WHERE `member_list_id` = '2192' LIMIT 1   [ RunTime:0.0002s ]
SQL: SELECT `order_id` FROM `sm_orders` WHERE `stall_id` = '31' AND `order_status` = 2 AND `refund` <> 1 AND ( `effect_time` >= 1565712000 AND `effect_time` <= 1565798399  )  [ RunTime:0.0010s ]
SQL: SELECT a.order_id,a.deliver_type,a.order_no,a.ma_id,a.stall_id,a.real_money,a.payment_time,a.longitude,a.latitude,a.ma_id,a.member_list_id,a.integral FROM sm_orders a WHERE `stall_id` = '31' AND `order_status` = 3 AND `order_id` = '8519' LIMIT 1   [ RunTime:0.0003s ]
SQL: SHOW COLUMNS FROM `sm_finance` [ RunTime:0.0119s ]
SQL: INSERT INTO `sm_finance` (`order_no`,`ma_id`,`stall_id`,`money`,`state`,`type`,`statue`,`creattime`) VALUES ('667820190814105227','1','31','0.01','1','1','1','1565751156') [ RunTime:0.0003s ]
SQL: SHOW COLUMNS FROM `sm_integral_statistics` [ RunTime:0.0080s ]
SQL: INSERT INTO `sm_integral_statistics` (`order_no`,`ma_id`,`member_list_id`,`state`,`type`,`integral`,`creattime`) VALUES ('667820190814105227','1','2193','1','1','0','1565751177') [ RunTime:0.0003s ]
SQL: UPDATE `sm_member_list` SET `integral`=integral+0 WHERE `member_list_id` = '2193' [ RunTime:0.0002s ]
SQL: SHOW COLUMNS FROM `sm_order_goods` [ RunTime:0.0076s ]
SQL: SELECT * FROM `sm_order_goods` WHERE `order_id` = '8519'  [ RunTime:0.0003s ]
SQL: SHOW COLUMNS FROM `sm_dishes` [ RunTime:0.0076s ]
SQL: UPDATE `sm_dishes` SET `on_the_pin`=on_the_pin+1 WHERE `dishes_id` = '235' [ RunTime:0.0104s ]
NOTIC: [8] Undefined variable: totalNum D:\xampp\htdocs\app\Api\Controller\PtorderController.class.php 第 219 行.
SQL: SHOW COLUMNS FROM `sm_stall` [ RunTime:0.0077s ]
SQL: UPDATE `sm_stall` SET `on_the_pin`=on_the_pin+1 WHERE `stall_id` = '31' [ RunTime:0.0003s ]
SQL: SELECT `longitude`,`latitude` FROM `sm_merchant` WHERE `ma_id` = '1' LIMIT 1   [ RunTime:0.0002s ]
SQL: UPDATE `sm_orders` SET `state`='1',`order_status`='5',`take_time`='1565751177',`meals_time`='1580535741' WHERE `order_id` = '8519' [ RunTime:0.0045s ]
SQL: SELECT `ma_id` FROM `sm_stall` WHERE `stall_id` = '31' LIMIT 1   [ RunTime:0.0002s ]
SQL: SELECT `deliver_type`,`member_list_id`,`order_no`,`create_time`,`ps_id`,`meals_time`,`integral` FROM `sm_orders` WHERE `order_id` = '8519' LIMIT 1   [ RunTime:0.0002s ]
SQL: SELECT `appid`,`appsecret`,`been_completed_id`,`yqc_food_id`,`integral_change_id` FROM `sm_merchant` WHERE `ma_id` = '1' LIMIT 1   [ RunTime:0.0002s ]
SQL: SELECT `openid`,`member_list_nickname`,`member_name`,`integral`,`telphone` FROM `sm_member_list` WHERE `member_list_id` = '2193' LIMIT 1   [ RunTime:0.0002s ]

[ 2019-08-14T10:52:59+08:00 ] 27.188.255.22 /index.php?m=Api&c=Ptorder&a=order
INFO: [ app_init ] --START--
INFO: Run Behavior\BuildLiteBehavior [ RunTime:0.000013s ]
INFO: [ app_init ] --END-- [ RunTime:0.000462s ]
INFO: [ app_begin ] --START--
INFO: Run Behavior\ReadHtmlCacheBehavior [ RunTime:0.000602s ]
INFO: [ app_begin ] --END-- [ RunTime:0.000655s ]
SQL: SHOW COLUMNS FROM `sm_orders` [ RunTime:0.0126s ]
SQL: SELECT `order_id`,`refund_time` FROM `sm_orders` WHERE `refund` = 1  [ RunTime:0.0075s ]
SQL: SELECT `order_type`,`order_no`,`trade_no`,`real_money`,`member_list_id`,`ma_id`,`dishes_id`,`integral` FROM `sm_orders` WHERE `order_id` = '8485' LIMIT 1   [ RunTime:0.0003s ]
SQL: SHOW COLUMNS FROM `sm_merchant` [ RunTime:0.0077s ]
SQL: SELECT `appid`,`appsecret`,`keycode`,`partnerid`,`keycode_certificate`,`payment_certificate`,`refund_through_id` FROM `sm_merchant` WHERE `ma_id` = '1' LIMIT 1   [ RunTime:0.0003s ]
SQL: SHOW COLUMNS FROM `sm_member_list` [ RunTime:0.0075s ]
SQL: SELECT `openid`,`member_name` FROM `sm_member_list` WHERE `member_list_id` = '2192' LIMIT 1   [ RunTime:0.0002s ]
NOTIC: [8] Undefined index: curl_timeout D:\xampp\htdocs\ThinkPHP\Library\Vendor\Pay\Wxpay\WxPayPubHelper.php 第 499 行.
SQL: SELECT `order_type`,`order_no`,`trade_no`,`real_money`,`member_list_id`,`ma_id`,`dishes_id`,`integral` FROM `sm_orders` WHERE `order_id` = '8489' LIMIT 1   [ RunTime:0.0005s ]
SQL: SELECT `appid`,`appsecret`,`keycode`,`partnerid`,`keycode_certificate`,`payment_certificate`,`refund_through_id` FROM `sm_merchant` WHERE `ma_id` = '1' LIMIT 1   [ RunTime:0.0003s ]
SQL: SELECT `openid`,`member_name` FROM `sm_member_list` WHERE `member_list_id` = '2192' LIMIT 1   [ RunTime:0.0002s ]
SQL: SELECT `order_id` FROM `sm_orders` WHERE `stall_id` = '31' AND `order_status` = 2 AND `refund` <> 1 AND ( `effect_time` >= 1565712000 AND `effect_time` <= 1565798399  )  [ RunTime:0.0010s ]
SQL: SHOW COLUMNS FROM `sm_order_goods` [ RunTime:0.0134s ]
SQL: SELECT a.order_id,a.create_time,a.order_status,a.phone,a.deliver_type,a.telphone,a.success_time,a.order_no,a.refund FROM sm_orders a WHERE a.stall_id = '31' AND a.order_type = 1 AND a.order_status = 3 ORDER BY a.create_time desc LIMIT 0,10   [ RunTime:0.0418s ]
SQL: SHOW COLUMNS FROM `sm_stall` [ RunTime:0.0084s ]
SQL: SELECT `timeout` FROM sm_stall a LEFT JOIN sm_merchant AS b ON a.ma_id = b.ma_id  WHERE a.stall_id = '31' LIMIT 1   [ RunTime:0.0004s ]
SQL: SELECT `dishes_name`,`pic_url`,`dishes_nums` FROM `sm_order_goods` WHERE `order_id` = '8478'  [ RunTime:0.0003s ]
SQL: SELECT `dishes_name`,`pic_url`,`dishes_nums` FROM `sm_order_goods` WHERE `order_id` = '8452'  [ RunTime:0.0002s ]
SQL: SELECT `dishes_name`,`pic_url`,`dishes_nums` FROM `sm_order_goods` WHERE `order_id` = '8449'  [ RunTime:0.0002s ]
SQL: SELECT `dishes_name`,`pic_url`,`dishes_nums` FROM `sm_order_goods` WHERE `order_id` = '8444'  [ RunTime:0.0002s ]
SQL: SELECT `dishes_name`,`pic_url`,`dishes_nums` FROM `sm_order_goods` WHERE `order_id` = '8438'  [ RunTime:0.0002s ]
SQL: SELECT `dishes_name`,`pic_url`,`dishes_nums` FROM `sm_order_goods` WHERE `order_id` = '8429'  [ RunTime:0.0002s ]
SQL: SELECT `dishes_name`,`pic_url`,`dishes_nums` FROM `sm_order_goods` WHERE `order_id` = '8428'  [ RunTime:0.0003s ]
SQL: SELECT `dishes_name`,`pic_url`,`dishes_nums` FROM `sm_order_goods` WHERE `order_id` = '8354'  [ RunTime:0.0002s ]
SQL: SELECT `dishes_name`,`pic_url`,`dishes_nums` FROM `sm_order_goods` WHERE `order_id` = '8345'  [ RunTime:0.0002s ]
SQL: SELECT `dishes_name`,`pic_url`,`dishes_nums` FROM `sm_order_goods` WHERE `order_id` = '8344'  [ RunTime:0.0002s ]

[ 2019-08-14T13:36:22+08:00 ] 120.220.13.171 /index.php?m=Api&c=Ptorder&a=order
INFO: [ app_init ] --START--
INFO: Run Behavior\BuildLiteBehavior [ RunTime:0.000013s ]
INFO: [ app_init ] --END-- [ RunTime:0.000499s ]
INFO: [ app_begin ] --START--
INFO: Run Behavior\ReadHtmlCacheBehavior [ RunTime:0.000802s ]
INFO: [ app_begin ] --END-- [ RunTime:0.000862s ]
SQL: SHOW COLUMNS FROM `sm_orders` [ RunTime:0.0135s ]
SQL: SELECT `order_id`,`refund_time` FROM `sm_orders` WHERE `refund` = 1  [ RunTime:0.0264s ]
SQL: SELECT `order_type`,`order_no`,`trade_no`,`real_money`,`member_list_id`,`ma_id`,`dishes_id`,`integral` FROM `sm_orders` WHERE `order_id` = '8485' LIMIT 1   [ RunTime:0.0004s ]
SQL: SHOW COLUMNS FROM `sm_merchant` [ RunTime:0.0094s ]
SQL: SELECT `appid`,`appsecret`,`keycode`,`partnerid`,`keycode_certificate`,`payment_certificate`,`refund_through_id` FROM `sm_merchant` WHERE `ma_id` = '1' LIMIT 1   [ RunTime:0.0003s ]
SQL: SHOW COLUMNS FROM `sm_member_list` [ RunTime:0.0075s ]
SQL: SELECT `openid`,`member_name` FROM `sm_member_list` WHERE `member_list_id` = '2192' LIMIT 1   [ RunTime:0.0002s ]
NOTIC: [8] Undefined index: curl_timeout D:\xampp\htdocs\ThinkPHP\Library\Vendor\Pay\Wxpay\WxPayPubHelper.php 第 499 行.
SQL: SELECT `order_type`,`order_no`,`trade_no`,`real_money`,`member_list_id`,`ma_id`,`dishes_id`,`integral` FROM `sm_orders` WHERE `order_id` = '8489' LIMIT 1   [ RunTime:0.0005s ]
SQL: SELECT `appid`,`appsecret`,`keycode`,`partnerid`,`keycode_certificate`,`payment_certificate`,`refund_through_id` FROM `sm_merchant` WHERE `ma_id` = '1' LIMIT 1   [ RunTime:0.0003s ]
SQL: SELECT `openid`,`member_name` FROM `sm_member_list` WHERE `member_list_id` = '2192' LIMIT 1   [ RunTime:0.0002s ]
SQL: SELECT `order_id` FROM `sm_orders` WHERE `stall_id` = '7' AND `order_status` = 2 AND `refund` <> 1 AND ( `effect_time` >= 1565712000 AND `effect_time` <= 1565798399  )  [ RunTime:0.0037s ]
SQL: SHOW COLUMNS FROM `sm_order_goods` [ RunTime:0.0099s ]
SQL: SELECT a.order_id,a.create_time,a.order_status,a.phone,a.deliver_type,a.telphone,a.success_time,a.order_no,a.refund FROM sm_orders a WHERE a.stall_id = '7' AND a.order_type = 1 AND a.order_status = 2 AND a.refund <> 1 ORDER BY a.create_time desc LIMIT 0,10   [ RunTime:0.0009s ]
SQL: SHOW COLUMNS FROM `sm_stall` [ RunTime:0.0078s ]
SQL: SELECT `timeout` FROM sm_stall a LEFT JOIN sm_merchant AS b ON a.ma_id = b.ma_id  WHERE a.stall_id = '7' LIMIT 1   [ RunTime:0.0003s ]

