[ 2019-08-20T12:03:42+08:00 ] 27.188.255.22 /index.php?m=Api&c=Ptorder&a=order
INFO: [ app_init ] --START--
INFO: Run Behavior\BuildLiteBehavior [ RunTime:0.000013s ]
INFO: [ app_init ] --END-- [ RunTime:0.000396s ]
INFO: [ app_begin ] --START--
INFO: Run Behavior\ReadHtmlCacheBehavior [ RunTime:0.000532s ]
INFO: [ app_begin ] --END-- [ RunTime:0.000584s ]
SQL: SHOW COLUMNS FROM `sm_orders` [ RunTime:0.0197s ]
SQL: SELECT `order_id`,`refund_time` FROM `sm_orders` WHERE `refund` = 1  [ RunTime:0.0133s ]
SQL: SELECT `order_id` FROM `sm_orders` WHERE `stall_id` = '31' AND `order_status` = 2 AND `refund` <> 1 AND ( `effect_time` >= 1566230400 AND `effect_time` <= 1566316799  )  [ RunTime:0.0036s ]
SQL: SHOW COLUMNS FROM `sm_order_goods` [ RunTime:0.0078s ]
SQL: SELECT a.order_id,a.create_time,a.order_status,a.phone,a.deliver_type,a.telphone,a.success_time,a.order_no,a.refund FROM sm_orders a WHERE a.stall_id = '31' AND a.order_type = 1 AND a.order_status = 2 AND a.refund <> 1 ORDER BY a.create_time desc LIMIT 0,10   [ RunTime:0.0091s ]
SQL: SHOW COLUMNS FROM `sm_stall` [ RunTime:0.0078s ]
SQL: SELECT `timeout` FROM sm_stall a LEFT JOIN sm_merchant AS b ON a.ma_id = b.ma_id  WHERE a.stall_id = '31' LIMIT 1   [ RunTime:0.0003s ]

[ 2019-08-20T12:03:46+08:00 ] 27.188.255.22 /index.php?m=Api&c=Ptorder&a=order
INFO: [ app_init ] --START--
INFO: Run Behavior\BuildLiteBehavior [ RunTime:0.000014s ]
INFO: [ app_init ] --END-- [ RunTime:0.000319s ]
INFO: [ app_begin ] --START--
INFO: Run Behavior\ReadHtmlCacheBehavior [ RunTime:0.000472s ]
INFO: [ app_begin ] --END-- [ RunTime:0.000522s ]
SQL: SHOW COLUMNS FROM `sm_orders` [ RunTime:0.0135s ]
SQL: SELECT `order_id`,`refund_time` FROM `sm_orders` WHERE `refund` = 1  [ RunTime:0.0224s ]
SQL: SELECT `order_id` FROM `sm_orders` WHERE `stall_id` = '31' AND `order_status` = 2 AND `refund` <> 1 AND ( `effect_time` >= 1566230400 AND `effect_time` <= 1566316799  )  [ RunTime:0.0006s ]
SQL: SHOW COLUMNS FROM `sm_order_goods` [ RunTime:0.0085s ]
SQL: SELECT a.order_id,a.create_time,a.order_status,a.phone,a.deliver_type,a.telphone,a.success_time,a.order_no,a.refund FROM sm_orders a WHERE a.stall_id = '31' AND a.order_type = 1 AND a.order_status = 3 ORDER BY a.create_time desc LIMIT 0,10   [ RunTime:0.0009s ]
SQL: SHOW COLUMNS FROM `sm_stall` [ RunTime:0.0074s ]
SQL: SELECT `timeout` FROM sm_stall a LEFT JOIN sm_merchant AS b ON a.ma_id = b.ma_id  WHERE a.stall_id = '31' LIMIT 1   [ RunTime:0.0003s ]
SQL: SELECT `dishes_name`,`pic_url`,`dishes_nums` FROM `sm_order_goods` WHERE `order_id` = '8532'  [ RunTime:0.0002s ]
SQL: SELECT `dishes_name`,`pic_url`,`dishes_nums` FROM `sm_order_goods` WHERE `order_id` = '8528'  [ RunTime:0.0002s ]
SQL: SELECT `dishes_name`,`pic_url`,`dishes_nums` FROM `sm_order_goods` WHERE `order_id` = '8527'  [ RunTime:0.0002s ]
SQL: SELECT `dishes_name`,`pic_url`,`dishes_nums` FROM `sm_order_goods` WHERE `order_id` = '8489'  [ RunTime:0.0002s ]
SQL: SELECT `dishes_name`,`pic_url`,`dishes_nums` FROM `sm_order_goods` WHERE `order_id` = '8485'  [ RunTime:0.0002s ]
SQL: SELECT `dishes_name`,`pic_url`,`dishes_nums` FROM `sm_order_goods` WHERE `order_id` = '8478'  [ RunTime:0.0002s ]
SQL: SELECT `dishes_name`,`pic_url`,`dishes_nums` FROM `sm_order_goods` WHERE `order_id` = '8452'  [ RunTime:0.0002s ]
SQL: SELECT `dishes_name`,`pic_url`,`dishes_nums` FROM `sm_order_goods` WHERE `order_id` = '8449'  [ RunTime:0.0002s ]
SQL: SELECT `dishes_name`,`pic_url`,`dishes_nums` FROM `sm_order_goods` WHERE `order_id` = '8444'  [ RunTime:0.0002s ]
SQL: SELECT `dishes_name`,`pic_url`,`dishes_nums` FROM `sm_order_goods` WHERE `order_id` = '8438'  [ RunTime:0.0002s ]

[ 2019-08-20T12:03:49+08:00 ] 27.188.255.22 /index.php?m=Api&c=Ptorder&a=order_tf
INFO: [ app_init ] --START--
INFO: Run Behavior\BuildLiteBehavior [ RunTime:0.000013s ]
INFO: [ app_init ] --END-- [ RunTime:0.000316s ]
INFO: [ app_begin ] --START--
INFO: Run Behavior\ReadHtmlCacheBehavior [ RunTime:0.000445s ]
INFO: [ app_begin ] --END-- [ RunTime:0.000498s ]
SQL: SHOW COLUMNS FROM `sm_orders` [ RunTime:0.0124s ]
SQL: SELECT `order_id`,`refund_time` FROM `sm_orders` WHERE `refund` = 1  [ RunTime:0.0201s ]
SQL: SELECT `order_id` FROM `sm_orders` WHERE `stall_id` = '31' AND `order_status` = 2 AND `refund` <> 1 AND ( `effect_time` >= 1566230400 AND `effect_time` <= 1566316799  )  [ RunTime:0.0006s ]
SQL: SELECT a.order_id,a.order_status FROM sm_orders a LEFT JOIN sm_order_goods AS b ON a.order_id = b.order_id  WHERE a.stall_id = '31' AND b.meal_code = '24828' LIMIT 1   [ RunTime:0.0037s ]

[ 2019-08-20T12:03:49+08:00 ] 27.188.255.22 /index.php?m=Api&c=Ptorder&a=order_xq
INFO: [ app_init ] --START--
INFO: Run Behavior\BuildLiteBehavior [ RunTime:0.000012s ]
INFO: [ app_init ] --END-- [ RunTime:0.000304s ]
INFO: [ app_begin ] --START--
INFO: Run Behavior\ReadHtmlCacheBehavior [ RunTime:0.000437s ]
INFO: [ app_begin ] --END-- [ RunTime:0.000485s ]
SQL: SHOW COLUMNS FROM `sm_orders` [ RunTime:0.0062s ]
SQL: SELECT `order_id`,`refund_time` FROM `sm_orders` WHERE `refund` = 1  [ RunTime:0.0174s ]
SQL: SELECT `order_id` FROM `sm_orders` WHERE `stall_id` = '31' AND `order_status` = 2 AND `refund` <> 1 AND ( `effect_time` >= 1566230400 AND `effect_time` <= 1566316799  )  [ RunTime:0.0006s ]
SQL: SHOW COLUMNS FROM `sm_stall` [ RunTime:0.0081s ]
SQL: SELECT `stall_name` FROM `sm_stall` WHERE `stall_id` = '31' LIMIT 1   [ RunTime:0.0002s ]
SQL: SELECT a.order_id,a.order_no,a.member_list_id,a.username,a.phone,a.address,FROM_UNIXTIME(a.express_time,'%Y-%m-%d %H:%i') as express_time,a.total_money,a.express_money,a.discount,a.real_money,a.order_status,a.deliver_type,a.integral,a.is_grab,a.trade_no,a.state,FROM_UNIXTIME(a.create_time,'%Y-%m-%d %H:%i') as create_time,FROM_UNIXTIME(a.payment_time,'%Y-%m-%d %H:%i') as payment_time,a.success_time,FROM_UNIXTIME(a.take_time,'%Y-%m-%d %H:%i') as take_time,a.order_type,a.order_note,a.stall_address,a.telphone,a.stall_tel,a.user_refuse_reason,a.refund,a.refuse_reason,c.member_list_nickname,c.member_list_headpic as yh_headpic,d.member_list_headpic as ps_headpic,d.member_name as ps_name,d.telphone as ps_telphone FROM sm_orders a LEFT JOIN sm_member_list AS c ON a.member_list_id = c.member_list_id LEFT JOIN sm_member_list AS d ON a.ps_id = d.member_list_id  WHERE a.stall_id = '31' AND a.order_id = '8532' LIMIT 1   [ RunTime:0.0005s ]
SQL: SHOW COLUMNS FROM `sm_order_goods` [ RunTime:0.0075s ]
SQL: SELECT `dishes_name`,`pic_url`,`dishes_nums` FROM `sm_order_goods` WHERE `order_id` = '8532'  [ RunTime:0.0002s ]
SQL: SELECT `timeout` FROM sm_stall a LEFT JOIN sm_merchant AS b ON a.ma_id = b.ma_id  WHERE a.stall_id = '31' LIMIT 1   [ RunTime:0.0002s ]
NOTIC: [8] Undefined variable: comment_list D:\xampp\htdocs\app\Api\Controller\PtorderController.class.php 第 441 行.

[ 2019-08-20T12:03:51+08:00 ] 27.188.255.22 /index.php?m=Api&c=Ptorder&a=order_qr
INFO: [ app_init ] --START--
INFO: Run Behavior\BuildLiteBehavior [ RunTime:0.000012s ]
INFO: [ app_init ] --END-- [ RunTime:0.000314s ]
INFO: [ app_begin ] --START--
INFO: Run Behavior\ReadHtmlCacheBehavior [ RunTime:0.000459s ]
INFO: [ app_begin ] --END-- [ RunTime:0.000510s ]
SQL: SHOW COLUMNS FROM `sm_orders` [ RunTime:0.0123s ]
SQL: SELECT `order_id`,`refund_time` FROM `sm_orders` WHERE `refund` = 1  [ RunTime:0.0165s ]
SQL: SELECT `order_id` FROM `sm_orders` WHERE `stall_id` = '31' AND `order_status` = 2 AND `refund` <> 1 AND ( `effect_time` >= 1566230400 AND `effect_time` <= 1566316799  )  [ RunTime:0.0005s ]
SQL: SELECT a.order_id,a.deliver_type,a.order_no,a.ma_id,a.stall_id,a.real_money,a.payment_time,a.longitude,a.latitude,a.ma_id,a.member_list_id,a.integral FROM sm_orders a WHERE `stall_id` = '31' AND `order_status` = 3 AND `order_id` = '8532' LIMIT 1   [ RunTime:0.0003s ]
SQL: SHOW COLUMNS FROM `sm_finance` [ RunTime:0.0078s ]
SQL: INSERT INTO `sm_finance` (`order_no`,`ma_id`,`stall_id`,`money`,`state`,`type`,`statue`,`creattime`) VALUES ('251720190820120321','1','31','0.01','1','1','1','1566273810') [ RunTime:0.0002s ]
SQL: SHOW COLUMNS FROM `sm_integral_statistics` [ RunTime:0.0070s ]
SQL: INSERT INTO `sm_integral_statistics` (`order_no`,`ma_id`,`member_list_id`,`state`,`type`,`integral`,`creattime`) VALUES ('251720190820120321','1','2193','1','1','0','1566273831') [ RunTime:0.0003s ]
SQL: SHOW COLUMNS FROM `sm_member_list` [ RunTime:0.0081s ]
SQL: UPDATE `sm_member_list` SET `integral`=integral+0 WHERE `member_list_id` = '2193' [ RunTime:0.0002s ]
SQL: SHOW COLUMNS FROM `sm_order_goods` [ RunTime:0.0067s ]
SQL: SELECT * FROM `sm_order_goods` WHERE `order_id` = '8532'  [ RunTime:0.0003s ]
SQL: SHOW COLUMNS FROM `sm_dishes` [ RunTime:0.0067s ]
SQL: UPDATE `sm_dishes` SET `on_the_pin`=on_the_pin+1 WHERE `dishes_id` = '235' [ RunTime:0.0105s ]
NOTIC: [8] Undefined variable: totalNum D:\xampp\htdocs\app\Api\Controller\PtorderController.class.php 第 219 行.
SQL: SHOW COLUMNS FROM `sm_stall` [ RunTime:0.0066s ]
SQL: UPDATE `sm_stall` SET `on_the_pin`=on_the_pin+1 WHERE `stall_id` = '31' [ RunTime:0.0003s ]
SQL: SHOW COLUMNS FROM `sm_merchant` [ RunTime:0.0068s ]
SQL: SELECT `longitude`,`latitude` FROM `sm_merchant` WHERE `ma_id` = '1' LIMIT 1   [ RunTime:0.0003s ]
SQL: UPDATE `sm_orders` SET `state`='1',`order_status`='5',`take_time`='1566273831',`meals_time`='1581058395' WHERE `order_id` = '8532' [ RunTime:0.0038s ]
SQL: SELECT `ma_id` FROM `sm_stall` WHERE `stall_id` = '31' LIMIT 1   [ RunTime:0.0003s ]
SQL: SELECT `deliver_type`,`member_list_id`,`order_no`,`create_time`,`ps_id`,`meals_time`,`integral` FROM `sm_orders` WHERE `order_id` = '8532' LIMIT 1   [ RunTime:0.0002s ]
SQL: SELECT `appid`,`appsecret`,`been_completed_id`,`yqc_food_id`,`integral_change_id` FROM `sm_merchant` WHERE `ma_id` = '1' LIMIT 1   [ RunTime:0.0002s ]
SQL: SELECT `openid`,`member_list_nickname`,`member_name`,`integral`,`telphone` FROM `sm_member_list` WHERE `member_list_id` = '2193' LIMIT 1   [ RunTime:0.0002s ]

[ 2019-08-20T12:03:52+08:00 ] 27.188.255.22 /index.php?m=Api&c=Ptorder&a=order
INFO: [ app_init ] --START--
INFO: Run Behavior\BuildLiteBehavior [ RunTime:0.000015s ]
INFO: [ app_init ] --END-- [ RunTime:0.000330s ]
INFO: [ app_begin ] --START--
INFO: Run Behavior\ReadHtmlCacheBehavior [ RunTime:0.000456s ]
INFO: [ app_begin ] --END-- [ RunTime:0.000505s ]
SQL: SHOW COLUMNS FROM `sm_orders` [ RunTime:0.0056s ]
SQL: SELECT `order_id`,`refund_time` FROM `sm_orders` WHERE `refund` = 1  [ RunTime:0.0161s ]
SQL: SELECT `order_id` FROM `sm_orders` WHERE `stall_id` = '31' AND `order_status` = 2 AND `refund` <> 1 AND ( `effect_time` >= 1566230400 AND `effect_time` <= 1566316799  )  [ RunTime:0.0005s ]
SQL: SHOW COLUMNS FROM `sm_order_goods` [ RunTime:0.0109s ]
SQL: SELECT a.order_id,a.create_time,a.order_status,a.phone,a.deliver_type,a.telphone,a.success_time,a.order_no,a.refund FROM sm_orders a WHERE a.stall_id = '31' AND a.order_type = 1 AND a.order_status = 3 ORDER BY a.create_time desc LIMIT 0,10   [ RunTime:0.0008s ]
SQL: SHOW COLUMNS FROM `sm_stall` [ RunTime:0.0069s ]
SQL: SELECT `timeout` FROM sm_stall a LEFT JOIN sm_merchant AS b ON a.ma_id = b.ma_id  WHERE a.stall_id = '31' LIMIT 1   [ RunTime:0.0003s ]
SQL: SELECT `dishes_name`,`pic_url`,`dishes_nums` FROM `sm_order_goods` WHERE `order_id` = '8528'  [ RunTime:0.0002s ]
SQL: SELECT `dishes_name`,`pic_url`,`dishes_nums` FROM `sm_order_goods` WHERE `order_id` = '8527'  [ RunTime:0.0002s ]
SQL: SELECT `dishes_name`,`pic_url`,`dishes_nums` FROM `sm_order_goods` WHERE `order_id` = '8489'  [ RunTime:0.0002s ]
SQL: SELECT `dishes_name`,`pic_url`,`dishes_nums` FROM `sm_order_goods` WHERE `order_id` = '8485'  [ RunTime:0.0002s ]
SQL: SELECT `dishes_name`,`pic_url`,`dishes_nums` FROM `sm_order_goods` WHERE `order_id` = '8478'  [ RunTime:0.0002s ]
SQL: SELECT `dishes_name`,`pic_url`,`dishes_nums` FROM `sm_order_goods` WHERE `order_id` = '8452'  [ RunTime:0.0002s ]
SQL: SELECT `dishes_name`,`pic_url`,`dishes_nums` FROM `sm_order_goods` WHERE `order_id` = '8449'  [ RunTime:0.0002s ]
SQL: SELECT `dishes_name`,`pic_url`,`dishes_nums` FROM `sm_order_goods` WHERE `order_id` = '8444'  [ RunTime:0.0002s ]
SQL: SELECT `dishes_name`,`pic_url`,`dishes_nums` FROM `sm_order_goods` WHERE `order_id` = '8438'  [ RunTime:0.0002s ]
SQL: SELECT `dishes_name`,`pic_url`,`dishes_nums` FROM `sm_order_goods` WHERE `order_id` = '8429'  [ RunTime:0.0002s ]

[ 2019-08-20T14:16:23+08:00 ] 182.46.164.154 /index.php?m=Api&c=Ptorder&a=order
INFO: [ app_init ] --START--
INFO: Run Behavior\BuildLiteBehavior [ RunTime:0.000013s ]
INFO: [ app_init ] --END-- [ RunTime:0.000363s ]
INFO: [ app_begin ] --START--
INFO: Run Behavior\ReadHtmlCacheBehavior [ RunTime:0.000572s ]
INFO: [ app_begin ] --END-- [ RunTime:0.000624s ]
SQL: SHOW COLUMNS FROM `sm_orders` [ RunTime:0.0127s ]
SQL: SELECT `order_id`,`refund_time` FROM `sm_orders` WHERE `refund` = 1  [ RunTime:0.0200s ]

[ 2019-08-20T14:16:25+08:00 ] 182.46.164.154 /index.php?m=Api&c=Ptorder&a=order
INFO: [ app_init ] --START--
INFO: Run Behavior\BuildLiteBehavior [ RunTime:0.000013s ]
INFO: [ app_init ] --END-- [ RunTime:0.000333s ]
INFO: [ app_begin ] --START--
INFO: Run Behavior\ReadHtmlCacheBehavior [ RunTime:0.000462s ]
INFO: [ app_begin ] --END-- [ RunTime:0.000514s ]
SQL: SHOW COLUMNS FROM `sm_orders` [ RunTime:0.0139s ]
SQL: SELECT `order_id`,`refund_time` FROM `sm_orders` WHERE `refund` = 1  [ RunTime:0.0178s ]

