[ 2019-09-05T18:32:18+08:00 ] 113.127.181.251 /index.php?m=Api&c=Ptorder&a=order
INFO: [ app_init ] --START--
INFO: Run Behavior\BuildLiteBehavior [ RunTime:0.000014s ]
INFO: [ app_init ] --END-- [ RunTime:0.000376s ]
INFO: [ app_begin ] --START--
INFO: Run Behavior\ReadHtmlCacheBehavior [ RunTime:0.000714s ]
INFO: [ app_begin ] --END-- [ RunTime:0.000773s ]
SQL: SHOW COLUMNS FROM `sm_orders` [ RunTime:0.0149s ]
SQL: SELECT `order_id`,`refund_time` FROM `sm_orders` WHERE `refund` = 1  [ RunTime:0.0236s ]

[ 2019-09-05T18:32:19+08:00 ] 113.127.181.251 /index.php?m=Api&c=Ptorder&a=order
INFO: [ app_init ] --START--
INFO: Run Behavior\BuildLiteBehavior [ RunTime:0.000014s ]
INFO: [ app_init ] --END-- [ RunTime:0.000313s ]
INFO: [ app_begin ] --START--
INFO: Run Behavior\ReadHtmlCacheBehavior [ RunTime:0.000555s ]
INFO: [ app_begin ] --END-- [ RunTime:0.000609s ]
SQL: SHOW COLUMNS FROM `sm_orders` [ RunTime:0.0124s ]
SQL: SELECT `order_id`,`refund_time` FROM `sm_orders` WHERE `refund` = 1  [ RunTime:0.0237s ]

[ 2019-09-05T18:32:20+08:00 ] 113.127.181.251 /index.php?m=Api&c=Ptorder&a=order
INFO: [ app_init ] --START--
INFO: Run Behavior\BuildLiteBehavior [ RunTime:0.000012s ]
INFO: [ app_init ] --END-- [ RunTime:0.000311s ]
INFO: [ app_begin ] --START--
INFO: Run Behavior\ReadHtmlCacheBehavior [ RunTime:0.000555s ]
INFO: [ app_begin ] --END-- [ RunTime:0.000608s ]
SQL: SHOW COLUMNS FROM `sm_orders` [ RunTime:0.0133s ]
SQL: SELECT `order_id`,`refund_time` FROM `sm_orders` WHERE `refund` = 1  [ RunTime:0.0143s ]

[ 2019-09-05T18:32:21+08:00 ] 113.127.181.251 /index.php?m=Api&c=Ptorder&a=order
INFO: [ app_init ] --START--
INFO: Run Behavior\BuildLiteBehavior [ RunTime:0.000013s ]
INFO: [ app_init ] --END-- [ RunTime:0.000333s ]
INFO: [ app_begin ] --START--
INFO: Run Behavior\ReadHtmlCacheBehavior [ RunTime:0.000551s ]
INFO: [ app_begin ] --END-- [ RunTime:0.000600s ]
SQL: SHOW COLUMNS FROM `sm_orders` [ RunTime:0.0128s ]
SQL: SELECT `order_id`,`refund_time` FROM `sm_orders` WHERE `refund` = 1  [ RunTime:0.0183s ]

[ 2019-09-05T18:32:22+08:00 ] 113.127.181.251 /index.php?m=Api&c=Ptorder&a=order
INFO: [ app_init ] --START--
INFO: Run Behavior\BuildLiteBehavior [ RunTime:0.000014s ]
INFO: [ app_init ] --END-- [ RunTime:0.000329s ]
INFO: [ app_begin ] --START--
INFO: Run Behavior\ReadHtmlCacheBehavior [ RunTime:0.000607s ]
INFO: [ app_begin ] --END-- [ RunTime:0.000662s ]
SQL: SHOW COLUMNS FROM `sm_orders` [ RunTime:0.0128s ]
SQL: SELECT `order_id`,`refund_time` FROM `sm_orders` WHERE `refund` = 1  [ RunTime:0.0042s ]

[ 2019-09-05T20:57:49+08:00 ] 223.104.192.62 /index.php?m=Api&c=Ptorder&a=order
INFO: [ app_init ] --START--
INFO: Run Behavior\BuildLiteBehavior [ RunTime:0.000016s ]
INFO: [ app_init ] --END-- [ RunTime:0.000394s ]
INFO: [ app_begin ] --START--
INFO: Run Behavior\ReadHtmlCacheBehavior [ RunTime:0.000690s ]
INFO: [ app_begin ] --END-- [ RunTime:0.000766s ]
SQL: SHOW COLUMNS FROM `sm_orders` [ RunTime:0.0135s ]
SQL: SELECT `order_id`,`refund_time` FROM `sm_orders` WHERE `refund` = 1  [ RunTime:0.0043s ]
SQL: SELECT `order_id` FROM `sm_orders` WHERE `stall_id` = '5' AND `order_status` = 2 AND `refund` <> 1 AND ( `effect_time` >= 1567612800 AND `effect_time` <= 1567699199  )  [ RunTime:0.0055s ]
SQL: SHOW COLUMNS FROM `sm_order_goods` [ RunTime:0.0092s ]
SQL: SELECT a.order_id,a.create_time,a.order_status,a.phone,a.deliver_type,a.telphone,a.success_time,a.order_no,a.refund FROM sm_orders a WHERE a.stall_id = '5' AND a.order_type = 1 AND a.order_status = 2 AND a.refund <> 1 ORDER BY a.create_time desc LIMIT 0,10   [ RunTime:0.0059s ]
SQL: SHOW COLUMNS FROM `sm_stall` [ RunTime:0.0083s ]
SQL: SELECT `timeout` FROM sm_stall a LEFT JOIN sm_merchant AS b ON a.ma_id = b.ma_id  WHERE a.stall_id = '5' LIMIT 1   [ RunTime:0.0003s ]

[ 2019-09-05T21:01:33+08:00 ] 223.104.192.47 /index.php?m=Api&c=Ptorder&a=order
INFO: [ app_init ] --START--
INFO: Run Behavior\BuildLiteBehavior [ RunTime:0.000013s ]
INFO: [ app_init ] --END-- [ RunTime:0.000376s ]
INFO: [ app_begin ] --START--
INFO: Run Behavior\ReadHtmlCacheBehavior [ RunTime:0.000647s ]
INFO: [ app_begin ] --END-- [ RunTime:0.000702s ]
SQL: SHOW COLUMNS FROM `sm_orders` [ RunTime:0.0136s ]
SQL: SELECT `order_id`,`refund_time` FROM `sm_orders` WHERE `refund` = 1  [ RunTime:0.0324s ]
SQL: SELECT `order_id` FROM `sm_orders` WHERE `stall_id` = '8' AND `order_status` = 2 AND `refund` <> 1 AND ( `effect_time` >= 1567612800 AND `effect_time` <= 1567699199  )  [ RunTime:0.0017s ]
SQL: SHOW COLUMNS FROM `sm_order_goods` [ RunTime:0.0088s ]
SQL: SELECT a.order_id,a.create_time,a.order_status,a.phone,a.deliver_type,a.telphone,a.success_time,a.order_no,a.refund FROM sm_orders a WHERE a.stall_id = '8' AND a.order_type = 1 AND a.order_status = 2 AND a.refund <> 1 ORDER BY a.create_time desc LIMIT 0,10   [ RunTime:0.0007s ]
SQL: SHOW COLUMNS FROM `sm_stall` [ RunTime:0.0077s ]
SQL: SELECT `timeout` FROM sm_stall a LEFT JOIN sm_merchant AS b ON a.ma_id = b.ma_id  WHERE a.stall_id = '8' LIMIT 1   [ RunTime:0.0003s ]

[ 2019-09-05T21:01:34+08:00 ] 223.104.192.47 /index.php?m=Api&c=Ptorder&a=order
INFO: [ app_init ] --START--
INFO: Run Behavior\BuildLiteBehavior [ RunTime:0.000013s ]
INFO: [ app_init ] --END-- [ RunTime:0.000327s ]
INFO: [ app_begin ] --START--
INFO: Run Behavior\ReadHtmlCacheBehavior [ RunTime:0.000571s ]
INFO: [ app_begin ] --END-- [ RunTime:0.000623s ]
SQL: SHOW COLUMNS FROM `sm_orders` [ RunTime:0.0122s ]
SQL: SELECT `order_id`,`refund_time` FROM `sm_orders` WHERE `refund` = 1  [ RunTime:0.0106s ]
SQL: SELECT `order_id` FROM `sm_orders` WHERE `stall_id` = '8' AND `order_status` = 2 AND `refund` <> 1 AND ( `effect_time` >= 1567612800 AND `effect_time` <= 1567699199  )  [ RunTime:0.0007s ]
SQL: SHOW COLUMNS FROM `sm_order_goods` [ RunTime:0.0082s ]
SQL: SELECT a.order_id,a.create_time,a.order_status,a.phone,a.deliver_type,a.telphone,a.success_time,a.order_no,a.refund FROM sm_orders a WHERE a.stall_id = '8' AND a.order_type = 1 AND a.order_status = 2 AND a.refund <> 1 ORDER BY a.create_time desc LIMIT 0,10   [ RunTime:0.0007s ]
SQL: SHOW COLUMNS FROM `sm_stall` [ RunTime:0.0080s ]
SQL: SELECT `timeout` FROM sm_stall a LEFT JOIN sm_merchant AS b ON a.ma_id = b.ma_id  WHERE a.stall_id = '8' LIMIT 1   [ RunTime:0.0003s ]

[ 2019-09-05T21:01:35+08:00 ] 223.104.192.47 /index.php?m=Api&c=Ptorder&a=order
INFO: [ app_init ] --START--
INFO: Run Behavior\BuildLiteBehavior [ RunTime:0.000014s ]
INFO: [ app_init ] --END-- [ RunTime:0.000335s ]
INFO: [ app_begin ] --START--
INFO: Run Behavior\ReadHtmlCacheBehavior [ RunTime:0.000582s ]
INFO: [ app_begin ] --END-- [ RunTime:0.000635s ]
SQL: SHOW COLUMNS FROM `sm_orders` [ RunTime:0.0120s ]
SQL: SELECT `order_id`,`refund_time` FROM `sm_orders` WHERE `refund` = 1  [ RunTime:0.0138s ]
SQL: SELECT `order_id` FROM `sm_orders` WHERE `stall_id` = '8' AND `order_status` = 2 AND `refund` <> 1 AND ( `effect_time` >= 1567612800 AND `effect_time` <= 1567699199  )  [ RunTime:0.0007s ]
SQL: SHOW COLUMNS FROM `sm_order_goods` [ RunTime:0.0083s ]
SQL: SELECT a.order_id,a.create_time,a.order_status,a.phone,a.deliver_type,a.telphone,a.success_time,a.order_no,a.refund FROM sm_orders a WHERE a.stall_id = '8' AND a.order_type = 1 AND a.order_status = 2 AND a.refund <> 1 ORDER BY a.create_time desc LIMIT 0,10   [ RunTime:0.0007s ]
SQL: SHOW COLUMNS FROM `sm_stall` [ RunTime:0.0075s ]
SQL: SELECT `timeout` FROM sm_stall a LEFT JOIN sm_merchant AS b ON a.ma_id = b.ma_id  WHERE a.stall_id = '8' LIMIT 1   [ RunTime:0.0003s ]

[ 2019-09-05T21:01:36+08:00 ] 223.104.192.47 /index.php?m=Api&c=Ptorder&a=order
INFO: [ app_init ] --START--
INFO: Run Behavior\BuildLiteBehavior [ RunTime:0.000014s ]
INFO: [ app_init ] --END-- [ RunTime:0.000319s ]
INFO: [ app_begin ] --START--
INFO: Run Behavior\ReadHtmlCacheBehavior [ RunTime:0.000561s ]
INFO: [ app_begin ] --END-- [ RunTime:0.000614s ]
SQL: SHOW COLUMNS FROM `sm_orders` [ RunTime:0.0130s ]
SQL: SELECT `order_id`,`refund_time` FROM `sm_orders` WHERE `refund` = 1  [ RunTime:0.0042s ]
SQL: SELECT `order_id` FROM `sm_orders` WHERE `stall_id` = '8' AND `order_status` = 2 AND `refund` <> 1 AND ( `effect_time` >= 1567612800 AND `effect_time` <= 1567699199  )  [ RunTime:0.0006s ]
SQL: SHOW COLUMNS FROM `sm_order_goods` [ RunTime:0.0078s ]
SQL: SELECT a.order_id,a.create_time,a.order_status,a.phone,a.deliver_type,a.telphone,a.success_time,a.order_no,a.refund FROM sm_orders a WHERE a.stall_id = '8' AND a.order_type = 1 AND a.order_status = 3 ORDER BY a.create_time desc LIMIT 0,10   [ RunTime:0.0007s ]
SQL: SHOW COLUMNS FROM `sm_stall` [ RunTime:0.0075s ]
SQL: SELECT `timeout` FROM sm_stall a LEFT JOIN sm_merchant AS b ON a.ma_id = b.ma_id  WHERE a.stall_id = '8' LIMIT 1   [ RunTime:0.0003s ]

[ 2019-09-05T21:01:37+08:00 ] 223.104.192.47 /index.php?m=Api&c=Ptorder&a=order
INFO: [ app_init ] --START--
INFO: Run Behavior\BuildLiteBehavior [ RunTime:0.000021s ]
INFO: [ app_init ] --END-- [ RunTime:0.000334s ]
INFO: [ app_begin ] --START--
INFO: Run Behavior\ReadHtmlCacheBehavior [ RunTime:0.000584s ]
INFO: [ app_begin ] --END-- [ RunTime:0.000637s ]
SQL: SHOW COLUMNS FROM `sm_orders` [ RunTime:0.0136s ]
SQL: SELECT `order_id`,`refund_time` FROM `sm_orders` WHERE `refund` = 1  [ RunTime:0.0141s ]
SQL: SELECT `order_id` FROM `sm_orders` WHERE `stall_id` = '8' AND `order_status` = 2 AND `refund` <> 1 AND ( `effect_time` >= 1567612800 AND `effect_time` <= 1567699199  )  [ RunTime:0.0007s ]
SQL: SHOW COLUMNS FROM `sm_order_goods` [ RunTime:0.0090s ]
SQL: SELECT a.order_id,a.create_time,a.order_status,a.phone,a.deliver_type,a.telphone,a.success_time,a.order_no,a.refund FROM sm_orders a WHERE a.stall_id = '8' AND a.order_type = 1 AND a.order_status = 3 ORDER BY a.create_time desc LIMIT 0,10   [ RunTime:0.0007s ]
SQL: SHOW COLUMNS FROM `sm_stall` [ RunTime:0.0093s ]
SQL: SELECT `timeout` FROM sm_stall a LEFT JOIN sm_merchant AS b ON a.ma_id = b.ma_id  WHERE a.stall_id = '8' LIMIT 1   [ RunTime:0.0003s ]

[ 2019-09-05T23:14:26+08:00 ] 112.37.121.95 /index.php?m=Api&c=Ptorder&a=order
INFO: [ app_init ] --START--
INFO: Run Behavior\BuildLiteBehavior [ RunTime:0.000012s ]
INFO: [ app_init ] --END-- [ RunTime:0.000313s ]
INFO: [ app_begin ] --START--
INFO: Run Behavior\ReadHtmlCacheBehavior [ RunTime:0.000599s ]
INFO: [ app_begin ] --END-- [ RunTime:0.000652s ]
SQL: SHOW COLUMNS FROM `sm_orders` [ RunTime:0.0136s ]
SQL: SELECT `order_id`,`refund_time` FROM `sm_orders` WHERE `refund` = 1  [ RunTime:0.0192s ]
SQL: SELECT `order_id` FROM `sm_orders` WHERE `stall_id` = '13' AND `order_status` = 2 AND `refund` <> 1 AND ( `effect_time` >= 1567612800 AND `effect_time` <= 1567699199  )  [ RunTime:0.0030s ]
SQL: SHOW COLUMNS FROM `sm_order_goods` [ RunTime:0.0118s ]
SQL: SELECT a.order_id,a.create_time,a.order_status,a.phone,a.deliver_type,a.telphone,a.success_time,a.order_no,a.refund FROM sm_orders a WHERE a.stall_id = '13' AND a.order_type = 1 AND a.order_status = 2 AND a.refund <> 1 ORDER BY a.create_time desc LIMIT 0,10   [ RunTime:0.0100s ]
SQL: SHOW COLUMNS FROM `sm_stall` [ RunTime:0.0085s ]
SQL: SELECT `timeout` FROM sm_stall a LEFT JOIN sm_merchant AS b ON a.ma_id = b.ma_id  WHERE a.stall_id = '13' LIMIT 1   [ RunTime:0.0004s ]

[ 2019-09-05T23:14:29+08:00 ] 112.37.121.95 /index.php?m=Api&c=Ptorder&a=order
INFO: [ app_init ] --START--
INFO: Run Behavior\BuildLiteBehavior [ RunTime:0.000015s ]
INFO: [ app_init ] --END-- [ RunTime:0.000331s ]
INFO: [ app_begin ] --START--
INFO: Run Behavior\ReadHtmlCacheBehavior [ RunTime:0.000467s ]
INFO: [ app_begin ] --END-- [ RunTime:0.000520s ]
SQL: SHOW COLUMNS FROM `sm_orders` [ RunTime:0.0126s ]
SQL: SELECT `order_id`,`refund_time` FROM `sm_orders` WHERE `refund` = 1  [ RunTime:0.0317s ]
SQL: SELECT `order_id` FROM `sm_orders` WHERE `stall_id` = '13' AND `order_status` = 2 AND `refund` <> 1 AND ( `effect_time` >= 1567612800 AND `effect_time` <= 1567699199  )  [ RunTime:0.0004s ]
SQL: SHOW COLUMNS FROM `sm_order_goods` [ RunTime:0.0089s ]
SQL: SELECT a.order_id,a.create_time,a.order_status,a.phone,a.deliver_type,a.telphone,a.success_time,a.order_no,a.refund FROM sm_orders a WHERE a.stall_id = '13' AND a.order_type = 1 AND a.order_status = 2 AND a.refund <> 1 ORDER BY a.create_time desc LIMIT 0,10   [ RunTime:0.0005s ]
SQL: SHOW COLUMNS FROM `sm_stall` [ RunTime:0.0077s ]
SQL: SELECT `timeout` FROM sm_stall a LEFT JOIN sm_merchant AS b ON a.ma_id = b.ma_id  WHERE a.stall_id = '13' LIMIT 1   [ RunTime:0.0003s ]

[ 2019-09-05T23:14:30+08:00 ] 112.37.121.95 /index.php?m=Api&c=Ptorder&a=order
INFO: [ app_init ] --START--
INFO: Run Behavior\BuildLiteBehavior [ RunTime:0.000016s ]
INFO: [ app_init ] --END-- [ RunTime:0.000432s ]
INFO: [ app_begin ] --START--
INFO: Run Behavior\ReadHtmlCacheBehavior [ RunTime:0.000456s ]
INFO: [ app_begin ] --END-- [ RunTime:0.000507s ]
SQL: SHOW COLUMNS FROM `sm_orders` [ RunTime:0.0131s ]
SQL: SELECT `order_id`,`refund_time` FROM `sm_orders` WHERE `refund` = 1  [ RunTime:0.0324s ]
SQL: SELECT `order_id` FROM `sm_orders` WHERE `stall_id` = '13' AND `order_status` = 2 AND `refund` <> 1 AND ( `effect_time` >= 1567612800 AND `effect_time` <= 1567699199  )  [ RunTime:0.0005s ]
SQL: SHOW COLUMNS FROM `sm_order_goods` [ RunTime:0.0091s ]
SQL: SELECT a.order_id,a.create_time,a.order_status,a.phone,a.deliver_type,a.telphone,a.success_time,a.order_no,a.refund FROM sm_orders a WHERE a.stall_id = '13' AND a.order_type = 1 AND a.order_status IN ('4','5','6') ORDER BY a.create_time desc LIMIT 0,10   [ RunTime:0.0101s ]
SQL: SHOW COLUMNS FROM `sm_stall` [ RunTime:0.0090s ]
SQL: SELECT `timeout` FROM sm_stall a LEFT JOIN sm_merchant AS b ON a.ma_id = b.ma_id  WHERE a.stall_id = '13' LIMIT 1   [ RunTime:0.0004s ]
SQL: SELECT `dishes_name`,`pic_url`,`dishes_nums` FROM `sm_order_goods` WHERE `order_id` = '8638'  [ RunTime:0.0002s ]
SQL: SELECT `dishes_name`,`pic_url`,`dishes_nums` FROM `sm_order_goods` WHERE `order_id` = '8619'  [ RunTime:0.0002s ]
SQL: SELECT `dishes_name`,`pic_url`,`dishes_nums` FROM `sm_order_goods` WHERE `order_id` = '8609'  [ RunTime:0.0002s ]
SQL: SELECT `dishes_name`,`pic_url`,`dishes_nums` FROM `sm_order_goods` WHERE `order_id` = '8604'  [ RunTime:0.0003s ]
SQL: SELECT `dishes_name`,`pic_url`,`dishes_nums` FROM `sm_order_goods` WHERE `order_id` = '8599'  [ RunTime:0.0002s ]
SQL: SELECT `dishes_name`,`pic_url`,`dishes_nums` FROM `sm_order_goods` WHERE `order_id` = '8598'  [ RunTime:0.0002s ]
SQL: SELECT `dishes_name`,`pic_url`,`dishes_nums` FROM `sm_order_goods` WHERE `order_id` = '8597'  [ RunTime:0.0002s ]
SQL: SELECT `dishes_name`,`pic_url`,`dishes_nums` FROM `sm_order_goods` WHERE `order_id` = '8596'  [ RunTime:0.0002s ]
SQL: SELECT `dishes_name`,`pic_url`,`dishes_nums` FROM `sm_order_goods` WHERE `order_id` = '8595'  [ RunTime:0.0002s ]
SQL: SELECT `dishes_name`,`pic_url`,`dishes_nums` FROM `sm_order_goods` WHERE `order_id` = '8594'  [ RunTime:0.0002s ]

[ 2019-09-05T23:14:32+08:00 ] 112.37.121.95 /index.php?m=Api&c=Ptorder&a=order
INFO: [ app_init ] --START--
INFO: Run Behavior\BuildLiteBehavior [ RunTime:0.000014s ]
INFO: [ app_init ] --END-- [ RunTime:0.000328s ]
INFO: [ app_begin ] --START--
INFO: Run Behavior\ReadHtmlCacheBehavior [ RunTime:0.000438s ]
INFO: [ app_begin ] --END-- [ RunTime:0.000489s ]
SQL: SHOW COLUMNS FROM `sm_orders` [ RunTime:0.0125s ]
SQL: SELECT `order_id`,`refund_time` FROM `sm_orders` WHERE `refund` = 1  [ RunTime:0.0360s ]
SQL: SELECT `order_id` FROM `sm_orders` WHERE `stall_id` = '13' AND `order_status` = 2 AND `refund` <> 1 AND ( `effect_time` >= 1567612800 AND `effect_time` <= 1567699199  )  [ RunTime:0.0004s ]
SQL: SHOW COLUMNS FROM `sm_order_goods` [ RunTime:0.0170s ]
SQL: SELECT a.order_id,a.create_time,a.order_status,a.phone,a.deliver_type,a.telphone,a.success_time,a.order_no,a.refund FROM sm_orders a WHERE a.stall_id = '13' AND a.order_type = 1 AND a.refund IN ('1','2') ORDER BY a.create_time desc LIMIT 0,10   [ RunTime:0.0343s ]
SQL: SHOW COLUMNS FROM `sm_stall` [ RunTime:0.0100s ]
SQL: SELECT `timeout` FROM sm_stall a LEFT JOIN sm_merchant AS b ON a.ma_id = b.ma_id  WHERE a.stall_id = '13' LIMIT 1   [ RunTime:0.0004s ]
SQL: SELECT `dishes_name`,`pic_url`,`dishes_nums` FROM `sm_order_goods` WHERE `order_id` = '8570'  [ RunTime:0.0002s ]
SQL: SELECT `dishes_name`,`pic_url`,`dishes_nums` FROM `sm_order_goods` WHERE `order_id` = '6565'  [ RunTime:0.0002s ]
SQL: SELECT `dishes_name`,`pic_url`,`dishes_nums` FROM `sm_order_goods` WHERE `order_id` = '4816'  [ RunTime:0.0002s ]
SQL: SELECT `dishes_name`,`pic_url`,`dishes_nums` FROM `sm_order_goods` WHERE `order_id` = '4432'  [ RunTime:0.0002s ]
SQL: SELECT `dishes_name`,`pic_url`,`dishes_nums` FROM `sm_order_goods` WHERE `order_id` = '51'  [ RunTime:0.0002s ]

[ 2019-09-05T23:14:33+08:00 ] 112.37.121.95 /index.php?m=Api&c=Ptorder&a=order
INFO: [ app_init ] --START--
INFO: Run Behavior\BuildLiteBehavior [ RunTime:0.000016s ]
INFO: [ app_init ] --END-- [ RunTime:0.000326s ]
INFO: [ app_begin ] --START--
INFO: Run Behavior\ReadHtmlCacheBehavior [ RunTime:0.000479s ]
INFO: [ app_begin ] --END-- [ RunTime:0.000532s ]
SQL: SHOW COLUMNS FROM `sm_orders` [ RunTime:0.0094s ]
SQL: SELECT `order_id`,`refund_time` FROM `sm_orders` WHERE `refund` = 1  [ RunTime:0.0214s ]
SQL: SELECT `order_id` FROM `sm_orders` WHERE `stall_id` = '13' AND `order_status` = 2 AND `refund` <> 1 AND ( `effect_time` >= 1567612800 AND `effect_time` <= 1567699199  )  [ RunTime:0.0030s ]
SQL: SHOW COLUMNS FROM `sm_order_goods` [ RunTime:0.0057s ]
SQL: SELECT a.order_id,a.create_time,a.order_status,a.phone,a.deliver_type,a.telphone,a.success_time,a.order_no,a.refund FROM sm_orders a WHERE a.stall_id = '13' AND a.order_type = 1 AND a.order_status = 3 ORDER BY a.create_time desc LIMIT 0,10   [ RunTime:0.0008s ]
SQL: SHOW COLUMNS FROM `sm_stall` [ RunTime:0.0078s ]
SQL: SELECT `timeout` FROM sm_stall a LEFT JOIN sm_merchant AS b ON a.ma_id = b.ma_id  WHERE a.stall_id = '13' LIMIT 1   [ RunTime:0.0003s ]

[ 2019-09-05T23:14:35+08:00 ] 112.37.121.95 /index.php?m=Api&c=Personal&a=index
INFO: [ app_init ] --START--
INFO: Run Behavior\BuildLiteBehavior [ RunTime:0.000014s ]
INFO: [ app_init ] --END-- [ RunTime:0.000327s ]
INFO: [ app_begin ] --START--
INFO: Run Behavior\ReadHtmlCacheBehavior [ RunTime:0.000454s ]
INFO: [ app_begin ] --END-- [ RunTime:0.000508s ]
SQL: SHOW COLUMNS FROM `sm_orders` [ RunTime:0.0129s ]
SQL: SELECT `order_id`,`refund_time` FROM `sm_orders` WHERE `refund` = 1  [ RunTime:0.0165s ]
SQL: SELECT `order_id` FROM `sm_orders` WHERE `stall_id` = '13' AND `order_status` = 2 AND `refund` <> 1 AND ( `effect_time` >= 1567612800 AND `effect_time` <= 1567699199  )  [ RunTime:0.0005s ]
SQL: SHOW COLUMNS FROM `sm_stall` [ RunTime:0.0090s ]
SQL: SELECT a.stall_id,a.image,a.stall_name,a.stall_tel,a.score,a.stall_type,a.on_the_pin,b.ma_merchantname,a.tone_music FROM sm_stall a LEFT JOIN sm_merchant as b ON a.ma_id = b.ma_id   WHERE `stall_id` = '13' LIMIT 1   [ RunTime:0.0004s ]

[ 2019-09-05T23:14:38+08:00 ] 112.37.121.95 /index.php?m=Api&c=Set&a=returnState
INFO: [ app_init ] --START--
INFO: Run Behavior\BuildLiteBehavior [ RunTime:0.000014s ]
INFO: [ app_init ] --END-- [ RunTime:0.000329s ]
INFO: [ app_begin ] --START--
INFO: Run Behavior\ReadHtmlCacheBehavior [ RunTime:0.000463s ]
INFO: [ app_begin ] --END-- [ RunTime:0.000517s ]
SQL: SHOW COLUMNS FROM `sm_stall` [ RunTime:0.0115s ]
SQL: SELECT * FROM `sm_stall` WHERE `stall_id` = '13' LIMIT 1   [ RunTime:0.0004s ]

[ 2019-09-05T23:14:40+08:00 ] 112.37.121.95 /index.php?m=Api&c=Personal&a=statistics
INFO: [ app_init ] --START--
INFO: Run Behavior\BuildLiteBehavior [ RunTime:0.000014s ]
INFO: [ app_init ] --END-- [ RunTime:0.000325s ]
INFO: [ app_begin ] --START--
INFO: Run Behavior\ReadHtmlCacheBehavior [ RunTime:0.000493s ]
INFO: [ app_begin ] --END-- [ RunTime:0.000551s ]
SQL: SHOW COLUMNS FROM `sm_orders` [ RunTime:0.0128s ]
SQL: SELECT `order_id`,`refund_time` FROM `sm_orders` WHERE `refund` = 1  [ RunTime:0.0067s ]
SQL: SELECT `order_id` FROM `sm_orders` WHERE `stall_id` = '13' AND `order_status` = 2 AND `refund` <> 1 AND ( `effect_time` >= 1567612800 AND `effect_time` <= 1567699199  )  [ RunTime:0.0004s ]
SQL: SHOW COLUMNS FROM `sm_finance` [ RunTime:0.0078s ]
SQL: SELECT `order_no`,`money`,`state`,`statue`,`creattime` FROM `sm_finance` WHERE `stall_id` = '13' AND ( `creattime` >= 1567612800 AND `creattime` <= 1567699199  ) AND `statue` = 1 ORDER BY `creattime` desc LIMIT 0,10   [ RunTime:0.0029s ]
SQL: SELECT SUM(money) AS tp_sum FROM `sm_finance` WHERE `stall_id` = '13' AND ( `creattime` >= 1567612800 AND `creattime` <= 1567699199  ) AND `statue` = 1 LIMIT 1   [ RunTime:0.0026s ]
SQL: SELECT SUM(money) AS tp_sum FROM `sm_finance` WHERE `stall_id` = '13' AND ( `creattime` >= 1567612800 AND `creattime` <= 1567699199  ) AND `statue` = 2 LIMIT 1   [ RunTime:0.0025s ]

