[ 2019-07-28T09:05:37+08:00 ] 47.100.1.70 /index.php?m=home&c=oauth&a=login&ma_id=1&code=071amaof29bspj0cvuqf24smof2amaoo&state=wx_oauth
INFO: [ app_init ] --START--
INFO: Run Behavior\BuildLiteBehavior [ RunTime:0.000013s ]
INFO: [ app_init ] --END-- [ RunTime:0.000496s ]
INFO: [ app_begin ] --START--
INFO: Run Behavior\ReadHtmlCacheBehavior [ RunTime:0.000705s ]
INFO: [ app_begin ] --END-- [ RunTime:0.000763s ]
SQL: SHOW COLUMNS FROM `sm_merchant` [ RunTime:0.0143s ]
SQL: SELECT `appid`,`appsecret` FROM `sm_merchant` WHERE ( ma_id='1' ) LIMIT 1   [ RunTime:0.0003s ]
INFO: [ view_parse ] --START--
INFO: [ template_filter ] --START--
INFO: Run Behavior\ContentReplaceBehavior [ RunTime:0.000064s ]
INFO: [ template_filter ] --END-- [ RunTime:0.000130s ]
INFO: Run Behavior\ParseTemplateBehavior [ RunTime:0.007388s ]
INFO: [ view_parse ] --END-- [ RunTime:0.007461s ]
INFO: [ view_filter ] --START--
INFO: Run Behavior\WriteHtmlCacheBehavior [ RunTime:0.000604s ]
INFO: [ view_filter ] --END-- [ RunTime:0.000644s ]

[ 2019-07-28T12:05:30+08:00 ] 123.151.76.158 /index.php?m=Home&c=Drink&a=index&ma_id=1
INFO: [ app_init ] --START--
INFO: Run Behavior\BuildLiteBehavior [ RunTime:0.000013s ]
INFO: [ app_init ] --END-- [ RunTime:0.000507s ]
INFO: [ app_begin ] --START--
INFO: Run Behavior\ReadHtmlCacheBehavior [ RunTime:0.000742s ]
INFO: [ app_begin ] --END-- [ RunTime:0.000795s ]
SQL: SHOW COLUMNS FROM `sm_orders` [ RunTime:0.0120s ]
SQL: SELECT `order_id`,`refund_time` FROM `sm_orders` WHERE `refund` = 1  [ RunTime:0.0202s ]
SQL: SHOW COLUMNS FROM `sm_member_list` [ RunTime:0.0087s ]
SQL: SELECT `is_open` FROM `sm_member_list` WHERE `member_list_id` = '130' LIMIT 1   [ RunTime:0.0003s ]
SQL: SELECT `is_del` FROM `sm_member_list` WHERE `member_list_id` = '130' LIMIT 1   [ RunTime:0.0002s ]
SQL: SELECT `order_id` FROM `sm_orders` WHERE `order_status` = 2 AND `refund` <> 1 AND ( `effect_time` >= 1564243200 AND `effect_time` <= 1564329599  )  [ RunTime:0.0003s ]
SQL: SHOW COLUMNS FROM `sm_order_goods` [ RunTime:0.0088s ]
SQL: SHOW COLUMNS FROM `sm_dishes` [ RunTime:0.0115s ]
SQL: SELECT `dishes_id`,`create_time`,`order_status`,`order_id`,`order_type` FROM `sm_orders` WHERE `order_status` = 1  [ RunTime:0.0004s ]
SQL: SHOW COLUMNS FROM `sm_integral_order` [ RunTime:0.0073s ]
SQL: SELECT * FROM `sm_integral_order` WHERE `status` = 2  [ RunTime:0.0007s ]
SQL: SELECT * FROM `sm_orders` WHERE `order_status` = 4 AND `deliver_type` = 1  [ RunTime:0.0004s ]
SQL: SHOW COLUMNS FROM `sm_stall` [ RunTime:0.0087s ]
SQL: SHOW COLUMNS FROM `sm_merchant` [ RunTime:0.0085s ]
SQL: SELECT `ma_id` FROM `sm_merchant` WHERE `delete` = 1 AND `is_open` = 1 AND `due_deadline` > 1564286730 AND `ma_id` = '1' LIMIT 1   [ RunTime:0.0003s ]
SQL: SELECT `status` FROM `sm_member_list` WHERE `member_list_id` = '130' AND `is_del` = 2 LIMIT 1   [ RunTime:0.0002s ]
SQL: SHOW COLUMNS FROM `sm_merchant_banner` [ RunTime:0.0092s ]
SQL: SELECT * FROM `sm_merchant_banner` WHERE `ma_id` = 1  [ RunTime:0.0004s ]
SQL: SELECT a.dishes_id,a.pic_url,a.dishes_name,a.type FROM sm_dishes a LEFT JOIN sm_stall as b on a.stall = b.stall_id  WHERE a.is_del = 2 AND a.ma_id = '1' AND a.state = 1 AND a.statue = 2 AND a.num > 0 AND b.delete = 2 AND b.is_freeze = 2 ORDER BY a.sort ASC,a.addtime DESC LIMIT 6   [ RunTime:0.0051s ]
SQL: SELECT COUNT(*) AS tp_count FROM `sm_stall` WHERE `delete` = 2 AND `is_freeze` = 2 AND `ma_id` = '1' ORDER BY `sort` asc LIMIT 1   [ RunTime:0.0005s ]
SQL: SELECT `appid`,`appsecret`,`saturation` FROM `sm_merchant` WHERE ( ma_id='1' ) LIMIT 1   [ RunTime:0.0003s ]
INFO: [ view_parse ] --START--
INFO: [ template_filter ] --START--
INFO: Run Behavior\ContentReplaceBehavior [ RunTime:0.000136s ]
INFO: [ template_filter ] --END-- [ RunTime:0.000181s ]
INFO: Run Behavior\ParseTemplateBehavior [ RunTime:0.066014s ]
INFO: [ view_parse ] --END-- [ RunTime:0.066076s ]
INFO: [ view_filter ] --START--
INFO: Run Behavior\WriteHtmlCacheBehavior [ RunTime:0.000602s ]
INFO: [ view_filter ] --END-- [ RunTime:0.000651s ]
INFO: [ app_end ] --START--
INFO: Run Behavior\ShowPageTraceBehavior [ RunTime:0.000819s ]
INFO: [ app_end ] --END-- [ RunTime:0.000867s ]

[ 2019-07-28T12:05:30+08:00 ] 123.151.76.158 /index.php?m=Home&c=Drink&a=indexLists&page=1&psize=10
INFO: [ app_init ] --START--
INFO: Run Behavior\BuildLiteBehavior [ RunTime:0.000013s ]
INFO: [ app_init ] --END-- [ RunTime:0.000469s ]
INFO: [ app_begin ] --START--
INFO: Run Behavior\ReadHtmlCacheBehavior [ RunTime:0.000608s ]
INFO: [ app_begin ] --END-- [ RunTime:0.000655s ]
SQL: SHOW COLUMNS FROM `sm_orders` [ RunTime:0.0075s ]
SQL: SELECT `order_id`,`refund_time` FROM `sm_orders` WHERE `refund` = 1  [ RunTime:0.0203s ]
SQL: SHOW COLUMNS FROM `sm_member_list` [ RunTime:0.0058s ]
SQL: SELECT `is_open` FROM `sm_member_list` WHERE `member_list_id` = '130' LIMIT 1   [ RunTime:0.0003s ]
SQL: SELECT `is_del` FROM `sm_member_list` WHERE `member_list_id` = '130' LIMIT 1   [ RunTime:0.0002s ]
SQL: SELECT `order_id` FROM `sm_orders` WHERE `order_status` = 2 AND `refund` <> 1 AND ( `effect_time` >= 1564243200 AND `effect_time` <= 1564329599  )  [ RunTime:0.0004s ]
SQL: SHOW COLUMNS FROM `sm_order_goods` [ RunTime:0.0062s ]
SQL: SHOW COLUMNS FROM `sm_dishes` [ RunTime:0.0072s ]
SQL: SELECT `dishes_id`,`create_time`,`order_status`,`order_id`,`order_type` FROM `sm_orders` WHERE `order_status` = 1  [ RunTime:0.0003s ]
SQL: SHOW COLUMNS FROM `sm_integral_order` [ RunTime:0.0055s ]
SQL: SELECT * FROM `sm_integral_order` WHERE `status` = 2  [ RunTime:0.0006s ]
SQL: SELECT * FROM `sm_orders` WHERE `order_status` = 4 AND `deliver_type` = 1  [ RunTime:0.0004s ]
SQL: SHOW COLUMNS FROM `sm_stall` [ RunTime:0.0053s ]
SQL: SHOW COLUMNS FROM `sm_merchant` [ RunTime:0.0056s ]
SQL: SELECT `ma_id` FROM `sm_merchant` WHERE `delete` = 1 AND `is_open` = 1 AND `due_deadline` > 1564286730 AND `ma_id` = '1' LIMIT 1   [ RunTime:0.0003s ]
SQL: SELECT `stall_id`,`image`,`stall_name`,`score`,`addtime`,`on_the_pin`,`stall_type` FROM sm_stall a WHERE `delete` = 2 AND `is_freeze` = 2 AND `ma_id` = '1' ORDER BY `sort` asc,`on_the_pin` DESC,`addtime` DESC LIMIT 0,10   [ RunTime:0.0006s ]
NOTIC: [8] Use of undefined constant stall_id - assumed 'stall_id' D:\xampp\htdocs\app\Home\Controller\DrinkController.class.php 第 337 行.
NOTIC: [8] Use of undefined constant stall_type - assumed 'stall_type' D:\xampp\htdocs\app\Home\Controller\DrinkController.class.php 第 337 行.
NOTIC: [8] Use of undefined constant image - assumed 'image' D:\xampp\htdocs\app\Home\Controller\DrinkController.class.php 第 338 行.
NOTIC: [8] Use of undefined constant stall_name - assumed 'stall_name' D:\xampp\htdocs\app\Home\Controller\DrinkController.class.php 第 340 行.
NOTIC: [8] Use of undefined constant score - assumed 'score' D:\xampp\htdocs\app\Home\Controller\DrinkController.class.php 第 345 行.
NOTIC: [8] Use of undefined constant score - assumed 'score' D:\xampp\htdocs\app\Home\Controller\DrinkController.class.php 第 348 行.
NOTIC: [8] Use of undefined constant on_the_pin - assumed 'on_the_pin' D:\xampp\htdocs\app\Home\Controller\DrinkController.class.php 第 350 行.
NOTIC: [8] Use of undefined constant stall_id - assumed 'stall_id' D:\xampp\htdocs\app\Home\Controller\DrinkController.class.php 第 337 行.
NOTIC: [8] Use of undefined constant stall_type - assumed 'stall_type' D:\xampp\htdocs\app\Home\Controller\DrinkController.class.php 第 337 行.
NOTIC: [8] Use of undefined constant image - assumed 'image' D:\xampp\htdocs\app\Home\Controller\DrinkController.class.php 第 338 行.
NOTIC: [8] Use of undefined constant stall_name - assumed 'stall_name' D:\xampp\htdocs\app\Home\Controller\DrinkController.class.php 第 340 行.
NOTIC: [8] Use of undefined constant score - assumed 'score' D:\xampp\htdocs\app\Home\Controller\DrinkController.class.php 第 345 行.
NOTIC: [8] Use of undefined constant score - assumed 'score' D:\xampp\htdocs\app\Home\Controller\DrinkController.class.php 第 348 行.
NOTIC: [8] Use of undefined constant on_the_pin - assumed 'on_the_pin' D:\xampp\htdocs\app\Home\Controller\DrinkController.class.php 第 350 行.
NOTIC: [8] Use of undefined constant stall_id - assumed 'stall_id' D:\xampp\htdocs\app\Home\Controller\DrinkController.class.php 第 337 行.
NOTIC: [8] Use of undefined constant stall_type - assumed 'stall_type' D:\xampp\htdocs\app\Home\Controller\DrinkController.class.php 第 337 行.
NOTIC: [8] Use of undefined constant image - assumed 'image' D:\xampp\htdocs\app\Home\Controller\DrinkController.class.php 第 338 行.
NOTIC: [8] Use of undefined constant stall_name - assumed 'stall_name' D:\xampp\htdocs\app\Home\Controller\DrinkController.class.php 第 340 行.
NOTIC: [8] Use of undefined constant score - assumed 'score' D:\xampp\htdocs\app\Home\Controller\DrinkController.class.php 第 345 行.
NOTIC: [8] Use of undefined constant score - assumed 'score' D:\xampp\htdocs\app\Home\Controller\DrinkController.class.php 第 348 行.
NOTIC: [8] Use of undefined constant on_the_pin - assumed 'on_the_pin' D:\xampp\htdocs\app\Home\Controller\DrinkController.class.php 第 350 行.
NOTIC: [8] Use of undefined constant stall_id - assumed 'stall_id' D:\xampp\htdocs\app\Home\Controller\DrinkController.class.php 第 337 行.
NOTIC: [8] Use of undefined constant stall_type - assumed 'stall_type' D:\xampp\htdocs\app\Home\Controller\DrinkController.class.php 第 337 行.
NOTIC: [8] Use of undefined constant image - assumed 'image' D:\xampp\htdocs\app\Home\Controller\DrinkController.class.php 第 338 行.
NOTIC: [8] Use of undefined constant stall_name - assumed 'stall_name' D:\xampp\htdocs\app\Home\Controller\DrinkController.class.php 第 340 行.
NOTIC: [8] Use of undefined constant score - assumed 'score' D:\xampp\htdocs\app\Home\Controller\DrinkController.class.php 第 345 行.
NOTIC: [8] Use of undefined constant score - assumed 'score' D:\xampp\htdocs\app\Home\Controller\DrinkController.class.php 第 348 行.
NOTIC: [8] Use of undefined constant on_the_pin - assumed 'on_the_pin' D:\xampp\htdocs\app\Home\Controller\DrinkController.class.php 第 350 行.
NOTIC: [8] Use of undefined constant stall_id - assumed 'stall_id' D:\xampp\htdocs\app\Home\Controller\DrinkController.class.php 第 337 行.
NOTIC: [8] Use of undefined constant stall_type - assumed 'stall_type' D:\xampp\htdocs\app\Home\Controller\DrinkController.class.php 第 337 行.
NOTIC: [8] Use of undefined constant image - assumed 'image' D:\xampp\htdocs\app\Home\Controller\DrinkController.class.php 第 338 行.
NOTIC: [8] Use of undefined constant stall_name - assumed 'stall_name' D:\xampp\htdocs\app\Home\Controller\DrinkController.class.php 第 340 行.
NOTIC: [8] Use of undefined constant score - assumed 'score' D:\xampp\htdocs\app\Home\Controller\DrinkController.class.php 第 345 行.
NOTIC: [8] Use of undefined constant score - assumed 'score' D:\xampp\htdocs\app\Home\Controller\DrinkController.class.php 第 348 行.
NOTIC: [8] Use of undefined constant on_the_pin - assumed 'on_the_pin' D:\xampp\htdocs\app\Home\Controller\DrinkController.class.php 第 350 行.
NOTIC: [8] Use of undefined constant stall_id - assumed 'stall_id' D:\xampp\htdocs\app\Home\Controller\DrinkController.class.php 第 337 行.
NOTIC: [8] Use of undefined constant stall_type - assumed 'stall_type' D:\xampp\htdocs\app\Home\Controller\DrinkController.class.php 第 337 行.
NOTIC: [8] Use of undefined constant image - assumed 'image' D:\xampp\htdocs\app\Home\Controller\DrinkController.class.php 第 338 行.
NOTIC: [8] Use of undefined constant stall_name - assumed 'stall_name' D:\xampp\htdocs\app\Home\Controller\DrinkController.class.php 第 340 行.
NOTIC: [8] Use of undefined constant score - assumed 'score' D:\xampp\htdocs\app\Home\Controller\DrinkController.class.php 第 345 行.
NOTIC: [8] Use of undefined constant score - assumed 'score' D:\xampp\htdocs\app\Home\Controller\DrinkController.class.php 第 345 行.
NOTIC: [8] Use of undefined constant score - assumed 'score' D:\xampp\htdocs\app\Home\Controller\DrinkController.class.php 第 348 行.
NOTIC: [8] Use of undefined constant on_the_pin - assumed 'on_the_pin' D:\xampp\htdocs\app\Home\Controller\DrinkController.class.php 第 350 行.
NOTIC: [8] Use of undefined constant stall_id - assumed 'stall_id' D:\xampp\htdocs\app\Home\Controller\DrinkController.class.php 第 337 行.
NOTIC: [8] Use of undefined constant stall_type - assumed 'stall_type' D:\xampp\htdocs\app\Home\Controller\DrinkController.class.php 第 337 行.
NOTIC: [8] Use of undefined constant image - assumed 'image' D:\xampp\htdocs\app\Home\Controller\DrinkController.class.php 第 338 行.
NOTIC: [8] Use of undefined constant stall_name - assumed 'stall_name' D:\xampp\htdocs\app\Home\Controller\DrinkController.class.php 第 340 行.
NOTIC: [8] Use of undefined constant score - assumed 'score' D:\xampp\htdocs\app\Home\Controller\DrinkController.class.php 第 345 行.
NOTIC: [8] Use of undefined constant score - assumed 'score' D:\xampp\htdocs\app\Home\Controller\DrinkController.class.php 第 348 行.
NOTIC: [8] Use of undefined constant on_the_pin - assumed 'on_the_pin' D:\xampp\htdocs\app\Home\Controller\DrinkController.class.php 第 350 行.
NOTIC: [8] Use of undefined constant stall_id - assumed 'stall_id' D:\xampp\htdocs\app\Home\Controller\DrinkController.class.php 第 337 行.
NOTIC: [8] Use of undefined constant stall_type - assumed 'stall_type' D:\xampp\htdocs\app\Home\Controller\DrinkController.class.php 第 337 行.
NOTIC: [8] Use of undefined constant image - assumed 'image' D:\xampp\htdocs\app\Home\Controller\DrinkController.class.php 第 338 行.
NOTIC: [8] Use of undefined constant stall_name - assumed 'stall_name' D:\xampp\htdocs\app\Home\Controller\DrinkController.class.php 第 340 行.
NOTIC: [8] Use of undefined constant score - assumed 'score' D:\xampp\htdocs\app\Home\Controller\DrinkController.class.php 第 345 行.
NOTIC: [8] Use of undefined constant score - assumed 'score' D:\xampp\htdocs\app\Home\Controller\DrinkController.class.php 第 348 行.
NOTIC: [8] Use of undefined constant on_the_pin - assumed 'on_the_pin' D:\xampp\htdocs\app\Home\Controller\DrinkController.class.php 第 350 行.
NOTIC: [8] Use of undefined constant stall_id - assumed 'stall_id' D:\xampp\htdocs\app\Home\Controller\DrinkController.class.php 第 337 行.
NOTIC: [8] Use of undefined constant stall_type - assumed 'stall_type' D:\xampp\htdocs\app\Home\Controller\DrinkController.class.php 第 337 行.
NOTIC: [8] Use of undefined constant image - assumed 'image' D:\xampp\htdocs\app\Home\Controller\DrinkController.class.php 第 338 行.
NOTIC: [8] Use of undefined constant stall_name - assumed 'stall_name' D:\xampp\htdocs\app\Home\Controller\DrinkController.class.php 第 340 行.
NOTIC: [8] Use of undefined constant score - assumed 'score' D:\xampp\htdocs\app\Home\Controller\DrinkController.class.php 第 345 行.
NOTIC: [8] Use of undefined constant score - assumed 'score' D:\xampp\htdocs\app\Home\Controller\DrinkController.class.php 第 345 行.
NOTIC: [8] Use of undefined constant score - assumed 'score' D:\xampp\htdocs\app\Home\Controller\DrinkController.class.php 第 348 行.
NOTIC: [8] Use of undefined constant on_the_pin - assumed 'on_the_pin' D:\xampp\htdocs\app\Home\Controller\DrinkController.class.php 第 350 行.
NOTIC: [8] Use of undefined constant stall_id - assumed 'stall_id' D:\xampp\htdocs\app\Home\Controller\DrinkController.class.php 第 337 行.
NOTIC: [8] Use of undefined constant stall_type - assumed 'stall_type' D:\xampp\htdocs\app\Home\Controller\DrinkController.class.php 第 337 行.
NOTIC: [8] Use of undefined constant image - assumed 'image' D:\xampp\htdocs\app\Home\Controller\DrinkController.class.php 第 338 行.
NOTIC: [8] Use of undefined constant stall_name - assumed 'stall_name' D:\xampp\htdocs\app\Home\Controller\DrinkController.class.php 第 340 行.
NOTIC: [8] Use of undefined constant score - assumed 'score' D:\xampp\htdocs\app\Home\Controller\DrinkController.class.php 第 345 行.
NOTIC: [8] Use of undefined constant score - assumed 'score' D:\xampp\htdocs\app\Home\Controller\DrinkController.class.php 第 348 行.
NOTIC: [8] Use of undefined constant on_the_pin - assumed 'on_the_pin' D:\xampp\htdocs\app\Home\Controller\DrinkController.class.php 第 350 行.
INFO: [ app_end ] --START--
INFO: Run Behavior\ShowPageTraceBehavior [ RunTime:0.001018s ]
INFO: [ app_end ] --END-- [ RunTime:0.001057s ]

[ 2019-07-28T12:05:33+08:00 ] 123.151.76.158 /index.php?m=Home&c=Drink&a=distance
INFO: [ app_init ] --START--
INFO: Run Behavior\BuildLiteBehavior [ RunTime:0.000013s ]
INFO: [ app_init ] --END-- [ RunTime:0.000478s ]
INFO: [ app_begin ] --START--
INFO: Run Behavior\ReadHtmlCacheBehavior [ RunTime:0.000575s ]
INFO: [ app_begin ] --END-- [ RunTime:0.000622s ]
SQL: SHOW COLUMNS FROM `sm_orders` [ RunTime:0.0137s ]
SQL: SELECT `order_id`,`refund_time` FROM `sm_orders` WHERE `refund` = 1  [ RunTime:0.0257s ]
SQL: SHOW COLUMNS FROM `sm_member_list` [ RunTime:0.0091s ]
SQL: SELECT `is_open` FROM `sm_member_list` WHERE `member_list_id` = '130' LIMIT 1   [ RunTime:0.0003s ]
SQL: SELECT `is_del` FROM `sm_member_list` WHERE `member_list_id` = '130' LIMIT 1   [ RunTime:0.0002s ]
SQL: SELECT `order_id` FROM `sm_orders` WHERE `order_status` = 2 AND `refund` <> 1 AND ( `effect_time` >= 1564243200 AND `effect_time` <= 1564329599  )  [ RunTime:0.0004s ]
SQL: SHOW COLUMNS FROM `sm_order_goods` [ RunTime:0.0081s ]
SQL: SHOW COLUMNS FROM `sm_dishes` [ RunTime:0.0083s ]
SQL: SELECT `dishes_id`,`create_time`,`order_status`,`order_id`,`order_type` FROM `sm_orders` WHERE `order_status` = 1  [ RunTime:0.0003s ]
SQL: SHOW COLUMNS FROM `sm_integral_order` [ RunTime:0.0053s ]
SQL: SELECT * FROM `sm_integral_order` WHERE `status` = 2  [ RunTime:0.0006s ]
SQL: SELECT * FROM `sm_orders` WHERE `order_status` = 4 AND `deliver_type` = 1  [ RunTime:0.0004s ]
SQL: SHOW COLUMNS FROM `sm_stall` [ RunTime:0.0077s ]
SQL: SHOW COLUMNS FROM `sm_merchant` [ RunTime:0.0078s ]
SQL: SELECT `ma_id` FROM `sm_merchant` WHERE `delete` = 1 AND `is_open` = 1 AND `due_deadline` > 1564286733 AND `ma_id` = '1' LIMIT 1   [ RunTime:0.0003s ]
SQL: SELECT `longitude`,`latitude` FROM `sm_merchant` WHERE `ma_id` = '1' LIMIT 1   [ RunTime:0.0002s ]

[ 2019-07-28T12:05:34+08:00 ] 123.151.76.158 /index.php?m=Home&c=Stall&a=stallDetail&stall_id=31
INFO: [ app_init ] --START--
INFO: Run Behavior\BuildLiteBehavior [ RunTime:0.000014s ]
INFO: [ app_init ] --END-- [ RunTime:0.000474s ]
INFO: [ app_begin ] --START--
INFO: Run Behavior\ReadHtmlCacheBehavior [ RunTime:0.000580s ]
INFO: [ app_begin ] --END-- [ RunTime:0.000628s ]
SQL: SHOW COLUMNS FROM `sm_orders` [ RunTime:0.0130s ]
SQL: SELECT `order_id`,`refund_time` FROM `sm_orders` WHERE `refund` = 1  [ RunTime:0.0240s ]
SQL: SHOW COLUMNS FROM `sm_member_list` [ RunTime:0.0085s ]
SQL: SELECT `is_open` FROM `sm_member_list` WHERE `member_list_id` = '130' LIMIT 1   [ RunTime:0.0003s ]
SQL: SELECT `is_del` FROM `sm_member_list` WHERE `member_list_id` = '130' LIMIT 1   [ RunTime:0.0002s ]
SQL: SELECT `order_id` FROM `sm_orders` WHERE `order_status` = 2 AND `refund` <> 1 AND ( `effect_time` >= 1564243200 AND `effect_time` <= 1564329599  )  [ RunTime:0.0003s ]
SQL: SHOW COLUMNS FROM `sm_order_goods` [ RunTime:0.0080s ]
SQL: SHOW COLUMNS FROM `sm_dishes` [ RunTime:0.0077s ]
SQL: SELECT `dishes_id`,`create_time`,`order_status`,`order_id`,`order_type` FROM `sm_orders` WHERE `order_status` = 1  [ RunTime:0.0004s ]
SQL: SHOW COLUMNS FROM `sm_integral_order` [ RunTime:0.0065s ]
SQL: SELECT * FROM `sm_integral_order` WHERE `status` = 2  [ RunTime:0.0006s ]
SQL: SELECT * FROM `sm_orders` WHERE `order_status` = 4 AND `deliver_type` = 1  [ RunTime:0.0004s ]
SQL: SHOW COLUMNS FROM `sm_stall` [ RunTime:0.0080s ]
SQL: SELECT * FROM `sm_stall` WHERE `stall_id` = '31' LIMIT 1   [ RunTime:0.0003s ]
SQL: SHOW COLUMNS FROM `sm_member_collection` [ RunTime:0.0077s ]
SQL: SELECT * FROM `sm_member_collection` WHERE `member_list_id` = '130' AND `stall_id` = '31'  [ RunTime:0.0002s ]
SQL: SELECT * FROM `sm_dishes` WHERE `stall` = 31 AND `statue` = 2 AND `state` = 1 AND `is_del` = 2 ORDER BY `sort` ASC LIMIT 6   [ RunTime:0.0004s ]
SQL: SHOW COLUMNS FROM `sm_dishes_category` [ RunTime:0.0079s ]
SQL: SELECT * FROM `sm_dishes_category` WHERE `ma_id` = 1 AND `is_del` = 2 ORDER BY `sort` asc  [ RunTime:0.0020s ]
SQL: SHOW COLUMNS FROM `sm_discount` [ RunTime:0.0052s ]
SQL: SHOW COLUMNS FROM `sm_cart` [ RunTime:0.0052s ]
SQL: SELECT `discount`,`start_time`,`end_time` FROM `sm_discount` WHERE `ma_id` = '1' AND `start_time` <= '1205' AND `end_time` >= '1205' LIMIT 1   [ RunTime:0.0002s ]
SQL: SELECT * FROM `sm_dishes` WHERE `stall` = 31 AND `state` = 1 AND `is_del` = 2 AND `dishes_cate_id` = 1 ORDER BY `sort` ASC  [ RunTime:0.0028s ]
SQL: SELECT `number` FROM `sm_cart` WHERE `stall_id` = 31 AND `dishes_id` = 235 AND `member_list_id` = 130 LIMIT 1   [ RunTime:0.0041s ]
SQL: SELECT `number` FROM `sm_cart` WHERE `stall_id` = 31 AND `dishes_id` = 236 AND `member_list_id` = 130 LIMIT 1   [ RunTime:0.0004s ]
SQL: SELECT * FROM `sm_dishes` WHERE `stall` = 31 AND `state` = 1 AND `is_del` = 2 AND `dishes_cate_id` = 2 ORDER BY `sort` ASC  [ RunTime:0.0004s ]
SQL: SELECT `number` FROM `sm_cart` WHERE `stall_id` = 31 AND `dishes_id` = 237 AND `member_list_id` = 130 LIMIT 1   [ RunTime:0.0004s ]
SQL: SELECT * FROM `sm_dishes` WHERE `stall` = 31 AND `state` = 1 AND `is_del` = 2 AND `dishes_cate_id` = 3 ORDER BY `sort` ASC  [ RunTime:0.0003s ]
SQL: SELECT * FROM `sm_dishes` WHERE `stall` = 31 AND `state` = 1 AND `is_del` = 2 AND `dishes_cate_id` = 4 ORDER BY `sort` ASC  [ RunTime:0.0004s ]
SQL: SELECT `number` FROM `sm_cart` WHERE `stall_id` = 31 AND `dishes_id` = 238 AND `member_list_id` = 130 LIMIT 1   [ RunTime:0.0003s ]
SQL: SELECT * FROM `sm_dishes` WHERE `stall` = 31 AND `state` = 1 AND `is_del` = 2 AND `dishes_cate_id` = 5 ORDER BY `sort` ASC  [ RunTime:0.0005s ]
SQL: SELECT * FROM `sm_dishes` WHERE `stall` = 31 AND `state` = 1 AND `is_del` = 2 AND `dishes_cate_id` = 6 ORDER BY `sort` ASC  [ RunTime:0.0004s ]
SQL: SELECT `is_perfect` FROM `sm_member_list` WHERE `member_list_id` = '130' AND `is_del` = 2 LIMIT 1   [ RunTime:0.0002s ]
SQL: SHOW COLUMNS FROM `sm_merchant` [ RunTime:0.0107s ]
SQL: SELECT * FROM `sm_merchant` WHERE `ma_id` = '1' LIMIT 1   [ RunTime:0.0008s ]
INFO: [ view_parse ] --START--
INFO: [ template_filter ] --START--
INFO: Run Behavior\ContentReplaceBehavior [ RunTime:0.000211s ]
INFO: [ template_filter ] --END-- [ RunTime:0.000257s ]
INFO: Run Behavior\ParseTemplateBehavior [ RunTime:0.109497s ]
INFO: [ view_parse ] --END-- [ RunTime:0.109568s ]
INFO: [ view_filter ] --START--
INFO: Run Behavior\WriteHtmlCacheBehavior [ RunTime:0.000660s ]
INFO: [ view_filter ] --END-- [ RunTime:0.000702s ]
INFO: [ app_end ] --START--
INFO: Run Behavior\ShowPageTraceBehavior [ RunTime:0.000867s ]
INFO: [ app_end ] --END-- [ RunTime:0.000913s ]

[ 2019-07-28T12:05:34+08:00 ] 123.151.76.158 /index.php?m=Home&c=Stall&a=evaluationList&stall_id=31
INFO: [ app_init ] --START--
INFO: Run Behavior\BuildLiteBehavior [ RunTime:0.000014s ]
INFO: [ app_init ] --END-- [ RunTime:0.000474s ]
INFO: [ app_begin ] --START--
INFO: Run Behavior\ReadHtmlCacheBehavior [ RunTime:0.000926s ]
INFO: [ app_begin ] --END-- [ RunTime:0.000970s ]
SQL: SHOW COLUMNS FROM `sm_orders` [ RunTime:0.0072s ]
SQL: SELECT `order_id`,`refund_time` FROM `sm_orders` WHERE `refund` = 1  [ RunTime:0.0336s ]
SQL: SHOW COLUMNS FROM `sm_member_list` [ RunTime:0.0079s ]
SQL: SELECT `is_open` FROM `sm_member_list` WHERE `member_list_id` = '130' LIMIT 1   [ RunTime:0.0003s ]
SQL: SELECT `is_del` FROM `sm_member_list` WHERE `member_list_id` = '130' LIMIT 1   [ RunTime:0.0003s ]
SQL: SELECT `order_id` FROM `sm_orders` WHERE `order_status` = 2 AND `refund` <> 1 AND ( `effect_time` >= 1564243200 AND `effect_time` <= 1564329599  )  [ RunTime:0.0005s ]
SQL: SHOW COLUMNS FROM `sm_order_goods` [ RunTime:0.0081s ]
SQL: SHOW COLUMNS FROM `sm_dishes` [ RunTime:0.0080s ]
SQL: SELECT `dishes_id`,`create_time`,`order_status`,`order_id`,`order_type` FROM `sm_orders` WHERE `order_status` = 1  [ RunTime:0.0005s ]
SQL: SHOW COLUMNS FROM `sm_integral_order` [ RunTime:0.0070s ]
SQL: SELECT * FROM `sm_integral_order` WHERE `status` = 2  [ RunTime:0.0006s ]
SQL: SELECT * FROM `sm_orders` WHERE `order_status` = 4 AND `deliver_type` = 1  [ RunTime:0.0004s ]
SQL: SHOW COLUMNS FROM `sm_stall` [ RunTime:0.0059s ]
SQL: SHOW COLUMNS FROM `sm_comment` [ RunTime:0.0090s ]
SQL: SHOW COLUMNS FROM `sm_comment` [ RunTime:0.0054s ]
SQL: SELECT COUNT(*) AS tp_count FROM sm_comment as a WHERE `stall_id` = '31' AND `is_del` = 2 LIMIT 1   [ RunTime:0.0006s ]
SQL: SELECT c.member_list_headpic,c.member_list_nickname,a.dish_score,a.service_score,a.addtime,a.image,a.content,a.order_id FROM sm_comment as a LEFT JOIN sm_orders as b on a.order_id = b.order_id LEFT JOIN sm_member_list as c on b.member_list_id = c.member_list_id  WHERE (  a.is_del = 2 OR a.member_list_id = '130' ) AND a.stall_id = '31' ORDER BY a.addtime DESC LIMIT 5   [ RunTime:0.0008s ]
SQL: SELECT * FROM `sm_order_goods` WHERE `order_id` = '8402'  [ RunTime:0.0003s ]
NOTIC: [8] Undefined offset: 1 D:\xampp\htdocs\app\Home\Controller\StallController.class.php 第 226 行.
SQL: SELECT * FROM `sm_order_goods` WHERE `order_id` = '8114'  [ RunTime:0.0003s ]
NOTIC: [8] Undefined offset: 1 D:\xampp\htdocs\app\Home\Controller\StallController.class.php 第 226 行.
SQL: SELECT * FROM `sm_order_goods` WHERE `order_id` = '8113'  [ RunTime:0.0002s ]
NOTIC: [8] Undefined offset: 1 D:\xampp\htdocs\app\Home\Controller\StallController.class.php 第 226 行.

[ 2019-07-28T12:05:34+08:00 ] 123.151.76.158 /index.php?m=Home&c=Stall&a=cart&stall_id=31
INFO: [ app_init ] --START--
INFO: Run Behavior\BuildLiteBehavior [ RunTime:0.000014s ]
INFO: [ app_init ] --END-- [ RunTime:0.000508s ]
INFO: [ app_begin ] --START--
INFO: Run Behavior\ReadHtmlCacheBehavior [ RunTime:0.000785s ]
INFO: [ app_begin ] --END-- [ RunTime:0.000827s ]
SQL: SHOW COLUMNS FROM `sm_orders` [ RunTime:0.0066s ]
SQL: SELECT `order_id`,`refund_time` FROM `sm_orders` WHERE `refund` = 1  [ RunTime:0.0043s ]
SQL: SHOW COLUMNS FROM `sm_member_list` [ RunTime:0.0056s ]
SQL: SELECT `is_open` FROM `sm_member_list` WHERE `member_list_id` = '130' LIMIT 1   [ RunTime:0.0003s ]
SQL: SELECT `is_del` FROM `sm_member_list` WHERE `member_list_id` = '130' LIMIT 1   [ RunTime:0.0002s ]
SQL: SELECT `order_id` FROM `sm_orders` WHERE `order_status` = 2 AND `refund` <> 1 AND ( `effect_time` >= 1564243200 AND `effect_time` <= 1564329599  )  [ RunTime:0.0003s ]
SQL: SHOW COLUMNS FROM `sm_order_goods` [ RunTime:0.0057s ]
SQL: SHOW COLUMNS FROM `sm_dishes` [ RunTime:0.0057s ]
SQL: SELECT `dishes_id`,`create_time`,`order_status`,`order_id`,`order_type` FROM `sm_orders` WHERE `order_status` = 1  [ RunTime:0.0003s ]
SQL: SHOW COLUMNS FROM `sm_integral_order` [ RunTime:0.0056s ]
SQL: SELECT * FROM `sm_integral_order` WHERE `status` = 2  [ RunTime:0.0006s ]
SQL: SELECT * FROM `sm_orders` WHERE `order_status` = 4 AND `deliver_type` = 1  [ RunTime:0.0004s ]
SQL: SHOW COLUMNS FROM `sm_stall` [ RunTime:0.0055s ]
SQL: SHOW COLUMNS FROM `sm_cart` [ RunTime:0.0053s ]
SQL: SELECT * FROM sm_cart as a LEFT JOIN sm_dishes as b on a.dishes_id = b.dishes_id  WHERE a.stall_id = '31' AND a.member_list_id = '130' ORDER BY a.addtime DESC  [ RunTime:0.0006s ]
SQL: SHOW COLUMNS FROM `sm_discount` [ RunTime:0.0054s ]
SQL: SELECT `discount` FROM `sm_discount` WHERE `ma_id` = '1' AND `start_time` <= '1205' AND `end_time` >= '1205' LIMIT 1   [ RunTime:0.0002s ]

[ 2019-07-28T12:05:35+08:00 ] 123.151.76.158 /index.php?m=Home&c=Stall&a=addCar&dishes_id=235&stall_id=31
INFO: [ app_init ] --START--
INFO: Run Behavior\BuildLiteBehavior [ RunTime:0.000014s ]
INFO: [ app_init ] --END-- [ RunTime:0.000454s ]
INFO: [ app_begin ] --START--
INFO: Run Behavior\ReadHtmlCacheBehavior [ RunTime:0.000588s ]
INFO: [ app_begin ] --END-- [ RunTime:0.000633s ]
SQL: SHOW COLUMNS FROM `sm_orders` [ RunTime:0.0139s ]
SQL: SELECT `order_id`,`refund_time` FROM `sm_orders` WHERE `refund` = 1  [ RunTime:0.0343s ]
SQL: SHOW COLUMNS FROM `sm_member_list` [ RunTime:0.0096s ]
SQL: SELECT `is_open` FROM `sm_member_list` WHERE `member_list_id` = '130' LIMIT 1   [ RunTime:0.0003s ]
SQL: SELECT `is_del` FROM `sm_member_list` WHERE `member_list_id` = '130' LIMIT 1   [ RunTime:0.0003s ]
SQL: SELECT `order_id` FROM `sm_orders` WHERE `order_status` = 2 AND `refund` <> 1 AND ( `effect_time` >= 1564243200 AND `effect_time` <= 1564329599  )  [ RunTime:0.0004s ]
SQL: SHOW COLUMNS FROM `sm_order_goods` [ RunTime:0.0083s ]
SQL: SHOW COLUMNS FROM `sm_dishes` [ RunTime:0.0080s ]
SQL: SELECT `dishes_id`,`create_time`,`order_status`,`order_id`,`order_type` FROM `sm_orders` WHERE `order_status` = 1  [ RunTime:0.0003s ]
SQL: SHOW COLUMNS FROM `sm_integral_order` [ RunTime:0.0056s ]
SQL: SELECT * FROM `sm_integral_order` WHERE `status` = 2  [ RunTime:0.0007s ]
SQL: SELECT * FROM `sm_orders` WHERE `order_status` = 4 AND `deliver_type` = 1  [ RunTime:0.0004s ]
SQL: SHOW COLUMNS FROM `sm_stall` [ RunTime:0.0085s ]
SQL: SHOW COLUMNS FROM `sm_cart` [ RunTime:0.0078s ]
SQL: INSERT INTO `sm_cart` (`member_list_id`,`stall_id`,`dishes_id`,`number`,`addtime`) VALUES ('130','31','235','1','1564286735') [ RunTime:0.0059s ]

[ 2019-07-28T12:05:35+08:00 ] 123.151.76.158 /index.php?m=Home&c=Stall&a=cart&stall_id=31
INFO: [ app_init ] --START--
INFO: Run Behavior\BuildLiteBehavior [ RunTime:0.000014s ]
INFO: [ app_init ] --END-- [ RunTime:0.000462s ]
INFO: [ app_begin ] --START--
INFO: Run Behavior\ReadHtmlCacheBehavior [ RunTime:0.000577s ]
INFO: [ app_begin ] --END-- [ RunTime:0.000625s ]
SQL: SHOW COLUMNS FROM `sm_orders` [ RunTime:0.0073s ]
SQL: SELECT `order_id`,`refund_time` FROM `sm_orders` WHERE `refund` = 1  [ RunTime:0.0044s ]
SQL: SHOW COLUMNS FROM `sm_member_list` [ RunTime:0.0063s ]
SQL: SELECT `is_open` FROM `sm_member_list` WHERE `member_list_id` = '130' LIMIT 1   [ RunTime:0.0003s ]
SQL: SELECT `is_del` FROM `sm_member_list` WHERE `member_list_id` = '130' LIMIT 1   [ RunTime:0.0002s ]
SQL: SELECT `order_id` FROM `sm_orders` WHERE `order_status` = 2 AND `refund` <> 1 AND ( `effect_time` >= 1564243200 AND `effect_time` <= 1564329599  )  [ RunTime:0.0004s ]
SQL: SHOW COLUMNS FROM `sm_order_goods` [ RunTime:0.0054s ]
SQL: SHOW COLUMNS FROM `sm_dishes` [ RunTime:0.0054s ]
SQL: SELECT `dishes_id`,`create_time`,`order_status`,`order_id`,`order_type` FROM `sm_orders` WHERE `order_status` = 1  [ RunTime:0.0003s ]
SQL: SHOW COLUMNS FROM `sm_integral_order` [ RunTime:0.0054s ]
SQL: SELECT * FROM `sm_integral_order` WHERE `status` = 2  [ RunTime:0.0006s ]
SQL: SELECT * FROM `sm_orders` WHERE `order_status` = 4 AND `deliver_type` = 1  [ RunTime:0.0004s ]
SQL: SHOW COLUMNS FROM `sm_stall` [ RunTime:0.0054s ]
SQL: SHOW COLUMNS FROM `sm_cart` [ RunTime:0.0054s ]
SQL: SELECT * FROM sm_cart as a LEFT JOIN sm_dishes as b on a.dishes_id = b.dishes_id  WHERE a.stall_id = '31' AND a.member_list_id = '130' ORDER BY a.addtime DESC  [ RunTime:0.0007s ]
SQL: SHOW COLUMNS FROM `sm_discount` [ RunTime:0.0059s ]
SQL: SELECT `discount` FROM `sm_discount` WHERE `ma_id` = '1' AND `start_time` <= '1205' AND `end_time` >= '1205' LIMIT 1   [ RunTime:0.0002s ]

[ 2019-07-28T12:05:37+08:00 ] 123.151.76.158 /index.php?m=Home&c=Stall&a=confirmOrder&stall_id=31&all=200
INFO: [ app_init ] --START--
INFO: Run Behavior\BuildLiteBehavior [ RunTime:0.000013s ]
INFO: [ app_init ] --END-- [ RunTime:0.000456s ]
INFO: [ app_begin ] --START--
INFO: Run Behavior\ReadHtmlCacheBehavior [ RunTime:0.000629s ]
INFO: [ app_begin ] --END-- [ RunTime:0.000680s ]
SQL: SHOW COLUMNS FROM `sm_orders` [ RunTime:0.0143s ]
SQL: SELECT `order_id`,`refund_time` FROM `sm_orders` WHERE `refund` = 1  [ RunTime:0.0181s ]
SQL: SHOW COLUMNS FROM `sm_member_list` [ RunTime:0.0118s ]
SQL: SELECT `is_open` FROM `sm_member_list` WHERE `member_list_id` = '130' LIMIT 1   [ RunTime:0.0003s ]
SQL: SELECT `is_del` FROM `sm_member_list` WHERE `member_list_id` = '130' LIMIT 1   [ RunTime:0.0002s ]
SQL: SELECT `order_id` FROM `sm_orders` WHERE `order_status` = 2 AND `refund` <> 1 AND ( `effect_time` >= 1564243200 AND `effect_time` <= 1564329599  )  [ RunTime:0.0003s ]
SQL: SHOW COLUMNS FROM `sm_order_goods` [ RunTime:0.0082s ]
SQL: SHOW COLUMNS FROM `sm_dishes` [ RunTime:0.0081s ]
SQL: SELECT `dishes_id`,`create_time`,`order_status`,`order_id`,`order_type` FROM `sm_orders` WHERE `order_status` = 1  [ RunTime:0.0003s ]
SQL: SHOW COLUMNS FROM `sm_integral_order` [ RunTime:0.0054s ]
SQL: SELECT * FROM `sm_integral_order` WHERE `status` = 2  [ RunTime:0.0006s ]
SQL: SELECT * FROM `sm_orders` WHERE `order_status` = 4 AND `deliver_type` = 1  [ RunTime:0.0004s ]
SQL: SHOW COLUMNS FROM `sm_stall` [ RunTime:0.0083s ]
SQL: SHOW COLUMNS FROM `sm_merchant` [ RunTime:0.0082s ]
SQL: SELECT * FROM `sm_merchant` WHERE `ma_id` = '1' LIMIT 1   [ RunTime:0.0005s ]
SQL: SHOW COLUMNS FROM `sm_stall` [ RunTime:0.0054s ]
SQL: SELECT * FROM sm_stall as a LEFT JOIN sm_merchant as b on a.ma_id = b.ma_id  WHERE `stall_id` = '31' LIMIT 1   [ RunTime:0.0004s ]
SQL: SHOW COLUMNS FROM `sm_cart` [ RunTime:0.0078s ]
SQL: SELECT * FROM sm_cart as a LEFT JOIN sm_dishes as b on a.dishes_id = b.dishes_id  WHERE `member_list_id` = '130' AND `stall_id` = '31' ORDER BY a.addtime DESC  [ RunTime:0.0006s ]
SQL: SHOW COLUMNS FROM `sm_discount` [ RunTime:0.0052s ]
SQL: SELECT `discount` FROM `sm_discount` WHERE `ma_id` = '1' AND `start_time` <= '1205' AND `end_time` >= '1205' LIMIT 1   [ RunTime:0.0002s ]
NOTIC: [8] Undefined index: allmoney D:\xampp\htdocs\app\Home\Controller\StallController.class.php 第 616 行.
NOTIC: [8] Undefined index: allmoneys D:\xampp\htdocs\app\Home\Controller\StallController.class.php 第 618 行.
SQL: SHOW COLUMNS FROM `sm_sysconfig` [ RunTime:0.0081s ]
SQL: SELECT `value` FROM `sm_sysconfig` WHERE `varname` = 'cfg_integral' LIMIT 1   [ RunTime:0.0002s ]
SQL: SELECT * FROM `sm_member_list` WHERE `member_list_id` = '130' AND `is_del` = 2 LIMIT 1   [ RunTime:0.0003s ]
SQL: SELECT `status` FROM `sm_merchant` WHERE `ma_id` = '1' LIMIT 1   [ RunTime:0.0002s ]
SQL: SHOW COLUMNS FROM `sm_member_address` [ RunTime:0.0078s ]
SQL: SELECT a.*,ROUND(6378.138*2*ASIN(SQRT(POW(SIN((36.46237*PI()/180-a.latitude*PI()/180)/2),2)+COS(27.237843*PI()/180)*COS(a.latitude*PI()/180)*POW(SIN((114.44939*PI()/180-a.longitude*PI()/180)/2),2)))*1000) AS juli FROM sm_member_address as a WHERE a.member_list_id = '130' AND a.is_del = 2 ORDER BY `juli` asc LIMIT 1   [ RunTime:0.0004s ]
SQL: SELECT `stature`,`weight` FROM `sm_member_list` WHERE `member_list_id` = '130' AND `is_del` = 2 LIMIT 1   [ RunTime:0.0002s ]
INFO: [ view_parse ] --START--
INFO: [ template_filter ] --START--
INFO: Run Behavior\ContentReplaceBehavior [ RunTime:0.000145s ]
INFO: [ template_filter ] --END-- [ RunTime:0.000204s ]
NOTIC: [8] Undefined variable: address_id D:\xampp\htdocs\data\runtime\Cache\Home\c435d11fa2e58fe656ecf4a87721bf31.php 第 29 行.
NOTIC: [8] Undefined variable: address_id D:\xampp\htdocs\data\runtime\Cache\Home\c435d11fa2e58fe656ecf4a87721bf31.php 第 117 行.
NOTIC: [8] Array to string conversion D:\xampp\htdocs\data\runtime\Cache\Home\c435d11fa2e58fe656ecf4a87721bf31.php 第 165 行.
NOTIC: [8] Undefined variable: address_id D:\xampp\htdocs\data\runtime\Cache\Home\c435d11fa2e58fe656ecf4a87721bf31.php 第 215 行.
INFO: Run Behavior\ParseTemplateBehavior [ RunTime:0.079418s ]
INFO: [ view_parse ] --END-- [ RunTime:0.079466s ]
INFO: [ view_filter ] --START--
INFO: Run Behavior\WriteHtmlCacheBehavior [ RunTime:0.000672s ]
INFO: [ view_filter ] --END-- [ RunTime:0.000716s ]
INFO: [ app_end ] --START--
INFO: Run Behavior\ShowPageTraceBehavior [ RunTime:0.000804s ]
INFO: [ app_end ] --END-- [ RunTime:0.000853s ]

[ 2019-07-28T12:05:39+08:00 ] 123.151.76.158 /index.php?m=Home&c=Stall&a=confirmOrder
INFO: [ app_init ] --START--
INFO: Run Behavior\BuildLiteBehavior [ RunTime:0.000014s ]
INFO: [ app_init ] --END-- [ RunTime:0.000459s ]
INFO: [ app_begin ] --START--
INFO: Run Behavior\ReadHtmlCacheBehavior [ RunTime:0.000570s ]
INFO: [ app_begin ] --END-- [ RunTime:0.000618s ]
SQL: SHOW COLUMNS FROM `sm_orders` [ RunTime:0.0137s ]
SQL: SELECT `order_id`,`refund_time` FROM `sm_orders` WHERE `refund` = 1  [ RunTime:0.0137s ]
SQL: SHOW COLUMNS FROM `sm_member_list` [ RunTime:0.0084s ]
SQL: SELECT `is_open` FROM `sm_member_list` WHERE `member_list_id` = '130' LIMIT 1   [ RunTime:0.0003s ]
SQL: SELECT `is_del` FROM `sm_member_list` WHERE `member_list_id` = '130' LIMIT 1   [ RunTime:0.0002s ]
SQL: SELECT `order_id` FROM `sm_orders` WHERE `order_status` = 2 AND `refund` <> 1 AND ( `effect_time` >= 1564243200 AND `effect_time` <= 1564329599  )  [ RunTime:0.0003s ]
SQL: SHOW COLUMNS FROM `sm_order_goods` [ RunTime:0.0080s ]
SQL: SHOW COLUMNS FROM `sm_dishes` [ RunTime:0.0076s ]
SQL: SELECT `dishes_id`,`create_time`,`order_status`,`order_id`,`order_type` FROM `sm_orders` WHERE `order_status` = 1  [ RunTime:0.0003s ]
SQL: SHOW COLUMNS FROM `sm_integral_order` [ RunTime:0.0054s ]
SQL: SELECT * FROM `sm_integral_order` WHERE `status` = 2  [ RunTime:0.0006s ]
SQL: SELECT * FROM `sm_orders` WHERE `order_status` = 4 AND `deliver_type` = 1  [ RunTime:0.0004s ]
SQL: SHOW COLUMNS FROM `sm_stall` [ RunTime:0.0075s ]
SQL: SHOW COLUMNS FROM `sm_cart` [ RunTime:0.0079s ]
SQL: SELECT * FROM `sm_cart` WHERE `stall_id` = 31 AND `member_list_id` = 130  [ RunTime:0.0004s ]
SQL: SELECT * FROM `sm_dishes` WHERE `dishes_id` = '235' LIMIT 1   [ RunTime:0.0003s ]
SQL: SHOW COLUMNS FROM `sm_merchant` [ RunTime:0.0080s ]
SQL: SELECT `status` FROM `sm_merchant` WHERE `ma_id` = '1' LIMIT 1   [ RunTime:0.0002s ]
SQL: SELECT `telphone` FROM `sm_member_list` WHERE `member_list_id` = '130' LIMIT 1   [ RunTime:0.0002s ]
SQL: INSERT INTO `sm_orders` (`order_no`,`member_list_id`,`ma_id`,`stall_id`,`deliver_type`,`stall_address`,`stall_tel`,`telphone`,`total_money`,`express_time`,`discount`,`real_money`,`integral`,`order_note`,`create_time`) VALUES ('299320190728120539','130','1','31','2','时光餐厅 技师学院餐厅二楼','18310551125','18931099150','0.01','1564287639','9.0','0.01','0','','1564286739') [ RunTime:0.0083s ]
SQL: SELECT * FROM `sm_order_goods` AS a left join sm_orders as b on a.order_id = b.order_id  WHERE a.meal_code = 97868 AND b.ma_id = '1' AND b.order_status < 5 AND b.order_type = 1 LIMIT 1   [ RunTime:0.0186s ]
SQL: UPDATE `sm_dishes` SET `num`=num-1 WHERE `dishes_id` = '235' [ RunTime:0.0083s ]
SQL: SELECT * FROM `sm_dishes` WHERE `dishes_id` = '235' LIMIT 1   [ RunTime:0.0003s ]
SQL: INSERT INTO `sm_order_goods` (`order_id`,`dishes_id`,`dishes_nums`,`dishes_price`,`discount_price`,`meal_code`,`addtime`,`dishes_name`,`pic_url`) VALUES ('8452','235','1','0.01','0.009','97868','1564286739','凉皮','/data/upload/2019-07-20/5d32b23f1f5ec.jpg') [ RunTime:0.0003s ]
SQL: DELETE FROM `sm_cart` WHERE `stall_id` = 31 AND `member_list_id` = 130 [ RunTime:0.0034s ]

[ 2019-07-28T12:05:40+08:00 ] 123.151.76.158 /index.php?m=Home&c=Stall&a=payNow&order_id=8452
INFO: [ app_init ] --START--
INFO: Run Behavior\BuildLiteBehavior [ RunTime:0.000017s ]
INFO: [ app_init ] --END-- [ RunTime:0.000461s ]
INFO: [ app_begin ] --START--
INFO: Run Behavior\ReadHtmlCacheBehavior [ RunTime:0.000599s ]
INFO: [ app_begin ] --END-- [ RunTime:0.000650s ]
SQL: SHOW COLUMNS FROM `sm_orders` [ RunTime:0.0077s ]
SQL: SELECT `order_id`,`refund_time` FROM `sm_orders` WHERE `refund` = 1  [ RunTime:0.0041s ]
SQL: SHOW COLUMNS FROM `sm_member_list` [ RunTime:0.0060s ]
SQL: SELECT `is_open` FROM `sm_member_list` WHERE `member_list_id` = '130' LIMIT 1   [ RunTime:0.0003s ]
SQL: SELECT `is_del` FROM `sm_member_list` WHERE `member_list_id` = '130' LIMIT 1   [ RunTime:0.0002s ]
SQL: SELECT `order_id` FROM `sm_orders` WHERE `order_status` = 2 AND `refund` <> 1 AND ( `effect_time` >= 1564243200 AND `effect_time` <= 1564329599  )  [ RunTime:0.0003s ]
SQL: SHOW COLUMNS FROM `sm_order_goods` [ RunTime:0.0054s ]
SQL: SHOW COLUMNS FROM `sm_dishes` [ RunTime:0.0060s ]
SQL: SELECT `dishes_id`,`create_time`,`order_status`,`order_id`,`order_type` FROM `sm_orders` WHERE `order_status` = 1  [ RunTime:0.0003s ]
SQL: SHOW COLUMNS FROM `sm_integral_order` [ RunTime:0.0055s ]
SQL: SELECT * FROM `sm_integral_order` WHERE `status` = 2  [ RunTime:0.0006s ]
SQL: SELECT * FROM `sm_orders` WHERE `order_status` = 4 AND `deliver_type` = 1  [ RunTime:0.0004s ]
SQL: SHOW COLUMNS FROM `sm_stall` [ RunTime:0.0058s ]
SQL: SELECT * FROM `sm_orders` WHERE `order_id` = '8452' LIMIT 1   [ RunTime:0.0004s ]
SQL: SHOW COLUMNS FROM `sm_merchant` [ RunTime:0.0057s ]
SQL: SELECT * FROM `sm_merchant` WHERE `ma_id` = '1' LIMIT 1   [ RunTime:0.0004s ]
SQL: SELECT `openid` FROM `sm_member_list` WHERE `member_list_id` = '130' LIMIT 1   [ RunTime:0.0002s ]
NOTIC: [2] curl_close(): 36 is not a valid cURL handle resource D:\xampp\htdocs\ThinkPHP\Library\Vendor\Pay\Wxpay\WxPayPubHelper.php 第 214 行.
INFO: [ view_parse ] --START--
INFO: [ template_filter ] --START--
INFO: Run Behavior\ContentReplaceBehavior [ RunTime:0.000069s ]
INFO: [ template_filter ] --END-- [ RunTime:0.000125s ]
INFO: Run Behavior\ParseTemplateBehavior [ RunTime:0.040742s ]
INFO: [ view_parse ] --END-- [ RunTime:0.040823s ]
INFO: [ view_filter ] --START--
INFO: Run Behavior\WriteHtmlCacheBehavior [ RunTime:0.000758s ]
INFO: [ view_filter ] --END-- [ RunTime:0.000804s ]
INFO: [ app_end ] --START--
INFO: Run Behavior\ShowPageTraceBehavior [ RunTime:0.000874s ]
INFO: [ app_end ] --END-- [ RunTime:0.000918s ]

[ 2019-07-28T12:05:49+08:00 ] 123.151.76.158 /index.php?m=Home&c=Myorder&a=index
INFO: [ app_init ] --START--
INFO: Run Behavior\BuildLiteBehavior [ RunTime:0.000014s ]
INFO: [ app_init ] --END-- [ RunTime:0.000469s ]
INFO: [ app_begin ] --START--
INFO: Run Behavior\ReadHtmlCacheBehavior [ RunTime:0.000746s ]
INFO: [ app_begin ] --END-- [ RunTime:0.000798s ]
SQL: SHOW COLUMNS FROM `sm_orders` [ RunTime:0.0132s ]
SQL: SELECT `order_id`,`refund_time` FROM `sm_orders` WHERE `refund` = 1  [ RunTime:0.0341s ]
SQL: SHOW COLUMNS FROM `sm_member_list` [ RunTime:0.0088s ]
SQL: SELECT `is_open` FROM `sm_member_list` WHERE `member_list_id` = '130' LIMIT 1   [ RunTime:0.0003s ]
SQL: SELECT `is_del` FROM `sm_member_list` WHERE `member_list_id` = '130' LIMIT 1   [ RunTime:0.0002s ]
SQL: SELECT `order_id` FROM `sm_orders` WHERE `order_status` = 2 AND `refund` <> 1 AND ( `effect_time` >= 1564243200 AND `effect_time` <= 1564329599  )  [ RunTime:0.0003s ]
SQL: SHOW COLUMNS FROM `sm_order_goods` [ RunTime:0.0079s ]
SQL: SHOW COLUMNS FROM `sm_dishes` [ RunTime:0.0079s ]
SQL: SELECT `dishes_id`,`create_time`,`order_status`,`order_id`,`order_type` FROM `sm_orders` WHERE `order_status` = 1  [ RunTime:0.0003s ]
SQL: SHOW COLUMNS FROM `sm_integral_order` [ RunTime:0.0103s ]
SQL: SELECT * FROM `sm_integral_order` WHERE `status` = 2  [ RunTime:0.0006s ]
SQL: SELECT * FROM `sm_orders` WHERE `order_status` = 4 AND `deliver_type` = 1  [ RunTime:0.0004s ]
SQL: SHOW COLUMNS FROM `sm_stall` [ RunTime:0.0076s ]
SQL: SELECT `order_id`,`dishes_id`,`create_time`,`order_type`,`refund` FROM `sm_orders` WHERE `order_status` = 1 AND `member_list_id` = '130'  [ RunTime:0.0003s ]
SQL: SELECT a.order_id,a.order_status,a.real_money,a.deliver_type,a.order_type,b.image,b.stall_name,a.refund FROM `sm_orders` AS a LEFT JOIN sm_stall AS b ON a.stall_id = b.stall_id  WHERE `member_list_id` = '130' ORDER BY a.create_time desc  [ RunTime:0.0060s ]
SQL: SELECT `id`,`dishes_name`,`dishes_nums`,`discount_price`,`dishes_price` FROM `sm_order_goods` WHERE `order_id` = '8452' ORDER BY `id` asc  [ RunTime:0.0003s ]
SQL: SELECT `id`,`dishes_name`,`dishes_nums`,`discount_price`,`dishes_price` FROM `sm_order_goods` WHERE `order_id` = '8450' ORDER BY `id` asc  [ RunTime:0.0004s ]
SQL: SELECT `id`,`dishes_name`,`dishes_nums`,`discount_price`,`dishes_price` FROM `sm_order_goods` WHERE `order_id` = '8449' ORDER BY `id` asc  [ RunTime:0.0003s ]
SQL: SELECT `id`,`dishes_name`,`dishes_nums`,`discount_price`,`dishes_price` FROM `sm_order_goods` WHERE `order_id` = '8376' ORDER BY `id` asc  [ RunTime:0.0003s ]
SQL: SELECT `id`,`dishes_name`,`dishes_nums`,`discount_price`,`dishes_price` FROM `sm_order_goods` WHERE `order_id` = '8374' ORDER BY `id` asc  [ RunTime:0.0003s ]
SQL: SELECT `id`,`dishes_name`,`dishes_nums`,`discount_price`,`dishes_price` FROM `sm_order_goods` WHERE `order_id` = '8371' ORDER BY `id` asc  [ RunTime:0.0002s ]
SQL: SELECT `id`,`dishes_name`,`dishes_nums`,`discount_price`,`dishes_price` FROM `sm_order_goods` WHERE `order_id` = '8211' ORDER BY `id` asc  [ RunTime:0.0002s ]
SQL: SELECT `id`,`dishes_name`,`dishes_nums`,`discount_price`,`dishes_price` FROM `sm_order_goods` WHERE `order_id` = '8209' ORDER BY `id` asc  [ RunTime:0.0002s ]
SQL: SELECT `id`,`dishes_name`,`dishes_nums`,`discount_price`,`dishes_price` FROM `sm_order_goods` WHERE `order_id` = '8208' ORDER BY `id` asc  [ RunTime:0.0002s ]
SQL: SELECT `id`,`dishes_name`,`dishes_nums`,`discount_price`,`dishes_price` FROM `sm_order_goods` WHERE `order_id` = '8206' ORDER BY `id` asc  [ RunTime:0.0002s ]
SQL: SELECT `id`,`dishes_name`,`dishes_nums`,`discount_price`,`dishes_price` FROM `sm_order_goods` WHERE `order_id` = '8052' ORDER BY `id` asc  [ RunTime:0.0002s ]
SQL: SELECT `id`,`dishes_name`,`dishes_nums`,`discount_price`,`dishes_price` FROM `sm_order_goods` WHERE `order_id` = '8050' ORDER BY `id` asc  [ RunTime:0.0002s ]
SQL: SELECT `id`,`dishes_name`,`dishes_nums`,`discount_price`,`dishes_price` FROM `sm_order_goods` WHERE `order_id` = '8048' ORDER BY `id` asc  [ RunTime:0.0002s ]
SQL: SELECT `id`,`dishes_name`,`dishes_nums`,`discount_price`,`dishes_price` FROM `sm_order_goods` WHERE `order_id` = '8046' ORDER BY `id` asc  [ RunTime:0.0002s ]
SQL: SELECT `id`,`dishes_name`,`dishes_nums`,`discount_price`,`dishes_price` FROM `sm_order_goods` WHERE `order_id` = '7980' ORDER BY `id` asc  [ RunTime:0.0003s ]
SQL: SELECT `id`,`dishes_name`,`dishes_nums`,`discount_price`,`dishes_price` FROM `sm_order_goods` WHERE `order_id` = '7979' ORDER BY `id` asc  [ RunTime:0.0003s ]
SQL: SELECT `id`,`dishes_name`,`dishes_nums`,`discount_price`,`dishes_price` FROM `sm_order_goods` WHERE `order_id` = '7977' ORDER BY `id` asc  [ RunTime:0.0003s ]
SQL: SELECT `id`,`dishes_name`,`dishes_nums`,`discount_price`,`dishes_price` FROM `sm_order_goods` WHERE `order_id` = '3337' ORDER BY `id` asc  [ RunTime:0.0002s ]
SQL: SELECT `id`,`dishes_name`,`dishes_nums`,`discount_price`,`dishes_price` FROM `sm_order_goods` WHERE `order_id` = '3336' ORDER BY `id` asc  [ RunTime:0.0002s ]
SQL: SELECT `id`,`dishes_name`,`dishes_nums`,`discount_price`,`dishes_price` FROM `sm_order_goods` WHERE `order_id` = '3335' ORDER BY `id` asc  [ RunTime:0.0003s ]
SQL: SELECT `id`,`dishes_name`,`dishes_nums`,`discount_price`,`dishes_price` FROM `sm_order_goods` WHERE `order_id` = '3334' ORDER BY `id` asc  [ RunTime:0.0003s ]
SQL: SELECT `id`,`dishes_name`,`dishes_nums`,`discount_price`,`dishes_price` FROM `sm_order_goods` WHERE `order_id` = '3333' ORDER BY `id` asc  [ RunTime:0.0002s ]
SQL: SELECT `id`,`dishes_name`,`dishes_nums`,`discount_price`,`dishes_price` FROM `sm_order_goods` WHERE `order_id` = '3331' ORDER BY `id` asc  [ RunTime:0.0002s ]
SQL: SELECT `id`,`dishes_name`,`dishes_nums`,`discount_price`,`dishes_price` FROM `sm_order_goods` WHERE `order_id` = '3329' ORDER BY `id` asc  [ RunTime:0.0002s ]
SQL: SELECT `id`,`dishes_name`,`dishes_nums`,`discount_price`,`dishes_price` FROM `sm_order_goods` WHERE `order_id` = '3328' ORDER BY `id` asc  [ RunTime:0.0003s ]
SQL: SELECT `id`,`dishes_name`,`dishes_nums`,`discount_price`,`dishes_price` FROM `sm_order_goods` WHERE `order_id` = '2140' ORDER BY `id` asc  [ RunTime:0.0003s ]
SQL: SHOW COLUMNS FROM `sm_merchant` [ RunTime:0.0081s ]
SQL: SELECT * FROM `sm_merchant` WHERE `ma_id` = '1' LIMIT 1   [ RunTime:0.0004s ]
SQL: SELECT `status` FROM `sm_member_list` WHERE `member_list_id` = '130' LIMIT 1   [ RunTime:0.0002s ]
INFO: [ view_parse ] --START--
INFO: [ template_filter ] --START--
INFO: Run Behavior\ContentReplaceBehavior [ RunTime:0.000195s ]
INFO: [ template_filter ] --END-- [ RunTime:0.000237s ]
NOTIC: [8] Use of undefined constant order_id - assumed 'order_id' D:\xampp\htdocs\data\runtime\Cache\Home\66dafc325cba483d7f69604b8586a1ae.php 第 38 行.
NOTIC: [8] Use of undefined constant order_id - assumed 'order_id' D:\xampp\htdocs\data\runtime\Cache\Home\66dafc325cba483d7f69604b8586a1ae.php 第 38 行.
NOTIC: [8] Use of undefined constant order_id - assumed 'order_id' D:\xampp\htdocs\data\runtime\Cache\Home\66dafc325cba483d7f69604b8586a1ae.php 第 38 行.
NOTIC: [8] Use of undefined constant order_id - assumed 'order_id' D:\xampp\htdocs\data\runtime\Cache\Home\66dafc325cba483d7f69604b8586a1ae.php 第 38 行.
NOTIC: [8] Use of undefined constant order_id - assumed 'order_id' D:\xampp\htdocs\data\runtime\Cache\Home\66dafc325cba483d7f69604b8586a1ae.php 第 38 行.
NOTIC: [8] Use of undefined constant order_id - assumed 'order_id' D:\xampp\htdocs\data\runtime\Cache\Home\66dafc325cba483d7f69604b8586a1ae.php 第 38 行.
NOTIC: [8] Use of undefined constant order_id - assumed 'order_id' D:\xampp\htdocs\data\runtime\Cache\Home\66dafc325cba483d7f69604b8586a1ae.php 第 38 行.
NOTIC: [8] Use of undefined constant order_id - assumed 'order_id' D:\xampp\htdocs\data\runtime\Cache\Home\66dafc325cba483d7f69604b8586a1ae.php 第 38 行.
NOTIC: [8] Use of undefined constant order_id - assumed 'order_id' D:\xampp\htdocs\data\runtime\Cache\Home\66dafc325cba483d7f69604b8586a1ae.php 第 38 行.
NOTIC: [8] Use of undefined constant order_id - assumed 'order_id' D:\xampp\htdocs\data\runtime\Cache\Home\66dafc325cba483d7f69604b8586a1ae.php 第 38 行.
NOTIC: [8] Use of undefined constant order_id - assumed 'order_id' D:\xampp\htdocs\data\runtime\Cache\Home\66dafc325cba483d7f69604b8586a1ae.php 第 38 行.
NOTIC: [8] Use of undefined constant order_id - assumed 'order_id' D:\xampp\htdocs\data\runtime\Cache\Home\66dafc325cba483d7f69604b8586a1ae.php 第 38 行.
NOTIC: [8] Use of undefined constant order_id - assumed 'order_id' D:\xampp\htdocs\data\runtime\Cache\Home\66dafc325cba483d7f69604b8586a1ae.php 第 38 行.
NOTIC: [8] Use of undefined constant order_id - assumed 'order_id' D:\xampp\htdocs\data\runtime\Cache\Home\66dafc325cba483d7f69604b8586a1ae.php 第 38 行.
NOTIC: [8] Use of undefined constant order_id - assumed 'order_id' D:\xampp\htdocs\data\runtime\Cache\Home\66dafc325cba483d7f69604b8586a1ae.php 第 38 行.
NOTIC: [8] Use of undefined constant order_id - assumed 'order_id' D:\xampp\htdocs\data\runtime\Cache\Home\66dafc325cba483d7f69604b8586a1ae.php 第 38 行.
NOTIC: [8] Use of undefined constant order_id - assumed 'order_id' D:\xampp\htdocs\data\runtime\Cache\Home\66dafc325cba483d7f69604b8586a1ae.php 第 38 行.
NOTIC: [8] Use of undefined constant order_id - assumed 'order_id' D:\xampp\htdocs\data\runtime\Cache\Home\66dafc325cba483d7f69604b8586a1ae.php 第 38 行.
NOTIC: [8] Use of undefined constant order_id - assumed 'order_id' D:\xampp\htdocs\data\runtime\Cache\Home\66dafc325cba483d7f69604b8586a1ae.php 第 38 行.
NOTIC: [8] Use of undefined constant order_id - assumed 'order_id' D:\xampp\htdocs\data\runtime\Cache\Home\66dafc325cba483d7f69604b8586a1ae.php 第 38 行.
NOTIC: [8] Use of undefined constant order_id - assumed 'order_id' D:\xampp\htdocs\data\runtime\Cache\Home\66dafc325cba483d7f69604b8586a1ae.php 第 38 行.
NOTIC: [8] Use of undefined constant order_id - assumed 'order_id' D:\xampp\htdocs\data\runtime\Cache\Home\66dafc325cba483d7f69604b8586a1ae.php 第 38 行.
NOTIC: [8] Use of undefined constant order_id - assumed 'order_id' D:\xampp\htdocs\data\runtime\Cache\Home\66dafc325cba483d7f69604b8586a1ae.php 第 38 行.
NOTIC: [8] Use of undefined constant order_id - assumed 'order_id' D:\xampp\htdocs\data\runtime\Cache\Home\66dafc325cba483d7f69604b8586a1ae.php 第 38 行.
NOTIC: [8] Use of undefined constant order_id - assumed 'order_id' D:\xampp\htdocs\data\runtime\Cache\Home\66dafc325cba483d7f69604b8586a1ae.php 第 38 行.
NOTIC: [8] Use of undefined constant order_id - assumed 'order_id' D:\xampp\htdocs\data\runtime\Cache\Home\66dafc325cba483d7f69604b8586a1ae.php 第 38 行.
INFO: Run Behavior\ParseTemplateBehavior [ RunTime:0.128174s ]
INFO: [ view_parse ] --END-- [ RunTime:0.128228s ]
INFO: [ view_filter ] --START--
INFO: Run Behavior\WriteHtmlCacheBehavior [ RunTime:0.000688s ]
INFO: [ view_filter ] --END-- [ RunTime:0.000733s ]
INFO: [ app_end ] --START--
INFO: Run Behavior\ShowPageTraceBehavior [ RunTime:0.000761s ]
INFO: [ app_end ] --END-- [ RunTime:0.000825s ]

[ 2019-07-28T12:06:31+08:00 ] 61.151.178.177 /index.php?m=Home&c=Drink&a=index&ma_id=1
INFO: [ app_init ] --START--
INFO: Run Behavior\BuildLiteBehavior [ RunTime:0.000013s ]
INFO: [ app_init ] --END-- [ RunTime:0.000447s ]
INFO: [ app_begin ] --START--
INFO: Run Behavior\ReadHtmlCacheBehavior [ RunTime:0.000583s ]
INFO: [ app_begin ] --END-- [ RunTime:0.000639s ]
SQL: SHOW COLUMNS FROM `sm_orders` [ RunTime:0.0134s ]
SQL: SELECT `order_id`,`refund_time` FROM `sm_orders` WHERE `refund` = 1  [ RunTime:0.0097s ]

[ 2019-07-28T12:06:39+08:00 ] 61.151.178.197 /index.php?m=Home&c=Stall&a=payNow&order_id=8452
INFO: [ app_init ] --START--
INFO: Run Behavior\BuildLiteBehavior [ RunTime:0.000014s ]
INFO: [ app_init ] --END-- [ RunTime:0.000465s ]
INFO: [ app_begin ] --START--
INFO: Run Behavior\ReadHtmlCacheBehavior [ RunTime:0.000660s ]
INFO: [ app_begin ] --END-- [ RunTime:0.000712s ]
SQL: SHOW COLUMNS FROM `sm_orders` [ RunTime:0.0137s ]
SQL: SELECT `order_id`,`refund_time` FROM `sm_orders` WHERE `refund` = 1  [ RunTime:0.0123s ]

[ 2019-07-28T12:06:42+08:00 ] 61.151.178.177 /index.php?m=Home&c=Stall&a=confirmOrder&stall_id=31&all=200
INFO: [ app_init ] --START--
INFO: Run Behavior\BuildLiteBehavior [ RunTime:0.000015s ]
INFO: [ app_init ] --END-- [ RunTime:0.000558s ]
INFO: [ app_begin ] --START--
INFO: Run Behavior\ReadHtmlCacheBehavior [ RunTime:0.000825s ]
INFO: [ app_begin ] --END-- [ RunTime:0.000878s ]
SQL: SHOW COLUMNS FROM `sm_orders` [ RunTime:0.0134s ]
SQL: SELECT `order_id`,`refund_time` FROM `sm_orders` WHERE `refund` = 1  [ RunTime:0.0124s ]

[ 2019-07-28T12:06:55+08:00 ] 61.151.178.236 /index.php?m=Home&c=Myorder&a=index
INFO: [ app_init ] --START--
INFO: Run Behavior\BuildLiteBehavior [ RunTime:0.000015s ]
INFO: [ app_init ] --END-- [ RunTime:0.000515s ]
INFO: [ app_begin ] --START--
INFO: Run Behavior\ReadHtmlCacheBehavior [ RunTime:0.000782s ]
INFO: [ app_begin ] --END-- [ RunTime:0.000831s ]
SQL: SHOW COLUMNS FROM `sm_orders` [ RunTime:0.0164s ]
SQL: SELECT `order_id`,`refund_time` FROM `sm_orders` WHERE `refund` = 1  [ RunTime:0.0093s ]

[ 2019-07-28T12:48:51+08:00 ] 112.53.72.185 /index.php?m=Home&c=Drink&a=index&ma_id=1
INFO: [ app_init ] --START--
INFO: Run Behavior\BuildLiteBehavior [ RunTime:0.000016s ]
INFO: [ app_init ] --END-- [ RunTime:0.000541s ]
INFO: [ app_begin ] --START--
INFO: Run Behavior\ReadHtmlCacheBehavior [ RunTime:0.000883s ]
INFO: [ app_begin ] --END-- [ RunTime:0.000939s ]
SQL: SHOW COLUMNS FROM `sm_orders` [ RunTime:0.0142s ]
SQL: SELECT `order_id`,`refund_time` FROM `sm_orders` WHERE `refund` = 1  [ RunTime:0.0142s ]

[ 2019-07-28T12:48:51+08:00 ] 112.53.72.185 /index.php?m=Home&c=Oauth&a=login&ma_id=1
INFO: [ app_init ] --START--
INFO: Run Behavior\BuildLiteBehavior [ RunTime:0.000014s ]
INFO: [ app_init ] --END-- [ RunTime:0.000443s ]
INFO: [ app_begin ] --START--
INFO: Run Behavior\ReadHtmlCacheBehavior [ RunTime:0.000779s ]
INFO: [ app_begin ] --END-- [ RunTime:0.000828s ]
SQL: SHOW COLUMNS FROM `sm_merchant` [ RunTime:0.0100s ]
SQL: SELECT `appid`,`appsecret` FROM `sm_merchant` WHERE ( ma_id='1' ) LIMIT 1   [ RunTime:0.0003s ]

[ 2019-07-28T12:48:53+08:00 ] 112.53.72.185 /index.php?m=Home&c=Oauth&a=login&ma_id=1&code=021MP4cK0FKvu92kKW7K0tLVbK0MP4co&state=wx_oauth
INFO: [ app_init ] --START--
INFO: Run Behavior\BuildLiteBehavior [ RunTime:0.000014s ]
INFO: [ app_init ] --END-- [ RunTime:0.000464s ]
INFO: [ app_begin ] --START--
INFO: Run Behavior\ReadHtmlCacheBehavior [ RunTime:0.000766s ]
INFO: [ app_begin ] --END-- [ RunTime:0.000814s ]
SQL: SHOW COLUMNS FROM `sm_merchant` [ RunTime:0.0134s ]
SQL: SELECT `appid`,`appsecret` FROM `sm_merchant` WHERE ( ma_id='1' ) LIMIT 1   [ RunTime:0.0003s ]
SQL: SHOW COLUMNS FROM `sm_member_list` [ RunTime:0.0157s ]
SQL: SELECT * FROM `sm_member_list` WHERE `openid` = 'o6Iva5lVSNV7KkzuuFKxjPd_sN5o' AND `ma_id` = '1' AND `is_del` = 2 LIMIT 1   [ RunTime:0.0005s ]

[ 2019-07-28T12:48:53+08:00 ] 112.53.72.185 /index.php?m=Home&c=Drink&a=index
INFO: [ app_init ] --START--
INFO: Run Behavior\BuildLiteBehavior [ RunTime:0.000070s ]
INFO: [ app_init ] --END-- [ RunTime:0.000511s ]
INFO: [ app_begin ] --START--
INFO: Run Behavior\ReadHtmlCacheBehavior [ RunTime:0.000784s ]
INFO: [ app_begin ] --END-- [ RunTime:0.000834s ]
SQL: SHOW COLUMNS FROM `sm_orders` [ RunTime:0.0103s ]
SQL: SELECT `order_id`,`refund_time` FROM `sm_orders` WHERE `refund` = 1  [ RunTime:0.0093s ]
SQL: SHOW COLUMNS FROM `sm_member_list` [ RunTime:0.0059s ]
SQL: SELECT `is_open` FROM `sm_member_list` WHERE `member_list_id` = '2099' LIMIT 1   [ RunTime:0.0003s ]
SQL: SELECT `is_del` FROM `sm_member_list` WHERE `member_list_id` = '2099' LIMIT 1   [ RunTime:0.0002s ]
SQL: SELECT `order_id` FROM `sm_orders` WHERE `order_status` = 2 AND `refund` <> 1 AND ( `effect_time` >= 1564243200 AND `effect_time` <= 1564329599  )  [ RunTime:0.0003s ]
SQL: SHOW COLUMNS FROM `sm_order_goods` [ RunTime:0.0086s ]
SQL: SHOW COLUMNS FROM `sm_dishes` [ RunTime:0.0084s ]
SQL: SELECT `dishes_id`,`create_time`,`order_status`,`order_id`,`order_type` FROM `sm_orders` WHERE `order_status` = 1  [ RunTime:0.0003s ]
SQL: SHOW COLUMNS FROM `sm_integral_order` [ RunTime:0.0055s ]
SQL: SELECT * FROM `sm_integral_order` WHERE `status` = 2  [ RunTime:0.0055s ]
SQL: SELECT * FROM `sm_orders` WHERE `order_status` = 4 AND `deliver_type` = 1  [ RunTime:0.0004s ]
SQL: SHOW COLUMNS FROM `sm_stall` [ RunTime:0.0083s ]
SQL: SHOW COLUMNS FROM `sm_merchant` [ RunTime:0.0094s ]
SQL: SELECT `ma_id` FROM `sm_merchant` WHERE `delete` = 1 AND `is_open` = 1 AND `due_deadline` > 1564289333 AND `ma_id` = '1' LIMIT 1   [ RunTime:0.0003s ]
SQL: SELECT `status` FROM `sm_member_list` WHERE `member_list_id` = '2099' AND `is_del` = 2 LIMIT 1   [ RunTime:0.0002s ]
SQL: SHOW COLUMNS FROM `sm_merchant_banner` [ RunTime:0.0077s ]
SQL: SELECT * FROM `sm_merchant_banner` WHERE `ma_id` = 1  [ RunTime:0.0003s ]
SQL: SELECT a.dishes_id,a.pic_url,a.dishes_name,a.type FROM sm_dishes a LEFT JOIN sm_stall as b on a.stall = b.stall_id  WHERE a.is_del = 2 AND a.ma_id = '1' AND a.state = 1 AND a.statue = 2 AND a.num > 0 AND b.delete = 2 AND b.is_freeze = 2 ORDER BY a.sort ASC,a.addtime DESC LIMIT 6   [ RunTime:0.0092s ]
SQL: SELECT COUNT(*) AS tp_count FROM `sm_stall` WHERE `delete` = 2 AND `is_freeze` = 2 AND `ma_id` = '1' ORDER BY `sort` asc LIMIT 1   [ RunTime:0.0005s ]
SQL: SELECT `appid`,`appsecret`,`saturation` FROM `sm_merchant` WHERE ( ma_id='1' ) LIMIT 1   [ RunTime:0.0002s ]
INFO: [ view_parse ] --START--
INFO: [ template_filter ] --START--
INFO: Run Behavior\ContentReplaceBehavior [ RunTime:0.000121s ]
INFO: [ template_filter ] --END-- [ RunTime:0.000173s ]
INFO: Run Behavior\ParseTemplateBehavior [ RunTime:0.051630s ]
INFO: [ view_parse ] --END-- [ RunTime:0.051705s ]
INFO: [ view_filter ] --START--
INFO: Run Behavior\WriteHtmlCacheBehavior [ RunTime:0.000691s ]
INFO: [ view_filter ] --END-- [ RunTime:0.000735s ]
INFO: [ app_end ] --START--
INFO: Run Behavior\ShowPageTraceBehavior [ RunTime:0.000761s ]
INFO: [ app_end ] --END-- [ RunTime:0.000813s ]

[ 2019-07-28T12:48:57+08:00 ] 112.53.72.185 /index.php?m=Home&c=Drink&a=indexLists&page=1&psize=10
INFO: [ app_init ] --START--
INFO: Run Behavior\BuildLiteBehavior [ RunTime:0.000013s ]
INFO: [ app_init ] --END-- [ RunTime:0.000497s ]
INFO: [ app_begin ] --START--
INFO: Run Behavior\ReadHtmlCacheBehavior [ RunTime:0.000797s ]
INFO: [ app_begin ] --END-- [ RunTime:0.000851s ]
SQL: SHOW COLUMNS FROM `sm_orders` [ RunTime:0.0140s ]
SQL: SELECT `order_id`,`refund_time` FROM `sm_orders` WHERE `refund` = 1  [ RunTime:0.0244s ]
SQL: SHOW COLUMNS FROM `sm_member_list` [ RunTime:0.0098s ]
SQL: SELECT `is_open` FROM `sm_member_list` WHERE `member_list_id` = '2099' LIMIT 1   [ RunTime:0.0003s ]
SQL: SELECT `is_del` FROM `sm_member_list` WHERE `member_list_id` = '2099' LIMIT 1   [ RunTime:0.0002s ]
SQL: SELECT `order_id` FROM `sm_orders` WHERE `order_status` = 2 AND `refund` <> 1 AND ( `effect_time` >= 1564243200 AND `effect_time` <= 1564329599  )  [ RunTime:0.0003s ]
SQL: SHOW COLUMNS FROM `sm_order_goods` [ RunTime:0.0086s ]
SQL: SHOW COLUMNS FROM `sm_dishes` [ RunTime:0.0080s ]
SQL: SELECT `dishes_id`,`create_time`,`order_status`,`order_id`,`order_type` FROM `sm_orders` WHERE `order_status` = 1  [ RunTime:0.0003s ]
SQL: SHOW COLUMNS FROM `sm_integral_order` [ RunTime:0.0056s ]
SQL: SELECT * FROM `sm_integral_order` WHERE `status` = 2  [ RunTime:0.0006s ]
SQL: SELECT * FROM `sm_orders` WHERE `order_status` = 4 AND `deliver_type` = 1  [ RunTime:0.0004s ]
SQL: SHOW COLUMNS FROM `sm_stall` [ RunTime:0.0082s ]
SQL: SHOW COLUMNS FROM `sm_merchant` [ RunTime:0.0081s ]
SQL: SELECT `ma_id` FROM `sm_merchant` WHERE `delete` = 1 AND `is_open` = 1 AND `due_deadline` > 1564289337 AND `ma_id` = '1' LIMIT 1   [ RunTime:0.0003s ]
SQL: SELECT `stall_id`,`image`,`stall_name`,`score`,`addtime`,`on_the_pin`,`stall_type` FROM sm_stall a WHERE `delete` = 2 AND `is_freeze` = 2 AND `ma_id` = '1' ORDER BY `sort` asc,`on_the_pin` DESC,`addtime` DESC LIMIT 0,10   [ RunTime:0.0006s ]
NOTIC: [8] Use of undefined constant stall_id - assumed 'stall_id' D:\xampp\htdocs\app\Home\Controller\DrinkController.class.php 第 337 行.
NOTIC: [8] Use of undefined constant stall_type - assumed 'stall_type' D:\xampp\htdocs\app\Home\Controller\DrinkController.class.php 第 337 行.
NOTIC: [8] Use of undefined constant image - assumed 'image' D:\xampp\htdocs\app\Home\Controller\DrinkController.class.php 第 338 行.
NOTIC: [8] Use of undefined constant stall_name - assumed 'stall_name' D:\xampp\htdocs\app\Home\Controller\DrinkController.class.php 第 340 行.
NOTIC: [8] Use of undefined constant score - assumed 'score' D:\xampp\htdocs\app\Home\Controller\DrinkController.class.php 第 345 行.
NOTIC: [8] Use of undefined constant score - assumed 'score' D:\xampp\htdocs\app\Home\Controller\DrinkController.class.php 第 348 行.
NOTIC: [8] Use of undefined constant on_the_pin - assumed 'on_the_pin' D:\xampp\htdocs\app\Home\Controller\DrinkController.class.php 第 350 行.
NOTIC: [8] Use of undefined constant stall_id - assumed 'stall_id' D:\xampp\htdocs\app\Home\Controller\DrinkController.class.php 第 337 行.
NOTIC: [8] Use of undefined constant stall_type - assumed 'stall_type' D:\xampp\htdocs\app\Home\Controller\DrinkController.class.php 第 337 行.
NOTIC: [8] Use of undefined constant image - assumed 'image' D:\xampp\htdocs\app\Home\Controller\DrinkController.class.php 第 338 行.
NOTIC: [8] Use of undefined constant stall_name - assumed 'stall_name' D:\xampp\htdocs\app\Home\Controller\DrinkController.class.php 第 340 行.
NOTIC: [8] Use of undefined constant score - assumed 'score' D:\xampp\htdocs\app\Home\Controller\DrinkController.class.php 第 345 行.
NOTIC: [8] Use of undefined constant score - assumed 'score' D:\xampp\htdocs\app\Home\Controller\DrinkController.class.php 第 348 行.
NOTIC: [8] Use of undefined constant on_the_pin - assumed 'on_the_pin' D:\xampp\htdocs\app\Home\Controller\DrinkController.class.php 第 350 行.
NOTIC: [8] Use of undefined constant stall_id - assumed 'stall_id' D:\xampp\htdocs\app\Home\Controller\DrinkController.class.php 第 337 行.
NOTIC: [8] Use of undefined constant stall_type - assumed 'stall_type' D:\xampp\htdocs\app\Home\Controller\DrinkController.class.php 第 337 行.
NOTIC: [8] Use of undefined constant image - assumed 'image' D:\xampp\htdocs\app\Home\Controller\DrinkController.class.php 第 338 行.
NOTIC: [8] Use of undefined constant stall_name - assumed 'stall_name' D:\xampp\htdocs\app\Home\Controller\DrinkController.class.php 第 340 行.
NOTIC: [8] Use of undefined constant score - assumed 'score' D:\xampp\htdocs\app\Home\Controller\DrinkController.class.php 第 345 行.
NOTIC: [8] Use of undefined constant score - assumed 'score' D:\xampp\htdocs\app\Home\Controller\DrinkController.class.php 第 348 行.
NOTIC: [8] Use of undefined constant on_the_pin - assumed 'on_the_pin' D:\xampp\htdocs\app\Home\Controller\DrinkController.class.php 第 350 行.
NOTIC: [8] Use of undefined constant stall_id - assumed 'stall_id' D:\xampp\htdocs\app\Home\Controller\DrinkController.class.php 第 337 行.
NOTIC: [8] Use of undefined constant stall_type - assumed 'stall_type' D:\xampp\htdocs\app\Home\Controller\DrinkController.class.php 第 337 行.
NOTIC: [8] Use of undefined constant image - assumed 'image' D:\xampp\htdocs\app\Home\Controller\DrinkController.class.php 第 338 行.
NOTIC: [8] Use of undefined constant stall_name - assumed 'stall_name' D:\xampp\htdocs\app\Home\Controller\DrinkController.class.php 第 340 行.
NOTIC: [8] Use of undefined constant score - assumed 'score' D:\xampp\htdocs\app\Home\Controller\DrinkController.class.php 第 345 行.
NOTIC: [8] Use of undefined constant score - assumed 'score' D:\xampp\htdocs\app\Home\Controller\DrinkController.class.php 第 348 行.
NOTIC: [8] Use of undefined constant on_the_pin - assumed 'on_the_pin' D:\xampp\htdocs\app\Home\Controller\DrinkController.class.php 第 350 行.
NOTIC: [8] Use of undefined constant stall_id - assumed 'stall_id' D:\xampp\htdocs\app\Home\Controller\DrinkController.class.php 第 337 行.
NOTIC: [8] Use of undefined constant stall_type - assumed 'stall_type' D:\xampp\htdocs\app\Home\Controller\DrinkController.class.php 第 337 行.
NOTIC: [8] Use of undefined constant image - assumed 'image' D:\xampp\htdocs\app\Home\Controller\DrinkController.class.php 第 338 行.
NOTIC: [8] Use of undefined constant stall_name - assumed 'stall_name' D:\xampp\htdocs\app\Home\Controller\DrinkController.class.php 第 340 行.
NOTIC: [8] Use of undefined constant score - assumed 'score' D:\xampp\htdocs\app\Home\Controller\DrinkController.class.php 第 345 行.
NOTIC: [8] Use of undefined constant score - assumed 'score' D:\xampp\htdocs\app\Home\Controller\DrinkController.class.php 第 348 行.
NOTIC: [8] Use of undefined constant on_the_pin - assumed 'on_the_pin' D:\xampp\htdocs\app\Home\Controller\DrinkController.class.php 第 350 行.
NOTIC: [8] Use of undefined constant stall_id - assumed 'stall_id' D:\xampp\htdocs\app\Home\Controller\DrinkController.class.php 第 337 行.
NOTIC: [8] Use of undefined constant stall_type - assumed 'stall_type' D:\xampp\htdocs\app\Home\Controller\DrinkController.class.php 第 337 行.
NOTIC: [8] Use of undefined constant image - assumed 'image' D:\xampp\htdocs\app\Home\Controller\DrinkController.class.php 第 338 行.
NOTIC: [8] Use of undefined constant stall_name - assumed 'stall_name' D:\xampp\htdocs\app\Home\Controller\DrinkController.class.php 第 340 行.
NOTIC: [8] Use of undefined constant score - assumed 'score' D:\xampp\htdocs\app\Home\Controller\DrinkController.class.php 第 345 行.
NOTIC: [8] Use of undefined constant score - assumed 'score' D:\xampp\htdocs\app\Home\Controller\DrinkController.class.php 第 345 行.
NOTIC: [8] Use of undefined constant score - assumed 'score' D:\xampp\htdocs\app\Home\Controller\DrinkController.class.php 第 348 行.
NOTIC: [8] Use of undefined constant on_the_pin - assumed 'on_the_pin' D:\xampp\htdocs\app\Home\Controller\DrinkController.class.php 第 350 行.
NOTIC: [8] Use of undefined constant stall_id - assumed 'stall_id' D:\xampp\htdocs\app\Home\Controller\DrinkController.class.php 第 337 行.
NOTIC: [8] Use of undefined constant stall_type - assumed 'stall_type' D:\xampp\htdocs\app\Home\Controller\DrinkController.class.php 第 337 行.
NOTIC: [8] Use of undefined constant image - assumed 'image' D:\xampp\htdocs\app\Home\Controller\DrinkController.class.php 第 338 行.
NOTIC: [8] Use of undefined constant stall_name - assumed 'stall_name' D:\xampp\htdocs\app\Home\Controller\DrinkController.class.php 第 340 行.
NOTIC: [8] Use of undefined constant score - assumed 'score' D:\xampp\htdocs\app\Home\Controller\DrinkController.class.php 第 345 行.
NOTIC: [8] Use of undefined constant score - assumed 'score' D:\xampp\htdocs\app\Home\Controller\DrinkController.class.php 第 348 行.
NOTIC: [8] Use of undefined constant on_the_pin - assumed 'on_the_pin' D:\xampp\htdocs\app\Home\Controller\DrinkController.class.php 第 350 行.
NOTIC: [8] Use of undefined constant stall_id - assumed 'stall_id' D:\xampp\htdocs\app\Home\Controller\DrinkController.class.php 第 337 行.
NOTIC: [8] Use of undefined constant stall_type - assumed 'stall_type' D:\xampp\htdocs\app\Home\Controller\DrinkController.class.php 第 337 行.
NOTIC: [8] Use of undefined constant image - assumed 'image' D:\xampp\htdocs\app\Home\Controller\DrinkController.class.php 第 338 行.
NOTIC: [8] Use of undefined constant stall_name - assumed 'stall_name' D:\xampp\htdocs\app\Home\Controller\DrinkController.class.php 第 340 行.
NOTIC: [8] Use of undefined constant score - assumed 'score' D:\xampp\htdocs\app\Home\Controller\DrinkController.class.php 第 345 行.
NOTIC: [8] Use of undefined constant score - assumed 'score' D:\xampp\htdocs\app\Home\Controller\DrinkController.class.php 第 348 行.
NOTIC: [8] Use of undefined constant on_the_pin - assumed 'on_the_pin' D:\xampp\htdocs\app\Home\Controller\DrinkController.class.php 第 350 行.
NOTIC: [8] Use of undefined constant stall_id - assumed 'stall_id' D:\xampp\htdocs\app\Home\Controller\DrinkController.class.php 第 337 行.
NOTIC: [8] Use of undefined constant stall_type - assumed 'stall_type' D:\xampp\htdocs\app\Home\Controller\DrinkController.class.php 第 337 行.
NOTIC: [8] Use of undefined constant image - assumed 'image' D:\xampp\htdocs\app\Home\Controller\DrinkController.class.php 第 338 行.
NOTIC: [8] Use of undefined constant stall_name - assumed 'stall_name' D:\xampp\htdocs\app\Home\Controller\DrinkController.class.php 第 340 行.
NOTIC: [8] Use of undefined constant score - assumed 'score' D:\xampp\htdocs\app\Home\Controller\DrinkController.class.php 第 345 行.
NOTIC: [8] Use of undefined constant score - assumed 'score' D:\xampp\htdocs\app\Home\Controller\DrinkController.class.php 第 345 行.
NOTIC: [8] Use of undefined constant score - assumed 'score' D:\xampp\htdocs\app\Home\Controller\DrinkController.class.php 第 348 行.
NOTIC: [8] Use of undefined constant on_the_pin - assumed 'on_the_pin' D:\xampp\htdocs\app\Home\Controller\DrinkController.class.php 第 350 行.
NOTIC: [8] Use of undefined constant stall_id - assumed 'stall_id' D:\xampp\htdocs\app\Home\Controller\DrinkController.class.php 第 337 行.
NOTIC: [8] Use of undefined constant stall_type - assumed 'stall_type' D:\xampp\htdocs\app\Home\Controller\DrinkController.class.php 第 337 行.
NOTIC: [8] Use of undefined constant image - assumed 'image' D:\xampp\htdocs\app\Home\Controller\DrinkController.class.php 第 338 行.
NOTIC: [8] Use of undefined constant stall_name - assumed 'stall_name' D:\xampp\htdocs\app\Home\Controller\DrinkController.class.php 第 340 行.
NOTIC: [8] Use of undefined constant score - assumed 'score' D:\xampp\htdocs\app\Home\Controller\DrinkController.class.php 第 345 行.
NOTIC: [8] Use of undefined constant score - assumed 'score' D:\xampp\htdocs\app\Home\Controller\DrinkController.class.php 第 348 行.
NOTIC: [8] Use of undefined constant on_the_pin - assumed 'on_the_pin' D:\xampp\htdocs\app\Home\Controller\DrinkController.class.php 第 350 行.
INFO: [ app_end ] --START--
INFO: Run Behavior\ShowPageTraceBehavior [ RunTime:0.000901s ]
INFO: [ app_end ] --END-- [ RunTime:0.000944s ]

[ 2019-07-28T12:49:07+08:00 ] 112.53.72.185 /index.php?m=Home&c=Drink&a=indexLists&page=2&psize=10
INFO: [ app_init ] --START--
INFO: Run Behavior\BuildLiteBehavior [ RunTime:0.000014s ]
INFO: [ app_init ] --END-- [ RunTime:0.000500s ]
INFO: [ app_begin ] --START--
INFO: Run Behavior\ReadHtmlCacheBehavior [ RunTime:0.000828s ]
INFO: [ app_begin ] --END-- [ RunTime:0.000884s ]
SQL: SHOW COLUMNS FROM `sm_orders` [ RunTime:0.0148s ]
SQL: SELECT `order_id`,`refund_time` FROM `sm_orders` WHERE `refund` = 1  [ RunTime:0.0248s ]
SQL: SHOW COLUMNS FROM `sm_member_list` [ RunTime:0.0099s ]
SQL: SELECT `is_open` FROM `sm_member_list` WHERE `member_list_id` = '2099' LIMIT 1   [ RunTime:0.0003s ]
SQL: SELECT `is_del` FROM `sm_member_list` WHERE `member_list_id` = '2099' LIMIT 1   [ RunTime:0.0003s ]
SQL: SELECT `order_id` FROM `sm_orders` WHERE `order_status` = 2 AND `refund` <> 1 AND ( `effect_time` >= 1564243200 AND `effect_time` <= 1564329599  )  [ RunTime:0.0003s ]
SQL: SHOW COLUMNS FROM `sm_order_goods` [ RunTime:0.0083s ]
SQL: SHOW COLUMNS FROM `sm_dishes` [ RunTime:0.0113s ]
SQL: SELECT `dishes_id`,`create_time`,`order_status`,`order_id`,`order_type` FROM `sm_orders` WHERE `order_status` = 1  [ RunTime:0.0003s ]
SQL: SHOW COLUMNS FROM `sm_integral_order` [ RunTime:0.0055s ]
SQL: SELECT * FROM `sm_integral_order` WHERE `status` = 2  [ RunTime:0.0006s ]
SQL: SELECT * FROM `sm_orders` WHERE `order_status` = 4 AND `deliver_type` = 1  [ RunTime:0.0004s ]
SQL: SHOW COLUMNS FROM `sm_stall` [ RunTime:0.0081s ]
SQL: SHOW COLUMNS FROM `sm_merchant` [ RunTime:0.0081s ]
SQL: SELECT `ma_id` FROM `sm_merchant` WHERE `delete` = 1 AND `is_open` = 1 AND `due_deadline` > 1564289347 AND `ma_id` = '1' LIMIT 1   [ RunTime:0.0003s ]
SQL: SELECT `stall_id`,`image`,`stall_name`,`score`,`addtime`,`on_the_pin`,`stall_type` FROM sm_stall a WHERE `delete` = 2 AND `is_freeze` = 2 AND `ma_id` = '1' ORDER BY `sort` asc,`on_the_pin` DESC,`addtime` DESC LIMIT 10,10   [ RunTime:0.0006s ]
NOTIC: [8] Use of undefined constant stall_id - assumed 'stall_id' D:\xampp\htdocs\app\Home\Controller\DrinkController.class.php 第 337 行.
NOTIC: [8] Use of undefined constant stall_type - assumed 'stall_type' D:\xampp\htdocs\app\Home\Controller\DrinkController.class.php 第 337 行.
NOTIC: [8] Use of undefined constant image - assumed 'image' D:\xampp\htdocs\app\Home\Controller\DrinkController.class.php 第 338 行.
NOTIC: [8] Use of undefined constant stall_name - assumed 'stall_name' D:\xampp\htdocs\app\Home\Controller\DrinkController.class.php 第 340 行.
NOTIC: [8] Use of undefined constant score - assumed 'score' D:\xampp\htdocs\app\Home\Controller\DrinkController.class.php 第 345 行.
NOTIC: [8] Use of undefined constant score - assumed 'score' D:\xampp\htdocs\app\Home\Controller\DrinkController.class.php 第 345 行.
NOTIC: [8] Use of undefined constant score - assumed 'score' D:\xampp\htdocs\app\Home\Controller\DrinkController.class.php 第 345 行.
NOTIC: [8] Use of undefined constant score - assumed 'score' D:\xampp\htdocs\app\Home\Controller\DrinkController.class.php 第 348 行.
NOTIC: [8] Use of undefined constant on_the_pin - assumed 'on_the_pin' D:\xampp\htdocs\app\Home\Controller\DrinkController.class.php 第 350 行.
NOTIC: [8] Use of undefined constant stall_id - assumed 'stall_id' D:\xampp\htdocs\app\Home\Controller\DrinkController.class.php 第 337 行.
NOTIC: [8] Use of undefined constant stall_type - assumed 'stall_type' D:\xampp\htdocs\app\Home\Controller\DrinkController.class.php 第 337 行.
NOTIC: [8] Use of undefined constant image - assumed 'image' D:\xampp\htdocs\app\Home\Controller\DrinkController.class.php 第 338 行.
NOTIC: [8] Use of undefined constant stall_name - assumed 'stall_name' D:\xampp\htdocs\app\Home\Controller\DrinkController.class.php 第 340 行.
NOTIC: [8] Use of undefined constant score - assumed 'score' D:\xampp\htdocs\app\Home\Controller\DrinkController.class.php 第 345 行.
NOTIC: [8] Use of undefined constant score - assumed 'score' D:\xampp\htdocs\app\Home\Controller\DrinkController.class.php 第 345 行.
NOTIC: [8] Use of undefined constant score - assumed 'score' D:\xampp\htdocs\app\Home\Controller\DrinkController.class.php 第 345 行.
NOTIC: [8] Use of undefined constant score - assumed 'score' D:\xampp\htdocs\app\Home\Controller\DrinkController.class.php 第 348 行.
NOTIC: [8] Use of undefined constant on_the_pin - assumed 'on_the_pin' D:\xampp\htdocs\app\Home\Controller\DrinkController.class.php 第 350 行.
NOTIC: [8] Use of undefined constant stall_id - assumed 'stall_id' D:\xampp\htdocs\app\Home\Controller\DrinkController.class.php 第 337 行.
NOTIC: [8] Use of undefined constant stall_type - assumed 'stall_type' D:\xampp\htdocs\app\Home\Controller\DrinkController.class.php 第 337 行.
NOTIC: [8] Use of undefined constant image - assumed 'image' D:\xampp\htdocs\app\Home\Controller\DrinkController.class.php 第 338 行.
NOTIC: [8] Use of undefined constant stall_name - assumed 'stall_name' D:\xampp\htdocs\app\Home\Controller\DrinkController.class.php 第 340 行.
NOTIC: [8] Use of undefined constant score - assumed 'score' D:\xampp\htdocs\app\Home\Controller\DrinkController.class.php 第 345 行.
NOTIC: [8] Use of undefined constant score - assumed 'score' D:\xampp\htdocs\app\Home\Controller\DrinkController.class.php 第 348 行.
NOTIC: [8] Use of undefined constant on_the_pin - assumed 'on_the_pin' D:\xampp\htdocs\app\Home\Controller\DrinkController.class.php 第 350 行.
NOTIC: [8] Use of undefined constant stall_id - assumed 'stall_id' D:\xampp\htdocs\app\Home\Controller\DrinkController.class.php 第 337 行.
NOTIC: [8] Use of undefined constant stall_type - assumed 'stall_type' D:\xampp\htdocs\app\Home\Controller\DrinkController.class.php 第 337 行.
NOTIC: [8] Use of undefined constant image - assumed 'image' D:\xampp\htdocs\app\Home\Controller\DrinkController.class.php 第 338 行.
NOTIC: [8] Use of undefined constant stall_name - assumed 'stall_name' D:\xampp\htdocs\app\Home\Controller\DrinkController.class.php 第 340 行.
NOTIC: [8] Use of undefined constant score - assumed 'score' D:\xampp\htdocs\app\Home\Controller\DrinkController.class.php 第 345 行.
NOTIC: [8] Use of undefined constant score - assumed 'score' D:\xampp\htdocs\app\Home\Controller\DrinkController.class.php 第 345 行.
NOTIC: [8] Use of undefined constant score - assumed 'score' D:\xampp\htdocs\app\Home\Controller\DrinkController.class.php 第 348 行.
NOTIC: [8] Use of undefined constant on_the_pin - assumed 'on_the_pin' D:\xampp\htdocs\app\Home\Controller\DrinkController.class.php 第 350 行.
NOTIC: [8] Use of undefined constant stall_id - assumed 'stall_id' D:\xampp\htdocs\app\Home\Controller\DrinkController.class.php 第 337 行.
NOTIC: [8] Use of undefined constant stall_type - assumed 'stall_type' D:\xampp\htdocs\app\Home\Controller\DrinkController.class.php 第 337 行.
NOTIC: [8] Use of undefined constant image - assumed 'image' D:\xampp\htdocs\app\Home\Controller\DrinkController.class.php 第 338 行.
NOTIC: [8] Use of undefined constant stall_name - assumed 'stall_name' D:\xampp\htdocs\app\Home\Controller\DrinkController.class.php 第 340 行.
NOTIC: [8] Use of undefined constant score - assumed 'score' D:\xampp\htdocs\app\Home\Controller\DrinkController.class.php 第 345 行.
NOTIC: [8] Use of undefined constant score - assumed 'score' D:\xampp\htdocs\app\Home\Controller\DrinkController.class.php 第 348 行.
NOTIC: [8] Use of undefined constant on_the_pin - assumed 'on_the_pin' D:\xampp\htdocs\app\Home\Controller\DrinkController.class.php 第 350 行.
NOTIC: [8] Use of undefined constant stall_id - assumed 'stall_id' D:\xampp\htdocs\app\Home\Controller\DrinkController.class.php 第 337 行.
NOTIC: [8] Use of undefined constant stall_type - assumed 'stall_type' D:\xampp\htdocs\app\Home\Controller\DrinkController.class.php 第 337 行.
NOTIC: [8] Use of undefined constant image - assumed 'image' D:\xampp\htdocs\app\Home\Controller\DrinkController.class.php 第 338 行.
NOTIC: [8] Use of undefined constant stall_name - assumed 'stall_name' D:\xampp\htdocs\app\Home\Controller\DrinkController.class.php 第 340 行.
NOTIC: [8] Use of undefined constant score - assumed 'score' D:\xampp\htdocs\app\Home\Controller\DrinkController.class.php 第 345 行.
NOTIC: [8] Use of undefined constant score - assumed 'score' D:\xampp\htdocs\app\Home\Controller\DrinkController.class.php 第 345 行.
NOTIC: [8] Use of undefined constant score - assumed 'score' D:\xampp\htdocs\app\Home\Controller\DrinkController.class.php 第 345 行.
NOTIC: [8] Use of undefined constant score - assumed 'score' D:\xampp\htdocs\app\Home\Controller\DrinkController.class.php 第 345 行.
NOTIC: [8] Use of undefined constant score - assumed 'score' D:\xampp\htdocs\app\Home\Controller\DrinkController.class.php 第 348 行.
NOTIC: [8] Use of undefined constant on_the_pin - assumed 'on_the_pin' D:\xampp\htdocs\app\Home\Controller\DrinkController.class.php 第 350 行.
NOTIC: [8] Use of undefined constant stall_id - assumed 'stall_id' D:\xampp\htdocs\app\Home\Controller\DrinkController.class.php 第 337 行.
NOTIC: [8] Use of undefined constant stall_type - assumed 'stall_type' D:\xampp\htdocs\app\Home\Controller\DrinkController.class.php 第 337 行.
NOTIC: [8] Use of undefined constant image - assumed 'image' D:\xampp\htdocs\app\Home\Controller\DrinkController.class.php 第 338 行.
NOTIC: [8] Use of undefined constant stall_name - assumed 'stall_name' D:\xampp\htdocs\app\Home\Controller\DrinkController.class.php 第 340 行.
NOTIC: [8] Use of undefined constant score - assumed 'score' D:\xampp\htdocs\app\Home\Controller\DrinkController.class.php 第 345 行.
NOTIC: [8] Use of undefined constant score - assumed 'score' D:\xampp\htdocs\app\Home\Controller\DrinkController.class.php 第 345 行.
NOTIC: [8] Use of undefined constant score - assumed 'score' D:\xampp\htdocs\app\Home\Controller\DrinkController.class.php 第 345 行.
NOTIC: [8] Use of undefined constant score - assumed 'score' D:\xampp\htdocs\app\Home\Controller\DrinkController.class.php 第 345 行.
NOTIC: [8] Use of undefined constant score - assumed 'score' D:\xampp\htdocs\app\Home\Controller\DrinkController.class.php 第 348 行.
NOTIC: [8] Use of undefined constant on_the_pin - assumed 'on_the_pin' D:\xampp\htdocs\app\Home\Controller\DrinkController.class.php 第 350 行.
NOTIC: [8] Use of undefined constant stall_id - assumed 'stall_id' D:\xampp\htdocs\app\Home\Controller\DrinkController.class.php 第 337 行.
NOTIC: [8] Use of undefined constant stall_type - assumed 'stall_type' D:\xampp\htdocs\app\Home\Controller\DrinkController.class.php 第 337 行.
NOTIC: [8] Use of undefined constant image - assumed 'image' D:\xampp\htdocs\app\Home\Controller\DrinkController.class.php 第 338 行.
NOTIC: [8] Use of undefined constant stall_name - assumed 'stall_name' D:\xampp\htdocs\app\Home\Controller\DrinkController.class.php 第 340 行.
NOTIC: [8] Use of undefined constant score - assumed 'score' D:\xampp\htdocs\app\Home\Controller\DrinkController.class.php 第 345 行.
NOTIC: [8] Use of undefined constant score - assumed 'score' D:\xampp\htdocs\app\Home\Controller\DrinkController.class.php 第 345 行.
NOTIC: [8] Use of undefined constant score - assumed 'score' D:\xampp\htdocs\app\Home\Controller\DrinkController.class.php 第 345 行.
NOTIC: [8] Use of undefined constant score - assumed 'score' D:\xampp\htdocs\app\Home\Controller\DrinkController.class.php 第 348 行.
NOTIC: [8] Use of undefined constant on_the_pin - assumed 'on_the_pin' D:\xampp\htdocs\app\Home\Controller\DrinkController.class.php 第 350 行.
INFO: [ app_end ] --START--
INFO: Run Behavior\ShowPageTraceBehavior [ RunTime:0.001046s ]
INFO: [ app_end ] --END-- [ RunTime:0.001086s ]

[ 2019-07-28T12:49:13+08:00 ] 112.53.72.185 /index.php?m=Home&c=Drink&a=distance
INFO: [ app_init ] --START--
INFO: Run Behavior\BuildLiteBehavior [ RunTime:0.000015s ]
INFO: [ app_init ] --END-- [ RunTime:0.000525s ]
INFO: [ app_begin ] --START--
INFO: Run Behavior\ReadHtmlCacheBehavior [ RunTime:0.000796s ]
INFO: [ app_begin ] --END-- [ RunTime:0.000845s ]
SQL: SHOW COLUMNS FROM `sm_orders` [ RunTime:0.0138s ]
SQL: SELECT `order_id`,`refund_time` FROM `sm_orders` WHERE `refund` = 1  [ RunTime:0.0352s ]
SQL: SHOW COLUMNS FROM `sm_member_list` [ RunTime:0.0098s ]
SQL: SELECT `is_open` FROM `sm_member_list` WHERE `member_list_id` = '2099' LIMIT 1   [ RunTime:0.0004s ]
SQL: SELECT `is_del` FROM `sm_member_list` WHERE `member_list_id` = '2099' LIMIT 1   [ RunTime:0.0002s ]
SQL: SELECT `order_id` FROM `sm_orders` WHERE `order_status` = 2 AND `refund` <> 1 AND ( `effect_time` >= 1564243200 AND `effect_time` <= 1564329599  )  [ RunTime:0.0003s ]
SQL: SHOW COLUMNS FROM `sm_order_goods` [ RunTime:0.0085s ]
SQL: SHOW COLUMNS FROM `sm_dishes` [ RunTime:0.0083s ]
SQL: SELECT `dishes_id`,`create_time`,`order_status`,`order_id`,`order_type` FROM `sm_orders` WHERE `order_status` = 1  [ RunTime:0.0003s ]
SQL: SHOW COLUMNS FROM `sm_integral_order` [ RunTime:0.0057s ]
SQL: SELECT * FROM `sm_integral_order` WHERE `status` = 2  [ RunTime:0.0006s ]
SQL: SELECT * FROM `sm_orders` WHERE `order_status` = 4 AND `deliver_type` = 1  [ RunTime:0.0004s ]
SQL: SHOW COLUMNS FROM `sm_stall` [ RunTime:0.0086s ]
SQL: SHOW COLUMNS FROM `sm_merchant` [ RunTime:0.0085s ]
SQL: SELECT `ma_id` FROM `sm_merchant` WHERE `delete` = 1 AND `is_open` = 1 AND `due_deadline` > 1564289353 AND `ma_id` = '1' LIMIT 1   [ RunTime:0.0003s ]
NOTIC: [8] Undefined index: longitude D:\xampp\htdocs\app\Home\Controller\DrinkController.class.php 第 94 行.
NOTIC: [8] Undefined index: latitude D:\xampp\htdocs\app\Home\Controller\DrinkController.class.php 第 95 行.
SQL: SELECT `longitude`,`latitude` FROM `sm_merchant` WHERE `ma_id` = '1' LIMIT 1   [ RunTime:0.0002s ]

[ 2019-07-28T12:50:03+08:00 ] 101.89.239.238 /index.php?m=Home&c=Drink&a=index
INFO: [ app_init ] --START--
INFO: Run Behavior\BuildLiteBehavior [ RunTime:0.000013s ]
INFO: [ app_init ] --END-- [ RunTime:0.000448s ]
INFO: [ app_begin ] --START--
INFO: Run Behavior\ReadHtmlCacheBehavior [ RunTime:0.000769s ]
INFO: [ app_begin ] --END-- [ RunTime:0.000818s ]
SQL: SHOW COLUMNS FROM `sm_orders` [ RunTime:0.0134s ]
SQL: SELECT `order_id`,`refund_time` FROM `sm_orders` WHERE `refund` = 1  [ RunTime:0.0254s ]

[ 2019-07-28T22:47:03+08:00 ] 59.42.184.218 /index.php?m=Home&c=Drink&a=index&ma_id=1
INFO: [ app_init ] --START--
INFO: Run Behavior\BuildLiteBehavior [ RunTime:0.000015s ]
INFO: [ app_init ] --END-- [ RunTime:0.000617s ]
INFO: [ app_begin ] --START--
INFO: Run Behavior\ReadHtmlCacheBehavior [ RunTime:0.000906s ]
INFO: [ app_begin ] --END-- [ RunTime:0.000961s ]
SQL: SHOW COLUMNS FROM `sm_orders` [ RunTime:0.0154s ]
SQL: SELECT `order_id`,`refund_time` FROM `sm_orders` WHERE `refund` = 1  [ RunTime:0.0091s ]

[ 2019-07-28T22:47:03+08:00 ] 59.42.184.218 /index.php?m=Home&c=Oauth&a=login&ma_id=1
INFO: [ app_init ] --START--
INFO: Run Behavior\BuildLiteBehavior [ RunTime:0.000014s ]
INFO: [ app_init ] --END-- [ RunTime:0.000479s ]
INFO: [ app_begin ] --START--
INFO: Run Behavior\ReadHtmlCacheBehavior [ RunTime:0.000737s ]
INFO: [ app_begin ] --END-- [ RunTime:0.000784s ]
SQL: SHOW COLUMNS FROM `sm_merchant` [ RunTime:0.0103s ]
SQL: SELECT `appid`,`appsecret` FROM `sm_merchant` WHERE ( ma_id='1' ) LIMIT 1   [ RunTime:0.0003s ]

[ 2019-07-28T23:48:57+08:00 ] 61.129.7.254 /index.php?m=Home&c=Integral&a=shop
INFO: [ app_init ] --START--
INFO: Run Behavior\BuildLiteBehavior [ RunTime:0.000014s ]
INFO: [ app_init ] --END-- [ RunTime:0.000528s ]
INFO: [ app_begin ] --START--
INFO: Run Behavior\ReadHtmlCacheBehavior [ RunTime:0.000852s ]
INFO: [ app_begin ] --END-- [ RunTime:0.000912s ]
SQL: SHOW COLUMNS FROM `sm_orders` [ RunTime:0.0152s ]
SQL: SELECT `order_id`,`refund_time` FROM `sm_orders` WHERE `refund` = 1  [ RunTime:0.0092s ]

[ 2019-07-28T23:48:57+08:00 ] 61.129.7.254 /index.php?m=Home&c=Oauth&a=login&
INFO: [ app_init ] --START--
INFO: Run Behavior\BuildLiteBehavior [ RunTime:0.000015s ]
INFO: [ app_init ] --END-- [ RunTime:0.000470s ]
INFO: [ app_begin ] --START--
INFO: Run Behavior\ReadHtmlCacheBehavior [ RunTime:0.000778s ]
INFO: [ app_begin ] --END-- [ RunTime:0.000840s ]
SQL: SHOW COLUMNS FROM `sm_merchant` [ RunTime:0.0104s ]
SQL: SELECT `appid`,`appsecret` FROM `sm_merchant` WHERE ( ma_id='' ) LIMIT 1   [ RunTime:0.0003s ]
INFO: [ view_parse ] --START--
INFO: [ template_filter ] --START--
INFO: Run Behavior\ContentReplaceBehavior [ RunTime:0.000056s ]
INFO: [ template_filter ] --END-- [ RunTime:0.000109s ]
INFO: Run Behavior\ParseTemplateBehavior [ RunTime:0.019014s ]
INFO: [ view_parse ] --END-- [ RunTime:0.019083s ]
INFO: [ view_filter ] --START--
INFO: Run Behavior\WriteHtmlCacheBehavior [ RunTime:0.000662s ]
INFO: [ view_filter ] --END-- [ RunTime:0.000706s ]

[ 2019-07-28T23:49:56+08:00 ] 58.247.206.145 /index.php?m=Home&c=Integral&a=shop
INFO: [ app_init ] --START--
INFO: Run Behavior\BuildLiteBehavior [ RunTime:0.000014s ]
INFO: [ app_init ] --END-- [ RunTime:0.000505s ]
INFO: [ app_begin ] --START--
INFO: Run Behavior\ReadHtmlCacheBehavior [ RunTime:0.000864s ]
INFO: [ app_begin ] --END-- [ RunTime:0.000913s ]
SQL: SHOW COLUMNS FROM `sm_orders` [ RunTime:0.0142s ]
SQL: SELECT `order_id`,`refund_time` FROM `sm_orders` WHERE `refund` = 1  [ RunTime:0.0097s ]

[ 2019-07-28T23:49:57+08:00 ] 101.91.60.106 /index.php?m=Home&c=Oauth&a=login&
INFO: [ app_init ] --START--
INFO: Run Behavior\BuildLiteBehavior [ RunTime:0.000014s ]
INFO: [ app_init ] --END-- [ RunTime:0.000555s ]
INFO: [ app_begin ] --START--
INFO: Run Behavior\ReadHtmlCacheBehavior [ RunTime:0.000746s ]
INFO: [ app_begin ] --END-- [ RunTime:0.000794s ]
SQL: SHOW COLUMNS FROM `sm_merchant` [ RunTime:0.0138s ]
SQL: SELECT `appid`,`appsecret` FROM `sm_merchant` WHERE ( ma_id='' ) LIMIT 1   [ RunTime:0.0003s ]
INFO: [ view_parse ] --START--
INFO: [ template_filter ] --START--
INFO: Run Behavior\ContentReplaceBehavior [ RunTime:0.000050s ]
INFO: [ template_filter ] --END-- [ RunTime:0.000102s ]
INFO: Run Behavior\ParseTemplateBehavior [ RunTime:0.006848s ]
INFO: [ view_parse ] --END-- [ RunTime:0.006900s ]
INFO: [ view_filter ] --START--
INFO: Run Behavior\WriteHtmlCacheBehavior [ RunTime:0.000583s ]
INFO: [ view_filter ] --END-- [ RunTime:0.000620s ]

