[ 2019-08-08T04:35:38+08:00 ] 61.50.147.101 /home.php
INFO: [ app_init ] --START--
INFO: Run Behavior\BuildLiteBehavior [ RunTime:0.000012s ]
INFO: [ app_init ] --END-- [ RunTime:0.000451s ]
INFO: [ app_begin ] --START--
INFO: Run Behavior\ReadHtmlCacheBehavior [ RunTime:0.000811s ]
INFO: [ app_begin ] --END-- [ RunTime:0.000883s ]
SQL: SHOW COLUMNS FROM `sm_orders` [ RunTime:0.0123s ]
SQL: SELECT `order_id`,`refund_time` FROM `sm_orders` WHERE `refund` = 1  [ RunTime:0.0084s ]
SQL: SELECT `order_type`,`order_no`,`trade_no`,`real_money`,`member_list_id`,`ma_id`,`dishes_id`,`integral` FROM `sm_orders` WHERE `order_id` = '8485' LIMIT 1   [ RunTime:0.0003s ]
SQL: SHOW COLUMNS FROM `sm_merchant` [ RunTime:0.0083s ]
SQL: SELECT `appid`,`appsecret`,`keycode`,`partnerid`,`keycode_certificate`,`payment_certificate`,`refund_through_id` FROM `sm_merchant` WHERE `ma_id` = '1' LIMIT 1   [ RunTime:0.0004s ]
SQL: SHOW COLUMNS FROM `sm_member_list` [ RunTime:0.0132s ]
SQL: SELECT `openid`,`member_name` FROM `sm_member_list` WHERE `member_list_id` = '2192' AND `is_del` = 2 LIMIT 1   [ RunTime:0.0003s ]
NOTIC: [8] Undefined index: curl_timeout D:\xampp\htdocs\ThinkPHP\Library\Vendor\Pay\Wxpay\WxPayPubHelper.php 第 499 行.
SQL: SELECT `order_type`,`order_no`,`trade_no`,`real_money`,`member_list_id`,`ma_id`,`dishes_id`,`integral` FROM `sm_orders` WHERE `order_id` = '8489' LIMIT 1   [ RunTime:0.0005s ]
SQL: SELECT `appid`,`appsecret`,`keycode`,`partnerid`,`keycode_certificate`,`payment_certificate`,`refund_through_id` FROM `sm_merchant` WHERE `ma_id` = '1' LIMIT 1   [ RunTime:0.0003s ]
SQL: SELECT `openid`,`member_name` FROM `sm_member_list` WHERE `member_list_id` = '2192' AND `is_del` = 2 LIMIT 1   [ RunTime:0.0002s ]

[ 2019-08-08T12:28:17+08:00 ] 27.188.254.70 /index.php?m=Home&c=Drink&a=index&ma_id=1
INFO: [ app_init ] --START--
INFO: Run Behavior\BuildLiteBehavior [ RunTime:0.000015s ]
INFO: [ app_init ] --END-- [ RunTime:0.000535s ]
INFO: [ app_begin ] --START--
INFO: Run Behavior\ReadHtmlCacheBehavior [ RunTime:0.000716s ]
INFO: [ app_begin ] --END-- [ RunTime:0.000768s ]
SQL: SHOW COLUMNS FROM `sm_orders` [ RunTime:0.0110s ]
SQL: SELECT `order_id`,`refund_time` FROM `sm_orders` WHERE `refund` = 1  [ RunTime:0.0296s ]
SQL: SELECT `order_type`,`order_no`,`trade_no`,`real_money`,`member_list_id`,`ma_id`,`dishes_id`,`integral` FROM `sm_orders` WHERE `order_id` = '8485' LIMIT 1   [ RunTime:0.0004s ]
SQL: SHOW COLUMNS FROM `sm_merchant` [ RunTime:0.0090s ]
SQL: SELECT `appid`,`appsecret`,`keycode`,`partnerid`,`keycode_certificate`,`payment_certificate`,`refund_through_id` FROM `sm_merchant` WHERE `ma_id` = '1' LIMIT 1   [ RunTime:0.0004s ]
SQL: SHOW COLUMNS FROM `sm_member_list` [ RunTime:0.0079s ]
SQL: SELECT `openid`,`member_name` FROM `sm_member_list` WHERE `member_list_id` = '2192' AND `is_del` = 2 LIMIT 1   [ RunTime:0.0003s ]
NOTIC: [8] Undefined index: curl_timeout D:\xampp\htdocs\ThinkPHP\Library\Vendor\Pay\Wxpay\WxPayPubHelper.php 第 499 行.
SQL: SELECT `order_type`,`order_no`,`trade_no`,`real_money`,`member_list_id`,`ma_id`,`dishes_id`,`integral` FROM `sm_orders` WHERE `order_id` = '8489' LIMIT 1   [ RunTime:0.0006s ]
SQL: SELECT `appid`,`appsecret`,`keycode`,`partnerid`,`keycode_certificate`,`payment_certificate`,`refund_through_id` FROM `sm_merchant` WHERE `ma_id` = '1' LIMIT 1   [ RunTime:0.0003s ]
SQL: SELECT `openid`,`member_name` FROM `sm_member_list` WHERE `member_list_id` = '2192' AND `is_del` = 2 LIMIT 1   [ RunTime:0.0003s ]

[ 2019-08-08T12:28:17+08:00 ] 27.188.254.70 /index.php?m=Home&c=Oauth&a=login&ma_id=1
INFO: [ app_init ] --START--
INFO: Run Behavior\BuildLiteBehavior [ RunTime:0.000014s ]
INFO: [ app_init ] --END-- [ RunTime:0.000469s ]
INFO: [ app_begin ] --START--
INFO: Run Behavior\ReadHtmlCacheBehavior [ RunTime:0.000589s ]
INFO: [ app_begin ] --END-- [ RunTime:0.000640s ]
SQL: SHOW COLUMNS FROM `sm_merchant` [ RunTime:0.0131s ]
SQL: SELECT `appid`,`appsecret` FROM `sm_merchant` WHERE ( ma_id='1' ) LIMIT 1   [ RunTime:0.0003s ]

[ 2019-08-08T12:28:18+08:00 ] 27.188.254.70 /index.php?m=Home&c=Oauth&a=login&ma_id=1&code=071ntMq52E8fLO0Y3Qm527I4r52ntMq8&state=wx_oauth
INFO: [ app_init ] --START--
INFO: Run Behavior\BuildLiteBehavior [ RunTime:0.000013s ]
INFO: [ app_init ] --END-- [ RunTime:0.000458s ]
INFO: [ app_begin ] --START--
INFO: Run Behavior\ReadHtmlCacheBehavior [ RunTime:0.000570s ]
INFO: [ app_begin ] --END-- [ RunTime:0.000619s ]
SQL: SHOW COLUMNS FROM `sm_merchant` [ RunTime:0.0134s ]
SQL: SELECT `appid`,`appsecret` FROM `sm_merchant` WHERE ( ma_id='1' ) LIMIT 1   [ RunTime:0.0003s ]
SQL: SHOW COLUMNS FROM `sm_member_list` [ RunTime:0.0100s ]
SQL: SELECT * FROM `sm_member_list` WHERE `openid` = 'o6Iva5vEVMReCaRfHFL9Bn7A-BLA' AND `ma_id` = '1' AND `is_del` = 2 LIMIT 1   [ RunTime:0.0006s ]

[ 2019-08-08T12:28:19+08:00 ] 27.188.254.70 /index.php?m=Home&c=Drink&a=index
INFO: [ app_init ] --START--
INFO: Run Behavior\BuildLiteBehavior [ RunTime:0.000014s ]
INFO: [ app_init ] --END-- [ RunTime:0.000475s ]
INFO: [ app_begin ] --START--
INFO: Run Behavior\ReadHtmlCacheBehavior [ RunTime:0.000568s ]
INFO: [ app_begin ] --END-- [ RunTime:0.000617s ]
SQL: SHOW COLUMNS FROM `sm_orders` [ RunTime:0.0090s ]
SQL: SELECT `order_id`,`refund_time` FROM `sm_orders` WHERE `refund` = 1  [ RunTime:0.0199s ]
SQL: SELECT `order_type`,`order_no`,`trade_no`,`real_money`,`member_list_id`,`ma_id`,`dishes_id`,`integral` FROM `sm_orders` WHERE `order_id` = '8485' LIMIT 1   [ RunTime:0.0003s ]
SQL: SHOW COLUMNS FROM `sm_merchant` [ RunTime:0.0055s ]
SQL: SELECT `appid`,`appsecret`,`keycode`,`partnerid`,`keycode_certificate`,`payment_certificate`,`refund_through_id` FROM `sm_merchant` WHERE `ma_id` = '1' LIMIT 1   [ RunTime:0.0003s ]
SQL: SHOW COLUMNS FROM `sm_member_list` [ RunTime:0.0051s ]
SQL: SELECT `openid`,`member_name` FROM `sm_member_list` WHERE `member_list_id` = '2192' AND `is_del` = 2 LIMIT 1   [ RunTime:0.0004s ]
NOTIC: [8] Undefined index: curl_timeout D:\xampp\htdocs\ThinkPHP\Library\Vendor\Pay\Wxpay\WxPayPubHelper.php 第 499 行.
SQL: SELECT `order_type`,`order_no`,`trade_no`,`real_money`,`member_list_id`,`ma_id`,`dishes_id`,`integral` FROM `sm_orders` WHERE `order_id` = '8489' LIMIT 1   [ RunTime:0.0005s ]
SQL: SELECT `appid`,`appsecret`,`keycode`,`partnerid`,`keycode_certificate`,`payment_certificate`,`refund_through_id` FROM `sm_merchant` WHERE `ma_id` = '1' LIMIT 1   [ RunTime:0.0003s ]
SQL: SELECT `openid`,`member_name` FROM `sm_member_list` WHERE `member_list_id` = '2192' AND `is_del` = 2 LIMIT 1   [ RunTime:0.0002s ]
SQL: SELECT `is_open` FROM `sm_member_list` WHERE `member_list_id` = '1623' LIMIT 1   [ RunTime:0.0005s ]
SQL: SELECT `is_del` FROM `sm_member_list` WHERE `member_list_id` = '1623' LIMIT 1   [ RunTime:0.0002s ]
SQL: SELECT `order_id` FROM `sm_orders` WHERE `order_status` = 2 AND `refund` <> 1 AND ( `effect_time` >= 1565193600 AND `effect_time` <= 1565279999  )  [ RunTime:0.0033s ]
SQL: SHOW COLUMNS FROM `sm_order_goods` [ RunTime:0.0130s ]
SQL: SHOW COLUMNS FROM `sm_dishes` [ RunTime:0.0119s ]
SQL: SELECT `dishes_id`,`create_time`,`order_status`,`order_id`,`order_type` FROM `sm_orders` WHERE `order_status` = 1  [ RunTime:0.0003s ]
SQL: SHOW COLUMNS FROM `sm_integral_order` [ RunTime:0.0053s ]
SQL: SELECT * FROM `sm_integral_order` WHERE `status` = 2  [ RunTime:0.0006s ]
SQL: SELECT * FROM `sm_orders` WHERE `order_status` = 4 AND `deliver_type` = 1  [ RunTime:0.0004s ]
SQL: SHOW COLUMNS FROM `sm_stall` [ RunTime:0.0078s ]
SQL: SELECT `ma_id` FROM `sm_merchant` WHERE `delete` = 1 AND `is_open` = 1 AND `due_deadline` > 1565238499 AND `ma_id` = '1' LIMIT 1   [ RunTime:0.0003s ]
SQL: SELECT `status` FROM `sm_member_list` WHERE `member_list_id` = '1623' AND `is_del` = 2 LIMIT 1   [ RunTime:0.0002s ]
SQL: SHOW COLUMNS FROM `sm_merchant_banner` [ RunTime:0.0077s ]
SQL: SELECT * FROM `sm_merchant_banner` WHERE `ma_id` = 1  [ RunTime:0.0003s ]
SQL: SELECT a.dishes_id,a.pic_url,a.dishes_name,a.type FROM sm_dishes a LEFT JOIN sm_stall as b on a.stall = b.stall_id  WHERE a.is_del = 2 AND a.ma_id = '1' AND a.state = 1 AND a.statue = 2 AND a.num > 0 AND b.delete = 2 AND b.is_freeze = 2 ORDER BY a.sort ASC,a.addtime DESC LIMIT 6   [ RunTime:0.0086s ]
SQL: SELECT COUNT(*) AS tp_count FROM `sm_stall` WHERE `delete` = 2 AND `is_freeze` = 2 AND `ma_id` = '1' ORDER BY `sort` asc LIMIT 1   [ RunTime:0.0006s ]
SQL: SELECT `appid`,`appsecret`,`saturation` FROM `sm_merchant` WHERE ( ma_id='1' ) LIMIT 1   [ RunTime:0.0003s ]
INFO: [ view_parse ] --START--
INFO: [ template_filter ] --START--
INFO: Run Behavior\ContentReplaceBehavior [ RunTime:0.000123s ]
INFO: [ template_filter ] --END-- [ RunTime:0.000174s ]
INFO: Run Behavior\ParseTemplateBehavior [ RunTime:0.110075s ]
INFO: [ view_parse ] --END-- [ RunTime:0.110146s ]
INFO: [ view_filter ] --START--
INFO: Run Behavior\WriteHtmlCacheBehavior [ RunTime:0.000578s ]
INFO: [ view_filter ] --END-- [ RunTime:0.000618s ]
INFO: [ app_end ] --START--
INFO: Run Behavior\ShowPageTraceBehavior [ RunTime:0.000716s ]
INFO: [ app_end ] --END-- [ RunTime:0.000760s ]

[ 2019-08-08T12:28:22+08:00 ] 27.188.254.70 /index.php?m=Home&c=Drink&a=indexLists&page=1&psize=10
INFO: [ app_init ] --START--
INFO: Run Behavior\BuildLiteBehavior [ RunTime:0.000017s ]
INFO: [ app_init ] --END-- [ RunTime:0.000499s ]
INFO: [ app_begin ] --START--
INFO: Run Behavior\ReadHtmlCacheBehavior [ RunTime:0.000685s ]
INFO: [ app_begin ] --END-- [ RunTime:0.000735s ]
SQL: SHOW COLUMNS FROM `sm_orders` [ RunTime:0.0128s ]
SQL: SELECT `order_id`,`refund_time` FROM `sm_orders` WHERE `refund` = 1  [ RunTime:0.0264s ]
SQL: SELECT `order_type`,`order_no`,`trade_no`,`real_money`,`member_list_id`,`ma_id`,`dishes_id`,`integral` FROM `sm_orders` WHERE `order_id` = '8485' LIMIT 1   [ RunTime:0.0004s ]
SQL: SHOW COLUMNS FROM `sm_merchant` [ RunTime:0.0109s ]
SQL: SELECT `appid`,`appsecret`,`keycode`,`partnerid`,`keycode_certificate`,`payment_certificate`,`refund_through_id` FROM `sm_merchant` WHERE `ma_id` = '1' LIMIT 1   [ RunTime:0.0003s ]
SQL: SHOW COLUMNS FROM `sm_member_list` [ RunTime:0.0080s ]
SQL: SELECT `openid`,`member_name` FROM `sm_member_list` WHERE `member_list_id` = '2192' AND `is_del` = 2 LIMIT 1   [ RunTime:0.0003s ]
NOTIC: [8] Undefined index: curl_timeout D:\xampp\htdocs\ThinkPHP\Library\Vendor\Pay\Wxpay\WxPayPubHelper.php 第 499 行.
SQL: SELECT `order_type`,`order_no`,`trade_no`,`real_money`,`member_list_id`,`ma_id`,`dishes_id`,`integral` FROM `sm_orders` WHERE `order_id` = '8489' LIMIT 1   [ RunTime:0.0005s ]
SQL: SELECT `appid`,`appsecret`,`keycode`,`partnerid`,`keycode_certificate`,`payment_certificate`,`refund_through_id` FROM `sm_merchant` WHERE `ma_id` = '1' LIMIT 1   [ RunTime:0.0003s ]
SQL: SELECT `openid`,`member_name` FROM `sm_member_list` WHERE `member_list_id` = '2192' AND `is_del` = 2 LIMIT 1   [ RunTime:0.0002s ]
SQL: SELECT `is_open` FROM `sm_member_list` WHERE `member_list_id` = '1623' LIMIT 1   [ RunTime:0.0005s ]
SQL: SELECT `is_del` FROM `sm_member_list` WHERE `member_list_id` = '1623' LIMIT 1   [ RunTime:0.0002s ]
SQL: SELECT `order_id` FROM `sm_orders` WHERE `order_status` = 2 AND `refund` <> 1 AND ( `effect_time` >= 1565193600 AND `effect_time` <= 1565279999  )  [ RunTime:0.0003s ]
SQL: SHOW COLUMNS FROM `sm_order_goods` [ RunTime:0.0146s ]
SQL: SHOW COLUMNS FROM `sm_dishes` [ RunTime:0.0089s ]
SQL: SELECT `dishes_id`,`create_time`,`order_status`,`order_id`,`order_type` FROM `sm_orders` WHERE `order_status` = 1  [ RunTime:0.0004s ]
SQL: SHOW COLUMNS FROM `sm_integral_order` [ RunTime:0.0051s ]
SQL: SELECT * FROM `sm_integral_order` WHERE `status` = 2  [ RunTime:0.0006s ]
SQL: SELECT * FROM `sm_orders` WHERE `order_status` = 4 AND `deliver_type` = 1  [ RunTime:0.0004s ]
SQL: SHOW COLUMNS FROM `sm_stall` [ RunTime:0.0080s ]
SQL: SELECT `ma_id` FROM `sm_merchant` WHERE `delete` = 1 AND `is_open` = 1 AND `due_deadline` > 1565238502 AND `ma_id` = '1' LIMIT 1   [ RunTime:0.0003s ]
SQL: SELECT `stall_id`,`image`,`stall_name`,`score`,`addtime`,`on_the_pin`,`stall_type` FROM sm_stall a WHERE `delete` = 2 AND `is_freeze` = 2 AND `ma_id` = '1' ORDER BY `sort` asc,`on_the_pin` DESC,`addtime` DESC LIMIT 0,10   [ RunTime:0.0006s ]
NOTIC: [8] Use of undefined constant stall_id - assumed 'stall_id' D:\xampp\htdocs\app\Home\Controller\DrinkController.class.php 第 337 行.
NOTIC: [8] Use of undefined constant stall_type - assumed 'stall_type' D:\xampp\htdocs\app\Home\Controller\DrinkController.class.php 第 337 行.
NOTIC: [8] Use of undefined constant image - assumed 'image' D:\xampp\htdocs\app\Home\Controller\DrinkController.class.php 第 338 行.
NOTIC: [8] Use of undefined constant stall_name - assumed 'stall_name' D:\xampp\htdocs\app\Home\Controller\DrinkController.class.php 第 340 行.
NOTIC: [8] Use of undefined constant score - assumed 'score' D:\xampp\htdocs\app\Home\Controller\DrinkController.class.php 第 345 行.
NOTIC: [8] Use of undefined constant score - assumed 'score' D:\xampp\htdocs\app\Home\Controller\DrinkController.class.php 第 348 行.
NOTIC: [8] Use of undefined constant on_the_pin - assumed 'on_the_pin' D:\xampp\htdocs\app\Home\Controller\DrinkController.class.php 第 350 行.
NOTIC: [8] Use of undefined constant stall_id - assumed 'stall_id' D:\xampp\htdocs\app\Home\Controller\DrinkController.class.php 第 337 行.
NOTIC: [8] Use of undefined constant stall_type - assumed 'stall_type' D:\xampp\htdocs\app\Home\Controller\DrinkController.class.php 第 337 行.
NOTIC: [8] Use of undefined constant image - assumed 'image' D:\xampp\htdocs\app\Home\Controller\DrinkController.class.php 第 338 行.
NOTIC: [8] Use of undefined constant stall_name - assumed 'stall_name' D:\xampp\htdocs\app\Home\Controller\DrinkController.class.php 第 340 行.
NOTIC: [8] Use of undefined constant score - assumed 'score' D:\xampp\htdocs\app\Home\Controller\DrinkController.class.php 第 345 行.
NOTIC: [8] Use of undefined constant score - assumed 'score' D:\xampp\htdocs\app\Home\Controller\DrinkController.class.php 第 348 行.
NOTIC: [8] Use of undefined constant on_the_pin - assumed 'on_the_pin' D:\xampp\htdocs\app\Home\Controller\DrinkController.class.php 第 350 行.
NOTIC: [8] Use of undefined constant stall_id - assumed 'stall_id' D:\xampp\htdocs\app\Home\Controller\DrinkController.class.php 第 337 行.
NOTIC: [8] Use of undefined constant stall_type - assumed 'stall_type' D:\xampp\htdocs\app\Home\Controller\DrinkController.class.php 第 337 行.
NOTIC: [8] Use of undefined constant image - assumed 'image' D:\xampp\htdocs\app\Home\Controller\DrinkController.class.php 第 338 行.
NOTIC: [8] Use of undefined constant stall_name - assumed 'stall_name' D:\xampp\htdocs\app\Home\Controller\DrinkController.class.php 第 340 行.
NOTIC: [8] Use of undefined constant score - assumed 'score' D:\xampp\htdocs\app\Home\Controller\DrinkController.class.php 第 345 行.
NOTIC: [8] Use of undefined constant score - assumed 'score' D:\xampp\htdocs\app\Home\Controller\DrinkController.class.php 第 348 行.
NOTIC: [8] Use of undefined constant on_the_pin - assumed 'on_the_pin' D:\xampp\htdocs\app\Home\Controller\DrinkController.class.php 第 350 行.
NOTIC: [8] Use of undefined constant stall_id - assumed 'stall_id' D:\xampp\htdocs\app\Home\Controller\DrinkController.class.php 第 337 行.
NOTIC: [8] Use of undefined constant stall_type - assumed 'stall_type' D:\xampp\htdocs\app\Home\Controller\DrinkController.class.php 第 337 行.
NOTIC: [8] Use of undefined constant image - assumed 'image' D:\xampp\htdocs\app\Home\Controller\DrinkController.class.php 第 338 行.
NOTIC: [8] Use of undefined constant stall_name - assumed 'stall_name' D:\xampp\htdocs\app\Home\Controller\DrinkController.class.php 第 340 行.
NOTIC: [8] Use of undefined constant score - assumed 'score' D:\xampp\htdocs\app\Home\Controller\DrinkController.class.php 第 345 行.
NOTIC: [8] Use of undefined constant score - assumed 'score' D:\xampp\htdocs\app\Home\Controller\DrinkController.class.php 第 348 行.
NOTIC: [8] Use of undefined constant on_the_pin - assumed 'on_the_pin' D:\xampp\htdocs\app\Home\Controller\DrinkController.class.php 第 350 行.
NOTIC: [8] Use of undefined constant stall_id - assumed 'stall_id' D:\xampp\htdocs\app\Home\Controller\DrinkController.class.php 第 337 行.
NOTIC: [8] Use of undefined constant stall_type - assumed 'stall_type' D:\xampp\htdocs\app\Home\Controller\DrinkController.class.php 第 337 行.
NOTIC: [8] Use of undefined constant image - assumed 'image' D:\xampp\htdocs\app\Home\Controller\DrinkController.class.php 第 338 行.
NOTIC: [8] Use of undefined constant stall_name - assumed 'stall_name' D:\xampp\htdocs\app\Home\Controller\DrinkController.class.php 第 340 行.
NOTIC: [8] Use of undefined constant score - assumed 'score' D:\xampp\htdocs\app\Home\Controller\DrinkController.class.php 第 345 行.
NOTIC: [8] Use of undefined constant score - assumed 'score' D:\xampp\htdocs\app\Home\Controller\DrinkController.class.php 第 348 行.
NOTIC: [8] Use of undefined constant on_the_pin - assumed 'on_the_pin' D:\xampp\htdocs\app\Home\Controller\DrinkController.class.php 第 350 行.
NOTIC: [8] Use of undefined constant stall_id - assumed 'stall_id' D:\xampp\htdocs\app\Home\Controller\DrinkController.class.php 第 337 行.
NOTIC: [8] Use of undefined constant stall_type - assumed 'stall_type' D:\xampp\htdocs\app\Home\Controller\DrinkController.class.php 第 337 行.
NOTIC: [8] Use of undefined constant image - assumed 'image' D:\xampp\htdocs\app\Home\Controller\DrinkController.class.php 第 338 行.
NOTIC: [8] Use of undefined constant stall_name - assumed 'stall_name' D:\xampp\htdocs\app\Home\Controller\DrinkController.class.php 第 340 行.
NOTIC: [8] Use of undefined constant score - assumed 'score' D:\xampp\htdocs\app\Home\Controller\DrinkController.class.php 第 345 行.
NOTIC: [8] Use of undefined constant score - assumed 'score' D:\xampp\htdocs\app\Home\Controller\DrinkController.class.php 第 345 行.
NOTIC: [8] Use of undefined constant score - assumed 'score' D:\xampp\htdocs\app\Home\Controller\DrinkController.class.php 第 348 行.
NOTIC: [8] Use of undefined constant on_the_pin - assumed 'on_the_pin' D:\xampp\htdocs\app\Home\Controller\DrinkController.class.php 第 350 行.
NOTIC: [8] Use of undefined constant stall_id - assumed 'stall_id' D:\xampp\htdocs\app\Home\Controller\DrinkController.class.php 第 337 行.
NOTIC: [8] Use of undefined constant stall_type - assumed 'stall_type' D:\xampp\htdocs\app\Home\Controller\DrinkController.class.php 第 337 行.
NOTIC: [8] Use of undefined constant image - assumed 'image' D:\xampp\htdocs\app\Home\Controller\DrinkController.class.php 第 338 行.
NOTIC: [8] Use of undefined constant stall_name - assumed 'stall_name' D:\xampp\htdocs\app\Home\Controller\DrinkController.class.php 第 340 行.
NOTIC: [8] Use of undefined constant score - assumed 'score' D:\xampp\htdocs\app\Home\Controller\DrinkController.class.php 第 345 行.
NOTIC: [8] Use of undefined constant score - assumed 'score' D:\xampp\htdocs\app\Home\Controller\DrinkController.class.php 第 348 行.
NOTIC: [8] Use of undefined constant on_the_pin - assumed 'on_the_pin' D:\xampp\htdocs\app\Home\Controller\DrinkController.class.php 第 350 行.
NOTIC: [8] Use of undefined constant stall_id - assumed 'stall_id' D:\xampp\htdocs\app\Home\Controller\DrinkController.class.php 第 337 行.
NOTIC: [8] Use of undefined constant stall_type - assumed 'stall_type' D:\xampp\htdocs\app\Home\Controller\DrinkController.class.php 第 337 行.
NOTIC: [8] Use of undefined constant image - assumed 'image' D:\xampp\htdocs\app\Home\Controller\DrinkController.class.php 第 338 行.
NOTIC: [8] Use of undefined constant stall_name - assumed 'stall_name' D:\xampp\htdocs\app\Home\Controller\DrinkController.class.php 第 340 行.
NOTIC: [8] Use of undefined constant score - assumed 'score' D:\xampp\htdocs\app\Home\Controller\DrinkController.class.php 第 345 行.
NOTIC: [8] Use of undefined constant score - assumed 'score' D:\xampp\htdocs\app\Home\Controller\DrinkController.class.php 第 348 行.
NOTIC: [8] Use of undefined constant on_the_pin - assumed 'on_the_pin' D:\xampp\htdocs\app\Home\Controller\DrinkController.class.php 第 350 行.
NOTIC: [8] Use of undefined constant stall_id - assumed 'stall_id' D:\xampp\htdocs\app\Home\Controller\DrinkController.class.php 第 337 行.
NOTIC: [8] Use of undefined constant stall_type - assumed 'stall_type' D:\xampp\htdocs\app\Home\Controller\DrinkController.class.php 第 337 行.
NOTIC: [8] Use of undefined constant image - assumed 'image' D:\xampp\htdocs\app\Home\Controller\DrinkController.class.php 第 338 行.
NOTIC: [8] Use of undefined constant stall_name - assumed 'stall_name' D:\xampp\htdocs\app\Home\Controller\DrinkController.class.php 第 340 行.
NOTIC: [8] Use of undefined constant score - assumed 'score' D:\xampp\htdocs\app\Home\Controller\DrinkController.class.php 第 345 行.
NOTIC: [8] Use of undefined constant score - assumed 'score' D:\xampp\htdocs\app\Home\Controller\DrinkController.class.php 第 345 行.
NOTIC: [8] Use of undefined constant score - assumed 'score' D:\xampp\htdocs\app\Home\Controller\DrinkController.class.php 第 348 行.
NOTIC: [8] Use of undefined constant on_the_pin - assumed 'on_the_pin' D:\xampp\htdocs\app\Home\Controller\DrinkController.class.php 第 350 行.
NOTIC: [8] Use of undefined constant stall_id - assumed 'stall_id' D:\xampp\htdocs\app\Home\Controller\DrinkController.class.php 第 337 行.
NOTIC: [8] Use of undefined constant stall_type - assumed 'stall_type' D:\xampp\htdocs\app\Home\Controller\DrinkController.class.php 第 337 行.
NOTIC: [8] Use of undefined constant image - assumed 'image' D:\xampp\htdocs\app\Home\Controller\DrinkController.class.php 第 338 行.
NOTIC: [8] Use of undefined constant stall_name - assumed 'stall_name' D:\xampp\htdocs\app\Home\Controller\DrinkController.class.php 第 340 行.
NOTIC: [8] Use of undefined constant score - assumed 'score' D:\xampp\htdocs\app\Home\Controller\DrinkController.class.php 第 345 行.
NOTIC: [8] Use of undefined constant score - assumed 'score' D:\xampp\htdocs\app\Home\Controller\DrinkController.class.php 第 348 行.
NOTIC: [8] Use of undefined constant on_the_pin - assumed 'on_the_pin' D:\xampp\htdocs\app\Home\Controller\DrinkController.class.php 第 350 行.
INFO: [ app_end ] --START--
INFO: Run Behavior\ShowPageTraceBehavior [ RunTime:0.000833s ]
INFO: [ app_end ] --END-- [ RunTime:0.000876s ]

[ 2019-08-08T12:28:24+08:00 ] 27.188.254.70 /index.php?m=Home&c=Drink&a=distance
INFO: [ app_init ] --START--
INFO: Run Behavior\BuildLiteBehavior [ RunTime:0.000014s ]
INFO: [ app_init ] --END-- [ RunTime:0.000446s ]
INFO: [ app_begin ] --START--
INFO: Run Behavior\ReadHtmlCacheBehavior [ RunTime:0.000571s ]
INFO: [ app_begin ] --END-- [ RunTime:0.000616s ]
SQL: SHOW COLUMNS FROM `sm_orders` [ RunTime:0.0133s ]
SQL: SELECT `order_id`,`refund_time` FROM `sm_orders` WHERE `refund` = 1  [ RunTime:0.0127s ]
SQL: SELECT `order_type`,`order_no`,`trade_no`,`real_money`,`member_list_id`,`ma_id`,`dishes_id`,`integral` FROM `sm_orders` WHERE `order_id` = '8485' LIMIT 1   [ RunTime:0.0003s ]
SQL: SHOW COLUMNS FROM `sm_merchant` [ RunTime:0.0087s ]
SQL: SELECT `appid`,`appsecret`,`keycode`,`partnerid`,`keycode_certificate`,`payment_certificate`,`refund_through_id` FROM `sm_merchant` WHERE `ma_id` = '1' LIMIT 1   [ RunTime:0.0004s ]
SQL: SHOW COLUMNS FROM `sm_member_list` [ RunTime:0.0076s ]
SQL: SELECT `openid`,`member_name` FROM `sm_member_list` WHERE `member_list_id` = '2192' AND `is_del` = 2 LIMIT 1   [ RunTime:0.0003s ]
NOTIC: [8] Undefined index: curl_timeout D:\xampp\htdocs\ThinkPHP\Library\Vendor\Pay\Wxpay\WxPayPubHelper.php 第 499 行.
SQL: SELECT `order_type`,`order_no`,`trade_no`,`real_money`,`member_list_id`,`ma_id`,`dishes_id`,`integral` FROM `sm_orders` WHERE `order_id` = '8489' LIMIT 1   [ RunTime:0.0005s ]
SQL: SELECT `appid`,`appsecret`,`keycode`,`partnerid`,`keycode_certificate`,`payment_certificate`,`refund_through_id` FROM `sm_merchant` WHERE `ma_id` = '1' LIMIT 1   [ RunTime:0.0004s ]
SQL: SELECT `openid`,`member_name` FROM `sm_member_list` WHERE `member_list_id` = '2192' AND `is_del` = 2 LIMIT 1   [ RunTime:0.0004s ]
SQL: SELECT `is_open` FROM `sm_member_list` WHERE `member_list_id` = '1623' LIMIT 1   [ RunTime:0.0005s ]
SQL: SELECT `is_del` FROM `sm_member_list` WHERE `member_list_id` = '1623' LIMIT 1   [ RunTime:0.0002s ]
SQL: SELECT `order_id` FROM `sm_orders` WHERE `order_status` = 2 AND `refund` <> 1 AND ( `effect_time` >= 1565193600 AND `effect_time` <= 1565279999  )  [ RunTime:0.0003s ]
SQL: SHOW COLUMNS FROM `sm_order_goods` [ RunTime:0.0093s ]
SQL: SHOW COLUMNS FROM `sm_dishes` [ RunTime:0.0086s ]
SQL: SELECT `dishes_id`,`create_time`,`order_status`,`order_id`,`order_type` FROM `sm_orders` WHERE `order_status` = 1  [ RunTime:0.0003s ]
SQL: SHOW COLUMNS FROM `sm_integral_order` [ RunTime:0.0051s ]
SQL: SELECT * FROM `sm_integral_order` WHERE `status` = 2  [ RunTime:0.0006s ]
SQL: SELECT * FROM `sm_orders` WHERE `order_status` = 4 AND `deliver_type` = 1  [ RunTime:0.0004s ]
SQL: SHOW COLUMNS FROM `sm_stall` [ RunTime:0.0079s ]
SQL: SELECT `ma_id` FROM `sm_merchant` WHERE `delete` = 1 AND `is_open` = 1 AND `due_deadline` > 1565238504 AND `ma_id` = '1' LIMIT 1   [ RunTime:0.0003s ]
SQL: SELECT `longitude`,`latitude` FROM `sm_merchant` WHERE `ma_id` = '1' LIMIT 1   [ RunTime:0.0002s ]

[ 2019-08-08T12:28:25+08:00 ] 27.188.254.70 /index.php?m=Home&c=Stall&a=dishesDetail&dishes_id=210
INFO: [ app_init ] --START--
INFO: Run Behavior\BuildLiteBehavior [ RunTime:0.000014s ]
INFO: [ app_init ] --END-- [ RunTime:0.000511s ]
INFO: [ app_begin ] --START--
INFO: Run Behavior\ReadHtmlCacheBehavior [ RunTime:0.000690s ]
INFO: [ app_begin ] --END-- [ RunTime:0.000739s ]
SQL: SHOW COLUMNS FROM `sm_orders` [ RunTime:0.0056s ]
SQL: SELECT `order_id`,`refund_time` FROM `sm_orders` WHERE `refund` = 1  [ RunTime:0.0130s ]
SQL: SELECT `order_type`,`order_no`,`trade_no`,`real_money`,`member_list_id`,`ma_id`,`dishes_id`,`integral` FROM `sm_orders` WHERE `order_id` = '8485' LIMIT 1   [ RunTime:0.0004s ]
SQL: SHOW COLUMNS FROM `sm_merchant` [ RunTime:0.0057s ]
SQL: SELECT `appid`,`appsecret`,`keycode`,`partnerid`,`keycode_certificate`,`payment_certificate`,`refund_through_id` FROM `sm_merchant` WHERE `ma_id` = '1' LIMIT 1   [ RunTime:0.0003s ]
SQL: SHOW COLUMNS FROM `sm_member_list` [ RunTime:0.0053s ]
SQL: SELECT `openid`,`member_name` FROM `sm_member_list` WHERE `member_list_id` = '2192' AND `is_del` = 2 LIMIT 1   [ RunTime:0.0003s ]
NOTIC: [8] Undefined index: curl_timeout D:\xampp\htdocs\ThinkPHP\Library\Vendor\Pay\Wxpay\WxPayPubHelper.php 第 499 行.
SQL: SELECT `order_type`,`order_no`,`trade_no`,`real_money`,`member_list_id`,`ma_id`,`dishes_id`,`integral` FROM `sm_orders` WHERE `order_id` = '8489' LIMIT 1   [ RunTime:0.0005s ]
SQL: SELECT `appid`,`appsecret`,`keycode`,`partnerid`,`keycode_certificate`,`payment_certificate`,`refund_through_id` FROM `sm_merchant` WHERE `ma_id` = '1' LIMIT 1   [ RunTime:0.0003s ]
SQL: SELECT `openid`,`member_name` FROM `sm_member_list` WHERE `member_list_id` = '2192' AND `is_del` = 2 LIMIT 1   [ RunTime:0.0003s ]
SQL: SELECT `is_open` FROM `sm_member_list` WHERE `member_list_id` = '1623' LIMIT 1   [ RunTime:0.0005s ]
SQL: SELECT `is_del` FROM `sm_member_list` WHERE `member_list_id` = '1623' LIMIT 1   [ RunTime:0.0002s ]
SQL: SELECT `order_id` FROM `sm_orders` WHERE `order_status` = 2 AND `refund` <> 1 AND ( `effect_time` >= 1565193600 AND `effect_time` <= 1565279999  )  [ RunTime:0.0003s ]
SQL: SHOW COLUMNS FROM `sm_order_goods` [ RunTime:0.0133s ]
SQL: SHOW COLUMNS FROM `sm_dishes` [ RunTime:0.0082s ]
SQL: SELECT `dishes_id`,`create_time`,`order_status`,`order_id`,`order_type` FROM `sm_orders` WHERE `order_status` = 1  [ RunTime:0.0003s ]
SQL: SHOW COLUMNS FROM `sm_integral_order` [ RunTime:0.0051s ]
SQL: SELECT * FROM `sm_integral_order` WHERE `status` = 2  [ RunTime:0.0006s ]
SQL: SELECT * FROM `sm_orders` WHERE `order_status` = 4 AND `deliver_type` = 1  [ RunTime:0.0004s ]
SQL: SHOW COLUMNS FROM `sm_stall` [ RunTime:0.0080s ]
SQL: SHOW COLUMNS FROM `sm_discount` [ RunTime:0.0075s ]
SQL: SHOW COLUMNS FROM `sm_cart` [ RunTime:0.0049s ]
SQL: SELECT * FROM `sm_dishes` WHERE `dishes_id` = '210' LIMIT 1   [ RunTime:0.0004s ]
SQL: SELECT `number` FROM `sm_cart` WHERE `stall_id` = 29 AND `dishes_id` = 210 AND `member_list_id` = 1623 LIMIT 1   [ RunTime:0.0058s ]
SQL: SHOW COLUMNS FROM `sm_comment` [ RunTime:0.0081s ]
SQL: SELECT c.member_list_headpic,c.member_list_nickname,a.dish_score,a.service_score,a.addtime,a.image,a.content,a.order_id FROM sm_comment as a LEFT JOIN sm_order_goods as b on a.order_id = b.order_id LEFT JOIN sm_orders as d on a.order_id = d.order_id LEFT JOIN sm_member_list as c on d.member_list_id = c.member_list_id  WHERE (  a.is_del = 2 OR a.member_list_id = '1623' ) AND b.dishes_id = '210' AND d.order_type = 1 ORDER BY a.addtime DESC LIMIT 3   [ RunTime:0.0175s ]
SQL: SELECT * FROM `sm_order_goods` WHERE `order_id` = '8063'  [ RunTime:0.0003s ]
SQL: SELECT * FROM `sm_order_goods` WHERE `order_id` = '6081'  [ RunTime:0.0003s ]
SQL: SELECT * FROM `sm_order_goods` WHERE `order_id` = '5563'  [ RunTime:0.0002s ]
SQL: SELECT `is_perfect` FROM `sm_member_list` WHERE `member_list_id` = '1623' AND `is_del` = 2 LIMIT 1   [ RunTime:0.0002s ]
SQL: SELECT * FROM `sm_merchant` WHERE `ma_id` = '1' LIMIT 1   [ RunTime:0.0003s ]
INFO: [ view_parse ] --START--
INFO: [ template_filter ] --START--
INFO: Run Behavior\ContentReplaceBehavior [ RunTime:0.000171s ]
INFO: [ template_filter ] --END-- [ RunTime:0.000211s ]
INFO: Run Behavior\ParseTemplateBehavior [ RunTime:0.066672s ]
INFO: [ view_parse ] --END-- [ RunTime:0.066734s ]
INFO: [ view_filter ] --START--
INFO: Run Behavior\WriteHtmlCacheBehavior [ RunTime:0.000622s ]
INFO: [ view_filter ] --END-- [ RunTime:0.000664s ]
INFO: [ app_end ] --START--
INFO: Run Behavior\ShowPageTraceBehavior [ RunTime:0.000748s ]
INFO: [ app_end ] --END-- [ RunTime:0.000797s ]

[ 2019-08-08T12:28:26+08:00 ] 27.188.254.70 /index.php?m=Home&c=Stall&a=cart&stall_id=29
INFO: [ app_init ] --START--
INFO: Run Behavior\BuildLiteBehavior [ RunTime:0.000013s ]
INFO: [ app_init ] --END-- [ RunTime:0.000458s ]
INFO: [ app_begin ] --START--
INFO: Run Behavior\ReadHtmlCacheBehavior [ RunTime:0.000582s ]
INFO: [ app_begin ] --END-- [ RunTime:0.000629s ]
SQL: SHOW COLUMNS FROM `sm_orders` [ RunTime:0.0127s ]
SQL: SELECT `order_id`,`refund_time` FROM `sm_orders` WHERE `refund` = 1  [ RunTime:0.0218s ]
SQL: SELECT `order_type`,`order_no`,`trade_no`,`real_money`,`member_list_id`,`ma_id`,`dishes_id`,`integral` FROM `sm_orders` WHERE `order_id` = '8485' LIMIT 1   [ RunTime:0.0004s ]
SQL: SHOW COLUMNS FROM `sm_merchant` [ RunTime:0.0090s ]
SQL: SELECT `appid`,`appsecret`,`keycode`,`partnerid`,`keycode_certificate`,`payment_certificate`,`refund_through_id` FROM `sm_merchant` WHERE `ma_id` = '1' LIMIT 1   [ RunTime:0.0003s ]
SQL: SHOW COLUMNS FROM `sm_member_list` [ RunTime:0.0092s ]
SQL: SELECT `openid`,`member_name` FROM `sm_member_list` WHERE `member_list_id` = '2192' AND `is_del` = 2 LIMIT 1   [ RunTime:0.0003s ]
NOTIC: [8] Undefined index: curl_timeout D:\xampp\htdocs\ThinkPHP\Library\Vendor\Pay\Wxpay\WxPayPubHelper.php 第 499 行.
SQL: SELECT `order_type`,`order_no`,`trade_no`,`real_money`,`member_list_id`,`ma_id`,`dishes_id`,`integral` FROM `sm_orders` WHERE `order_id` = '8489' LIMIT 1   [ RunTime:0.0005s ]
SQL: SELECT `appid`,`appsecret`,`keycode`,`partnerid`,`keycode_certificate`,`payment_certificate`,`refund_through_id` FROM `sm_merchant` WHERE `ma_id` = '1' LIMIT 1   [ RunTime:0.0003s ]
SQL: SELECT `openid`,`member_name` FROM `sm_member_list` WHERE `member_list_id` = '2192' AND `is_del` = 2 LIMIT 1   [ RunTime:0.0002s ]
SQL: SELECT `is_open` FROM `sm_member_list` WHERE `member_list_id` = '1623' LIMIT 1   [ RunTime:0.0005s ]
SQL: SELECT `is_del` FROM `sm_member_list` WHERE `member_list_id` = '1623' LIMIT 1   [ RunTime:0.0002s ]
SQL: SELECT `order_id` FROM `sm_orders` WHERE `order_status` = 2 AND `refund` <> 1 AND ( `effect_time` >= 1565193600 AND `effect_time` <= 1565279999  )  [ RunTime:0.0003s ]
SQL: SHOW COLUMNS FROM `sm_order_goods` [ RunTime:0.0098s ]
SQL: SHOW COLUMNS FROM `sm_dishes` [ RunTime:0.0084s ]
SQL: SELECT `dishes_id`,`create_time`,`order_status`,`order_id`,`order_type` FROM `sm_orders` WHERE `order_status` = 1  [ RunTime:0.0003s ]
SQL: SHOW COLUMNS FROM `sm_integral_order` [ RunTime:0.0053s ]
SQL: SELECT * FROM `sm_integral_order` WHERE `status` = 2  [ RunTime:0.0058s ]
SQL: SELECT * FROM `sm_orders` WHERE `order_status` = 4 AND `deliver_type` = 1  [ RunTime:0.0004s ]
SQL: SHOW COLUMNS FROM `sm_stall` [ RunTime:0.0104s ]
SQL: SHOW COLUMNS FROM `sm_cart` [ RunTime:0.0077s ]
SQL: SELECT * FROM sm_cart as a LEFT JOIN sm_dishes as b on a.dishes_id = b.dishes_id  WHERE a.stall_id = '29' AND a.member_list_id = '1623' ORDER BY a.addtime DESC  [ RunTime:0.0007s ]
SQL: SHOW COLUMNS FROM `sm_discount` [ RunTime:0.0049s ]
SQL: SELECT `discount` FROM `sm_discount` WHERE `ma_id` = '1' AND `start_time` <= '1228' AND `end_time` >= '1228' LIMIT 1   [ RunTime:0.0003s ]

[ 2019-08-08T12:28:28+08:00 ] 27.188.254.70 /index.php?m=Home&c=Stall&a=confirmOrder&stall_id=29&all=21
INFO: [ app_init ] --START--
INFO: Run Behavior\BuildLiteBehavior [ RunTime:0.000013s ]
INFO: [ app_init ] --END-- [ RunTime:0.000455s ]
INFO: [ app_begin ] --START--
INFO: Run Behavior\ReadHtmlCacheBehavior [ RunTime:0.000572s ]
INFO: [ app_begin ] --END-- [ RunTime:0.000622s ]
SQL: SHOW COLUMNS FROM `sm_orders` [ RunTime:0.0133s ]
SQL: SELECT `order_id`,`refund_time` FROM `sm_orders` WHERE `refund` = 1  [ RunTime:0.0166s ]
SQL: SELECT `order_type`,`order_no`,`trade_no`,`real_money`,`member_list_id`,`ma_id`,`dishes_id`,`integral` FROM `sm_orders` WHERE `order_id` = '8485' LIMIT 1   [ RunTime:0.0005s ]
SQL: SHOW COLUMNS FROM `sm_merchant` [ RunTime:0.0085s ]
SQL: SELECT `appid`,`appsecret`,`keycode`,`partnerid`,`keycode_certificate`,`payment_certificate`,`refund_through_id` FROM `sm_merchant` WHERE `ma_id` = '1' LIMIT 1   [ RunTime:0.0003s ]
SQL: SHOW COLUMNS FROM `sm_member_list` [ RunTime:0.0075s ]
SQL: SELECT `openid`,`member_name` FROM `sm_member_list` WHERE `member_list_id` = '2192' AND `is_del` = 2 LIMIT 1   [ RunTime:0.0003s ]
NOTIC: [8] Undefined index: curl_timeout D:\xampp\htdocs\ThinkPHP\Library\Vendor\Pay\Wxpay\WxPayPubHelper.php 第 499 行.
SQL: SELECT `order_type`,`order_no`,`trade_no`,`real_money`,`member_list_id`,`ma_id`,`dishes_id`,`integral` FROM `sm_orders` WHERE `order_id` = '8489' LIMIT 1   [ RunTime:0.0005s ]
SQL: SELECT `appid`,`appsecret`,`keycode`,`partnerid`,`keycode_certificate`,`payment_certificate`,`refund_through_id` FROM `sm_merchant` WHERE `ma_id` = '1' LIMIT 1   [ RunTime:0.0003s ]
SQL: SELECT `openid`,`member_name` FROM `sm_member_list` WHERE `member_list_id` = '2192' AND `is_del` = 2 LIMIT 1   [ RunTime:0.0002s ]
SQL: SELECT `is_open` FROM `sm_member_list` WHERE `member_list_id` = '1623' LIMIT 1   [ RunTime:0.0005s ]
SQL: SELECT `is_del` FROM `sm_member_list` WHERE `member_list_id` = '1623' LIMIT 1   [ RunTime:0.0002s ]
SQL: SELECT `order_id` FROM `sm_orders` WHERE `order_status` = 2 AND `refund` <> 1 AND ( `effect_time` >= 1565193600 AND `effect_time` <= 1565279999  )  [ RunTime:0.0004s ]
SQL: SHOW COLUMNS FROM `sm_order_goods` [ RunTime:0.0126s ]
SQL: SHOW COLUMNS FROM `sm_dishes` [ RunTime:0.0076s ]
SQL: SELECT `dishes_id`,`create_time`,`order_status`,`order_id`,`order_type` FROM `sm_orders` WHERE `order_status` = 1  [ RunTime:0.0003s ]
SQL: SHOW COLUMNS FROM `sm_integral_order` [ RunTime:0.0050s ]
SQL: SELECT * FROM `sm_integral_order` WHERE `status` = 2  [ RunTime:0.0006s ]
SQL: SELECT * FROM `sm_orders` WHERE `order_status` = 4 AND `deliver_type` = 1  [ RunTime:0.0004s ]
SQL: SHOW COLUMNS FROM `sm_stall` [ RunTime:0.0075s ]
SQL: SELECT * FROM `sm_merchant` WHERE `ma_id` = '1' LIMIT 1   [ RunTime:0.0004s ]
SQL: SHOW COLUMNS FROM `sm_stall` [ RunTime:0.0048s ]
SQL: SELECT * FROM sm_stall as a LEFT JOIN sm_merchant as b on a.ma_id = b.ma_id  WHERE `stall_id` = '29' LIMIT 1   [ RunTime:0.0005s ]
SQL: SHOW COLUMNS FROM `sm_cart` [ RunTime:0.0081s ]
SQL: SELECT * FROM sm_cart as a LEFT JOIN sm_dishes as b on a.dishes_id = b.dishes_id  WHERE `member_list_id` = '1623' AND `stall_id` = '29' ORDER BY a.addtime DESC  [ RunTime:0.0006s ]
SQL: SHOW COLUMNS FROM `sm_discount` [ RunTime:0.0047s ]
SQL: SELECT `discount` FROM `sm_discount` WHERE `ma_id` = '1' AND `start_time` <= '1228' AND `end_time` >= '1228' LIMIT 1   [ RunTime:0.0003s ]
NOTIC: [8] Undefined index: allmoney D:\xampp\htdocs\app\Home\Controller\StallController.class.php 第 616 行.
NOTIC: [8] Undefined index: allmoneys D:\xampp\htdocs\app\Home\Controller\StallController.class.php 第 618 行.
SQL: SHOW COLUMNS FROM `sm_sysconfig` [ RunTime:0.0076s ]
SQL: SELECT `value` FROM `sm_sysconfig` WHERE `varname` = 'cfg_integral' LIMIT 1   [ RunTime:0.0003s ]
SQL: SELECT * FROM `sm_member_list` WHERE `member_list_id` = '1623' AND `is_del` = 2 LIMIT 1   [ RunTime:0.0004s ]
SQL: SELECT `status` FROM `sm_merchant` WHERE `ma_id` = '1' LIMIT 1   [ RunTime:0.0003s ]
SQL: SHOW COLUMNS FROM `sm_member_address` [ RunTime:0.0077s ]
SQL: SELECT a.*,ROUND(6378.138*2*ASIN(SQRT(POW(SIN((36.565853118896484*PI()/180-a.latitude*PI()/180)/2),2)+COS(27.237843*PI()/180)*COS(a.latitude*PI()/180)*POW(SIN((114.47985076904297*PI()/180-a.longitude*PI()/180)/2),2)))*1000) AS juli FROM sm_member_address as a WHERE a.member_list_id = '1623' AND a.is_del = 2 ORDER BY `juli` asc LIMIT 1   [ RunTime:0.0005s ]
SQL: SELECT `stature`,`weight` FROM `sm_member_list` WHERE `member_list_id` = '1623' AND `is_del` = 2 LIMIT 1   [ RunTime:0.0002s ]
INFO: [ view_parse ] --START--
INFO: [ template_filter ] --START--
INFO: Run Behavior\ContentReplaceBehavior [ RunTime:0.000138s ]
INFO: [ template_filter ] --END-- [ RunTime:0.000180s ]
NOTIC: [8] Undefined variable: address_id D:\xampp\htdocs\data\runtime\Cache\Home\c435d11fa2e58fe656ecf4a87721bf31.php 第 29 行.
NOTIC: [8] Undefined variable: address_id D:\xampp\htdocs\data\runtime\Cache\Home\c435d11fa2e58fe656ecf4a87721bf31.php 第 117 行.
NOTIC: [8] Array to string conversion D:\xampp\htdocs\data\runtime\Cache\Home\c435d11fa2e58fe656ecf4a87721bf31.php 第 165 行.
NOTIC: [8] Undefined variable: address_id D:\xampp\htdocs\data\runtime\Cache\Home\c435d11fa2e58fe656ecf4a87721bf31.php 第 215 行.
INFO: Run Behavior\ParseTemplateBehavior [ RunTime:0.066155s ]
INFO: [ view_parse ] --END-- [ RunTime:0.066204s ]
INFO: [ view_filter ] --START--
INFO: Run Behavior\WriteHtmlCacheBehavior [ RunTime:0.000487s ]
INFO: [ view_filter ] --END-- [ RunTime:0.000526s ]
INFO: [ app_end ] --START--
INFO: Run Behavior\ShowPageTraceBehavior [ RunTime:0.000637s ]
INFO: [ app_end ] --END-- [ RunTime:0.000680s ]

[ 2019-08-08T12:35:03+08:00 ] 101.89.19.197 /index.php?m=Home&c=Drink&a=index&ma_id=1
INFO: [ app_init ] --START--
INFO: Run Behavior\BuildLiteBehavior [ RunTime:0.000018s ]
INFO: [ app_init ] --END-- [ RunTime:0.000513s ]
INFO: [ app_begin ] --START--
INFO: Run Behavior\ReadHtmlCacheBehavior [ RunTime:0.000769s ]
INFO: [ app_begin ] --END-- [ RunTime:0.000837s ]
SQL: SHOW COLUMNS FROM `sm_orders` [ RunTime:0.0159s ]
SQL: SELECT `order_id`,`refund_time` FROM `sm_orders` WHERE `refund` = 1  [ RunTime:0.0240s ]
SQL: SELECT `order_type`,`order_no`,`trade_no`,`real_money`,`member_list_id`,`ma_id`,`dishes_id`,`integral` FROM `sm_orders` WHERE `order_id` = '8485' LIMIT 1   [ RunTime:0.0004s ]
SQL: SHOW COLUMNS FROM `sm_merchant` [ RunTime:0.0086s ]
SQL: SELECT `appid`,`appsecret`,`keycode`,`partnerid`,`keycode_certificate`,`payment_certificate`,`refund_through_id` FROM `sm_merchant` WHERE `ma_id` = '1' LIMIT 1   [ RunTime:0.0004s ]
SQL: SHOW COLUMNS FROM `sm_member_list` [ RunTime:0.0079s ]
SQL: SELECT `openid`,`member_name` FROM `sm_member_list` WHERE `member_list_id` = '2192' AND `is_del` = 2 LIMIT 1   [ RunTime:0.0003s ]
NOTIC: [8] Undefined index: curl_timeout D:\xampp\htdocs\ThinkPHP\Library\Vendor\Pay\Wxpay\WxPayPubHelper.php 第 499 行.
SQL: SELECT `order_type`,`order_no`,`trade_no`,`real_money`,`member_list_id`,`ma_id`,`dishes_id`,`integral` FROM `sm_orders` WHERE `order_id` = '8489' LIMIT 1   [ RunTime:0.0005s ]
SQL: SELECT `appid`,`appsecret`,`keycode`,`partnerid`,`keycode_certificate`,`payment_certificate`,`refund_through_id` FROM `sm_merchant` WHERE `ma_id` = '1' LIMIT 1   [ RunTime:0.0004s ]
SQL: SELECT `openid`,`member_name` FROM `sm_member_list` WHERE `member_list_id` = '2192' AND `is_del` = 2 LIMIT 1   [ RunTime:0.0003s ]

[ 2019-08-08T12:36:20+08:00 ] 61.129.6.151 /index.php?m=Home&c=Stall&a=confirmOrder&stall_id=29&all=21
INFO: [ app_init ] --START--
INFO: Run Behavior\BuildLiteBehavior [ RunTime:0.000014s ]
INFO: [ app_init ] --END-- [ RunTime:0.000461s ]
INFO: [ app_begin ] --START--
INFO: Run Behavior\ReadHtmlCacheBehavior [ RunTime:0.000595s ]
INFO: [ app_begin ] --END-- [ RunTime:0.000649s ]
SQL: SHOW COLUMNS FROM `sm_orders` [ RunTime:0.0125s ]
SQL: SELECT `order_id`,`refund_time` FROM `sm_orders` WHERE `refund` = 1  [ RunTime:0.0213s ]
SQL: SELECT `order_type`,`order_no`,`trade_no`,`real_money`,`member_list_id`,`ma_id`,`dishes_id`,`integral` FROM `sm_orders` WHERE `order_id` = '8485' LIMIT 1   [ RunTime:0.0004s ]
SQL: SHOW COLUMNS FROM `sm_merchant` [ RunTime:0.0087s ]
SQL: SELECT `appid`,`appsecret`,`keycode`,`partnerid`,`keycode_certificate`,`payment_certificate`,`refund_through_id` FROM `sm_merchant` WHERE `ma_id` = '1' LIMIT 1   [ RunTime:0.0003s ]
SQL: SHOW COLUMNS FROM `sm_member_list` [ RunTime:0.0079s ]
SQL: SELECT `openid`,`member_name` FROM `sm_member_list` WHERE `member_list_id` = '2192' AND `is_del` = 2 LIMIT 1   [ RunTime:0.0003s ]
NOTIC: [8] Undefined index: curl_timeout D:\xampp\htdocs\ThinkPHP\Library\Vendor\Pay\Wxpay\WxPayPubHelper.php 第 499 行.
SQL: SELECT `order_type`,`order_no`,`trade_no`,`real_money`,`member_list_id`,`ma_id`,`dishes_id`,`integral` FROM `sm_orders` WHERE `order_id` = '8489' LIMIT 1   [ RunTime:0.0005s ]
SQL: SELECT `appid`,`appsecret`,`keycode`,`partnerid`,`keycode_certificate`,`payment_certificate`,`refund_through_id` FROM `sm_merchant` WHERE `ma_id` = '1' LIMIT 1   [ RunTime:0.0003s ]
SQL: SELECT `openid`,`member_name` FROM `sm_member_list` WHERE `member_list_id` = '2192' AND `is_del` = 2 LIMIT 1   [ RunTime:0.0002s ]

[ 2019-08-08T12:36:45+08:00 ] 101.91.60.104 /index.php?m=Home&c=Drink&a=index
INFO: [ app_init ] --START--
INFO: Run Behavior\BuildLiteBehavior [ RunTime:0.000016s ]
INFO: [ app_init ] --END-- [ RunTime:0.000494s ]
INFO: [ app_begin ] --START--
INFO: Run Behavior\ReadHtmlCacheBehavior [ RunTime:0.000646s ]
INFO: [ app_begin ] --END-- [ RunTime:0.000700s ]
SQL: SHOW COLUMNS FROM `sm_orders` [ RunTime:0.0129s ]
SQL: SELECT `order_id`,`refund_time` FROM `sm_orders` WHERE `refund` = 1  [ RunTime:0.0155s ]
SQL: SELECT `order_type`,`order_no`,`trade_no`,`real_money`,`member_list_id`,`ma_id`,`dishes_id`,`integral` FROM `sm_orders` WHERE `order_id` = '8485' LIMIT 1   [ RunTime:0.0004s ]
SQL: SHOW COLUMNS FROM `sm_merchant` [ RunTime:0.0088s ]
SQL: SELECT `appid`,`appsecret`,`keycode`,`partnerid`,`keycode_certificate`,`payment_certificate`,`refund_through_id` FROM `sm_merchant` WHERE `ma_id` = '1' LIMIT 1   [ RunTime:0.0004s ]
SQL: SHOW COLUMNS FROM `sm_member_list` [ RunTime:0.0087s ]
SQL: SELECT `openid`,`member_name` FROM `sm_member_list` WHERE `member_list_id` = '2192' AND `is_del` = 2 LIMIT 1   [ RunTime:0.0003s ]
NOTIC: [8] Undefined index: curl_timeout D:\xampp\htdocs\ThinkPHP\Library\Vendor\Pay\Wxpay\WxPayPubHelper.php 第 499 行.
SQL: SELECT `order_type`,`order_no`,`trade_no`,`real_money`,`member_list_id`,`ma_id`,`dishes_id`,`integral` FROM `sm_orders` WHERE `order_id` = '8489' LIMIT 1   [ RunTime:0.0005s ]
SQL: SELECT `appid`,`appsecret`,`keycode`,`partnerid`,`keycode_certificate`,`payment_certificate`,`refund_through_id` FROM `sm_merchant` WHERE `ma_id` = '1' LIMIT 1   [ RunTime:0.0003s ]
SQL: SELECT `openid`,`member_name` FROM `sm_member_list` WHERE `member_list_id` = '2192' AND `is_del` = 2 LIMIT 1   [ RunTime:0.0002s ]

[ 2019-08-08T12:36:50+08:00 ] 101.91.60.110 /index.php?m=Home&c=Stall&a=dishesDetail&dishes_id=210
INFO: [ app_init ] --START--
INFO: Run Behavior\BuildLiteBehavior [ RunTime:0.000013s ]
INFO: [ app_init ] --END-- [ RunTime:0.000480s ]
INFO: [ app_begin ] --START--
INFO: Run Behavior\ReadHtmlCacheBehavior [ RunTime:0.000991s ]
INFO: [ app_begin ] --END-- [ RunTime:0.001064s ]
SQL: SHOW COLUMNS FROM `sm_orders` [ RunTime:0.0123s ]
SQL: SELECT `order_id`,`refund_time` FROM `sm_orders` WHERE `refund` = 1  [ RunTime:0.0121s ]
SQL: SELECT `order_type`,`order_no`,`trade_no`,`real_money`,`member_list_id`,`ma_id`,`dishes_id`,`integral` FROM `sm_orders` WHERE `order_id` = '8485' LIMIT 1   [ RunTime:0.0003s ]
SQL: SHOW COLUMNS FROM `sm_merchant` [ RunTime:0.0085s ]
SQL: SELECT `appid`,`appsecret`,`keycode`,`partnerid`,`keycode_certificate`,`payment_certificate`,`refund_through_id` FROM `sm_merchant` WHERE `ma_id` = '1' LIMIT 1   [ RunTime:0.0004s ]
SQL: SHOW COLUMNS FROM `sm_member_list` [ RunTime:0.0085s ]
SQL: SELECT `openid`,`member_name` FROM `sm_member_list` WHERE `member_list_id` = '2192' AND `is_del` = 2 LIMIT 1   [ RunTime:0.0003s ]
NOTIC: [8] Undefined index: curl_timeout D:\xampp\htdocs\ThinkPHP\Library\Vendor\Pay\Wxpay\WxPayPubHelper.php 第 499 行.
SQL: SELECT `order_type`,`order_no`,`trade_no`,`real_money`,`member_list_id`,`ma_id`,`dishes_id`,`integral` FROM `sm_orders` WHERE `order_id` = '8489' LIMIT 1   [ RunTime:0.0005s ]
SQL: SELECT `appid`,`appsecret`,`keycode`,`partnerid`,`keycode_certificate`,`payment_certificate`,`refund_through_id` FROM `sm_merchant` WHERE `ma_id` = '1' LIMIT 1   [ RunTime:0.0003s ]
SQL: SELECT `openid`,`member_name` FROM `sm_member_list` WHERE `member_list_id` = '2192' AND `is_del` = 2 LIMIT 1   [ RunTime:0.0002s ]

[ 2019-08-08T18:56:38+08:00 ] 123.234.178.106 /index.php?m=Home&c=Drink&a=index&ma_id=1
INFO: [ app_init ] --START--
INFO: Run Behavior\BuildLiteBehavior [ RunTime:0.000015s ]
INFO: [ app_init ] --END-- [ RunTime:0.000573s ]
INFO: [ app_begin ] --START--
INFO: Run Behavior\ReadHtmlCacheBehavior [ RunTime:0.000785s ]
INFO: [ app_begin ] --END-- [ RunTime:0.000836s ]
SQL: SHOW COLUMNS FROM `sm_orders` [ RunTime:0.0144s ]
SQL: SELECT `order_id`,`refund_time` FROM `sm_orders` WHERE `refund` = 1  [ RunTime:0.0120s ]
SQL: SELECT `order_type`,`order_no`,`trade_no`,`real_money`,`member_list_id`,`ma_id`,`dishes_id`,`integral` FROM `sm_orders` WHERE `order_id` = '8485' LIMIT 1   [ RunTime:0.0003s ]
SQL: SHOW COLUMNS FROM `sm_merchant` [ RunTime:0.0086s ]
SQL: SELECT `appid`,`appsecret`,`keycode`,`partnerid`,`keycode_certificate`,`payment_certificate`,`refund_through_id` FROM `sm_merchant` WHERE `ma_id` = '1' LIMIT 1   [ RunTime:0.0004s ]
SQL: SHOW COLUMNS FROM `sm_member_list` [ RunTime:0.0076s ]
SQL: SELECT `openid`,`member_name` FROM `sm_member_list` WHERE `member_list_id` = '2192' AND `is_del` = 2 LIMIT 1   [ RunTime:0.0003s ]
NOTIC: [8] Undefined index: curl_timeout D:\xampp\htdocs\ThinkPHP\Library\Vendor\Pay\Wxpay\WxPayPubHelper.php 第 499 行.
SQL: SELECT `order_type`,`order_no`,`trade_no`,`real_money`,`member_list_id`,`ma_id`,`dishes_id`,`integral` FROM `sm_orders` WHERE `order_id` = '8489' LIMIT 1   [ RunTime:0.0005s ]
SQL: SELECT `appid`,`appsecret`,`keycode`,`partnerid`,`keycode_certificate`,`payment_certificate`,`refund_through_id` FROM `sm_merchant` WHERE `ma_id` = '1' LIMIT 1   [ RunTime:0.0003s ]
SQL: SELECT `openid`,`member_name` FROM `sm_member_list` WHERE `member_list_id` = '2192' AND `is_del` = 2 LIMIT 1   [ RunTime:0.0002s ]

[ 2019-08-08T18:56:38+08:00 ] 123.234.178.106 /index.php?m=Home&c=Oauth&a=login&ma_id=1
INFO: [ app_init ] --START--
INFO: Run Behavior\BuildLiteBehavior [ RunTime:0.000014s ]
INFO: [ app_init ] --END-- [ RunTime:0.000456s ]
INFO: [ app_begin ] --START--
INFO: Run Behavior\ReadHtmlCacheBehavior [ RunTime:0.000723s ]
INFO: [ app_begin ] --END-- [ RunTime:0.000777s ]
SQL: SHOW COLUMNS FROM `sm_merchant` [ RunTime:0.0129s ]
SQL: SELECT `appid`,`appsecret` FROM `sm_merchant` WHERE ( ma_id='1' ) LIMIT 1   [ RunTime:0.0003s ]

[ 2019-08-08T18:56:39+08:00 ] 123.234.178.106 /index.php?m=Home&c=Oauth&a=login&ma_id=1&code=0216PZyc00V33A1KdNAc0Adfzc06PZyb&state=wx_oauth
INFO: [ app_init ] --START--
INFO: Run Behavior\BuildLiteBehavior [ RunTime:0.000013s ]
INFO: [ app_init ] --END-- [ RunTime:0.000454s ]
INFO: [ app_begin ] --START--
INFO: Run Behavior\ReadHtmlCacheBehavior [ RunTime:0.000709s ]
INFO: [ app_begin ] --END-- [ RunTime:0.000763s ]
SQL: SHOW COLUMNS FROM `sm_merchant` [ RunTime:0.0060s ]
SQL: SELECT `appid`,`appsecret` FROM `sm_merchant` WHERE ( ma_id='1' ) LIMIT 1   [ RunTime:0.0003s ]
SQL: SHOW COLUMNS FROM `sm_member_list` [ RunTime:0.0146s ]
SQL: SELECT * FROM `sm_member_list` WHERE `openid` = 'o6Iva5upTXJDqpqnWUd9yUi8nYVU' AND `ma_id` = '1' AND `is_del` = 2 LIMIT 1   [ RunTime:0.0006s ]
SQL: UPDATE `sm_member_list` SET `unionid`='oykPnw8vniafl_Lvuc-IWE0-V0Ig' WHERE `openid` = 'o6Iva5upTXJDqpqnWUd9yUi8nYVU' [ RunTime:0.0004s ]

[ 2019-08-08T18:56:40+08:00 ] 123.234.178.106 /index.php?m=Home&c=Drink&a=index
INFO: [ app_init ] --START--
INFO: Run Behavior\BuildLiteBehavior [ RunTime:0.000013s ]
INFO: [ app_init ] --END-- [ RunTime:0.000533s ]
INFO: [ app_begin ] --START--
INFO: Run Behavior\ReadHtmlCacheBehavior [ RunTime:0.000697s ]
INFO: [ app_begin ] --END-- [ RunTime:0.000749s ]
SQL: SHOW COLUMNS FROM `sm_orders` [ RunTime:0.0099s ]
SQL: SELECT `order_id`,`refund_time` FROM `sm_orders` WHERE `refund` = 1  [ RunTime:0.0128s ]
SQL: SELECT `order_type`,`order_no`,`trade_no`,`real_money`,`member_list_id`,`ma_id`,`dishes_id`,`integral` FROM `sm_orders` WHERE `order_id` = '8485' LIMIT 1   [ RunTime:0.0003s ]
SQL: SHOW COLUMNS FROM `sm_merchant` [ RunTime:0.0085s ]
SQL: SELECT `appid`,`appsecret`,`keycode`,`partnerid`,`keycode_certificate`,`payment_certificate`,`refund_through_id` FROM `sm_merchant` WHERE `ma_id` = '1' LIMIT 1   [ RunTime:0.0003s ]
SQL: SHOW COLUMNS FROM `sm_member_list` [ RunTime:0.0051s ]
SQL: SELECT `openid`,`member_name` FROM `sm_member_list` WHERE `member_list_id` = '2192' AND `is_del` = 2 LIMIT 1   [ RunTime:0.0003s ]
NOTIC: [8] Undefined index: curl_timeout D:\xampp\htdocs\ThinkPHP\Library\Vendor\Pay\Wxpay\WxPayPubHelper.php 第 499 行.
SQL: SELECT `order_type`,`order_no`,`trade_no`,`real_money`,`member_list_id`,`ma_id`,`dishes_id`,`integral` FROM `sm_orders` WHERE `order_id` = '8489' LIMIT 1   [ RunTime:0.0006s ]
SQL: SELECT `appid`,`appsecret`,`keycode`,`partnerid`,`keycode_certificate`,`payment_certificate`,`refund_through_id` FROM `sm_merchant` WHERE `ma_id` = '1' LIMIT 1   [ RunTime:0.0003s ]
SQL: SELECT `openid`,`member_name` FROM `sm_member_list` WHERE `member_list_id` = '2192' AND `is_del` = 2 LIMIT 1   [ RunTime:0.0003s ]
SQL: SELECT `is_open` FROM `sm_member_list` WHERE `member_list_id` = '788' LIMIT 1   [ RunTime:0.0005s ]
SQL: SELECT `is_del` FROM `sm_member_list` WHERE `member_list_id` = '788' LIMIT 1   [ RunTime:0.0002s ]
SQL: SELECT `order_id` FROM `sm_orders` WHERE `order_status` = 2 AND `refund` <> 1 AND ( `effect_time` >= 1565193600 AND `effect_time` <= 1565279999  )  [ RunTime:0.0088s ]
SQL: SHOW COLUMNS FROM `sm_order_goods` [ RunTime:0.0136s ]
SQL: SHOW COLUMNS FROM `sm_dishes` [ RunTime:0.0085s ]
SQL: SELECT `dishes_id`,`create_time`,`order_status`,`order_id`,`order_type` FROM `sm_orders` WHERE `order_status` = 1  [ RunTime:0.0003s ]
SQL: SHOW COLUMNS FROM `sm_integral_order` [ RunTime:0.0052s ]
SQL: SELECT * FROM `sm_integral_order` WHERE `status` = 2  [ RunTime:0.0006s ]
SQL: SELECT * FROM `sm_orders` WHERE `order_status` = 4 AND `deliver_type` = 1  [ RunTime:0.0004s ]
SQL: SHOW COLUMNS FROM `sm_stall` [ RunTime:0.0079s ]
SQL: SELECT `ma_id` FROM `sm_merchant` WHERE `delete` = 1 AND `is_open` = 1 AND `due_deadline` > 1565261800 AND `ma_id` = '1' LIMIT 1   [ RunTime:0.0003s ]
SQL: SELECT `status` FROM `sm_member_list` WHERE `member_list_id` = '788' AND `is_del` = 2 LIMIT 1   [ RunTime:0.0002s ]
SQL: SHOW COLUMNS FROM `sm_merchant_banner` [ RunTime:0.0077s ]
SQL: SELECT * FROM `sm_merchant_banner` WHERE `ma_id` = 1  [ RunTime:0.0003s ]
SQL: SELECT a.dishes_id,a.pic_url,a.dishes_name,a.type FROM sm_dishes a LEFT JOIN sm_stall as b on a.stall = b.stall_id  WHERE a.is_del = 2 AND a.ma_id = '1' AND a.state = 1 AND a.statue = 2 AND a.num > 0 AND b.delete = 2 AND b.is_freeze = 2 ORDER BY a.sort ASC,a.addtime DESC LIMIT 6   [ RunTime:0.0094s ]
SQL: SELECT COUNT(*) AS tp_count FROM `sm_stall` WHERE `delete` = 2 AND `is_freeze` = 2 AND `ma_id` = '1' ORDER BY `sort` asc LIMIT 1   [ RunTime:0.0005s ]
SQL: SELECT `appid`,`appsecret`,`saturation` FROM `sm_merchant` WHERE ( ma_id='1' ) LIMIT 1   [ RunTime:0.0003s ]
INFO: [ view_parse ] --START--
INFO: [ template_filter ] --START--
INFO: Run Behavior\ContentReplaceBehavior [ RunTime:0.000120s ]
INFO: [ template_filter ] --END-- [ RunTime:0.000170s ]
INFO: Run Behavior\ParseTemplateBehavior [ RunTime:0.049082s ]
INFO: [ view_parse ] --END-- [ RunTime:0.049157s ]
INFO: [ view_filter ] --START--
INFO: Run Behavior\WriteHtmlCacheBehavior [ RunTime:0.000638s ]
INFO: [ view_filter ] --END-- [ RunTime:0.000681s ]
INFO: [ app_end ] --START--
INFO: Run Behavior\ShowPageTraceBehavior [ RunTime:0.000700s ]
INFO: [ app_end ] --END-- [ RunTime:0.000750s ]

[ 2019-08-08T18:56:44+08:00 ] 123.234.178.106 /index.php?m=Home&c=Myorder&a=index
INFO: [ app_init ] --START--
INFO: Run Behavior\BuildLiteBehavior [ RunTime:0.000017s ]
INFO: [ app_init ] --END-- [ RunTime:0.000531s ]
INFO: [ app_begin ] --START--
INFO: Run Behavior\ReadHtmlCacheBehavior [ RunTime:0.000718s ]
INFO: [ app_begin ] --END-- [ RunTime:0.000771s ]
SQL: SHOW COLUMNS FROM `sm_orders` [ RunTime:0.0129s ]
SQL: SELECT `order_id`,`refund_time` FROM `sm_orders` WHERE `refund` = 1  [ RunTime:0.0225s ]
SQL: SELECT `order_type`,`order_no`,`trade_no`,`real_money`,`member_list_id`,`ma_id`,`dishes_id`,`integral` FROM `sm_orders` WHERE `order_id` = '8485' LIMIT 1   [ RunTime:0.0003s ]
SQL: SHOW COLUMNS FROM `sm_merchant` [ RunTime:0.0082s ]
SQL: SELECT `appid`,`appsecret`,`keycode`,`partnerid`,`keycode_certificate`,`payment_certificate`,`refund_through_id` FROM `sm_merchant` WHERE `ma_id` = '1' LIMIT 1   [ RunTime:0.0003s ]
SQL: SHOW COLUMNS FROM `sm_member_list` [ RunTime:0.0077s ]
SQL: SELECT `openid`,`member_name` FROM `sm_member_list` WHERE `member_list_id` = '2192' AND `is_del` = 2 LIMIT 1   [ RunTime:0.0003s ]
NOTIC: [8] Undefined index: curl_timeout D:\xampp\htdocs\ThinkPHP\Library\Vendor\Pay\Wxpay\WxPayPubHelper.php 第 499 行.
SQL: SELECT `order_type`,`order_no`,`trade_no`,`real_money`,`member_list_id`,`ma_id`,`dishes_id`,`integral` FROM `sm_orders` WHERE `order_id` = '8489' LIMIT 1   [ RunTime:0.0005s ]
SQL: SELECT `appid`,`appsecret`,`keycode`,`partnerid`,`keycode_certificate`,`payment_certificate`,`refund_through_id` FROM `sm_merchant` WHERE `ma_id` = '1' LIMIT 1   [ RunTime:0.0003s ]
SQL: SELECT `openid`,`member_name` FROM `sm_member_list` WHERE `member_list_id` = '2192' AND `is_del` = 2 LIMIT 1   [ RunTime:0.0002s ]
SQL: SELECT `is_open` FROM `sm_member_list` WHERE `member_list_id` = '788' LIMIT 1   [ RunTime:0.0005s ]
SQL: SELECT `is_del` FROM `sm_member_list` WHERE `member_list_id` = '788' LIMIT 1   [ RunTime:0.0002s ]
SQL: SELECT `order_id` FROM `sm_orders` WHERE `order_status` = 2 AND `refund` <> 1 AND ( `effect_time` >= 1565193600 AND `effect_time` <= 1565279999  )  [ RunTime:0.0003s ]
SQL: SHOW COLUMNS FROM `sm_order_goods` [ RunTime:0.0135s ]
SQL: SHOW COLUMNS FROM `sm_dishes` [ RunTime:0.0080s ]
SQL: SELECT `dishes_id`,`create_time`,`order_status`,`order_id`,`order_type` FROM `sm_orders` WHERE `order_status` = 1  [ RunTime:0.0003s ]
SQL: SHOW COLUMNS FROM `sm_integral_order` [ RunTime:0.0054s ]
SQL: SELECT * FROM `sm_integral_order` WHERE `status` = 2  [ RunTime:0.0006s ]
SQL: SELECT * FROM `sm_orders` WHERE `order_status` = 4 AND `deliver_type` = 1  [ RunTime:0.0004s ]
SQL: SHOW COLUMNS FROM `sm_stall` [ RunTime:0.0075s ]
SQL: SELECT `order_id`,`dishes_id`,`create_time`,`order_type`,`refund` FROM `sm_orders` WHERE `order_status` = 1 AND `member_list_id` = '788'  [ RunTime:0.0003s ]
SQL: SELECT a.order_id,a.order_status,a.real_money,a.deliver_type,a.order_type,b.image,b.stall_name,a.refund FROM `sm_orders` AS a LEFT JOIN sm_stall AS b ON a.stall_id = b.stall_id  WHERE `member_list_id` = '788' ORDER BY a.create_time desc  [ RunTime:0.0115s ]
SQL: SELECT `id`,`dishes_name`,`dishes_nums`,`discount_price`,`dishes_price` FROM `sm_order_goods` WHERE `order_id` = '7626' ORDER BY `id` asc  [ RunTime:0.0003s ]
SQL: SELECT `id`,`dishes_name`,`dishes_nums`,`discount_price`,`dishes_price` FROM `sm_order_goods` WHERE `order_id` = '7289' ORDER BY `id` asc  [ RunTime:0.0003s ]
SQL: SELECT `id`,`dishes_name`,`dishes_nums`,`discount_price`,`dishes_price` FROM `sm_order_goods` WHERE `order_id` = '6661' ORDER BY `id` asc  [ RunTime:0.0003s ]
SQL: SELECT `id`,`dishes_name`,`dishes_nums`,`discount_price`,`dishes_price` FROM `sm_order_goods` WHERE `order_id` = '6368' ORDER BY `id` asc  [ RunTime:0.0003s ]
SQL: SELECT `id`,`dishes_name`,`dishes_nums`,`discount_price`,`dishes_price` FROM `sm_order_goods` WHERE `order_id` = '3909' ORDER BY `id` asc  [ RunTime:0.0003s ]
SQL: SELECT `id`,`dishes_name`,`dishes_nums`,`discount_price`,`dishes_price` FROM `sm_order_goods` WHERE `order_id` = '3547' ORDER BY `id` asc  [ RunTime:0.0003s ]
SQL: SELECT `id`,`dishes_name`,`dishes_nums`,`discount_price`,`dishes_price` FROM `sm_order_goods` WHERE `order_id` = '3546' ORDER BY `id` asc  [ RunTime:0.0002s ]
SQL: SELECT `id`,`dishes_name`,`dishes_nums`,`discount_price`,`dishes_price` FROM `sm_order_goods` WHERE `order_id` = '1562' ORDER BY `id` asc  [ RunTime:0.0003s ]
SQL: SELECT `id`,`dishes_name`,`dishes_nums`,`discount_price`,`dishes_price` FROM `sm_order_goods` WHERE `order_id` = '1556' ORDER BY `id` asc  [ RunTime:0.0003s ]
SQL: SELECT `id`,`dishes_name`,`dishes_nums`,`discount_price`,`dishes_price` FROM `sm_order_goods` WHERE `order_id` = '1443' ORDER BY `id` asc  [ RunTime:0.0004s ]
SQL: SELECT `id`,`dishes_name`,`dishes_nums`,`discount_price`,`dishes_price` FROM `sm_order_goods` WHERE `order_id` = '1442' ORDER BY `id` asc  [ RunTime:0.0003s ]
SQL: SELECT `id`,`dishes_name`,`dishes_nums`,`discount_price`,`dishes_price` FROM `sm_order_goods` WHERE `order_id` = '894' ORDER BY `id` asc  [ RunTime:0.0003s ]
SQL: SELECT `id`,`dishes_name`,`dishes_nums`,`discount_price`,`dishes_price` FROM `sm_order_goods` WHERE `order_id` = '663' ORDER BY `id` asc  [ RunTime:0.0002s ]
SQL: SELECT `id`,`dishes_name`,`dishes_nums`,`discount_price`,`dishes_price` FROM `sm_order_goods` WHERE `order_id` = '661' ORDER BY `id` asc  [ RunTime:0.0002s ]
SQL: SELECT `id`,`dishes_name`,`dishes_nums`,`discount_price`,`dishes_price` FROM `sm_order_goods` WHERE `order_id` = '525' ORDER BY `id` asc  [ RunTime:0.0003s ]
SQL: SELECT `id`,`dishes_name`,`dishes_nums`,`discount_price`,`dishes_price` FROM `sm_order_goods` WHERE `order_id` = '360' ORDER BY `id` asc  [ RunTime:0.0004s ]
SQL: SELECT `id`,`dishes_name`,`dishes_nums`,`discount_price`,`dishes_price` FROM `sm_order_goods` WHERE `order_id` = '349' ORDER BY `id` asc  [ RunTime:0.0003s ]
SQL: SELECT `id`,`dishes_name`,`dishes_nums`,`discount_price`,`dishes_price` FROM `sm_order_goods` WHERE `order_id` = '340' ORDER BY `id` asc  [ RunTime:0.0003s ]
SQL: SELECT * FROM `sm_merchant` WHERE `ma_id` = '1' LIMIT 1   [ RunTime:0.0004s ]
SQL: SELECT `status` FROM `sm_member_list` WHERE `member_list_id` = '788' LIMIT 1   [ RunTime:0.0002s ]
INFO: [ view_parse ] --START--
INFO: [ template_filter ] --START--
INFO: Run Behavior\ContentReplaceBehavior [ RunTime:0.000192s ]
INFO: [ template_filter ] --END-- [ RunTime:0.000238s ]
NOTIC: [8] Use of undefined constant order_id - assumed 'order_id' D:\xampp\htdocs\data\runtime\Cache\Home\66dafc325cba483d7f69604b8586a1ae.php 第 38 行.
NOTIC: [8] Use of undefined constant order_id - assumed 'order_id' D:\xampp\htdocs\data\runtime\Cache\Home\66dafc325cba483d7f69604b8586a1ae.php 第 38 行.
NOTIC: [8] Use of undefined constant order_id - assumed 'order_id' D:\xampp\htdocs\data\runtime\Cache\Home\66dafc325cba483d7f69604b8586a1ae.php 第 38 行.
NOTIC: [8] Use of undefined constant order_id - assumed 'order_id' D:\xampp\htdocs\data\runtime\Cache\Home\66dafc325cba483d7f69604b8586a1ae.php 第 38 行.
NOTIC: [8] Use of undefined constant order_id - assumed 'order_id' D:\xampp\htdocs\data\runtime\Cache\Home\66dafc325cba483d7f69604b8586a1ae.php 第 38 行.
NOTIC: [8] Use of undefined constant order_id - assumed 'order_id' D:\xampp\htdocs\data\runtime\Cache\Home\66dafc325cba483d7f69604b8586a1ae.php 第 38 行.
NOTIC: [8] Use of undefined constant order_id - assumed 'order_id' D:\xampp\htdocs\data\runtime\Cache\Home\66dafc325cba483d7f69604b8586a1ae.php 第 38 行.
NOTIC: [8] Use of undefined constant order_id - assumed 'order_id' D:\xampp\htdocs\data\runtime\Cache\Home\66dafc325cba483d7f69604b8586a1ae.php 第 38 行.
NOTIC: [8] Use of undefined constant order_id - assumed 'order_id' D:\xampp\htdocs\data\runtime\Cache\Home\66dafc325cba483d7f69604b8586a1ae.php 第 38 行.
NOTIC: [8] Use of undefined constant order_id - assumed 'order_id' D:\xampp\htdocs\data\runtime\Cache\Home\66dafc325cba483d7f69604b8586a1ae.php 第 38 行.
NOTIC: [8] Use of undefined constant order_id - assumed 'order_id' D:\xampp\htdocs\data\runtime\Cache\Home\66dafc325cba483d7f69604b8586a1ae.php 第 38 行.
NOTIC: [8] Use of undefined constant order_id - assumed 'order_id' D:\xampp\htdocs\data\runtime\Cache\Home\66dafc325cba483d7f69604b8586a1ae.php 第 38 行.
NOTIC: [8] Use of undefined constant order_id - assumed 'order_id' D:\xampp\htdocs\data\runtime\Cache\Home\66dafc325cba483d7f69604b8586a1ae.php 第 38 行.
NOTIC: [8] Use of undefined constant order_id - assumed 'order_id' D:\xampp\htdocs\data\runtime\Cache\Home\66dafc325cba483d7f69604b8586a1ae.php 第 38 行.
NOTIC: [8] Use of undefined constant order_id - assumed 'order_id' D:\xampp\htdocs\data\runtime\Cache\Home\66dafc325cba483d7f69604b8586a1ae.php 第 38 行.
NOTIC: [8] Use of undefined constant order_id - assumed 'order_id' D:\xampp\htdocs\data\runtime\Cache\Home\66dafc325cba483d7f69604b8586a1ae.php 第 38 行.
NOTIC: [8] Use of undefined constant order_id - assumed 'order_id' D:\xampp\htdocs\data\runtime\Cache\Home\66dafc325cba483d7f69604b8586a1ae.php 第 38 行.
NOTIC: [8] Use of undefined constant order_id - assumed 'order_id' D:\xampp\htdocs\data\runtime\Cache\Home\66dafc325cba483d7f69604b8586a1ae.php 第 38 行.
INFO: Run Behavior\ParseTemplateBehavior [ RunTime:0.115716s ]
INFO: [ view_parse ] --END-- [ RunTime:0.115773s ]
INFO: [ view_filter ] --START--
INFO: Run Behavior\WriteHtmlCacheBehavior [ RunTime:0.000648s ]
INFO: [ view_filter ] --END-- [ RunTime:0.000691s ]
INFO: [ app_end ] --START--
INFO: Run Behavior\ShowPageTraceBehavior [ RunTime:0.000788s ]
INFO: [ app_end ] --END-- [ RunTime:0.000839s ]

[ 2019-08-08T18:57:38+08:00 ] 101.89.19.149 /index.php?m=Home&c=Drink&a=index&ma_id=1
INFO: [ app_init ] --START--
INFO: Run Behavior\BuildLiteBehavior [ RunTime:0.000014s ]
INFO: [ app_init ] --END-- [ RunTime:0.000496s ]
INFO: [ app_begin ] --START--
INFO: Run Behavior\ReadHtmlCacheBehavior [ RunTime:0.000686s ]
INFO: [ app_begin ] --END-- [ RunTime:0.000735s ]
SQL: SHOW COLUMNS FROM `sm_orders` [ RunTime:0.0143s ]
SQL: SELECT `order_id`,`refund_time` FROM `sm_orders` WHERE `refund` = 1  [ RunTime:0.0055s ]
SQL: SELECT `order_type`,`order_no`,`trade_no`,`real_money`,`member_list_id`,`ma_id`,`dishes_id`,`integral` FROM `sm_orders` WHERE `order_id` = '8485' LIMIT 1   [ RunTime:0.0014s ]
SQL: SHOW COLUMNS FROM `sm_merchant` [ RunTime:0.0098s ]
SQL: SELECT `appid`,`appsecret`,`keycode`,`partnerid`,`keycode_certificate`,`payment_certificate`,`refund_through_id` FROM `sm_merchant` WHERE `ma_id` = '1' LIMIT 1   [ RunTime:0.0003s ]
SQL: SHOW COLUMNS FROM `sm_member_list` [ RunTime:0.0080s ]
SQL: SELECT `openid`,`member_name` FROM `sm_member_list` WHERE `member_list_id` = '2192' AND `is_del` = 2 LIMIT 1   [ RunTime:0.0003s ]
NOTIC: [8] Undefined index: curl_timeout D:\xampp\htdocs\ThinkPHP\Library\Vendor\Pay\Wxpay\WxPayPubHelper.php 第 499 行.
SQL: SELECT `order_type`,`order_no`,`trade_no`,`real_money`,`member_list_id`,`ma_id`,`dishes_id`,`integral` FROM `sm_orders` WHERE `order_id` = '8489' LIMIT 1   [ RunTime:0.0005s ]
SQL: SELECT `appid`,`appsecret`,`keycode`,`partnerid`,`keycode_certificate`,`payment_certificate`,`refund_through_id` FROM `sm_merchant` WHERE `ma_id` = '1' LIMIT 1   [ RunTime:0.0003s ]
SQL: SELECT `openid`,`member_name` FROM `sm_member_list` WHERE `member_list_id` = '2192' AND `is_del` = 2 LIMIT 1   [ RunTime:0.0002s ]

[ 2019-08-08T18:57:43+08:00 ] 101.89.19.149 /index.php?m=Home&c=Myorder&a=index
INFO: [ app_init ] --START--
INFO: Run Behavior\BuildLiteBehavior [ RunTime:0.000014s ]
INFO: [ app_init ] --END-- [ RunTime:0.000455s ]
INFO: [ app_begin ] --START--
INFO: Run Behavior\ReadHtmlCacheBehavior [ RunTime:0.000589s ]
INFO: [ app_begin ] --END-- [ RunTime:0.000639s ]
SQL: SHOW COLUMNS FROM `sm_orders` [ RunTime:0.0146s ]
SQL: SELECT `order_id`,`refund_time` FROM `sm_orders` WHERE `refund` = 1  [ RunTime:0.0060s ]
SQL: SELECT `order_type`,`order_no`,`trade_no`,`real_money`,`member_list_id`,`ma_id`,`dishes_id`,`integral` FROM `sm_orders` WHERE `order_id` = '8485' LIMIT 1   [ RunTime:0.0003s ]
SQL: SHOW COLUMNS FROM `sm_merchant` [ RunTime:0.0082s ]
SQL: SELECT `appid`,`appsecret`,`keycode`,`partnerid`,`keycode_certificate`,`payment_certificate`,`refund_through_id` FROM `sm_merchant` WHERE `ma_id` = '1' LIMIT 1   [ RunTime:0.0004s ]
SQL: SHOW COLUMNS FROM `sm_member_list` [ RunTime:0.0086s ]
SQL: SELECT `openid`,`member_name` FROM `sm_member_list` WHERE `member_list_id` = '2192' AND `is_del` = 2 LIMIT 1   [ RunTime:0.0003s ]
NOTIC: [8] Undefined index: curl_timeout D:\xampp\htdocs\ThinkPHP\Library\Vendor\Pay\Wxpay\WxPayPubHelper.php 第 499 行.
SQL: SELECT `order_type`,`order_no`,`trade_no`,`real_money`,`member_list_id`,`ma_id`,`dishes_id`,`integral` FROM `sm_orders` WHERE `order_id` = '8489' LIMIT 1   [ RunTime:0.0005s ]
SQL: SELECT `appid`,`appsecret`,`keycode`,`partnerid`,`keycode_certificate`,`payment_certificate`,`refund_through_id` FROM `sm_merchant` WHERE `ma_id` = '1' LIMIT 1   [ RunTime:0.0003s ]
SQL: SELECT `openid`,`member_name` FROM `sm_member_list` WHERE `member_list_id` = '2192' AND `is_del` = 2 LIMIT 1   [ RunTime:0.0002s ]

