[ 2019-10-20T13:50:39+08:00 ] 47.100.51.203 /index.php?m=home&c=oauth&a=login&ma_id=1&code=001csud91kabuo1axye91gwed91csudx&state=wx_oauth
INFO: [ app_init ] --START--
INFO: Run Behavior\BuildLiteBehavior [ RunTime:0.000014s ]
INFO: [ app_init ] --END-- [ RunTime:0.000384s ]
INFO: [ app_begin ] --START--
INFO: Run Behavior\ReadHtmlCacheBehavior [ RunTime:0.000604s ]
INFO: [ app_begin ] --END-- [ RunTime:0.000656s ]
SQL: SHOW COLUMNS FROM `sm_merchant` [ RunTime:0.0128s ]
SQL: SELECT `appid`,`appsecret` FROM `sm_merchant` WHERE ( ma_id='1' ) LIMIT 1   [ RunTime:0.0003s ]
INFO: [ view_parse ] --START--
INFO: [ template_filter ] --START--
INFO: Run Behavior\ContentReplaceBehavior [ RunTime:0.000060s ]
INFO: [ template_filter ] --END-- [ RunTime:0.000126s ]
INFO: Run Behavior\ParseTemplateBehavior [ RunTime:0.019339s ]
INFO: [ view_parse ] --END-- [ RunTime:0.019422s ]
INFO: [ view_filter ] --START--
INFO: Run Behavior\WriteHtmlCacheBehavior [ RunTime:0.000387s ]
INFO: [ view_filter ] --END-- [ RunTime:0.000426s ]

[ 2019-10-20T13:59:09+08:00 ] 101.132.177.14 /index.php?m=home&c=oauth&a=login&ma_id=1
INFO: [ app_init ] --START--
INFO: Run Behavior\BuildLiteBehavior [ RunTime:0.000013s ]
INFO: [ app_init ] --END-- [ RunTime:0.000364s ]
INFO: [ app_begin ] --START--
INFO: Run Behavior\ReadHtmlCacheBehavior [ RunTime:0.000555s ]
INFO: [ app_begin ] --END-- [ RunTime:0.000603s ]
SQL: SHOW COLUMNS FROM `sm_merchant` [ RunTime:0.0134s ]
SQL: SELECT `appid`,`appsecret` FROM `sm_merchant` WHERE ( ma_id='1' ) LIMIT 1   [ RunTime:0.0003s ]

[ 2019-10-20T14:04:58+08:00 ] 123.151.77.71 /index.php?m=Home&c=Integral&a=shop
INFO: [ app_init ] --START--
INFO: Run Behavior\BuildLiteBehavior [ RunTime:0.000014s ]
INFO: [ app_init ] --END-- [ RunTime:0.000382s ]
INFO: [ app_begin ] --START--
INFO: Run Behavior\ReadHtmlCacheBehavior [ RunTime:0.000601s ]
INFO: [ app_begin ] --END-- [ RunTime:0.000653s ]
SQL: SHOW COLUMNS FROM `sm_orders` [ RunTime:0.0127s ]
SQL: SELECT `order_id`,`refund_time` FROM `sm_orders` WHERE `refund` = 1  [ RunTime:0.0113s ]

[ 2019-10-20T14:04:58+08:00 ] 123.151.77.71 /index.php?m=Home&c=Oauth&a=login&
INFO: [ app_init ] --START--
INFO: Run Behavior\BuildLiteBehavior [ RunTime:0.000013s ]
INFO: [ app_init ] --END-- [ RunTime:0.000332s ]
INFO: [ app_begin ] --START--
INFO: Run Behavior\ReadHtmlCacheBehavior [ RunTime:0.000469s ]
INFO: [ app_begin ] --END-- [ RunTime:0.000520s ]
SQL: SHOW COLUMNS FROM `sm_merchant` [ RunTime:0.0096s ]
SQL: SELECT `appid`,`appsecret` FROM `sm_merchant` WHERE ( ma_id='' ) LIMIT 1   [ RunTime:0.0003s ]
INFO: [ view_parse ] --START--
INFO: [ template_filter ] --START--
INFO: Run Behavior\ContentReplaceBehavior [ RunTime:0.000055s ]
INFO: [ template_filter ] --END-- [ RunTime:0.000224s ]
INFO: Run Behavior\ParseTemplateBehavior [ RunTime:0.005877s ]
INFO: [ view_parse ] --END-- [ RunTime:0.005941s ]
INFO: [ view_filter ] --START--
INFO: Run Behavior\WriteHtmlCacheBehavior [ RunTime:0.000502s ]
INFO: [ view_filter ] --END-- [ RunTime:0.000547s ]

[ 2019-10-20T14:05:57+08:00 ] 58.247.206.155 /index.php?m=Home&c=Integral&a=shop
INFO: [ app_init ] --START--
INFO: Run Behavior\BuildLiteBehavior [ RunTime:0.000013s ]
INFO: [ app_init ] --END-- [ RunTime:0.000314s ]
INFO: [ app_begin ] --START--
INFO: Run Behavior\ReadHtmlCacheBehavior [ RunTime:0.000461s ]
INFO: [ app_begin ] --END-- [ RunTime:0.000509s ]
SQL: SHOW COLUMNS FROM `sm_orders` [ RunTime:0.0138s ]
SQL: SELECT `order_id`,`refund_time` FROM `sm_orders` WHERE `refund` = 1  [ RunTime:0.0109s ]

[ 2019-10-20T14:05:58+08:00 ] 101.91.60.110 /index.php?m=Home&c=Oauth&a=login&
INFO: [ app_init ] --START--
INFO: Run Behavior\BuildLiteBehavior [ RunTime:0.000014s ]
INFO: [ app_init ] --END-- [ RunTime:0.000382s ]
INFO: [ app_begin ] --START--
INFO: Run Behavior\ReadHtmlCacheBehavior [ RunTime:0.000580s ]
INFO: [ app_begin ] --END-- [ RunTime:0.000630s ]
SQL: SHOW COLUMNS FROM `sm_merchant` [ RunTime:0.0140s ]
SQL: SELECT `appid`,`appsecret` FROM `sm_merchant` WHERE ( ma_id='' ) LIMIT 1   [ RunTime:0.0003s ]
INFO: [ view_parse ] --START--
INFO: [ template_filter ] --START--
INFO: Run Behavior\ContentReplaceBehavior [ RunTime:0.000056s ]
INFO: [ template_filter ] --END-- [ RunTime:0.000110s ]
INFO: Run Behavior\ParseTemplateBehavior [ RunTime:0.005658s ]
INFO: [ view_parse ] --END-- [ RunTime:0.005715s ]
INFO: [ view_filter ] --START--
INFO: Run Behavior\WriteHtmlCacheBehavior [ RunTime:0.000362s ]
INFO: [ view_filter ] --END-- [ RunTime:0.000397s ]

[ 2019-10-20T14:14:12+08:00 ] 101.132.156.172 /index.php?m=home&c=drink&a=index
INFO: [ app_init ] --START--
INFO: Run Behavior\BuildLiteBehavior [ RunTime:0.000013s ]
INFO: [ app_init ] --END-- [ RunTime:0.000368s ]
INFO: [ app_begin ] --START--
INFO: Run Behavior\ReadHtmlCacheBehavior [ RunTime:0.000563s ]
INFO: [ app_begin ] --END-- [ RunTime:0.000611s ]
SQL: SHOW COLUMNS FROM `sm_orders` [ RunTime:0.0137s ]
SQL: SELECT `order_id`,`refund_time` FROM `sm_orders` WHERE `refund` = 1  [ RunTime:0.0107s ]

[ 2019-10-20T14:14:12+08:00 ] 101.132.156.172 /index.php?m=Home&c=Oauth&a=login&
INFO: [ app_init ] --START--
INFO: Run Behavior\BuildLiteBehavior [ RunTime:0.000012s ]
INFO: [ app_init ] --END-- [ RunTime:0.000303s ]
INFO: [ app_begin ] --START--
INFO: Run Behavior\ReadHtmlCacheBehavior [ RunTime:0.000449s ]
INFO: [ app_begin ] --END-- [ RunTime:0.000496s ]
SQL: SHOW COLUMNS FROM `sm_merchant` [ RunTime:0.0091s ]
SQL: SELECT `appid`,`appsecret` FROM `sm_merchant` WHERE ( ma_id='' ) LIMIT 1   [ RunTime:0.0003s ]
INFO: [ view_parse ] --START--
INFO: [ template_filter ] --START--
INFO: Run Behavior\ContentReplaceBehavior [ RunTime:0.000053s ]
INFO: [ template_filter ] --END-- [ RunTime:0.000110s ]
INFO: Run Behavior\ParseTemplateBehavior [ RunTime:0.005629s ]
INFO: [ view_parse ] --END-- [ RunTime:0.005688s ]
INFO: [ view_filter ] --START--
INFO: Run Behavior\WriteHtmlCacheBehavior [ RunTime:0.000383s ]
INFO: [ view_filter ] --END-- [ RunTime:0.000419s ]

[ 2019-10-20T14:25:10+08:00 ] 139.224.11.233 /index.php?m=home&c=drink&a=index&ma_id=1
INFO: [ app_init ] --START--
INFO: Run Behavior\BuildLiteBehavior [ RunTime:0.000013s ]
INFO: [ app_init ] --END-- [ RunTime:0.000357s ]
INFO: [ app_begin ] --START--
INFO: Run Behavior\ReadHtmlCacheBehavior [ RunTime:0.000640s ]
INFO: [ app_begin ] --END-- [ RunTime:0.000688s ]
SQL: SHOW COLUMNS FROM `sm_orders` [ RunTime:0.0135s ]
SQL: SELECT `order_id`,`refund_time` FROM `sm_orders` WHERE `refund` = 1  [ RunTime:0.0104s ]

[ 2019-10-20T14:25:10+08:00 ] 139.224.11.233 /index.php?m=Home&c=Oauth&a=login&ma_id=1
INFO: [ app_init ] --START--
INFO: Run Behavior\BuildLiteBehavior [ RunTime:0.000012s ]
INFO: [ app_init ] --END-- [ RunTime:0.000306s ]
INFO: [ app_begin ] --START--
INFO: Run Behavior\ReadHtmlCacheBehavior [ RunTime:0.000559s ]
INFO: [ app_begin ] --END-- [ RunTime:0.000604s ]
SQL: SHOW COLUMNS FROM `sm_merchant` [ RunTime:0.0093s ]
SQL: SELECT `appid`,`appsecret` FROM `sm_merchant` WHERE ( ma_id='1' ) LIMIT 1   [ RunTime:0.0003s ]

[ 2019-10-20T16:41:35+08:00 ] 123.151.148.57 /index.php?m=Home&c=Drink&a=index&ma_id=1
INFO: [ app_init ] --START--
INFO: Run Behavior\BuildLiteBehavior [ RunTime:0.000014s ]
INFO: [ app_init ] --END-- [ RunTime:0.000376s ]
INFO: [ app_begin ] --START--
INFO: Run Behavior\ReadHtmlCacheBehavior [ RunTime:0.000707s ]
INFO: [ app_begin ] --END-- [ RunTime:0.000758s ]
SQL: SHOW COLUMNS FROM `sm_orders` [ RunTime:0.0137s ]
SQL: SELECT `order_id`,`refund_time` FROM `sm_orders` WHERE `refund` = 1  [ RunTime:0.0107s ]

[ 2019-10-20T16:41:35+08:00 ] 123.151.148.57 /index.php?m=Home&c=Oauth&a=login&ma_id=1
INFO: [ app_init ] --START--
INFO: Run Behavior\BuildLiteBehavior [ RunTime:0.000012s ]
INFO: [ app_init ] --END-- [ RunTime:0.000314s ]
INFO: [ app_begin ] --START--
INFO: Run Behavior\ReadHtmlCacheBehavior [ RunTime:0.000561s ]
INFO: [ app_begin ] --END-- [ RunTime:0.000606s ]
SQL: SHOW COLUMNS FROM `sm_merchant` [ RunTime:0.0093s ]
SQL: SELECT `appid`,`appsecret` FROM `sm_merchant` WHERE ( ma_id='1' ) LIMIT 1   [ RunTime:0.0003s ]

[ 2019-10-20T16:41:37+08:00 ] 218.68.91.108 /index.php?m=Home&c=Oauth&a=login&ma_id=1&code=021ABVgl0HDLLr1IfYdl0yaYgl0ABVg7&state=wx_oauth
INFO: [ app_init ] --START--
INFO: Run Behavior\BuildLiteBehavior [ RunTime:0.000012s ]
INFO: [ app_init ] --END-- [ RunTime:0.000322s ]
INFO: [ app_begin ] --START--
INFO: Run Behavior\ReadHtmlCacheBehavior [ RunTime:0.000594s ]
INFO: [ app_begin ] --END-- [ RunTime:0.000654s ]
SQL: SHOW COLUMNS FROM `sm_merchant` [ RunTime:0.0128s ]
SQL: SELECT `appid`,`appsecret` FROM `sm_merchant` WHERE ( ma_id='1' ) LIMIT 1   [ RunTime:0.0003s ]
SQL: SHOW COLUMNS FROM `sm_member_list` [ RunTime:0.0142s ]
SQL: SELECT * FROM `sm_member_list` WHERE `openid` = 'o6Iva5htIkAGvfg-5coYKAIqVvV8' AND `ma_id` = '1' AND `is_del` = 2 LIMIT 1   [ RunTime:0.0005s ]
SQL: UPDATE `sm_member_list` SET `unionid`='oykPnw-D9hu63zD1QOI27E_LKk2o' WHERE `openid` = 'o6Iva5htIkAGvfg-5coYKAIqVvV8' [ RunTime:0.0003s ]

[ 2019-10-20T16:41:37+08:00 ] 123.151.148.56 /index.php?m=Home&c=Drink&a=index
INFO: [ app_init ] --START--
INFO: Run Behavior\BuildLiteBehavior [ RunTime:0.000012s ]
INFO: [ app_init ] --END-- [ RunTime:0.000302s ]
INFO: [ app_begin ] --START--
INFO: Run Behavior\ReadHtmlCacheBehavior [ RunTime:0.000557s ]
INFO: [ app_begin ] --END-- [ RunTime:0.000606s ]
SQL: SHOW COLUMNS FROM `sm_orders` [ RunTime:0.0188s ]
SQL: SELECT `order_id`,`refund_time` FROM `sm_orders` WHERE `refund` = 1  [ RunTime:0.0118s ]
SQL: SHOW COLUMNS FROM `sm_member_list` [ RunTime:0.0050s ]
SQL: SELECT `is_open` FROM `sm_member_list` WHERE `member_list_id` = '1163' LIMIT 1   [ RunTime:0.0003s ]
SQL: SELECT `is_del` FROM `sm_member_list` WHERE `member_list_id` = '1163' LIMIT 1   [ RunTime:0.0002s ]
SQL: SELECT `order_id` FROM `sm_orders` WHERE `order_status` = 2 AND `refund` <> 1 AND ( `effect_time` >= 1571500800 AND `effect_time` <= 1571587199  )  [ RunTime:0.0002s ]
SQL: SHOW COLUMNS FROM `sm_order_goods` [ RunTime:0.0078s ]
SQL: SHOW COLUMNS FROM `sm_dishes` [ RunTime:0.0074s ]
SQL: SELECT `dishes_id`,`create_time`,`order_status`,`order_id`,`order_type` FROM `sm_orders` WHERE `order_status` = 1  [ RunTime:0.0003s ]
SQL: SHOW COLUMNS FROM `sm_integral_order` [ RunTime:0.0045s ]
SQL: SELECT * FROM `sm_integral_order` WHERE `status` = 2  [ RunTime:0.0005s ]
SQL: SELECT * FROM `sm_orders` WHERE `order_status` = 4 AND `deliver_type` = 1  [ RunTime:0.0004s ]
SQL: SHOW COLUMNS FROM `sm_stall` [ RunTime:0.0075s ]
SQL: SHOW COLUMNS FROM `sm_merchant` [ RunTime:0.0075s ]
SQL: SELECT `ma_id` FROM `sm_merchant` WHERE `delete` = 1 AND `is_open` = 1 AND `due_deadline` > 1571560897 AND `ma_id` = '1' LIMIT 1   [ RunTime:0.0003s ]
SQL: SELECT `status` FROM `sm_member_list` WHERE `member_list_id` = '1163' AND `is_del` = 2 LIMIT 1   [ RunTime:0.0002s ]
SQL: SHOW COLUMNS FROM `sm_merchant_banner` [ RunTime:0.0075s ]
SQL: SELECT * FROM `sm_merchant_banner` WHERE `ma_id` = 1  [ RunTime:0.0003s ]
SQL: SELECT a.dishes_id,a.pic_url,a.dishes_name,a.type FROM sm_dishes a LEFT JOIN sm_stall as b on a.stall = b.stall_id  WHERE a.is_del = 2 AND a.ma_id = '1' AND a.state = 1 AND a.statue = 2 AND a.num > 0 AND b.delete = 2 AND b.is_freeze = 2 ORDER BY a.sort ASC,a.addtime DESC LIMIT 6   [ RunTime:0.0005s ]
SQL: SELECT COUNT(*) AS tp_count FROM `sm_stall` WHERE `delete` = 2 AND `is_freeze` = 2 AND `ma_id` = '1' ORDER BY `sort` asc LIMIT 1   [ RunTime:0.0004s ]
SQL: SELECT `appid`,`appsecret`,`saturation` FROM `sm_merchant` WHERE ( ma_id='1' ) LIMIT 1   [ RunTime:0.0002s ]
INFO: [ view_parse ] --START--
INFO: [ template_filter ] --START--
INFO: Run Behavior\ContentReplaceBehavior [ RunTime:0.000120s ]
INFO: [ template_filter ] --END-- [ RunTime:0.000169s ]
INFO: Run Behavior\ParseTemplateBehavior [ RunTime:0.049307s ]
INFO: [ view_parse ] --END-- [ RunTime:0.049395s ]
INFO: [ view_filter ] --START--
INFO: Run Behavior\WriteHtmlCacheBehavior [ RunTime:0.000491s ]
INFO: [ view_filter ] --END-- [ RunTime:0.000534s ]
INFO: [ app_end ] --START--
INFO: Run Behavior\ShowPageTraceBehavior [ RunTime:0.000577s ]
INFO: [ app_end ] --END-- [ RunTime:0.000620s ]

[ 2019-10-20T16:41:38+08:00 ] 218.68.91.108 /index.php?m=Home&c=Drink&a=indexLists&page=1&psize=10
INFO: [ app_init ] --START--
INFO: Run Behavior\BuildLiteBehavior [ RunTime:0.000013s ]
INFO: [ app_init ] --END-- [ RunTime:0.000360s ]
INFO: [ app_begin ] --START--
INFO: Run Behavior\ReadHtmlCacheBehavior [ RunTime:0.000558s ]
INFO: [ app_begin ] --END-- [ RunTime:0.000601s ]
SQL: SHOW COLUMNS FROM `sm_orders` [ RunTime:0.0131s ]
SQL: SELECT `order_id`,`refund_time` FROM `sm_orders` WHERE `refund` = 1  [ RunTime:0.0106s ]
SQL: SHOW COLUMNS FROM `sm_member_list` [ RunTime:0.0080s ]
SQL: SELECT `is_open` FROM `sm_member_list` WHERE `member_list_id` = '1163' LIMIT 1   [ RunTime:0.0003s ]
SQL: SELECT `is_del` FROM `sm_member_list` WHERE `member_list_id` = '1163' LIMIT 1   [ RunTime:0.0002s ]
SQL: SELECT `order_id` FROM `sm_orders` WHERE `order_status` = 2 AND `refund` <> 1 AND ( `effect_time` >= 1571500800 AND `effect_time` <= 1571587199  )  [ RunTime:0.0003s ]
SQL: SHOW COLUMNS FROM `sm_order_goods` [ RunTime:0.0075s ]
SQL: SHOW COLUMNS FROM `sm_dishes` [ RunTime:0.0072s ]
SQL: SELECT `dishes_id`,`create_time`,`order_status`,`order_id`,`order_type` FROM `sm_orders` WHERE `order_status` = 1  [ RunTime:0.0003s ]
SQL: SHOW COLUMNS FROM `sm_integral_order` [ RunTime:0.0044s ]
SQL: SELECT * FROM `sm_integral_order` WHERE `status` = 2  [ RunTime:0.0005s ]
SQL: SELECT * FROM `sm_orders` WHERE `order_status` = 4 AND `deliver_type` = 1  [ RunTime:0.0004s ]
SQL: SHOW COLUMNS FROM `sm_stall` [ RunTime:0.0069s ]
SQL: SHOW COLUMNS FROM `sm_merchant` [ RunTime:0.0083s ]
SQL: SELECT `ma_id` FROM `sm_merchant` WHERE `delete` = 1 AND `is_open` = 1 AND `due_deadline` > 1571560898 AND `ma_id` = '1' LIMIT 1   [ RunTime:0.0002s ]
SQL: SELECT `stall_id`,`image`,`stall_name`,`score`,`addtime`,`on_the_pin`,`stall_type` FROM sm_stall a WHERE `delete` = 2 AND `is_freeze` = 2 AND `ma_id` = '1' ORDER BY `sort` asc,`on_the_pin` DESC,`addtime` DESC LIMIT 0,10   [ RunTime:0.0005s ]
NOTIC: [8] Use of undefined constant stall_id - assumed 'stall_id' D:\xampp\htdocs\app\Home\Controller\DrinkController.class.php 第 337 行.
NOTIC: [8] Use of undefined constant stall_type - assumed 'stall_type' D:\xampp\htdocs\app\Home\Controller\DrinkController.class.php 第 337 行.
NOTIC: [8] Use of undefined constant image - assumed 'image' D:\xampp\htdocs\app\Home\Controller\DrinkController.class.php 第 338 行.
NOTIC: [8] Use of undefined constant stall_name - assumed 'stall_name' D:\xampp\htdocs\app\Home\Controller\DrinkController.class.php 第 340 行.
NOTIC: [8] Use of undefined constant score - assumed 'score' D:\xampp\htdocs\app\Home\Controller\DrinkController.class.php 第 345 行.
NOTIC: [8] Use of undefined constant score - assumed 'score' D:\xampp\htdocs\app\Home\Controller\DrinkController.class.php 第 348 行.
NOTIC: [8] Use of undefined constant on_the_pin - assumed 'on_the_pin' D:\xampp\htdocs\app\Home\Controller\DrinkController.class.php 第 350 行.
NOTIC: [8] Use of undefined constant stall_id - assumed 'stall_id' D:\xampp\htdocs\app\Home\Controller\DrinkController.class.php 第 337 行.
NOTIC: [8] Use of undefined constant stall_type - assumed 'stall_type' D:\xampp\htdocs\app\Home\Controller\DrinkController.class.php 第 337 行.
NOTIC: [8] Use of undefined constant image - assumed 'image' D:\xampp\htdocs\app\Home\Controller\DrinkController.class.php 第 338 行.
NOTIC: [8] Use of undefined constant stall_name - assumed 'stall_name' D:\xampp\htdocs\app\Home\Controller\DrinkController.class.php 第 340 行.
NOTIC: [8] Use of undefined constant score - assumed 'score' D:\xampp\htdocs\app\Home\Controller\DrinkController.class.php 第 345 行.
NOTIC: [8] Use of undefined constant score - assumed 'score' D:\xampp\htdocs\app\Home\Controller\DrinkController.class.php 第 348 行.
NOTIC: [8] Use of undefined constant on_the_pin - assumed 'on_the_pin' D:\xampp\htdocs\app\Home\Controller\DrinkController.class.php 第 350 行.
NOTIC: [8] Use of undefined constant stall_id - assumed 'stall_id' D:\xampp\htdocs\app\Home\Controller\DrinkController.class.php 第 337 行.
NOTIC: [8] Use of undefined constant stall_type - assumed 'stall_type' D:\xampp\htdocs\app\Home\Controller\DrinkController.class.php 第 337 行.
NOTIC: [8] Use of undefined constant image - assumed 'image' D:\xampp\htdocs\app\Home\Controller\DrinkController.class.php 第 338 行.
NOTIC: [8] Use of undefined constant stall_name - assumed 'stall_name' D:\xampp\htdocs\app\Home\Controller\DrinkController.class.php 第 340 行.
NOTIC: [8] Use of undefined constant score - assumed 'score' D:\xampp\htdocs\app\Home\Controller\DrinkController.class.php 第 345 行.
NOTIC: [8] Use of undefined constant score - assumed 'score' D:\xampp\htdocs\app\Home\Controller\DrinkController.class.php 第 345 行.
NOTIC: [8] Use of undefined constant score - assumed 'score' D:\xampp\htdocs\app\Home\Controller\DrinkController.class.php 第 345 行.
NOTIC: [8] Use of undefined constant score - assumed 'score' D:\xampp\htdocs\app\Home\Controller\DrinkController.class.php 第 348 行.
NOTIC: [8] Use of undefined constant on_the_pin - assumed 'on_the_pin' D:\xampp\htdocs\app\Home\Controller\DrinkController.class.php 第 350 行.
NOTIC: [8] Use of undefined constant stall_id - assumed 'stall_id' D:\xampp\htdocs\app\Home\Controller\DrinkController.class.php 第 337 行.
NOTIC: [8] Use of undefined constant stall_type - assumed 'stall_type' D:\xampp\htdocs\app\Home\Controller\DrinkController.class.php 第 337 行.
NOTIC: [8] Use of undefined constant image - assumed 'image' D:\xampp\htdocs\app\Home\Controller\DrinkController.class.php 第 338 行.
NOTIC: [8] Use of undefined constant stall_name - assumed 'stall_name' D:\xampp\htdocs\app\Home\Controller\DrinkController.class.php 第 340 行.
NOTIC: [8] Use of undefined constant score - assumed 'score' D:\xampp\htdocs\app\Home\Controller\DrinkController.class.php 第 345 行.
NOTIC: [8] Use of undefined constant score - assumed 'score' D:\xampp\htdocs\app\Home\Controller\DrinkController.class.php 第 348 行.
NOTIC: [8] Use of undefined constant on_the_pin - assumed 'on_the_pin' D:\xampp\htdocs\app\Home\Controller\DrinkController.class.php 第 350 行.
NOTIC: [8] Use of undefined constant stall_id - assumed 'stall_id' D:\xampp\htdocs\app\Home\Controller\DrinkController.class.php 第 337 行.
NOTIC: [8] Use of undefined constant stall_type - assumed 'stall_type' D:\xampp\htdocs\app\Home\Controller\DrinkController.class.php 第 337 行.
NOTIC: [8] Use of undefined constant image - assumed 'image' D:\xampp\htdocs\app\Home\Controller\DrinkController.class.php 第 338 行.
NOTIC: [8] Use of undefined constant stall_name - assumed 'stall_name' D:\xampp\htdocs\app\Home\Controller\DrinkController.class.php 第 340 行.
NOTIC: [8] Use of undefined constant score - assumed 'score' D:\xampp\htdocs\app\Home\Controller\DrinkController.class.php 第 345 行.
NOTIC: [8] Use of undefined constant score - assumed 'score' D:\xampp\htdocs\app\Home\Controller\DrinkController.class.php 第 345 行.
NOTIC: [8] Use of undefined constant score - assumed 'score' D:\xampp\htdocs\app\Home\Controller\DrinkController.class.php 第 345 行.
NOTIC: [8] Use of undefined constant score - assumed 'score' D:\xampp\htdocs\app\Home\Controller\DrinkController.class.php 第 348 行.
NOTIC: [8] Use of undefined constant on_the_pin - assumed 'on_the_pin' D:\xampp\htdocs\app\Home\Controller\DrinkController.class.php 第 350 行.
NOTIC: [8] Use of undefined constant stall_id - assumed 'stall_id' D:\xampp\htdocs\app\Home\Controller\DrinkController.class.php 第 337 行.
NOTIC: [8] Use of undefined constant stall_type - assumed 'stall_type' D:\xampp\htdocs\app\Home\Controller\DrinkController.class.php 第 337 行.
NOTIC: [8] Use of undefined constant image - assumed 'image' D:\xampp\htdocs\app\Home\Controller\DrinkController.class.php 第 338 行.
NOTIC: [8] Use of undefined constant stall_name - assumed 'stall_name' D:\xampp\htdocs\app\Home\Controller\DrinkController.class.php 第 340 行.
NOTIC: [8] Use of undefined constant score - assumed 'score' D:\xampp\htdocs\app\Home\Controller\DrinkController.class.php 第 345 行.
NOTIC: [8] Use of undefined constant score - assumed 'score' D:\xampp\htdocs\app\Home\Controller\DrinkController.class.php 第 348 行.
NOTIC: [8] Use of undefined constant on_the_pin - assumed 'on_the_pin' D:\xampp\htdocs\app\Home\Controller\DrinkController.class.php 第 350 行.
NOTIC: [8] Use of undefined constant stall_id - assumed 'stall_id' D:\xampp\htdocs\app\Home\Controller\DrinkController.class.php 第 337 行.
NOTIC: [8] Use of undefined constant stall_type - assumed 'stall_type' D:\xampp\htdocs\app\Home\Controller\DrinkController.class.php 第 337 行.
NOTIC: [8] Use of undefined constant image - assumed 'image' D:\xampp\htdocs\app\Home\Controller\DrinkController.class.php 第 338 行.
NOTIC: [8] Use of undefined constant stall_name - assumed 'stall_name' D:\xampp\htdocs\app\Home\Controller\DrinkController.class.php 第 340 行.
NOTIC: [8] Use of undefined constant score - assumed 'score' D:\xampp\htdocs\app\Home\Controller\DrinkController.class.php 第 345 行.
NOTIC: [8] Use of undefined constant score - assumed 'score' D:\xampp\htdocs\app\Home\Controller\DrinkController.class.php 第 345 行.
NOTIC: [8] Use of undefined constant score - assumed 'score' D:\xampp\htdocs\app\Home\Controller\DrinkController.class.php 第 348 行.
NOTIC: [8] Use of undefined constant on_the_pin - assumed 'on_the_pin' D:\xampp\htdocs\app\Home\Controller\DrinkController.class.php 第 350 行.
NOTIC: [8] Use of undefined constant stall_id - assumed 'stall_id' D:\xampp\htdocs\app\Home\Controller\DrinkController.class.php 第 337 行.
NOTIC: [8] Use of undefined constant stall_type - assumed 'stall_type' D:\xampp\htdocs\app\Home\Controller\DrinkController.class.php 第 337 行.
NOTIC: [8] Use of undefined constant image - assumed 'image' D:\xampp\htdocs\app\Home\Controller\DrinkController.class.php 第 338 行.
NOTIC: [8] Use of undefined constant stall_name - assumed 'stall_name' D:\xampp\htdocs\app\Home\Controller\DrinkController.class.php 第 340 行.
NOTIC: [8] Use of undefined constant score - assumed 'score' D:\xampp\htdocs\app\Home\Controller\DrinkController.class.php 第 345 行.
NOTIC: [8] Use of undefined constant score - assumed 'score' D:\xampp\htdocs\app\Home\Controller\DrinkController.class.php 第 345 行.
NOTIC: [8] Use of undefined constant score - assumed 'score' D:\xampp\htdocs\app\Home\Controller\DrinkController.class.php 第 348 行.
NOTIC: [8] Use of undefined constant on_the_pin - assumed 'on_the_pin' D:\xampp\htdocs\app\Home\Controller\DrinkController.class.php 第 350 行.
NOTIC: [8] Use of undefined constant stall_id - assumed 'stall_id' D:\xampp\htdocs\app\Home\Controller\DrinkController.class.php 第 337 行.
NOTIC: [8] Use of undefined constant stall_type - assumed 'stall_type' D:\xampp\htdocs\app\Home\Controller\DrinkController.class.php 第 337 行.
NOTIC: [8] Use of undefined constant image - assumed 'image' D:\xampp\htdocs\app\Home\Controller\DrinkController.class.php 第 338 行.
NOTIC: [8] Use of undefined constant stall_name - assumed 'stall_name' D:\xampp\htdocs\app\Home\Controller\DrinkController.class.php 第 340 行.
NOTIC: [8] Use of undefined constant score - assumed 'score' D:\xampp\htdocs\app\Home\Controller\DrinkController.class.php 第 345 行.
NOTIC: [8] Use of undefined constant score - assumed 'score' D:\xampp\htdocs\app\Home\Controller\DrinkController.class.php 第 348 行.
NOTIC: [8] Use of undefined constant on_the_pin - assumed 'on_the_pin' D:\xampp\htdocs\app\Home\Controller\DrinkController.class.php 第 350 行.
NOTIC: [8] Use of undefined constant stall_id - assumed 'stall_id' D:\xampp\htdocs\app\Home\Controller\DrinkController.class.php 第 337 行.
NOTIC: [8] Use of undefined constant stall_type - assumed 'stall_type' D:\xampp\htdocs\app\Home\Controller\DrinkController.class.php 第 337 行.
NOTIC: [8] Use of undefined constant image - assumed 'image' D:\xampp\htdocs\app\Home\Controller\DrinkController.class.php 第 338 行.
NOTIC: [8] Use of undefined constant stall_name - assumed 'stall_name' D:\xampp\htdocs\app\Home\Controller\DrinkController.class.php 第 340 行.
NOTIC: [8] Use of undefined constant score - assumed 'score' D:\xampp\htdocs\app\Home\Controller\DrinkController.class.php 第 345 行.
NOTIC: [8] Use of undefined constant score - assumed 'score' D:\xampp\htdocs\app\Home\Controller\DrinkController.class.php 第 348 行.
NOTIC: [8] Use of undefined constant on_the_pin - assumed 'on_the_pin' D:\xampp\htdocs\app\Home\Controller\DrinkController.class.php 第 350 行.
INFO: [ app_end ] --START--
INFO: Run Behavior\ShowPageTraceBehavior [ RunTime:0.000678s ]
INFO: [ app_end ] --END-- [ RunTime:0.000719s ]

[ 2019-10-20T16:41:55+08:00 ] 218.68.91.108 /index.php?m=Home&c=Drink&a=distance
INFO: [ app_init ] --START--
INFO: Run Behavior\BuildLiteBehavior [ RunTime:0.000013s ]
INFO: [ app_init ] --END-- [ RunTime:0.000306s ]
INFO: [ app_begin ] --START--
INFO: Run Behavior\ReadHtmlCacheBehavior [ RunTime:0.000576s ]
INFO: [ app_begin ] --END-- [ RunTime:0.000621s ]
SQL: SHOW COLUMNS FROM `sm_orders` [ RunTime:0.0129s ]
SQL: SELECT `order_id`,`refund_time` FROM `sm_orders` WHERE `refund` = 1  [ RunTime:0.0116s ]
SQL: SHOW COLUMNS FROM `sm_member_list` [ RunTime:0.0079s ]
SQL: SELECT `is_open` FROM `sm_member_list` WHERE `member_list_id` = '1163' LIMIT 1   [ RunTime:0.0002s ]
SQL: SELECT `is_del` FROM `sm_member_list` WHERE `member_list_id` = '1163' LIMIT 1   [ RunTime:0.0002s ]
SQL: SELECT `order_id` FROM `sm_orders` WHERE `order_status` = 2 AND `refund` <> 1 AND ( `effect_time` >= 1571500800 AND `effect_time` <= 1571587199  )  [ RunTime:0.0002s ]
SQL: SHOW COLUMNS FROM `sm_order_goods` [ RunTime:0.0071s ]
SQL: SHOW COLUMNS FROM `sm_dishes` [ RunTime:0.0069s ]
SQL: SELECT `dishes_id`,`create_time`,`order_status`,`order_id`,`order_type` FROM `sm_orders` WHERE `order_status` = 1  [ RunTime:0.0003s ]
SQL: SHOW COLUMNS FROM `sm_integral_order` [ RunTime:0.0045s ]
SQL: SELECT * FROM `sm_integral_order` WHERE `status` = 2  [ RunTime:0.0005s ]
SQL: SELECT * FROM `sm_orders` WHERE `order_status` = 4 AND `deliver_type` = 1  [ RunTime:0.0003s ]
SQL: SHOW COLUMNS FROM `sm_stall` [ RunTime:0.0069s ]
SQL: SHOW COLUMNS FROM `sm_merchant` [ RunTime:0.0071s ]
SQL: SELECT `ma_id` FROM `sm_merchant` WHERE `delete` = 1 AND `is_open` = 1 AND `due_deadline` > 1571560915 AND `ma_id` = '1' LIMIT 1   [ RunTime:0.0002s ]
SQL: SELECT `longitude`,`latitude` FROM `sm_merchant` WHERE `ma_id` = '1' LIMIT 1   [ RunTime:0.0002s ]

[ 2019-10-20T16:41:55+08:00 ] 123.151.148.56 /index.php?m=Home&c=Stall&a=stallDetail&stall_id=3
INFO: [ app_init ] --START--
INFO: Run Behavior\BuildLiteBehavior [ RunTime:0.000012s ]
INFO: [ app_init ] --END-- [ RunTime:0.000326s ]
INFO: [ app_begin ] --START--
INFO: Run Behavior\ReadHtmlCacheBehavior [ RunTime:0.000469s ]
INFO: [ app_begin ] --END-- [ RunTime:0.000517s ]
SQL: SHOW COLUMNS FROM `sm_orders` [ RunTime:0.0053s ]
SQL: SELECT `order_id`,`refund_time` FROM `sm_orders` WHERE `refund` = 1  [ RunTime:0.0043s ]
SQL: SHOW COLUMNS FROM `sm_member_list` [ RunTime:0.0047s ]
SQL: SELECT `is_open` FROM `sm_member_list` WHERE `member_list_id` = '1163' LIMIT 1   [ RunTime:0.0004s ]
SQL: SELECT `is_del` FROM `sm_member_list` WHERE `member_list_id` = '1163' LIMIT 1   [ RunTime:0.0002s ]
SQL: SELECT `order_id` FROM `sm_orders` WHERE `order_status` = 2 AND `refund` <> 1 AND ( `effect_time` >= 1571500800 AND `effect_time` <= 1571587199  )  [ RunTime:0.0003s ]
SQL: SHOW COLUMNS FROM `sm_order_goods` [ RunTime:0.0051s ]
SQL: SHOW COLUMNS FROM `sm_dishes` [ RunTime:0.0049s ]
SQL: SELECT `dishes_id`,`create_time`,`order_status`,`order_id`,`order_type` FROM `sm_orders` WHERE `order_status` = 1  [ RunTime:0.0002s ]
SQL: SHOW COLUMNS FROM `sm_integral_order` [ RunTime:0.0048s ]
SQL: SELECT * FROM `sm_integral_order` WHERE `status` = 2  [ RunTime:0.0005s ]
SQL: SELECT * FROM `sm_orders` WHERE `order_status` = 4 AND `deliver_type` = 1  [ RunTime:0.0003s ]
SQL: SHOW COLUMNS FROM `sm_stall` [ RunTime:0.0052s ]
SQL: SELECT * FROM `sm_stall` WHERE `stall_id` = '3' LIMIT 1   [ RunTime:0.0003s ]
SQL: SHOW COLUMNS FROM `sm_member_collection` [ RunTime:0.0092s ]
SQL: SELECT * FROM `sm_member_collection` WHERE `member_list_id` = '1163' AND `stall_id` = '3'  [ RunTime:0.0002s ]
SQL: SELECT * FROM `sm_dishes` WHERE `stall` = 3 AND `statue` = 2 AND `state` = 1 AND `is_del` = 2 ORDER BY `sort` ASC LIMIT 6   [ RunTime:0.0003s ]
SQL: SHOW COLUMNS FROM `sm_dishes_category` [ RunTime:0.0073s ]
SQL: SELECT * FROM `sm_dishes_category` WHERE `ma_id` = 1 AND `is_del` = 2 ORDER BY `sort` asc  [ RunTime:0.0021s ]
SQL: SHOW COLUMNS FROM `sm_discount` [ RunTime:0.0043s ]
SQL: SHOW COLUMNS FROM `sm_cart` [ RunTime:0.0041s ]
SQL: SELECT `discount`,`start_time`,`end_time` FROM `sm_discount` WHERE `ma_id` = '1' AND `start_time` <= '1641' AND `end_time` >= '1641' LIMIT 1   [ RunTime:0.0002s ]
SQL: SELECT * FROM `sm_dishes` WHERE `stall` = 3 AND `state` = 1 AND `is_del` = 2 AND `dishes_cate_id` = 1 ORDER BY `sort` ASC  [ RunTime:0.0030s ]
SQL: SELECT * FROM `sm_dishes` WHERE `stall` = 3 AND `state` = 1 AND `is_del` = 2 AND `dishes_cate_id` = 2 ORDER BY `sort` ASC  [ RunTime:0.0004s ]
SQL: SELECT * FROM `sm_dishes` WHERE `stall` = 3 AND `state` = 1 AND `is_del` = 2 AND `dishes_cate_id` = 3 ORDER BY `sort` ASC  [ RunTime:0.0004s ]
SQL: SELECT `number` FROM `sm_cart` WHERE `stall_id` = 3 AND `dishes_id` = 12 AND `member_list_id` = 1163 LIMIT 1   [ RunTime:0.0045s ]
SQL: SELECT `number` FROM `sm_cart` WHERE `stall_id` = 3 AND `dishes_id` = 10 AND `member_list_id` = 1163 LIMIT 1   [ RunTime:0.0004s ]
SQL: SELECT `number` FROM `sm_cart` WHERE `stall_id` = 3 AND `dishes_id` = 209 AND `member_list_id` = 1163 LIMIT 1   [ RunTime:0.0004s ]
SQL: SELECT `number` FROM `sm_cart` WHERE `stall_id` = 3 AND `dishes_id` = 13 AND `member_list_id` = 1163 LIMIT 1   [ RunTime:0.0004s ]
SQL: SELECT `number` FROM `sm_cart` WHERE `stall_id` = 3 AND `dishes_id` = 14 AND `member_list_id` = 1163 LIMIT 1   [ RunTime:0.0004s ]
SQL: SELECT `number` FROM `sm_cart` WHERE `stall_id` = 3 AND `dishes_id` = 19 AND `member_list_id` = 1163 LIMIT 1   [ RunTime:0.0004s ]
SQL: SELECT `number` FROM `sm_cart` WHERE `stall_id` = 3 AND `dishes_id` = 11 AND `member_list_id` = 1163 LIMIT 1   [ RunTime:0.0004s ]
SQL: SELECT `number` FROM `sm_cart` WHERE `stall_id` = 3 AND `dishes_id` = 15 AND `member_list_id` = 1163 LIMIT 1   [ RunTime:0.0004s ]
SQL: SELECT `number` FROM `sm_cart` WHERE `stall_id` = 3 AND `dishes_id` = 20 AND `member_list_id` = 1163 LIMIT 1   [ RunTime:0.0004s ]
SQL: SELECT * FROM `sm_dishes` WHERE `stall` = 3 AND `state` = 1 AND `is_del` = 2 AND `dishes_cate_id` = 4 ORDER BY `sort` ASC  [ RunTime:0.0003s ]
SQL: SELECT * FROM `sm_dishes` WHERE `stall` = 3 AND `state` = 1 AND `is_del` = 2 AND `dishes_cate_id` = 5 ORDER BY `sort` ASC  [ RunTime:0.0003s ]
SQL: SELECT * FROM `sm_dishes` WHERE `stall` = 3 AND `state` = 1 AND `is_del` = 2 AND `dishes_cate_id` = 6 ORDER BY `sort` ASC  [ RunTime:0.0003s ]
SQL: SELECT `is_perfect` FROM `sm_member_list` WHERE `member_list_id` = '1163' AND `is_del` = 2 LIMIT 1   [ RunTime:0.0002s ]
SQL: SHOW COLUMNS FROM `sm_merchant` [ RunTime:0.0047s ]
SQL: SELECT * FROM `sm_merchant` WHERE `ma_id` = '1' LIMIT 1   [ RunTime:0.0003s ]
INFO: [ view_parse ] --START--
INFO: [ template_filter ] --START--
INFO: Run Behavior\ContentReplaceBehavior [ RunTime:0.000202s ]
INFO: [ template_filter ] --END-- [ RunTime:0.000242s ]
INFO: Run Behavior\ParseTemplateBehavior [ RunTime:0.084950s ]
INFO: [ view_parse ] --END-- [ RunTime:0.085002s ]
INFO: [ view_filter ] --START--
INFO: Run Behavior\WriteHtmlCacheBehavior [ RunTime:0.000415s ]
INFO: [ view_filter ] --END-- [ RunTime:0.000452s ]
INFO: [ app_end ] --START--
INFO: Run Behavior\ShowPageTraceBehavior [ RunTime:0.000563s ]
INFO: [ app_end ] --END-- [ RunTime:0.000602s ]

[ 2019-10-20T16:41:56+08:00 ] 218.68.91.108 /index.php?m=Home&c=Stall&a=evaluationList&stall_id=3
INFO: [ app_init ] --START--
INFO: Run Behavior\BuildLiteBehavior [ RunTime:0.000012s ]
INFO: [ app_init ] --END-- [ RunTime:0.000322s ]
INFO: [ app_begin ] --START--
INFO: Run Behavior\ReadHtmlCacheBehavior [ RunTime:0.000472s ]
INFO: [ app_begin ] --END-- [ RunTime:0.000515s ]
SQL: SHOW COLUMNS FROM `sm_orders` [ RunTime:0.0142s ]
SQL: SELECT `order_id`,`refund_time` FROM `sm_orders` WHERE `refund` = 1  [ RunTime:0.0173s ]
SQL: SHOW COLUMNS FROM `sm_member_list` [ RunTime:0.0103s ]
SQL: SELECT `is_open` FROM `sm_member_list` WHERE `member_list_id` = '1163' LIMIT 1   [ RunTime:0.0003s ]
SQL: SELECT `is_del` FROM `sm_member_list` WHERE `member_list_id` = '1163' LIMIT 1   [ RunTime:0.0002s ]
SQL: SELECT `order_id` FROM `sm_orders` WHERE `order_status` = 2 AND `refund` <> 1 AND ( `effect_time` >= 1571500800 AND `effect_time` <= 1571587199  )  [ RunTime:0.0003s ]
SQL: SHOW COLUMNS FROM `sm_order_goods` [ RunTime:0.0074s ]
SQL: SHOW COLUMNS FROM `sm_dishes` [ RunTime:0.0069s ]
SQL: SELECT `dishes_id`,`create_time`,`order_status`,`order_id`,`order_type` FROM `sm_orders` WHERE `order_status` = 1  [ RunTime:0.0002s ]
SQL: SHOW COLUMNS FROM `sm_integral_order` [ RunTime:0.0048s ]
SQL: SELECT * FROM `sm_integral_order` WHERE `status` = 2  [ RunTime:0.0005s ]
SQL: SELECT * FROM `sm_orders` WHERE `order_status` = 4 AND `deliver_type` = 1  [ RunTime:0.0004s ]
SQL: SHOW COLUMNS FROM `sm_stall` [ RunTime:0.0067s ]
SQL: SHOW COLUMNS FROM `sm_comment` [ RunTime:0.0070s ]
SQL: SHOW COLUMNS FROM `sm_comment` [ RunTime:0.0042s ]
SQL: SELECT COUNT(*) AS tp_count FROM sm_comment as a WHERE `stall_id` = '3' AND `is_del` = 2 LIMIT 1   [ RunTime:0.0006s ]
SQL: SELECT c.member_list_headpic,c.member_list_nickname,a.dish_score,a.service_score,a.addtime,a.image,a.content,a.order_id FROM sm_comment as a LEFT JOIN sm_orders as b on a.order_id = b.order_id LEFT JOIN sm_member_list as c on b.member_list_id = c.member_list_id  WHERE (  a.is_del = 2 OR a.member_list_id = '1163' ) AND a.stall_id = '3' ORDER BY a.addtime DESC LIMIT 5   [ RunTime:0.0009s ]
SQL: SELECT * FROM `sm_order_goods` WHERE `order_id` = '7727'  [ RunTime:0.0002s ]
NOTIC: [8] Undefined offset: 1 D:\xampp\htdocs\app\Home\Controller\StallController.class.php 第 226 行.
SQL: SELECT * FROM `sm_order_goods` WHERE `order_id` = '7354'  [ RunTime:0.0002s ]
NOTIC: [8] Undefined offset: 1 D:\xampp\htdocs\app\Home\Controller\StallController.class.php 第 226 行.
SQL: SELECT * FROM `sm_order_goods` WHERE `order_id` = '7687'  [ RunTime:0.0002s ]
SQL: SELECT * FROM `sm_order_goods` WHERE `order_id` = '7289'  [ RunTime:0.0002s ]
NOTIC: [8] Undefined offset: 1 D:\xampp\htdocs\app\Home\Controller\StallController.class.php 第 226 行.
SQL: SELECT * FROM `sm_order_goods` WHERE `order_id` = '6650'  [ RunTime:0.0003s ]

[ 2019-10-20T16:41:56+08:00 ] 123.151.148.57 /index.php?m=Home&c=Stall&a=cart&stall_id=3
INFO: [ app_init ] --START--
INFO: Run Behavior\BuildLiteBehavior [ RunTime:0.000013s ]
INFO: [ app_init ] --END-- [ RunTime:0.000342s ]
INFO: [ app_begin ] --START--
INFO: Run Behavior\ReadHtmlCacheBehavior [ RunTime:0.000614s ]
INFO: [ app_begin ] --END-- [ RunTime:0.000656s ]
SQL: SHOW COLUMNS FROM `sm_orders` [ RunTime:0.0082s ]
SQL: SELECT `order_id`,`refund_time` FROM `sm_orders` WHERE `refund` = 1  [ RunTime:0.0040s ]
SQL: SHOW COLUMNS FROM `sm_member_list` [ RunTime:0.0074s ]
SQL: SELECT `is_open` FROM `sm_member_list` WHERE `member_list_id` = '1163' LIMIT 1   [ RunTime:0.0002s ]
SQL: SELECT `is_del` FROM `sm_member_list` WHERE `member_list_id` = '1163' LIMIT 1   [ RunTime:0.0002s ]
SQL: SELECT `order_id` FROM `sm_orders` WHERE `order_status` = 2 AND `refund` <> 1 AND ( `effect_time` >= 1571500800 AND `effect_time` <= 1571587199  )  [ RunTime:0.0002s ]
SQL: SHOW COLUMNS FROM `sm_order_goods` [ RunTime:0.0042s ]
SQL: SHOW COLUMNS FROM `sm_dishes` [ RunTime:0.0047s ]
SQL: SELECT `dishes_id`,`create_time`,`order_status`,`order_id`,`order_type` FROM `sm_orders` WHERE `order_status` = 1  [ RunTime:0.0003s ]
SQL: SHOW COLUMNS FROM `sm_integral_order` [ RunTime:0.0044s ]
SQL: SELECT * FROM `sm_integral_order` WHERE `status` = 2  [ RunTime:0.0005s ]
SQL: SELECT * FROM `sm_orders` WHERE `order_status` = 4 AND `deliver_type` = 1  [ RunTime:0.0003s ]
SQL: SHOW COLUMNS FROM `sm_stall` [ RunTime:0.0043s ]
SQL: SHOW COLUMNS FROM `sm_cart` [ RunTime:0.0072s ]
SQL: SELECT * FROM sm_cart as a LEFT JOIN sm_dishes as b on a.dishes_id = b.dishes_id  WHERE a.stall_id = '3' AND a.member_list_id = '1163' ORDER BY a.addtime DESC  [ RunTime:0.0006s ]
SQL: SHOW COLUMNS FROM `sm_discount` [ RunTime:0.0041s ]
SQL: SELECT `discount` FROM `sm_discount` WHERE `ma_id` = '1' AND `start_time` <= '1641' AND `end_time` >= '1641' LIMIT 1   [ RunTime:0.0002s ]

[ 2019-10-20T16:42:00+08:00 ] 123.151.148.55 /index.php?m=Home&c=Stall&a=addCar&dishes_id=10&stall_id=3
INFO: [ app_init ] --START--
INFO: Run Behavior\BuildLiteBehavior [ RunTime:0.000013s ]
INFO: [ app_init ] --END-- [ RunTime:0.000349s ]
INFO: [ app_begin ] --START--
INFO: Run Behavior\ReadHtmlCacheBehavior [ RunTime:0.000606s ]
INFO: [ app_begin ] --END-- [ RunTime:0.000650s ]
SQL: SHOW COLUMNS FROM `sm_orders` [ RunTime:0.0131s ]
SQL: SELECT `order_id`,`refund_time` FROM `sm_orders` WHERE `refund` = 1  [ RunTime:0.0105s ]
SQL: SHOW COLUMNS FROM `sm_member_list` [ RunTime:0.0075s ]
SQL: SELECT `is_open` FROM `sm_member_list` WHERE `member_list_id` = '1163' LIMIT 1   [ RunTime:0.0002s ]
SQL: SELECT `is_del` FROM `sm_member_list` WHERE `member_list_id` = '1163' LIMIT 1   [ RunTime:0.0002s ]
SQL: SELECT `order_id` FROM `sm_orders` WHERE `order_status` = 2 AND `refund` <> 1 AND ( `effect_time` >= 1571500800 AND `effect_time` <= 1571587199  )  [ RunTime:0.0003s ]
SQL: SHOW COLUMNS FROM `sm_order_goods` [ RunTime:0.0100s ]
SQL: SHOW COLUMNS FROM `sm_dishes` [ RunTime:0.0073s ]
SQL: SELECT `dishes_id`,`create_time`,`order_status`,`order_id`,`order_type` FROM `sm_orders` WHERE `order_status` = 1  [ RunTime:0.0003s ]
SQL: SHOW COLUMNS FROM `sm_integral_order` [ RunTime:0.0044s ]
SQL: SELECT * FROM `sm_integral_order` WHERE `status` = 2  [ RunTime:0.0005s ]
SQL: SELECT * FROM `sm_orders` WHERE `order_status` = 4 AND `deliver_type` = 1  [ RunTime:0.0003s ]
SQL: SHOW COLUMNS FROM `sm_stall` [ RunTime:0.0071s ]
SQL: SHOW COLUMNS FROM `sm_cart` [ RunTime:0.0070s ]
SQL: INSERT INTO `sm_cart` (`member_list_id`,`stall_id`,`dishes_id`,`number`,`addtime`) VALUES ('1163','3','10','1','1571560920') [ RunTime:0.0109s ]

[ 2019-10-20T16:42:00+08:00 ] 218.68.91.108 /index.php?m=Home&c=Stall&a=cart&stall_id=3
INFO: [ app_init ] --START--
INFO: Run Behavior\BuildLiteBehavior [ RunTime:0.000013s ]
INFO: [ app_init ] --END-- [ RunTime:0.000310s ]
INFO: [ app_begin ] --START--
INFO: Run Behavior\ReadHtmlCacheBehavior [ RunTime:0.000594s ]
INFO: [ app_begin ] --END-- [ RunTime:0.000637s ]
SQL: SHOW COLUMNS FROM `sm_orders` [ RunTime:0.0063s ]
SQL: SELECT `order_id`,`refund_time` FROM `sm_orders` WHERE `refund` = 1  [ RunTime:0.0042s ]
SQL: SHOW COLUMNS FROM `sm_member_list` [ RunTime:0.0055s ]
SQL: SELECT `is_open` FROM `sm_member_list` WHERE `member_list_id` = '1163' LIMIT 1   [ RunTime:0.0003s ]
SQL: SELECT `is_del` FROM `sm_member_list` WHERE `member_list_id` = '1163' LIMIT 1   [ RunTime:0.0002s ]
SQL: SELECT `order_id` FROM `sm_orders` WHERE `order_status` = 2 AND `refund` <> 1 AND ( `effect_time` >= 1571500800 AND `effect_time` <= 1571587199  )  [ RunTime:0.0003s ]
SQL: SHOW COLUMNS FROM `sm_order_goods` [ RunTime:0.0049s ]
SQL: SHOW COLUMNS FROM `sm_dishes` [ RunTime:0.0047s ]
SQL: SELECT `dishes_id`,`create_time`,`order_status`,`order_id`,`order_type` FROM `sm_orders` WHERE `order_status` = 1  [ RunTime:0.0003s ]
SQL: SHOW COLUMNS FROM `sm_integral_order` [ RunTime:0.0168s ]
SQL: SELECT * FROM `sm_integral_order` WHERE `status` = 2  [ RunTime:0.0006s ]
SQL: SELECT * FROM `sm_orders` WHERE `order_status` = 4 AND `deliver_type` = 1  [ RunTime:0.0006s ]
SQL: SHOW COLUMNS FROM `sm_stall` [ RunTime:0.0049s ]
SQL: SHOW COLUMNS FROM `sm_cart` [ RunTime:0.0045s ]
SQL: SELECT * FROM sm_cart as a LEFT JOIN sm_dishes as b on a.dishes_id = b.dishes_id  WHERE a.stall_id = '3' AND a.member_list_id = '1163' ORDER BY a.addtime DESC  [ RunTime:0.0032s ]
SQL: SHOW COLUMNS FROM `sm_discount` [ RunTime:0.0044s ]
SQL: SELECT `discount` FROM `sm_discount` WHERE `ma_id` = '1' AND `start_time` <= '1642' AND `end_time` >= '1642' LIMIT 1   [ RunTime:0.0002s ]

[ 2019-10-20T16:42:01+08:00 ] 218.68.91.108 /index.php?m=Home&c=Stall&a=incCar&dishes_id=10&stall_id=3
INFO: [ app_init ] --START--
INFO: Run Behavior\BuildLiteBehavior [ RunTime:0.000012s ]
INFO: [ app_init ] --END-- [ RunTime:0.000305s ]
INFO: [ app_begin ] --START--
INFO: Run Behavior\ReadHtmlCacheBehavior [ RunTime:0.000551s ]
INFO: [ app_begin ] --END-- [ RunTime:0.000594s ]
SQL: SHOW COLUMNS FROM `sm_orders` [ RunTime:0.0129s ]
SQL: SELECT `order_id`,`refund_time` FROM `sm_orders` WHERE `refund` = 1  [ RunTime:0.0145s ]
SQL: SHOW COLUMNS FROM `sm_member_list` [ RunTime:0.0088s ]
SQL: SELECT `is_open` FROM `sm_member_list` WHERE `member_list_id` = '1163' LIMIT 1   [ RunTime:0.0003s ]
SQL: SELECT `is_del` FROM `sm_member_list` WHERE `member_list_id` = '1163' LIMIT 1   [ RunTime:0.0002s ]
SQL: SELECT `order_id` FROM `sm_orders` WHERE `order_status` = 2 AND `refund` <> 1 AND ( `effect_time` >= 1571500800 AND `effect_time` <= 1571587199  )  [ RunTime:0.0003s ]
SQL: SHOW COLUMNS FROM `sm_order_goods` [ RunTime:0.0072s ]
SQL: SHOW COLUMNS FROM `sm_dishes` [ RunTime:0.0070s ]
SQL: SELECT `dishes_id`,`create_time`,`order_status`,`order_id`,`order_type` FROM `sm_orders` WHERE `order_status` = 1  [ RunTime:0.0002s ]
SQL: SHOW COLUMNS FROM `sm_integral_order` [ RunTime:0.0042s ]
SQL: SELECT * FROM `sm_integral_order` WHERE `status` = 2  [ RunTime:0.0005s ]
SQL: SELECT * FROM `sm_orders` WHERE `order_status` = 4 AND `deliver_type` = 1  [ RunTime:0.0003s ]
SQL: SHOW COLUMNS FROM `sm_stall` [ RunTime:0.0069s ]
SQL: SHOW COLUMNS FROM `sm_cart` [ RunTime:0.0066s ]
SQL: UPDATE `sm_cart` SET `number`=number+1 WHERE `member_list_id` = 1163 AND `stall_id` = 3 AND `dishes_id` = 10 [ RunTime:0.0056s ]

[ 2019-10-20T16:42:01+08:00 ] 123.151.148.54 /index.php?m=Home&c=Stall&a=incCar&dishes_id=10&stall_id=3
INFO: [ app_init ] --START--
INFO: Run Behavior\BuildLiteBehavior [ RunTime:0.000012s ]
INFO: [ app_init ] --END-- [ RunTime:0.000318s ]
INFO: [ app_begin ] --START--
INFO: Run Behavior\ReadHtmlCacheBehavior [ RunTime:0.000584s ]
INFO: [ app_begin ] --END-- [ RunTime:0.000626s ]
SQL: SHOW COLUMNS FROM `sm_orders` [ RunTime:0.0057s ]
SQL: SELECT `order_id`,`refund_time` FROM `sm_orders` WHERE `refund` = 1  [ RunTime:0.0041s ]
SQL: SHOW COLUMNS FROM `sm_member_list` [ RunTime:0.0047s ]
SQL: SELECT `is_open` FROM `sm_member_list` WHERE `member_list_id` = '1163' LIMIT 1   [ RunTime:0.0003s ]
SQL: SELECT `is_del` FROM `sm_member_list` WHERE `member_list_id` = '1163' LIMIT 1   [ RunTime:0.0002s ]
SQL: SELECT `order_id` FROM `sm_orders` WHERE `order_status` = 2 AND `refund` <> 1 AND ( `effect_time` >= 1571500800 AND `effect_time` <= 1571587199  )  [ RunTime:0.0003s ]
SQL: SHOW COLUMNS FROM `sm_order_goods` [ RunTime:0.0080s ]
SQL: SHOW COLUMNS FROM `sm_dishes` [ RunTime:0.0045s ]
SQL: SELECT `dishes_id`,`create_time`,`order_status`,`order_id`,`order_type` FROM `sm_orders` WHERE `order_status` = 1  [ RunTime:0.0003s ]
SQL: SHOW COLUMNS FROM `sm_integral_order` [ RunTime:0.0073s ]
SQL: SELECT * FROM `sm_integral_order` WHERE `status` = 2  [ RunTime:0.0006s ]
SQL: SELECT * FROM `sm_orders` WHERE `order_status` = 4 AND `deliver_type` = 1  [ RunTime:0.0004s ]
SQL: SHOW COLUMNS FROM `sm_stall` [ RunTime:0.0117s ]
SQL: SHOW COLUMNS FROM `sm_cart` [ RunTime:0.0044s ]
SQL: UPDATE `sm_cart` SET `number`=number+1 WHERE `member_list_id` = 1163 AND `stall_id` = 3 AND `dishes_id` = 10 [ RunTime:0.0053s ]

[ 2019-10-20T16:42:01+08:00 ] 218.68.91.108 /index.php?m=Home&c=Stall&a=cart&stall_id=3
INFO: [ app_init ] --START--
INFO: Run Behavior\BuildLiteBehavior [ RunTime:0.000012s ]
INFO: [ app_init ] --END-- [ RunTime:0.000297s ]
INFO: [ app_begin ] --START--
INFO: Run Behavior\ReadHtmlCacheBehavior [ RunTime:0.000439s ]
INFO: [ app_begin ] --END-- [ RunTime:0.000480s ]
SQL: SHOW COLUMNS FROM `sm_orders` [ RunTime:0.0052s ]
SQL: SELECT `order_id`,`refund_time` FROM `sm_orders` WHERE `refund` = 1  [ RunTime:0.0040s ]
SQL: SHOW COLUMNS FROM `sm_member_list` [ RunTime:0.0048s ]
SQL: SELECT `is_open` FROM `sm_member_list` WHERE `member_list_id` = '1163' LIMIT 1   [ RunTime:0.0002s ]
SQL: SELECT `is_del` FROM `sm_member_list` WHERE `member_list_id` = '1163' LIMIT 1   [ RunTime:0.0002s ]
SQL: SELECT `order_id` FROM `sm_orders` WHERE `order_status` = 2 AND `refund` <> 1 AND ( `effect_time` >= 1571500800 AND `effect_time` <= 1571587199  )  [ RunTime:0.0003s ]
SQL: SHOW COLUMNS FROM `sm_order_goods` [ RunTime:0.0080s ]
SQL: SHOW COLUMNS FROM `sm_dishes` [ RunTime:0.0045s ]
SQL: SELECT `dishes_id`,`create_time`,`order_status`,`order_id`,`order_type` FROM `sm_orders` WHERE `order_status` = 1  [ RunTime:0.0002s ]
SQL: SHOW COLUMNS FROM `sm_integral_order` [ RunTime:0.0064s ]
SQL: SELECT * FROM `sm_integral_order` WHERE `status` = 2  [ RunTime:0.0005s ]
SQL: SELECT * FROM `sm_orders` WHERE `order_status` = 4 AND `deliver_type` = 1  [ RunTime:0.0004s ]
SQL: SHOW COLUMNS FROM `sm_stall` [ RunTime:0.0081s ]
SQL: SHOW COLUMNS FROM `sm_cart` [ RunTime:0.0045s ]
SQL: SELECT * FROM sm_cart as a LEFT JOIN sm_dishes as b on a.dishes_id = b.dishes_id  WHERE a.stall_id = '3' AND a.member_list_id = '1163' ORDER BY a.addtime DESC  [ RunTime:0.0007s ]
SQL: SHOW COLUMNS FROM `sm_discount` [ RunTime:0.0042s ]
SQL: SELECT `discount` FROM `sm_discount` WHERE `ma_id` = '1' AND `start_time` <= '1642' AND `end_time` >= '1642' LIMIT 1   [ RunTime:0.0002s ]

[ 2019-10-20T16:42:01+08:00 ] 123.151.148.56 /index.php?m=Home&c=Stall&a=incCar&dishes_id=10&stall_id=3
INFO: [ app_init ] --START--
INFO: Run Behavior\BuildLiteBehavior [ RunTime:0.000012s ]
INFO: [ app_init ] --END-- [ RunTime:0.000291s ]
INFO: [ app_begin ] --START--
INFO: Run Behavior\ReadHtmlCacheBehavior [ RunTime:0.000549s ]
INFO: [ app_begin ] --END-- [ RunTime:0.000591s ]
SQL: SHOW COLUMNS FROM `sm_orders` [ RunTime:0.0050s ]
SQL: SELECT `order_id`,`refund_time` FROM `sm_orders` WHERE `refund` = 1  [ RunTime:0.0040s ]
SQL: SHOW COLUMNS FROM `sm_member_list` [ RunTime:0.0045s ]
SQL: SELECT `is_open` FROM `sm_member_list` WHERE `member_list_id` = '1163' LIMIT 1   [ RunTime:0.0002s ]
SQL: SELECT `is_del` FROM `sm_member_list` WHERE `member_list_id` = '1163' LIMIT 1   [ RunTime:0.0002s ]
SQL: SELECT `order_id` FROM `sm_orders` WHERE `order_status` = 2 AND `refund` <> 1 AND ( `effect_time` >= 1571500800 AND `effect_time` <= 1571587199  )  [ RunTime:0.0003s ]
SQL: SHOW COLUMNS FROM `sm_order_goods` [ RunTime:0.0078s ]
SQL: SHOW COLUMNS FROM `sm_dishes` [ RunTime:0.0043s ]
SQL: SELECT `dishes_id`,`create_time`,`order_status`,`order_id`,`order_type` FROM `sm_orders` WHERE `order_status` = 1  [ RunTime:0.0002s ]
SQL: SHOW COLUMNS FROM `sm_integral_order` [ RunTime:0.0044s ]
SQL: SELECT * FROM `sm_integral_order` WHERE `status` = 2  [ RunTime:0.0005s ]
SQL: SELECT * FROM `sm_orders` WHERE `order_status` = 4 AND `deliver_type` = 1  [ RunTime:0.0003s ]
SQL: SHOW COLUMNS FROM `sm_stall` [ RunTime:0.0074s ]
SQL: SHOW COLUMNS FROM `sm_cart` [ RunTime:0.0041s ]
SQL: UPDATE `sm_cart` SET `number`=number+1 WHERE `member_list_id` = 1163 AND `stall_id` = 3 AND `dishes_id` = 10 [ RunTime:0.0119s ]

[ 2019-10-20T16:42:01+08:00 ] 218.68.91.108 /index.php?m=Home&c=Stall&a=cart&stall_id=3
INFO: [ app_init ] --START--
INFO: Run Behavior\BuildLiteBehavior [ RunTime:0.000012s ]
INFO: [ app_init ] --END-- [ RunTime:0.000297s ]
INFO: [ app_begin ] --START--
INFO: Run Behavior\ReadHtmlCacheBehavior [ RunTime:0.000442s ]
INFO: [ app_begin ] --END-- [ RunTime:0.000483s ]
SQL: SHOW COLUMNS FROM `sm_orders` [ RunTime:0.0049s ]
SQL: SELECT `order_id`,`refund_time` FROM `sm_orders` WHERE `refund` = 1  [ RunTime:0.0040s ]
SQL: SHOW COLUMNS FROM `sm_member_list` [ RunTime:0.0045s ]
SQL: SELECT `is_open` FROM `sm_member_list` WHERE `member_list_id` = '1163' LIMIT 1   [ RunTime:0.0002s ]
SQL: SELECT `is_del` FROM `sm_member_list` WHERE `member_list_id` = '1163' LIMIT 1   [ RunTime:0.0002s ]
SQL: SELECT `order_id` FROM `sm_orders` WHERE `order_status` = 2 AND `refund` <> 1 AND ( `effect_time` >= 1571500800 AND `effect_time` <= 1571587199  )  [ RunTime:0.0002s ]
SQL: SHOW COLUMNS FROM `sm_order_goods` [ RunTime:0.0079s ]
SQL: SHOW COLUMNS FROM `sm_dishes` [ RunTime:0.0043s ]
SQL: SELECT `dishes_id`,`create_time`,`order_status`,`order_id`,`order_type` FROM `sm_orders` WHERE `order_status` = 1  [ RunTime:0.0002s ]
SQL: SHOW COLUMNS FROM `sm_integral_order` [ RunTime:0.0050s ]
SQL: SELECT * FROM `sm_integral_order` WHERE `status` = 2  [ RunTime:0.0005s ]
SQL: SELECT * FROM `sm_orders` WHERE `order_status` = 4 AND `deliver_type` = 1  [ RunTime:0.0003s ]
SQL: SHOW COLUMNS FROM `sm_stall` [ RunTime:0.0072s ]
SQL: SHOW COLUMNS FROM `sm_cart` [ RunTime:0.0042s ]
SQL: SELECT * FROM sm_cart as a LEFT JOIN sm_dishes as b on a.dishes_id = b.dishes_id  WHERE a.stall_id = '3' AND a.member_list_id = '1163' ORDER BY a.addtime DESC  [ RunTime:0.0008s ]
SQL: SHOW COLUMNS FROM `sm_discount` [ RunTime:0.0043s ]
SQL: SELECT `discount` FROM `sm_discount` WHERE `ma_id` = '1' AND `start_time` <= '1642' AND `end_time` >= '1642' LIMIT 1   [ RunTime:0.0002s ]

[ 2019-10-20T16:42:01+08:00 ] 218.68.91.108 /index.php?m=Home&c=Stall&a=cart&stall_id=3
INFO: [ app_init ] --START--
INFO: Run Behavior\BuildLiteBehavior [ RunTime:0.000012s ]
INFO: [ app_init ] --END-- [ RunTime:0.000316s ]
INFO: [ app_begin ] --START--
INFO: Run Behavior\ReadHtmlCacheBehavior [ RunTime:0.000455s ]
INFO: [ app_begin ] --END-- [ RunTime:0.000497s ]
SQL: SHOW COLUMNS FROM `sm_orders` [ RunTime:0.0058s ]
SQL: SELECT `order_id`,`refund_time` FROM `sm_orders` WHERE `refund` = 1  [ RunTime:0.0201s ]
SQL: SHOW COLUMNS FROM `sm_member_list` [ RunTime:0.0052s ]
SQL: SELECT `is_open` FROM `sm_member_list` WHERE `member_list_id` = '1163' LIMIT 1   [ RunTime:0.0003s ]
SQL: SELECT `is_del` FROM `sm_member_list` WHERE `member_list_id` = '1163' LIMIT 1   [ RunTime:0.0002s ]
SQL: SELECT `order_id` FROM `sm_orders` WHERE `order_status` = 2 AND `refund` <> 1 AND ( `effect_time` >= 1571500800 AND `effect_time` <= 1571587199  )  [ RunTime:0.0003s ]
SQL: SHOW COLUMNS FROM `sm_order_goods` [ RunTime:0.0079s ]
SQL: SHOW COLUMNS FROM `sm_dishes` [ RunTime:0.0045s ]
SQL: SELECT `dishes_id`,`create_time`,`order_status`,`order_id`,`order_type` FROM `sm_orders` WHERE `order_status` = 1  [ RunTime:0.0003s ]
SQL: SHOW COLUMNS FROM `sm_integral_order` [ RunTime:0.0043s ]
SQL: SELECT * FROM `sm_integral_order` WHERE `status` = 2  [ RunTime:0.0006s ]
SQL: SELECT * FROM `sm_orders` WHERE `order_status` = 4 AND `deliver_type` = 1  [ RunTime:0.0003s ]
SQL: SHOW COLUMNS FROM `sm_stall` [ RunTime:0.0079s ]
SQL: SHOW COLUMNS FROM `sm_cart` [ RunTime:0.0045s ]
SQL: SELECT * FROM sm_cart as a LEFT JOIN sm_dishes as b on a.dishes_id = b.dishes_id  WHERE a.stall_id = '3' AND a.member_list_id = '1163' ORDER BY a.addtime DESC  [ RunTime:0.0007s ]
SQL: SHOW COLUMNS FROM `sm_discount` [ RunTime:0.0047s ]
SQL: SELECT `discount` FROM `sm_discount` WHERE `ma_id` = '1' AND `start_time` <= '1642' AND `end_time` >= '1642' LIMIT 1   [ RunTime:0.0002s ]

[ 2019-10-20T16:42:02+08:00 ] 218.68.91.108 /index.php?m=Home&c=Stall&a=incCar&dishes_id=10&stall_id=3
INFO: [ app_init ] --START--
INFO: Run Behavior\BuildLiteBehavior [ RunTime:0.000013s ]
INFO: [ app_init ] --END-- [ RunTime:0.000312s ]
INFO: [ app_begin ] --START--
INFO: Run Behavior\ReadHtmlCacheBehavior [ RunTime:0.000549s ]
INFO: [ app_begin ] --END-- [ RunTime:0.000591s ]
SQL: SHOW COLUMNS FROM `sm_orders` [ RunTime:0.0074s ]
SQL: SELECT `order_id`,`refund_time` FROM `sm_orders` WHERE `refund` = 1  [ RunTime:0.0041s ]
SQL: SHOW COLUMNS FROM `sm_member_list` [ RunTime:0.0056s ]
SQL: SELECT `is_open` FROM `sm_member_list` WHERE `member_list_id` = '1163' LIMIT 1   [ RunTime:0.0002s ]
SQL: SELECT `is_del` FROM `sm_member_list` WHERE `member_list_id` = '1163' LIMIT 1   [ RunTime:0.0002s ]
SQL: SELECT `order_id` FROM `sm_orders` WHERE `order_status` = 2 AND `refund` <> 1 AND ( `effect_time` >= 1571500800 AND `effect_time` <= 1571587199  )  [ RunTime:0.0002s ]
SQL: SHOW COLUMNS FROM `sm_order_goods` [ RunTime:0.0080s ]
SQL: SHOW COLUMNS FROM `sm_dishes` [ RunTime:0.0047s ]
SQL: SELECT `dishes_id`,`create_time`,`order_status`,`order_id`,`order_type` FROM `sm_orders` WHERE `order_status` = 1  [ RunTime:0.0003s ]
SQL: SHOW COLUMNS FROM `sm_integral_order` [ RunTime:0.0044s ]
SQL: SELECT * FROM `sm_integral_order` WHERE `status` = 2  [ RunTime:0.0005s ]
SQL: SELECT * FROM `sm_orders` WHERE `order_status` = 4 AND `deliver_type` = 1  [ RunTime:0.0004s ]
SQL: SHOW COLUMNS FROM `sm_stall` [ RunTime:0.0098s ]
SQL: SHOW COLUMNS FROM `sm_cart` [ RunTime:0.0113s ]
SQL: UPDATE `sm_cart` SET `number`=number+1 WHERE `member_list_id` = 1163 AND `stall_id` = 3 AND `dishes_id` = 10 [ RunTime:0.0098s ]

[ 2019-10-20T16:42:02+08:00 ] 218.68.91.108 /index.php?m=Home&c=Stall&a=cart&stall_id=3
INFO: [ app_init ] --START--
INFO: Run Behavior\BuildLiteBehavior [ RunTime:0.000014s ]
INFO: [ app_init ] --END-- [ RunTime:0.000326s ]
INFO: [ app_begin ] --START--
INFO: Run Behavior\ReadHtmlCacheBehavior [ RunTime:0.000458s ]
INFO: [ app_begin ] --END-- [ RunTime:0.000499s ]
SQL: SHOW COLUMNS FROM `sm_orders` [ RunTime:0.0091s ]
SQL: SELECT `order_id`,`refund_time` FROM `sm_orders` WHERE `refund` = 1  [ RunTime:0.0310s ]
SQL: SHOW COLUMNS FROM `sm_member_list` [ RunTime:0.0088s ]
SQL: SELECT `is_open` FROM `sm_member_list` WHERE `member_list_id` = '1163' LIMIT 1   [ RunTime:0.0003s ]
SQL: SELECT `is_del` FROM `sm_member_list` WHERE `member_list_id` = '1163' LIMIT 1   [ RunTime:0.0002s ]
SQL: SELECT `order_id` FROM `sm_orders` WHERE `order_status` = 2 AND `refund` <> 1 AND ( `effect_time` >= 1571500800 AND `effect_time` <= 1571587199  )  [ RunTime:0.0003s ]
SQL: SHOW COLUMNS FROM `sm_order_goods` [ RunTime:0.0077s ]
SQL: SHOW COLUMNS FROM `sm_dishes` [ RunTime:0.0073s ]
SQL: SELECT `dishes_id`,`create_time`,`order_status`,`order_id`,`order_type` FROM `sm_orders` WHERE `order_status` = 1  [ RunTime:0.0003s ]
SQL: SHOW COLUMNS FROM `sm_integral_order` [ RunTime:0.0043s ]
SQL: SELECT * FROM `sm_integral_order` WHERE `status` = 2  [ RunTime:0.0005s ]
SQL: SELECT * FROM `sm_orders` WHERE `order_status` = 4 AND `deliver_type` = 1  [ RunTime:0.0004s ]
SQL: SHOW COLUMNS FROM `sm_stall` [ RunTime:0.0074s ]
SQL: SHOW COLUMNS FROM `sm_cart` [ RunTime:0.0042s ]
SQL: SELECT * FROM sm_cart as a LEFT JOIN sm_dishes as b on a.dishes_id = b.dishes_id  WHERE a.stall_id = '3' AND a.member_list_id = '1163' ORDER BY a.addtime DESC  [ RunTime:0.0007s ]
SQL: SHOW COLUMNS FROM `sm_discount` [ RunTime:0.0041s ]
SQL: SELECT `discount` FROM `sm_discount` WHERE `ma_id` = '1' AND `start_time` <= '1642' AND `end_time` >= '1642' LIMIT 1   [ RunTime:0.0002s ]

[ 2019-10-20T16:42:02+08:00 ] 218.68.91.108 /index.php?m=Home&c=Stall&a=incCar&dishes_id=10&stall_id=3
INFO: [ app_init ] --START--
INFO: Run Behavior\BuildLiteBehavior [ RunTime:0.000012s ]
INFO: [ app_init ] --END-- [ RunTime:0.000311s ]
INFO: [ app_begin ] --START--
INFO: Run Behavior\ReadHtmlCacheBehavior [ RunTime:0.000609s ]
INFO: [ app_begin ] --END-- [ RunTime:0.000652s ]
SQL: SHOW COLUMNS FROM `sm_orders` [ RunTime:0.0053s ]
SQL: SELECT `order_id`,`refund_time` FROM `sm_orders` WHERE `refund` = 1  [ RunTime:0.0040s ]
SQL: SHOW COLUMNS FROM `sm_member_list` [ RunTime:0.0046s ]
SQL: SELECT `is_open` FROM `sm_member_list` WHERE `member_list_id` = '1163' LIMIT 1   [ RunTime:0.0002s ]
SQL: SELECT `is_del` FROM `sm_member_list` WHERE `member_list_id` = '1163' LIMIT 1   [ RunTime:0.0002s ]
SQL: SELECT `order_id` FROM `sm_orders` WHERE `order_status` = 2 AND `refund` <> 1 AND ( `effect_time` >= 1571500800 AND `effect_time` <= 1571587199  )  [ RunTime:0.0002s ]
SQL: SHOW COLUMNS FROM `sm_order_goods` [ RunTime:0.0044s ]
SQL: SHOW COLUMNS FROM `sm_dishes` [ RunTime:0.0044s ]
SQL: SELECT `dishes_id`,`create_time`,`order_status`,`order_id`,`order_type` FROM `sm_orders` WHERE `order_status` = 1  [ RunTime:0.0002s ]
SQL: SHOW COLUMNS FROM `sm_integral_order` [ RunTime:0.0044s ]
SQL: SELECT * FROM `sm_integral_order` WHERE `status` = 2  [ RunTime:0.0005s ]
SQL: SELECT * FROM `sm_orders` WHERE `order_status` = 4 AND `deliver_type` = 1  [ RunTime:0.0005s ]
SQL: SHOW COLUMNS FROM `sm_stall` [ RunTime:0.0043s ]
SQL: SHOW COLUMNS FROM `sm_cart` [ RunTime:0.0041s ]
SQL: UPDATE `sm_cart` SET `number`=number+1 WHERE `member_list_id` = 1163 AND `stall_id` = 3 AND `dishes_id` = 10 [ RunTime:0.0070s ]

[ 2019-10-20T16:42:02+08:00 ] 218.68.91.108 /index.php?m=Home&c=Stall&a=incCar&dishes_id=10&stall_id=3
INFO: [ app_init ] --START--
INFO: Run Behavior\BuildLiteBehavior [ RunTime:0.000011s ]
INFO: [ app_init ] --END-- [ RunTime:0.000299s ]
INFO: [ app_begin ] --START--
INFO: Run Behavior\ReadHtmlCacheBehavior [ RunTime:0.000603s ]
INFO: [ app_begin ] --END-- [ RunTime:0.000648s ]
SQL: SHOW COLUMNS FROM `sm_orders` [ RunTime:0.0065s ]
SQL: SELECT `order_id`,`refund_time` FROM `sm_orders` WHERE `refund` = 1  [ RunTime:0.0042s ]
SQL: SHOW COLUMNS FROM `sm_member_list` [ RunTime:0.0053s ]
SQL: SELECT `is_open` FROM `sm_member_list` WHERE `member_list_id` = '1163' LIMIT 1   [ RunTime:0.0002s ]
SQL: SELECT `is_del` FROM `sm_member_list` WHERE `member_list_id` = '1163' LIMIT 1   [ RunTime:0.0002s ]
SQL: SELECT `order_id` FROM `sm_orders` WHERE `order_status` = 2 AND `refund` <> 1 AND ( `effect_time` >= 1571500800 AND `effect_time` <= 1571587199  )  [ RunTime:0.0003s ]
SQL: SHOW COLUMNS FROM `sm_order_goods` [ RunTime:0.0044s ]
SQL: SHOW COLUMNS FROM `sm_dishes` [ RunTime:0.0043s ]
SQL: SELECT `dishes_id`,`create_time`,`order_status`,`order_id`,`order_type` FROM `sm_orders` WHERE `order_status` = 1  [ RunTime:0.0002s ]
SQL: SHOW COLUMNS FROM `sm_integral_order` [ RunTime:0.0047s ]
SQL: SELECT * FROM `sm_integral_order` WHERE `status` = 2  [ RunTime:0.0005s ]
SQL: SELECT * FROM `sm_orders` WHERE `order_status` = 4 AND `deliver_type` = 1  [ RunTime:0.0004s ]
SQL: SHOW COLUMNS FROM `sm_stall` [ RunTime:0.0049s ]
SQL: SHOW COLUMNS FROM `sm_cart` [ RunTime:0.0046s ]
SQL: UPDATE `sm_cart` SET `number`=number+1 WHERE `member_list_id` = 1163 AND `stall_id` = 3 AND `dishes_id` = 10 [ RunTime:0.0068s ]

[ 2019-10-20T16:42:02+08:00 ] 218.68.91.108 /index.php?m=Home&c=Stall&a=cart&stall_id=3
INFO: [ app_init ] --START--
INFO: Run Behavior\BuildLiteBehavior [ RunTime:0.000012s ]
INFO: [ app_init ] --END-- [ RunTime:0.000385s ]
INFO: [ app_begin ] --START--
INFO: Run Behavior\ReadHtmlCacheBehavior [ RunTime:0.000610s ]
INFO: [ app_begin ] --END-- [ RunTime:0.000660s ]
SQL: SHOW COLUMNS FROM `sm_orders` [ RunTime:0.0049s ]
SQL: SELECT `order_id`,`refund_time` FROM `sm_orders` WHERE `refund` = 1  [ RunTime:0.0040s ]
SQL: SHOW COLUMNS FROM `sm_member_list` [ RunTime:0.0045s ]
SQL: SELECT `is_open` FROM `sm_member_list` WHERE `member_list_id` = '1163' LIMIT 1   [ RunTime:0.0002s ]
SQL: SELECT `is_del` FROM `sm_member_list` WHERE `member_list_id` = '1163' LIMIT 1   [ RunTime:0.0002s ]
SQL: SELECT `order_id` FROM `sm_orders` WHERE `order_status` = 2 AND `refund` <> 1 AND ( `effect_time` >= 1571500800 AND `effect_time` <= 1571587199  )  [ RunTime:0.0004s ]
SQL: SHOW COLUMNS FROM `sm_order_goods` [ RunTime:0.0045s ]
SQL: SHOW COLUMNS FROM `sm_dishes` [ RunTime:0.0043s ]
SQL: SELECT `dishes_id`,`create_time`,`order_status`,`order_id`,`order_type` FROM `sm_orders` WHERE `order_status` = 1  [ RunTime:0.0002s ]
SQL: SHOW COLUMNS FROM `sm_integral_order` [ RunTime:0.0042s ]
SQL: SELECT * FROM `sm_integral_order` WHERE `status` = 2  [ RunTime:0.0005s ]
SQL: SELECT * FROM `sm_orders` WHERE `order_status` = 4 AND `deliver_type` = 1  [ RunTime:0.0003s ]
SQL: SHOW COLUMNS FROM `sm_stall` [ RunTime:0.0045s ]
SQL: SHOW COLUMNS FROM `sm_cart` [ RunTime:0.0043s ]
SQL: SELECT * FROM sm_cart as a LEFT JOIN sm_dishes as b on a.dishes_id = b.dishes_id  WHERE a.stall_id = '3' AND a.member_list_id = '1163' ORDER BY a.addtime DESC  [ RunTime:0.0006s ]
SQL: SHOW COLUMNS FROM `sm_discount` [ RunTime:0.0046s ]
SQL: SELECT `discount` FROM `sm_discount` WHERE `ma_id` = '1' AND `start_time` <= '1642' AND `end_time` >= '1642' LIMIT 1   [ RunTime:0.0002s ]

[ 2019-10-20T16:42:02+08:00 ] 218.68.91.108 /index.php?m=Home&c=Stall&a=cart&stall_id=3
INFO: [ app_init ] --START--
INFO: Run Behavior\BuildLiteBehavior [ RunTime:0.000012s ]
INFO: [ app_init ] --END-- [ RunTime:0.000303s ]
INFO: [ app_begin ] --START--
INFO: Run Behavior\ReadHtmlCacheBehavior [ RunTime:0.000439s ]
INFO: [ app_begin ] --END-- [ RunTime:0.000481s ]
SQL: SHOW COLUMNS FROM `sm_orders` [ RunTime:0.0061s ]
SQL: SELECT `order_id`,`refund_time` FROM `sm_orders` WHERE `refund` = 1  [ RunTime:0.0041s ]
SQL: SHOW COLUMNS FROM `sm_member_list` [ RunTime:0.0047s ]
SQL: SELECT `is_open` FROM `sm_member_list` WHERE `member_list_id` = '1163' LIMIT 1   [ RunTime:0.0003s ]
SQL: SELECT `is_del` FROM `sm_member_list` WHERE `member_list_id` = '1163' LIMIT 1   [ RunTime:0.0002s ]
SQL: SELECT `order_id` FROM `sm_orders` WHERE `order_status` = 2 AND `refund` <> 1 AND ( `effect_time` >= 1571500800 AND `effect_time` <= 1571587199  )  [ RunTime:0.0002s ]
SQL: SHOW COLUMNS FROM `sm_order_goods` [ RunTime:0.0043s ]
SQL: SHOW COLUMNS FROM `sm_dishes` [ RunTime:0.0131s ]
SQL: SELECT `dishes_id`,`create_time`,`order_status`,`order_id`,`order_type` FROM `sm_orders` WHERE `order_status` = 1  [ RunTime:0.0002s ]
SQL: SHOW COLUMNS FROM `sm_integral_order` [ RunTime:0.0044s ]
SQL: SELECT * FROM `sm_integral_order` WHERE `status` = 2  [ RunTime:0.0005s ]
SQL: SELECT * FROM `sm_orders` WHERE `order_status` = 4 AND `deliver_type` = 1  [ RunTime:0.0004s ]
SQL: SHOW COLUMNS FROM `sm_stall` [ RunTime:0.0043s ]
SQL: SHOW COLUMNS FROM `sm_cart` [ RunTime:0.0045s ]
SQL: SELECT * FROM sm_cart as a LEFT JOIN sm_dishes as b on a.dishes_id = b.dishes_id  WHERE a.stall_id = '3' AND a.member_list_id = '1163' ORDER BY a.addtime DESC  [ RunTime:0.0007s ]
SQL: SHOW COLUMNS FROM `sm_discount` [ RunTime:0.0042s ]
SQL: SELECT `discount` FROM `sm_discount` WHERE `ma_id` = '1' AND `start_time` <= '1642' AND `end_time` >= '1642' LIMIT 1   [ RunTime:0.0002s ]

[ 2019-10-20T16:42:03+08:00 ] 218.68.91.108 /index.php?m=Home&c=Stall&a=incCar&dishes_id=10&stall_id=3
INFO: [ app_init ] --START--
INFO: Run Behavior\BuildLiteBehavior [ RunTime:0.000014s ]
INFO: [ app_init ] --END-- [ RunTime:0.000329s ]
INFO: [ app_begin ] --START--
INFO: Run Behavior\ReadHtmlCacheBehavior [ RunTime:0.000481s ]
INFO: [ app_begin ] --END-- [ RunTime:0.000526s ]
SQL: SHOW COLUMNS FROM `sm_orders` [ RunTime:0.0129s ]
SQL: SELECT `order_id`,`refund_time` FROM `sm_orders` WHERE `refund` = 1  [ RunTime:0.0256s ]
SQL: SHOW COLUMNS FROM `sm_member_list` [ RunTime:0.0078s ]
SQL: SELECT `is_open` FROM `sm_member_list` WHERE `member_list_id` = '1163' LIMIT 1   [ RunTime:0.0003s ]
SQL: SELECT `is_del` FROM `sm_member_list` WHERE `member_list_id` = '1163' LIMIT 1   [ RunTime:0.0002s ]
SQL: SELECT `order_id` FROM `sm_orders` WHERE `order_status` = 2 AND `refund` <> 1 AND ( `effect_time` >= 1571500800 AND `effect_time` <= 1571587199  )  [ RunTime:0.0002s ]
SQL: SHOW COLUMNS FROM `sm_order_goods` [ RunTime:0.0070s ]
SQL: SHOW COLUMNS FROM `sm_dishes` [ RunTime:0.0069s ]
SQL: SELECT `dishes_id`,`create_time`,`order_status`,`order_id`,`order_type` FROM `sm_orders` WHERE `order_status` = 1  [ RunTime:0.0003s ]
SQL: SHOW COLUMNS FROM `sm_integral_order` [ RunTime:0.0047s ]
SQL: SELECT * FROM `sm_integral_order` WHERE `status` = 2  [ RunTime:0.0006s ]
SQL: SELECT * FROM `sm_orders` WHERE `order_status` = 4 AND `deliver_type` = 1  [ RunTime:0.0004s ]
SQL: SHOW COLUMNS FROM `sm_stall` [ RunTime:0.0076s ]
SQL: SHOW COLUMNS FROM `sm_cart` [ RunTime:0.0068s ]
SQL: UPDATE `sm_cart` SET `number`=number+1 WHERE `member_list_id` = 1163 AND `stall_id` = 3 AND `dishes_id` = 10 [ RunTime:0.0055s ]

[ 2019-10-20T16:42:03+08:00 ] 218.68.91.108 /index.php?m=Home&c=Stall&a=cart&stall_id=3
INFO: [ app_init ] --START--
INFO: Run Behavior\BuildLiteBehavior [ RunTime:0.000014s ]
INFO: [ app_init ] --END-- [ RunTime:0.000317s ]
INFO: [ app_begin ] --START--
INFO: Run Behavior\ReadHtmlCacheBehavior [ RunTime:0.000453s ]
INFO: [ app_begin ] --END-- [ RunTime:0.000498s ]
SQL: SHOW COLUMNS FROM `sm_orders` [ RunTime:0.0060s ]
SQL: SELECT `order_id`,`refund_time` FROM `sm_orders` WHERE `refund` = 1  [ RunTime:0.0041s ]
SQL: SHOW COLUMNS FROM `sm_member_list` [ RunTime:0.0049s ]
SQL: SELECT `is_open` FROM `sm_member_list` WHERE `member_list_id` = '1163' LIMIT 1   [ RunTime:0.0003s ]
SQL: SELECT `is_del` FROM `sm_member_list` WHERE `member_list_id` = '1163' LIMIT 1   [ RunTime:0.0003s ]
SQL: SELECT `order_id` FROM `sm_orders` WHERE `order_status` = 2 AND `refund` <> 1 AND ( `effect_time` >= 1571500800 AND `effect_time` <= 1571587199  )  [ RunTime:0.0003s ]
SQL: SHOW COLUMNS FROM `sm_order_goods` [ RunTime:0.0049s ]
SQL: SHOW COLUMNS FROM `sm_dishes` [ RunTime:0.0044s ]
SQL: SELECT `dishes_id`,`create_time`,`order_status`,`order_id`,`order_type` FROM `sm_orders` WHERE `order_status` = 1  [ RunTime:0.0002s ]
SQL: SHOW COLUMNS FROM `sm_integral_order` [ RunTime:0.0047s ]
SQL: SELECT * FROM `sm_integral_order` WHERE `status` = 2  [ RunTime:0.0005s ]
SQL: SELECT * FROM `sm_orders` WHERE `order_status` = 4 AND `deliver_type` = 1  [ RunTime:0.0004s ]
SQL: SHOW COLUMNS FROM `sm_stall` [ RunTime:0.0043s ]
SQL: SHOW COLUMNS FROM `sm_cart` [ RunTime:0.0041s ]
SQL: SELECT * FROM sm_cart as a LEFT JOIN sm_dishes as b on a.dishes_id = b.dishes_id  WHERE a.stall_id = '3' AND a.member_list_id = '1163' ORDER BY a.addtime DESC  [ RunTime:0.0007s ]
SQL: SHOW COLUMNS FROM `sm_discount` [ RunTime:0.0042s ]
SQL: SELECT `discount` FROM `sm_discount` WHERE `ma_id` = '1' AND `start_time` <= '1642' AND `end_time` >= '1642' LIMIT 1   [ RunTime:0.0002s ]

[ 2019-10-20T16:42:03+08:00 ] 218.68.91.108 /index.php?m=Home&c=Stall&a=incCar&dishes_id=10&stall_id=3
INFO: [ app_init ] --START--
INFO: Run Behavior\BuildLiteBehavior [ RunTime:0.000013s ]
INFO: [ app_init ] --END-- [ RunTime:0.000348s ]
INFO: [ app_begin ] --START--
INFO: Run Behavior\ReadHtmlCacheBehavior [ RunTime:0.000480s ]
INFO: [ app_begin ] --END-- [ RunTime:0.000521s ]
SQL: SHOW COLUMNS FROM `sm_orders` [ RunTime:0.0056s ]
SQL: SELECT `order_id`,`refund_time` FROM `sm_orders` WHERE `refund` = 1  [ RunTime:0.0041s ]
SQL: SHOW COLUMNS FROM `sm_member_list` [ RunTime:0.0048s ]
SQL: SELECT `is_open` FROM `sm_member_list` WHERE `member_list_id` = '1163' LIMIT 1   [ RunTime:0.0003s ]
SQL: SELECT `is_del` FROM `sm_member_list` WHERE `member_list_id` = '1163' LIMIT 1   [ RunTime:0.0002s ]
SQL: SELECT `order_id` FROM `sm_orders` WHERE `order_status` = 2 AND `refund` <> 1 AND ( `effect_time` >= 1571500800 AND `effect_time` <= 1571587199  )  [ RunTime:0.0003s ]
SQL: SHOW COLUMNS FROM `sm_order_goods` [ RunTime:0.0049s ]
SQL: SHOW COLUMNS FROM `sm_dishes` [ RunTime:0.0046s ]
SQL: SELECT `dishes_id`,`create_time`,`order_status`,`order_id`,`order_type` FROM `sm_orders` WHERE `order_status` = 1  [ RunTime:0.0002s ]
SQL: SHOW COLUMNS FROM `sm_integral_order` [ RunTime:0.0046s ]
SQL: SELECT * FROM `sm_integral_order` WHERE `status` = 2  [ RunTime:0.0006s ]
SQL: SELECT * FROM `sm_orders` WHERE `order_status` = 4 AND `deliver_type` = 1  [ RunTime:0.0004s ]
SQL: SHOW COLUMNS FROM `sm_stall` [ RunTime:0.0043s ]
SQL: SHOW COLUMNS FROM `sm_cart` [ RunTime:0.0041s ]
SQL: UPDATE `sm_cart` SET `number`=number+1 WHERE `member_list_id` = 1163 AND `stall_id` = 3 AND `dishes_id` = 10 [ RunTime:0.0074s ]

[ 2019-10-20T16:42:04+08:00 ] 123.151.148.55 /index.php?m=Home&c=Stall&a=cart&stall_id=3
INFO: [ app_init ] --START--
INFO: Run Behavior\BuildLiteBehavior [ RunTime:0.000013s ]
INFO: [ app_init ] --END-- [ RunTime:0.000303s ]
INFO: [ app_begin ] --START--
INFO: Run Behavior\ReadHtmlCacheBehavior [ RunTime:0.000457s ]
INFO: [ app_begin ] --END-- [ RunTime:0.000499s ]
SQL: SHOW COLUMNS FROM `sm_orders` [ RunTime:0.0058s ]
SQL: SELECT `order_id`,`refund_time` FROM `sm_orders` WHERE `refund` = 1  [ RunTime:0.0274s ]
SQL: SHOW COLUMNS FROM `sm_member_list` [ RunTime:0.0114s ]
SQL: SELECT `is_open` FROM `sm_member_list` WHERE `member_list_id` = '1163' LIMIT 1   [ RunTime:0.0002s ]
SQL: SELECT `is_del` FROM `sm_member_list` WHERE `member_list_id` = '1163' LIMIT 1   [ RunTime:0.0002s ]
SQL: SELECT `order_id` FROM `sm_orders` WHERE `order_status` = 2 AND `refund` <> 1 AND ( `effect_time` >= 1571500800 AND `effect_time` <= 1571587199  )  [ RunTime:0.0004s ]
SQL: SHOW COLUMNS FROM `sm_order_goods` [ RunTime:0.0071s ]
SQL: SHOW COLUMNS FROM `sm_dishes` [ RunTime:0.0070s ]
SQL: SELECT `dishes_id`,`create_time`,`order_status`,`order_id`,`order_type` FROM `sm_orders` WHERE `order_status` = 1  [ RunTime:0.0011s ]
SQL: SHOW COLUMNS FROM `sm_integral_order` [ RunTime:0.0050s ]
SQL: SELECT * FROM `sm_integral_order` WHERE `status` = 2  [ RunTime:0.0005s ]
SQL: SELECT * FROM `sm_orders` WHERE `order_status` = 4 AND `deliver_type` = 1  [ RunTime:0.0003s ]
SQL: SHOW COLUMNS FROM `sm_stall` [ RunTime:0.0086s ]
SQL: SHOW COLUMNS FROM `sm_cart` [ RunTime:0.0068s ]
SQL: SELECT * FROM sm_cart as a LEFT JOIN sm_dishes as b on a.dishes_id = b.dishes_id  WHERE a.stall_id = '3' AND a.member_list_id = '1163' ORDER BY a.addtime DESC  [ RunTime:0.0007s ]
SQL: SHOW COLUMNS FROM `sm_discount` [ RunTime:0.0042s ]
SQL: SELECT `discount` FROM `sm_discount` WHERE `ma_id` = '1' AND `start_time` <= '1642' AND `end_time` >= '1642' LIMIT 1   [ RunTime:0.0002s ]

[ 2019-10-20T16:42:04+08:00 ] 218.68.91.108 /index.php?m=Home&c=Stall&a=incCar&dishes_id=10&stall_id=3
INFO: [ app_init ] --START--
INFO: Run Behavior\BuildLiteBehavior [ RunTime:0.000012s ]
INFO: [ app_init ] --END-- [ RunTime:0.000298s ]
INFO: [ app_begin ] --START--
INFO: Run Behavior\ReadHtmlCacheBehavior [ RunTime:0.000447s ]
INFO: [ app_begin ] --END-- [ RunTime:0.000488s ]
SQL: SHOW COLUMNS FROM `sm_orders` [ RunTime:0.0090s ]
SQL: SELECT `order_id`,`refund_time` FROM `sm_orders` WHERE `refund` = 1  [ RunTime:0.0040s ]
SQL: SHOW COLUMNS FROM `sm_member_list` [ RunTime:0.0050s ]
SQL: SELECT `is_open` FROM `sm_member_list` WHERE `member_list_id` = '1163' LIMIT 1   [ RunTime:0.0002s ]
SQL: SELECT `is_del` FROM `sm_member_list` WHERE `member_list_id` = '1163' LIMIT 1   [ RunTime:0.0002s ]
SQL: SELECT `order_id` FROM `sm_orders` WHERE `order_status` = 2 AND `refund` <> 1 AND ( `effect_time` >= 1571500800 AND `effect_time` <= 1571587199  )  [ RunTime:0.0002s ]
SQL: SHOW COLUMNS FROM `sm_order_goods` [ RunTime:0.0043s ]
SQL: SHOW COLUMNS FROM `sm_dishes` [ RunTime:0.0050s ]
SQL: SELECT `dishes_id`,`create_time`,`order_status`,`order_id`,`order_type` FROM `sm_orders` WHERE `order_status` = 1  [ RunTime:0.0002s ]
SQL: SHOW COLUMNS FROM `sm_integral_order` [ RunTime:0.0076s ]
SQL: SELECT * FROM `sm_integral_order` WHERE `status` = 2  [ RunTime:0.0005s ]
SQL: SELECT * FROM `sm_orders` WHERE `order_status` = 4 AND `deliver_type` = 1  [ RunTime:0.0013s ]
SQL: SHOW COLUMNS FROM `sm_stall` [ RunTime:0.0043s ]
SQL: SHOW COLUMNS FROM `sm_cart` [ RunTime:0.0044s ]
SQL: UPDATE `sm_cart` SET `number`=number+1 WHERE `member_list_id` = 1163 AND `stall_id` = 3 AND `dishes_id` = 10 [ RunTime:0.0065s ]

[ 2019-10-20T16:42:04+08:00 ] 218.68.91.108 /index.php?m=Home&c=Stall&a=cart&stall_id=3
INFO: [ app_init ] --START--
INFO: Run Behavior\BuildLiteBehavior [ RunTime:0.000017s ]
INFO: [ app_init ] --END-- [ RunTime:0.000386s ]
INFO: [ app_begin ] --START--
INFO: Run Behavior\ReadHtmlCacheBehavior [ RunTime:0.000509s ]
INFO: [ app_begin ] --END-- [ RunTime:0.000553s ]
SQL: SHOW COLUMNS FROM `sm_orders` [ RunTime:0.0056s ]
SQL: SELECT `order_id`,`refund_time` FROM `sm_orders` WHERE `refund` = 1  [ RunTime:0.0293s ]
SQL: SHOW COLUMNS FROM `sm_member_list` [ RunTime:0.0050s ]
SQL: SELECT `is_open` FROM `sm_member_list` WHERE `member_list_id` = '1163' LIMIT 1   [ RunTime:0.0003s ]
SQL: SELECT `is_del` FROM `sm_member_list` WHERE `member_list_id` = '1163' LIMIT 1   [ RunTime:0.0002s ]
SQL: SELECT `order_id` FROM `sm_orders` WHERE `order_status` = 2 AND `refund` <> 1 AND ( `effect_time` >= 1571500800 AND `effect_time` <= 1571587199  )  [ RunTime:0.0003s ]
SQL: SHOW COLUMNS FROM `sm_order_goods` [ RunTime:0.0046s ]
SQL: SHOW COLUMNS FROM `sm_dishes` [ RunTime:0.0048s ]
SQL: SELECT `dishes_id`,`create_time`,`order_status`,`order_id`,`order_type` FROM `sm_orders` WHERE `order_status` = 1  [ RunTime:0.0002s ]
SQL: SHOW COLUMNS FROM `sm_integral_order` [ RunTime:0.0043s ]
SQL: SELECT * FROM `sm_integral_order` WHERE `status` = 2  [ RunTime:0.0005s ]
SQL: SELECT * FROM `sm_orders` WHERE `order_status` = 4 AND `deliver_type` = 1  [ RunTime:0.0003s ]
SQL: SHOW COLUMNS FROM `sm_stall` [ RunTime:0.0044s ]
SQL: SHOW COLUMNS FROM `sm_cart` [ RunTime:0.0042s ]
SQL: SELECT * FROM sm_cart as a LEFT JOIN sm_dishes as b on a.dishes_id = b.dishes_id  WHERE a.stall_id = '3' AND a.member_list_id = '1163' ORDER BY a.addtime DESC  [ RunTime:0.0007s ]
SQL: SHOW COLUMNS FROM `sm_discount` [ RunTime:0.0043s ]
SQL: SELECT `discount` FROM `sm_discount` WHERE `ma_id` = '1' AND `start_time` <= '1642' AND `end_time` >= '1642' LIMIT 1   [ RunTime:0.0002s ]

[ 2019-10-20T16:42:05+08:00 ] 218.68.91.108 /index.php?m=Home&c=Stall&a=confirmOrder&stall_id=3&all=90
INFO: [ app_init ] --START--
INFO: Run Behavior\BuildLiteBehavior [ RunTime:0.000012s ]
INFO: [ app_init ] --END-- [ RunTime:0.000305s ]
INFO: [ app_begin ] --START--
INFO: Run Behavior\ReadHtmlCacheBehavior [ RunTime:0.000436s ]
INFO: [ app_begin ] --END-- [ RunTime:0.000482s ]
SQL: SHOW COLUMNS FROM `sm_orders` [ RunTime:0.0058s ]
SQL: SELECT `order_id`,`refund_time` FROM `sm_orders` WHERE `refund` = 1  [ RunTime:0.0276s ]
SQL: SHOW COLUMNS FROM `sm_member_list` [ RunTime:0.0050s ]
SQL: SELECT `is_open` FROM `sm_member_list` WHERE `member_list_id` = '1163' LIMIT 1   [ RunTime:0.0003s ]
SQL: SELECT `is_del` FROM `sm_member_list` WHERE `member_list_id` = '1163' LIMIT 1   [ RunTime:0.0002s ]
SQL: SELECT `order_id` FROM `sm_orders` WHERE `order_status` = 2 AND `refund` <> 1 AND ( `effect_time` >= 1571500800 AND `effect_time` <= 1571587199  )  [ RunTime:0.0003s ]
SQL: SHOW COLUMNS FROM `sm_order_goods` [ RunTime:0.0088s ]
SQL: SHOW COLUMNS FROM `sm_dishes` [ RunTime:0.0045s ]
SQL: SELECT `dishes_id`,`create_time`,`order_status`,`order_id`,`order_type` FROM `sm_orders` WHERE `order_status` = 1  [ RunTime:0.0003s ]
SQL: SHOW COLUMNS FROM `sm_integral_order` [ RunTime:0.0043s ]
SQL: SELECT * FROM `sm_integral_order` WHERE `status` = 2  [ RunTime:0.0005s ]
SQL: SELECT * FROM `sm_orders` WHERE `order_status` = 4 AND `deliver_type` = 1  [ RunTime:0.0004s ]
SQL: SHOW COLUMNS FROM `sm_stall` [ RunTime:0.0045s ]
SQL: SHOW COLUMNS FROM `sm_merchant` [ RunTime:0.0112s ]
SQL: SELECT * FROM `sm_merchant` WHERE `ma_id` = '1' LIMIT 1   [ RunTime:0.0004s ]
SQL: SHOW COLUMNS FROM `sm_stall` [ RunTime:0.0073s ]
SQL: SELECT * FROM sm_stall as a LEFT JOIN sm_merchant as b on a.ma_id = b.ma_id  WHERE `stall_id` = '3' LIMIT 1   [ RunTime:0.0004s ]
SQL: SHOW COLUMNS FROM `sm_cart` [ RunTime:0.0068s ]
SQL: SELECT * FROM sm_cart as a LEFT JOIN sm_dishes as b on a.dishes_id = b.dishes_id  WHERE `member_list_id` = '1163' AND `stall_id` = '3' ORDER BY a.addtime DESC  [ RunTime:0.0007s ]
SQL: SHOW COLUMNS FROM `sm_discount` [ RunTime:0.0046s ]
SQL: SELECT `discount` FROM `sm_discount` WHERE `ma_id` = '1' AND `start_time` <= '1642' AND `end_time` >= '1642' LIMIT 1   [ RunTime:0.0002s ]
NOTIC: [8] Undefined index: allmoney D:\xampp\htdocs\app\Home\Controller\StallController.class.php 第 616 行.
NOTIC: [8] Undefined index: allmoneys D:\xampp\htdocs\app\Home\Controller\StallController.class.php 第 618 行.
SQL: SHOW COLUMNS FROM `sm_sysconfig` [ RunTime:0.0068s ]
SQL: SELECT `value` FROM `sm_sysconfig` WHERE `varname` = 'cfg_integral' LIMIT 1   [ RunTime:0.0002s ]
SQL: SELECT * FROM `sm_member_list` WHERE `member_list_id` = '1163' AND `is_del` = 2 LIMIT 1   [ RunTime:0.0003s ]
SQL: SELECT `status` FROM `sm_merchant` WHERE `ma_id` = '1' LIMIT 1   [ RunTime:0.0002s ]
SQL: SELECT `stature`,`weight` FROM `sm_member_list` WHERE `member_list_id` = '1163' AND `is_del` = 2 LIMIT 1   [ RunTime:0.0002s ]
NOTIC: [8] Undefined variable: address D:\xampp\htdocs\app\Home\Controller\StallController.class.php 第 688 行.
INFO: [ view_parse ] --START--
INFO: [ template_filter ] --START--
INFO: Run Behavior\ContentReplaceBehavior [ RunTime:0.000130s ]
INFO: [ template_filter ] --END-- [ RunTime:0.000172s ]
NOTIC: [8] Undefined variable: address_id D:\xampp\htdocs\data\runtime\Cache\Home\c435d11fa2e58fe656ecf4a87721bf31.php 第 117 行.
NOTIC: [8] Undefined variable: address_id D:\xampp\htdocs\data\runtime\Cache\Home\c435d11fa2e58fe656ecf4a87721bf31.php 第 215 行.
INFO: Run Behavior\ParseTemplateBehavior [ RunTime:0.054195s ]
INFO: [ view_parse ] --END-- [ RunTime:0.054240s ]
INFO: [ view_filter ] --START--
INFO: Run Behavior\WriteHtmlCacheBehavior [ RunTime:0.000317s ]
INFO: [ view_filter ] --END-- [ RunTime:0.000351s ]
INFO: [ app_end ] --START--
INFO: Run Behavior\ShowPageTraceBehavior [ RunTime:0.000544s ]
INFO: [ app_end ] --END-- [ RunTime:0.000584s ]

[ 2019-10-20T16:42:18+08:00 ] 218.68.91.108 /index.php?m=Home&c=Stall&a=evaluationList&stall_id=3
INFO: [ app_init ] --START--
INFO: Run Behavior\BuildLiteBehavior [ RunTime:0.000013s ]
INFO: [ app_init ] --END-- [ RunTime:0.000328s ]
INFO: [ app_begin ] --START--
INFO: Run Behavior\ReadHtmlCacheBehavior [ RunTime:0.000539s ]
INFO: [ app_begin ] --END-- [ RunTime:0.000584s ]
SQL: SHOW COLUMNS FROM `sm_orders` [ RunTime:0.0140s ]
SQL: SELECT `order_id`,`refund_time` FROM `sm_orders` WHERE `refund` = 1  [ RunTime:0.0212s ]
SQL: SHOW COLUMNS FROM `sm_member_list` [ RunTime:0.0080s ]
SQL: SELECT `is_open` FROM `sm_member_list` WHERE `member_list_id` = '1163' LIMIT 1   [ RunTime:0.0003s ]
SQL: SELECT `is_del` FROM `sm_member_list` WHERE `member_list_id` = '1163' LIMIT 1   [ RunTime:0.0002s ]
SQL: SELECT `order_id` FROM `sm_orders` WHERE `order_status` = 2 AND `refund` <> 1 AND ( `effect_time` >= 1571500800 AND `effect_time` <= 1571587199  )  [ RunTime:0.0003s ]
SQL: SHOW COLUMNS FROM `sm_order_goods` [ RunTime:0.0074s ]
SQL: SHOW COLUMNS FROM `sm_dishes` [ RunTime:0.0069s ]
SQL: SELECT `dishes_id`,`create_time`,`order_status`,`order_id`,`order_type` FROM `sm_orders` WHERE `order_status` = 1  [ RunTime:0.0002s ]
SQL: SHOW COLUMNS FROM `sm_integral_order` [ RunTime:0.0045s ]
SQL: SELECT * FROM `sm_integral_order` WHERE `status` = 2  [ RunTime:0.0005s ]
SQL: SELECT * FROM `sm_orders` WHERE `order_status` = 4 AND `deliver_type` = 1  [ RunTime:0.0003s ]
SQL: SHOW COLUMNS FROM `sm_stall` [ RunTime:0.0069s ]
SQL: SHOW COLUMNS FROM `sm_comment` [ RunTime:0.0068s ]
SQL: SHOW COLUMNS FROM `sm_comment` [ RunTime:0.0043s ]
SQL: SELECT COUNT(*) AS tp_count FROM sm_comment as a WHERE `stall_id` = '3' AND `is_del` = 2 LIMIT 1   [ RunTime:0.0006s ]
SQL: SELECT c.member_list_headpic,c.member_list_nickname,a.dish_score,a.service_score,a.addtime,a.image,a.content,a.order_id FROM sm_comment as a LEFT JOIN sm_orders as b on a.order_id = b.order_id LEFT JOIN sm_member_list as c on b.member_list_id = c.member_list_id  WHERE (  a.is_del = 2 OR a.member_list_id = '1163' ) AND a.stall_id = '3' ORDER BY a.addtime DESC LIMIT 5   [ RunTime:0.0008s ]
SQL: SELECT * FROM `sm_order_goods` WHERE `order_id` = '7727'  [ RunTime:0.0002s ]
NOTIC: [8] Undefined offset: 1 D:\xampp\htdocs\app\Home\Controller\StallController.class.php 第 226 行.
SQL: SELECT * FROM `sm_order_goods` WHERE `order_id` = '7354'  [ RunTime:0.0002s ]
NOTIC: [8] Undefined offset: 1 D:\xampp\htdocs\app\Home\Controller\StallController.class.php 第 226 行.
SQL: SELECT * FROM `sm_order_goods` WHERE `order_id` = '7687'  [ RunTime:0.0002s ]
SQL: SELECT * FROM `sm_order_goods` WHERE `order_id` = '7289'  [ RunTime:0.0002s ]
NOTIC: [8] Undefined offset: 1 D:\xampp\htdocs\app\Home\Controller\StallController.class.php 第 226 行.
SQL: SELECT * FROM `sm_order_goods` WHERE `order_id` = '6650'  [ RunTime:0.0003s ]

[ 2019-10-20T16:42:19+08:00 ] 218.68.91.108 /index.php?m=Home&c=Stall&a=cart&stall_id=3
INFO: [ app_init ] --START--
INFO: Run Behavior\BuildLiteBehavior [ RunTime:0.000015s ]
INFO: [ app_init ] --END-- [ RunTime:0.000438s ]
INFO: [ app_begin ] --START--
INFO: Run Behavior\ReadHtmlCacheBehavior [ RunTime:0.000514s ]
INFO: [ app_begin ] --END-- [ RunTime:0.000558s ]
SQL: SHOW COLUMNS FROM `sm_orders` [ RunTime:0.0054s ]
SQL: SELECT `order_id`,`refund_time` FROM `sm_orders` WHERE `refund` = 1  [ RunTime:0.0055s ]
SQL: SHOW COLUMNS FROM `sm_member_list` [ RunTime:0.0046s ]
SQL: SELECT `is_open` FROM `sm_member_list` WHERE `member_list_id` = '1163' LIMIT 1   [ RunTime:0.0002s ]
SQL: SELECT `is_del` FROM `sm_member_list` WHERE `member_list_id` = '1163' LIMIT 1   [ RunTime:0.0002s ]
SQL: SELECT `order_id` FROM `sm_orders` WHERE `order_status` = 2 AND `refund` <> 1 AND ( `effect_time` >= 1571500800 AND `effect_time` <= 1571587199  )  [ RunTime:0.0002s ]
SQL: SHOW COLUMNS FROM `sm_order_goods` [ RunTime:0.0046s ]
SQL: SHOW COLUMNS FROM `sm_dishes` [ RunTime:0.0059s ]
SQL: SELECT `dishes_id`,`create_time`,`order_status`,`order_id`,`order_type` FROM `sm_orders` WHERE `order_status` = 1  [ RunTime:0.0002s ]
SQL: SHOW COLUMNS FROM `sm_integral_order` [ RunTime:0.0043s ]
SQL: SELECT * FROM `sm_integral_order` WHERE `status` = 2  [ RunTime:0.0005s ]
SQL: SELECT * FROM `sm_orders` WHERE `order_status` = 4 AND `deliver_type` = 1  [ RunTime:0.0003s ]
SQL: SHOW COLUMNS FROM `sm_stall` [ RunTime:0.0079s ]
SQL: SHOW COLUMNS FROM `sm_cart` [ RunTime:0.0075s ]
SQL: SELECT * FROM sm_cart as a LEFT JOIN sm_dishes as b on a.dishes_id = b.dishes_id  WHERE a.stall_id = '3' AND a.member_list_id = '1163' ORDER BY a.addtime DESC  [ RunTime:0.0007s ]
SQL: SHOW COLUMNS FROM `sm_discount` [ RunTime:0.0101s ]
SQL: SELECT `discount` FROM `sm_discount` WHERE `ma_id` = '1' AND `start_time` <= '1642' AND `end_time` >= '1642' LIMIT 1   [ RunTime:0.0002s ]

[ 2019-10-20T16:42:28+08:00 ] 218.68.91.108 /index.php?m=Home&c=Stall&a=clearCar&stall_id=3
INFO: [ app_init ] --START--
INFO: Run Behavior\BuildLiteBehavior [ RunTime:0.000013s ]
INFO: [ app_init ] --END-- [ RunTime:0.000319s ]
INFO: [ app_begin ] --START--
INFO: Run Behavior\ReadHtmlCacheBehavior [ RunTime:0.000463s ]
INFO: [ app_begin ] --END-- [ RunTime:0.000506s ]
SQL: SHOW COLUMNS FROM `sm_orders` [ RunTime:0.0126s ]
SQL: SELECT `order_id`,`refund_time` FROM `sm_orders` WHERE `refund` = 1  [ RunTime:0.0156s ]
SQL: SHOW COLUMNS FROM `sm_member_list` [ RunTime:0.0077s ]
SQL: SELECT `is_open` FROM `sm_member_list` WHERE `member_list_id` = '1163' LIMIT 1   [ RunTime:0.0003s ]
SQL: SELECT `is_del` FROM `sm_member_list` WHERE `member_list_id` = '1163' LIMIT 1   [ RunTime:0.0002s ]
SQL: SELECT `order_id` FROM `sm_orders` WHERE `order_status` = 2 AND `refund` <> 1 AND ( `effect_time` >= 1571500800 AND `effect_time` <= 1571587199  )  [ RunTime:0.0002s ]
SQL: SHOW COLUMNS FROM `sm_order_goods` [ RunTime:0.0071s ]
SQL: SHOW COLUMNS FROM `sm_dishes` [ RunTime:0.0073s ]
SQL: SELECT `dishes_id`,`create_time`,`order_status`,`order_id`,`order_type` FROM `sm_orders` WHERE `order_status` = 1  [ RunTime:0.0003s ]
SQL: SHOW COLUMNS FROM `sm_integral_order` [ RunTime:0.0044s ]
SQL: SELECT * FROM `sm_integral_order` WHERE `status` = 2  [ RunTime:0.0005s ]
SQL: SELECT * FROM `sm_orders` WHERE `order_status` = 4 AND `deliver_type` = 1  [ RunTime:0.0004s ]
SQL: SHOW COLUMNS FROM `sm_stall` [ RunTime:0.0071s ]
SQL: SHOW COLUMNS FROM `sm_cart` [ RunTime:0.0066s ]
SQL: DELETE FROM `sm_cart` WHERE `member_list_id` = 1163 AND `stall_id` = 3 [ RunTime:0.0062s ]

[ 2019-10-20T16:42:28+08:00 ] 218.68.91.108 /index.php?m=Home&c=Stall&a=cart&stall_id=3
INFO: [ app_init ] --START--
INFO: Run Behavior\BuildLiteBehavior [ RunTime:0.000013s ]
INFO: [ app_init ] --END-- [ RunTime:0.000304s ]
INFO: [ app_begin ] --START--
INFO: Run Behavior\ReadHtmlCacheBehavior [ RunTime:0.000437s ]
INFO: [ app_begin ] --END-- [ RunTime:0.000481s ]
SQL: SHOW COLUMNS FROM `sm_orders` [ RunTime:0.0060s ]
SQL: SELECT `order_id`,`refund_time` FROM `sm_orders` WHERE `refund` = 1  [ RunTime:0.0156s ]
SQL: SHOW COLUMNS FROM `sm_member_list` [ RunTime:0.0057s ]
SQL: SELECT `is_open` FROM `sm_member_list` WHERE `member_list_id` = '1163' LIMIT 1   [ RunTime:0.0002s ]
SQL: SELECT `is_del` FROM `sm_member_list` WHERE `member_list_id` = '1163' LIMIT 1   [ RunTime:0.0002s ]
SQL: SELECT `order_id` FROM `sm_orders` WHERE `order_status` = 2 AND `refund` <> 1 AND ( `effect_time` >= 1571500800 AND `effect_time` <= 1571587199  )  [ RunTime:0.0002s ]
SQL: SHOW COLUMNS FROM `sm_order_goods` [ RunTime:0.0045s ]
SQL: SHOW COLUMNS FROM `sm_dishes` [ RunTime:0.0044s ]
SQL: SELECT `dishes_id`,`create_time`,`order_status`,`order_id`,`order_type` FROM `sm_orders` WHERE `order_status` = 1  [ RunTime:0.0002s ]
SQL: SHOW COLUMNS FROM `sm_integral_order` [ RunTime:0.0047s ]
SQL: SELECT * FROM `sm_integral_order` WHERE `status` = 2  [ RunTime:0.0005s ]
SQL: SELECT * FROM `sm_orders` WHERE `order_status` = 4 AND `deliver_type` = 1  [ RunTime:0.0003s ]
SQL: SHOW COLUMNS FROM `sm_stall` [ RunTime:0.0052s ]
SQL: SHOW COLUMNS FROM `sm_cart` [ RunTime:0.0044s ]
SQL: SELECT * FROM sm_cart as a LEFT JOIN sm_dishes as b on a.dishes_id = b.dishes_id  WHERE a.stall_id = '3' AND a.member_list_id = '1163' ORDER BY a.addtime DESC  [ RunTime:0.0006s ]
SQL: SHOW COLUMNS FROM `sm_discount` [ RunTime:0.0043s ]
SQL: SELECT `discount` FROM `sm_discount` WHERE `ma_id` = '1' AND `start_time` <= '1642' AND `end_time` >= '1642' LIMIT 1   [ RunTime:0.0002s ]

[ 2019-10-20T16:42:28+08:00 ] 218.68.91.108 /index.php?m=Home&c=Stall&a=stallDetail&stall_id=3
INFO: [ app_init ] --START--
INFO: Run Behavior\BuildLiteBehavior [ RunTime:0.000011s ]
INFO: [ app_init ] --END-- [ RunTime:0.000339s ]
INFO: [ app_begin ] --START--
INFO: Run Behavior\ReadHtmlCacheBehavior [ RunTime:0.000600s ]
INFO: [ app_begin ] --END-- [ RunTime:0.000649s ]
SQL: SHOW COLUMNS FROM `sm_orders` [ RunTime:0.0051s ]
SQL: SELECT `order_id`,`refund_time` FROM `sm_orders` WHERE `refund` = 1  [ RunTime:0.0040s ]
SQL: SHOW COLUMNS FROM `sm_member_list` [ RunTime:0.0046s ]
SQL: SELECT `is_open` FROM `sm_member_list` WHERE `member_list_id` = '1163' LIMIT 1   [ RunTime:0.0002s ]
SQL: SELECT `is_del` FROM `sm_member_list` WHERE `member_list_id` = '1163' LIMIT 1   [ RunTime:0.0002s ]
SQL: SELECT `order_id` FROM `sm_orders` WHERE `order_status` = 2 AND `refund` <> 1 AND ( `effect_time` >= 1571500800 AND `effect_time` <= 1571587199  )  [ RunTime:0.0003s ]
SQL: SHOW COLUMNS FROM `sm_order_goods` [ RunTime:0.0044s ]
SQL: SHOW COLUMNS FROM `sm_dishes` [ RunTime:0.0044s ]
SQL: SELECT `dishes_id`,`create_time`,`order_status`,`order_id`,`order_type` FROM `sm_orders` WHERE `order_status` = 1  [ RunTime:0.0002s ]
SQL: SHOW COLUMNS FROM `sm_integral_order` [ RunTime:0.0042s ]
SQL: SELECT * FROM `sm_integral_order` WHERE `status` = 2  [ RunTime:0.0005s ]
SQL: SELECT * FROM `sm_orders` WHERE `order_status` = 4 AND `deliver_type` = 1  [ RunTime:0.0003s ]
SQL: SHOW COLUMNS FROM `sm_stall` [ RunTime:0.0046s ]
SQL: SELECT * FROM `sm_stall` WHERE `stall_id` = '3' LIMIT 1   [ RunTime:0.0003s ]
SQL: SHOW COLUMNS FROM `sm_member_collection` [ RunTime:0.0076s ]
SQL: SELECT * FROM `sm_member_collection` WHERE `member_list_id` = '1163' AND `stall_id` = '3'  [ RunTime:0.0002s ]
SQL: SELECT * FROM `sm_dishes` WHERE `stall` = 3 AND `statue` = 2 AND `state` = 1 AND `is_del` = 2 ORDER BY `sort` ASC LIMIT 6   [ RunTime:0.0074s ]
SQL: SHOW COLUMNS FROM `sm_dishes_category` [ RunTime:0.0041s ]
SQL: SELECT * FROM `sm_dishes_category` WHERE `ma_id` = 1 AND `is_del` = 2 ORDER BY `sort` asc  [ RunTime:0.0021s ]
SQL: SHOW COLUMNS FROM `sm_discount` [ RunTime:0.0040s ]
SQL: SHOW COLUMNS FROM `sm_cart` [ RunTime:0.0044s ]
SQL: SELECT `discount`,`start_time`,`end_time` FROM `sm_discount` WHERE `ma_id` = '1' AND `start_time` <= '1642' AND `end_time` >= '1642' LIMIT 1   [ RunTime:0.0002s ]
SQL: SELECT * FROM `sm_dishes` WHERE `stall` = 3 AND `state` = 1 AND `is_del` = 2 AND `dishes_cate_id` = 1 ORDER BY `sort` ASC  [ RunTime:0.0027s ]
SQL: SELECT * FROM `sm_dishes` WHERE `stall` = 3 AND `state` = 1 AND `is_del` = 2 AND `dishes_cate_id` = 2 ORDER BY `sort` ASC  [ RunTime:0.0004s ]
SQL: SELECT * FROM `sm_dishes` WHERE `stall` = 3 AND `state` = 1 AND `is_del` = 2 AND `dishes_cate_id` = 3 ORDER BY `sort` ASC  [ RunTime:0.0004s ]
SQL: SELECT `number` FROM `sm_cart` WHERE `stall_id` = 3 AND `dishes_id` = 12 AND `member_list_id` = 1163 LIMIT 1   [ RunTime:0.0004s ]
SQL: SELECT `number` FROM `sm_cart` WHERE `stall_id` = 3 AND `dishes_id` = 10 AND `member_list_id` = 1163 LIMIT 1   [ RunTime:0.0004s ]
SQL: SELECT `number` FROM `sm_cart` WHERE `stall_id` = 3 AND `dishes_id` = 209 AND `member_list_id` = 1163 LIMIT 1   [ RunTime:0.0004s ]
SQL: SELECT `number` FROM `sm_cart` WHERE `stall_id` = 3 AND `dishes_id` = 13 AND `member_list_id` = 1163 LIMIT 1   [ RunTime:0.0004s ]
SQL: SELECT `number` FROM `sm_cart` WHERE `stall_id` = 3 AND `dishes_id` = 14 AND `member_list_id` = 1163 LIMIT 1   [ RunTime:0.0004s ]
SQL: SELECT `number` FROM `sm_cart` WHERE `stall_id` = 3 AND `dishes_id` = 19 AND `member_list_id` = 1163 LIMIT 1   [ RunTime:0.0004s ]
SQL: SELECT `number` FROM `sm_cart` WHERE `stall_id` = 3 AND `dishes_id` = 11 AND `member_list_id` = 1163 LIMIT 1   [ RunTime:0.0004s ]
SQL: SELECT `number` FROM `sm_cart` WHERE `stall_id` = 3 AND `dishes_id` = 15 AND `member_list_id` = 1163 LIMIT 1   [ RunTime:0.0004s ]
SQL: SELECT `number` FROM `sm_cart` WHERE `stall_id` = 3 AND `dishes_id` = 20 AND `member_list_id` = 1163 LIMIT 1   [ RunTime:0.0004s ]
SQL: SELECT * FROM `sm_dishes` WHERE `stall` = 3 AND `state` = 1 AND `is_del` = 2 AND `dishes_cate_id` = 4 ORDER BY `sort` ASC  [ RunTime:0.0003s ]
SQL: SELECT * FROM `sm_dishes` WHERE `stall` = 3 AND `state` = 1 AND `is_del` = 2 AND `dishes_cate_id` = 5 ORDER BY `sort` ASC  [ RunTime:0.0003s ]
SQL: SELECT * FROM `sm_dishes` WHERE `stall` = 3 AND `state` = 1 AND `is_del` = 2 AND `dishes_cate_id` = 6 ORDER BY `sort` ASC  [ RunTime:0.0003s ]
SQL: SELECT `is_perfect` FROM `sm_member_list` WHERE `member_list_id` = '1163' AND `is_del` = 2 LIMIT 1   [ RunTime:0.0002s ]
SQL: SHOW COLUMNS FROM `sm_merchant` [ RunTime:0.0082s ]
SQL: SELECT * FROM `sm_merchant` WHERE `ma_id` = '1' LIMIT 1   [ RunTime:0.0003s ]
INFO: [ view_parse ] --START--
INFO: [ template_filter ] --START--
INFO: Run Behavior\ContentReplaceBehavior [ RunTime:0.000205s ]
INFO: [ template_filter ] --END-- [ RunTime:0.000246s ]
INFO: Run Behavior\ParseTemplateBehavior [ RunTime:0.085705s ]
INFO: [ view_parse ] --END-- [ RunTime:0.085780s ]
INFO: [ view_filter ] --START--
INFO: Run Behavior\WriteHtmlCacheBehavior [ RunTime:0.000452s ]
INFO: [ view_filter ] --END-- [ RunTime:0.000496s ]
INFO: [ app_end ] --START--
INFO: Run Behavior\ShowPageTraceBehavior [ RunTime:0.000576s ]
INFO: [ app_end ] --END-- [ RunTime:0.000618s ]

[ 2019-10-20T16:42:29+08:00 ] 218.68.91.108 /index.php?m=Home&c=Stall&a=evaluationList&stall_id=3
INFO: [ app_init ] --START--
INFO: Run Behavior\BuildLiteBehavior [ RunTime:0.000012s ]
INFO: [ app_init ] --END-- [ RunTime:0.000343s ]
INFO: [ app_begin ] --START--
INFO: Run Behavior\ReadHtmlCacheBehavior [ RunTime:0.000557s ]
INFO: [ app_begin ] --END-- [ RunTime:0.000598s ]
SQL: SHOW COLUMNS FROM `sm_orders` [ RunTime:0.0130s ]
SQL: SELECT `order_id`,`refund_time` FROM `sm_orders` WHERE `refund` = 1  [ RunTime:0.0220s ]
SQL: SHOW COLUMNS FROM `sm_member_list` [ RunTime:0.0083s ]
SQL: SELECT `is_open` FROM `sm_member_list` WHERE `member_list_id` = '1163' LIMIT 1   [ RunTime:0.0003s ]
SQL: SELECT `is_del` FROM `sm_member_list` WHERE `member_list_id` = '1163' LIMIT 1   [ RunTime:0.0002s ]
SQL: SELECT `order_id` FROM `sm_orders` WHERE `order_status` = 2 AND `refund` <> 1 AND ( `effect_time` >= 1571500800 AND `effect_time` <= 1571587199  )  [ RunTime:0.0003s ]
SQL: SHOW COLUMNS FROM `sm_order_goods` [ RunTime:0.0075s ]
SQL: SHOW COLUMNS FROM `sm_dishes` [ RunTime:0.0070s ]
SQL: SELECT `dishes_id`,`create_time`,`order_status`,`order_id`,`order_type` FROM `sm_orders` WHERE `order_status` = 1  [ RunTime:0.0003s ]
SQL: SHOW COLUMNS FROM `sm_integral_order` [ RunTime:0.0045s ]
SQL: SELECT * FROM `sm_integral_order` WHERE `status` = 2  [ RunTime:0.0005s ]
SQL: SELECT * FROM `sm_orders` WHERE `order_status` = 4 AND `deliver_type` = 1  [ RunTime:0.0003s ]
SQL: SHOW COLUMNS FROM `sm_stall` [ RunTime:0.0069s ]
SQL: SHOW COLUMNS FROM `sm_comment` [ RunTime:0.0072s ]
SQL: SHOW COLUMNS FROM `sm_comment` [ RunTime:0.0050s ]
SQL: SELECT COUNT(*) AS tp_count FROM sm_comment as a WHERE `stall_id` = '3' AND `is_del` = 2 LIMIT 1   [ RunTime:0.0005s ]
SQL: SELECT c.member_list_headpic,c.member_list_nickname,a.dish_score,a.service_score,a.addtime,a.image,a.content,a.order_id FROM sm_comment as a LEFT JOIN sm_orders as b on a.order_id = b.order_id LEFT JOIN sm_member_list as c on b.member_list_id = c.member_list_id  WHERE (  a.is_del = 2 OR a.member_list_id = '1163' ) AND a.stall_id = '3' ORDER BY a.addtime DESC LIMIT 5   [ RunTime:0.0008s ]
SQL: SELECT * FROM `sm_order_goods` WHERE `order_id` = '7727'  [ RunTime:0.0003s ]
NOTIC: [8] Undefined offset: 1 D:\xampp\htdocs\app\Home\Controller\StallController.class.php 第 226 行.
SQL: SELECT * FROM `sm_order_goods` WHERE `order_id` = '7354'  [ RunTime:0.0002s ]
NOTIC: [8] Undefined offset: 1 D:\xampp\htdocs\app\Home\Controller\StallController.class.php 第 226 行.
SQL: SELECT * FROM `sm_order_goods` WHERE `order_id` = '7687'  [ RunTime:0.0002s ]
SQL: SELECT * FROM `sm_order_goods` WHERE `order_id` = '7289'  [ RunTime:0.0002s ]
NOTIC: [8] Undefined offset: 1 D:\xampp\htdocs\app\Home\Controller\StallController.class.php 第 226 行.
SQL: SELECT * FROM `sm_order_goods` WHERE `order_id` = '6650'  [ RunTime:0.0002s ]

[ 2019-10-20T16:42:29+08:00 ] 218.68.91.108 /index.php?m=Home&c=Stall&a=cart&stall_id=3
INFO: [ app_init ] --START--
INFO: Run Behavior\BuildLiteBehavior [ RunTime:0.000012s ]
INFO: [ app_init ] --END-- [ RunTime:0.000302s ]
INFO: [ app_begin ] --START--
INFO: Run Behavior\ReadHtmlCacheBehavior [ RunTime:0.000436s ]
INFO: [ app_begin ] --END-- [ RunTime:0.000479s ]
SQL: SHOW COLUMNS FROM `sm_orders` [ RunTime:0.0053s ]
SQL: SELECT `order_id`,`refund_time` FROM `sm_orders` WHERE `refund` = 1  [ RunTime:0.0056s ]
SQL: SHOW COLUMNS FROM `sm_member_list` [ RunTime:0.0048s ]
SQL: SELECT `is_open` FROM `sm_member_list` WHERE `member_list_id` = '1163' LIMIT 1   [ RunTime:0.0002s ]
SQL: SELECT `is_del` FROM `sm_member_list` WHERE `member_list_id` = '1163' LIMIT 1   [ RunTime:0.0002s ]
SQL: SELECT `order_id` FROM `sm_orders` WHERE `order_status` = 2 AND `refund` <> 1 AND ( `effect_time` >= 1571500800 AND `effect_time` <= 1571587199  )  [ RunTime:0.0002s ]
SQL: SHOW COLUMNS FROM `sm_order_goods` [ RunTime:0.0041s ]
SQL: SHOW COLUMNS FROM `sm_dishes` [ RunTime:0.0045s ]
SQL: SELECT `dishes_id`,`create_time`,`order_status`,`order_id`,`order_type` FROM `sm_orders` WHERE `order_status` = 1  [ RunTime:0.0002s ]
SQL: SHOW COLUMNS FROM `sm_integral_order` [ RunTime:0.0046s ]
SQL: SELECT * FROM `sm_integral_order` WHERE `status` = 2  [ RunTime:0.0006s ]
SQL: SELECT * FROM `sm_orders` WHERE `order_status` = 4 AND `deliver_type` = 1  [ RunTime:0.0004s ]
SQL: SHOW COLUMNS FROM `sm_stall` [ RunTime:0.0043s ]
SQL: SHOW COLUMNS FROM `sm_cart` [ RunTime:0.0074s ]
SQL: SELECT * FROM sm_cart as a LEFT JOIN sm_dishes as b on a.dishes_id = b.dishes_id  WHERE a.stall_id = '3' AND a.member_list_id = '1163' ORDER BY a.addtime DESC  [ RunTime:0.0006s ]
SQL: SHOW COLUMNS FROM `sm_discount` [ RunTime:0.0052s ]
SQL: SELECT `discount` FROM `sm_discount` WHERE `ma_id` = '1' AND `start_time` <= '1642' AND `end_time` >= '1642' LIMIT 1   [ RunTime:0.0002s ]

[ 2019-10-20T16:42:34+08:00 ] 101.91.60.110 /index.php?m=Home&c=Drink&a=index&ma_id=1
INFO: [ app_init ] --START--
INFO: Run Behavior\BuildLiteBehavior [ RunTime:0.000013s ]
INFO: [ app_init ] --END-- [ RunTime:0.000307s ]
INFO: [ app_begin ] --START--
INFO: Run Behavior\ReadHtmlCacheBehavior [ RunTime:0.000448s ]
INFO: [ app_begin ] --END-- [ RunTime:0.000494s ]
SQL: SHOW COLUMNS FROM `sm_orders` [ RunTime:0.0129s ]
SQL: SELECT `order_id`,`refund_time` FROM `sm_orders` WHERE `refund` = 1  [ RunTime:0.0298s ]

[ 2019-10-20T16:42:55+08:00 ] 61.151.207.141 /index.php?m=Home&c=Stall&a=stallDetail&stall_id=3
INFO: [ app_init ] --START--
INFO: Run Behavior\BuildLiteBehavior [ RunTime:0.000013s ]
INFO: [ app_init ] --END-- [ RunTime:0.000309s ]
INFO: [ app_begin ] --START--
INFO: Run Behavior\ReadHtmlCacheBehavior [ RunTime:0.000440s ]
INFO: [ app_begin ] --END-- [ RunTime:0.000486s ]
SQL: SHOW COLUMNS FROM `sm_orders` [ RunTime:0.0125s ]
SQL: SELECT `order_id`,`refund_time` FROM `sm_orders` WHERE `refund` = 1  [ RunTime:0.0259s ]

[ 2019-10-20T16:43:05+08:00 ] 61.151.178.166 /index.php?m=Home&c=Stall&a=confirmOrder&stall_id=3&all=90
INFO: [ app_init ] --START--
INFO: Run Behavior\BuildLiteBehavior [ RunTime:0.000013s ]
INFO: [ app_init ] --END-- [ RunTime:0.000317s ]
INFO: [ app_begin ] --START--
INFO: Run Behavior\ReadHtmlCacheBehavior [ RunTime:0.000457s ]
INFO: [ app_begin ] --END-- [ RunTime:0.000506s ]
SQL: SHOW COLUMNS FROM `sm_orders` [ RunTime:0.0126s ]
SQL: SELECT `order_id`,`refund_time` FROM `sm_orders` WHERE `refund` = 1  [ RunTime:0.0251s ]

[ 2019-10-20T18:27:18+08:00 ] 113.96.219.248 /index.php?m=Home&c=Drink&a=index&ma_id=1
INFO: [ app_init ] --START--
INFO: Run Behavior\BuildLiteBehavior [ RunTime:0.000013s ]
INFO: [ app_init ] --END-- [ RunTime:0.000357s ]
INFO: [ app_begin ] --START--
INFO: Run Behavior\ReadHtmlCacheBehavior [ RunTime:0.000574s ]
INFO: [ app_begin ] --END-- [ RunTime:0.000623s ]
SQL: SHOW COLUMNS FROM `sm_orders` [ RunTime:0.0143s ]
SQL: SELECT `order_id`,`refund_time` FROM `sm_orders` WHERE `refund` = 1  [ RunTime:0.0185s ]

[ 2019-10-20T18:27:18+08:00 ] 113.96.219.248 /index.php?m=Home&c=Oauth&a=login&ma_id=1
INFO: [ app_init ] --START--
INFO: Run Behavior\BuildLiteBehavior [ RunTime:0.000013s ]
INFO: [ app_init ] --END-- [ RunTime:0.000314s ]
INFO: [ app_begin ] --START--
INFO: Run Behavior\ReadHtmlCacheBehavior [ RunTime:0.000464s ]
INFO: [ app_begin ] --END-- [ RunTime:0.000510s ]
SQL: SHOW COLUMNS FROM `sm_merchant` [ RunTime:0.0095s ]
SQL: SELECT `appid`,`appsecret` FROM `sm_merchant` WHERE ( ma_id='1' ) LIMIT 1   [ RunTime:0.0003s ]

