[ 2019-10-01T04:46:34+08:00 ] 139.224.11.233 /index.php?m=home&c=drink&a=index
INFO: [ app_init ] --START--
INFO: Run Behavior\BuildLiteBehavior [ RunTime:0.000013s ]
INFO: [ app_init ] --END-- [ RunTime:0.000348s ]
INFO: [ app_begin ] --START--
INFO: Run Behavior\ReadHtmlCacheBehavior [ RunTime:0.000569s ]
INFO: [ app_begin ] --END-- [ RunTime:0.000618s ]
SQL: SHOW COLUMNS FROM `sm_orders` [ RunTime:0.0103s ]
SQL: SELECT `order_id`,`refund_time` FROM `sm_orders` WHERE `refund` = 1  [ RunTime:0.0064s ]

[ 2019-10-01T04:46:34+08:00 ] 139.224.11.233 /index.php?m=Home&c=Oauth&a=login&
INFO: [ app_init ] --START--
INFO: Run Behavior\BuildLiteBehavior [ RunTime:0.000013s ]
INFO: [ app_init ] --END-- [ RunTime:0.000312s ]
INFO: [ app_begin ] --START--
INFO: Run Behavior\ReadHtmlCacheBehavior [ RunTime:0.000449s ]
INFO: [ app_begin ] --END-- [ RunTime:0.000496s ]
SQL: SHOW COLUMNS FROM `sm_merchant` [ RunTime:0.0075s ]
SQL: SELECT `appid`,`appsecret` FROM `sm_merchant` WHERE ( ma_id='' ) LIMIT 1   [ RunTime:0.0003s ]
INFO: [ view_parse ] --START--
INFO: [ template_filter ] --START--
INFO: Run Behavior\ContentReplaceBehavior [ RunTime:0.000050s ]
INFO: [ template_filter ] --END-- [ RunTime:0.000101s ]
INFO: Run Behavior\ParseTemplateBehavior [ RunTime:0.022989s ]
INFO: [ view_parse ] --END-- [ RunTime:0.023041s ]
INFO: [ view_filter ] --START--
INFO: Run Behavior\WriteHtmlCacheBehavior [ RunTime:0.000433s ]
INFO: [ view_filter ] --END-- [ RunTime:0.000470s ]

[ 2019-10-01T05:16:34+08:00 ] 101.132.102.45 /index.php?m=home&c=integral&a=shop
INFO: [ app_init ] --START--
INFO: Run Behavior\BuildLiteBehavior [ RunTime:0.000013s ]
INFO: [ app_init ] --END-- [ RunTime:0.000365s ]
INFO: [ app_begin ] --START--
INFO: Run Behavior\ReadHtmlCacheBehavior [ RunTime:0.000678s ]
INFO: [ app_begin ] --END-- [ RunTime:0.000726s ]
SQL: SHOW COLUMNS FROM `sm_orders` [ RunTime:0.0115s ]
SQL: SELECT `order_id`,`refund_time` FROM `sm_orders` WHERE `refund` = 1  [ RunTime:0.0072s ]

[ 2019-10-01T05:16:34+08:00 ] 101.132.102.45 /index.php?m=Home&c=Oauth&a=login&
INFO: [ app_init ] --START--
INFO: Run Behavior\BuildLiteBehavior [ RunTime:0.000013s ]
INFO: [ app_init ] --END-- [ RunTime:0.000303s ]
INFO: [ app_begin ] --START--
INFO: Run Behavior\ReadHtmlCacheBehavior [ RunTime:0.000616s ]
INFO: [ app_begin ] --END-- [ RunTime:0.000664s ]
SQL: SHOW COLUMNS FROM `sm_merchant` [ RunTime:0.0123s ]
SQL: SELECT `appid`,`appsecret` FROM `sm_merchant` WHERE ( ma_id='' ) LIMIT 1   [ RunTime:0.0003s ]
INFO: [ view_parse ] --START--
INFO: [ template_filter ] --START--
INFO: Run Behavior\ContentReplaceBehavior [ RunTime:0.000054s ]
INFO: [ template_filter ] --END-- [ RunTime:0.000105s ]
INFO: Run Behavior\ParseTemplateBehavior [ RunTime:0.005847s ]
INFO: [ view_parse ] --END-- [ RunTime:0.005910s ]
INFO: [ view_filter ] --START--
INFO: Run Behavior\WriteHtmlCacheBehavior [ RunTime:0.000496s ]
INFO: [ view_filter ] --END-- [ RunTime:0.000539s ]

[ 2019-10-01T20:07:14+08:00 ] 183.3.234.51 /index.php?m=Home&c=Integral&a=shop
INFO: [ app_init ] --START--
INFO: Run Behavior\BuildLiteBehavior [ RunTime:0.000012s ]
INFO: [ app_init ] --END-- [ RunTime:0.000373s ]
INFO: [ app_begin ] --START--
INFO: Run Behavior\ReadHtmlCacheBehavior [ RunTime:0.000663s ]
INFO: [ app_begin ] --END-- [ RunTime:0.000714s ]
SQL: SHOW COLUMNS FROM `sm_orders` [ RunTime:0.0149s ]
SQL: SELECT `order_id`,`refund_time` FROM `sm_orders` WHERE `refund` = 1  [ RunTime:0.0071s ]
SQL: SHOW COLUMNS FROM `sm_member_list` [ RunTime:0.0079s ]
SQL: SELECT `is_open` FROM `sm_member_list` WHERE `member_list_id` = '2301' LIMIT 1   [ RunTime:0.0002s ]
SQL: SELECT `is_del` FROM `sm_member_list` WHERE `member_list_id` = '2301' LIMIT 1   [ RunTime:0.0002s ]
SQL: SELECT `order_id` FROM `sm_orders` WHERE `order_status` = 2 AND `refund` <> 1 AND ( `effect_time` >= 1569859200 AND `effect_time` <= 1569945599  )  [ RunTime:0.0002s ]
SQL: SHOW COLUMNS FROM `sm_order_goods` [ RunTime:0.0067s ]
SQL: SHOW COLUMNS FROM `sm_dishes` [ RunTime:0.0070s ]
SQL: SELECT `dishes_id`,`create_time`,`order_status`,`order_id`,`order_type` FROM `sm_orders` WHERE `order_status` = 1  [ RunTime:0.0002s ]
SQL: SHOW COLUMNS FROM `sm_integral_order` [ RunTime:0.0045s ]
SQL: SELECT * FROM `sm_integral_order` WHERE `status` = 2  [ RunTime:0.0056s ]
SQL: SELECT * FROM `sm_orders` WHERE `order_status` = 4 AND `deliver_type` = 1  [ RunTime:0.0004s ]
SQL: SHOW COLUMNS FROM `sm_stall` [ RunTime:0.0068s ]
SQL: SHOW COLUMNS FROM `sm_banner` [ RunTime:0.0068s ]
SQL: SELECT * FROM `sm_banner` WHERE `is_show` = 1  [ RunTime:0.0002s ]
SQL: SHOW COLUMNS FROM `sm_goods_category` [ RunTime:0.0066s ]
SQL: SELECT * FROM `sm_goods_category` WHERE `is_del` = 1  [ RunTime:0.0019s ]
SQL: SELECT * FROM `sm_member_list` WHERE `member_list_id` = '2301' AND `is_del` = 2 LIMIT 1   [ RunTime:0.0003s ]
SQL: SHOW COLUMNS FROM `sm_goods` [ RunTime:0.0066s ]
SQL: SELECT * FROM `sm_goods` WHERE `is_del` = 1 AND `state` = 1 ORDER BY `sort` asc,`addtime` desc LIMIT 20   [ RunTime:0.0019s ]
SQL: SELECT COUNT(*) AS tp_count FROM `sm_goods` WHERE `is_del` = 1 AND `state` = 1 LIMIT 1   [ RunTime:0.0002s ]
SQL: SELECT `status` FROM `sm_member_list` WHERE `member_list_id` = '2301' AND `is_del` = 2 LIMIT 1   [ RunTime:0.0002s ]
INFO: [ view_parse ] --START--
INFO: [ template_filter ] --START--
INFO: Run Behavior\ContentReplaceBehavior [ RunTime:0.000127s ]
INFO: [ template_filter ] --END-- [ RunTime:0.000174s ]
INFO: Run Behavior\ParseTemplateBehavior [ RunTime:0.106455s ]
INFO: [ view_parse ] --END-- [ RunTime:0.106513s ]
INFO: [ view_filter ] --START--
INFO: Run Behavior\WriteHtmlCacheBehavior [ RunTime:0.007685s ]
INFO: [ view_filter ] --END-- [ RunTime:0.007728s ]
INFO: [ app_end ] --START--
INFO: Run Behavior\ShowPageTraceBehavior [ RunTime:0.007798s ]
INFO: [ app_end ] --END-- [ RunTime:0.007843s ]

[ 2019-10-01T20:07:26+08:00 ] 183.3.234.51 /index.php?m=Home&c=Drink&a=index
INFO: [ app_init ] --START--
INFO: Run Behavior\BuildLiteBehavior [ RunTime:0.000012s ]
INFO: [ app_init ] --END-- [ RunTime:0.000301s ]
INFO: [ app_begin ] --START--
INFO: Run Behavior\ReadHtmlCacheBehavior [ RunTime:0.000546s ]
INFO: [ app_begin ] --END-- [ RunTime:0.000592s ]
SQL: SHOW COLUMNS FROM `sm_orders` [ RunTime:0.0128s ]
SQL: SELECT `order_id`,`refund_time` FROM `sm_orders` WHERE `refund` = 1  [ RunTime:0.0153s ]
SQL: SHOW COLUMNS FROM `sm_member_list` [ RunTime:0.0080s ]
SQL: SELECT `is_open` FROM `sm_member_list` WHERE `member_list_id` = '2301' LIMIT 1   [ RunTime:0.0002s ]
SQL: SELECT `is_del` FROM `sm_member_list` WHERE `member_list_id` = '2301' LIMIT 1   [ RunTime:0.0002s ]
SQL: SELECT `order_id` FROM `sm_orders` WHERE `order_status` = 2 AND `refund` <> 1 AND ( `effect_time` >= 1569859200 AND `effect_time` <= 1569945599  )  [ RunTime:0.0002s ]
SQL: SHOW COLUMNS FROM `sm_order_goods` [ RunTime:0.0073s ]
SQL: SHOW COLUMNS FROM `sm_dishes` [ RunTime:0.0070s ]
SQL: SELECT `dishes_id`,`create_time`,`order_status`,`order_id`,`order_type` FROM `sm_orders` WHERE `order_status` = 1  [ RunTime:0.0003s ]
SQL: SHOW COLUMNS FROM `sm_integral_order` [ RunTime:0.0045s ]
SQL: SELECT * FROM `sm_integral_order` WHERE `status` = 2  [ RunTime:0.0005s ]
SQL: SELECT * FROM `sm_orders` WHERE `order_status` = 4 AND `deliver_type` = 1  [ RunTime:0.0003s ]
SQL: SHOW COLUMNS FROM `sm_stall` [ RunTime:0.0084s ]
SQL: SHOW COLUMNS FROM `sm_merchant` [ RunTime:0.0151s ]
SQL: SELECT `ma_id` FROM `sm_merchant` WHERE `delete` = 1 AND `is_open` = 1 AND `due_deadline` > 1569931646 AND `ma_id` = '1' LIMIT 1   [ RunTime:0.0003s ]
SQL: SELECT `status` FROM `sm_member_list` WHERE `member_list_id` = '2301' AND `is_del` = 2 LIMIT 1   [ RunTime:0.0002s ]
SQL: SHOW COLUMNS FROM `sm_merchant_banner` [ RunTime:0.0068s ]
SQL: SELECT * FROM `sm_merchant_banner` WHERE `ma_id` = 1  [ RunTime:0.0003s ]
SQL: SELECT a.dishes_id,a.pic_url,a.dishes_name,a.type FROM sm_dishes a LEFT JOIN sm_stall as b on a.stall = b.stall_id  WHERE a.is_del = 2 AND a.ma_id = '1' AND a.state = 1 AND a.statue = 2 AND a.num > 0 AND b.delete = 2 AND b.is_freeze = 2 ORDER BY a.sort ASC,a.addtime DESC LIMIT 6   [ RunTime:0.0005s ]
SQL: SELECT COUNT(*) AS tp_count FROM `sm_stall` WHERE `delete` = 2 AND `is_freeze` = 2 AND `ma_id` = '1' ORDER BY `sort` asc LIMIT 1   [ RunTime:0.0004s ]
SQL: SELECT `appid`,`appsecret`,`saturation` FROM `sm_merchant` WHERE ( ma_id='1' ) LIMIT 1   [ RunTime:0.0002s ]
INFO: [ view_parse ] --START--
INFO: [ template_filter ] --START--
INFO: Run Behavior\ContentReplaceBehavior [ RunTime:0.000124s ]
INFO: [ template_filter ] --END-- [ RunTime:0.000174s ]
INFO: Run Behavior\ParseTemplateBehavior [ RunTime:0.048300s ]
INFO: [ view_parse ] --END-- [ RunTime:0.048375s ]
INFO: [ view_filter ] --START--
INFO: Run Behavior\WriteHtmlCacheBehavior [ RunTime:0.000485s ]
INFO: [ view_filter ] --END-- [ RunTime:0.000525s ]
INFO: [ app_end ] --START--
INFO: Run Behavior\ShowPageTraceBehavior [ RunTime:0.000582s ]
INFO: [ app_end ] --END-- [ RunTime:0.000628s ]

[ 2019-10-01T20:07:27+08:00 ] 183.3.234.46 /index.php?m=Home&c=Drink&a=indexLists&page=1&psize=10
INFO: [ app_init ] --START--
INFO: Run Behavior\BuildLiteBehavior [ RunTime:0.000012s ]
INFO: [ app_init ] --END-- [ RunTime:0.000358s ]
INFO: [ app_begin ] --START--
INFO: Run Behavior\ReadHtmlCacheBehavior [ RunTime:0.000525s ]
INFO: [ app_begin ] --END-- [ RunTime:0.000569s ]
SQL: SHOW COLUMNS FROM `sm_orders` [ RunTime:0.0126s ]
SQL: SELECT `order_id`,`refund_time` FROM `sm_orders` WHERE `refund` = 1  [ RunTime:0.0068s ]
SQL: SHOW COLUMNS FROM `sm_member_list` [ RunTime:0.0077s ]
SQL: SELECT `is_open` FROM `sm_member_list` WHERE `member_list_id` = '2301' LIMIT 1   [ RunTime:0.0002s ]
SQL: SELECT `is_del` FROM `sm_member_list` WHERE `member_list_id` = '2301' LIMIT 1   [ RunTime:0.0002s ]
SQL: SELECT `order_id` FROM `sm_orders` WHERE `order_status` = 2 AND `refund` <> 1 AND ( `effect_time` >= 1569859200 AND `effect_time` <= 1569945599  )  [ RunTime:0.0002s ]
SQL: SHOW COLUMNS FROM `sm_order_goods` [ RunTime:0.0075s ]
SQL: SHOW COLUMNS FROM `sm_dishes` [ RunTime:0.0099s ]
SQL: SELECT `dishes_id`,`create_time`,`order_status`,`order_id`,`order_type` FROM `sm_orders` WHERE `order_status` = 1  [ RunTime:0.0004s ]
SQL: SHOW COLUMNS FROM `sm_integral_order` [ RunTime:0.0063s ]
SQL: SELECT * FROM `sm_integral_order` WHERE `status` = 2  [ RunTime:0.0005s ]
SQL: SELECT * FROM `sm_orders` WHERE `order_status` = 4 AND `deliver_type` = 1  [ RunTime:0.0004s ]
SQL: SHOW COLUMNS FROM `sm_stall` [ RunTime:0.0068s ]
SQL: SHOW COLUMNS FROM `sm_merchant` [ RunTime:0.0071s ]
SQL: SELECT `ma_id` FROM `sm_merchant` WHERE `delete` = 1 AND `is_open` = 1 AND `due_deadline` > 1569931647 AND `ma_id` = '1' LIMIT 1   [ RunTime:0.0003s ]
SQL: SELECT `stall_id`,`image`,`stall_name`,`score`,`addtime`,`on_the_pin`,`stall_type` FROM sm_stall a WHERE `delete` = 2 AND `is_freeze` = 2 AND `ma_id` = '1' ORDER BY `sort` asc,`on_the_pin` DESC,`addtime` DESC LIMIT 0,10   [ RunTime:0.0005s ]
NOTIC: [8] Use of undefined constant stall_id - assumed 'stall_id' D:\xampp\htdocs\app\Home\Controller\DrinkController.class.php 第 337 行.
NOTIC: [8] Use of undefined constant stall_type - assumed 'stall_type' D:\xampp\htdocs\app\Home\Controller\DrinkController.class.php 第 337 行.
NOTIC: [8] Use of undefined constant image - assumed 'image' D:\xampp\htdocs\app\Home\Controller\DrinkController.class.php 第 338 行.
NOTIC: [8] Use of undefined constant stall_name - assumed 'stall_name' D:\xampp\htdocs\app\Home\Controller\DrinkController.class.php 第 340 行.
NOTIC: [8] Use of undefined constant score - assumed 'score' D:\xampp\htdocs\app\Home\Controller\DrinkController.class.php 第 345 行.
NOTIC: [8] Use of undefined constant score - assumed 'score' D:\xampp\htdocs\app\Home\Controller\DrinkController.class.php 第 348 行.
NOTIC: [8] Use of undefined constant on_the_pin - assumed 'on_the_pin' D:\xampp\htdocs\app\Home\Controller\DrinkController.class.php 第 350 行.
NOTIC: [8] Use of undefined constant stall_id - assumed 'stall_id' D:\xampp\htdocs\app\Home\Controller\DrinkController.class.php 第 337 行.
NOTIC: [8] Use of undefined constant stall_type - assumed 'stall_type' D:\xampp\htdocs\app\Home\Controller\DrinkController.class.php 第 337 行.
NOTIC: [8] Use of undefined constant image - assumed 'image' D:\xampp\htdocs\app\Home\Controller\DrinkController.class.php 第 338 行.
NOTIC: [8] Use of undefined constant stall_name - assumed 'stall_name' D:\xampp\htdocs\app\Home\Controller\DrinkController.class.php 第 340 行.
NOTIC: [8] Use of undefined constant score - assumed 'score' D:\xampp\htdocs\app\Home\Controller\DrinkController.class.php 第 345 行.
NOTIC: [8] Use of undefined constant score - assumed 'score' D:\xampp\htdocs\app\Home\Controller\DrinkController.class.php 第 348 行.
NOTIC: [8] Use of undefined constant on_the_pin - assumed 'on_the_pin' D:\xampp\htdocs\app\Home\Controller\DrinkController.class.php 第 350 行.
NOTIC: [8] Use of undefined constant stall_id - assumed 'stall_id' D:\xampp\htdocs\app\Home\Controller\DrinkController.class.php 第 337 行.
NOTIC: [8] Use of undefined constant stall_type - assumed 'stall_type' D:\xampp\htdocs\app\Home\Controller\DrinkController.class.php 第 337 行.
NOTIC: [8] Use of undefined constant image - assumed 'image' D:\xampp\htdocs\app\Home\Controller\DrinkController.class.php 第 338 行.
NOTIC: [8] Use of undefined constant stall_name - assumed 'stall_name' D:\xampp\htdocs\app\Home\Controller\DrinkController.class.php 第 340 行.
NOTIC: [8] Use of undefined constant score - assumed 'score' D:\xampp\htdocs\app\Home\Controller\DrinkController.class.php 第 345 行.
NOTIC: [8] Use of undefined constant score - assumed 'score' D:\xampp\htdocs\app\Home\Controller\DrinkController.class.php 第 345 行.
NOTIC: [8] Use of undefined constant score - assumed 'score' D:\xampp\htdocs\app\Home\Controller\DrinkController.class.php 第 345 行.
NOTIC: [8] Use of undefined constant score - assumed 'score' D:\xampp\htdocs\app\Home\Controller\DrinkController.class.php 第 348 行.
NOTIC: [8] Use of undefined constant on_the_pin - assumed 'on_the_pin' D:\xampp\htdocs\app\Home\Controller\DrinkController.class.php 第 350 行.
NOTIC: [8] Use of undefined constant stall_id - assumed 'stall_id' D:\xampp\htdocs\app\Home\Controller\DrinkController.class.php 第 337 行.
NOTIC: [8] Use of undefined constant stall_type - assumed 'stall_type' D:\xampp\htdocs\app\Home\Controller\DrinkController.class.php 第 337 行.
NOTIC: [8] Use of undefined constant image - assumed 'image' D:\xampp\htdocs\app\Home\Controller\DrinkController.class.php 第 338 行.
NOTIC: [8] Use of undefined constant stall_name - assumed 'stall_name' D:\xampp\htdocs\app\Home\Controller\DrinkController.class.php 第 340 行.
NOTIC: [8] Use of undefined constant score - assumed 'score' D:\xampp\htdocs\app\Home\Controller\DrinkController.class.php 第 345 行.
NOTIC: [8] Use of undefined constant score - assumed 'score' D:\xampp\htdocs\app\Home\Controller\DrinkController.class.php 第 348 行.
NOTIC: [8] Use of undefined constant on_the_pin - assumed 'on_the_pin' D:\xampp\htdocs\app\Home\Controller\DrinkController.class.php 第 350 行.
NOTIC: [8] Use of undefined constant stall_id - assumed 'stall_id' D:\xampp\htdocs\app\Home\Controller\DrinkController.class.php 第 337 行.
NOTIC: [8] Use of undefined constant stall_type - assumed 'stall_type' D:\xampp\htdocs\app\Home\Controller\DrinkController.class.php 第 337 行.
NOTIC: [8] Use of undefined constant image - assumed 'image' D:\xampp\htdocs\app\Home\Controller\DrinkController.class.php 第 338 行.
NOTIC: [8] Use of undefined constant stall_name - assumed 'stall_name' D:\xampp\htdocs\app\Home\Controller\DrinkController.class.php 第 340 行.
NOTIC: [8] Use of undefined constant score - assumed 'score' D:\xampp\htdocs\app\Home\Controller\DrinkController.class.php 第 345 行.
NOTIC: [8] Use of undefined constant score - assumed 'score' D:\xampp\htdocs\app\Home\Controller\DrinkController.class.php 第 345 行.
NOTIC: [8] Use of undefined constant score - assumed 'score' D:\xampp\htdocs\app\Home\Controller\DrinkController.class.php 第 345 行.
NOTIC: [8] Use of undefined constant score - assumed 'score' D:\xampp\htdocs\app\Home\Controller\DrinkController.class.php 第 348 行.
NOTIC: [8] Use of undefined constant on_the_pin - assumed 'on_the_pin' D:\xampp\htdocs\app\Home\Controller\DrinkController.class.php 第 350 行.
NOTIC: [8] Use of undefined constant stall_id - assumed 'stall_id' D:\xampp\htdocs\app\Home\Controller\DrinkController.class.php 第 337 行.
NOTIC: [8] Use of undefined constant stall_type - assumed 'stall_type' D:\xampp\htdocs\app\Home\Controller\DrinkController.class.php 第 337 行.
NOTIC: [8] Use of undefined constant image - assumed 'image' D:\xampp\htdocs\app\Home\Controller\DrinkController.class.php 第 338 行.
NOTIC: [8] Use of undefined constant stall_name - assumed 'stall_name' D:\xampp\htdocs\app\Home\Controller\DrinkController.class.php 第 340 行.
NOTIC: [8] Use of undefined constant score - assumed 'score' D:\xampp\htdocs\app\Home\Controller\DrinkController.class.php 第 345 行.
NOTIC: [8] Use of undefined constant score - assumed 'score' D:\xampp\htdocs\app\Home\Controller\DrinkController.class.php 第 348 行.
NOTIC: [8] Use of undefined constant on_the_pin - assumed 'on_the_pin' D:\xampp\htdocs\app\Home\Controller\DrinkController.class.php 第 350 行.
NOTIC: [8] Use of undefined constant stall_id - assumed 'stall_id' D:\xampp\htdocs\app\Home\Controller\DrinkController.class.php 第 337 行.
NOTIC: [8] Use of undefined constant stall_type - assumed 'stall_type' D:\xampp\htdocs\app\Home\Controller\DrinkController.class.php 第 337 行.
NOTIC: [8] Use of undefined constant image - assumed 'image' D:\xampp\htdocs\app\Home\Controller\DrinkController.class.php 第 338 行.
NOTIC: [8] Use of undefined constant stall_name - assumed 'stall_name' D:\xampp\htdocs\app\Home\Controller\DrinkController.class.php 第 340 行.
NOTIC: [8] Use of undefined constant score - assumed 'score' D:\xampp\htdocs\app\Home\Controller\DrinkController.class.php 第 345 行.
NOTIC: [8] Use of undefined constant score - assumed 'score' D:\xampp\htdocs\app\Home\Controller\DrinkController.class.php 第 345 行.
NOTIC: [8] Use of undefined constant score - assumed 'score' D:\xampp\htdocs\app\Home\Controller\DrinkController.class.php 第 348 行.
NOTIC: [8] Use of undefined constant on_the_pin - assumed 'on_the_pin' D:\xampp\htdocs\app\Home\Controller\DrinkController.class.php 第 350 行.
NOTIC: [8] Use of undefined constant stall_id - assumed 'stall_id' D:\xampp\htdocs\app\Home\Controller\DrinkController.class.php 第 337 行.
NOTIC: [8] Use of undefined constant stall_type - assumed 'stall_type' D:\xampp\htdocs\app\Home\Controller\DrinkController.class.php 第 337 行.
NOTIC: [8] Use of undefined constant image - assumed 'image' D:\xampp\htdocs\app\Home\Controller\DrinkController.class.php 第 338 行.
NOTIC: [8] Use of undefined constant stall_name - assumed 'stall_name' D:\xampp\htdocs\app\Home\Controller\DrinkController.class.php 第 340 行.
NOTIC: [8] Use of undefined constant score - assumed 'score' D:\xampp\htdocs\app\Home\Controller\DrinkController.class.php 第 345 行.
NOTIC: [8] Use of undefined constant score - assumed 'score' D:\xampp\htdocs\app\Home\Controller\DrinkController.class.php 第 345 行.
NOTIC: [8] Use of undefined constant score - assumed 'score' D:\xampp\htdocs\app\Home\Controller\DrinkController.class.php 第 348 行.
NOTIC: [8] Use of undefined constant on_the_pin - assumed 'on_the_pin' D:\xampp\htdocs\app\Home\Controller\DrinkController.class.php 第 350 行.
NOTIC: [8] Use of undefined constant stall_id - assumed 'stall_id' D:\xampp\htdocs\app\Home\Controller\DrinkController.class.php 第 337 行.
NOTIC: [8] Use of undefined constant stall_type - assumed 'stall_type' D:\xampp\htdocs\app\Home\Controller\DrinkController.class.php 第 337 行.
NOTIC: [8] Use of undefined constant image - assumed 'image' D:\xampp\htdocs\app\Home\Controller\DrinkController.class.php 第 338 行.
NOTIC: [8] Use of undefined constant stall_name - assumed 'stall_name' D:\xampp\htdocs\app\Home\Controller\DrinkController.class.php 第 340 行.
NOTIC: [8] Use of undefined constant score - assumed 'score' D:\xampp\htdocs\app\Home\Controller\DrinkController.class.php 第 345 行.
NOTIC: [8] Use of undefined constant score - assumed 'score' D:\xampp\htdocs\app\Home\Controller\DrinkController.class.php 第 348 行.
NOTIC: [8] Use of undefined constant on_the_pin - assumed 'on_the_pin' D:\xampp\htdocs\app\Home\Controller\DrinkController.class.php 第 350 行.
NOTIC: [8] Use of undefined constant stall_id - assumed 'stall_id' D:\xampp\htdocs\app\Home\Controller\DrinkController.class.php 第 337 行.
NOTIC: [8] Use of undefined constant stall_type - assumed 'stall_type' D:\xampp\htdocs\app\Home\Controller\DrinkController.class.php 第 337 行.
NOTIC: [8] Use of undefined constant image - assumed 'image' D:\xampp\htdocs\app\Home\Controller\DrinkController.class.php 第 338 行.
NOTIC: [8] Use of undefined constant stall_name - assumed 'stall_name' D:\xampp\htdocs\app\Home\Controller\DrinkController.class.php 第 340 行.
NOTIC: [8] Use of undefined constant score - assumed 'score' D:\xampp\htdocs\app\Home\Controller\DrinkController.class.php 第 345 行.
NOTIC: [8] Use of undefined constant score - assumed 'score' D:\xampp\htdocs\app\Home\Controller\DrinkController.class.php 第 348 行.
NOTIC: [8] Use of undefined constant on_the_pin - assumed 'on_the_pin' D:\xampp\htdocs\app\Home\Controller\DrinkController.class.php 第 350 行.
INFO: [ app_end ] --START--
INFO: Run Behavior\ShowPageTraceBehavior [ RunTime:0.000571s ]
INFO: [ app_end ] --END-- [ RunTime:0.000611s ]

[ 2019-10-01T20:08:13+08:00 ] 101.89.29.94 /index.php?m=Home&c=Integral&a=shop
INFO: [ app_init ] --START--
INFO: Run Behavior\BuildLiteBehavior [ RunTime:0.000012s ]
INFO: [ app_init ] --END-- [ RunTime:0.000303s ]
INFO: [ app_begin ] --START--
INFO: Run Behavior\ReadHtmlCacheBehavior [ RunTime:0.000559s ]
INFO: [ app_begin ] --END-- [ RunTime:0.000606s ]
SQL: SHOW COLUMNS FROM `sm_orders` [ RunTime:0.0120s ]
SQL: SELECT `order_id`,`refund_time` FROM `sm_orders` WHERE `refund` = 1  [ RunTime:0.0100s ]

[ 2019-10-01T20:08:26+08:00 ] 101.89.29.92 /index.php?m=Home&c=Drink&a=index
INFO: [ app_init ] --START--
INFO: Run Behavior\BuildLiteBehavior [ RunTime:0.000013s ]
INFO: [ app_init ] --END-- [ RunTime:0.000326s ]
INFO: [ app_begin ] --START--
INFO: Run Behavior\ReadHtmlCacheBehavior [ RunTime:0.000582s ]
INFO: [ app_begin ] --END-- [ RunTime:0.000633s ]
SQL: SHOW COLUMNS FROM `sm_orders` [ RunTime:0.0131s ]
SQL: SELECT `order_id`,`refund_time` FROM `sm_orders` WHERE `refund` = 1  [ RunTime:0.0079s ]

