[ 2019-08-10T15:13:41+08:00 ] 27.188.254.70 /index.php?m=Rule&c=Rule&a=admin_list
INFO: [ app_init ] --START--
INFO: Run Behavior\BuildLiteBehavior [ RunTime:0.000014s ]
INFO: [ app_init ] --END-- [ RunTime:0.000452s ]
INFO: [ app_begin ] --START--
INFO: Run Behavior\ReadHtmlCacheBehavior [ RunTime:0.000770s ]
INFO: [ app_begin ] --END-- [ RunTime:0.000819s ]
SQL: SHOW COLUMNS FROM `sm_sysconfig` [ RunTime:0.0120s ]
SQL: SELECT * FROM `sm_sysconfig` WHERE `aid` IN ('1','17','7','36','37','38','40','41','42','43','44','')  [ RunTime:0.0005s ]
SQL: SELECT * FROM `sm_sysconfig`  [ RunTime:0.0004s ]
SQL: SHOW COLUMNS FROM `sm_auth_group_access` [ RunTime:0.0072s ]
SQL: SELECT `uid`,`group_id`,`title`,`rules` FROM sm_auth_group_access a INNER JOIN sm_auth_group g on a.group_id=g.id  WHERE ( a.uid='1' and g.status='1' )  [ RunTime:0.0004s ]
SQL: SHOW COLUMNS FROM `sm_auth_rule` [ RunTime:0.0072s ]
SQL: SELECT `condition`,`name` FROM `sm_auth_rule` WHERE `id` IN ('1','6','59','151','178','179','180','27','29','37','108','109','110','111','112','113','114','170','355','356','357','358','359','360','632','362','364','365','366','367','635','636','368','369','370','371','372','373','374','375','376','377','38','115','116','117','118','119','120','169','354','208','209','225','224','226','227','228','229','230','210','231','232','233','234','235','237','238','239','240','211','241','242','243','244','246','247','248','249','378','382','383','384','385','391','504','506','514','421','429','430','431','432','428','433','434','435','436','444','445','446','447','448','449','450','451','452','453','454','455','456','457','458','459','460','461','462','463','464','465','466','467','468','469','470','471','472','473','474','475','476','477','478','479','480','481','482','483','484','485','486','487','488','489','490','491','492','493','494','495','496','497','498','559','562','563','564','565','560','570','571','572','573','561','566','567','568','569','574','575','576','577','578','379','380','388','389','390','392','381','386','518','579','580','582','590','599','598','595','591','614','615','616','617','618','619','592','600','601','602','593','603','604','605','594','606','607','608','393','397','398','399','400','401','402','403','404','405','406','407','408','409','410','411','412','413','414','415','416','417','418','419','420','544','546','547','548','549','550','545','551','552','553','554','555','422','423','424','425','426','427','437','438','439','440','441','499','500','502','503','505','507','508','624','501','509','510','511','512','513','623','515','516','522','596','589','597','523','519','520','521','556','558','524','525','532','526','530','533','527','528','534','535','536','537','538','539','540','541','542','543','609','610','633','634','611','612','613','626','627','628','629','630') AND `type` = 1  [ RunTime:0.0011s ]
SQL: SHOW COLUMNS FROM `sm_auth_rule` [ RunTime:0.0065s ]
SQL: SELECT * FROM `sm_auth_rule` WHERE `name` = 'Rule/Rule/admin_list' AND `status` = 1 ORDER BY `level` desc,`sort` LIMIT 1   [ RunTime:0.0004s ]
SQL: SELECT * FROM `sm_auth_rule` WHERE `id` = 208 LIMIT 1   [ RunTime:0.0002s ]
SQL: SELECT * FROM `sm_auth_rule` WHERE `status` = 1 AND `pid` = 208 ORDER BY `sort`  [ RunTime:0.0003s ]
SQL: SHOW COLUMNS FROM `sm_admin` [ RunTime:0.0074s ]
SQL: SELECT COUNT(*) AS tp_count FROM `sm_admin` LIMIT 1   [ RunTime:0.0002s ]
SQL: SELECT * FROM `sm_admin` ORDER BY `admin_id` LIMIT 0,10   [ RunTime:0.0003s ]
INFO: [ view_parse ] --START--
INFO: [ template_filter ] --START--
INFO: Run Behavior\ContentReplaceBehavior [ RunTime:0.000168s ]
INFO: [ template_filter ] --END-- [ RunTime:0.000211s ]
INFO: Run Behavior\ParseTemplateBehavior [ RunTime:0.085997s ]
INFO: [ view_parse ] --END-- [ RunTime:0.086051s ]
INFO: [ view_filter ] --START--
INFO: Run Behavior\WriteHtmlCacheBehavior [ RunTime:0.000557s ]
INFO: [ view_filter ] --END-- [ RunTime:0.000598s ]
INFO: [ app_end ] --START--
INFO: Run Behavior\ShowPageTraceBehavior [ RunTime:0.000708s ]
INFO: [ app_end ] --END-- [ RunTime:0.000761s ]

[ 2019-08-10T15:13:49+08:00 ] 27.188.254.70 /index.php?m=Rule&c=Rule&a=admin_edit&admin_id=1
INFO: [ app_init ] --START--
INFO: Run Behavior\BuildLiteBehavior [ RunTime:0.000014s ]
INFO: [ app_init ] --END-- [ RunTime:0.000475s ]
INFO: [ app_begin ] --START--
INFO: Run Behavior\ReadHtmlCacheBehavior [ RunTime:0.000730s ]
INFO: [ app_begin ] --END-- [ RunTime:0.000778s ]
SQL: SHOW COLUMNS FROM `sm_sysconfig` [ RunTime:0.0126s ]
SQL: SELECT * FROM `sm_sysconfig` WHERE `aid` IN ('1','17','7','36','37','38','40','41','42','43','44','')  [ RunTime:0.0004s ]
SQL: SELECT * FROM `sm_sysconfig`  [ RunTime:0.0003s ]
SQL: SHOW COLUMNS FROM `sm_auth_group_access` [ RunTime:0.0080s ]
SQL: SELECT `uid`,`group_id`,`title`,`rules` FROM sm_auth_group_access a INNER JOIN sm_auth_group g on a.group_id=g.id  WHERE ( a.uid='1' and g.status='1' )  [ RunTime:0.0004s ]
SQL: SHOW COLUMNS FROM `sm_auth_rule` [ RunTime:0.0076s ]
SQL: SELECT `condition`,`name` FROM `sm_auth_rule` WHERE `id` IN ('1','6','59','151','178','179','180','27','29','37','108','109','110','111','112','113','114','170','355','356','357','358','359','360','632','362','364','365','366','367','635','636','368','369','370','371','372','373','374','375','376','377','38','115','116','117','118','119','120','169','354','208','209','225','224','226','227','228','229','230','210','231','232','233','234','235','237','238','239','240','211','241','242','243','244','246','247','248','249','378','382','383','384','385','391','504','506','514','421','429','430','431','432','428','433','434','435','436','444','445','446','447','448','449','450','451','452','453','454','455','456','457','458','459','460','461','462','463','464','465','466','467','468','469','470','471','472','473','474','475','476','477','478','479','480','481','482','483','484','485','486','487','488','489','490','491','492','493','494','495','496','497','498','559','562','563','564','565','560','570','571','572','573','561','566','567','568','569','574','575','576','577','578','379','380','388','389','390','392','381','386','518','579','580','582','590','599','598','595','591','614','615','616','617','618','619','592','600','601','602','593','603','604','605','594','606','607','608','393','397','398','399','400','401','402','403','404','405','406','407','408','409','410','411','412','413','414','415','416','417','418','419','420','544','546','547','548','549','550','545','551','552','553','554','555','422','423','424','425','426','427','437','438','439','440','441','499','500','502','503','505','507','508','624','501','509','510','511','512','513','623','515','516','522','596','589','597','523','519','520','521','556','558','524','525','532','526','530','533','527','528','534','535','536','537','538','539','540','541','542','543','609','610','633','634','611','612','613','626','627','628','629','630') AND `type` = 1  [ RunTime:0.0009s ]
SQL: SHOW COLUMNS FROM `sm_auth_rule` [ RunTime:0.0048s ]
SQL: SELECT * FROM `sm_auth_rule` WHERE `name` = 'Rule/Rule/admin_edit' AND `status` = 1 ORDER BY `level` desc,`sort` LIMIT 1   [ RunTime:0.0004s ]
SQL: SELECT * FROM `sm_auth_rule` WHERE `status` = 0 AND `name` = 'Rule/Rule/admin_edit' ORDER BY `level` desc,`sort` LIMIT 1   [ RunTime:0.0003s ]
SQL: SELECT * FROM `sm_auth_rule` WHERE `id` = 209 LIMIT 1   [ RunTime:0.0002s ]
SQL: SELECT * FROM `sm_auth_rule` WHERE `name` = 'Rule/Rule/admin_list' AND `status` = 1 ORDER BY `level` desc,`sort` LIMIT 1   [ RunTime:0.0003s ]
SQL: SELECT * FROM `sm_auth_rule` WHERE `id` = 208 LIMIT 1   [ RunTime:0.0002s ]
SQL: SELECT * FROM `sm_auth_rule` WHERE `status` = 1 AND `pid` = 208 ORDER BY `sort`  [ RunTime:0.0003s ]
SQL: SHOW COLUMNS FROM `sm_auth_group` [ RunTime:0.0046s ]
SQL: SELECT * FROM `sm_auth_group`  [ RunTime:0.0003s ]
SQL: SHOW COLUMNS FROM `sm_admin` [ RunTime:0.0084s ]
SQL: SELECT * FROM `sm_admin` WHERE `admin_id` = 1 LIMIT 1   [ RunTime:0.0003s ]
SQL: SHOW COLUMNS FROM `sm_auth_group_access` [ RunTime:0.0046s ]
SQL: SELECT `group_id` FROM `sm_auth_group_access` WHERE `uid` = 1 LIMIT 1   [ RunTime:0.0002s ]
INFO: [ view_parse ] --START--
INFO: [ template_filter ] --START--
INFO: Run Behavior\ContentReplaceBehavior [ RunTime:0.000154s ]
INFO: [ template_filter ] --END-- [ RunTime:0.000202s ]
INFO: Run Behavior\ParseTemplateBehavior [ RunTime:0.095326s ]
INFO: [ view_parse ] --END-- [ RunTime:0.095392s ]
INFO: [ view_filter ] --START--
INFO: Run Behavior\WriteHtmlCacheBehavior [ RunTime:0.000472s ]
INFO: [ view_filter ] --END-- [ RunTime:0.000514s ]
INFO: [ app_end ] --START--
INFO: Run Behavior\ShowPageTraceBehavior [ RunTime:0.000620s ]
INFO: [ app_end ] --END-- [ RunTime:0.000670s ]

[ 2019-08-10T15:13:56+08:00 ] 27.188.254.70 /index.php?m=Rule&c=Rule&a=admin_rule_list
INFO: [ app_init ] --START--
INFO: Run Behavior\BuildLiteBehavior [ RunTime:0.000015s ]
INFO: [ app_init ] --END-- [ RunTime:0.000457s ]
INFO: [ app_begin ] --START--
INFO: Run Behavior\ReadHtmlCacheBehavior [ RunTime:0.000621s ]
INFO: [ app_begin ] --END-- [ RunTime:0.000670s ]
SQL: SHOW COLUMNS FROM `sm_sysconfig` [ RunTime:0.0126s ]
SQL: SELECT * FROM `sm_sysconfig` WHERE `aid` IN ('1','17','7','36','37','38','40','41','42','43','44','')  [ RunTime:0.0004s ]
SQL: SELECT * FROM `sm_sysconfig`  [ RunTime:0.0003s ]
SQL: SHOW COLUMNS FROM `sm_auth_group_access` [ RunTime:0.0078s ]
SQL: SELECT `uid`,`group_id`,`title`,`rules` FROM sm_auth_group_access a INNER JOIN sm_auth_group g on a.group_id=g.id  WHERE ( a.uid='1' and g.status='1' )  [ RunTime:0.0004s ]
SQL: SHOW COLUMNS FROM `sm_auth_rule` [ RunTime:0.0075s ]
SQL: SELECT `condition`,`name` FROM `sm_auth_rule` WHERE `id` IN ('1','6','59','151','178','179','180','27','29','37','108','109','110','111','112','113','114','170','355','356','357','358','359','360','632','362','364','365','366','367','635','636','368','369','370','371','372','373','374','375','376','377','38','115','116','117','118','119','120','169','354','208','209','225','224','226','227','228','229','230','210','231','232','233','234','235','237','238','239','240','211','241','242','243','244','246','247','248','249','378','382','383','384','385','391','504','506','514','421','429','430','431','432','428','433','434','435','436','444','445','446','447','448','449','450','451','452','453','454','455','456','457','458','459','460','461','462','463','464','465','466','467','468','469','470','471','472','473','474','475','476','477','478','479','480','481','482','483','484','485','486','487','488','489','490','491','492','493','494','495','496','497','498','559','562','563','564','565','560','570','571','572','573','561','566','567','568','569','574','575','576','577','578','379','380','388','389','390','392','381','386','518','579','580','582','590','599','598','595','591','614','615','616','617','618','619','592','600','601','602','593','603','604','605','594','606','607','608','393','397','398','399','400','401','402','403','404','405','406','407','408','409','410','411','412','413','414','415','416','417','418','419','420','544','546','547','548','549','550','545','551','552','553','554','555','422','423','424','425','426','427','437','438','439','440','441','499','500','502','503','505','507','508','624','501','509','510','511','512','513','623','515','516','522','596','589','597','523','519','520','521','556','558','524','525','532','526','530','533','527','528','534','535','536','537','538','539','540','541','542','543','609','610','633','634','611','612','613','626','627','628','629','630') AND `type` = 1  [ RunTime:0.0009s ]
SQL: SHOW COLUMNS FROM `sm_auth_rule` [ RunTime:0.0075s ]
SQL: SELECT * FROM `sm_auth_rule` WHERE `name` = 'Rule/Rule/admin_rule_list' AND `status` = 1 ORDER BY `level` desc,`sort` LIMIT 1   [ RunTime:0.0004s ]
SQL: SELECT * FROM `sm_auth_rule` WHERE `id` = 208 LIMIT 1   [ RunTime:0.0002s ]
SQL: SELECT * FROM `sm_auth_rule` WHERE `status` = 1 AND `pid` = 208 ORDER BY `sort`  [ RunTime:0.0004s ]
SQL: SELECT * FROM `sm_auth_rule` ORDER BY `sort`  [ RunTime:0.0011s ]
INFO: [ view_parse ] --START--
INFO: [ template_filter ] --START--
INFO: Run Behavior\ContentReplaceBehavior [ RunTime:0.000164s ]
INFO: [ template_filter ] --END-- [ RunTime:0.000209s ]
INFO: Run Behavior\ParseTemplateBehavior [ RunTime:0.119561s ]
INFO: [ view_parse ] --END-- [ RunTime:0.119626s ]
INFO: [ view_filter ] --START--
INFO: Run Behavior\WriteHtmlCacheBehavior [ RunTime:0.000706s ]
INFO: [ view_filter ] --END-- [ RunTime:0.000758s ]
INFO: [ app_end ] --START--
INFO: Run Behavior\ShowPageTraceBehavior [ RunTime:0.000736s ]
INFO: [ app_end ] --END-- [ RunTime:0.000787s ]

[ 2019-08-10T15:14:02+08:00 ] 27.188.254.70 /index.php?m=Rule&c=Rule&a=admin_group_list
INFO: [ app_init ] --START--
INFO: Run Behavior\BuildLiteBehavior [ RunTime:0.000014s ]
INFO: [ app_init ] --END-- [ RunTime:0.000451s ]
INFO: [ app_begin ] --START--
INFO: Run Behavior\ReadHtmlCacheBehavior [ RunTime:0.000598s ]
INFO: [ app_begin ] --END-- [ RunTime:0.000646s ]
SQL: SHOW COLUMNS FROM `sm_sysconfig` [ RunTime:0.0133s ]
SQL: SELECT * FROM `sm_sysconfig` WHERE `aid` IN ('1','17','7','36','37','38','40','41','42','43','44','')  [ RunTime:0.0004s ]
SQL: SELECT * FROM `sm_sysconfig`  [ RunTime:0.0003s ]
SQL: SHOW COLUMNS FROM `sm_auth_group_access` [ RunTime:0.0077s ]
SQL: SELECT `uid`,`group_id`,`title`,`rules` FROM sm_auth_group_access a INNER JOIN sm_auth_group g on a.group_id=g.id  WHERE ( a.uid='1' and g.status='1' )  [ RunTime:0.0004s ]
SQL: SHOW COLUMNS FROM `sm_auth_rule` [ RunTime:0.0075s ]
SQL: SELECT `condition`,`name` FROM `sm_auth_rule` WHERE `id` IN ('1','6','59','151','178','179','180','27','29','37','108','109','110','111','112','113','114','170','355','356','357','358','359','360','632','362','364','365','366','367','635','636','368','369','370','371','372','373','374','375','376','377','38','115','116','117','118','119','120','169','354','208','209','225','224','226','227','228','229','230','210','231','232','233','234','235','237','238','239','240','211','241','242','243','244','246','247','248','249','378','382','383','384','385','391','504','506','514','421','429','430','431','432','428','433','434','435','436','444','445','446','447','448','449','450','451','452','453','454','455','456','457','458','459','460','461','462','463','464','465','466','467','468','469','470','471','472','473','474','475','476','477','478','479','480','481','482','483','484','485','486','487','488','489','490','491','492','493','494','495','496','497','498','559','562','563','564','565','560','570','571','572','573','561','566','567','568','569','574','575','576','577','578','379','380','388','389','390','392','381','386','518','579','580','582','590','599','598','595','591','614','615','616','617','618','619','592','600','601','602','593','603','604','605','594','606','607','608','393','397','398','399','400','401','402','403','404','405','406','407','408','409','410','411','412','413','414','415','416','417','418','419','420','544','546','547','548','549','550','545','551','552','553','554','555','422','423','424','425','426','427','437','438','439','440','441','499','500','502','503','505','507','508','624','501','509','510','511','512','513','623','515','516','522','596','589','597','523','519','520','521','556','558','524','525','532','526','530','533','527','528','534','535','536','537','538','539','540','541','542','543','609','610','633','634','611','612','613','626','627','628','629','630') AND `type` = 1  [ RunTime:0.0009s ]
SQL: SHOW COLUMNS FROM `sm_auth_rule` [ RunTime:0.0049s ]
SQL: SELECT * FROM `sm_auth_rule` WHERE `name` = 'Rule/Rule/admin_group_list' AND `status` = 1 ORDER BY `level` desc,`sort` LIMIT 1   [ RunTime:0.0004s ]
SQL: SELECT * FROM `sm_auth_rule` WHERE `id` = 208 LIMIT 1   [ RunTime:0.0002s ]
SQL: SELECT * FROM `sm_auth_rule` WHERE `status` = 1 AND `pid` = 208 ORDER BY `sort`  [ RunTime:0.0003s ]
SQL: SHOW COLUMNS FROM `sm_auth_group` [ RunTime:0.0047s ]
SQL: SELECT * FROM `sm_auth_group`  [ RunTime:0.0003s ]
INFO: [ view_parse ] --START--
INFO: [ template_filter ] --START--
INFO: Run Behavior\ContentReplaceBehavior [ RunTime:0.000148s ]
INFO: [ template_filter ] --END-- [ RunTime:0.000192s ]
INFO: Run Behavior\ParseTemplateBehavior [ RunTime:0.092652s ]
INFO: [ view_parse ] --END-- [ RunTime:0.092717s ]
INFO: [ view_filter ] --START--
INFO: Run Behavior\WriteHtmlCacheBehavior [ RunTime:0.000649s ]
INFO: [ view_filter ] --END-- [ RunTime:0.000689s ]
INFO: [ app_end ] --START--
INFO: Run Behavior\ShowPageTraceBehavior [ RunTime:0.000656s ]
INFO: [ app_end ] --END-- [ RunTime:0.000710s ]

[ 2019-08-10T15:14:08+08:00 ] 27.188.254.70 /index.php?m=Rule&c=Rule&a=admin_group_edit&id=1
INFO: [ app_init ] --START--
INFO: Run Behavior\BuildLiteBehavior [ RunTime:0.000015s ]
INFO: [ app_init ] --END-- [ RunTime:0.000483s ]
INFO: [ app_begin ] --START--
INFO: Run Behavior\ReadHtmlCacheBehavior [ RunTime:0.000597s ]
INFO: [ app_begin ] --END-- [ RunTime:0.000650s ]
SQL: SHOW COLUMNS FROM `sm_sysconfig` [ RunTime:0.0127s ]
SQL: SELECT * FROM `sm_sysconfig` WHERE `aid` IN ('1','17','7','36','37','38','40','41','42','43','44','')  [ RunTime:0.0004s ]
SQL: SELECT * FROM `sm_sysconfig`  [ RunTime:0.0004s ]
SQL: SHOW COLUMNS FROM `sm_auth_group_access` [ RunTime:0.0087s ]
SQL: SELECT `uid`,`group_id`,`title`,`rules` FROM sm_auth_group_access a INNER JOIN sm_auth_group g on a.group_id=g.id  WHERE ( a.uid='1' and g.status='1' )  [ RunTime:0.0004s ]
SQL: SHOW COLUMNS FROM `sm_auth_rule` [ RunTime:0.0076s ]
SQL: SELECT `condition`,`name` FROM `sm_auth_rule` WHERE `id` IN ('1','6','59','151','178','179','180','27','29','37','108','109','110','111','112','113','114','170','355','356','357','358','359','360','632','362','364','365','366','367','635','636','368','369','370','371','372','373','374','375','376','377','38','115','116','117','118','119','120','169','354','208','209','225','224','226','227','228','229','230','210','231','232','233','234','235','237','238','239','240','211','241','242','243','244','246','247','248','249','378','382','383','384','385','391','504','506','514','421','429','430','431','432','428','433','434','435','436','444','445','446','447','448','449','450','451','452','453','454','455','456','457','458','459','460','461','462','463','464','465','466','467','468','469','470','471','472','473','474','475','476','477','478','479','480','481','482','483','484','485','486','487','488','489','490','491','492','493','494','495','496','497','498','559','562','563','564','565','560','570','571','572','573','561','566','567','568','569','574','575','576','577','578','379','380','388','389','390','392','381','386','518','579','580','582','590','599','598','595','591','614','615','616','617','618','619','592','600','601','602','593','603','604','605','594','606','607','608','393','397','398','399','400','401','402','403','404','405','406','407','408','409','410','411','412','413','414','415','416','417','418','419','420','544','546','547','548','549','550','545','551','552','553','554','555','422','423','424','425','426','427','437','438','439','440','441','499','500','502','503','505','507','508','624','501','509','510','511','512','513','623','515','516','522','596','589','597','523','519','520','521','556','558','524','525','532','526','530','533','527','528','534','535','536','537','538','539','540','541','542','543','609','610','633','634','611','612','613','626','627','628','629','630') AND `type` = 1  [ RunTime:0.0009s ]
SQL: SHOW COLUMNS FROM `sm_auth_rule` [ RunTime:0.0054s ]
SQL: SELECT * FROM `sm_auth_rule` WHERE `name` = 'Rule/Rule/admin_group_edit' AND `status` = 1 ORDER BY `level` desc,`sort` LIMIT 1   [ RunTime:0.0004s ]
SQL: SELECT * FROM `sm_auth_rule` WHERE `status` = 0 AND `name` = 'Rule/Rule/admin_group_edit' ORDER BY `level` desc,`sort` LIMIT 1   [ RunTime:0.0003s ]
SQL: SELECT * FROM `sm_auth_rule` WHERE `id` = 210 LIMIT 1   [ RunTime:0.0002s ]
SQL: SELECT * FROM `sm_auth_rule` WHERE `name` = 'Rule/Rule/admin_group_list' AND `status` = 1 ORDER BY `level` desc,`sort` LIMIT 1   [ RunTime:0.0003s ]
SQL: SELECT * FROM `sm_auth_rule` WHERE `id` = 208 LIMIT 1   [ RunTime:0.0002s ]
SQL: SELECT * FROM `sm_auth_rule` WHERE `status` = 1 AND `pid` = 208 ORDER BY `sort`  [ RunTime:0.0003s ]
SQL: SHOW COLUMNS FROM `sm_auth_group` [ RunTime:0.0052s ]
SQL: SELECT * FROM `sm_auth_group` WHERE `id` = 1 LIMIT 1   [ RunTime:0.0003s ]
INFO: [ view_parse ] --START--
INFO: [ template_filter ] --START--
INFO: Run Behavior\ContentReplaceBehavior [ RunTime:0.000133s ]
INFO: [ template_filter ] --END-- [ RunTime:0.000181s ]
INFO: Run Behavior\ParseTemplateBehavior [ RunTime:0.077069s ]
INFO: [ view_parse ] --END-- [ RunTime:0.077127s ]
INFO: [ view_filter ] --START--
INFO: Run Behavior\WriteHtmlCacheBehavior [ RunTime:0.000628s ]
INFO: [ view_filter ] --END-- [ RunTime:0.000670s ]
INFO: [ app_end ] --START--
INFO: Run Behavior\ShowPageTraceBehavior [ RunTime:0.000624s ]
INFO: [ app_end ] --END-- [ RunTime:0.000673s ]

[ 2019-08-10T15:14:15+08:00 ] 27.188.254.70 /index.php?m=Rule&c=Rule&a=admin_group_edit&id=7
INFO: [ app_init ] --START--
INFO: Run Behavior\BuildLiteBehavior [ RunTime:0.000014s ]
INFO: [ app_init ] --END-- [ RunTime:0.000447s ]
INFO: [ app_begin ] --START--
INFO: Run Behavior\ReadHtmlCacheBehavior [ RunTime:0.000724s ]
INFO: [ app_begin ] --END-- [ RunTime:0.000772s ]
SQL: SHOW COLUMNS FROM `sm_sysconfig` [ RunTime:0.0124s ]
SQL: SELECT * FROM `sm_sysconfig` WHERE `aid` IN ('1','17','7','36','37','38','40','41','42','43','44','')  [ RunTime:0.0004s ]
SQL: SELECT * FROM `sm_sysconfig`  [ RunTime:0.0003s ]
SQL: SHOW COLUMNS FROM `sm_auth_group_access` [ RunTime:0.0079s ]
SQL: SELECT `uid`,`group_id`,`title`,`rules` FROM sm_auth_group_access a INNER JOIN sm_auth_group g on a.group_id=g.id  WHERE ( a.uid='1' and g.status='1' )  [ RunTime:0.0004s ]
SQL: SHOW COLUMNS FROM `sm_auth_rule` [ RunTime:0.0075s ]
SQL: SELECT `condition`,`name` FROM `sm_auth_rule` WHERE `id` IN ('1','6','59','151','178','179','180','27','29','37','108','109','110','111','112','113','114','170','355','356','357','358','359','360','632','362','364','365','366','367','635','636','368','369','370','371','372','373','374','375','376','377','38','115','116','117','118','119','120','169','354','208','209','225','224','226','227','228','229','230','210','231','232','233','234','235','237','238','239','240','211','241','242','243','244','246','247','248','249','378','382','383','384','385','391','504','506','514','421','429','430','431','432','428','433','434','435','436','444','445','446','447','448','449','450','451','452','453','454','455','456','457','458','459','460','461','462','463','464','465','466','467','468','469','470','471','472','473','474','475','476','477','478','479','480','481','482','483','484','485','486','487','488','489','490','491','492','493','494','495','496','497','498','559','562','563','564','565','560','570','571','572','573','561','566','567','568','569','574','575','576','577','578','379','380','388','389','390','392','381','386','518','579','580','582','590','599','598','595','591','614','615','616','617','618','619','592','600','601','602','593','603','604','605','594','606','607','608','393','397','398','399','400','401','402','403','404','405','406','407','408','409','410','411','412','413','414','415','416','417','418','419','420','544','546','547','548','549','550','545','551','552','553','554','555','422','423','424','425','426','427','437','438','439','440','441','499','500','502','503','505','507','508','624','501','509','510','511','512','513','623','515','516','522','596','589','597','523','519','520','521','556','558','524','525','532','526','530','533','527','528','534','535','536','537','538','539','540','541','542','543','609','610','633','634','611','612','613','626','627','628','629','630') AND `type` = 1  [ RunTime:0.0009s ]
SQL: SHOW COLUMNS FROM `sm_auth_rule` [ RunTime:0.0049s ]
SQL: SELECT * FROM `sm_auth_rule` WHERE `name` = 'Rule/Rule/admin_group_edit' AND `status` = 1 ORDER BY `level` desc,`sort` LIMIT 1   [ RunTime:0.0004s ]
SQL: SELECT * FROM `sm_auth_rule` WHERE `status` = 0 AND `name` = 'Rule/Rule/admin_group_edit' ORDER BY `level` desc,`sort` LIMIT 1   [ RunTime:0.0003s ]
SQL: SELECT * FROM `sm_auth_rule` WHERE `id` = 210 LIMIT 1   [ RunTime:0.0002s ]
SQL: SELECT * FROM `sm_auth_rule` WHERE `name` = 'Rule/Rule/admin_group_list' AND `status` = 1 ORDER BY `level` desc,`sort` LIMIT 1   [ RunTime:0.0003s ]
SQL: SELECT * FROM `sm_auth_rule` WHERE `id` = 208 LIMIT 1   [ RunTime:0.0002s ]
SQL: SELECT * FROM `sm_auth_rule` WHERE `status` = 1 AND `pid` = 208 ORDER BY `sort`  [ RunTime:0.0003s ]
SQL: SHOW COLUMNS FROM `sm_auth_group` [ RunTime:0.0046s ]
SQL: SELECT * FROM `sm_auth_group` WHERE `id` = 7 LIMIT 1   [ RunTime:0.0003s ]
INFO: [ view_parse ] --START--
INFO: [ template_filter ] --START--
INFO: Run Behavior\ContentReplaceBehavior [ RunTime:0.000133s ]
INFO: [ template_filter ] --END-- [ RunTime:0.000174s ]
INFO: Run Behavior\ParseTemplateBehavior [ RunTime:0.068851s ]
INFO: [ view_parse ] --END-- [ RunTime:0.068909s ]
INFO: [ view_filter ] --START--
INFO: Run Behavior\WriteHtmlCacheBehavior [ RunTime:0.000486s ]
INFO: [ view_filter ] --END-- [ RunTime:0.000527s ]
INFO: [ app_end ] --START--
INFO: Run Behavior\ShowPageTraceBehavior [ RunTime:0.000645s ]
INFO: [ app_end ] --END-- [ RunTime:0.000697s ]

[ 2019-08-10T15:14:19+08:00 ] 27.188.254.70 /index.php?m=Rule&c=Rule&a=admin_rule_list
INFO: [ app_init ] --START--
INFO: Run Behavior\BuildLiteBehavior [ RunTime:0.000013s ]
INFO: [ app_init ] --END-- [ RunTime:0.000468s ]
INFO: [ app_begin ] --START--
INFO: Run Behavior\ReadHtmlCacheBehavior [ RunTime:0.000729s ]
INFO: [ app_begin ] --END-- [ RunTime:0.000777s ]
SQL: SHOW COLUMNS FROM `sm_sysconfig` [ RunTime:0.0119s ]
SQL: SELECT * FROM `sm_sysconfig` WHERE `aid` IN ('1','17','7','36','37','38','40','41','42','43','44','')  [ RunTime:0.0005s ]
SQL: SELECT * FROM `sm_sysconfig`  [ RunTime:0.0004s ]
SQL: SHOW COLUMNS FROM `sm_auth_group_access` [ RunTime:0.0078s ]
SQL: SELECT `uid`,`group_id`,`title`,`rules` FROM sm_auth_group_access a INNER JOIN sm_auth_group g on a.group_id=g.id  WHERE ( a.uid='1' and g.status='1' )  [ RunTime:0.0004s ]
SQL: SHOW COLUMNS FROM `sm_auth_rule` [ RunTime:0.0074s ]
SQL: SELECT `condition`,`name` FROM `sm_auth_rule` WHERE `id` IN ('1','6','59','151','178','179','180','27','29','37','108','109','110','111','112','113','114','170','355','356','357','358','359','360','632','362','364','365','366','367','635','636','368','369','370','371','372','373','374','375','376','377','38','115','116','117','118','119','120','169','354','208','209','225','224','226','227','228','229','230','210','231','232','233','234','235','237','238','239','240','211','241','242','243','244','246','247','248','249','378','382','383','384','385','391','504','506','514','421','429','430','431','432','428','433','434','435','436','444','445','446','447','448','449','450','451','452','453','454','455','456','457','458','459','460','461','462','463','464','465','466','467','468','469','470','471','472','473','474','475','476','477','478','479','480','481','482','483','484','485','486','487','488','489','490','491','492','493','494','495','496','497','498','559','562','563','564','565','560','570','571','572','573','561','566','567','568','569','574','575','576','577','578','379','380','388','389','390','392','381','386','518','579','580','582','590','599','598','595','591','614','615','616','617','618','619','592','600','601','602','593','603','604','605','594','606','607','608','393','397','398','399','400','401','402','403','404','405','406','407','408','409','410','411','412','413','414','415','416','417','418','419','420','544','546','547','548','549','550','545','551','552','553','554','555','422','423','424','425','426','427','437','438','439','440','441','499','500','502','503','505','507','508','624','501','509','510','511','512','513','623','515','516','522','596','589','597','523','519','520','521','556','558','524','525','532','526','530','533','527','528','534','535','536','537','538','539','540','541','542','543','609','610','633','634','611','612','613','626','627','628','629','630') AND `type` = 1  [ RunTime:0.0009s ]
SQL: SHOW COLUMNS FROM `sm_auth_rule` [ RunTime:0.0049s ]
SQL: SELECT * FROM `sm_auth_rule` WHERE `name` = 'Rule/Rule/admin_rule_list' AND `status` = 1 ORDER BY `level` desc,`sort` LIMIT 1   [ RunTime:0.0004s ]
SQL: SELECT * FROM `sm_auth_rule` WHERE `id` = 208 LIMIT 1   [ RunTime:0.0002s ]
SQL: SELECT * FROM `sm_auth_rule` WHERE `status` = 1 AND `pid` = 208 ORDER BY `sort`  [ RunTime:0.0003s ]
SQL: SELECT * FROM `sm_auth_rule` ORDER BY `sort`  [ RunTime:0.0010s ]
INFO: [ view_parse ] --START--
INFO: [ template_filter ] --START--
INFO: Run Behavior\ContentReplaceBehavior [ RunTime:0.000161s ]
INFO: [ template_filter ] --END-- [ RunTime:0.000203s ]
INFO: Run Behavior\ParseTemplateBehavior [ RunTime:0.113919s ]
INFO: [ view_parse ] --END-- [ RunTime:0.113982s ]
INFO: [ view_filter ] --START--
INFO: Run Behavior\WriteHtmlCacheBehavior [ RunTime:0.000543s ]
INFO: [ view_filter ] --END-- [ RunTime:0.000585s ]
INFO: [ app_end ] --START--
INFO: Run Behavior\ShowPageTraceBehavior [ RunTime:0.000655s ]
INFO: [ app_end ] --END-- [ RunTime:0.000702s ]

[ 2019-08-10T15:16:31+08:00 ] 27.188.254.70 /index.php?m=Rule&c=Rule&a=admin_list
INFO: [ app_init ] --START--
INFO: Run Behavior\BuildLiteBehavior [ RunTime:0.000013s ]
INFO: [ app_init ] --END-- [ RunTime:0.000503s ]
INFO: [ app_begin ] --START--
INFO: Run Behavior\ReadHtmlCacheBehavior [ RunTime:0.000867s ]
INFO: [ app_begin ] --END-- [ RunTime:0.000914s ]
SQL: SHOW COLUMNS FROM `sm_sysconfig` [ RunTime:0.0136s ]
SQL: SELECT * FROM `sm_sysconfig` WHERE `aid` IN ('1','17','7','36','37','38','40','41','42','43','44','')  [ RunTime:0.0004s ]
SQL: SELECT * FROM `sm_sysconfig`  [ RunTime:0.0004s ]
SQL: SHOW COLUMNS FROM `sm_auth_group_access` [ RunTime:0.0078s ]
SQL: SELECT `uid`,`group_id`,`title`,`rules` FROM sm_auth_group_access a INNER JOIN sm_auth_group g on a.group_id=g.id  WHERE ( a.uid='1' and g.status='1' )  [ RunTime:0.0004s ]
SQL: SHOW COLUMNS FROM `sm_auth_rule` [ RunTime:0.0075s ]
SQL: SELECT `condition`,`name` FROM `sm_auth_rule` WHERE `id` IN ('1','6','59','151','178','179','180','27','29','37','108','109','110','111','112','113','114','170','355','356','357','358','359','360','632','362','364','365','366','367','635','636','368','369','370','371','372','373','374','375','376','377','38','115','116','117','118','119','120','169','354','208','209','225','224','226','227','228','229','230','210','231','232','233','234','235','237','238','239','240','211','241','242','243','244','246','247','248','249','378','382','383','384','385','391','504','506','514','421','429','430','431','432','428','433','434','435','436','444','445','446','447','448','449','450','451','452','453','454','455','456','457','458','459','460','461','462','463','464','465','466','467','468','469','470','471','472','473','474','475','476','477','478','479','480','481','482','483','484','485','486','487','488','489','490','491','492','493','494','495','496','497','498','559','562','563','564','565','560','570','571','572','573','561','566','567','568','569','574','575','576','577','578','379','380','388','389','390','392','381','386','518','579','580','582','590','599','598','595','591','614','615','616','617','618','619','592','600','601','602','593','603','604','605','594','606','607','608','393','397','398','399','400','401','402','403','404','405','406','407','408','409','410','411','412','413','414','415','416','417','418','419','420','544','546','547','548','549','550','545','551','552','553','554','555','422','423','424','425','426','427','437','438','439','440','441','499','500','502','503','505','507','508','624','501','509','510','511','512','513','623','515','516','522','596','589','597','523','519','520','521','556','558','524','525','532','526','530','533','527','528','534','535','536','537','538','539','540','541','542','543','609','610','633','634','611','612','613','626','627','628','629','630') AND `type` = 1  [ RunTime:0.0009s ]
SQL: SHOW COLUMNS FROM `sm_auth_rule` [ RunTime:0.0050s ]
SQL: SELECT * FROM `sm_auth_rule` WHERE `name` = 'Rule/Rule/admin_list' AND `status` = 1 ORDER BY `level` desc,`sort` LIMIT 1   [ RunTime:0.0004s ]
SQL: SELECT * FROM `sm_auth_rule` WHERE `id` = 208 LIMIT 1   [ RunTime:0.0002s ]
SQL: SELECT * FROM `sm_auth_rule` WHERE `status` = 1 AND `pid` = 208 ORDER BY `sort`  [ RunTime:0.0003s ]
SQL: SHOW COLUMNS FROM `sm_admin` [ RunTime:0.0074s ]
SQL: SELECT COUNT(*) AS tp_count FROM `sm_admin` LIMIT 1   [ RunTime:0.0002s ]
SQL: SELECT * FROM `sm_admin` ORDER BY `admin_id` LIMIT 0,10   [ RunTime:0.0003s ]
INFO: [ view_parse ] --START--
INFO: [ template_filter ] --START--
INFO: Run Behavior\ContentReplaceBehavior [ RunTime:0.000163s ]
INFO: [ template_filter ] --END-- [ RunTime:0.000204s ]
INFO: Run Behavior\ParseTemplateBehavior [ RunTime:0.081858s ]
INFO: [ view_parse ] --END-- [ RunTime:0.081918s ]
INFO: [ view_filter ] --START--
INFO: Run Behavior\WriteHtmlCacheBehavior [ RunTime:0.000815s ]
INFO: [ view_filter ] --END-- [ RunTime:0.000859s ]
INFO: [ app_end ] --START--
INFO: Run Behavior\ShowPageTraceBehavior [ RunTime:0.000934s ]
INFO: [ app_end ] --END-- [ RunTime:0.000981s ]

[ 2019-08-10T15:16:35+08:00 ] 27.188.254.70 /index.php?m=Rule&c=Rule&a=admin_edit&admin_id=1
INFO: [ app_init ] --START--
INFO: Run Behavior\BuildLiteBehavior [ RunTime:0.000014s ]
INFO: [ app_init ] --END-- [ RunTime:0.000498s ]
INFO: [ app_begin ] --START--
INFO: Run Behavior\ReadHtmlCacheBehavior [ RunTime:0.000861s ]
INFO: [ app_begin ] --END-- [ RunTime:0.000909s ]
SQL: SHOW COLUMNS FROM `sm_sysconfig` [ RunTime:0.0116s ]
SQL: SELECT * FROM `sm_sysconfig` WHERE `aid` IN ('1','17','7','36','37','38','40','41','42','43','44','')  [ RunTime:0.0005s ]
SQL: SELECT * FROM `sm_sysconfig`  [ RunTime:0.0003s ]
SQL: SHOW COLUMNS FROM `sm_auth_group_access` [ RunTime:0.0075s ]
SQL: SELECT `uid`,`group_id`,`title`,`rules` FROM sm_auth_group_access a INNER JOIN sm_auth_group g on a.group_id=g.id  WHERE ( a.uid='1' and g.status='1' )  [ RunTime:0.0004s ]
SQL: SHOW COLUMNS FROM `sm_auth_rule` [ RunTime:0.0073s ]
SQL: SELECT `condition`,`name` FROM `sm_auth_rule` WHERE `id` IN ('1','6','59','151','178','179','180','27','29','37','108','109','110','111','112','113','114','170','355','356','357','358','359','360','632','362','364','365','366','367','635','636','368','369','370','371','372','373','374','375','376','377','38','115','116','117','118','119','120','169','354','208','209','225','224','226','227','228','229','230','210','231','232','233','234','235','237','238','239','240','211','241','242','243','244','246','247','248','249','378','382','383','384','385','391','504','506','514','421','429','430','431','432','428','433','434','435','436','444','445','446','447','448','449','450','451','452','453','454','455','456','457','458','459','460','461','462','463','464','465','466','467','468','469','470','471','472','473','474','475','476','477','478','479','480','481','482','483','484','485','486','487','488','489','490','491','492','493','494','495','496','497','498','559','562','563','564','565','560','570','571','572','573','561','566','567','568','569','574','575','576','577','578','379','380','388','389','390','392','381','386','518','579','580','582','590','599','598','595','591','614','615','616','617','618','619','592','600','601','602','593','603','604','605','594','606','607','608','393','397','398','399','400','401','402','403','404','405','406','407','408','409','410','411','412','413','414','415','416','417','418','419','420','544','546','547','548','549','550','545','551','552','553','554','555','422','423','424','425','426','427','437','438','439','440','441','499','500','502','503','505','507','508','624','501','509','510','511','512','513','623','515','516','522','596','589','597','523','519','520','521','556','558','524','525','532','526','530','533','527','528','534','535','536','537','538','539','540','541','542','543','609','610','633','634','611','612','613','626','627','628','629','630') AND `type` = 1  [ RunTime:0.0010s ]
SQL: SHOW COLUMNS FROM `sm_auth_rule` [ RunTime:0.0051s ]
SQL: SELECT * FROM `sm_auth_rule` WHERE `name` = 'Rule/Rule/admin_edit' AND `status` = 1 ORDER BY `level` desc,`sort` LIMIT 1   [ RunTime:0.0004s ]
SQL: SELECT * FROM `sm_auth_rule` WHERE `status` = 0 AND `name` = 'Rule/Rule/admin_edit' ORDER BY `level` desc,`sort` LIMIT 1   [ RunTime:0.0003s ]
SQL: SELECT * FROM `sm_auth_rule` WHERE `id` = 209 LIMIT 1   [ RunTime:0.0003s ]
SQL: SELECT * FROM `sm_auth_rule` WHERE `name` = 'Rule/Rule/admin_list' AND `status` = 1 ORDER BY `level` desc,`sort` LIMIT 1   [ RunTime:0.0004s ]
SQL: SELECT * FROM `sm_auth_rule` WHERE `id` = 208 LIMIT 1   [ RunTime:0.0002s ]
SQL: SELECT * FROM `sm_auth_rule` WHERE `status` = 1 AND `pid` = 208 ORDER BY `sort`  [ RunTime:0.0003s ]
SQL: SHOW COLUMNS FROM `sm_auth_group` [ RunTime:0.0052s ]
SQL: SELECT * FROM `sm_auth_group`  [ RunTime:0.0003s ]
SQL: SHOW COLUMNS FROM `sm_admin` [ RunTime:0.0075s ]
SQL: SELECT * FROM `sm_admin` WHERE `admin_id` = 1 LIMIT 1   [ RunTime:0.0003s ]
SQL: SHOW COLUMNS FROM `sm_auth_group_access` [ RunTime:0.0048s ]
SQL: SELECT `group_id` FROM `sm_auth_group_access` WHERE `uid` = 1 LIMIT 1   [ RunTime:0.0002s ]
INFO: [ view_parse ] --START--
INFO: [ template_filter ] --START--
INFO: Run Behavior\ContentReplaceBehavior [ RunTime:0.000149s ]
INFO: [ template_filter ] --END-- [ RunTime:0.000193s ]
INFO: Run Behavior\ParseTemplateBehavior [ RunTime:0.086079s ]
INFO: [ view_parse ] --END-- [ RunTime:0.086136s ]
INFO: [ view_filter ] --START--
INFO: Run Behavior\WriteHtmlCacheBehavior [ RunTime:0.000745s ]
INFO: [ view_filter ] --END-- [ RunTime:0.000788s ]
INFO: [ app_end ] --START--
INFO: Run Behavior\ShowPageTraceBehavior [ RunTime:0.000900s ]
INFO: [ app_end ] --END-- [ RunTime:0.000954s ]

[ 2019-08-10T15:16:56+08:00 ] 27.188.254.70 /index.php?m=Rule&c=Rule&a=admin_runedit
INFO: [ app_init ] --START--
INFO: Run Behavior\BuildLiteBehavior [ RunTime:0.000014s ]
INFO: [ app_init ] --END-- [ RunTime:0.000481s ]
INFO: [ app_begin ] --START--
INFO: Run Behavior\ReadHtmlCacheBehavior [ RunTime:0.001016s ]
INFO: [ app_begin ] --END-- [ RunTime:0.001096s ]
SQL: SHOW COLUMNS FROM `sm_sysconfig` [ RunTime:0.0130s ]
SQL: SELECT * FROM `sm_sysconfig` WHERE `aid` IN ('1','17','7','36','37','38','40','41','42','43','44','')  [ RunTime:0.0004s ]
SQL: SELECT * FROM `sm_sysconfig`  [ RunTime:0.0003s ]
SQL: SHOW COLUMNS FROM `sm_auth_group_access` [ RunTime:0.0080s ]
SQL: SELECT `uid`,`group_id`,`title`,`rules` FROM sm_auth_group_access a INNER JOIN sm_auth_group g on a.group_id=g.id  WHERE ( a.uid='1' and g.status='1' )  [ RunTime:0.0004s ]
SQL: SHOW COLUMNS FROM `sm_auth_rule` [ RunTime:0.0076s ]
SQL: SELECT `condition`,`name` FROM `sm_auth_rule` WHERE `id` IN ('1','6','59','151','178','179','180','27','29','37','108','109','110','111','112','113','114','170','355','356','357','358','359','360','632','362','364','365','366','367','635','636','368','369','370','371','372','373','374','375','376','377','38','115','116','117','118','119','120','169','354','208','209','225','224','226','227','228','229','230','210','231','232','233','234','235','237','238','239','240','211','241','242','243','244','246','247','248','249','378','382','383','384','385','391','504','506','514','421','429','430','431','432','428','433','434','435','436','444','445','446','447','448','449','450','451','452','453','454','455','456','457','458','459','460','461','462','463','464','465','466','467','468','469','470','471','472','473','474','475','476','477','478','479','480','481','482','483','484','485','486','487','488','489','490','491','492','493','494','495','496','497','498','559','562','563','564','565','560','570','571','572','573','561','566','567','568','569','574','575','576','577','578','379','380','388','389','390','392','381','386','518','579','580','582','590','599','598','595','591','614','615','616','617','618','619','592','600','601','602','593','603','604','605','594','606','607','608','393','397','398','399','400','401','402','403','404','405','406','407','408','409','410','411','412','413','414','415','416','417','418','419','420','544','546','547','548','549','550','545','551','552','553','554','555','422','423','424','425','426','427','437','438','439','440','441','499','500','502','503','505','507','508','624','501','509','510','511','512','513','623','515','516','522','596','589','597','523','519','520','521','556','558','524','525','532','526','530','533','527','528','534','535','536','537','538','539','540','541','542','543','609','610','633','634','611','612','613','626','627','628','629','630') AND `type` = 1  [ RunTime:0.0009s ]
SQL: SHOW COLUMNS FROM `sm_auth_rule` [ RunTime:0.0051s ]
SQL: SELECT * FROM `sm_auth_rule` WHERE `name` = 'Rule/Rule/admin_runedit' AND `status` = 1 ORDER BY `level` desc,`sort` LIMIT 1   [ RunTime:0.0004s ]
SQL: SELECT * FROM `sm_auth_rule` WHERE `status` = 0 AND `name` = 'Rule/Rule/admin_runedit' ORDER BY `level` desc,`sort` LIMIT 1   [ RunTime:0.0004s ]
SQL: SELECT * FROM `sm_auth_rule` WHERE `id` = 209 LIMIT 1   [ RunTime:0.0003s ]
SQL: SELECT * FROM `sm_auth_rule` WHERE `name` = 'Rule/Rule/admin_list' AND `status` = 1 ORDER BY `level` desc,`sort` LIMIT 1   [ RunTime:0.0003s ]
SQL: SELECT * FROM `sm_auth_rule` WHERE `id` = 208 LIMIT 1   [ RunTime:0.0002s ]
SQL: SELECT * FROM `sm_auth_rule` WHERE `status` = 1 AND `pid` = 208 ORDER BY `sort`  [ RunTime:0.0004s ]
SQL: SHOW COLUMNS FROM `sm_admin` [ RunTime:0.0081s ]
SQL: UPDATE `sm_admin` SET `admin_pwd_salt`='PFtDRcBLNf',`admin_pwd`='5d41b662dc7da4c1e33da5c3dfc0299e',`admin_changepwd`='1565421416',`admin_email`='machaokl@qq.com',`admin_tel`='18931099150',`admin_realname`='',`admin_open`='1' WHERE `admin_id` = 1 [ RunTime:0.0003s ]
SQL: SHOW COLUMNS FROM `sm_auth_group_access` [ RunTime:0.0047s ]
SQL: SELECT * FROM `sm_auth_group_access` WHERE `uid` = 1 LIMIT 1   [ RunTime:0.0002s ]
NOTIC: [2] Illegal offset type in isset or empty D:\xampp\htdocs\ThinkPHP\Library\Think\Model.class.php 第 473 行.
SQL: UPDATE `sm_auth_group_access` SET `group_id`='1' WHERE `uid` = 1 [ RunTime:0.0002s ]

[ 2019-08-10T15:16:58+08:00 ] 27.188.254.70 /index.php?m=Rule&c=Rule&a=admin_list
INFO: [ app_init ] --START--
INFO: Run Behavior\BuildLiteBehavior [ RunTime:0.000012s ]
INFO: [ app_init ] --END-- [ RunTime:0.000497s ]
INFO: [ app_begin ] --START--
INFO: Run Behavior\ReadHtmlCacheBehavior [ RunTime:0.000834s ]
INFO: [ app_begin ] --END-- [ RunTime:0.000881s ]
SQL: SHOW COLUMNS FROM `sm_sysconfig` [ RunTime:0.0124s ]
SQL: SELECT * FROM `sm_sysconfig` WHERE `aid` IN ('1','17','7','36','37','38','40','41','42','43','44','')  [ RunTime:0.0004s ]
SQL: SELECT * FROM `sm_sysconfig`  [ RunTime:0.0003s ]
SQL: SHOW COLUMNS FROM `sm_auth_group_access` [ RunTime:0.0076s ]
SQL: SELECT `uid`,`group_id`,`title`,`rules` FROM sm_auth_group_access a INNER JOIN sm_auth_group g on a.group_id=g.id  WHERE ( a.uid='1' and g.status='1' )  [ RunTime:0.0004s ]
SQL: SHOW COLUMNS FROM `sm_auth_rule` [ RunTime:0.0082s ]
SQL: SELECT `condition`,`name` FROM `sm_auth_rule` WHERE `id` IN ('1','6','59','151','178','179','180','27','29','37','108','109','110','111','112','113','114','170','355','356','357','358','359','360','632','362','364','365','366','367','635','636','368','369','370','371','372','373','374','375','376','377','38','115','116','117','118','119','120','169','354','208','209','225','224','226','227','228','229','230','210','231','232','233','234','235','237','238','239','240','211','241','242','243','244','246','247','248','249','378','382','383','384','385','391','504','506','514','421','429','430','431','432','428','433','434','435','436','444','445','446','447','448','449','450','451','452','453','454','455','456','457','458','459','460','461','462','463','464','465','466','467','468','469','470','471','472','473','474','475','476','477','478','479','480','481','482','483','484','485','486','487','488','489','490','491','492','493','494','495','496','497','498','559','562','563','564','565','560','570','571','572','573','561','566','567','568','569','574','575','576','577','578','379','380','388','389','390','392','381','386','518','579','580','582','590','599','598','595','591','614','615','616','617','618','619','592','600','601','602','593','603','604','605','594','606','607','608','393','397','398','399','400','401','402','403','404','405','406','407','408','409','410','411','412','413','414','415','416','417','418','419','420','544','546','547','548','549','550','545','551','552','553','554','555','422','423','424','425','426','427','437','438','439','440','441','499','500','502','503','505','507','508','624','501','509','510','511','512','513','623','515','516','522','596','589','597','523','519','520','521','556','558','524','525','532','526','530','533','527','528','534','535','536','537','538','539','540','541','542','543','609','610','633','634','611','612','613','626','627','628','629','630') AND `type` = 1  [ RunTime:0.0009s ]
SQL: SHOW COLUMNS FROM `sm_auth_rule` [ RunTime:0.0049s ]
SQL: SELECT * FROM `sm_auth_rule` WHERE `name` = 'Rule/Rule/admin_list' AND `status` = 1 ORDER BY `level` desc,`sort` LIMIT 1   [ RunTime:0.0004s ]
SQL: SELECT * FROM `sm_auth_rule` WHERE `id` = 208 LIMIT 1   [ RunTime:0.0002s ]
SQL: SELECT * FROM `sm_auth_rule` WHERE `status` = 1 AND `pid` = 208 ORDER BY `sort`  [ RunTime:0.0004s ]
SQL: SHOW COLUMNS FROM `sm_admin` [ RunTime:0.0076s ]
SQL: SELECT COUNT(*) AS tp_count FROM `sm_admin` LIMIT 1   [ RunTime:0.0002s ]
SQL: SELECT * FROM `sm_admin` ORDER BY `admin_id` LIMIT 0,10   [ RunTime:0.0003s ]
INFO: [ view_parse ] --START--
INFO: [ template_filter ] --START--
INFO: Run Behavior\ContentReplaceBehavior [ RunTime:0.000169s ]
INFO: [ template_filter ] --END-- [ RunTime:0.000212s ]
INFO: Run Behavior\ParseTemplateBehavior [ RunTime:0.083348s ]
INFO: [ view_parse ] --END-- [ RunTime:0.083406s ]
INFO: [ view_filter ] --START--
INFO: Run Behavior\WriteHtmlCacheBehavior [ RunTime:0.000748s ]
INFO: [ view_filter ] --END-- [ RunTime:0.000789s ]
INFO: [ app_end ] --START--
INFO: Run Behavior\ShowPageTraceBehavior [ RunTime:0.000893s ]
INFO: [ app_end ] --END-- [ RunTime:0.000940s ]

[ 2019-08-10T15:38:12+08:00 ] 27.188.254.70 /index.php?m=Rule&c=Rule&a=admin_list
INFO: [ app_init ] --START--
INFO: Run Behavior\BuildLiteBehavior [ RunTime:0.000014s ]
INFO: [ app_init ] --END-- [ RunTime:0.000471s ]
INFO: [ app_begin ] --START--
INFO: Run Behavior\ReadHtmlCacheBehavior [ RunTime:0.000730s ]
INFO: [ app_begin ] --END-- [ RunTime:0.000778s ]
SQL: SHOW COLUMNS FROM `sm_sysconfig` [ RunTime:0.0128s ]
SQL: SELECT * FROM `sm_sysconfig` WHERE `aid` IN ('1','17','7','36','37','38','40','41','42','43','44','')  [ RunTime:0.0004s ]
SQL: SELECT * FROM `sm_sysconfig`  [ RunTime:0.0003s ]
SQL: SHOW COLUMNS FROM `sm_auth_group_access` [ RunTime:0.0078s ]
SQL: SELECT `uid`,`group_id`,`title`,`rules` FROM sm_auth_group_access a INNER JOIN sm_auth_group g on a.group_id=g.id  WHERE ( a.uid='1' and g.status='1' )  [ RunTime:0.0004s ]
SQL: SHOW COLUMNS FROM `sm_auth_rule` [ RunTime:0.0077s ]
SQL: SELECT `condition`,`name` FROM `sm_auth_rule` WHERE `id` IN ('1','6','59','151','178','179','180','27','29','37','108','109','110','111','112','113','114','170','355','356','357','358','359','360','632','362','364','365','366','367','635','636','368','369','370','371','372','373','374','375','376','377','38','115','116','117','118','119','120','169','354','208','209','225','224','226','227','228','229','230','210','231','232','233','234','235','237','238','239','240','211','241','242','243','244','246','247','248','249','378','382','383','384','385','391','504','506','514','421','429','430','431','432','428','433','434','435','436','444','445','446','447','448','449','450','451','452','453','454','455','456','457','458','459','460','461','462','463','464','465','466','467','468','469','470','471','472','473','474','475','476','477','478','479','480','481','482','483','484','485','486','487','488','489','490','491','492','493','494','495','496','497','498','559','562','563','564','565','560','570','571','572','573','561','566','567','568','569','574','575','576','577','578','379','380','388','389','390','392','381','386','518','579','580','582','590','599','598','595','591','614','615','616','617','618','619','592','600','601','602','593','603','604','605','594','606','607','608','393','397','398','399','400','401','402','403','404','405','406','407','408','409','410','411','412','413','414','415','416','417','418','419','420','544','546','547','548','549','550','545','551','552','553','554','555','422','423','424','425','426','427','437','438','439','440','441','499','500','502','503','505','507','508','624','501','509','510','511','512','513','623','515','516','522','596','589','597','523','519','520','521','556','558','524','525','532','526','530','533','527','528','534','535','536','537','538','539','540','541','542','543','609','610','633','634','611','612','613','626','627','628','629','630') AND `type` = 1  [ RunTime:0.0009s ]
SQL: SHOW COLUMNS FROM `sm_auth_rule` [ RunTime:0.0049s ]
SQL: SELECT * FROM `sm_auth_rule` WHERE `name` = 'Rule/Rule/admin_list' AND `status` = 1 ORDER BY `level` desc,`sort` LIMIT 1   [ RunTime:0.0004s ]
SQL: SELECT * FROM `sm_auth_rule` WHERE `id` = 208 LIMIT 1   [ RunTime:0.0002s ]
SQL: SELECT * FROM `sm_auth_rule` WHERE `status` = 1 AND `pid` = 208 ORDER BY `sort`  [ RunTime:0.0003s ]
SQL: SHOW COLUMNS FROM `sm_admin` [ RunTime:0.0072s ]
SQL: SELECT COUNT(*) AS tp_count FROM `sm_admin` LIMIT 1   [ RunTime:0.0002s ]
SQL: SELECT * FROM `sm_admin` ORDER BY `admin_id` LIMIT 0,10   [ RunTime:0.0003s ]
INFO: [ view_parse ] --START--
INFO: [ template_filter ] --START--
INFO: Run Behavior\ContentReplaceBehavior [ RunTime:0.000169s ]
INFO: [ template_filter ] --END-- [ RunTime:0.000215s ]
INFO: Run Behavior\ParseTemplateBehavior [ RunTime:0.081923s ]
INFO: [ view_parse ] --END-- [ RunTime:0.081977s ]
INFO: [ view_filter ] --START--
INFO: Run Behavior\WriteHtmlCacheBehavior [ RunTime:0.000483s ]
INFO: [ view_filter ] --END-- [ RunTime:0.000521s ]
INFO: [ app_end ] --START--
INFO: Run Behavior\ShowPageTraceBehavior [ RunTime:0.000615s ]
INFO: [ app_end ] --END-- [ RunTime:0.000660s ]

[ 2019-08-10T15:38:15+08:00 ] 27.188.254.70 /index.php?m=Rule&c=Rule&a=admin_edit&admin_id=1
INFO: [ app_init ] --START--
INFO: Run Behavior\BuildLiteBehavior [ RunTime:0.000014s ]
INFO: [ app_init ] --END-- [ RunTime:0.000446s ]
INFO: [ app_begin ] --START--
INFO: Run Behavior\ReadHtmlCacheBehavior [ RunTime:0.000702s ]
INFO: [ app_begin ] --END-- [ RunTime:0.000749s ]
SQL: SHOW COLUMNS FROM `sm_sysconfig` [ RunTime:0.0115s ]
SQL: SELECT * FROM `sm_sysconfig` WHERE `aid` IN ('1','17','7','36','37','38','40','41','42','43','44','')  [ RunTime:0.0005s ]
SQL: SELECT * FROM `sm_sysconfig`  [ RunTime:0.0003s ]
SQL: SHOW COLUMNS FROM `sm_auth_group_access` [ RunTime:0.0076s ]
SQL: SELECT `uid`,`group_id`,`title`,`rules` FROM sm_auth_group_access a INNER JOIN sm_auth_group g on a.group_id=g.id  WHERE ( a.uid='1' and g.status='1' )  [ RunTime:0.0004s ]
SQL: SHOW COLUMNS FROM `sm_auth_rule` [ RunTime:0.0072s ]
SQL: SELECT `condition`,`name` FROM `sm_auth_rule` WHERE `id` IN ('1','6','59','151','178','179','180','27','29','37','108','109','110','111','112','113','114','170','355','356','357','358','359','360','632','362','364','365','366','367','635','636','368','369','370','371','372','373','374','375','376','377','38','115','116','117','118','119','120','169','354','208','209','225','224','226','227','228','229','230','210','231','232','233','234','235','237','238','239','240','211','241','242','243','244','246','247','248','249','378','382','383','384','385','391','504','506','514','421','429','430','431','432','428','433','434','435','436','444','445','446','447','448','449','450','451','452','453','454','455','456','457','458','459','460','461','462','463','464','465','466','467','468','469','470','471','472','473','474','475','476','477','478','479','480','481','482','483','484','485','486','487','488','489','490','491','492','493','494','495','496','497','498','559','562','563','564','565','560','570','571','572','573','561','566','567','568','569','574','575','576','577','578','379','380','388','389','390','392','381','386','518','579','580','582','590','599','598','595','591','614','615','616','617','618','619','592','600','601','602','593','603','604','605','594','606','607','608','393','397','398','399','400','401','402','403','404','405','406','407','408','409','410','411','412','413','414','415','416','417','418','419','420','544','546','547','548','549','550','545','551','552','553','554','555','422','423','424','425','426','427','437','438','439','440','441','499','500','502','503','505','507','508','624','501','509','510','511','512','513','623','515','516','522','596','589','597','523','519','520','521','556','558','524','525','532','526','530','533','527','528','534','535','536','537','538','539','540','541','542','543','609','610','633','634','611','612','613','626','627','628','629','630') AND `type` = 1  [ RunTime:0.0010s ]
SQL: SHOW COLUMNS FROM `sm_auth_rule` [ RunTime:0.0049s ]
SQL: SELECT * FROM `sm_auth_rule` WHERE `name` = 'Rule/Rule/admin_edit' AND `status` = 1 ORDER BY `level` desc,`sort` LIMIT 1   [ RunTime:0.0004s ]
SQL: SELECT * FROM `sm_auth_rule` WHERE `status` = 0 AND `name` = 'Rule/Rule/admin_edit' ORDER BY `level` desc,`sort` LIMIT 1   [ RunTime:0.0003s ]
SQL: SELECT * FROM `sm_auth_rule` WHERE `id` = 209 LIMIT 1   [ RunTime:0.0002s ]
SQL: SELECT * FROM `sm_auth_rule` WHERE `name` = 'Rule/Rule/admin_list' AND `status` = 1 ORDER BY `level` desc,`sort` LIMIT 1   [ RunTime:0.0003s ]
SQL: SELECT * FROM `sm_auth_rule` WHERE `id` = 208 LIMIT 1   [ RunTime:0.0002s ]
SQL: SELECT * FROM `sm_auth_rule` WHERE `status` = 1 AND `pid` = 208 ORDER BY `sort`  [ RunTime:0.0003s ]
SQL: SHOW COLUMNS FROM `sm_auth_group` [ RunTime:0.0046s ]
SQL: SELECT * FROM `sm_auth_group`  [ RunTime:0.0003s ]
SQL: SHOW COLUMNS FROM `sm_admin` [ RunTime:0.0084s ]
SQL: SELECT * FROM `sm_admin` WHERE `admin_id` = 1 LIMIT 1   [ RunTime:0.0003s ]
SQL: SHOW COLUMNS FROM `sm_auth_group_access` [ RunTime:0.0098s ]
SQL: SELECT `group_id` FROM `sm_auth_group_access` WHERE `uid` = 1 LIMIT 1   [ RunTime:0.0002s ]
INFO: [ view_parse ] --START--
INFO: [ template_filter ] --START--
INFO: Run Behavior\ContentReplaceBehavior [ RunTime:0.000135s ]
INFO: [ template_filter ] --END-- [ RunTime:0.000176s ]
INFO: Run Behavior\ParseTemplateBehavior [ RunTime:0.083691s ]
INFO: [ view_parse ] --END-- [ RunTime:0.083751s ]
INFO: [ view_filter ] --START--
INFO: Run Behavior\WriteHtmlCacheBehavior [ RunTime:0.000457s ]
INFO: [ view_filter ] --END-- [ RunTime:0.000500s ]
INFO: [ app_end ] --START--
INFO: Run Behavior\ShowPageTraceBehavior [ RunTime:0.000625s ]
INFO: [ app_end ] --END-- [ RunTime:0.000670s ]

[ 2019-08-10T15:38:43+08:00 ] 27.188.254.70 /index.php?m=Rule&c=Rule&a=admin_runedit
INFO: [ app_init ] --START--
INFO: Run Behavior\BuildLiteBehavior [ RunTime:0.000017s ]
INFO: [ app_init ] --END-- [ RunTime:0.000488s ]
INFO: [ app_begin ] --START--
INFO: Run Behavior\ReadHtmlCacheBehavior [ RunTime:0.000757s ]
INFO: [ app_begin ] --END-- [ RunTime:0.000807s ]
SQL: SHOW COLUMNS FROM `sm_sysconfig` [ RunTime:0.0128s ]
SQL: SELECT * FROM `sm_sysconfig` WHERE `aid` IN ('1','17','7','36','37','38','40','41','42','43','44','')  [ RunTime:0.0004s ]
SQL: SELECT * FROM `sm_sysconfig`  [ RunTime:0.0003s ]
SQL: SHOW COLUMNS FROM `sm_auth_group_access` [ RunTime:0.0081s ]
SQL: SELECT `uid`,`group_id`,`title`,`rules` FROM sm_auth_group_access a INNER JOIN sm_auth_group g on a.group_id=g.id  WHERE ( a.uid='1' and g.status='1' )  [ RunTime:0.0004s ]
SQL: SHOW COLUMNS FROM `sm_auth_rule` [ RunTime:0.0077s ]
SQL: SELECT `condition`,`name` FROM `sm_auth_rule` WHERE `id` IN ('1','6','59','151','178','179','180','27','29','37','108','109','110','111','112','113','114','170','355','356','357','358','359','360','632','362','364','365','366','367','635','636','368','369','370','371','372','373','374','375','376','377','38','115','116','117','118','119','120','169','354','208','209','225','224','226','227','228','229','230','210','231','232','233','234','235','237','238','239','240','211','241','242','243','244','246','247','248','249','378','382','383','384','385','391','504','506','514','421','429','430','431','432','428','433','434','435','436','444','445','446','447','448','449','450','451','452','453','454','455','456','457','458','459','460','461','462','463','464','465','466','467','468','469','470','471','472','473','474','475','476','477','478','479','480','481','482','483','484','485','486','487','488','489','490','491','492','493','494','495','496','497','498','559','562','563','564','565','560','570','571','572','573','561','566','567','568','569','574','575','576','577','578','379','380','388','389','390','392','381','386','518','579','580','582','590','599','598','595','591','614','615','616','617','618','619','592','600','601','602','593','603','604','605','594','606','607','608','393','397','398','399','400','401','402','403','404','405','406','407','408','409','410','411','412','413','414','415','416','417','418','419','420','544','546','547','548','549','550','545','551','552','553','554','555','422','423','424','425','426','427','437','438','439','440','441','499','500','502','503','505','507','508','624','501','509','510','511','512','513','623','515','516','522','596','589','597','523','519','520','521','556','558','524','525','532','526','530','533','527','528','534','535','536','537','538','539','540','541','542','543','609','610','633','634','611','612','613','626','627','628','629','630') AND `type` = 1  [ RunTime:0.0009s ]
SQL: SHOW COLUMNS FROM `sm_auth_rule` [ RunTime:0.0048s ]
SQL: SELECT * FROM `sm_auth_rule` WHERE `name` = 'Rule/Rule/admin_runedit' AND `status` = 1 ORDER BY `level` desc,`sort` LIMIT 1   [ RunTime:0.0004s ]
SQL: SELECT * FROM `sm_auth_rule` WHERE `status` = 0 AND `name` = 'Rule/Rule/admin_runedit' ORDER BY `level` desc,`sort` LIMIT 1   [ RunTime:0.0003s ]
SQL: SELECT * FROM `sm_auth_rule` WHERE `id` = 209 LIMIT 1   [ RunTime:0.0002s ]
SQL: SELECT * FROM `sm_auth_rule` WHERE `name` = 'Rule/Rule/admin_list' AND `status` = 1 ORDER BY `level` desc,`sort` LIMIT 1   [ RunTime:0.0003s ]
SQL: SELECT * FROM `sm_auth_rule` WHERE `id` = 208 LIMIT 1   [ RunTime:0.0002s ]
SQL: SELECT * FROM `sm_auth_rule` WHERE `status` = 1 AND `pid` = 208 ORDER BY `sort`  [ RunTime:0.0003s ]
SQL: SHOW COLUMNS FROM `sm_admin` [ RunTime:0.0076s ]
SQL: UPDATE `sm_admin` SET `admin_pwd_salt`='kQowMNjiCI',`admin_pwd`='0e79e116573d9d04886e2775a6b7faa7',`admin_changepwd`='1565422723',`admin_email`='machaokl@qq.com',`admin_tel`='18931099150',`admin_realname`='',`admin_open`='1' WHERE `admin_id` = 1 [ RunTime:0.0004s ]
SQL: SHOW COLUMNS FROM `sm_auth_group_access` [ RunTime:0.0048s ]
SQL: SELECT * FROM `sm_auth_group_access` WHERE `uid` = 1 LIMIT 1   [ RunTime:0.0002s ]
NOTIC: [2] Illegal offset type in isset or empty D:\xampp\htdocs\ThinkPHP\Library\Think\Model.class.php 第 473 行.
SQL: UPDATE `sm_auth_group_access` SET `group_id`='1' WHERE `uid` = 1 [ RunTime:0.0002s ]

[ 2019-08-10T15:38:45+08:00 ] 27.188.254.70 /index.php?m=Rule&c=Rule&a=admin_list
INFO: [ app_init ] --START--
INFO: Run Behavior\BuildLiteBehavior [ RunTime:0.000014s ]
INFO: [ app_init ] --END-- [ RunTime:0.000464s ]
INFO: [ app_begin ] --START--
INFO: Run Behavior\ReadHtmlCacheBehavior [ RunTime:0.000720s ]
INFO: [ app_begin ] --END-- [ RunTime:0.000768s ]
SQL: SHOW COLUMNS FROM `sm_sysconfig` [ RunTime:0.0125s ]
SQL: SELECT * FROM `sm_sysconfig` WHERE `aid` IN ('1','17','7','36','37','38','40','41','42','43','44','')  [ RunTime:0.0004s ]
SQL: SELECT * FROM `sm_sysconfig`  [ RunTime:0.0003s ]
SQL: SHOW COLUMNS FROM `sm_auth_group_access` [ RunTime:0.0076s ]
SQL: SELECT `uid`,`group_id`,`title`,`rules` FROM sm_auth_group_access a INNER JOIN sm_auth_group g on a.group_id=g.id  WHERE ( a.uid='1' and g.status='1' )  [ RunTime:0.0004s ]
SQL: SHOW COLUMNS FROM `sm_auth_rule` [ RunTime:0.0090s ]
SQL: SELECT `condition`,`name` FROM `sm_auth_rule` WHERE `id` IN ('1','6','59','151','178','179','180','27','29','37','108','109','110','111','112','113','114','170','355','356','357','358','359','360','632','362','364','365','366','367','635','636','368','369','370','371','372','373','374','375','376','377','38','115','116','117','118','119','120','169','354','208','209','225','224','226','227','228','229','230','210','231','232','233','234','235','237','238','239','240','211','241','242','243','244','246','247','248','249','378','382','383','384','385','391','504','506','514','421','429','430','431','432','428','433','434','435','436','444','445','446','447','448','449','450','451','452','453','454','455','456','457','458','459','460','461','462','463','464','465','466','467','468','469','470','471','472','473','474','475','476','477','478','479','480','481','482','483','484','485','486','487','488','489','490','491','492','493','494','495','496','497','498','559','562','563','564','565','560','570','571','572','573','561','566','567','568','569','574','575','576','577','578','379','380','388','389','390','392','381','386','518','579','580','582','590','599','598','595','591','614','615','616','617','618','619','592','600','601','602','593','603','604','605','594','606','607','608','393','397','398','399','400','401','402','403','404','405','406','407','408','409','410','411','412','413','414','415','416','417','418','419','420','544','546','547','548','549','550','545','551','552','553','554','555','422','423','424','425','426','427','437','438','439','440','441','499','500','502','503','505','507','508','624','501','509','510','511','512','513','623','515','516','522','596','589','597','523','519','520','521','556','558','524','525','532','526','530','533','527','528','534','535','536','537','538','539','540','541','542','543','609','610','633','634','611','612','613','626','627','628','629','630') AND `type` = 1  [ RunTime:0.0009s ]
SQL: SHOW COLUMNS FROM `sm_auth_rule` [ RunTime:0.0103s ]
SQL: SELECT * FROM `sm_auth_rule` WHERE `name` = 'Rule/Rule/admin_list' AND `status` = 1 ORDER BY `level` desc,`sort` LIMIT 1   [ RunTime:0.0004s ]
SQL: SELECT * FROM `sm_auth_rule` WHERE `id` = 208 LIMIT 1   [ RunTime:0.0002s ]
SQL: SELECT * FROM `sm_auth_rule` WHERE `status` = 1 AND `pid` = 208 ORDER BY `sort`  [ RunTime:0.0003s ]
SQL: SHOW COLUMNS FROM `sm_admin` [ RunTime:0.0074s ]
SQL: SELECT COUNT(*) AS tp_count FROM `sm_admin` LIMIT 1   [ RunTime:0.0002s ]
SQL: SELECT * FROM `sm_admin` ORDER BY `admin_id` LIMIT 0,10   [ RunTime:0.0003s ]
INFO: [ view_parse ] --START--
INFO: [ template_filter ] --START--
INFO: Run Behavior\ContentReplaceBehavior [ RunTime:0.000164s ]
INFO: [ template_filter ] --END-- [ RunTime:0.000204s ]
INFO: Run Behavior\ParseTemplateBehavior [ RunTime:0.080347s ]
INFO: [ view_parse ] --END-- [ RunTime:0.080403s ]
INFO: [ view_filter ] --START--
INFO: Run Behavior\WriteHtmlCacheBehavior [ RunTime:0.000490s ]
INFO: [ view_filter ] --END-- [ RunTime:0.000532s ]
INFO: [ app_end ] --START--
INFO: Run Behavior\ShowPageTraceBehavior [ RunTime:0.000620s ]
INFO: [ app_end ] --END-- [ RunTime:0.000666s ]

