[ 2019-08-02T11:21:09+08:00 ] 140.207.54.78 /orderb.php
INFO: [ app_init ] --START--
INFO: Run Behavior\BuildLiteBehavior [ RunTime:0.000013s ]
INFO: [ app_init ] --END-- [ RunTime:0.000455s ]
INFO: [ app_begin ] --START--
INFO: Run Behavior\ReadHtmlCacheBehavior [ RunTime:0.000594s ]
INFO: [ app_begin ] --END-- [ RunTime:0.000643s ]
SQL: SHOW COLUMNS FROM `sm_orders` [ RunTime:0.0126s ]
SQL: SELECT * FROM `sm_orders` WHERE `order_no` = '157320190802112101' LIMIT 1   [ RunTime:0.0569s ]
SQL: SHOW COLUMNS FROM `sm_stall` [ RunTime:0.0097s ]
SQL: SELECT `automatic` FROM `sm_stall` WHERE `stall_id` = '31' LIMIT 1   [ RunTime:0.0004s ]
SQL: UPDATE `sm_orders` SET `trade_no`='4200000348201908020265677507',`payment_time`='1564716069',`order_status`='2' WHERE `order_no` = '157320190802112101' [ RunTime:0.0310s ]
SQL: SHOW COLUMNS FROM `sm_stall_music` [ RunTime:0.0101s ]
SQL: SELECT `music` FROM `sm_stall_music` WHERE `stall_id` = '31' AND `music_type` = 1 LIMIT 1   [ RunTime:0.0004s ]

[ 2019-08-02T11:21:25+08:00 ] 140.207.54.78 /orderb.php
INFO: [ app_init ] --START--
INFO: Run Behavior\BuildLiteBehavior [ RunTime:0.000014s ]
INFO: [ app_init ] --END-- [ RunTime:0.000491s ]
INFO: [ app_begin ] --START--
INFO: Run Behavior\ReadHtmlCacheBehavior [ RunTime:0.000728s ]
INFO: [ app_begin ] --END-- [ RunTime:0.000802s ]
SQL: SHOW COLUMNS FROM `sm_orders` [ RunTime:0.0134s ]
SQL: SELECT * FROM `sm_orders` WHERE `order_no` = '157320190802112101' LIMIT 1   [ RunTime:0.0199s ]
INFO: [ app_end ] --START--
INFO: Run Behavior\ShowPageTraceBehavior [ RunTime:0.001084s ]
INFO: [ app_end ] --END-- [ RunTime:0.001149s ]

[ 2019-08-02T19:55:34+08:00 ] 140.207.54.75 /orderb.php
INFO: [ app_init ] --START--
INFO: Run Behavior\BuildLiteBehavior [ RunTime:0.000013s ]
INFO: [ app_init ] --END-- [ RunTime:0.000560s ]
INFO: [ app_begin ] --START--
INFO: Run Behavior\ReadHtmlCacheBehavior [ RunTime:0.000865s ]
INFO: [ app_begin ] --END-- [ RunTime:0.000921s ]
SQL: SHOW COLUMNS FROM `sm_orders` [ RunTime:0.0145s ]
SQL: SELECT * FROM `sm_orders` WHERE `order_no` = '520020190802195526' LIMIT 1   [ RunTime:0.0561s ]
SQL: SHOW COLUMNS FROM `sm_stall` [ RunTime:0.0101s ]
SQL: SELECT `automatic` FROM `sm_stall` WHERE `stall_id` = '31' LIMIT 1   [ RunTime:0.0004s ]
SQL: SELECT `order_id` FROM `sm_orders` WHERE `order_no` = '520020190802195526' LIMIT 1   [ RunTime:0.0044s ]
SQL: SELECT `deliver_type` FROM `sm_orders` WHERE `order_id` = '8495' LIMIT 1   [ RunTime:0.0002s ]
SQL: UPDATE `sm_orders` SET `order_status`='3',`success_time`='1564746933',`payment_time`='1564746933' WHERE `order_id` = '8495' [ RunTime:0.0068s ]
SQL: SELECT `ma_id` FROM `sm_stall` WHERE `stall_id` = 0 LIMIT 1   [ RunTime:0.0003s ]
SQL: SELECT `member_list_id`,`order_no`,`create_time` FROM `sm_orders` WHERE `order_id` = '8495' LIMIT 1   [ RunTime:0.0003s ]
SQL: SHOW COLUMNS FROM `sm_merchant` [ RunTime:0.0093s ]
SQL: SELECT `appid`,`appsecret`,`take_food_id` FROM `sm_merchant` WHERE `ma_id` = null LIMIT 1   [ RunTime:0.0003s ]
SQL: SHOW COLUMNS FROM `sm_member_list` [ RunTime:0.0098s ]
SQL: SELECT `openid`,`member_name` FROM `sm_member_list` WHERE `member_list_id` = '2196' LIMIT 1   [ RunTime:0.0003s ]
SQL: SHOW COLUMNS FROM `sm_order_goods` [ RunTime:0.0088s ]
SQL: SELECT `meal_code` FROM `sm_order_goods` WHERE `order_id` = '8495' LIMIT 1   [ RunTime:0.0003s ]
NOTIC: [8] Undefined index: access_token D:\xampp\htdocs\app\Common\Common\function.php 第 359 行.
SQL: SHOW COLUMNS FROM `sm_stall_music` [ RunTime:0.0105s ]
SQL: SELECT `music` FROM `sm_stall_music` WHERE `stall_id` = '31' AND `music_type` = 1 LIMIT 1   [ RunTime:0.0004s ]

[ 2019-08-02T19:55:49+08:00 ] 140.207.54.76 /orderb.php
INFO: [ app_init ] --START--
INFO: Run Behavior\BuildLiteBehavior [ RunTime:0.000013s ]
INFO: [ app_init ] --END-- [ RunTime:0.000474s ]
INFO: [ app_begin ] --START--
INFO: Run Behavior\ReadHtmlCacheBehavior [ RunTime:0.000651s ]
INFO: [ app_begin ] --END-- [ RunTime:0.000703s ]
SQL: SHOW COLUMNS FROM `sm_orders` [ RunTime:0.0132s ]
SQL: SELECT * FROM `sm_orders` WHERE `order_no` = '520020190802195526' LIMIT 1   [ RunTime:0.0277s ]
INFO: [ app_end ] --START--
INFO: Run Behavior\ShowPageTraceBehavior [ RunTime:0.000890s ]
INFO: [ app_end ] --END-- [ RunTime:0.000934s ]

[ 2019-08-02T19:59:47+08:00 ] 140.207.54.77 /orderb.php
INFO: [ app_init ] --START--
INFO: Run Behavior\BuildLiteBehavior [ RunTime:0.000014s ]
INFO: [ app_init ] --END-- [ RunTime:0.000470s ]
INFO: [ app_begin ] --START--
INFO: Run Behavior\ReadHtmlCacheBehavior [ RunTime:0.000759s ]
INFO: [ app_begin ] --END-- [ RunTime:0.000817s ]
SQL: SHOW COLUMNS FROM `sm_orders` [ RunTime:0.0188s ]
SQL: SELECT * FROM `sm_orders` WHERE `order_no` = '890620190802195940' LIMIT 1   [ RunTime:0.0661s ]
SQL: SHOW COLUMNS FROM `sm_stall` [ RunTime:0.0109s ]
SQL: SELECT `automatic` FROM `sm_stall` WHERE `stall_id` = '31' LIMIT 1   [ RunTime:0.0004s ]
SQL: UPDATE `sm_orders` SET `trade_no`='4200000342201908023030954824',`payment_time`='1564747187',`order_status`='2' WHERE `order_no` = '890620190802195940' [ RunTime:0.0190s ]
SQL: SHOW COLUMNS FROM `sm_stall_music` [ RunTime:0.0095s ]
SQL: SELECT `music` FROM `sm_stall_music` WHERE `stall_id` = '31' AND `music_type` = 1 LIMIT 1   [ RunTime:0.0003s ]

[ 2019-08-02T20:00:02+08:00 ] 140.207.54.78 /orderb.php
INFO: [ app_init ] --START--
INFO: Run Behavior\BuildLiteBehavior [ RunTime:0.000015s ]
INFO: [ app_init ] --END-- [ RunTime:0.000517s ]
INFO: [ app_begin ] --START--
INFO: Run Behavior\ReadHtmlCacheBehavior [ RunTime:0.000854s ]
INFO: [ app_begin ] --END-- [ RunTime:0.000908s ]
SQL: SHOW COLUMNS FROM `sm_orders` [ RunTime:0.0139s ]
SQL: SELECT * FROM `sm_orders` WHERE `order_no` = '890620190802195940' LIMIT 1   [ RunTime:0.0551s ]
INFO: [ app_end ] --START--
INFO: Run Behavior\ShowPageTraceBehavior [ RunTime:0.001106s ]
INFO: [ app_end ] --END-- [ RunTime:0.001157s ]

[ 2019-08-02T20:06:34+08:00 ] 140.207.54.78 /orderb.php
INFO: [ app_init ] --START--
INFO: Run Behavior\BuildLiteBehavior [ RunTime:0.000015s ]
INFO: [ app_init ] --END-- [ RunTime:0.000482s ]
INFO: [ app_begin ] --START--
INFO: Run Behavior\ReadHtmlCacheBehavior [ RunTime:0.000596s ]
INFO: [ app_begin ] --END-- [ RunTime:0.000647s ]
SQL: SHOW COLUMNS FROM `sm_orders` [ RunTime:0.0143s ]
SQL: SELECT * FROM `sm_orders` WHERE `order_no` = '665020190802200628' LIMIT 1   [ RunTime:0.0415s ]
SQL: SHOW COLUMNS FROM `sm_stall` [ RunTime:0.0095s ]
SQL: SELECT `automatic` FROM `sm_stall` WHERE `stall_id` = '31' LIMIT 1   [ RunTime:0.0004s ]
SQL: UPDATE `sm_orders` SET `trade_no`='4200000349201908023447941974',`payment_time`='1564747594',`order_status`='2' WHERE `order_no` = '665020190802200628' [ RunTime:0.0189s ]
SQL: SHOW COLUMNS FROM `sm_stall_music` [ RunTime:0.0091s ]
SQL: SELECT `music` FROM `sm_stall_music` WHERE `stall_id` = '31' AND `music_type` = 1 LIMIT 1   [ RunTime:0.0004s ]

[ 2019-08-02T20:06:50+08:00 ] 140.207.54.78 /orderb.php
INFO: [ app_init ] --START--
INFO: Run Behavior\BuildLiteBehavior [ RunTime:0.000014s ]
INFO: [ app_init ] --END-- [ RunTime:0.000463s ]
INFO: [ app_begin ] --START--
INFO: Run Behavior\ReadHtmlCacheBehavior [ RunTime:0.000774s ]
INFO: [ app_begin ] --END-- [ RunTime:0.000825s ]
SQL: SHOW COLUMNS FROM `sm_orders` [ RunTime:0.0163s ]
SQL: SELECT * FROM `sm_orders` WHERE `order_no` = '665020190802200628' LIMIT 1   [ RunTime:0.0217s ]
INFO: [ app_end ] --START--
INFO: Run Behavior\ShowPageTraceBehavior [ RunTime:0.000977s ]
INFO: [ app_end ] --END-- [ RunTime:0.001022s ]

[ 2019-08-02T20:09:40+08:00 ] 140.207.54.78 /orderb.php
INFO: [ app_init ] --START--
INFO: Run Behavior\BuildLiteBehavior [ RunTime:0.000017s ]
INFO: [ app_init ] --END-- [ RunTime:0.000591s ]
INFO: [ app_begin ] --START--
INFO: Run Behavior\ReadHtmlCacheBehavior [ RunTime:0.000689s ]
INFO: [ app_begin ] --END-- [ RunTime:0.000743s ]
SQL: SHOW COLUMNS FROM `sm_orders` [ RunTime:0.0148s ]
SQL: SELECT * FROM `sm_orders` WHERE `order_no` = '414820190802200932' LIMIT 1   [ RunTime:0.0523s ]
SQL: SHOW COLUMNS FROM `sm_stall` [ RunTime:0.0101s ]
SQL: SELECT `automatic` FROM `sm_stall` WHERE `stall_id` = '31' LIMIT 1   [ RunTime:0.0003s ]
SQL: SELECT `order_id` FROM `sm_orders` WHERE `order_no` = '414820190802200932' LIMIT 1   [ RunTime:0.0044s ]
SQL: SELECT `deliver_type` FROM `sm_orders` WHERE `order_id` = '8499' LIMIT 1   [ RunTime:0.0013s ]
SQL: UPDATE `sm_orders` SET `order_status`='3',`success_time`='1564747779',`payment_time`='1564747779' WHERE `order_id` = '8499' [ RunTime:0.0044s ]
SQL: SELECT `ma_id` FROM `sm_stall` WHERE `stall_id` = 0 LIMIT 1   [ RunTime:0.0003s ]
SQL: SELECT `member_list_id`,`order_no`,`create_time` FROM `sm_orders` WHERE `order_id` = '8499' LIMIT 1   [ RunTime:0.0003s ]
SQL: SHOW COLUMNS FROM `sm_merchant` [ RunTime:0.0090s ]
SQL: SELECT `appid`,`appsecret`,`take_food_id` FROM `sm_merchant` WHERE `ma_id` = null LIMIT 1   [ RunTime:0.0003s ]
SQL: SHOW COLUMNS FROM `sm_member_list` [ RunTime:0.0093s ]
SQL: SELECT `openid`,`member_name` FROM `sm_member_list` WHERE `member_list_id` = '2196' LIMIT 1   [ RunTime:0.0003s ]
SQL: SHOW COLUMNS FROM `sm_order_goods` [ RunTime:0.0092s ]
SQL: SELECT `meal_code` FROM `sm_order_goods` WHERE `order_id` = '8499' LIMIT 1   [ RunTime:0.0004s ]
NOTIC: [8] Undefined index: access_token D:\xampp\htdocs\app\Common\Common\function.php 第 363 行.
SQL: SHOW COLUMNS FROM `sm_stall_music` [ RunTime:0.0106s ]
SQL: SELECT `music` FROM `sm_stall_music` WHERE `stall_id` = '31' AND `music_type` = 1 LIMIT 1   [ RunTime:0.0004s ]

[ 2019-08-02T20:09:55+08:00 ] 140.207.54.77 /orderb.php
INFO: [ app_init ] --START--
INFO: Run Behavior\BuildLiteBehavior [ RunTime:0.000014s ]
INFO: [ app_init ] --END-- [ RunTime:0.000452s ]
INFO: [ app_begin ] --START--
INFO: Run Behavior\ReadHtmlCacheBehavior [ RunTime:0.000590s ]
INFO: [ app_begin ] --END-- [ RunTime:0.000648s ]
SQL: SHOW COLUMNS FROM `sm_orders` [ RunTime:0.0104s ]
SQL: SELECT * FROM `sm_orders` WHERE `order_no` = '414820190802200932' LIMIT 1   [ RunTime:0.0292s ]
INFO: [ app_end ] --START--
INFO: Run Behavior\ShowPageTraceBehavior [ RunTime:0.000983s ]
INFO: [ app_end ] --END-- [ RunTime:0.001039s ]

