[ 2019-09-16T09:32:22+08:00 ] 140.207.54.76 /orderb.php
INFO: [ app_init ] --START--
INFO: Run Behavior\BuildLiteBehavior [ RunTime:0.000013s ]
INFO: [ app_init ] --END-- [ RunTime:0.000315s ]
INFO: [ app_begin ] --START--
INFO: Run Behavior\ReadHtmlCacheBehavior [ RunTime:0.000555s ]
INFO: [ app_begin ] --END-- [ RunTime:0.000607s ]
SQL: SHOW COLUMNS FROM `sm_orders` [ RunTime:0.0114s ]
SQL: SELECT * FROM `sm_orders` WHERE `order_no` = '457020190916093146' LIMIT 1   [ RunTime:0.0395s ]
SQL: SHOW COLUMNS FROM `sm_stall` [ RunTime:0.0090s ]
SQL: SELECT `automatic` FROM `sm_stall` WHERE `stall_id` = '33' LIMIT 1   [ RunTime:0.0003s ]
SQL: UPDATE `sm_orders` SET `trade_no`='4200000409201909168137094372',`payment_time`='1568597542',`order_status`='2' WHERE `order_no` = '457020190916093146' [ RunTime:0.0210s ]
SQL: SHOW COLUMNS FROM `sm_stall_music` [ RunTime:0.0080s ]
SQL: SELECT `music` FROM `sm_stall_music` WHERE `stall_id` = '33' AND `music_type` = 1 LIMIT 1   [ RunTime:0.0003s ]

[ 2019-09-16T09:32:38+08:00 ] 140.207.54.76 /orderb.php
INFO: [ app_init ] --START--
INFO: Run Behavior\BuildLiteBehavior [ RunTime:0.000014s ]
INFO: [ app_init ] --END-- [ RunTime:0.000384s ]
INFO: [ app_begin ] --START--
INFO: Run Behavior\ReadHtmlCacheBehavior [ RunTime:0.000511s ]
INFO: [ app_begin ] --END-- [ RunTime:0.000559s ]
SQL: SHOW COLUMNS FROM `sm_orders` [ RunTime:0.0127s ]
SQL: SELECT * FROM `sm_orders` WHERE `order_no` = '457020190916093146' LIMIT 1   [ RunTime:0.0260s ]
INFO: [ app_end ] --START--
INFO: Run Behavior\ShowPageTraceBehavior [ RunTime:0.000699s ]
INFO: [ app_end ] --END-- [ RunTime:0.000745s ]

[ 2019-09-16T09:40:24+08:00 ] 140.207.54.74 /orderb.php
INFO: [ app_init ] --START--
INFO: Run Behavior\BuildLiteBehavior [ RunTime:0.000012s ]
INFO: [ app_init ] --END-- [ RunTime:0.000317s ]
INFO: [ app_begin ] --START--
INFO: Run Behavior\ReadHtmlCacheBehavior [ RunTime:0.000604s ]
INFO: [ app_begin ] --END-- [ RunTime:0.000660s ]
SQL: SHOW COLUMNS FROM `sm_orders` [ RunTime:0.0120s ]
SQL: SELECT * FROM `sm_orders` WHERE `order_no` = '348420190916093940' LIMIT 1   [ RunTime:0.0589s ]
SQL: SHOW COLUMNS FROM `sm_stall` [ RunTime:0.0093s ]
SQL: SELECT `automatic` FROM `sm_stall` WHERE `stall_id` = '33' LIMIT 1   [ RunTime:0.0003s ]
SQL: UPDATE `sm_orders` SET `trade_no`='4200000416201909164385508320',`payment_time`='1568598024',`order_status`='2' WHERE `order_no` = '348420190916093940' [ RunTime:0.0218s ]
SQL: SHOW COLUMNS FROM `sm_stall_music` [ RunTime:0.0085s ]
SQL: SELECT `music` FROM `sm_stall_music` WHERE `stall_id` = '33' AND `music_type` = 1 LIMIT 1   [ RunTime:0.0003s ]

[ 2019-09-16T09:40:40+08:00 ] 140.207.54.74 /orderb.php
INFO: [ app_init ] --START--
INFO: Run Behavior\BuildLiteBehavior [ RunTime:0.000013s ]
INFO: [ app_init ] --END-- [ RunTime:0.000308s ]
INFO: [ app_begin ] --START--
INFO: Run Behavior\ReadHtmlCacheBehavior [ RunTime:0.000463s ]
INFO: [ app_begin ] --END-- [ RunTime:0.000514s ]
SQL: SHOW COLUMNS FROM `sm_orders` [ RunTime:0.0114s ]
SQL: SELECT * FROM `sm_orders` WHERE `order_no` = '348420190916093940' LIMIT 1   [ RunTime:0.0246s ]
INFO: [ app_end ] --START--
INFO: Run Behavior\ShowPageTraceBehavior [ RunTime:0.000587s ]
INFO: [ app_end ] --END-- [ RunTime:0.000632s ]

