[ 2019-08-21T12:00:43+08:00 ] 140.207.54.77 /orderb.php
INFO: [ app_init ] --START--
INFO: Run Behavior\BuildLiteBehavior [ RunTime:0.000014s ]
INFO: [ app_init ] --END-- [ RunTime:0.000312s ]
INFO: [ app_begin ] --START--
INFO: Run Behavior\ReadHtmlCacheBehavior [ RunTime:0.000556s ]
INFO: [ app_begin ] --END-- [ RunTime:0.000603s ]
SQL: SHOW COLUMNS FROM `sm_orders` [ RunTime:0.0121s ]
SQL: SELECT * FROM `sm_orders` WHERE `order_no` = '884520190821120035' LIMIT 1   [ RunTime:0.0619s ]
SQL: SHOW COLUMNS FROM `sm_stall` [ RunTime:0.0088s ]
SQL: SELECT `automatic` FROM `sm_stall` WHERE `stall_id` = '31' LIMIT 1   [ RunTime:0.0003s ]
SQL: SELECT `order_id` FROM `sm_orders` WHERE `order_no` = '884520190821120035' LIMIT 1   [ RunTime:0.0043s ]
SQL: SELECT `deliver_type` FROM `sm_orders` WHERE `order_id` = '8533' LIMIT 1   [ RunTime:0.0002s ]
SQL: UPDATE `sm_orders` SET `order_status`='3',`success_time`='1566360043',`payment_time`='1566360043' WHERE `order_id` = '8533' [ RunTime:0.0253s ]
SQL: SELECT `ma_id` FROM `sm_stall` WHERE `stall_id` = 0 LIMIT 1   [ RunTime:0.0002s ]
SQL: SELECT `member_list_id`,`order_no`,`create_time` FROM `sm_orders` WHERE `order_id` = '8533' LIMIT 1   [ RunTime:0.0002s ]
SQL: SHOW COLUMNS FROM `sm_merchant` [ RunTime:0.0086s ]
SQL: SELECT `appid`,`appsecret`,`take_food_id` FROM `sm_merchant` WHERE `ma_id` = null LIMIT 1   [ RunTime:0.0003s ]
SQL: SHOW COLUMNS FROM `sm_member_list` [ RunTime:0.0077s ]
SQL: SELECT `openid`,`member_name` FROM `sm_member_list` WHERE `member_list_id` = '2193' LIMIT 1   [ RunTime:0.0002s ]
SQL: SHOW COLUMNS FROM `sm_order_goods` [ RunTime:0.0070s ]
SQL: SELECT `meal_code` FROM `sm_order_goods` WHERE `order_id` = '8533' LIMIT 1   [ RunTime:0.0002s ]
NOTIC: [8] Undefined index: access_token D:\xampp\htdocs\app\Common\Common\function.php 第 359 行.
SQL: SHOW COLUMNS FROM `sm_stall_music` [ RunTime:0.0095s ]
SQL: SELECT `music` FROM `sm_stall_music` WHERE `stall_id` = '31' AND `music_type` = 1 LIMIT 1   [ RunTime:0.0003s ]

[ 2019-08-21T12:00:59+08:00 ] 140.207.54.75 /orderb.php
INFO: [ app_init ] --START--
INFO: Run Behavior\BuildLiteBehavior [ RunTime:0.000013s ]
INFO: [ app_init ] --END-- [ RunTime:0.000316s ]
INFO: [ app_begin ] --START--
INFO: Run Behavior\ReadHtmlCacheBehavior [ RunTime:0.000565s ]
INFO: [ app_begin ] --END-- [ RunTime:0.000614s ]
SQL: SHOW COLUMNS FROM `sm_orders` [ RunTime:0.0120s ]
SQL: SELECT * FROM `sm_orders` WHERE `order_no` = '884520190821120035' LIMIT 1   [ RunTime:0.0345s ]
INFO: [ app_end ] --START--
INFO: Run Behavior\ShowPageTraceBehavior [ RunTime:0.000784s ]
INFO: [ app_end ] --END-- [ RunTime:0.000837s ]

