[ 2019-07-20T09:15:46+08:00 ] 101.226.103.60 /orderb.php
INFO: [ app_init ] --START--
INFO: Run Behavior\BuildLiteBehavior [ RunTime:0.000023s ]
INFO: [ app_init ] --END-- [ RunTime:0.000459s ]
INFO: [ app_begin ] --START--
INFO: Run Behavior\ReadHtmlCacheBehavior [ RunTime:0.000713s ]
INFO: [ app_begin ] --END-- [ RunTime:0.000764s ]
SQL: SHOW COLUMNS FROM `sm_orders` [ RunTime:0.0124s ]
SQL: SELECT * FROM `sm_orders` WHERE `order_no` = '931020190720091541' LIMIT 1   [ RunTime:0.0491s ]
SQL: SHOW COLUMNS FROM `sm_stall` [ RunTime:0.0097s ]
SQL: SELECT `automatic` FROM `sm_stall` WHERE `stall_id` = '31' LIMIT 1   [ RunTime:0.0003s ]
SQL: UPDATE `sm_orders` SET `trade_no`='4200000349201907203456771483',`payment_time`='1563585346',`order_status`='2' WHERE `order_no` = '931020190720091541' [ RunTime:0.0186s ]
SQL: UPDATE `sm_orders` SET `trade_no`='4200000349201907203456771483',`payment_time`='1563585346',`order_status`='2' WHERE `order_no` = '931020190720091541' [ RunTime:0.0160s ]
SQL: SHOW COLUMNS FROM `sm_stall_music` [ RunTime:0.0096s ]
SQL: SELECT `music` FROM `sm_stall_music` WHERE `stall_id` = '31' AND `music_type` = 1 LIMIT 1   [ RunTime:0.0003s ]

[ 2019-07-20T09:16:02+08:00 ] 101.226.103.71 /orderb.php
INFO: [ app_init ] --START--
INFO: Run Behavior\BuildLiteBehavior [ RunTime:0.000014s ]
INFO: [ app_init ] --END-- [ RunTime:0.000447s ]
INFO: [ app_begin ] --START--
INFO: Run Behavior\ReadHtmlCacheBehavior [ RunTime:0.000705s ]
INFO: [ app_begin ] --END-- [ RunTime:0.000755s ]
SQL: SHOW COLUMNS FROM `sm_orders` [ RunTime:0.0126s ]
SQL: SELECT * FROM `sm_orders` WHERE `order_no` = '931020190720091541' LIMIT 1   [ RunTime:0.0523s ]
INFO: [ app_end ] --START--
INFO: Run Behavior\ShowPageTraceBehavior [ RunTime:0.001081s ]
INFO: [ app_end ] --END-- [ RunTime:0.001133s ]

[ 2019-07-20T09:35:15+08:00 ] 140.207.54.77 /orderb.php
INFO: [ app_init ] --START--
INFO: Run Behavior\BuildLiteBehavior [ RunTime:0.000014s ]
INFO: [ app_init ] --END-- [ RunTime:0.000457s ]
INFO: [ app_begin ] --START--
INFO: Run Behavior\ReadHtmlCacheBehavior [ RunTime:0.000704s ]
INFO: [ app_begin ] --END-- [ RunTime:0.000767s ]
SQL: SHOW COLUMNS FROM `sm_orders` [ RunTime:0.0122s ]
SQL: SELECT * FROM `sm_orders` WHERE `order_no` = '352020190720093511' LIMIT 1   [ RunTime:0.0543s ]
SQL: SHOW COLUMNS FROM `sm_stall` [ RunTime:0.0101s ]
SQL: SELECT `automatic` FROM `sm_stall` WHERE `stall_id` = '31' LIMIT 1   [ RunTime:0.0004s ]
SQL: UPDATE `sm_orders` SET `trade_no`='4200000342201907208715694017',`payment_time`='1563586515',`order_status`='2' WHERE `order_no` = '352020190720093511' [ RunTime:0.0354s ]
SQL: UPDATE `sm_orders` SET `trade_no`='4200000342201907208715694017',`payment_time`='1563586515',`order_status`='2' WHERE `order_no` = '352020190720093511' [ RunTime:0.0160s ]
SQL: SHOW COLUMNS FROM `sm_stall_music` [ RunTime:0.0092s ]
SQL: SELECT `music` FROM `sm_stall_music` WHERE `stall_id` = '31' AND `music_type` = 1 LIMIT 1   [ RunTime:0.0003s ]

[ 2019-07-20T09:35:31+08:00 ] 140.207.54.78 /orderb.php
INFO: [ app_init ] --START--
INFO: Run Behavior\BuildLiteBehavior [ RunTime:0.000028s ]
INFO: [ app_init ] --END-- [ RunTime:0.000620s ]
INFO: [ app_begin ] --START--
INFO: Run Behavior\ReadHtmlCacheBehavior [ RunTime:0.003385s ]
INFO: [ app_begin ] --END-- [ RunTime:0.003544s ]
SQL: SHOW COLUMNS FROM `sm_orders` [ RunTime:0.0145s ]
SQL: SELECT * FROM `sm_orders` WHERE `order_no` = '352020190720093511' LIMIT 1   [ RunTime:0.0448s ]
INFO: [ app_end ] --START--
INFO: Run Behavior\ShowPageTraceBehavior [ RunTime:0.001630s ]
INFO: [ app_end ] --END-- [ RunTime:0.001705s ]

[ 2019-07-20T09:37:36+08:00 ] 140.207.54.77 /orderb.php
INFO: [ app_init ] --START--
INFO: Run Behavior\BuildLiteBehavior [ RunTime:0.000013s ]
INFO: [ app_init ] --END-- [ RunTime:0.000444s ]
INFO: [ app_begin ] --START--
INFO: Run Behavior\ReadHtmlCacheBehavior [ RunTime:0.000702s ]
INFO: [ app_begin ] --END-- [ RunTime:0.000750s ]
SQL: SHOW COLUMNS FROM `sm_orders` [ RunTime:0.0126s ]
SQL: SELECT * FROM `sm_orders` WHERE `order_no` = '472220190720093328' LIMIT 1   [ RunTime:0.0172s ]
INFO: [ app_end ] --START--
INFO: Run Behavior\ShowPageTraceBehavior [ RunTime:0.001082s ]
INFO: [ app_end ] --END-- [ RunTime:0.001131s ]

[ 2019-07-20T09:42:09+08:00 ] 140.207.54.77 /orderb.php
INFO: [ app_init ] --START--
INFO: Run Behavior\BuildLiteBehavior [ RunTime:0.000013s ]
INFO: [ app_init ] --END-- [ RunTime:0.000443s ]
INFO: [ app_begin ] --START--
INFO: Run Behavior\ReadHtmlCacheBehavior [ RunTime:0.000727s ]
INFO: [ app_begin ] --END-- [ RunTime:0.000781s ]
SQL: SHOW COLUMNS FROM `sm_orders` [ RunTime:0.0120s ]
SQL: SELECT * FROM `sm_orders` WHERE `order_no` = '360120190720092801' LIMIT 1   [ RunTime:0.0302s ]
SQL: SHOW COLUMNS FROM `sm_stall` [ RunTime:0.0092s ]
SQL: SELECT `automatic` FROM `sm_stall` WHERE `stall_id` = '31' LIMIT 1   [ RunTime:0.0003s ]
SQL: UPDATE `sm_orders` SET `trade_no`='4200000351201907206610417648',`payment_time`='1563586929',`order_status`='2' WHERE `order_no` = '360120190720092801' [ RunTime:0.0210s ]
SQL: UPDATE `sm_orders` SET `trade_no`='4200000351201907206610417648',`payment_time`='1563586929',`order_status`='2' WHERE `order_no` = '360120190720092801' [ RunTime:0.0160s ]
SQL: SHOW COLUMNS FROM `sm_stall_music` [ RunTime:0.0100s ]
SQL: SELECT `music` FROM `sm_stall_music` WHERE `stall_id` = '31' AND `music_type` = 1 LIMIT 1   [ RunTime:0.0003s ]

[ 2019-07-20T09:48:14+08:00 ] 140.207.54.77 /orderb.php
INFO: [ app_init ] --START--
INFO: Run Behavior\BuildLiteBehavior [ RunTime:0.000015s ]
INFO: [ app_init ] --END-- [ RunTime:0.000512s ]
INFO: [ app_begin ] --START--
INFO: Run Behavior\ReadHtmlCacheBehavior [ RunTime:0.000852s ]
INFO: [ app_begin ] --END-- [ RunTime:0.000906s ]
SQL: SHOW COLUMNS FROM `sm_orders` [ RunTime:0.0133s ]
SQL: SELECT * FROM `sm_orders` WHERE `order_no` = '735820190720094806' LIMIT 1   [ RunTime:0.0575s ]
SQL: SHOW COLUMNS FROM `sm_stall` [ RunTime:0.0097s ]
SQL: SELECT `automatic` FROM `sm_stall` WHERE `stall_id` = '31' LIMIT 1   [ RunTime:0.0003s ]
SQL: UPDATE `sm_orders` SET `trade_no`='4200000341201907204484697307',`payment_time`='1563587294',`order_status`='2' WHERE `order_no` = '735820190720094806' [ RunTime:0.0188s ]
SQL: UPDATE `sm_orders` SET `trade_no`='4200000341201907204484697307',`payment_time`='1563587294',`order_status`='2' WHERE `order_no` = '735820190720094806' [ RunTime:0.0163s ]
SQL: SHOW COLUMNS FROM `sm_stall_music` [ RunTime:0.0089s ]
SQL: SELECT `music` FROM `sm_stall_music` WHERE `stall_id` = '31' AND `music_type` = 1 LIMIT 1   [ RunTime:0.0003s ]

[ 2019-07-20T09:48:30+08:00 ] 140.207.54.75 /orderb.php
INFO: [ app_init ] --START--
INFO: Run Behavior\BuildLiteBehavior [ RunTime:0.000015s ]
INFO: [ app_init ] --END-- [ RunTime:0.000558s ]
INFO: [ app_begin ] --START--
INFO: Run Behavior\ReadHtmlCacheBehavior [ RunTime:0.000849s ]
INFO: [ app_begin ] --END-- [ RunTime:0.000909s ]
SQL: SHOW COLUMNS FROM `sm_orders` [ RunTime:0.0134s ]
SQL: SELECT * FROM `sm_orders` WHERE `order_no` = '735820190720094806' LIMIT 1   [ RunTime:0.0407s ]
INFO: [ app_end ] --START--
INFO: Run Behavior\ShowPageTraceBehavior [ RunTime:0.001142s ]
INFO: [ app_end ] --END-- [ RunTime:0.001198s ]

[ 2019-07-20T10:02:11+08:00 ] 140.207.54.78 /orderb.php
INFO: [ app_init ] --START--
INFO: Run Behavior\BuildLiteBehavior [ RunTime:0.000015s ]
INFO: [ app_init ] --END-- [ RunTime:0.000530s ]
INFO: [ app_begin ] --START--
INFO: Run Behavior\ReadHtmlCacheBehavior [ RunTime:0.000575s ]
INFO: [ app_begin ] --END-- [ RunTime:0.000624s ]
SQL: SHOW COLUMNS FROM `sm_orders` [ RunTime:0.0120s ]
SQL: SELECT * FROM `sm_orders` WHERE `order_no` = '360120190720092801' LIMIT 1   [ RunTime:0.0339s ]
INFO: [ app_end ] --START--
INFO: Run Behavior\ShowPageTraceBehavior [ RunTime:0.010189s ]
INFO: [ app_end ] --END-- [ RunTime:0.010248s ]

[ 2019-07-20T10:02:18+08:00 ] 140.207.54.78 /orderb.php
INFO: [ app_init ] --START--
INFO: Run Behavior\BuildLiteBehavior [ RunTime:0.000014s ]
INFO: [ app_init ] --END-- [ RunTime:0.000453s ]
INFO: [ app_begin ] --START--
INFO: Run Behavior\ReadHtmlCacheBehavior [ RunTime:0.000567s ]
INFO: [ app_begin ] --END-- [ RunTime:0.000618s ]
SQL: SHOW COLUMNS FROM `sm_orders` [ RunTime:0.0120s ]
SQL: SELECT * FROM `sm_orders` WHERE `order_no` = '671620190720100213' LIMIT 1   [ RunTime:0.0593s ]
SQL: SHOW COLUMNS FROM `sm_stall` [ RunTime:0.0091s ]
SQL: SELECT `automatic` FROM `sm_stall` WHERE `stall_id` = '31' LIMIT 1   [ RunTime:0.0003s ]
SQL: SELECT `order_id` FROM `sm_orders` WHERE `order_no` = '671620190720100213' LIMIT 1   [ RunTime:0.0041s ]
SQL: SELECT `deliver_type` FROM `sm_orders` WHERE `order_id` = '8244' LIMIT 1   [ RunTime:0.0002s ]
SQL: UPDATE `sm_orders` SET `order_status`='3',`success_time`='1563588137',`payment_time`='1563588137' WHERE `order_id` = '8244' [ RunTime:0.0035s ]
SQL: SELECT `ma_id` FROM `sm_stall` WHERE `stall_id` = 0 LIMIT 1   [ RunTime:0.0002s ]
SQL: SELECT `member_list_id`,`order_no`,`create_time` FROM `sm_orders` WHERE `order_id` = '8244' LIMIT 1   [ RunTime:0.0002s ]
SQL: SHOW COLUMNS FROM `sm_merchant` [ RunTime:0.0089s ]
SQL: SELECT `appid`,`appsecret`,`take_food_id` FROM `sm_merchant` WHERE `ma_id` = null LIMIT 1   [ RunTime:0.0003s ]
SQL: SHOW COLUMNS FROM `sm_member_list` [ RunTime:0.0079s ]
SQL: SELECT `openid`,`member_name` FROM `sm_member_list` WHERE `member_list_id` = '2191' LIMIT 1   [ RunTime:0.0003s ]
SQL: SHOW COLUMNS FROM `sm_order_goods` [ RunTime:0.0075s ]
SQL: SELECT `meal_code` FROM `sm_order_goods` WHERE `order_id` = '8244' LIMIT 1   [ RunTime:0.0003s ]
NOTIC: [8] Undefined index: access_token D:\xampp\htdocs\app\Common\Common\function.php 第 359 行.
SQL: UPDATE `sm_orders` SET `trade_no`='4200000345201907201372862208',`payment_time`='1563588137' WHERE `order_no` = '671620190720100213' [ RunTime:0.0209s ]
SQL: SHOW COLUMNS FROM `sm_stall_music` [ RunTime:0.0133s ]
SQL: SELECT `music` FROM `sm_stall_music` WHERE `stall_id` = '31' AND `music_type` = 1 LIMIT 1   [ RunTime:0.0004s ]

[ 2019-07-20T10:02:33+08:00 ] 140.207.54.75 /orderb.php
INFO: [ app_init ] --START--
INFO: Run Behavior\BuildLiteBehavior [ RunTime:0.000014s ]
INFO: [ app_init ] --END-- [ RunTime:0.000469s ]
INFO: [ app_begin ] --START--
INFO: Run Behavior\ReadHtmlCacheBehavior [ RunTime:0.000576s ]
INFO: [ app_begin ] --END-- [ RunTime:0.000627s ]
SQL: SHOW COLUMNS FROM `sm_orders` [ RunTime:0.0116s ]
SQL: SELECT * FROM `sm_orders` WHERE `order_no` = '671620190720100213' LIMIT 1   [ RunTime:0.0233s ]
INFO: [ app_end ] --START--
INFO: Run Behavior\ShowPageTraceBehavior [ RunTime:0.000951s ]
INFO: [ app_end ] --END-- [ RunTime:0.000999s ]

[ 2019-07-20T10:29:16+08:00 ] 140.207.54.77 /orderb.php
INFO: [ app_init ] --START--
INFO: Run Behavior\BuildLiteBehavior [ RunTime:0.000014s ]
INFO: [ app_init ] --END-- [ RunTime:0.000514s ]
INFO: [ app_begin ] --START--
INFO: Run Behavior\ReadHtmlCacheBehavior [ RunTime:0.000604s ]
INFO: [ app_begin ] --END-- [ RunTime:0.000657s ]
SQL: SHOW COLUMNS FROM `sm_orders` [ RunTime:0.0123s ]
SQL: SELECT * FROM `sm_orders` WHERE `order_no` = '977720190720102905' LIMIT 1   [ RunTime:0.0884s ]
SQL: SHOW COLUMNS FROM `sm_stall` [ RunTime:0.0101s ]
SQL: SELECT `automatic` FROM `sm_stall` WHERE `stall_id` = '31' LIMIT 1   [ RunTime:0.0003s ]
SQL: UPDATE `sm_orders` SET `trade_no`='4200000352201907204594066447',`payment_time`='1563589755',`order_status`='2' WHERE `order_no` = '977720190720102905' [ RunTime:0.0194s ]
SQL: UPDATE `sm_orders` SET `trade_no`='4200000352201907204594066447',`payment_time`='1563589755',`order_status`='2' WHERE `order_no` = '977720190720102905' [ RunTime:0.0166s ]
SQL: SHOW COLUMNS FROM `sm_stall_music` [ RunTime:0.0265s ]
SQL: SELECT `music` FROM `sm_stall_music` WHERE `stall_id` = '31' AND `music_type` = 1 LIMIT 1   [ RunTime:0.0004s ]

[ 2019-07-20T10:29:32+08:00 ] 140.207.54.78 /orderb.php
INFO: [ app_init ] --START--
INFO: Run Behavior\BuildLiteBehavior [ RunTime:0.000019s ]
INFO: [ app_init ] --END-- [ RunTime:0.000494s ]
INFO: [ app_begin ] --START--
INFO: Run Behavior\ReadHtmlCacheBehavior [ RunTime:0.000743s ]
INFO: [ app_begin ] --END-- [ RunTime:0.000791s ]
SQL: SHOW COLUMNS FROM `sm_orders` [ RunTime:0.0126s ]
SQL: SELECT * FROM `sm_orders` WHERE `order_no` = '977720190720102905' LIMIT 1   [ RunTime:0.0285s ]
INFO: [ app_end ] --START--
INFO: Run Behavior\ShowPageTraceBehavior [ RunTime:0.000887s ]
INFO: [ app_end ] --END-- [ RunTime:0.000954s ]

[ 2019-07-20T10:34:45+08:00 ] 140.207.54.78 /orderb.php
INFO: [ app_init ] --START--
INFO: Run Behavior\BuildLiteBehavior [ RunTime:0.000013s ]
INFO: [ app_init ] --END-- [ RunTime:0.000442s ]
INFO: [ app_begin ] --START--
INFO: Run Behavior\ReadHtmlCacheBehavior [ RunTime:0.000690s ]
INFO: [ app_begin ] --END-- [ RunTime:0.000737s ]
SQL: SHOW COLUMNS FROM `sm_orders` [ RunTime:0.0115s ]
SQL: SELECT * FROM `sm_orders` WHERE `order_no` = '116120190720103438' LIMIT 1   [ RunTime:0.0178s ]
SQL: SHOW COLUMNS FROM `sm_stall` [ RunTime:0.0084s ]
SQL: SELECT `automatic` FROM `sm_stall` WHERE `stall_id` = '31' LIMIT 1   [ RunTime:0.0003s ]
SQL: UPDATE `sm_orders` SET `trade_no`='4200000353201907205306561616',`payment_time`='1563590085',`order_status`='2' WHERE `order_no` = '116120190720103438' [ RunTime:0.0193s ]
SQL: SHOW COLUMNS FROM `sm_stall_music` [ RunTime:0.0080s ]
SQL: SELECT `music` FROM `sm_stall_music` WHERE `stall_id` = '31' AND `music_type` = 1 LIMIT 1   [ RunTime:0.0003s ]

[ 2019-07-20T10:35:00+08:00 ] 140.207.54.76 /orderb.php
INFO: [ app_init ] --START--
INFO: Run Behavior\BuildLiteBehavior [ RunTime:0.000014s ]
INFO: [ app_init ] --END-- [ RunTime:0.000473s ]
INFO: [ app_begin ] --START--
INFO: Run Behavior\ReadHtmlCacheBehavior [ RunTime:0.000575s ]
INFO: [ app_begin ] --END-- [ RunTime:0.000638s ]
SQL: SHOW COLUMNS FROM `sm_orders` [ RunTime:0.0132s ]
SQL: SELECT * FROM `sm_orders` WHERE `order_no` = '116120190720103438' LIMIT 1   [ RunTime:0.0406s ]
INFO: [ app_end ] --START--
INFO: Run Behavior\ShowPageTraceBehavior [ RunTime:0.001014s ]
INFO: [ app_end ] --END-- [ RunTime:0.001066s ]

[ 2019-07-20T10:36:13+08:00 ] 140.207.54.76 /orderb.php
INFO: [ app_init ] --START--
INFO: Run Behavior\BuildLiteBehavior [ RunTime:0.000013s ]
INFO: [ app_init ] --END-- [ RunTime:0.000441s ]
INFO: [ app_begin ] --START--
INFO: Run Behavior\ReadHtmlCacheBehavior [ RunTime:0.000701s ]
INFO: [ app_begin ] --END-- [ RunTime:0.000750s ]
SQL: SHOW COLUMNS FROM `sm_orders` [ RunTime:0.0119s ]
SQL: SELECT * FROM `sm_orders` WHERE `order_no` = '222920190720103609' LIMIT 1   [ RunTime:0.0554s ]
SQL: SHOW COLUMNS FROM `sm_stall` [ RunTime:0.0093s ]
SQL: SELECT `automatic` FROM `sm_stall` WHERE `stall_id` = '31' LIMIT 1   [ RunTime:0.0005s ]
SQL: SELECT `order_id` FROM `sm_orders` WHERE `order_no` = '222920190720103609' LIMIT 1   [ RunTime:0.0039s ]
SQL: SELECT `deliver_type` FROM `sm_orders` WHERE `order_id` = '8256' LIMIT 1   [ RunTime:0.0002s ]
SQL: UPDATE `sm_orders` SET `order_status`='3',`success_time`='1563590173',`payment_time`='1563590173' WHERE `order_id` = '8256' [ RunTime:0.0047s ]
SQL: SELECT `ma_id` FROM `sm_stall` WHERE `stall_id` = 0 LIMIT 1   [ RunTime:0.0002s ]
SQL: SELECT `member_list_id`,`order_no`,`create_time` FROM `sm_orders` WHERE `order_id` = '8256' LIMIT 1   [ RunTime:0.0003s ]
SQL: SHOW COLUMNS FROM `sm_merchant` [ RunTime:0.0087s ]
SQL: SELECT `appid`,`appsecret`,`take_food_id` FROM `sm_merchant` WHERE `ma_id` = null LIMIT 1   [ RunTime:0.0003s ]
SQL: SHOW COLUMNS FROM `sm_member_list` [ RunTime:0.0077s ]
SQL: SELECT `openid`,`member_name` FROM `sm_member_list` WHERE `member_list_id` = '2191' LIMIT 1   [ RunTime:0.0002s ]
SQL: SHOW COLUMNS FROM `sm_order_goods` [ RunTime:0.0073s ]
SQL: SELECT `meal_code` FROM `sm_order_goods` WHERE `order_id` = '8256' LIMIT 1   [ RunTime:0.0002s ]
NOTIC: [8] Undefined index: access_token D:\xampp\htdocs\app\Common\Common\function.php 第 363 行.
SQL: SHOW COLUMNS FROM `sm_stall_music` [ RunTime:0.0099s ]
SQL: SELECT `music` FROM `sm_stall_music` WHERE `stall_id` = '31' AND `music_type` = 1 LIMIT 1   [ RunTime:0.0004s ]

[ 2019-07-20T10:36:29+08:00 ] 140.207.54.76 /orderb.php
INFO: [ app_init ] --START--
INFO: Run Behavior\BuildLiteBehavior [ RunTime:0.000014s ]
INFO: [ app_init ] --END-- [ RunTime:0.000456s ]
INFO: [ app_begin ] --START--
INFO: Run Behavior\ReadHtmlCacheBehavior [ RunTime:0.000702s ]
INFO: [ app_begin ] --END-- [ RunTime:0.000752s ]
SQL: SHOW COLUMNS FROM `sm_orders` [ RunTime:0.0127s ]
SQL: SELECT * FROM `sm_orders` WHERE `order_no` = '222920190720103609' LIMIT 1   [ RunTime:0.0212s ]
INFO: [ app_end ] --START--
INFO: Run Behavior\ShowPageTraceBehavior [ RunTime:0.000984s ]
INFO: [ app_end ] --END-- [ RunTime:0.001036s ]

[ 2019-07-20T11:14:57+08:00 ] 101.226.103.60 /orderb.php
INFO: [ app_init ] --START--
INFO: Run Behavior\BuildLiteBehavior [ RunTime:0.000014s ]
INFO: [ app_init ] --END-- [ RunTime:0.000506s ]
INFO: [ app_begin ] --START--
INFO: Run Behavior\ReadHtmlCacheBehavior [ RunTime:0.000764s ]
INFO: [ app_begin ] --END-- [ RunTime:0.000816s ]
SQL: SHOW COLUMNS FROM `sm_orders` [ RunTime:0.0129s ]
SQL: SELECT * FROM `sm_orders` WHERE `order_no` = '453420190720111443' LIMIT 1   [ RunTime:0.0514s ]
SQL: SHOW COLUMNS FROM `sm_stall` [ RunTime:0.0097s ]
SQL: SELECT `automatic` FROM `sm_stall` WHERE `stall_id` = '31' LIMIT 1   [ RunTime:0.0003s ]
SQL: SELECT `order_id` FROM `sm_orders` WHERE `order_no` = '453420190720111443' LIMIT 1   [ RunTime:0.0043s ]
SQL: SELECT `deliver_type` FROM `sm_orders` WHERE `order_id` = '8282' LIMIT 1   [ RunTime:0.0002s ]
SQL: UPDATE `sm_orders` SET `order_status`='3',`success_time`='1563592496',`payment_time`='1563592496' WHERE `order_id` = '8282' [ RunTime:0.0047s ]
SQL: SELECT `ma_id` FROM `sm_stall` WHERE `stall_id` = 0 LIMIT 1   [ RunTime:0.0002s ]
SQL: SELECT `member_list_id`,`order_no`,`create_time` FROM `sm_orders` WHERE `order_id` = '8282' LIMIT 1   [ RunTime:0.0002s ]
SQL: SHOW COLUMNS FROM `sm_merchant` [ RunTime:0.0103s ]
SQL: SELECT `appid`,`appsecret`,`take_food_id` FROM `sm_merchant` WHERE `ma_id` = null LIMIT 1   [ RunTime:0.0003s ]
SQL: SHOW COLUMNS FROM `sm_member_list` [ RunTime:0.0078s ]
SQL: SELECT `openid`,`member_name` FROM `sm_member_list` WHERE `member_list_id` = '2195' LIMIT 1   [ RunTime:0.0003s ]
SQL: SHOW COLUMNS FROM `sm_order_goods` [ RunTime:0.0076s ]
SQL: SELECT `meal_code` FROM `sm_order_goods` WHERE `order_id` = '8282' LIMIT 1   [ RunTime:0.0002s ]
NOTIC: [8] Undefined index: access_token D:\xampp\htdocs\app\Common\Common\function.php 第 363 行.
SQL: SHOW COLUMNS FROM `sm_stall_music` [ RunTime:0.0101s ]
SQL: SELECT `music` FROM `sm_stall_music` WHERE `stall_id` = '31' AND `music_type` = 1 LIMIT 1   [ RunTime:0.0003s ]

[ 2019-07-20T11:15:12+08:00 ] 140.207.54.77 /orderb.php
INFO: [ app_init ] --START--
INFO: Run Behavior\BuildLiteBehavior [ RunTime:0.000014s ]
INFO: [ app_init ] --END-- [ RunTime:0.000466s ]
INFO: [ app_begin ] --START--
INFO: Run Behavior\ReadHtmlCacheBehavior [ RunTime:0.000575s ]
INFO: [ app_begin ] --END-- [ RunTime:0.000627s ]
SQL: SHOW COLUMNS FROM `sm_orders` [ RunTime:0.0127s ]
SQL: SELECT * FROM `sm_orders` WHERE `order_no` = '453420190720111443' LIMIT 1   [ RunTime:0.0246s ]
INFO: [ app_end ] --START--
INFO: Run Behavior\ShowPageTraceBehavior [ RunTime:0.001006s ]
INFO: [ app_end ] --END-- [ RunTime:0.001057s ]

[ 2019-07-20T12:08:12+08:00 ] 101.226.103.69 /orderb.php
INFO: [ app_init ] --START--
INFO: Run Behavior\BuildLiteBehavior [ RunTime:0.000013s ]
INFO: [ app_init ] --END-- [ RunTime:0.000457s ]
INFO: [ app_begin ] --START--
INFO: Run Behavior\ReadHtmlCacheBehavior [ RunTime:0.000698s ]
INFO: [ app_begin ] --END-- [ RunTime:0.000747s ]
SQL: SHOW COLUMNS FROM `sm_orders` [ RunTime:0.0122s ]
SQL: SELECT * FROM `sm_orders` WHERE `order_no` = '896820190720120804' LIMIT 1   [ RunTime:0.1205s ]
SQL: SHOW COLUMNS FROM `sm_stall` [ RunTime:0.0097s ]
SQL: SELECT `automatic` FROM `sm_stall` WHERE `stall_id` = '31' LIMIT 1   [ RunTime:0.0003s ]
SQL: SELECT `order_id` FROM `sm_orders` WHERE `order_no` = '896820190720120804' LIMIT 1   [ RunTime:0.0041s ]
SQL: SELECT `deliver_type` FROM `sm_orders` WHERE `order_id` = '8298' LIMIT 1   [ RunTime:0.0002s ]
SQL: UPDATE `sm_orders` SET `order_status`='3',`success_time`='1563595691',`payment_time`='1563595691' WHERE `order_id` = '8298' [ RunTime:0.0061s ]
SQL: SELECT `ma_id` FROM `sm_stall` WHERE `stall_id` = 0 LIMIT 1   [ RunTime:0.0002s ]
SQL: SELECT `member_list_id`,`order_no`,`create_time` FROM `sm_orders` WHERE `order_id` = '8298' LIMIT 1   [ RunTime:0.0002s ]
SQL: SHOW COLUMNS FROM `sm_merchant` [ RunTime:0.0088s ]
SQL: SELECT `appid`,`appsecret`,`take_food_id` FROM `sm_merchant` WHERE `ma_id` = null LIMIT 1   [ RunTime:0.0002s ]
SQL: SHOW COLUMNS FROM `sm_member_list` [ RunTime:0.0093s ]
SQL: SELECT `openid`,`member_name` FROM `sm_member_list` WHERE `member_list_id` = '2193' LIMIT 1   [ RunTime:0.0003s ]
SQL: SHOW COLUMNS FROM `sm_order_goods` [ RunTime:0.0102s ]
SQL: SELECT `meal_code` FROM `sm_order_goods` WHERE `order_id` = '8298' LIMIT 1   [ RunTime:0.0003s ]
NOTIC: [8] Undefined index: access_token D:\xampp\htdocs\app\Common\Common\function.php 第 359 行.
SQL: SHOW COLUMNS FROM `sm_stall_music` [ RunTime:0.0100s ]
SQL: SELECT `music` FROM `sm_stall_music` WHERE `stall_id` = '31' AND `music_type` = 1 LIMIT 1   [ RunTime:0.0003s ]

[ 2019-07-20T12:08:27+08:00 ] 140.207.54.77 /orderb.php
INFO: [ app_init ] --START--
INFO: Run Behavior\BuildLiteBehavior [ RunTime:0.000016s ]
INFO: [ app_init ] --END-- [ RunTime:0.000539s ]
INFO: [ app_begin ] --START--
INFO: Run Behavior\ReadHtmlCacheBehavior [ RunTime:0.000611s ]
INFO: [ app_begin ] --END-- [ RunTime:0.000670s ]
SQL: SHOW COLUMNS FROM `sm_orders` [ RunTime:0.0120s ]
SQL: SELECT * FROM `sm_orders` WHERE `order_no` = '896820190720120804' LIMIT 1   [ RunTime:0.0276s ]
INFO: [ app_end ] --START--
INFO: Run Behavior\ShowPageTraceBehavior [ RunTime:0.000878s ]
INFO: [ app_end ] --END-- [ RunTime:0.000926s ]

[ 2019-07-20T13:36:10+08:00 ] 140.207.54.76 /orderb.php
INFO: [ app_init ] --START--
INFO: Run Behavior\BuildLiteBehavior [ RunTime:0.000021s ]
INFO: [ app_init ] --END-- [ RunTime:0.000463s ]
INFO: [ app_begin ] --START--
INFO: Run Behavior\ReadHtmlCacheBehavior [ RunTime:0.000689s ]
INFO: [ app_begin ] --END-- [ RunTime:0.000737s ]
SQL: SHOW COLUMNS FROM `sm_orders` [ RunTime:0.0123s ]
SQL: SELECT * FROM `sm_orders` WHERE `order_no` = '751220190720133602' LIMIT 1   [ RunTime:0.0563s ]
SQL: SHOW COLUMNS FROM `sm_stall` [ RunTime:0.0128s ]
SQL: SELECT `automatic` FROM `sm_stall` WHERE `stall_id` = '31' LIMIT 1   [ RunTime:0.0003s ]
SQL: UPDATE `sm_orders` SET `trade_no`='4200000341201907209508938727',`payment_time`='1563600970',`order_status`='2' WHERE `order_no` = '751220190720133602' [ RunTime:0.0175s ]
SQL: SHOW COLUMNS FROM `sm_stall_music` [ RunTime:0.0088s ]
SQL: SELECT `music` FROM `sm_stall_music` WHERE `stall_id` = '31' AND `music_type` = 1 LIMIT 1   [ RunTime:0.0003s ]

[ 2019-07-20T13:36:26+08:00 ] 58.251.80.49 /orderb.php
INFO: [ app_init ] --START--
INFO: Run Behavior\BuildLiteBehavior [ RunTime:0.000014s ]
INFO: [ app_init ] --END-- [ RunTime:0.000454s ]
INFO: [ app_begin ] --START--
INFO: Run Behavior\ReadHtmlCacheBehavior [ RunTime:0.000696s ]
INFO: [ app_begin ] --END-- [ RunTime:0.000744s ]
SQL: SHOW COLUMNS FROM `sm_orders` [ RunTime:0.0125s ]
SQL: SELECT * FROM `sm_orders` WHERE `order_no` = '751220190720133602' LIMIT 1   [ RunTime:0.0246s ]
INFO: [ app_end ] --START--
INFO: Run Behavior\ShowPageTraceBehavior [ RunTime:0.001014s ]
INFO: [ app_end ] --END-- [ RunTime:0.001062s ]

[ 2019-07-20T13:39:40+08:00 ] 140.207.54.77 /orderb.php
INFO: [ app_init ] --START--
INFO: Run Behavior\BuildLiteBehavior [ RunTime:0.000014s ]
INFO: [ app_init ] --END-- [ RunTime:0.000478s ]
INFO: [ app_begin ] --START--
INFO: Run Behavior\ReadHtmlCacheBehavior [ RunTime:0.000762s ]
INFO: [ app_begin ] --END-- [ RunTime:0.000811s ]
SQL: SHOW COLUMNS FROM `sm_orders` [ RunTime:0.0120s ]
SQL: SELECT * FROM `sm_orders` WHERE `order_no` = '119120190720133933' LIMIT 1   [ RunTime:0.0463s ]
SQL: SHOW COLUMNS FROM `sm_stall` [ RunTime:0.0092s ]
SQL: SELECT `automatic` FROM `sm_stall` WHERE `stall_id` = '31' LIMIT 1   [ RunTime:0.0003s ]
SQL: UPDATE `sm_orders` SET `trade_no`='4200000349201907209994305672',`payment_time`='1563601180',`order_status`='2' WHERE `order_no` = '119120190720133933' [ RunTime:0.0170s ]
SQL: SHOW COLUMNS FROM `sm_stall_music` [ RunTime:0.0082s ]
SQL: SELECT `music` FROM `sm_stall_music` WHERE `stall_id` = '31' AND `music_type` = 1 LIMIT 1   [ RunTime:0.0003s ]

[ 2019-07-20T13:39:56+08:00 ] 140.207.54.75 /orderb.php
INFO: [ app_init ] --START--
INFO: Run Behavior\BuildLiteBehavior [ RunTime:0.000015s ]
INFO: [ app_init ] --END-- [ RunTime:0.000458s ]
INFO: [ app_begin ] --START--
INFO: Run Behavior\ReadHtmlCacheBehavior [ RunTime:0.000746s ]
INFO: [ app_begin ] --END-- [ RunTime:0.000795s ]
SQL: SHOW COLUMNS FROM `sm_orders` [ RunTime:0.0123s ]
SQL: SELECT * FROM `sm_orders` WHERE `order_no` = '119120190720133933' LIMIT 1   [ RunTime:0.0270s ]
INFO: [ app_end ] --START--
INFO: Run Behavior\ShowPageTraceBehavior [ RunTime:0.000929s ]
INFO: [ app_end ] --END-- [ RunTime:0.000981s ]

[ 2019-07-20T13:46:53+08:00 ] 140.207.54.75 /orderb.php
INFO: [ app_init ] --START--
INFO: Run Behavior\BuildLiteBehavior [ RunTime:0.000015s ]
INFO: [ app_init ] --END-- [ RunTime:0.000460s ]
INFO: [ app_begin ] --START--
INFO: Run Behavior\ReadHtmlCacheBehavior [ RunTime:0.000707s ]
INFO: [ app_begin ] --END-- [ RunTime:0.000757s ]
SQL: SHOW COLUMNS FROM `sm_orders` [ RunTime:0.0125s ]
SQL: SELECT * FROM `sm_orders` WHERE `order_no` = '400520190720134647' LIMIT 1   [ RunTime:0.0492s ]
SQL: SHOW COLUMNS FROM `sm_stall` [ RunTime:0.0097s ]
SQL: SELECT `automatic` FROM `sm_stall` WHERE `stall_id` = '31' LIMIT 1   [ RunTime:0.0003s ]
SQL: UPDATE `sm_orders` SET `trade_no`='4200000342201907200822239938',`payment_time`='1563601613',`order_status`='2' WHERE `order_no` = '400520190720134647' [ RunTime:0.0176s ]
SQL: SHOW COLUMNS FROM `sm_stall_music` [ RunTime:0.0087s ]
SQL: SELECT `music` FROM `sm_stall_music` WHERE `stall_id` = '31' AND `music_type` = 1 LIMIT 1   [ RunTime:0.0003s ]

[ 2019-07-20T13:47:09+08:00 ] 140.207.54.78 /orderb.php
INFO: [ app_init ] --START--
INFO: Run Behavior\BuildLiteBehavior [ RunTime:0.000015s ]
INFO: [ app_init ] --END-- [ RunTime:0.000468s ]
INFO: [ app_begin ] --START--
INFO: Run Behavior\ReadHtmlCacheBehavior [ RunTime:0.000602s ]
INFO: [ app_begin ] --END-- [ RunTime:0.000649s ]
SQL: SHOW COLUMNS FROM `sm_orders` [ RunTime:0.0126s ]
SQL: SELECT * FROM `sm_orders` WHERE `order_no` = '400520190720134647' LIMIT 1   [ RunTime:0.0274s ]
INFO: [ app_end ] --START--
INFO: Run Behavior\ShowPageTraceBehavior [ RunTime:0.000986s ]
INFO: [ app_end ] --END-- [ RunTime:0.001032s ]

[ 2019-07-20T13:49:33+08:00 ] 140.207.54.75 /orderb.php
INFO: [ app_init ] --START--
INFO: Run Behavior\BuildLiteBehavior [ RunTime:0.000014s ]
INFO: [ app_init ] --END-- [ RunTime:0.000460s ]
INFO: [ app_begin ] --START--
INFO: Run Behavior\ReadHtmlCacheBehavior [ RunTime:0.000573s ]
INFO: [ app_begin ] --END-- [ RunTime:0.000622s ]
SQL: SHOW COLUMNS FROM `sm_orders` [ RunTime:0.0125s ]
SQL: SELECT * FROM `sm_orders` WHERE `order_no` = '672520190720134927' LIMIT 1   [ RunTime:0.0453s ]
SQL: SHOW COLUMNS FROM `sm_stall` [ RunTime:0.0096s ]
SQL: SELECT `automatic` FROM `sm_stall` WHERE `stall_id` = '31' LIMIT 1   [ RunTime:0.0003s ]
SQL: UPDATE `sm_orders` SET `trade_no`='4200000345201907202761125904',`payment_time`='1563601773',`order_status`='2' WHERE `order_no` = '672520190720134927' [ RunTime:0.0462s ]
SQL: SHOW COLUMNS FROM `sm_stall_music` [ RunTime:0.0088s ]
SQL: SELECT `music` FROM `sm_stall_music` WHERE `stall_id` = '31' AND `music_type` = 1 LIMIT 1   [ RunTime:0.0003s ]

[ 2019-07-20T13:49:49+08:00 ] 183.3.234.45 /orderb.php
INFO: [ app_init ] --START--
INFO: Run Behavior\BuildLiteBehavior [ RunTime:0.000015s ]
INFO: [ app_init ] --END-- [ RunTime:0.000460s ]
INFO: [ app_begin ] --START--
INFO: Run Behavior\ReadHtmlCacheBehavior [ RunTime:0.000713s ]
INFO: [ app_begin ] --END-- [ RunTime:0.000763s ]
SQL: SHOW COLUMNS FROM `sm_orders` [ RunTime:0.0066s ]
SQL: SELECT * FROM `sm_orders` WHERE `order_no` = '672520190720134927' LIMIT 1   [ RunTime:0.0310s ]
INFO: [ app_end ] --START--
INFO: Run Behavior\ShowPageTraceBehavior [ RunTime:0.001030s ]
INFO: [ app_end ] --END-- [ RunTime:0.001082s ]

[ 2019-07-20T13:58:08+08:00 ] 140.207.54.77 /orderb.php
INFO: [ app_init ] --START--
INFO: Run Behavior\BuildLiteBehavior [ RunTime:0.000014s ]
INFO: [ app_init ] --END-- [ RunTime:0.000626s ]
INFO: [ app_begin ] --START--
INFO: Run Behavior\ReadHtmlCacheBehavior [ RunTime:0.000734s ]
INFO: [ app_begin ] --END-- [ RunTime:0.000787s ]
SQL: SHOW COLUMNS FROM `sm_orders` [ RunTime:0.0058s ]
SQL: SELECT * FROM `sm_orders` WHERE `order_no` = '305820190720135802' LIMIT 1   [ RunTime:0.0193s ]
SQL: SHOW COLUMNS FROM `sm_stall` [ RunTime:0.0061s ]
SQL: SELECT `automatic` FROM `sm_stall` WHERE `stall_id` = '31' LIMIT 1   [ RunTime:0.0003s ]
SQL: UPDATE `sm_orders` SET `trade_no`='4200000354201907206172047540',`payment_time`='1563602288',`order_status`='2' WHERE `order_no` = '305820190720135802' [ RunTime:0.0213s ]
SQL: SHOW COLUMNS FROM `sm_stall_music` [ RunTime:0.0121s ]
SQL: SELECT `music` FROM `sm_stall_music` WHERE `stall_id` = '31' AND `music_type` = 1 LIMIT 1   [ RunTime:0.0003s ]

[ 2019-07-20T13:58:24+08:00 ] 140.207.54.77 /orderb.php
INFO: [ app_init ] --START--
INFO: Run Behavior\BuildLiteBehavior [ RunTime:0.000013s ]
INFO: [ app_init ] --END-- [ RunTime:0.000495s ]
INFO: [ app_begin ] --START--
INFO: Run Behavior\ReadHtmlCacheBehavior [ RunTime:0.000806s ]
INFO: [ app_begin ] --END-- [ RunTime:0.000860s ]
SQL: SHOW COLUMNS FROM `sm_orders` [ RunTime:0.0119s ]
SQL: SELECT * FROM `sm_orders` WHERE `order_no` = '305820190720135802' LIMIT 1   [ RunTime:0.0426s ]
INFO: [ app_end ] --START--
INFO: Run Behavior\ShowPageTraceBehavior [ RunTime:0.001110s ]
INFO: [ app_end ] --END-- [ RunTime:0.001161s ]

[ 2019-07-20T14:19:26+08:00 ] 140.207.54.75 /orderb.php
INFO: [ app_init ] --START--
INFO: Run Behavior\BuildLiteBehavior [ RunTime:0.000014s ]
INFO: [ app_init ] --END-- [ RunTime:0.000492s ]
INFO: [ app_begin ] --START--
INFO: Run Behavior\ReadHtmlCacheBehavior [ RunTime:0.000779s ]
INFO: [ app_begin ] --END-- [ RunTime:0.000830s ]
SQL: SHOW COLUMNS FROM `sm_orders` [ RunTime:0.0128s ]
SQL: SELECT * FROM `sm_orders` WHERE `order_no` = '675320190720141915' LIMIT 1   [ RunTime:0.0552s ]
SQL: SHOW COLUMNS FROM `sm_stall` [ RunTime:0.0092s ]
SQL: SELECT `automatic` FROM `sm_stall` WHERE `stall_id` = '31' LIMIT 1   [ RunTime:0.0003s ]
SQL: UPDATE `sm_orders` SET `trade_no`='4200000341201907204362279445',`payment_time`='1563603566',`order_status`='2' WHERE `order_no` = '675320190720141915' [ RunTime:0.0170s ]
SQL: SHOW COLUMNS FROM `sm_stall_music` [ RunTime:0.0081s ]
SQL: SELECT `music` FROM `sm_stall_music` WHERE `stall_id` = '31' AND `music_type` = 1 LIMIT 1   [ RunTime:0.0003s ]

[ 2019-07-20T14:19:42+08:00 ] 140.207.54.76 /orderb.php
INFO: [ app_init ] --START--
INFO: Run Behavior\BuildLiteBehavior [ RunTime:0.000013s ]
INFO: [ app_init ] --END-- [ RunTime:0.000502s ]
INFO: [ app_begin ] --START--
INFO: Run Behavior\ReadHtmlCacheBehavior [ RunTime:0.000707s ]
INFO: [ app_begin ] --END-- [ RunTime:0.000755s ]
SQL: SHOW COLUMNS FROM `sm_orders` [ RunTime:0.0126s ]
SQL: SELECT * FROM `sm_orders` WHERE `order_no` = '675320190720141915' LIMIT 1   [ RunTime:0.0366s ]
INFO: [ app_end ] --START--
INFO: Run Behavior\ShowPageTraceBehavior [ RunTime:0.000926s ]
INFO: [ app_end ] --END-- [ RunTime:0.000974s ]

[ 2019-07-20T14:21:59+08:00 ] 140.207.54.77 /orderb.php
INFO: [ app_init ] --START--
INFO: Run Behavior\BuildLiteBehavior [ RunTime:0.000014s ]
INFO: [ app_init ] --END-- [ RunTime:0.000454s ]
INFO: [ app_begin ] --START--
INFO: Run Behavior\ReadHtmlCacheBehavior [ RunTime:0.000578s ]
INFO: [ app_begin ] --END-- [ RunTime:0.000628s ]
SQL: SHOW COLUMNS FROM `sm_orders` [ RunTime:0.0160s ]
SQL: SELECT * FROM `sm_orders` WHERE `order_no` = '590020190720142152' LIMIT 1   [ RunTime:0.0799s ]
SQL: SHOW COLUMNS FROM `sm_stall` [ RunTime:0.0093s ]
SQL: SELECT `automatic` FROM `sm_stall` WHERE `stall_id` = '31' LIMIT 1   [ RunTime:0.0003s ]
SQL: UPDATE `sm_orders` SET `trade_no`='4200000356201907204754700293',`payment_time`='1563603719',`order_status`='2' WHERE `order_no` = '590020190720142152' [ RunTime:0.0183s ]
SQL: SHOW COLUMNS FROM `sm_stall_music` [ RunTime:0.0084s ]
SQL: SELECT `music` FROM `sm_stall_music` WHERE `stall_id` = '31' AND `music_type` = 1 LIMIT 1   [ RunTime:0.0003s ]

[ 2019-07-20T14:22:15+08:00 ] 101.226.103.71 /orderb.php
INFO: [ app_init ] --START--
INFO: Run Behavior\BuildLiteBehavior [ RunTime:0.000015s ]
INFO: [ app_init ] --END-- [ RunTime:0.000459s ]
INFO: [ app_begin ] --START--
INFO: Run Behavior\ReadHtmlCacheBehavior [ RunTime:0.000704s ]
INFO: [ app_begin ] --END-- [ RunTime:0.000766s ]
SQL: SHOW COLUMNS FROM `sm_orders` [ RunTime:0.0123s ]
SQL: SELECT * FROM `sm_orders` WHERE `order_no` = '590020190720142152' LIMIT 1   [ RunTime:0.0326s ]
INFO: [ app_end ] --START--
INFO: Run Behavior\ShowPageTraceBehavior [ RunTime:0.001022s ]
INFO: [ app_end ] --END-- [ RunTime:0.001071s ]

[ 2019-07-20T14:27:35+08:00 ] 140.207.54.76 /orderb.php
INFO: [ app_init ] --START--
INFO: Run Behavior\BuildLiteBehavior [ RunTime:0.000013s ]
INFO: [ app_init ] --END-- [ RunTime:0.000514s ]
INFO: [ app_begin ] --START--
INFO: Run Behavior\ReadHtmlCacheBehavior [ RunTime:0.000862s ]
INFO: [ app_begin ] --END-- [ RunTime:0.000912s ]
SQL: SHOW COLUMNS FROM `sm_orders` [ RunTime:0.0163s ]
SQL: SELECT * FROM `sm_orders` WHERE `order_no` = '804620190720142729' LIMIT 1   [ RunTime:0.0413s ]
SQL: SHOW COLUMNS FROM `sm_stall` [ RunTime:0.0095s ]
SQL: SELECT `automatic` FROM `sm_stall` WHERE `stall_id` = '31' LIMIT 1   [ RunTime:0.0003s ]
SQL: UPDATE `sm_orders` SET `trade_no`='4200000358201907203823236193',`payment_time`='1563604055',`order_status`='2' WHERE `order_no` = '804620190720142729' [ RunTime:0.0184s ]
SQL: SHOW COLUMNS FROM `sm_stall_music` [ RunTime:0.0087s ]
SQL: SELECT `music` FROM `sm_stall_music` WHERE `stall_id` = '31' AND `music_type` = 1 LIMIT 1   [ RunTime:0.0003s ]

[ 2019-07-20T14:27:51+08:00 ] 58.251.80.62 /orderb.php
INFO: [ app_init ] --START--
INFO: Run Behavior\BuildLiteBehavior [ RunTime:0.000014s ]
INFO: [ app_init ] --END-- [ RunTime:0.000518s ]
INFO: [ app_begin ] --START--
INFO: Run Behavior\ReadHtmlCacheBehavior [ RunTime:0.000780s ]
INFO: [ app_begin ] --END-- [ RunTime:0.000829s ]
SQL: SHOW COLUMNS FROM `sm_orders` [ RunTime:0.0121s ]
SQL: SELECT * FROM `sm_orders` WHERE `order_no` = '804620190720142729' LIMIT 1   [ RunTime:0.0270s ]
INFO: [ app_end ] --START--
INFO: Run Behavior\ShowPageTraceBehavior [ RunTime:0.000992s ]
INFO: [ app_end ] --END-- [ RunTime:0.001040s ]

[ 2019-07-20T15:21:57+08:00 ] 140.207.54.76 /orderb.php
INFO: [ app_init ] --START--
INFO: Run Behavior\BuildLiteBehavior [ RunTime:0.000013s ]
INFO: [ app_init ] --END-- [ RunTime:0.000461s ]
INFO: [ app_begin ] --START--
INFO: Run Behavior\ReadHtmlCacheBehavior [ RunTime:0.000572s ]
INFO: [ app_begin ] --END-- [ RunTime:0.000621s ]
SQL: SHOW COLUMNS FROM `sm_orders` [ RunTime:0.0121s ]
SQL: SELECT * FROM `sm_orders` WHERE `order_no` = '573320190720152150' LIMIT 1   [ RunTime:0.0525s ]
SQL: SHOW COLUMNS FROM `sm_stall` [ RunTime:0.0091s ]
SQL: SELECT `automatic` FROM `sm_stall` WHERE `stall_id` = '31' LIMIT 1   [ RunTime:0.0003s ]
SQL: UPDATE `sm_orders` SET `trade_no`='4200000352201907200631374023',`payment_time`='1563607316',`order_status`='2' WHERE `order_no` = '573320190720152150' [ RunTime:0.0177s ]
SQL: SHOW COLUMNS FROM `sm_stall_music` [ RunTime:0.0085s ]
SQL: SELECT `music` FROM `sm_stall_music` WHERE `stall_id` = '31' AND `music_type` = 1 LIMIT 1   [ RunTime:0.0003s ]

[ 2019-07-20T15:22:13+08:00 ] 140.207.54.77 /orderb.php
INFO: [ app_init ] --START--
INFO: Run Behavior\BuildLiteBehavior [ RunTime:0.000014s ]
INFO: [ app_init ] --END-- [ RunTime:0.000464s ]
INFO: [ app_begin ] --START--
INFO: Run Behavior\ReadHtmlCacheBehavior [ RunTime:0.000694s ]
INFO: [ app_begin ] --END-- [ RunTime:0.000745s ]
SQL: SHOW COLUMNS FROM `sm_orders` [ RunTime:0.0138s ]
SQL: SELECT * FROM `sm_orders` WHERE `order_no` = '573320190720152150' LIMIT 1   [ RunTime:0.0184s ]
INFO: [ app_end ] --START--
INFO: Run Behavior\ShowPageTraceBehavior [ RunTime:0.000944s ]
INFO: [ app_end ] --END-- [ RunTime:0.000994s ]

[ 2019-07-20T15:24:05+08:00 ] 140.207.54.77 /orderb.php
INFO: [ app_init ] --START--
INFO: Run Behavior\BuildLiteBehavior [ RunTime:0.000015s ]
INFO: [ app_init ] --END-- [ RunTime:0.000463s ]
INFO: [ app_begin ] --START--
INFO: Run Behavior\ReadHtmlCacheBehavior [ RunTime:0.000571s ]
INFO: [ app_begin ] --END-- [ RunTime:0.000620s ]
SQL: SHOW COLUMNS FROM `sm_orders` [ RunTime:0.0126s ]
SQL: SELECT * FROM `sm_orders` WHERE `order_no` = '476520190720152358' LIMIT 1   [ RunTime:0.0607s ]
SQL: SHOW COLUMNS FROM `sm_stall` [ RunTime:0.0121s ]
SQL: SELECT `automatic` FROM `sm_stall` WHERE `stall_id` = '31' LIMIT 1   [ RunTime:0.0003s ]
SQL: UPDATE `sm_orders` SET `trade_no`='4200000345201907205087081536',`payment_time`='1563607445',`order_status`='2' WHERE `order_no` = '476520190720152358' [ RunTime:0.0188s ]
SQL: SHOW COLUMNS FROM `sm_stall_music` [ RunTime:0.0111s ]
SQL: SELECT `music` FROM `sm_stall_music` WHERE `stall_id` = '31' AND `music_type` = 1 LIMIT 1   [ RunTime:0.0004s ]

[ 2019-07-20T15:24:21+08:00 ] 140.207.54.77 /orderb.php
INFO: [ app_init ] --START--
INFO: Run Behavior\BuildLiteBehavior [ RunTime:0.000014s ]
INFO: [ app_init ] --END-- [ RunTime:0.000462s ]
INFO: [ app_begin ] --START--
INFO: Run Behavior\ReadHtmlCacheBehavior [ RunTime:0.000769s ]
INFO: [ app_begin ] --END-- [ RunTime:0.000818s ]
SQL: SHOW COLUMNS FROM `sm_orders` [ RunTime:0.0121s ]
SQL: SELECT * FROM `sm_orders` WHERE `order_no` = '476520190720152358' LIMIT 1   [ RunTime:0.0261s ]
INFO: [ app_end ] --START--
INFO: Run Behavior\ShowPageTraceBehavior [ RunTime:0.001102s ]
INFO: [ app_end ] --END-- [ RunTime:0.001155s ]

[ 2019-07-20T15:39:07+08:00 ] 140.207.54.76 /orderb.php
INFO: [ app_init ] --START--
INFO: Run Behavior\BuildLiteBehavior [ RunTime:0.000014s ]
INFO: [ app_init ] --END-- [ RunTime:0.000450s ]
INFO: [ app_begin ] --START--
INFO: Run Behavior\ReadHtmlCacheBehavior [ RunTime:0.000706s ]
INFO: [ app_begin ] --END-- [ RunTime:0.000754s ]
SQL: SHOW COLUMNS FROM `sm_orders` [ RunTime:0.0120s ]
SQL: SELECT * FROM `sm_orders` WHERE `order_no` = '345720190720153900' LIMIT 1   [ RunTime:0.0478s ]
SQL: SHOW COLUMNS FROM `sm_stall` [ RunTime:0.0092s ]
SQL: SELECT `automatic` FROM `sm_stall` WHERE `stall_id` = '31' LIMIT 1   [ RunTime:0.0003s ]
SQL: UPDATE `sm_orders` SET `trade_no`='4200000346201907204371954452',`payment_time`='1563608347',`order_status`='2' WHERE `order_no` = '345720190720153900' [ RunTime:0.0174s ]
SQL: SHOW COLUMNS FROM `sm_stall_music` [ RunTime:0.0084s ]
SQL: SELECT `music` FROM `sm_stall_music` WHERE `stall_id` = '31' AND `music_type` = 1 LIMIT 1   [ RunTime:0.0003s ]

[ 2019-07-20T15:39:23+08:00 ] 140.207.54.76 /orderb.php
INFO: [ app_init ] --START--
INFO: Run Behavior\BuildLiteBehavior [ RunTime:0.000014s ]
INFO: [ app_init ] --END-- [ RunTime:0.000515s ]
INFO: [ app_begin ] --START--
INFO: Run Behavior\ReadHtmlCacheBehavior [ RunTime:0.000748s ]
INFO: [ app_begin ] --END-- [ RunTime:0.000803s ]
SQL: SHOW COLUMNS FROM `sm_orders` [ RunTime:0.0144s ]
SQL: SELECT * FROM `sm_orders` WHERE `order_no` = '345720190720153900' LIMIT 1   [ RunTime:0.0341s ]
INFO: [ app_end ] --START--
INFO: Run Behavior\ShowPageTraceBehavior [ RunTime:0.001132s ]
INFO: [ app_end ] --END-- [ RunTime:0.001182s ]

[ 2019-07-20T15:59:02+08:00 ] 140.207.54.78 /orderb.php
INFO: [ app_init ] --START--
INFO: Run Behavior\BuildLiteBehavior [ RunTime:0.000015s ]
INFO: [ app_init ] --END-- [ RunTime:0.000522s ]
INFO: [ app_begin ] --START--
INFO: Run Behavior\ReadHtmlCacheBehavior [ RunTime:0.000779s ]
INFO: [ app_begin ] --END-- [ RunTime:0.000829s ]
SQL: SHOW COLUMNS FROM `sm_orders` [ RunTime:0.0122s ]
SQL: SELECT * FROM `sm_orders` WHERE `order_no` = '665820190720155854' LIMIT 1   [ RunTime:0.0576s ]
SQL: SHOW COLUMNS FROM `sm_stall` [ RunTime:0.0094s ]
SQL: SELECT `automatic` FROM `sm_stall` WHERE `stall_id` = '31' LIMIT 1   [ RunTime:0.0003s ]
SQL: SELECT `order_id` FROM `sm_orders` WHERE `order_no` = '665820190720155854' LIMIT 1   [ RunTime:0.0042s ]
SQL: SELECT `deliver_type` FROM `sm_orders` WHERE `order_id` = '8335' LIMIT 1   [ RunTime:0.0002s ]
SQL: UPDATE `sm_orders` SET `order_status`='3',`success_time`='1563609541',`payment_time`='1563609541' WHERE `order_id` = '8335' [ RunTime:0.0039s ]
SQL: SELECT `ma_id` FROM `sm_stall` WHERE `stall_id` = 0 LIMIT 1   [ RunTime:0.0002s ]
SQL: SELECT `member_list_id`,`order_no`,`create_time` FROM `sm_orders` WHERE `order_id` = '8335' LIMIT 1   [ RunTime:0.0002s ]
SQL: SHOW COLUMNS FROM `sm_merchant` [ RunTime:0.0083s ]
SQL: SELECT `appid`,`appsecret`,`take_food_id` FROM `sm_merchant` WHERE `ma_id` = null LIMIT 1   [ RunTime:0.0002s ]
SQL: SHOW COLUMNS FROM `sm_member_list` [ RunTime:0.0077s ]
SQL: SELECT `openid`,`member_name` FROM `sm_member_list` WHERE `member_list_id` = '2193' LIMIT 1   [ RunTime:0.0002s ]
SQL: SHOW COLUMNS FROM `sm_order_goods` [ RunTime:0.0073s ]
SQL: SELECT `meal_code` FROM `sm_order_goods` WHERE `order_id` = '8335' LIMIT 1   [ RunTime:0.0002s ]
NOTIC: [8] Undefined index: access_token D:\xampp\htdocs\app\Common\Common\function.php 第 359 行.
SQL: SHOW COLUMNS FROM `sm_stall_music` [ RunTime:0.0131s ]
SQL: SELECT `music` FROM `sm_stall_music` WHERE `stall_id` = '31' AND `music_type` = 1 LIMIT 1   [ RunTime:0.0004s ]

[ 2019-07-20T15:59:17+08:00 ] 101.226.103.71 /orderb.php
INFO: [ app_init ] --START--
INFO: Run Behavior\BuildLiteBehavior [ RunTime:0.000014s ]
INFO: [ app_init ] --END-- [ RunTime:0.000486s ]
INFO: [ app_begin ] --START--
INFO: Run Behavior\ReadHtmlCacheBehavior [ RunTime:0.000707s ]
INFO: [ app_begin ] --END-- [ RunTime:0.000759s ]
SQL: SHOW COLUMNS FROM `sm_orders` [ RunTime:0.0121s ]
SQL: SELECT * FROM `sm_orders` WHERE `order_no` = '665820190720155854' LIMIT 1   [ RunTime:0.0485s ]
INFO: [ app_end ] --START--
INFO: Run Behavior\ShowPageTraceBehavior [ RunTime:0.001002s ]
INFO: [ app_end ] --END-- [ RunTime:0.001051s ]

[ 2019-07-20T16:45:21+08:00 ] 101.226.103.70 /orderb.php
INFO: [ app_init ] --START--
INFO: Run Behavior\BuildLiteBehavior [ RunTime:0.000015s ]
INFO: [ app_init ] --END-- [ RunTime:0.000465s ]
INFO: [ app_begin ] --START--
INFO: Run Behavior\ReadHtmlCacheBehavior [ RunTime:0.000594s ]
INFO: [ app_begin ] --END-- [ RunTime:0.000644s ]
SQL: SHOW COLUMNS FROM `sm_orders` [ RunTime:0.0119s ]
SQL: SELECT * FROM `sm_orders` WHERE `order_no` = '168620190720164515' LIMIT 1   [ RunTime:0.0562s ]
SQL: SHOW COLUMNS FROM `sm_stall` [ RunTime:0.0094s ]
SQL: SELECT `automatic` FROM `sm_stall` WHERE `stall_id` = '31' LIMIT 1   [ RunTime:0.0003s ]
SQL: SELECT `order_id` FROM `sm_orders` WHERE `order_no` = '168620190720164515' LIMIT 1   [ RunTime:0.0039s ]
SQL: SELECT `deliver_type` FROM `sm_orders` WHERE `order_id` = '8340' LIMIT 1   [ RunTime:0.0002s ]
SQL: UPDATE `sm_orders` SET `order_status`='3',`success_time`='1563612320',`payment_time`='1563612320' WHERE `order_id` = '8340' [ RunTime:0.0045s ]
SQL: SELECT `ma_id` FROM `sm_stall` WHERE `stall_id` = 0 LIMIT 1   [ RunTime:0.0002s ]
SQL: SELECT `member_list_id`,`order_no`,`create_time` FROM `sm_orders` WHERE `order_id` = '8340' LIMIT 1   [ RunTime:0.0002s ]
SQL: SHOW COLUMNS FROM `sm_merchant` [ RunTime:0.0085s ]
SQL: SELECT `appid`,`appsecret`,`take_food_id` FROM `sm_merchant` WHERE `ma_id` = null LIMIT 1   [ RunTime:0.0002s ]
SQL: SHOW COLUMNS FROM `sm_member_list` [ RunTime:0.0079s ]
SQL: SELECT `openid`,`member_name` FROM `sm_member_list` WHERE `member_list_id` = '2194' LIMIT 1   [ RunTime:0.0002s ]
SQL: SHOW COLUMNS FROM `sm_order_goods` [ RunTime:0.0090s ]
SQL: SELECT `meal_code` FROM `sm_order_goods` WHERE `order_id` = '8340' LIMIT 1   [ RunTime:0.0003s ]
NOTIC: [8] Undefined index: access_token D:\xampp\htdocs\app\Common\Common\function.php 第 363 行.
SQL: SHOW COLUMNS FROM `sm_stall_music` [ RunTime:0.0104s ]
SQL: SELECT `music` FROM `sm_stall_music` WHERE `stall_id` = '31' AND `music_type` = 1 LIMIT 1   [ RunTime:0.0003s ]

[ 2019-07-20T16:45:36+08:00 ] 101.226.103.71 /orderb.php
INFO: [ app_init ] --START--
INFO: Run Behavior\BuildLiteBehavior [ RunTime:0.000014s ]
INFO: [ app_init ] --END-- [ RunTime:0.000461s ]
INFO: [ app_begin ] --START--
INFO: Run Behavior\ReadHtmlCacheBehavior [ RunTime:0.000581s ]
INFO: [ app_begin ] --END-- [ RunTime:0.000628s ]
SQL: SHOW COLUMNS FROM `sm_orders` [ RunTime:0.0121s ]
SQL: SELECT * FROM `sm_orders` WHERE `order_no` = '168620190720164515' LIMIT 1   [ RunTime:0.0242s ]
INFO: [ app_end ] --START--
INFO: Run Behavior\ShowPageTraceBehavior [ RunTime:0.000821s ]
INFO: [ app_end ] --END-- [ RunTime:0.000868s ]

[ 2019-07-20T16:50:29+08:00 ] 101.226.103.62 /orderb.php
INFO: [ app_init ] --START--
INFO: Run Behavior\BuildLiteBehavior [ RunTime:0.000014s ]
INFO: [ app_init ] --END-- [ RunTime:0.000454s ]
INFO: [ app_begin ] --START--
INFO: Run Behavior\ReadHtmlCacheBehavior [ RunTime:0.000592s ]
INFO: [ app_begin ] --END-- [ RunTime:0.000643s ]
SQL: SHOW COLUMNS FROM `sm_orders` [ RunTime:0.0120s ]
SQL: SELECT * FROM `sm_orders` WHERE `order_no` = '699420190720165021' LIMIT 1   [ RunTime:0.0463s ]
SQL: SHOW COLUMNS FROM `sm_stall` [ RunTime:0.0089s ]
SQL: SELECT `automatic` FROM `sm_stall` WHERE `stall_id` = '31' LIMIT 1   [ RunTime:0.0003s ]
SQL: SELECT `order_id` FROM `sm_orders` WHERE `order_no` = '699420190720165021' LIMIT 1   [ RunTime:0.0039s ]
SQL: SELECT `deliver_type` FROM `sm_orders` WHERE `order_id` = '8341' LIMIT 1   [ RunTime:0.0002s ]
SQL: UPDATE `sm_orders` SET `order_status`='3',`success_time`='1563612629',`payment_time`='1563612629' WHERE `order_id` = '8341' [ RunTime:0.0037s ]
SQL: SELECT `ma_id` FROM `sm_stall` WHERE `stall_id` = 0 LIMIT 1   [ RunTime:0.0002s ]
SQL: SELECT `member_list_id`,`order_no`,`create_time` FROM `sm_orders` WHERE `order_id` = '8341' LIMIT 1   [ RunTime:0.0002s ]
SQL: SHOW COLUMNS FROM `sm_merchant` [ RunTime:0.0082s ]
SQL: SELECT `appid`,`appsecret`,`take_food_id` FROM `sm_merchant` WHERE `ma_id` = null LIMIT 1   [ RunTime:0.0002s ]
SQL: SHOW COLUMNS FROM `sm_member_list` [ RunTime:0.0078s ]
SQL: SELECT `openid`,`member_name` FROM `sm_member_list` WHERE `member_list_id` = '2193' LIMIT 1   [ RunTime:0.0002s ]
SQL: SHOW COLUMNS FROM `sm_order_goods` [ RunTime:0.0073s ]
SQL: SELECT `meal_code` FROM `sm_order_goods` WHERE `order_id` = '8341' LIMIT 1   [ RunTime:0.0002s ]
NOTIC: [8] Undefined index: access_token D:\xampp\htdocs\app\Common\Common\function.php 第 363 行.
SQL: SHOW COLUMNS FROM `sm_stall_music` [ RunTime:0.0101s ]
SQL: SELECT `music` FROM `sm_stall_music` WHERE `stall_id` = '31' AND `music_type` = 1 LIMIT 1   [ RunTime:0.0003s ]

[ 2019-07-20T16:50:45+08:00 ] 101.226.103.71 /orderb.php
INFO: [ app_init ] --START--
INFO: Run Behavior\BuildLiteBehavior [ RunTime:0.000015s ]
INFO: [ app_init ] --END-- [ RunTime:0.000501s ]
INFO: [ app_begin ] --START--
INFO: Run Behavior\ReadHtmlCacheBehavior [ RunTime:0.000774s ]
INFO: [ app_begin ] --END-- [ RunTime:0.000827s ]
SQL: SHOW COLUMNS FROM `sm_orders` [ RunTime:0.0125s ]
SQL: SELECT * FROM `sm_orders` WHERE `order_no` = '699420190720165021' LIMIT 1   [ RunTime:0.0542s ]
INFO: [ app_end ] --START--
INFO: Run Behavior\ShowPageTraceBehavior [ RunTime:0.001019s ]
INFO: [ app_end ] --END-- [ RunTime:0.001073s ]

[ 2019-07-20T16:51:15+08:00 ] 101.226.103.59 /orderb.php
INFO: [ app_init ] --START--
INFO: Run Behavior\BuildLiteBehavior [ RunTime:0.000014s ]
INFO: [ app_init ] --END-- [ RunTime:0.000445s ]
INFO: [ app_begin ] --START--
INFO: Run Behavior\ReadHtmlCacheBehavior [ RunTime:0.000706s ]
INFO: [ app_begin ] --END-- [ RunTime:0.000756s ]
SQL: SHOW COLUMNS FROM `sm_orders` [ RunTime:0.0124s ]
SQL: SELECT * FROM `sm_orders` WHERE `order_no` = '920320190720165109' LIMIT 1   [ RunTime:0.0596s ]
SQL: SHOW COLUMNS FROM `sm_stall` [ RunTime:0.0098s ]
SQL: SELECT `automatic` FROM `sm_stall` WHERE `stall_id` = '31' LIMIT 1   [ RunTime:0.0003s ]
SQL: SELECT `order_id` FROM `sm_orders` WHERE `order_no` = '920320190720165109' LIMIT 1   [ RunTime:0.0041s ]
SQL: SELECT `deliver_type` FROM `sm_orders` WHERE `order_id` = '8342' LIMIT 1   [ RunTime:0.0002s ]
SQL: UPDATE `sm_orders` SET `order_status`='3',`success_time`='1563612675',`payment_time`='1563612675' WHERE `order_id` = '8342' [ RunTime:0.0044s ]
SQL: SELECT `ma_id` FROM `sm_stall` WHERE `stall_id` = 0 LIMIT 1   [ RunTime:0.0002s ]
SQL: SELECT `member_list_id`,`order_no`,`create_time` FROM `sm_orders` WHERE `order_id` = '8342' LIMIT 1   [ RunTime:0.0002s ]
SQL: SHOW COLUMNS FROM `sm_merchant` [ RunTime:0.0090s ]
SQL: SELECT `appid`,`appsecret`,`take_food_id` FROM `sm_merchant` WHERE `ma_id` = null LIMIT 1   [ RunTime:0.0003s ]
SQL: SHOW COLUMNS FROM `sm_member_list` [ RunTime:0.0094s ]
SQL: SELECT `openid`,`member_name` FROM `sm_member_list` WHERE `member_list_id` = '2193' LIMIT 1   [ RunTime:0.0003s ]
SQL: SHOW COLUMNS FROM `sm_order_goods` [ RunTime:0.0086s ]
SQL: SELECT `meal_code` FROM `sm_order_goods` WHERE `order_id` = '8342' LIMIT 1   [ RunTime:0.0003s ]
NOTIC: [8] Undefined index: access_token D:\xampp\htdocs\app\Common\Common\function.php 第 363 行.
SQL: SHOW COLUMNS FROM `sm_stall_music` [ RunTime:0.0103s ]
SQL: SELECT `music` FROM `sm_stall_music` WHERE `stall_id` = '31' AND `music_type` = 1 LIMIT 1   [ RunTime:0.0004s ]

[ 2019-07-20T16:51:31+08:00 ] 101.226.103.69 /orderb.php
INFO: [ app_init ] --START--
INFO: Run Behavior\BuildLiteBehavior [ RunTime:0.000014s ]
INFO: [ app_init ] --END-- [ RunTime:0.000469s ]
INFO: [ app_begin ] --START--
INFO: Run Behavior\ReadHtmlCacheBehavior [ RunTime:0.000577s ]
INFO: [ app_begin ] --END-- [ RunTime:0.000624s ]
SQL: SHOW COLUMNS FROM `sm_orders` [ RunTime:0.0145s ]
SQL: SELECT * FROM `sm_orders` WHERE `order_no` = '920320190720165109' LIMIT 1   [ RunTime:0.0624s ]
INFO: [ app_end ] --START--
INFO: Run Behavior\ShowPageTraceBehavior [ RunTime:0.001040s ]
INFO: [ app_end ] --END-- [ RunTime:0.001092s ]

[ 2019-07-20T16:57:57+08:00 ] 101.226.103.59 /orderb.php
INFO: [ app_init ] --START--
INFO: Run Behavior\BuildLiteBehavior [ RunTime:0.000014s ]
INFO: [ app_init ] --END-- [ RunTime:0.000464s ]
INFO: [ app_begin ] --START--
INFO: Run Behavior\ReadHtmlCacheBehavior [ RunTime:0.000592s ]
INFO: [ app_begin ] --END-- [ RunTime:0.000643s ]
SQL: SHOW COLUMNS FROM `sm_orders` [ RunTime:0.0130s ]
SQL: SELECT * FROM `sm_orders` WHERE `order_no` = '553520190720165750' LIMIT 1   [ RunTime:0.0579s ]
SQL: SHOW COLUMNS FROM `sm_stall` [ RunTime:0.0103s ]
SQL: SELECT `automatic` FROM `sm_stall` WHERE `stall_id` = '31' LIMIT 1   [ RunTime:0.0003s ]
SQL: UPDATE `sm_orders` SET `trade_no`='4200000342201907205178586211',`payment_time`='1563613077',`order_status`='2' WHERE `order_no` = '553520190720165750' [ RunTime:0.0180s ]
SQL: SHOW COLUMNS FROM `sm_stall_music` [ RunTime:0.0079s ]
SQL: SELECT `music` FROM `sm_stall_music` WHERE `stall_id` = '31' AND `music_type` = 1 LIMIT 1   [ RunTime:0.0004s ]

[ 2019-07-20T16:58:13+08:00 ] 101.226.103.62 /orderb.php
INFO: [ app_init ] --START--
INFO: Run Behavior\BuildLiteBehavior [ RunTime:0.000017s ]
INFO: [ app_init ] --END-- [ RunTime:0.000467s ]
INFO: [ app_begin ] --START--
INFO: Run Behavior\ReadHtmlCacheBehavior [ RunTime:0.000599s ]
INFO: [ app_begin ] --END-- [ RunTime:0.000656s ]
SQL: SHOW COLUMNS FROM `sm_orders` [ RunTime:0.0134s ]
SQL: SELECT * FROM `sm_orders` WHERE `order_no` = '553520190720165750' LIMIT 1   [ RunTime:0.0347s ]
INFO: [ app_end ] --START--
INFO: Run Behavior\ShowPageTraceBehavior [ RunTime:0.000929s ]
INFO: [ app_end ] --END-- [ RunTime:0.000978s ]

[ 2019-07-20T16:59:21+08:00 ] 101.226.103.71 /orderb.php
INFO: [ app_init ] --START--
INFO: Run Behavior\BuildLiteBehavior [ RunTime:0.000014s ]
INFO: [ app_init ] --END-- [ RunTime:0.000474s ]
INFO: [ app_begin ] --START--
INFO: Run Behavior\ReadHtmlCacheBehavior [ RunTime:0.000601s ]
INFO: [ app_begin ] --END-- [ RunTime:0.000654s ]
SQL: SHOW COLUMNS FROM `sm_orders` [ RunTime:0.0129s ]
SQL: SELECT * FROM `sm_orders` WHERE `order_no` = '609120190720165914' LIMIT 1   [ RunTime:0.0631s ]
SQL: SHOW COLUMNS FROM `sm_stall` [ RunTime:0.0136s ]
SQL: SELECT `automatic` FROM `sm_stall` WHERE `stall_id` = '31' LIMIT 1   [ RunTime:0.0003s ]
SQL: UPDATE `sm_orders` SET `trade_no`='4200000357201907205986475551',`payment_time`='1563613161',`order_status`='2' WHERE `order_no` = '609120190720165914' [ RunTime:0.0183s ]
SQL: SHOW COLUMNS FROM `sm_stall_music` [ RunTime:0.0094s ]
SQL: SELECT `music` FROM `sm_stall_music` WHERE `stall_id` = '31' AND `music_type` = 1 LIMIT 1   [ RunTime:0.0004s ]

[ 2019-07-20T16:59:36+08:00 ] 101.226.103.62 /orderb.php
INFO: [ app_init ] --START--
INFO: Run Behavior\BuildLiteBehavior [ RunTime:0.000014s ]
INFO: [ app_init ] --END-- [ RunTime:0.000452s ]
INFO: [ app_begin ] --START--
INFO: Run Behavior\ReadHtmlCacheBehavior [ RunTime:0.000703s ]
INFO: [ app_begin ] --END-- [ RunTime:0.000754s ]
SQL: SHOW COLUMNS FROM `sm_orders` [ RunTime:0.0129s ]
SQL: SELECT * FROM `sm_orders` WHERE `order_no` = '609120190720165914' LIMIT 1   [ RunTime:0.0263s ]
INFO: [ app_end ] --START--
INFO: Run Behavior\ShowPageTraceBehavior [ RunTime:0.001024s ]
INFO: [ app_end ] --END-- [ RunTime:0.001073s ]

[ 2019-07-20T17:29:30+08:00 ] 101.226.103.70 /orderb.php
INFO: [ app_init ] --START--
INFO: Run Behavior\BuildLiteBehavior [ RunTime:0.000013s ]
INFO: [ app_init ] --END-- [ RunTime:0.000452s ]
INFO: [ app_begin ] --START--
INFO: Run Behavior\ReadHtmlCacheBehavior [ RunTime:0.000569s ]
INFO: [ app_begin ] --END-- [ RunTime:0.000619s ]
SQL: SHOW COLUMNS FROM `sm_orders` [ RunTime:0.0125s ]
SQL: SELECT * FROM `sm_orders` WHERE `order_no` = '550820190720172922' LIMIT 1   [ RunTime:0.0505s ]
SQL: SHOW COLUMNS FROM `sm_stall` [ RunTime:0.0096s ]
SQL: SELECT `automatic` FROM `sm_stall` WHERE `stall_id` = '31' LIMIT 1   [ RunTime:0.0003s ]
SQL: UPDATE `sm_orders` SET `trade_no`='4200000351201907202327361706',`payment_time`='1563614970',`order_status`='2' WHERE `order_no` = '550820190720172922' [ RunTime:0.0168s ]
SQL: SHOW COLUMNS FROM `sm_stall_music` [ RunTime:0.0084s ]
SQL: SELECT `music` FROM `sm_stall_music` WHERE `stall_id` = '31' AND `music_type` = 1 LIMIT 1   [ RunTime:0.0003s ]

[ 2019-07-20T17:29:47+08:00 ] 101.226.103.60 /orderb.php
INFO: [ app_init ] --START--
INFO: Run Behavior\BuildLiteBehavior [ RunTime:0.000014s ]
INFO: [ app_init ] --END-- [ RunTime:0.000458s ]
INFO: [ app_begin ] --START--
INFO: Run Behavior\ReadHtmlCacheBehavior [ RunTime:0.000560s ]
INFO: [ app_begin ] --END-- [ RunTime:0.000611s ]
SQL: SHOW COLUMNS FROM `sm_orders` [ RunTime:0.0127s ]
SQL: SELECT * FROM `sm_orders` WHERE `order_no` = '550820190720172922' LIMIT 1   [ RunTime:0.0330s ]
INFO: [ app_end ] --START--
INFO: Run Behavior\ShowPageTraceBehavior [ RunTime:0.001020s ]
INFO: [ app_end ] --END-- [ RunTime:0.001070s ]

[ 2019-07-20T19:28:35+08:00 ] 101.226.103.60 /orderb.php
INFO: [ app_init ] --START--
INFO: Run Behavior\BuildLiteBehavior [ RunTime:0.000015s ]
INFO: [ app_init ] --END-- [ RunTime:0.000534s ]
INFO: [ app_begin ] --START--
INFO: Run Behavior\ReadHtmlCacheBehavior [ RunTime:0.000629s ]
INFO: [ app_begin ] --END-- [ RunTime:0.000687s ]
SQL: SHOW COLUMNS FROM `sm_orders` [ RunTime:0.0175s ]
SQL: SELECT * FROM `sm_orders` WHERE `order_no` = '174220190720192828' LIMIT 1   [ RunTime:0.0248s ]
SQL: SHOW COLUMNS FROM `sm_stall` [ RunTime:0.0184s ]
SQL: SELECT `automatic` FROM `sm_stall` WHERE `stall_id` = '31' LIMIT 1   [ RunTime:0.0003s ]
SQL: UPDATE `sm_orders` SET `trade_no`='4200000345201907200832968517',`payment_time`='1563622115',`order_status`='2' WHERE `order_no` = '174220190720192828' [ RunTime:0.0298s ]
SQL: SHOW COLUMNS FROM `sm_stall_music` [ RunTime:0.0230s ]
SQL: SELECT `music` FROM `sm_stall_music` WHERE `stall_id` = '31' AND `music_type` = 1 LIMIT 1   [ RunTime:0.0005s ]

[ 2019-07-20T19:28:50+08:00 ] 101.226.103.60 /orderb.php
INFO: [ app_init ] --START--
INFO: Run Behavior\BuildLiteBehavior [ RunTime:0.000015s ]
INFO: [ app_init ] --END-- [ RunTime:0.000469s ]
INFO: [ app_begin ] --START--
INFO: Run Behavior\ReadHtmlCacheBehavior [ RunTime:0.000614s ]
INFO: [ app_begin ] --END-- [ RunTime:0.000667s ]
SQL: SHOW COLUMNS FROM `sm_orders` [ RunTime:0.0128s ]
SQL: SELECT * FROM `sm_orders` WHERE `order_no` = '174220190720192828' LIMIT 1   [ RunTime:0.0326s ]
INFO: [ app_end ] --START--
INFO: Run Behavior\ShowPageTraceBehavior [ RunTime:0.001037s ]
INFO: [ app_end ] --END-- [ RunTime:0.001099s ]

