[ 2019-07-20T09:33:32+08:00 ] 140.207.54.77 /orderb.php
INFO: [ app_init ] --START--
INFO: Run Behavior\BuildLiteBehavior [ RunTime:0.000018s ]
INFO: [ app_init ] --END-- [ RunTime:0.000089s ]
ERR: 无法加载模块:Small

[ 2019-07-20T09:33:48+08:00 ] 183.3.234.45 /orderb.php
INFO: [ app_init ] --START--
INFO: Run Behavior\BuildLiteBehavior [ RunTime:0.000014s ]
INFO: [ app_init ] --END-- [ RunTime:0.000522s ]
ERR: 无法加载模块:Small

[ 2019-07-20T09:34:03+08:00 ] 101.226.103.69 /orderb.php
INFO: [ app_init ] --START--
INFO: Run Behavior\BuildLiteBehavior [ RunTime:0.000014s ]
INFO: [ app_init ] --END-- [ RunTime:0.000503s ]
ERR: 无法加载模块:Small

[ 2019-07-20T09:34:34+08:00 ] 140.207.54.76 /orderb.php
INFO: [ app_init ] --START--
INFO: Run Behavior\BuildLiteBehavior [ RunTime:0.000015s ]
INFO: [ app_init ] --END-- [ RunTime:0.000506s ]
ERR: 无法加载模块:Small

