[ 2019-09-05T00:19:09+08:00 ] 103.93.16.16 /
INFO: [ app_init ] --START--
INFO: Run Behavior\BuildLiteBehavior [ RunTime:0.000023s ]
INFO: [ app_init ] --END-- [ RunTime:0.000377s ]
INFO: [ app_begin ] --START--
INFO: Run Behavior\ReadHtmlCacheBehavior [ RunTime:0.000576s ]
INFO: [ app_begin ] --END-- [ RunTime:0.000633s ]
NOTIC: [8] Undefined index: HTTP_REFERER D:\xampp\htdocs\app\Common\Controller\CommonController.class.php 第 13 行.
NOTIC: [8] Undefined index: HTTP_REFERER D:\xampp\htdocs\app\Common\Controller\CommonController.class.php 第 14 行.
SQL: SHOW COLUMNS FROM `sm_sysconfig` [ RunTime:0.0129s ]
SQL: SELECT * FROM `sm_sysconfig` WHERE `aid` IN ('1','17','7','36','37','38','40','41','42','43','44','')  [ RunTime:0.0004s ]

[ 2019-09-05T00:24:13+08:00 ] 47.98.104.189 /
INFO: [ app_init ] --START--
INFO: Run Behavior\BuildLiteBehavior [ RunTime:0.000014s ]
INFO: [ app_init ] --END-- [ RunTime:0.000368s ]
INFO: [ app_begin ] --START--
INFO: Run Behavior\ReadHtmlCacheBehavior [ RunTime:0.000632s ]
INFO: [ app_begin ] --END-- [ RunTime:0.000683s ]
NOTIC: [8] Undefined index: HTTP_REFERER D:\xampp\htdocs\app\Common\Controller\CommonController.class.php 第 13 行.
NOTIC: [8] Undefined index: HTTP_REFERER D:\xampp\htdocs\app\Common\Controller\CommonController.class.php 第 14 行.
SQL: SHOW COLUMNS FROM `sm_sysconfig` [ RunTime:0.0130s ]
SQL: SELECT * FROM `sm_sysconfig` WHERE `aid` IN ('1','17','7','36','37','38','40','41','42','43','44','')  [ RunTime:0.0004s ]

[ 2019-09-05T00:24:13+08:00 ] 47.98.104.189 /index.php?m=Shop&c=Login&a=login
INFO: [ app_init ] --START--
INFO: Run Behavior\BuildLiteBehavior [ RunTime:0.000014s ]
INFO: [ app_init ] --END-- [ RunTime:0.000318s ]
INFO: [ app_begin ] --START--
INFO: Run Behavior\ReadHtmlCacheBehavior [ RunTime:0.000579s ]
INFO: [ app_begin ] --END-- [ RunTime:0.000628s ]
NOTIC: [8] Undefined index: HTTP_REFERER D:\xampp\htdocs\app\Common\Controller\CommonController.class.php 第 13 行.
NOTIC: [8] Undefined index: HTTP_REFERER D:\xampp\htdocs\app\Common\Controller\CommonController.class.php 第 14 行.
SQL: SHOW COLUMNS FROM `sm_sysconfig` [ RunTime:0.0055s ]
SQL: SELECT * FROM `sm_sysconfig` WHERE `aid` IN ('1','17','7','36','37','38','40','41','42','43','44','')  [ RunTime:0.0004s ]
INFO: [ view_parse ] --START--
INFO: [ template_filter ] --START--
INFO: Run Behavior\ContentReplaceBehavior [ RunTime:0.000076s ]
INFO: [ template_filter ] --END-- [ RunTime:0.000118s ]
INFO: Run Behavior\ParseTemplateBehavior [ RunTime:0.031254s ]
INFO: [ view_parse ] --END-- [ RunTime:0.031319s ]
INFO: [ view_filter ] --START--
INFO: Run Behavior\WriteHtmlCacheBehavior [ RunTime:0.000418s ]
INFO: [ view_filter ] --END-- [ RunTime:0.000459s ]
INFO: [ app_end ] --START--
INFO: Run Behavior\ShowPageTraceBehavior [ RunTime:0.000572s ]
INFO: [ app_end ] --END-- [ RunTime:0.000612s ]

[ 2019-09-05T00:24:14+08:00 ] 47.98.104.189 /index.php?m=Shop&c=Login&a=verify
INFO: [ app_init ] --START--
INFO: Run Behavior\BuildLiteBehavior [ RunTime:0.000012s ]
INFO: [ app_init ] --END-- [ RunTime:0.000356s ]
INFO: [ app_begin ] --START--
INFO: Run Behavior\ReadHtmlCacheBehavior [ RunTime:0.000607s ]
INFO: [ app_begin ] --END-- [ RunTime:0.000654s ]
NOTIC: [8] Undefined index: HTTP_REFERER D:\xampp\htdocs\app\Common\Controller\CommonController.class.php 第 13 行.
NOTIC: [8] Undefined index: HTTP_REFERER D:\xampp\htdocs\app\Common\Controller\CommonController.class.php 第 14 行.
SQL: SHOW COLUMNS FROM `sm_sysconfig` [ RunTime:0.0122s ]
SQL: SELECT * FROM `sm_sysconfig` WHERE `aid` IN ('1','17','7','36','37','38','40','41','42','43','44','')  [ RunTime:0.0004s ]
INFO: [ app_end ] --START--
INFO: Run Behavior\ShowPageTraceBehavior [ RunTime:0.000573s ]
INFO: [ app_end ] --END-- [ RunTime:0.000627s ]

[ 2019-09-05T00:38:48+08:00 ] 198.108.66.32 /
INFO: [ app_init ] --START--
INFO: Run Behavior\BuildLiteBehavior [ RunTime:0.000014s ]
INFO: [ app_init ] --END-- [ RunTime:0.000419s ]
INFO: [ app_begin ] --START--
INFO: Run Behavior\ReadHtmlCacheBehavior [ RunTime:0.000683s ]
INFO: [ app_begin ] --END-- [ RunTime:0.000735s ]
NOTIC: [8] Undefined index: HTTP_REFERER D:\xampp\htdocs\app\Common\Controller\CommonController.class.php 第 13 行.
NOTIC: [8] Undefined index: HTTP_REFERER D:\xampp\htdocs\app\Common\Controller\CommonController.class.php 第 14 行.
SQL: SHOW COLUMNS FROM `sm_sysconfig` [ RunTime:0.0126s ]
SQL: SELECT * FROM `sm_sysconfig` WHERE `aid` IN ('1','17','7','36','37','38','40','41','42','43','44','')  [ RunTime:0.0004s ]

[ 2019-09-05T00:38:49+08:00 ] 198.108.66.32 /index.php?m=Shop&c=Login&a=login
INFO: [ app_init ] --START--
INFO: Run Behavior\BuildLiteBehavior [ RunTime:0.000014s ]
INFO: [ app_init ] --END-- [ RunTime:0.000317s ]
INFO: [ app_begin ] --START--
INFO: Run Behavior\ReadHtmlCacheBehavior [ RunTime:0.000588s ]
INFO: [ app_begin ] --END-- [ RunTime:0.000638s ]
SQL: SHOW COLUMNS FROM `sm_sysconfig` [ RunTime:0.0116s ]
SQL: SELECT * FROM `sm_sysconfig` WHERE `aid` IN ('1','17','7','36','37','38','40','41','42','43','44','')  [ RunTime:0.0004s ]
INFO: [ view_parse ] --START--
INFO: [ template_filter ] --START--
INFO: Run Behavior\ContentReplaceBehavior [ RunTime:0.000082s ]
INFO: [ template_filter ] --END-- [ RunTime:0.000127s ]
INFO: Run Behavior\ParseTemplateBehavior [ RunTime:0.007204s ]
INFO: [ view_parse ] --END-- [ RunTime:0.007255s ]
INFO: [ view_filter ] --START--
INFO: Run Behavior\WriteHtmlCacheBehavior [ RunTime:0.000370s ]
INFO: [ view_filter ] --END-- [ RunTime:0.000407s ]
INFO: [ app_end ] --START--
INFO: Run Behavior\ShowPageTraceBehavior [ RunTime:0.000521s ]
INFO: [ app_end ] --END-- [ RunTime:0.000559s ]

[ 2019-09-05T01:49:47+08:00 ] 180.253.20.32 /
INFO: [ app_init ] --START--
INFO: Run Behavior\BuildLiteBehavior [ RunTime:0.000013s ]
INFO: [ app_init ] --END-- [ RunTime:0.000356s ]
INFO: [ app_begin ] --START--
INFO: Run Behavior\ReadHtmlCacheBehavior [ RunTime:0.000566s ]
INFO: [ app_begin ] --END-- [ RunTime:0.000616s ]
NOTIC: [8] Undefined index: HTTP_REFERER D:\xampp\htdocs\app\Common\Controller\CommonController.class.php 第 13 行.
NOTIC: [8] Undefined index: HTTP_REFERER D:\xampp\htdocs\app\Common\Controller\CommonController.class.php 第 14 行.
SQL: SHOW COLUMNS FROM `sm_sysconfig` [ RunTime:0.0126s ]
SQL: SELECT * FROM `sm_sysconfig` WHERE `aid` IN ('1','17','7','36','37','38','40','41','42','43','44','')  [ RunTime:0.0004s ]

[ 2019-09-05T01:58:05+08:00 ] 183.91.66.3 /
INFO: [ app_init ] --START--
INFO: Run Behavior\BuildLiteBehavior [ RunTime:0.000014s ]
INFO: [ app_init ] --END-- [ RunTime:0.000399s ]
INFO: [ app_begin ] --START--
INFO: Run Behavior\ReadHtmlCacheBehavior [ RunTime:0.000682s ]
INFO: [ app_begin ] --END-- [ RunTime:0.000733s ]
NOTIC: [8] Undefined index: HTTP_REFERER D:\xampp\htdocs\app\Common\Controller\CommonController.class.php 第 13 行.
NOTIC: [8] Undefined index: HTTP_REFERER D:\xampp\htdocs\app\Common\Controller\CommonController.class.php 第 14 行.
SQL: SHOW COLUMNS FROM `sm_sysconfig` [ RunTime:0.0128s ]
SQL: SELECT * FROM `sm_sysconfig` WHERE `aid` IN ('1','17','7','36','37','38','40','41','42','43','44','')  [ RunTime:0.0004s ]

[ 2019-09-05T02:27:38+08:00 ] 185.173.35.33 /
INFO: [ app_init ] --START--
INFO: Run Behavior\BuildLiteBehavior [ RunTime:0.000014s ]
INFO: [ app_init ] --END-- [ RunTime:0.000369s ]
INFO: [ app_begin ] --START--
INFO: Run Behavior\ReadHtmlCacheBehavior [ RunTime:0.000618s ]
INFO: [ app_begin ] --END-- [ RunTime:0.000666s ]
NOTIC: [8] Undefined index: HTTP_REFERER D:\xampp\htdocs\app\Common\Controller\CommonController.class.php 第 13 行.
NOTIC: [8] Undefined index: HTTP_REFERER D:\xampp\htdocs\app\Common\Controller\CommonController.class.php 第 14 行.
SQL: SHOW COLUMNS FROM `sm_sysconfig` [ RunTime:0.0130s ]
SQL: SELECT * FROM `sm_sysconfig` WHERE `aid` IN ('1','17','7','36','37','38','40','41','42','43','44','')  [ RunTime:0.0004s ]

[ 2019-09-05T02:46:42+08:00 ] 3.112.251.68 /
INFO: [ app_init ] --START--
INFO: Run Behavior\BuildLiteBehavior [ RunTime:0.000015s ]
INFO: [ app_init ] --END-- [ RunTime:0.000415s ]
INFO: [ app_begin ] --START--
INFO: Run Behavior\ReadHtmlCacheBehavior [ RunTime:0.000668s ]
INFO: [ app_begin ] --END-- [ RunTime:0.000725s ]
NOTIC: [8] Undefined index: HTTP_REFERER D:\xampp\htdocs\app\Common\Controller\CommonController.class.php 第 13 行.
NOTIC: [8] Undefined index: HTTP_REFERER D:\xampp\htdocs\app\Common\Controller\CommonController.class.php 第 14 行.
SQL: SHOW COLUMNS FROM `sm_sysconfig` [ RunTime:0.0135s ]
SQL: SELECT * FROM `sm_sysconfig` WHERE `aid` IN ('1','17','7','36','37','38','40','41','42','43','44','')  [ RunTime:0.0005s ]

[ 2019-09-05T03:25:23+08:00 ] 47.100.130.114 /
INFO: [ app_init ] --START--
INFO: Run Behavior\BuildLiteBehavior [ RunTime:0.000015s ]
INFO: [ app_init ] --END-- [ RunTime:0.000382s ]
INFO: [ app_begin ] --START--
INFO: Run Behavior\ReadHtmlCacheBehavior [ RunTime:0.000665s ]
INFO: [ app_begin ] --END-- [ RunTime:0.000719s ]
NOTIC: [8] Undefined index: HTTP_REFERER D:\xampp\htdocs\app\Common\Controller\CommonController.class.php 第 13 行.
NOTIC: [8] Undefined index: HTTP_REFERER D:\xampp\htdocs\app\Common\Controller\CommonController.class.php 第 14 行.
SQL: SHOW COLUMNS FROM `sm_sysconfig` [ RunTime:0.0140s ]
SQL: SELECT * FROM `sm_sysconfig` WHERE `aid` IN ('1','17','7','36','37','38','40','41','42','43','44','')  [ RunTime:0.0004s ]

[ 2019-09-05T03:28:29+08:00 ] 181.129.9.138 /
INFO: [ app_init ] --START--
INFO: Run Behavior\BuildLiteBehavior [ RunTime:0.000014s ]
INFO: [ app_init ] --END-- [ RunTime:0.000380s ]
INFO: [ app_begin ] --START--
INFO: Run Behavior\ReadHtmlCacheBehavior [ RunTime:0.000689s ]
INFO: [ app_begin ] --END-- [ RunTime:0.000741s ]
NOTIC: [8] Undefined index: HTTP_REFERER D:\xampp\htdocs\app\Common\Controller\CommonController.class.php 第 13 行.
NOTIC: [8] Undefined index: HTTP_REFERER D:\xampp\htdocs\app\Common\Controller\CommonController.class.php 第 14 行.
SQL: SHOW COLUMNS FROM `sm_sysconfig` [ RunTime:0.0139s ]
SQL: SELECT * FROM `sm_sysconfig` WHERE `aid` IN ('1','17','7','36','37','38','40','41','42','43','44','')  [ RunTime:0.0004s ]

[ 2019-09-05T04:39:56+08:00 ] 191.205.37.80 /
INFO: [ app_init ] --START--
INFO: Run Behavior\BuildLiteBehavior [ RunTime:0.000015s ]
INFO: [ app_init ] --END-- [ RunTime:0.000374s ]
INFO: [ app_begin ] --START--
INFO: Run Behavior\ReadHtmlCacheBehavior [ RunTime:0.000631s ]
INFO: [ app_begin ] --END-- [ RunTime:0.000681s ]
NOTIC: [8] Undefined index: HTTP_REFERER D:\xampp\htdocs\app\Common\Controller\CommonController.class.php 第 13 行.
NOTIC: [8] Undefined index: HTTP_REFERER D:\xampp\htdocs\app\Common\Controller\CommonController.class.php 第 14 行.
SQL: SHOW COLUMNS FROM `sm_sysconfig` [ RunTime:0.0131s ]
SQL: SELECT * FROM `sm_sysconfig` WHERE `aid` IN ('1','17','7','36','37','38','40','41','42','43','44','')  [ RunTime:0.0004s ]

[ 2019-09-05T04:51:48+08:00 ] 118.25.17.135 /
INFO: [ app_init ] --START--
INFO: Run Behavior\BuildLiteBehavior [ RunTime:0.000020s ]
INFO: [ app_init ] --END-- [ RunTime:0.000531s ]
INFO: [ app_begin ] --START--
INFO: Run Behavior\ReadHtmlCacheBehavior [ RunTime:0.000875s ]
INFO: [ app_begin ] --END-- [ RunTime:0.000947s ]
NOTIC: [8] Undefined index: HTTP_REFERER D:\xampp\htdocs\app\Common\Controller\CommonController.class.php 第 13 行.
NOTIC: [8] Undefined index: HTTP_REFERER D:\xampp\htdocs\app\Common\Controller\CommonController.class.php 第 14 行.
SQL: SHOW COLUMNS FROM `sm_sysconfig` [ RunTime:0.0113s ]
SQL: SELECT * FROM `sm_sysconfig` WHERE `aid` IN ('1','17','7','36','37','38','40','41','42','43','44','')  [ RunTime:0.0004s ]

[ 2019-09-05T04:51:48+08:00 ] 118.25.17.135 /index.php?m=Shop&c=Login&a=login
INFO: [ app_init ] --START--
INFO: Run Behavior\BuildLiteBehavior [ RunTime:0.000014s ]
INFO: [ app_init ] --END-- [ RunTime:0.000361s ]
INFO: [ app_begin ] --START--
INFO: Run Behavior\ReadHtmlCacheBehavior [ RunTime:0.000551s ]
INFO: [ app_begin ] --END-- [ RunTime:0.000608s ]
NOTIC: [8] Undefined index: HTTP_REFERER D:\xampp\htdocs\app\Common\Controller\CommonController.class.php 第 13 行.
NOTIC: [8] Undefined index: HTTP_REFERER D:\xampp\htdocs\app\Common\Controller\CommonController.class.php 第 14 行.
SQL: SHOW COLUMNS FROM `sm_sysconfig` [ RunTime:0.0099s ]
SQL: SELECT * FROM `sm_sysconfig` WHERE `aid` IN ('1','17','7','36','37','38','40','41','42','43','44','')  [ RunTime:0.0004s ]
INFO: [ view_parse ] --START--
INFO: [ template_filter ] --START--
INFO: Run Behavior\ContentReplaceBehavior [ RunTime:0.000074s ]
INFO: [ template_filter ] --END-- [ RunTime:0.000124s ]
INFO: Run Behavior\ParseTemplateBehavior [ RunTime:0.007237s ]
INFO: [ view_parse ] --END-- [ RunTime:0.007292s ]
INFO: [ view_filter ] --START--
INFO: Run Behavior\WriteHtmlCacheBehavior [ RunTime:0.000402s ]
INFO: [ view_filter ] --END-- [ RunTime:0.000445s ]
INFO: [ app_end ] --START--
INFO: Run Behavior\ShowPageTraceBehavior [ RunTime:0.000535s ]
INFO: [ app_end ] --END-- [ RunTime:0.000578s ]

[ 2019-09-05T04:57:58+08:00 ] 183.136.190.62 /
INFO: [ app_init ] --START--
INFO: Run Behavior\BuildLiteBehavior [ RunTime:0.000013s ]
INFO: [ app_init ] --END-- [ RunTime:0.000371s ]
INFO: [ app_begin ] --START--
INFO: Run Behavior\ReadHtmlCacheBehavior [ RunTime:0.000625s ]
INFO: [ app_begin ] --END-- [ RunTime:0.000676s ]
NOTIC: [8] Undefined index: HTTP_REFERER D:\xampp\htdocs\app\Common\Controller\CommonController.class.php 第 13 行.
NOTIC: [8] Undefined index: HTTP_REFERER D:\xampp\htdocs\app\Common\Controller\CommonController.class.php 第 14 行.
SQL: SHOW COLUMNS FROM `sm_sysconfig` [ RunTime:0.0128s ]
SQL: SELECT * FROM `sm_sysconfig` WHERE `aid` IN ('1','17','7','36','37','38','40','41','42','43','44','')  [ RunTime:0.0004s ]

[ 2019-09-05T05:19:41+08:00 ] 169.197.108.42 /
INFO: [ app_init ] --START--
INFO: Run Behavior\BuildLiteBehavior [ RunTime:0.000014s ]
INFO: [ app_init ] --END-- [ RunTime:0.000352s ]
INFO: [ app_begin ] --START--
INFO: Run Behavior\ReadHtmlCacheBehavior [ RunTime:0.000624s ]
INFO: [ app_begin ] --END-- [ RunTime:0.000676s ]
NOTIC: [8] Undefined index: HTTP_REFERER D:\xampp\htdocs\app\Common\Controller\CommonController.class.php 第 13 行.
NOTIC: [8] Undefined index: HTTP_REFERER D:\xampp\htdocs\app\Common\Controller\CommonController.class.php 第 14 行.
SQL: SHOW COLUMNS FROM `sm_sysconfig` [ RunTime:0.0130s ]
SQL: SELECT * FROM `sm_sysconfig` WHERE `aid` IN ('1','17','7','36','37','38','40','41','42','43','44','')  [ RunTime:0.0004s ]

[ 2019-09-05T05:19:41+08:00 ] 169.197.108.42 /index.php?m=Shop&c=Login&a=login
INFO: [ app_init ] --START--
INFO: Run Behavior\BuildLiteBehavior [ RunTime:0.000012s ]
INFO: [ app_init ] --END-- [ RunTime:0.000312s ]
INFO: [ app_begin ] --START--
INFO: Run Behavior\ReadHtmlCacheBehavior [ RunTime:0.000562s ]
INFO: [ app_begin ] --END-- [ RunTime:0.000610s ]
SQL: SHOW COLUMNS FROM `sm_sysconfig` [ RunTime:0.0061s ]
SQL: SELECT * FROM `sm_sysconfig` WHERE `aid` IN ('1','17','7','36','37','38','40','41','42','43','44','')  [ RunTime:0.0004s ]
INFO: [ view_parse ] --START--
INFO: [ template_filter ] --START--
INFO: Run Behavior\ContentReplaceBehavior [ RunTime:0.000078s ]
INFO: [ template_filter ] --END-- [ RunTime:0.000123s ]
INFO: Run Behavior\ParseTemplateBehavior [ RunTime:0.006917s ]
INFO: [ view_parse ] --END-- [ RunTime:0.006971s ]
INFO: [ view_filter ] --START--
INFO: Run Behavior\WriteHtmlCacheBehavior [ RunTime:0.000382s ]
INFO: [ view_filter ] --END-- [ RunTime:0.000419s ]
INFO: [ app_end ] --START--
INFO: Run Behavior\ShowPageTraceBehavior [ RunTime:0.000609s ]
INFO: [ app_end ] --END-- [ RunTime:0.000650s ]

[ 2019-09-05T05:58:17+08:00 ] 128.14.234.194 /
INFO: [ app_init ] --START--
INFO: Run Behavior\BuildLiteBehavior [ RunTime:0.000013s ]
INFO: [ app_init ] --END-- [ RunTime:0.000358s ]
INFO: [ app_begin ] --START--
INFO: Run Behavior\ReadHtmlCacheBehavior [ RunTime:0.000626s ]
INFO: [ app_begin ] --END-- [ RunTime:0.000674s ]
NOTIC: [8] Undefined index: HTTP_REFERER D:\xampp\htdocs\app\Common\Controller\CommonController.class.php 第 13 行.
NOTIC: [8] Undefined index: HTTP_REFERER D:\xampp\htdocs\app\Common\Controller\CommonController.class.php 第 14 行.
SQL: SHOW COLUMNS FROM `sm_sysconfig` [ RunTime:0.0136s ]
SQL: SELECT * FROM `sm_sysconfig` WHERE `aid` IN ('1','17','7','36','37','38','40','41','42','43','44','')  [ RunTime:0.0004s ]

[ 2019-09-05T05:58:18+08:00 ] 128.14.234.194 /index.php?m=Shop&c=Login&a=login
INFO: [ app_init ] --START--
INFO: Run Behavior\BuildLiteBehavior [ RunTime:0.000015s ]
INFO: [ app_init ] --END-- [ RunTime:0.000323s ]
INFO: [ app_begin ] --START--
INFO: Run Behavior\ReadHtmlCacheBehavior [ RunTime:0.000641s ]
INFO: [ app_begin ] --END-- [ RunTime:0.000711s ]
NOTIC: [8] Undefined index: HTTP_REFERER D:\xampp\htdocs\app\Common\Controller\CommonController.class.php 第 13 行.
NOTIC: [8] Undefined index: HTTP_REFERER D:\xampp\htdocs\app\Common\Controller\CommonController.class.php 第 14 行.
SQL: SHOW COLUMNS FROM `sm_sysconfig` [ RunTime:0.0136s ]
SQL: SELECT * FROM `sm_sysconfig` WHERE `aid` IN ('1','17','7','36','37','38','40','41','42','43','44','')  [ RunTime:0.0004s ]
INFO: [ view_parse ] --START--
INFO: [ template_filter ] --START--
INFO: Run Behavior\ContentReplaceBehavior [ RunTime:0.000078s ]
INFO: [ template_filter ] --END-- [ RunTime:0.000121s ]
INFO: Run Behavior\ParseTemplateBehavior [ RunTime:0.006816s ]
INFO: [ view_parse ] --END-- [ RunTime:0.006868s ]
INFO: [ view_filter ] --START--
INFO: Run Behavior\WriteHtmlCacheBehavior [ RunTime:0.000363s ]
INFO: [ view_filter ] --END-- [ RunTime:0.000402s ]
INFO: [ app_end ] --START--
INFO: Run Behavior\ShowPageTraceBehavior [ RunTime:0.000519s ]
INFO: [ app_end ] --END-- [ RunTime:0.000560s ]

[ 2019-09-05T06:14:51+08:00 ] 66.249.79.105 /
INFO: [ app_init ] --START--
INFO: Run Behavior\BuildLiteBehavior [ RunTime:0.000019s ]
INFO: [ app_init ] --END-- [ RunTime:0.000457s ]
INFO: [ app_begin ] --START--
INFO: Run Behavior\ReadHtmlCacheBehavior [ RunTime:0.000678s ]
INFO: [ app_begin ] --END-- [ RunTime:0.000726s ]
NOTIC: [8] Undefined index: HTTP_REFERER D:\xampp\htdocs\app\Common\Controller\CommonController.class.php 第 13 行.
NOTIC: [8] Undefined index: HTTP_REFERER D:\xampp\htdocs\app\Common\Controller\CommonController.class.php 第 14 行.
SQL: SHOW COLUMNS FROM `sm_sysconfig` [ RunTime:0.0131s ]
SQL: SELECT * FROM `sm_sysconfig` WHERE `aid` IN ('1','17','7','36','37','38','40','41','42','43','44','')  [ RunTime:0.0004s ]

[ 2019-09-05T06:14:52+08:00 ] 66.249.79.107 /index.php?m=Shop&c=Login&a=login
INFO: [ app_init ] --START--
INFO: Run Behavior\BuildLiteBehavior [ RunTime:0.000014s ]
INFO: [ app_init ] --END-- [ RunTime:0.000366s ]
INFO: [ app_begin ] --START--
INFO: Run Behavior\ReadHtmlCacheBehavior [ RunTime:0.000652s ]
INFO: [ app_begin ] --END-- [ RunTime:0.000703s ]
NOTIC: [8] Undefined index: HTTP_REFERER D:\xampp\htdocs\app\Common\Controller\CommonController.class.php 第 13 行.
NOTIC: [8] Undefined index: HTTP_REFERER D:\xampp\htdocs\app\Common\Controller\CommonController.class.php 第 14 行.
SQL: SHOW COLUMNS FROM `sm_sysconfig` [ RunTime:0.0119s ]
SQL: SELECT * FROM `sm_sysconfig` WHERE `aid` IN ('1','17','7','36','37','38','40','41','42','43','44','')  [ RunTime:0.0004s ]
INFO: [ view_parse ] --START--
INFO: [ template_filter ] --START--
INFO: Run Behavior\ContentReplaceBehavior [ RunTime:0.000068s ]
INFO: [ template_filter ] --END-- [ RunTime:0.000112s ]
INFO: Run Behavior\ParseTemplateBehavior [ RunTime:0.006893s ]
INFO: [ view_parse ] --END-- [ RunTime:0.006945s ]
INFO: [ view_filter ] --START--
INFO: Run Behavior\WriteHtmlCacheBehavior [ RunTime:0.000375s ]
INFO: [ view_filter ] --END-- [ RunTime:0.000412s ]
INFO: [ app_end ] --START--
INFO: Run Behavior\ShowPageTraceBehavior [ RunTime:0.000528s ]
INFO: [ app_end ] --END-- [ RunTime:0.000567s ]

[ 2019-09-05T07:55:16+08:00 ] 120.78.225.124 /
INFO: [ app_init ] --START--
INFO: Run Behavior\BuildLiteBehavior [ RunTime:0.000014s ]
INFO: [ app_init ] --END-- [ RunTime:0.000368s ]
INFO: [ app_begin ] --START--
INFO: Run Behavior\ReadHtmlCacheBehavior [ RunTime:0.000710s ]
INFO: [ app_begin ] --END-- [ RunTime:0.000762s ]
NOTIC: [8] Undefined index: HTTP_REFERER D:\xampp\htdocs\app\Common\Controller\CommonController.class.php 第 13 行.
NOTIC: [8] Undefined index: HTTP_REFERER D:\xampp\htdocs\app\Common\Controller\CommonController.class.php 第 14 行.
SQL: SHOW COLUMNS FROM `sm_sysconfig` [ RunTime:0.0126s ]
SQL: SELECT * FROM `sm_sysconfig` WHERE `aid` IN ('1','17','7','36','37','38','40','41','42','43','44','')  [ RunTime:0.0004s ]

[ 2019-09-05T08:04:43+08:00 ] 134.236.97.9 /
INFO: [ app_init ] --START--
INFO: Run Behavior\BuildLiteBehavior [ RunTime:0.000015s ]
INFO: [ app_init ] --END-- [ RunTime:0.000385s ]
INFO: [ app_begin ] --START--
INFO: Run Behavior\ReadHtmlCacheBehavior [ RunTime:0.000576s ]
INFO: [ app_begin ] --END-- [ RunTime:0.000626s ]
NOTIC: [8] Undefined index: HTTP_REFERER D:\xampp\htdocs\app\Common\Controller\CommonController.class.php 第 13 行.
NOTIC: [8] Undefined index: HTTP_REFERER D:\xampp\htdocs\app\Common\Controller\CommonController.class.php 第 14 行.
SQL: SHOW COLUMNS FROM `sm_sysconfig` [ RunTime:0.0135s ]
SQL: SELECT * FROM `sm_sysconfig` WHERE `aid` IN ('1','17','7','36','37','38','40','41','42','43','44','')  [ RunTime:0.0004s ]

[ 2019-09-05T08:09:19+08:00 ] 221.2.209.230 /index.php?m=Shop&c=Login&a=login
INFO: [ app_init ] --START--
INFO: Run Behavior\BuildLiteBehavior [ RunTime:0.000014s ]
INFO: [ app_init ] --END-- [ RunTime:0.000361s ]
INFO: [ app_begin ] --START--
INFO: Run Behavior\ReadHtmlCacheBehavior [ RunTime:0.000560s ]
INFO: [ app_begin ] --END-- [ RunTime:0.000610s ]
NOTIC: [8] Undefined index: HTTP_REFERER D:\xampp\htdocs\app\Common\Controller\CommonController.class.php 第 13 行.
NOTIC: [8] Undefined index: HTTP_REFERER D:\xampp\htdocs\app\Common\Controller\CommonController.class.php 第 14 行.
SQL: SHOW COLUMNS FROM `sm_sysconfig` [ RunTime:0.0134s ]
SQL: SELECT * FROM `sm_sysconfig` WHERE `aid` IN ('1','17','7','36','37','38','40','41','42','43','44','')  [ RunTime:0.0004s ]
INFO: [ view_parse ] --START--
INFO: [ template_filter ] --START--
INFO: Run Behavior\ContentReplaceBehavior [ RunTime:0.000071s ]
INFO: [ template_filter ] --END-- [ RunTime:0.000119s ]
INFO: Run Behavior\ParseTemplateBehavior [ RunTime:0.032080s ]
INFO: [ view_parse ] --END-- [ RunTime:0.032148s ]
INFO: [ view_filter ] --START--
INFO: Run Behavior\WriteHtmlCacheBehavior [ RunTime:0.000444s ]
INFO: [ view_filter ] --END-- [ RunTime:0.000489s ]
INFO: [ app_end ] --START--
INFO: Run Behavior\ShowPageTraceBehavior [ RunTime:0.000561s ]
INFO: [ app_end ] --END-- [ RunTime:0.000601s ]

[ 2019-09-05T08:09:20+08:00 ] 221.2.209.230 /index.php?m=Shop&c=Login&a=verify
INFO: [ app_init ] --START--
INFO: Run Behavior\BuildLiteBehavior [ RunTime:0.000013s ]
INFO: [ app_init ] --END-- [ RunTime:0.000310s ]
INFO: [ app_begin ] --START--
INFO: Run Behavior\ReadHtmlCacheBehavior [ RunTime:0.000438s ]
INFO: [ app_begin ] --END-- [ RunTime:0.000487s ]
SQL: SHOW COLUMNS FROM `sm_sysconfig` [ RunTime:0.0129s ]
SQL: SELECT * FROM `sm_sysconfig` WHERE `aid` IN ('1','17','7','36','37','38','40','41','42','43','44','')  [ RunTime:0.0004s ]
INFO: [ app_end ] --START--
INFO: Run Behavior\ShowPageTraceBehavior [ RunTime:0.000560s ]
INFO: [ app_end ] --END-- [ RunTime:0.000624s ]

[ 2019-09-05T08:24:34+08:00 ] 216.218.206.69 /
INFO: [ app_init ] --START--
INFO: Run Behavior\BuildLiteBehavior [ RunTime:0.000013s ]
INFO: [ app_init ] --END-- [ RunTime:0.000388s ]
INFO: [ app_begin ] --START--
INFO: Run Behavior\ReadHtmlCacheBehavior [ RunTime:0.000640s ]
INFO: [ app_begin ] --END-- [ RunTime:0.000690s ]
NOTIC: [8] Undefined index: HTTP_REFERER D:\xampp\htdocs\app\Common\Controller\CommonController.class.php 第 13 行.
NOTIC: [8] Undefined index: HTTP_REFERER D:\xampp\htdocs\app\Common\Controller\CommonController.class.php 第 14 行.
SQL: SHOW COLUMNS FROM `sm_sysconfig` [ RunTime:0.0123s ]
SQL: SELECT * FROM `sm_sysconfig` WHERE `aid` IN ('1','17','7','36','37','38','40','41','42','43','44','')  [ RunTime:0.0004s ]

[ 2019-09-05T08:29:24+08:00 ] 221.2.209.230 /index.php?m=Shop&c=Login&a=login
INFO: [ app_init ] --START--
INFO: Run Behavior\BuildLiteBehavior [ RunTime:0.000012s ]
INFO: [ app_init ] --END-- [ RunTime:0.000355s ]
INFO: [ app_begin ] --START--
INFO: Run Behavior\ReadHtmlCacheBehavior [ RunTime:0.000624s ]
INFO: [ app_begin ] --END-- [ RunTime:0.000674s ]
NOTIC: [8] Undefined index: HTTP_REFERER D:\xampp\htdocs\app\Common\Controller\CommonController.class.php 第 13 行.
NOTIC: [8] Undefined index: HTTP_REFERER D:\xampp\htdocs\app\Common\Controller\CommonController.class.php 第 14 行.
SQL: SHOW COLUMNS FROM `sm_sysconfig` [ RunTime:0.0132s ]
SQL: SELECT * FROM `sm_sysconfig` WHERE `aid` IN ('1','17','7','36','37','38','40','41','42','43','44','')  [ RunTime:0.0004s ]
INFO: [ view_parse ] --START--
INFO: [ template_filter ] --START--
INFO: Run Behavior\ContentReplaceBehavior [ RunTime:0.000073s ]
INFO: [ template_filter ] --END-- [ RunTime:0.000117s ]
INFO: Run Behavior\ParseTemplateBehavior [ RunTime:0.006976s ]
INFO: [ view_parse ] --END-- [ RunTime:0.007028s ]
INFO: [ view_filter ] --START--
INFO: Run Behavior\WriteHtmlCacheBehavior [ RunTime:0.000372s ]
INFO: [ view_filter ] --END-- [ RunTime:0.000413s ]
INFO: [ app_end ] --START--
INFO: Run Behavior\ShowPageTraceBehavior [ RunTime:0.000521s ]
INFO: [ app_end ] --END-- [ RunTime:0.000561s ]

[ 2019-09-05T08:29:24+08:00 ] 221.2.209.230 /index.php?m=Shop&c=Login&a=verify
INFO: [ app_init ] --START--
INFO: Run Behavior\BuildLiteBehavior [ RunTime:0.000013s ]
INFO: [ app_init ] --END-- [ RunTime:0.000312s ]
INFO: [ app_begin ] --START--
INFO: Run Behavior\ReadHtmlCacheBehavior [ RunTime:0.000582s ]
INFO: [ app_begin ] --END-- [ RunTime:0.000633s ]
SQL: SHOW COLUMNS FROM `sm_sysconfig` [ RunTime:0.0056s ]
SQL: SELECT * FROM `sm_sysconfig` WHERE `aid` IN ('1','17','7','36','37','38','40','41','42','43','44','')  [ RunTime:0.0003s ]
INFO: [ app_end ] --START--
INFO: Run Behavior\ShowPageTraceBehavior [ RunTime:0.000646s ]
INFO: [ app_end ] --END-- [ RunTime:0.000717s ]

[ 2019-09-05T10:02:25+08:00 ] 47.94.52.138 /
INFO: [ app_init ] --START--
INFO: Run Behavior\BuildLiteBehavior [ RunTime:0.000014s ]
INFO: [ app_init ] --END-- [ RunTime:0.000367s ]
INFO: [ app_begin ] --START--
INFO: Run Behavior\ReadHtmlCacheBehavior [ RunTime:0.000643s ]
INFO: [ app_begin ] --END-- [ RunTime:0.000696s ]
NOTIC: [8] Undefined index: HTTP_REFERER D:\xampp\htdocs\app\Common\Controller\CommonController.class.php 第 13 行.
NOTIC: [8] Undefined index: HTTP_REFERER D:\xampp\htdocs\app\Common\Controller\CommonController.class.php 第 14 行.
SQL: SHOW COLUMNS FROM `sm_sysconfig` [ RunTime:0.0124s ]
SQL: SELECT * FROM `sm_sysconfig` WHERE `aid` IN ('1','17','7','36','37','38','40','41','42','43','44','')  [ RunTime:0.0004s ]

[ 2019-09-05T10:20:20+08:00 ] 111.30.142.227 /
INFO: [ app_init ] --START--
INFO: Run Behavior\BuildLiteBehavior [ RunTime:0.000041s ]
INFO: [ app_init ] --END-- [ RunTime:0.000350s ]
INFO: [ app_begin ] --START--
INFO: Run Behavior\ReadHtmlCacheBehavior [ RunTime:0.000581s ]
INFO: [ app_begin ] --END-- [ RunTime:0.000634s ]
NOTIC: [8] Undefined index: HTTP_REFERER D:\xampp\htdocs\app\Common\Controller\CommonController.class.php 第 13 行.
NOTIC: [8] Undefined index: HTTP_REFERER D:\xampp\htdocs\app\Common\Controller\CommonController.class.php 第 14 行.
SQL: SHOW COLUMNS FROM `sm_sysconfig` [ RunTime:0.0092s ]
SQL: SELECT * FROM `sm_sysconfig` WHERE `aid` IN ('1','17','7','36','37','38','40','41','42','43','44','')  [ RunTime:0.0004s ]

[ 2019-09-05T10:23:41+08:00 ] 185.234.218.52 /
INFO: [ app_init ] --START--
INFO: Run Behavior\BuildLiteBehavior [ RunTime:0.000016s ]
INFO: [ app_init ] --END-- [ RunTime:0.000417s ]
INFO: [ app_begin ] --START--
INFO: Run Behavior\ReadHtmlCacheBehavior [ RunTime:0.000582s ]
INFO: [ app_begin ] --END-- [ RunTime:0.000634s ]
NOTIC: [8] Undefined index: HTTP_REFERER D:\xampp\htdocs\app\Common\Controller\CommonController.class.php 第 13 行.
NOTIC: [8] Undefined index: HTTP_REFERER D:\xampp\htdocs\app\Common\Controller\CommonController.class.php 第 14 行.
SQL: SHOW COLUMNS FROM `sm_sysconfig` [ RunTime:0.0121s ]
SQL: SELECT * FROM `sm_sysconfig` WHERE `aid` IN ('1','17','7','36','37','38','40','41','42','43','44','')  [ RunTime:0.0004s ]

[ 2019-09-05T10:23:41+08:00 ] 185.234.218.52 /index.php?m=Shop&c=Login&a=login
INFO: [ app_init ] --START--
INFO: Run Behavior\BuildLiteBehavior [ RunTime:0.000014s ]
INFO: [ app_init ] --END-- [ RunTime:0.000325s ]
INFO: [ app_begin ] --START--
INFO: Run Behavior\ReadHtmlCacheBehavior [ RunTime:0.000443s ]
INFO: [ app_begin ] --END-- [ RunTime:0.000490s ]
SQL: SHOW COLUMNS FROM `sm_sysconfig` [ RunTime:0.0054s ]
SQL: SELECT * FROM `sm_sysconfig` WHERE `aid` IN ('1','17','7','36','37','38','40','41','42','43','44','')  [ RunTime:0.0003s ]
INFO: [ view_parse ] --START--
INFO: [ template_filter ] --START--
INFO: Run Behavior\ContentReplaceBehavior [ RunTime:0.000070s ]
INFO: [ template_filter ] --END-- [ RunTime:0.000115s ]
INFO: Run Behavior\ParseTemplateBehavior [ RunTime:0.030698s ]
INFO: [ view_parse ] --END-- [ RunTime:0.030764s ]
INFO: [ view_filter ] --START--
INFO: Run Behavior\WriteHtmlCacheBehavior [ RunTime:0.000419s ]
INFO: [ view_filter ] --END-- [ RunTime:0.000460s ]
INFO: [ app_end ] --START--
INFO: Run Behavior\ShowPageTraceBehavior [ RunTime:0.000562s ]
INFO: [ app_end ] --END-- [ RunTime:0.000602s ]

[ 2019-09-05T10:23:41+08:00 ] 185.234.218.52 /index.php?m=Shop&c=Login&a=login
INFO: [ app_init ] --START--
INFO: Run Behavior\BuildLiteBehavior [ RunTime:0.000013s ]
INFO: [ app_init ] --END-- [ RunTime:0.000368s ]
INFO: [ app_begin ] --START--
INFO: Run Behavior\ReadHtmlCacheBehavior [ RunTime:0.000672s ]
INFO: [ app_begin ] --END-- [ RunTime:0.000721s ]
NOTIC: [8] Undefined index: HTTP_REFERER D:\xampp\htdocs\app\Common\Controller\CommonController.class.php 第 13 行.
NOTIC: [8] Undefined index: HTTP_REFERER D:\xampp\htdocs\app\Common\Controller\CommonController.class.php 第 14 行.
SQL: SHOW COLUMNS FROM `sm_sysconfig` [ RunTime:0.0053s ]
SQL: SELECT * FROM `sm_sysconfig` WHERE `aid` IN ('1','17','7','36','37','38','40','41','42','43','44','')  [ RunTime:0.0003s ]
INFO: [ view_parse ] --START--
INFO: [ template_filter ] --START--
INFO: Run Behavior\ContentReplaceBehavior [ RunTime:0.000069s ]
INFO: [ template_filter ] --END-- [ RunTime:0.000111s ]
INFO: Run Behavior\ParseTemplateBehavior [ RunTime:0.006914s ]
INFO: [ view_parse ] --END-- [ RunTime:0.006960s ]
INFO: [ view_filter ] --START--
INFO: Run Behavior\WriteHtmlCacheBehavior [ RunTime:0.000362s ]
INFO: [ view_filter ] --END-- [ RunTime:0.000399s ]
INFO: [ app_end ] --START--
INFO: Run Behavior\ShowPageTraceBehavior [ RunTime:0.000536s ]
INFO: [ app_end ] --END-- [ RunTime:0.000574s ]

[ 2019-09-05T10:43:11+08:00 ] 120.78.231.236 /
INFO: [ app_init ] --START--
INFO: Run Behavior\BuildLiteBehavior [ RunTime:0.000017s ]
INFO: [ app_init ] --END-- [ RunTime:0.000480s ]
INFO: [ app_begin ] --START--
INFO: Run Behavior\ReadHtmlCacheBehavior [ RunTime:0.000670s ]
INFO: [ app_begin ] --END-- [ RunTime:0.000723s ]
NOTIC: [8] Undefined index: HTTP_REFERER D:\xampp\htdocs\app\Common\Controller\CommonController.class.php 第 13 行.
NOTIC: [8] Undefined index: HTTP_REFERER D:\xampp\htdocs\app\Common\Controller\CommonController.class.php 第 14 行.
SQL: SHOW COLUMNS FROM `sm_sysconfig` [ RunTime:0.0125s ]
SQL: SELECT * FROM `sm_sysconfig` WHERE `aid` IN ('1','17','7','36','37','38','40','41','42','43','44','')  [ RunTime:0.0003s ]

[ 2019-09-05T10:44:11+08:00 ] 106.14.152.41 /
INFO: [ app_init ] --START--
INFO: Run Behavior\BuildLiteBehavior [ RunTime:0.000014s ]
INFO: [ app_init ] --END-- [ RunTime:0.000368s ]
INFO: [ app_begin ] --START--
INFO: Run Behavior\ReadHtmlCacheBehavior [ RunTime:0.000558s ]
INFO: [ app_begin ] --END-- [ RunTime:0.000607s ]
NOTIC: [8] Undefined index: HTTP_REFERER D:\xampp\htdocs\app\Common\Controller\CommonController.class.php 第 13 行.
NOTIC: [8] Undefined index: HTTP_REFERER D:\xampp\htdocs\app\Common\Controller\CommonController.class.php 第 14 行.
SQL: SHOW COLUMNS FROM `sm_sysconfig` [ RunTime:0.0133s ]
SQL: SELECT * FROM `sm_sysconfig` WHERE `aid` IN ('1','17','7','36','37','38','40','41','42','43','44','')  [ RunTime:0.0004s ]

[ 2019-09-05T10:44:11+08:00 ] 106.14.152.41 /index.php?m=Shop&c=Login&a=login
INFO: [ app_init ] --START--
INFO: Run Behavior\BuildLiteBehavior [ RunTime:0.000014s ]
INFO: [ app_init ] --END-- [ RunTime:0.000327s ]
INFO: [ app_begin ] --START--
INFO: Run Behavior\ReadHtmlCacheBehavior [ RunTime:0.000452s ]
INFO: [ app_begin ] --END-- [ RunTime:0.000499s ]
NOTIC: [8] Undefined index: HTTP_REFERER D:\xampp\htdocs\app\Common\Controller\CommonController.class.php 第 13 行.
NOTIC: [8] Undefined index: HTTP_REFERER D:\xampp\htdocs\app\Common\Controller\CommonController.class.php 第 14 行.
SQL: SHOW COLUMNS FROM `sm_sysconfig` [ RunTime:0.0055s ]
SQL: SELECT * FROM `sm_sysconfig` WHERE `aid` IN ('1','17','7','36','37','38','40','41','42','43','44','')  [ RunTime:0.0003s ]
INFO: [ view_parse ] --START--
INFO: [ template_filter ] --START--
INFO: Run Behavior\ContentReplaceBehavior [ RunTime:0.000072s ]
INFO: [ template_filter ] --END-- [ RunTime:0.000116s ]
INFO: Run Behavior\ParseTemplateBehavior [ RunTime:0.031984s ]
INFO: [ view_parse ] --END-- [ RunTime:0.032051s ]
INFO: [ view_filter ] --START--
INFO: Run Behavior\WriteHtmlCacheBehavior [ RunTime:0.000434s ]
INFO: [ view_filter ] --END-- [ RunTime:0.000476s ]
INFO: [ app_end ] --START--
INFO: Run Behavior\ShowPageTraceBehavior [ RunTime:0.000562s ]
INFO: [ app_end ] --END-- [ RunTime:0.000602s ]

[ 2019-09-05T10:44:12+08:00 ] 106.14.152.41 /index.php?m=Shop&c=Login&a=verify
INFO: [ app_init ] --START--
INFO: Run Behavior\BuildLiteBehavior [ RunTime:0.000014s ]
INFO: [ app_init ] --END-- [ RunTime:0.000327s ]
INFO: [ app_begin ] --START--
INFO: Run Behavior\ReadHtmlCacheBehavior [ RunTime:0.000453s ]
INFO: [ app_begin ] --END-- [ RunTime:0.000503s ]
NOTIC: [8] Undefined index: HTTP_REFERER D:\xampp\htdocs\app\Common\Controller\CommonController.class.php 第 13 行.
NOTIC: [8] Undefined index: HTTP_REFERER D:\xampp\htdocs\app\Common\Controller\CommonController.class.php 第 14 行.
SQL: SHOW COLUMNS FROM `sm_sysconfig` [ RunTime:0.0169s ]
SQL: SELECT * FROM `sm_sysconfig` WHERE `aid` IN ('1','17','7','36','37','38','40','41','42','43','44','')  [ RunTime:0.0004s ]
INFO: [ app_end ] --START--
INFO: Run Behavior\ShowPageTraceBehavior [ RunTime:0.000543s ]
INFO: [ app_end ] --END-- [ RunTime:0.000602s ]

[ 2019-09-05T10:53:54+08:00 ] 221.179.144.118 /
INFO: [ app_init ] --START--
INFO: Run Behavior\BuildLiteBehavior [ RunTime:0.000014s ]
INFO: [ app_init ] --END-- [ RunTime:0.000353s ]
INFO: [ app_begin ] --START--
INFO: Run Behavior\ReadHtmlCacheBehavior [ RunTime:0.000560s ]
INFO: [ app_begin ] --END-- [ RunTime:0.000608s ]
NOTIC: [8] Undefined index: HTTP_REFERER D:\xampp\htdocs\app\Common\Controller\CommonController.class.php 第 13 行.
NOTIC: [8] Undefined index: HTTP_REFERER D:\xampp\htdocs\app\Common\Controller\CommonController.class.php 第 14 行.
SQL: SHOW COLUMNS FROM `sm_sysconfig` [ RunTime:0.0130s ]
SQL: SELECT * FROM `sm_sysconfig` WHERE `aid` IN ('1','17','7','36','37','38','40','41','42','43','44','')  [ RunTime:0.0004s ]

[ 2019-09-05T10:53:55+08:00 ] 221.179.144.118 /index.php?m=Shop&c=Login&a=login
INFO: [ app_init ] --START--
INFO: Run Behavior\BuildLiteBehavior [ RunTime:0.000014s ]
INFO: [ app_init ] --END-- [ RunTime:0.000312s ]
INFO: [ app_begin ] --START--
INFO: Run Behavior\ReadHtmlCacheBehavior [ RunTime:0.000433s ]
INFO: [ app_begin ] --END-- [ RunTime:0.000478s ]
NOTIC: [8] Undefined index: HTTP_REFERER D:\xampp\htdocs\app\Common\Controller\CommonController.class.php 第 13 行.
NOTIC: [8] Undefined index: HTTP_REFERER D:\xampp\htdocs\app\Common\Controller\CommonController.class.php 第 14 行.
SQL: SHOW COLUMNS FROM `sm_sysconfig` [ RunTime:0.0119s ]
SQL: SELECT * FROM `sm_sysconfig` WHERE `aid` IN ('1','17','7','36','37','38','40','41','42','43','44','')  [ RunTime:0.0004s ]
INFO: [ view_parse ] --START--
INFO: [ template_filter ] --START--
INFO: Run Behavior\ContentReplaceBehavior [ RunTime:0.000073s ]
INFO: [ template_filter ] --END-- [ RunTime:0.000118s ]
INFO: Run Behavior\ParseTemplateBehavior [ RunTime:0.006981s ]
INFO: [ view_parse ] --END-- [ RunTime:0.007033s ]
INFO: [ view_filter ] --START--
INFO: Run Behavior\WriteHtmlCacheBehavior [ RunTime:0.000374s ]
INFO: [ view_filter ] --END-- [ RunTime:0.000414s ]
INFO: [ app_end ] --START--
INFO: Run Behavior\ShowPageTraceBehavior [ RunTime:0.000536s ]
INFO: [ app_end ] --END-- [ RunTime:0.000574s ]

[ 2019-09-05T10:53:55+08:00 ] 221.179.144.118 /index.php?m=Shop&c=Login&a=verify
INFO: [ app_init ] --START--
INFO: Run Behavior\BuildLiteBehavior [ RunTime:0.000013s ]
INFO: [ app_init ] --END-- [ RunTime:0.000353s ]
INFO: [ app_begin ] --START--
INFO: Run Behavior\ReadHtmlCacheBehavior [ RunTime:0.000620s ]
INFO: [ app_begin ] --END-- [ RunTime:0.000667s ]
NOTIC: [8] Undefined index: HTTP_REFERER D:\xampp\htdocs\app\Common\Controller\CommonController.class.php 第 13 行.
NOTIC: [8] Undefined index: HTTP_REFERER D:\xampp\htdocs\app\Common\Controller\CommonController.class.php 第 14 行.
SQL: SHOW COLUMNS FROM `sm_sysconfig` [ RunTime:0.0055s ]
SQL: SELECT * FROM `sm_sysconfig` WHERE `aid` IN ('1','17','7','36','37','38','40','41','42','43','44','')  [ RunTime:0.0003s ]
INFO: [ app_end ] --START--
INFO: Run Behavior\ShowPageTraceBehavior [ RunTime:0.000612s ]
INFO: [ app_end ] --END-- [ RunTime:0.000670s ]

[ 2019-09-05T11:05:36+08:00 ] 101.132.97.6 /
INFO: [ app_init ] --START--
INFO: Run Behavior\BuildLiteBehavior [ RunTime:0.000015s ]
INFO: [ app_init ] --END-- [ RunTime:0.000378s ]
INFO: [ app_begin ] --START--
INFO: Run Behavior\ReadHtmlCacheBehavior [ RunTime:0.000664s ]
INFO: [ app_begin ] --END-- [ RunTime:0.000716s ]
NOTIC: [8] Undefined index: HTTP_REFERER D:\xampp\htdocs\app\Common\Controller\CommonController.class.php 第 13 行.
NOTIC: [8] Undefined index: HTTP_REFERER D:\xampp\htdocs\app\Common\Controller\CommonController.class.php 第 14 行.
SQL: SHOW COLUMNS FROM `sm_sysconfig` [ RunTime:0.0132s ]
SQL: SELECT * FROM `sm_sysconfig` WHERE `aid` IN ('1','17','7','36','37','38','40','41','42','43','44','')  [ RunTime:0.0004s ]

[ 2019-09-05T11:05:36+08:00 ] 101.132.97.6 /index.php?m=Shop&c=Login&a=login
INFO: [ app_init ] --START--
INFO: Run Behavior\BuildLiteBehavior [ RunTime:0.000014s ]
INFO: [ app_init ] --END-- [ RunTime:0.000323s ]
INFO: [ app_begin ] --START--
INFO: Run Behavior\ReadHtmlCacheBehavior [ RunTime:0.000559s ]
INFO: [ app_begin ] --END-- [ RunTime:0.000605s ]
NOTIC: [8] Undefined index: HTTP_REFERER D:\xampp\htdocs\app\Common\Controller\CommonController.class.php 第 13 行.
NOTIC: [8] Undefined index: HTTP_REFERER D:\xampp\htdocs\app\Common\Controller\CommonController.class.php 第 14 行.
SQL: SHOW COLUMNS FROM `sm_sysconfig` [ RunTime:0.0062s ]
SQL: SELECT * FROM `sm_sysconfig` WHERE `aid` IN ('1','17','7','36','37','38','40','41','42','43','44','')  [ RunTime:0.0004s ]
INFO: [ view_parse ] --START--
INFO: [ template_filter ] --START--
INFO: Run Behavior\ContentReplaceBehavior [ RunTime:0.000070s ]
INFO: [ template_filter ] --END-- [ RunTime:0.000114s ]
INFO: Run Behavior\ParseTemplateBehavior [ RunTime:0.006847s ]
INFO: [ view_parse ] --END-- [ RunTime:0.006897s ]
INFO: [ view_filter ] --START--
INFO: Run Behavior\WriteHtmlCacheBehavior [ RunTime:0.000371s ]
INFO: [ view_filter ] --END-- [ RunTime:0.000409s ]
INFO: [ app_end ] --START--
INFO: Run Behavior\ShowPageTraceBehavior [ RunTime:0.000745s ]
INFO: [ app_end ] --END-- [ RunTime:0.000786s ]

[ 2019-09-05T11:10:34+08:00 ] 101.132.108.37 /index.php?m=shop&c=login&a=login
INFO: [ app_init ] --START--
INFO: Run Behavior\BuildLiteBehavior [ RunTime:0.000013s ]
INFO: [ app_init ] --END-- [ RunTime:0.000365s ]
INFO: [ app_begin ] --START--
INFO: Run Behavior\ReadHtmlCacheBehavior [ RunTime:0.000671s ]
INFO: [ app_begin ] --END-- [ RunTime:0.000721s ]
NOTIC: [8] Undefined index: HTTP_REFERER D:\xampp\htdocs\app\Common\Controller\CommonController.class.php 第 13 行.
NOTIC: [8] Undefined index: HTTP_REFERER D:\xampp\htdocs\app\Common\Controller\CommonController.class.php 第 14 行.
SQL: SHOW COLUMNS FROM `sm_sysconfig` [ RunTime:0.0137s ]
SQL: SELECT * FROM `sm_sysconfig` WHERE `aid` IN ('1','17','7','36','37','38','40','41','42','43','44','')  [ RunTime:0.0004s ]
INFO: [ view_parse ] --START--
INFO: [ template_filter ] --START--
INFO: Run Behavior\ContentReplaceBehavior [ RunTime:0.000072s ]
INFO: [ template_filter ] --END-- [ RunTime:0.000121s ]
INFO: Run Behavior\ParseTemplateBehavior [ RunTime:0.007372s ]
INFO: [ view_parse ] --END-- [ RunTime:0.007436s ]
INFO: [ view_filter ] --START--
INFO: Run Behavior\WriteHtmlCacheBehavior [ RunTime:0.000388s ]
INFO: [ view_filter ] --END-- [ RunTime:0.000432s ]
INFO: [ app_end ] --START--
INFO: Run Behavior\ShowPageTraceBehavior [ RunTime:0.000533s ]
INFO: [ app_end ] --END-- [ RunTime:0.000572s ]

[ 2019-09-05T11:24:24+08:00 ] 218.68.91.112 /
INFO: [ app_init ] --START--
INFO: Run Behavior\BuildLiteBehavior [ RunTime:0.000018s ]
INFO: [ app_init ] --END-- [ RunTime:0.000496s ]
INFO: [ app_begin ] --START--
INFO: Run Behavior\ReadHtmlCacheBehavior [ RunTime:0.000888s ]
INFO: [ app_begin ] --END-- [ RunTime:0.000955s ]
NOTIC: [8] Undefined index: HTTP_REFERER D:\xampp\htdocs\app\Common\Controller\CommonController.class.php 第 13 行.
NOTIC: [8] Undefined index: HTTP_REFERER D:\xampp\htdocs\app\Common\Controller\CommonController.class.php 第 14 行.
SQL: SHOW COLUMNS FROM `sm_sysconfig` [ RunTime:0.0106s ]
SQL: SELECT * FROM `sm_sysconfig` WHERE `aid` IN ('1','17','7','36','37','38','40','41','42','43','44','')  [ RunTime:0.0004s ]

[ 2019-09-05T11:24:25+08:00 ] 111.30.142.233 /
INFO: [ app_init ] --START--
INFO: Run Behavior\BuildLiteBehavior [ RunTime:0.000014s ]
INFO: [ app_init ] --END-- [ RunTime:0.000325s ]
INFO: [ app_begin ] --START--
INFO: Run Behavior\ReadHtmlCacheBehavior [ RunTime:0.000564s ]
INFO: [ app_begin ] --END-- [ RunTime:0.000611s ]
NOTIC: [8] Undefined index: HTTP_REFERER D:\xampp\htdocs\app\Common\Controller\CommonController.class.php 第 13 行.
NOTIC: [8] Undefined index: HTTP_REFERER D:\xampp\htdocs\app\Common\Controller\CommonController.class.php 第 14 行.
SQL: SHOW COLUMNS FROM `sm_sysconfig` [ RunTime:0.0216s ]
SQL: SELECT * FROM `sm_sysconfig` WHERE `aid` IN ('1','17','7','36','37','38','40','41','42','43','44','')  [ RunTime:0.0004s ]

[ 2019-09-05T11:25:13+08:00 ] 177.44.219.4 /
INFO: [ app_init ] --START--
INFO: Run Behavior\BuildLiteBehavior [ RunTime:0.000014s ]
INFO: [ app_init ] --END-- [ RunTime:0.000316s ]
INFO: [ app_begin ] --START--
INFO: Run Behavior\ReadHtmlCacheBehavior [ RunTime:0.000553s ]
INFO: [ app_begin ] --END-- [ RunTime:0.000604s ]
NOTIC: [8] Undefined index: HTTP_REFERER D:\xampp\htdocs\app\Common\Controller\CommonController.class.php 第 13 行.
NOTIC: [8] Undefined index: HTTP_REFERER D:\xampp\htdocs\app\Common\Controller\CommonController.class.php 第 14 行.
SQL: SHOW COLUMNS FROM `sm_sysconfig` [ RunTime:0.0135s ]
SQL: SELECT * FROM `sm_sysconfig` WHERE `aid` IN ('1','17','7','36','37','38','40','41','42','43','44','')  [ RunTime:0.0004s ]

[ 2019-09-05T11:31:43+08:00 ] 47.101.193.191 /
INFO: [ app_init ] --START--
INFO: Run Behavior\BuildLiteBehavior [ RunTime:0.000014s ]
INFO: [ app_init ] --END-- [ RunTime:0.000334s ]
INFO: [ app_begin ] --START--
INFO: Run Behavior\ReadHtmlCacheBehavior [ RunTime:0.000694s ]
INFO: [ app_begin ] --END-- [ RunTime:0.000751s ]
NOTIC: [8] Undefined index: HTTP_REFERER D:\xampp\htdocs\app\Common\Controller\CommonController.class.php 第 13 行.
NOTIC: [8] Undefined index: HTTP_REFERER D:\xampp\htdocs\app\Common\Controller\CommonController.class.php 第 14 行.
SQL: SHOW COLUMNS FROM `sm_sysconfig` [ RunTime:0.0128s ]
SQL: SELECT * FROM `sm_sysconfig` WHERE `aid` IN ('1','17','7','36','37','38','40','41','42','43','44','')  [ RunTime:0.0004s ]

[ 2019-09-05T11:31:43+08:00 ] 47.101.193.191 /index.php?m=Shop&c=Login&a=login
INFO: [ app_init ] --START--
INFO: Run Behavior\BuildLiteBehavior [ RunTime:0.000014s ]
INFO: [ app_init ] --END-- [ RunTime:0.000329s ]
INFO: [ app_begin ] --START--
INFO: Run Behavior\ReadHtmlCacheBehavior [ RunTime:0.000694s ]
INFO: [ app_begin ] --END-- [ RunTime:0.000748s ]
NOTIC: [8] Undefined index: HTTP_REFERER D:\xampp\htdocs\app\Common\Controller\CommonController.class.php 第 13 行.
NOTIC: [8] Undefined index: HTTP_REFERER D:\xampp\htdocs\app\Common\Controller\CommonController.class.php 第 14 行.
SQL: SHOW COLUMNS FROM `sm_sysconfig` [ RunTime:0.0054s ]
SQL: SELECT * FROM `sm_sysconfig` WHERE `aid` IN ('1','17','7','36','37','38','40','41','42','43','44','')  [ RunTime:0.0004s ]
INFO: [ view_parse ] --START--
INFO: [ template_filter ] --START--
INFO: Run Behavior\ContentReplaceBehavior [ RunTime:0.000072s ]
INFO: [ template_filter ] --END-- [ RunTime:0.000130s ]
INFO: Run Behavior\ParseTemplateBehavior [ RunTime:0.007293s ]
INFO: [ view_parse ] --END-- [ RunTime:0.007349s ]
INFO: [ view_filter ] --START--
INFO: Run Behavior\WriteHtmlCacheBehavior [ RunTime:0.000383s ]
INFO: [ view_filter ] --END-- [ RunTime:0.000423s ]
INFO: [ app_end ] --START--
INFO: Run Behavior\ShowPageTraceBehavior [ RunTime:0.000543s ]
INFO: [ app_end ] --END-- [ RunTime:0.000583s ]

[ 2019-09-05T11:31:44+08:00 ] 47.101.193.191 /index.php?m=Shop&c=Login&a=verify
INFO: [ app_init ] --START--
INFO: Run Behavior\BuildLiteBehavior [ RunTime:0.000014s ]
INFO: [ app_init ] --END-- [ RunTime:0.000344s ]
INFO: [ app_begin ] --START--
INFO: Run Behavior\ReadHtmlCacheBehavior [ RunTime:0.000658s ]
INFO: [ app_begin ] --END-- [ RunTime:0.000736s ]
NOTIC: [8] Undefined index: HTTP_REFERER D:\xampp\htdocs\app\Common\Controller\CommonController.class.php 第 13 行.
NOTIC: [8] Undefined index: HTTP_REFERER D:\xampp\htdocs\app\Common\Controller\CommonController.class.php 第 14 行.
SQL: SHOW COLUMNS FROM `sm_sysconfig` [ RunTime:0.0135s ]
SQL: SELECT * FROM `sm_sysconfig` WHERE `aid` IN ('1','17','7','36','37','38','40','41','42','43','44','')  [ RunTime:0.0004s ]
INFO: [ app_end ] --START--
INFO: Run Behavior\ShowPageTraceBehavior [ RunTime:0.000570s ]
INFO: [ app_end ] --END-- [ RunTime:0.000626s ]

[ 2019-09-05T11:34:33+08:00 ] 185.176.27.114 /
INFO: [ app_init ] --START--
INFO: Run Behavior\BuildLiteBehavior [ RunTime:0.000014s ]
INFO: [ app_init ] --END-- [ RunTime:0.000372s ]
INFO: [ app_begin ] --START--
INFO: Run Behavior\ReadHtmlCacheBehavior [ RunTime:0.000659s ]
INFO: [ app_begin ] --END-- [ RunTime:0.000709s ]
NOTIC: [8] Undefined index: HTTP_REFERER D:\xampp\htdocs\app\Common\Controller\CommonController.class.php 第 13 行.
NOTIC: [8] Undefined index: HTTP_REFERER D:\xampp\htdocs\app\Common\Controller\CommonController.class.php 第 14 行.
SQL: SHOW COLUMNS FROM `sm_sysconfig` [ RunTime:0.0132s ]
SQL: SELECT * FROM `sm_sysconfig` WHERE `aid` IN ('1','17','7','36','37','38','40','41','42','43','44','')  [ RunTime:0.0004s ]

[ 2019-09-05T11:35:10+08:00 ] 101.132.157.1 /index.php?m=shop&c=login&a=login
INFO: [ app_init ] --START--
INFO: Run Behavior\BuildLiteBehavior [ RunTime:0.000015s ]
INFO: [ app_init ] --END-- [ RunTime:0.000381s ]
INFO: [ app_begin ] --START--
INFO: Run Behavior\ReadHtmlCacheBehavior [ RunTime:0.000636s ]
INFO: [ app_begin ] --END-- [ RunTime:0.000690s ]
NOTIC: [8] Undefined index: HTTP_REFERER D:\xampp\htdocs\app\Common\Controller\CommonController.class.php 第 13 行.
NOTIC: [8] Undefined index: HTTP_REFERER D:\xampp\htdocs\app\Common\Controller\CommonController.class.php 第 14 行.
SQL: SHOW COLUMNS FROM `sm_sysconfig` [ RunTime:0.0127s ]
SQL: SELECT * FROM `sm_sysconfig` WHERE `aid` IN ('1','17','7','36','37','38','40','41','42','43','44','')  [ RunTime:0.0004s ]
INFO: [ view_parse ] --START--
INFO: [ template_filter ] --START--
INFO: Run Behavior\ContentReplaceBehavior [ RunTime:0.000072s ]
INFO: [ template_filter ] --END-- [ RunTime:0.000120s ]
INFO: Run Behavior\ParseTemplateBehavior [ RunTime:0.007190s ]
INFO: [ view_parse ] --END-- [ RunTime:0.007243s ]
INFO: [ view_filter ] --START--
INFO: Run Behavior\WriteHtmlCacheBehavior [ RunTime:0.000371s ]
INFO: [ view_filter ] --END-- [ RunTime:0.000411s ]
INFO: [ app_end ] --START--
INFO: Run Behavior\ShowPageTraceBehavior [ RunTime:0.000551s ]
INFO: [ app_end ] --END-- [ RunTime:0.000592s ]

[ 2019-09-05T11:44:41+08:00 ] 111.30.142.252 /
INFO: [ app_init ] --START--
INFO: Run Behavior\BuildLiteBehavior [ RunTime:0.000019s ]
INFO: [ app_init ] --END-- [ RunTime:0.000487s ]
INFO: [ app_begin ] --START--
INFO: Run Behavior\ReadHtmlCacheBehavior [ RunTime:0.000839s ]
INFO: [ app_begin ] --END-- [ RunTime:0.000890s ]
NOTIC: [8] Undefined index: HTTP_REFERER D:\xampp\htdocs\app\Common\Controller\CommonController.class.php 第 13 行.
NOTIC: [8] Undefined index: HTTP_REFERER D:\xampp\htdocs\app\Common\Controller\CommonController.class.php 第 14 行.
SQL: SHOW COLUMNS FROM `sm_sysconfig` [ RunTime:0.0083s ]
SQL: SELECT * FROM `sm_sysconfig` WHERE `aid` IN ('1','17','7','36','37','38','40','41','42','43','44','')  [ RunTime:0.0003s ]

[ 2019-09-05T11:49:41+08:00 ] 218.68.91.112 /
INFO: [ app_init ] --START--
INFO: Run Behavior\BuildLiteBehavior [ RunTime:0.000013s ]
INFO: [ app_init ] --END-- [ RunTime:0.000350s ]
INFO: [ app_begin ] --START--
INFO: Run Behavior\ReadHtmlCacheBehavior [ RunTime:0.000626s ]
INFO: [ app_begin ] --END-- [ RunTime:0.000672s ]
NOTIC: [8] Undefined index: HTTP_REFERER D:\xampp\htdocs\app\Common\Controller\CommonController.class.php 第 13 行.
NOTIC: [8] Undefined index: HTTP_REFERER D:\xampp\htdocs\app\Common\Controller\CommonController.class.php 第 14 行.
SQL: SHOW COLUMNS FROM `sm_sysconfig` [ RunTime:0.0177s ]
SQL: SELECT * FROM `sm_sysconfig` WHERE `aid` IN ('1','17','7','36','37','38','40','41','42','43','44','')  [ RunTime:0.0004s ]

[ 2019-09-05T12:02:21+08:00 ] 27.188.255.190 /
INFO: [ app_init ] --START--
INFO: Run Behavior\BuildLiteBehavior [ RunTime:0.000014s ]
INFO: [ app_init ] --END-- [ RunTime:0.000381s ]
INFO: [ app_begin ] --START--
INFO: Run Behavior\ReadHtmlCacheBehavior [ RunTime:0.000717s ]
INFO: [ app_begin ] --END-- [ RunTime:0.000770s ]
NOTIC: [8] Undefined index: HTTP_REFERER D:\xampp\htdocs\app\Common\Controller\CommonController.class.php 第 13 行.
NOTIC: [8] Undefined index: HTTP_REFERER D:\xampp\htdocs\app\Common\Controller\CommonController.class.php 第 14 行.
SQL: SHOW COLUMNS FROM `sm_sysconfig` [ RunTime:0.0125s ]
SQL: SELECT * FROM `sm_sysconfig` WHERE `aid` IN ('1','17','7','36','37','38','40','41','42','43','44','')  [ RunTime:0.0004s ]

[ 2019-09-05T12:02:21+08:00 ] 27.188.255.190 /index.php?m=Shop&c=Login&a=login
INFO: [ app_init ] --START--
INFO: Run Behavior\BuildLiteBehavior [ RunTime:0.000014s ]
INFO: [ app_init ] --END-- [ RunTime:0.000359s ]
INFO: [ app_begin ] --START--
INFO: Run Behavior\ReadHtmlCacheBehavior [ RunTime:0.000564s ]
INFO: [ app_begin ] --END-- [ RunTime:0.000628s ]
NOTIC: [8] Undefined index: HTTP_REFERER D:\xampp\htdocs\app\Common\Controller\CommonController.class.php 第 13 行.
NOTIC: [8] Undefined index: HTTP_REFERER D:\xampp\htdocs\app\Common\Controller\CommonController.class.php 第 14 行.
SQL: SHOW COLUMNS FROM `sm_sysconfig` [ RunTime:0.0055s ]
SQL: SELECT * FROM `sm_sysconfig` WHERE `aid` IN ('1','17','7','36','37','38','40','41','42','43','44','')  [ RunTime:0.0004s ]
INFO: [ view_parse ] --START--
INFO: [ template_filter ] --START--
INFO: Run Behavior\ContentReplaceBehavior [ RunTime:0.000070s ]
INFO: [ template_filter ] --END-- [ RunTime:0.000122s ]
INFO: Run Behavior\ParseTemplateBehavior [ RunTime:0.007147s ]
INFO: [ view_parse ] --END-- [ RunTime:0.007201s ]
INFO: [ view_filter ] --START--
INFO: Run Behavior\WriteHtmlCacheBehavior [ RunTime:0.000455s ]
INFO: [ view_filter ] --END-- [ RunTime:0.000495s ]
INFO: [ app_end ] --START--
INFO: Run Behavior\ShowPageTraceBehavior [ RunTime:0.000609s ]
INFO: [ app_end ] --END-- [ RunTime:0.000649s ]

[ 2019-09-05T12:02:21+08:00 ] 27.188.255.190 /index.php?m=Shop&c=Login&a=verify
INFO: [ app_init ] --START--
INFO: Run Behavior\BuildLiteBehavior [ RunTime:0.000015s ]
INFO: [ app_init ] --END-- [ RunTime:0.000416s ]
INFO: [ app_begin ] --START--
INFO: Run Behavior\ReadHtmlCacheBehavior [ RunTime:0.000615s ]
INFO: [ app_begin ] --END-- [ RunTime:0.000668s ]
SQL: SHOW COLUMNS FROM `sm_sysconfig` [ RunTime:0.0060s ]
SQL: SELECT * FROM `sm_sysconfig` WHERE `aid` IN ('1','17','7','36','37','38','40','41','42','43','44','')  [ RunTime:0.0004s ]
INFO: [ app_end ] --START--
INFO: Run Behavior\ShowPageTraceBehavior [ RunTime:0.000674s ]
INFO: [ app_end ] --END-- [ RunTime:0.000733s ]

[ 2019-09-05T12:02:54+08:00 ] 128.14.133.58 /
INFO: [ app_init ] --START--
INFO: Run Behavior\BuildLiteBehavior [ RunTime:0.000014s ]
INFO: [ app_init ] --END-- [ RunTime:0.000339s ]
INFO: [ app_begin ] --START--
INFO: Run Behavior\ReadHtmlCacheBehavior [ RunTime:0.000597s ]
INFO: [ app_begin ] --END-- [ RunTime:0.000653s ]
NOTIC: [8] Undefined index: HTTP_REFERER D:\xampp\htdocs\app\Common\Controller\CommonController.class.php 第 13 行.
NOTIC: [8] Undefined index: HTTP_REFERER D:\xampp\htdocs\app\Common\Controller\CommonController.class.php 第 14 行.
SQL: SHOW COLUMNS FROM `sm_sysconfig` [ RunTime:0.0131s ]
SQL: SELECT * FROM `sm_sysconfig` WHERE `aid` IN ('1','17','7','36','37','38','40','41','42','43','44','')  [ RunTime:0.0004s ]

[ 2019-09-05T12:02:54+08:00 ] 128.14.133.58 /index.php?m=Shop&c=Login&a=login
INFO: [ app_init ] --START--
INFO: Run Behavior\BuildLiteBehavior [ RunTime:0.000014s ]
INFO: [ app_init ] --END-- [ RunTime:0.000323s ]
INFO: [ app_begin ] --START--
INFO: Run Behavior\ReadHtmlCacheBehavior [ RunTime:0.000724s ]
INFO: [ app_begin ] --END-- [ RunTime:0.000778s ]
SQL: SHOW COLUMNS FROM `sm_sysconfig` [ RunTime:0.0055s ]
SQL: SELECT * FROM `sm_sysconfig` WHERE `aid` IN ('1','17','7','36','37','38','40','41','42','43','44','')  [ RunTime:0.0003s ]
INFO: [ view_parse ] --START--
INFO: [ template_filter ] --START--
INFO: Run Behavior\ContentReplaceBehavior [ RunTime:0.000071s ]
INFO: [ template_filter ] --END-- [ RunTime:0.000114s ]
INFO: Run Behavior\ParseTemplateBehavior [ RunTime:0.006808s ]
INFO: [ view_parse ] --END-- [ RunTime:0.006861s ]
INFO: [ view_filter ] --START--
INFO: Run Behavior\WriteHtmlCacheBehavior [ RunTime:0.000300s ]
INFO: [ view_filter ] --END-- [ RunTime:0.000335s ]
INFO: [ app_end ] --START--
INFO: Run Behavior\ShowPageTraceBehavior [ RunTime:0.000447s ]
INFO: [ app_end ] --END-- [ RunTime:0.000483s ]

[ 2019-09-05T12:27:04+08:00 ] 168.61.159.85 /
INFO: [ app_init ] --START--
INFO: Run Behavior\BuildLiteBehavior [ RunTime:0.000015s ]
INFO: [ app_init ] --END-- [ RunTime:0.000411s ]
INFO: [ app_begin ] --START--
INFO: Run Behavior\ReadHtmlCacheBehavior [ RunTime:0.000833s ]
INFO: [ app_begin ] --END-- [ RunTime:0.000887s ]
NOTIC: [8] Undefined index: HTTP_REFERER D:\xampp\htdocs\app\Common\Controller\CommonController.class.php 第 13 行.
NOTIC: [8] Undefined index: HTTP_REFERER D:\xampp\htdocs\app\Common\Controller\CommonController.class.php 第 14 行.
SQL: SHOW COLUMNS FROM `sm_sysconfig` [ RunTime:0.0131s ]
SQL: SELECT * FROM `sm_sysconfig` WHERE `aid` IN ('1','17','7','36','37','38','40','41','42','43','44','')  [ RunTime:0.0004s ]

[ 2019-09-05T12:27:05+08:00 ] 168.61.159.85 /index.php?m=Shop&c=Login&a=login
INFO: [ app_init ] --START--
INFO: Run Behavior\BuildLiteBehavior [ RunTime:0.000017s ]
INFO: [ app_init ] --END-- [ RunTime:0.000478s ]
INFO: [ app_begin ] --START--
INFO: Run Behavior\ReadHtmlCacheBehavior [ RunTime:0.000909s ]
INFO: [ app_begin ] --END-- [ RunTime:0.000975s ]
SQL: SHOW COLUMNS FROM `sm_sysconfig` [ RunTime:0.0123s ]
SQL: SELECT * FROM `sm_sysconfig` WHERE `aid` IN ('1','17','7','36','37','38','40','41','42','43','44','')  [ RunTime:0.0004s ]
INFO: [ view_parse ] --START--
INFO: [ template_filter ] --START--
INFO: Run Behavior\ContentReplaceBehavior [ RunTime:0.000074s ]
INFO: [ template_filter ] --END-- [ RunTime:0.000123s ]
INFO: Run Behavior\ParseTemplateBehavior [ RunTime:0.007564s ]
INFO: [ view_parse ] --END-- [ RunTime:0.007622s ]
INFO: [ view_filter ] --START--
INFO: Run Behavior\WriteHtmlCacheBehavior [ RunTime:0.000539s ]
INFO: [ view_filter ] --END-- [ RunTime:0.000579s ]
INFO: [ app_end ] --START--
INFO: Run Behavior\ShowPageTraceBehavior [ RunTime:0.000706s ]
INFO: [ app_end ] --END-- [ RunTime:0.000747s ]

[ 2019-09-05T12:30:24+08:00 ] 111.30.142.252 /
INFO: [ app_init ] --START--
INFO: Run Behavior\BuildLiteBehavior [ RunTime:0.000016s ]
INFO: [ app_init ] --END-- [ RunTime:0.000375s ]
INFO: [ app_begin ] --START--
INFO: Run Behavior\ReadHtmlCacheBehavior [ RunTime:0.000798s ]
INFO: [ app_begin ] --END-- [ RunTime:0.000856s ]
NOTIC: [8] Undefined index: HTTP_REFERER D:\xampp\htdocs\app\Common\Controller\CommonController.class.php 第 13 行.
NOTIC: [8] Undefined index: HTTP_REFERER D:\xampp\htdocs\app\Common\Controller\CommonController.class.php 第 14 行.
SQL: SHOW COLUMNS FROM `sm_sysconfig` [ RunTime:0.0082s ]
SQL: SELECT * FROM `sm_sysconfig` WHERE `aid` IN ('1','17','7','36','37','38','40','41','42','43','44','')  [ RunTime:0.0003s ]

[ 2019-09-05T12:38:47+08:00 ] 168.61.159.85 /
INFO: [ app_init ] --START--
INFO: Run Behavior\BuildLiteBehavior [ RunTime:0.000013s ]
INFO: [ app_init ] --END-- [ RunTime:0.000377s ]
INFO: [ app_begin ] --START--
INFO: Run Behavior\ReadHtmlCacheBehavior [ RunTime:0.000568s ]
INFO: [ app_begin ] --END-- [ RunTime:0.000617s ]
NOTIC: [8] Undefined index: HTTP_REFERER D:\xampp\htdocs\app\Common\Controller\CommonController.class.php 第 13 行.
NOTIC: [8] Undefined index: HTTP_REFERER D:\xampp\htdocs\app\Common\Controller\CommonController.class.php 第 14 行.
SQL: SHOW COLUMNS FROM `sm_sysconfig` [ RunTime:0.0135s ]
SQL: SELECT * FROM `sm_sysconfig` WHERE `aid` IN ('1','17','7','36','37','38','40','41','42','43','44','')  [ RunTime:0.0004s ]

[ 2019-09-05T12:38:48+08:00 ] 168.61.159.85 /index.php?m=Shop&c=Login&a=login
INFO: [ app_init ] --START--
INFO: Run Behavior\BuildLiteBehavior [ RunTime:0.000014s ]
INFO: [ app_init ] --END-- [ RunTime:0.000326s ]
INFO: [ app_begin ] --START--
INFO: Run Behavior\ReadHtmlCacheBehavior [ RunTime:0.000440s ]
INFO: [ app_begin ] --END-- [ RunTime:0.000489s ]
SQL: SHOW COLUMNS FROM `sm_sysconfig` [ RunTime:0.0119s ]
SQL: SELECT * FROM `sm_sysconfig` WHERE `aid` IN ('1','17','7','36','37','38','40','41','42','43','44','')  [ RunTime:0.0004s ]
INFO: [ view_parse ] --START--
INFO: [ template_filter ] --START--
INFO: Run Behavior\ContentReplaceBehavior [ RunTime:0.000073s ]
INFO: [ template_filter ] --END-- [ RunTime:0.000118s ]
INFO: Run Behavior\ParseTemplateBehavior [ RunTime:0.007364s ]
INFO: [ view_parse ] --END-- [ RunTime:0.007427s ]
INFO: [ view_filter ] --START--
INFO: Run Behavior\WriteHtmlCacheBehavior [ RunTime:0.000454s ]
INFO: [ view_filter ] --END-- [ RunTime:0.000492s ]
INFO: [ app_end ] --START--
INFO: Run Behavior\ShowPageTraceBehavior [ RunTime:0.000532s ]
INFO: [ app_end ] --END-- [ RunTime:0.000571s ]

[ 2019-09-05T12:43:44+08:00 ] 106.14.204.78 /index.php?m=shop&c=settlement&a=settlementlist
INFO: [ app_init ] --START--
INFO: Run Behavior\BuildLiteBehavior [ RunTime:0.000015s ]
INFO: [ app_init ] --END-- [ RunTime:0.000374s ]
INFO: [ app_begin ] --START--
INFO: Run Behavior\ReadHtmlCacheBehavior [ RunTime:0.000787s ]
INFO: [ app_begin ] --END-- [ RunTime:0.000839s ]
NOTIC: [8] Undefined index: HTTP_REFERER D:\xampp\htdocs\app\Common\Controller\CommonController.class.php 第 13 行.
NOTIC: [8] Undefined index: HTTP_REFERER D:\xampp\htdocs\app\Common\Controller\CommonController.class.php 第 14 行.
SQL: SHOW COLUMNS FROM `sm_sysconfig` [ RunTime:0.0120s ]
SQL: SELECT * FROM `sm_sysconfig` WHERE `aid` IN ('1','17','7','36','37','38','40','41','42','43','44','')  [ RunTime:0.0004s ]

[ 2019-09-05T12:43:44+08:00 ] 106.14.204.78 /index.php?m=Shop&c=Login&a=login
INFO: [ app_init ] --START--
INFO: Run Behavior\BuildLiteBehavior [ RunTime:0.000013s ]
INFO: [ app_init ] --END-- [ RunTime:0.000362s ]
INFO: [ app_begin ] --START--
INFO: Run Behavior\ReadHtmlCacheBehavior [ RunTime:0.000790s ]
INFO: [ app_begin ] --END-- [ RunTime:0.000848s ]
NOTIC: [8] Undefined index: HTTP_REFERER D:\xampp\htdocs\app\Common\Controller\CommonController.class.php 第 13 行.
NOTIC: [8] Undefined index: HTTP_REFERER D:\xampp\htdocs\app\Common\Controller\CommonController.class.php 第 14 行.
SQL: SHOW COLUMNS FROM `sm_sysconfig` [ RunTime:0.0052s ]
SQL: SELECT * FROM `sm_sysconfig` WHERE `aid` IN ('1','17','7','36','37','38','40','41','42','43','44','')  [ RunTime:0.0003s ]
INFO: [ view_parse ] --START--
INFO: [ template_filter ] --START--
INFO: Run Behavior\ContentReplaceBehavior [ RunTime:0.000070s ]
INFO: [ template_filter ] --END-- [ RunTime:0.000112s ]
INFO: Run Behavior\ParseTemplateBehavior [ RunTime:0.007246s ]
INFO: [ view_parse ] --END-- [ RunTime:0.007304s ]
INFO: [ view_filter ] --START--
INFO: Run Behavior\WriteHtmlCacheBehavior [ RunTime:0.000535s ]
INFO: [ view_filter ] --END-- [ RunTime:0.000572s ]
INFO: [ app_end ] --START--
INFO: Run Behavior\ShowPageTraceBehavior [ RunTime:0.000699s ]
INFO: [ app_end ] --END-- [ RunTime:0.000738s ]

[ 2019-09-05T15:25:09+08:00 ] 220.194.107.222 /
INFO: [ app_init ] --START--
INFO: Run Behavior\BuildLiteBehavior [ RunTime:0.000017s ]
INFO: [ app_init ] --END-- [ RunTime:0.000386s ]
INFO: [ app_begin ] --START--
INFO: Run Behavior\ReadHtmlCacheBehavior [ RunTime:0.000696s ]
INFO: [ app_begin ] --END-- [ RunTime:0.000749s ]
NOTIC: [8] Undefined index: HTTP_REFERER D:\xampp\htdocs\app\Common\Controller\CommonController.class.php 第 13 行.
NOTIC: [8] Undefined index: HTTP_REFERER D:\xampp\htdocs\app\Common\Controller\CommonController.class.php 第 14 行.
SQL: SHOW COLUMNS FROM `sm_sysconfig` [ RunTime:0.0134s ]
SQL: SELECT * FROM `sm_sysconfig` WHERE `aid` IN ('1','17','7','36','37','38','40','41','42','43','44','')  [ RunTime:0.0005s ]

[ 2019-09-05T15:25:09+08:00 ] 111.30.142.233 /
INFO: [ app_init ] --START--
INFO: Run Behavior\BuildLiteBehavior [ RunTime:0.000013s ]
INFO: [ app_init ] --END-- [ RunTime:0.000345s ]
INFO: [ app_begin ] --START--
INFO: Run Behavior\ReadHtmlCacheBehavior [ RunTime:0.000633s ]
INFO: [ app_begin ] --END-- [ RunTime:0.000679s ]
NOTIC: [8] Undefined index: HTTP_REFERER D:\xampp\htdocs\app\Common\Controller\CommonController.class.php 第 13 行.
NOTIC: [8] Undefined index: HTTP_REFERER D:\xampp\htdocs\app\Common\Controller\CommonController.class.php 第 14 行.
SQL: SHOW COLUMNS FROM `sm_sysconfig` [ RunTime:0.0049s ]
SQL: SELECT * FROM `sm_sysconfig` WHERE `aid` IN ('1','17','7','36','37','38','40','41','42','43','44','')  [ RunTime:0.0003s ]

[ 2019-09-05T15:47:01+08:00 ] 41.250.179.244 /
INFO: [ app_init ] --START--
INFO: Run Behavior\BuildLiteBehavior [ RunTime:0.000013s ]
INFO: [ app_init ] --END-- [ RunTime:0.000370s ]
INFO: [ app_begin ] --START--
INFO: Run Behavior\ReadHtmlCacheBehavior [ RunTime:0.000558s ]
INFO: [ app_begin ] --END-- [ RunTime:0.000606s ]
NOTIC: [8] Undefined index: HTTP_REFERER D:\xampp\htdocs\app\Common\Controller\CommonController.class.php 第 13 行.
NOTIC: [8] Undefined index: HTTP_REFERER D:\xampp\htdocs\app\Common\Controller\CommonController.class.php 第 14 行.
SQL: SHOW COLUMNS FROM `sm_sysconfig` [ RunTime:0.0132s ]
SQL: SELECT * FROM `sm_sysconfig` WHERE `aid` IN ('1','17','7','36','37','38','40','41','42','43','44','')  [ RunTime:0.0004s ]

[ 2019-09-05T16:03:56+08:00 ] 200.131.23.2 /
INFO: [ app_init ] --START--
INFO: Run Behavior\BuildLiteBehavior [ RunTime:0.000014s ]
INFO: [ app_init ] --END-- [ RunTime:0.000371s ]
INFO: [ app_begin ] --START--
INFO: Run Behavior\ReadHtmlCacheBehavior [ RunTime:0.000568s ]
INFO: [ app_begin ] --END-- [ RunTime:0.000616s ]
NOTIC: [8] Undefined index: HTTP_REFERER D:\xampp\htdocs\app\Common\Controller\CommonController.class.php 第 13 行.
NOTIC: [8] Undefined index: HTTP_REFERER D:\xampp\htdocs\app\Common\Controller\CommonController.class.php 第 14 行.
SQL: SHOW COLUMNS FROM `sm_sysconfig` [ RunTime:0.0119s ]
SQL: SELECT * FROM `sm_sysconfig` WHERE `aid` IN ('1','17','7','36','37','38','40','41','42','43','44','')  [ RunTime:0.0004s ]

[ 2019-09-05T16:12:00+08:00 ] 5.32.176.107 /
INFO: [ app_init ] --START--
INFO: Run Behavior\BuildLiteBehavior [ RunTime:0.000013s ]
INFO: [ app_init ] --END-- [ RunTime:0.000377s ]
INFO: [ app_begin ] --START--
INFO: Run Behavior\ReadHtmlCacheBehavior [ RunTime:0.000677s ]
INFO: [ app_begin ] --END-- [ RunTime:0.000727s ]
NOTIC: [8] Undefined index: HTTP_REFERER D:\xampp\htdocs\app\Common\Controller\CommonController.class.php 第 13 行.
NOTIC: [8] Undefined index: HTTP_REFERER D:\xampp\htdocs\app\Common\Controller\CommonController.class.php 第 14 行.
SQL: SHOW COLUMNS FROM `sm_sysconfig` [ RunTime:0.0135s ]
SQL: SELECT * FROM `sm_sysconfig` WHERE `aid` IN ('1','17','7','36','37','38','40','41','42','43','44','')  [ RunTime:0.0004s ]

[ 2019-09-05T16:19:43+08:00 ] 183.136.190.62 /
INFO: [ app_init ] --START--
INFO: Run Behavior\BuildLiteBehavior [ RunTime:0.000013s ]
INFO: [ app_init ] --END-- [ RunTime:0.000367s ]
INFO: [ app_begin ] --START--
INFO: Run Behavior\ReadHtmlCacheBehavior [ RunTime:0.000555s ]
INFO: [ app_begin ] --END-- [ RunTime:0.000604s ]
NOTIC: [8] Undefined index: HTTP_REFERER D:\xampp\htdocs\app\Common\Controller\CommonController.class.php 第 13 行.
NOTIC: [8] Undefined index: HTTP_REFERER D:\xampp\htdocs\app\Common\Controller\CommonController.class.php 第 14 行.
SQL: SHOW COLUMNS FROM `sm_sysconfig` [ RunTime:0.0120s ]
SQL: SELECT * FROM `sm_sysconfig` WHERE `aid` IN ('1','17','7','36','37','38','40','41','42','43','44','')  [ RunTime:0.0004s ]

[ 2019-09-05T16:26:13+08:00 ] 221.2.209.230 /index.php?m=Shop&c=Login&a=login
INFO: [ app_init ] --START--
INFO: Run Behavior\BuildLiteBehavior [ RunTime:0.000013s ]
INFO: [ app_init ] --END-- [ RunTime:0.000359s ]
INFO: [ app_begin ] --START--
INFO: Run Behavior\ReadHtmlCacheBehavior [ RunTime:0.000568s ]
INFO: [ app_begin ] --END-- [ RunTime:0.000619s ]
NOTIC: [8] Undefined index: HTTP_REFERER D:\xampp\htdocs\app\Common\Controller\CommonController.class.php 第 13 行.
NOTIC: [8] Undefined index: HTTP_REFERER D:\xampp\htdocs\app\Common\Controller\CommonController.class.php 第 14 行.
SQL: SHOW COLUMNS FROM `sm_sysconfig` [ RunTime:0.0132s ]
SQL: SELECT * FROM `sm_sysconfig` WHERE `aid` IN ('1','17','7','36','37','38','40','41','42','43','44','')  [ RunTime:0.0004s ]
INFO: [ view_parse ] --START--
INFO: [ template_filter ] --START--
INFO: Run Behavior\ContentReplaceBehavior [ RunTime:0.000071s ]
INFO: [ template_filter ] --END-- [ RunTime:0.000117s ]
INFO: Run Behavior\ParseTemplateBehavior [ RunTime:0.031915s ]
INFO: [ view_parse ] --END-- [ RunTime:0.031985s ]
INFO: [ view_filter ] --START--
INFO: Run Behavior\WriteHtmlCacheBehavior [ RunTime:0.000518s ]
INFO: [ view_filter ] --END-- [ RunTime:0.000563s ]
INFO: [ app_end ] --START--
INFO: Run Behavior\ShowPageTraceBehavior [ RunTime:0.000575s ]
INFO: [ app_end ] --END-- [ RunTime:0.000617s ]

[ 2019-09-05T17:38:42+08:00 ] 221.179.144.118 /
INFO: [ app_init ] --START--
INFO: Run Behavior\BuildLiteBehavior [ RunTime:0.000014s ]
INFO: [ app_init ] --END-- [ RunTime:0.000369s ]
INFO: [ app_begin ] --START--
INFO: Run Behavior\ReadHtmlCacheBehavior [ RunTime:0.000577s ]
INFO: [ app_begin ] --END-- [ RunTime:0.000628s ]
NOTIC: [8] Undefined index: HTTP_REFERER D:\xampp\htdocs\app\Common\Controller\CommonController.class.php 第 13 行.
NOTIC: [8] Undefined index: HTTP_REFERER D:\xampp\htdocs\app\Common\Controller\CommonController.class.php 第 14 行.
SQL: SHOW COLUMNS FROM `sm_sysconfig` [ RunTime:0.0131s ]
SQL: SELECT * FROM `sm_sysconfig` WHERE `aid` IN ('1','17','7','36','37','38','40','41','42','43','44','')  [ RunTime:0.0004s ]

[ 2019-09-05T17:38:42+08:00 ] 221.179.144.118 /index.php?m=Shop&c=Login&a=login
INFO: [ app_init ] --START--
INFO: Run Behavior\BuildLiteBehavior [ RunTime:0.000014s ]
INFO: [ app_init ] --END-- [ RunTime:0.000309s ]
INFO: [ app_begin ] --START--
INFO: Run Behavior\ReadHtmlCacheBehavior [ RunTime:0.000446s ]
INFO: [ app_begin ] --END-- [ RunTime:0.000492s ]
NOTIC: [8] Undefined index: HTTP_REFERER D:\xampp\htdocs\app\Common\Controller\CommonController.class.php 第 13 行.
NOTIC: [8] Undefined index: HTTP_REFERER D:\xampp\htdocs\app\Common\Controller\CommonController.class.php 第 14 行.
SQL: SHOW COLUMNS FROM `sm_sysconfig` [ RunTime:0.0057s ]
SQL: SELECT * FROM `sm_sysconfig` WHERE `aid` IN ('1','17','7','36','37','38','40','41','42','43','44','')  [ RunTime:0.0003s ]
INFO: [ view_parse ] --START--
INFO: [ template_filter ] --START--
INFO: Run Behavior\ContentReplaceBehavior [ RunTime:0.000070s ]
INFO: [ template_filter ] --END-- [ RunTime:0.000119s ]
INFO: Run Behavior\ParseTemplateBehavior [ RunTime:0.006934s ]
INFO: [ view_parse ] --END-- [ RunTime:0.006993s ]
INFO: [ view_filter ] --START--
INFO: Run Behavior\WriteHtmlCacheBehavior [ RunTime:0.000395s ]
INFO: [ view_filter ] --END-- [ RunTime:0.000440s ]
INFO: [ app_end ] --START--
INFO: Run Behavior\ShowPageTraceBehavior [ RunTime:0.000532s ]
INFO: [ app_end ] --END-- [ RunTime:0.000570s ]

[ 2019-09-05T17:38:42+08:00 ] 221.179.144.118 /index.php?m=Shop&c=Login&a=verify
INFO: [ app_init ] --START--
INFO: Run Behavior\BuildLiteBehavior [ RunTime:0.000013s ]
INFO: [ app_init ] --END-- [ RunTime:0.000351s ]
INFO: [ app_begin ] --START--
INFO: Run Behavior\ReadHtmlCacheBehavior [ RunTime:0.000552s ]
INFO: [ app_begin ] --END-- [ RunTime:0.000602s ]
NOTIC: [8] Undefined index: HTTP_REFERER D:\xampp\htdocs\app\Common\Controller\CommonController.class.php 第 13 行.
NOTIC: [8] Undefined index: HTTP_REFERER D:\xampp\htdocs\app\Common\Controller\CommonController.class.php 第 14 行.
SQL: SHOW COLUMNS FROM `sm_sysconfig` [ RunTime:0.0077s ]
SQL: SELECT * FROM `sm_sysconfig` WHERE `aid` IN ('1','17','7','36','37','38','40','41','42','43','44','')  [ RunTime:0.0004s ]
INFO: [ app_end ] --START--
INFO: Run Behavior\ShowPageTraceBehavior [ RunTime:0.000613s ]
INFO: [ app_end ] --END-- [ RunTime:0.000673s ]

[ 2019-09-05T18:07:58+08:00 ] 202.166.196.119 /
INFO: [ app_init ] --START--
INFO: Run Behavior\BuildLiteBehavior [ RunTime:0.000013s ]
INFO: [ app_init ] --END-- [ RunTime:0.000363s ]
INFO: [ app_begin ] --START--
INFO: Run Behavior\ReadHtmlCacheBehavior [ RunTime:0.000646s ]
INFO: [ app_begin ] --END-- [ RunTime:0.000696s ]
NOTIC: [8] Undefined index: HTTP_REFERER D:\xampp\htdocs\app\Common\Controller\CommonController.class.php 第 13 行.
NOTIC: [8] Undefined index: HTTP_REFERER D:\xampp\htdocs\app\Common\Controller\CommonController.class.php 第 14 行.
SQL: SHOW COLUMNS FROM `sm_sysconfig` [ RunTime:0.0132s ]
SQL: SELECT * FROM `sm_sysconfig` WHERE `aid` IN ('1','17','7','36','37','38','40','41','42','43','44','')  [ RunTime:0.0004s ]

[ 2019-09-05T18:45:10+08:00 ] 178.212.54.208 /
INFO: [ app_init ] --START--
INFO: Run Behavior\BuildLiteBehavior [ RunTime:0.000014s ]
INFO: [ app_init ] --END-- [ RunTime:0.000378s ]
INFO: [ app_begin ] --START--
INFO: Run Behavior\ReadHtmlCacheBehavior [ RunTime:0.000700s ]
INFO: [ app_begin ] --END-- [ RunTime:0.000754s ]
NOTIC: [8] Undefined index: HTTP_REFERER D:\xampp\htdocs\app\Common\Controller\CommonController.class.php 第 13 行.
NOTIC: [8] Undefined index: HTTP_REFERER D:\xampp\htdocs\app\Common\Controller\CommonController.class.php 第 14 行.
SQL: SHOW COLUMNS FROM `sm_sysconfig` [ RunTime:0.0134s ]
SQL: SELECT * FROM `sm_sysconfig` WHERE `aid` IN ('1','17','7','36','37','38','40','41','42','43','44','')  [ RunTime:0.0004s ]

[ 2019-09-05T18:54:46+08:00 ] 185.73.102.163 /
INFO: [ app_init ] --START--
INFO: Run Behavior\BuildLiteBehavior [ RunTime:0.000015s ]
INFO: [ app_init ] --END-- [ RunTime:0.000379s ]
INFO: [ app_begin ] --START--
INFO: Run Behavior\ReadHtmlCacheBehavior [ RunTime:0.000585s ]
INFO: [ app_begin ] --END-- [ RunTime:0.000652s ]
NOTIC: [8] Undefined index: HTTP_REFERER D:\xampp\htdocs\app\Common\Controller\CommonController.class.php 第 13 行.
NOTIC: [8] Undefined index: HTTP_REFERER D:\xampp\htdocs\app\Common\Controller\CommonController.class.php 第 14 行.
SQL: SHOW COLUMNS FROM `sm_sysconfig` [ RunTime:0.0125s ]
SQL: SELECT * FROM `sm_sysconfig` WHERE `aid` IN ('1','17','7','36','37','38','40','41','42','43','44','')  [ RunTime:0.0004s ]

[ 2019-09-05T19:00:08+08:00 ] 66.220.149.42 /?fbclid=IwAR0NEcWBJdKTTFg-Kfih44UadWYDxQdvBOU4u47q3dXkxD-yyMNfGzZJoAc
INFO: [ app_init ] --START--
INFO: Run Behavior\BuildLiteBehavior [ RunTime:0.000013s ]
INFO: [ app_init ] --END-- [ RunTime:0.000354s ]
INFO: [ app_begin ] --START--
INFO: Run Behavior\ReadHtmlCacheBehavior [ RunTime:0.000572s ]
INFO: [ app_begin ] --END-- [ RunTime:0.000622s ]
NOTIC: [8] Undefined index: HTTP_REFERER D:\xampp\htdocs\app\Common\Controller\CommonController.class.php 第 13 行.
NOTIC: [8] Undefined index: HTTP_REFERER D:\xampp\htdocs\app\Common\Controller\CommonController.class.php 第 14 行.
SQL: SHOW COLUMNS FROM `sm_sysconfig` [ RunTime:0.0135s ]
SQL: SELECT * FROM `sm_sysconfig` WHERE `aid` IN ('1','17','7','36','37','38','40','41','42','43','44','')  [ RunTime:0.0004s ]

[ 2019-09-05T19:00:08+08:00 ] 66.220.149.42 /index.php?m=Shop&c=Login&a=login
INFO: [ app_init ] --START--
INFO: Run Behavior\BuildLiteBehavior [ RunTime:0.000013s ]
INFO: [ app_init ] --END-- [ RunTime:0.000314s ]
INFO: [ app_begin ] --START--
INFO: Run Behavior\ReadHtmlCacheBehavior [ RunTime:0.000439s ]
INFO: [ app_begin ] --END-- [ RunTime:0.000491s ]
NOTIC: [8] Undefined index: HTTP_REFERER D:\xampp\htdocs\app\Common\Controller\CommonController.class.php 第 13 行.
NOTIC: [8] Undefined index: HTTP_REFERER D:\xampp\htdocs\app\Common\Controller\CommonController.class.php 第 14 行.
SQL: SHOW COLUMNS FROM `sm_sysconfig` [ RunTime:0.0063s ]
SQL: SELECT * FROM `sm_sysconfig` WHERE `aid` IN ('1','17','7','36','37','38','40','41','42','43','44','')  [ RunTime:0.0004s ]
INFO: [ view_parse ] --START--
INFO: [ template_filter ] --START--
INFO: Run Behavior\ContentReplaceBehavior [ RunTime:0.000072s ]
INFO: [ template_filter ] --END-- [ RunTime:0.000117s ]
INFO: Run Behavior\ParseTemplateBehavior [ RunTime:0.006675s ]
INFO: [ view_parse ] --END-- [ RunTime:0.006727s ]
INFO: [ view_filter ] --START--
INFO: Run Behavior\WriteHtmlCacheBehavior [ RunTime:0.000371s ]
INFO: [ view_filter ] --END-- [ RunTime:0.000412s ]
INFO: [ app_end ] --START--
INFO: Run Behavior\ShowPageTraceBehavior [ RunTime:0.000553s ]
INFO: [ app_end ] --END-- [ RunTime:0.000600s ]

[ 2019-09-05T19:00:10+08:00 ] 66.220.149.42 /index.php?m=Shop&c=Login&a=verify
INFO: [ app_init ] --START--
INFO: Run Behavior\BuildLiteBehavior [ RunTime:0.000014s ]
INFO: [ app_init ] --END-- [ RunTime:0.000322s ]
INFO: [ app_begin ] --START--
INFO: Run Behavior\ReadHtmlCacheBehavior [ RunTime:0.000456s ]
INFO: [ app_begin ] --END-- [ RunTime:0.000507s ]
NOTIC: [8] Undefined index: HTTP_REFERER D:\xampp\htdocs\app\Common\Controller\CommonController.class.php 第 13 行.
NOTIC: [8] Undefined index: HTTP_REFERER D:\xampp\htdocs\app\Common\Controller\CommonController.class.php 第 14 行.
SQL: SHOW COLUMNS FROM `sm_sysconfig` [ RunTime:0.0123s ]
SQL: SELECT * FROM `sm_sysconfig` WHERE `aid` IN ('1','17','7','36','37','38','40','41','42','43','44','')  [ RunTime:0.0004s ]
INFO: [ app_end ] --START--
INFO: Run Behavior\ShowPageTraceBehavior [ RunTime:0.000505s ]
INFO: [ app_end ] --END-- [ RunTime:0.000559s ]

[ 2019-09-05T19:02:10+08:00 ] 23.124.185.51 /
INFO: [ app_init ] --START--
INFO: Run Behavior\BuildLiteBehavior [ RunTime:0.000014s ]
INFO: [ app_init ] --END-- [ RunTime:0.000371s ]
INFO: [ app_begin ] --START--
INFO: Run Behavior\ReadHtmlCacheBehavior [ RunTime:0.000561s ]
INFO: [ app_begin ] --END-- [ RunTime:0.000620s ]
NOTIC: [8] Undefined index: HTTP_REFERER D:\xampp\htdocs\app\Common\Controller\CommonController.class.php 第 13 行.
NOTIC: [8] Undefined index: HTTP_REFERER D:\xampp\htdocs\app\Common\Controller\CommonController.class.php 第 14 行.
SQL: SHOW COLUMNS FROM `sm_sysconfig` [ RunTime:0.0131s ]
SQL: SELECT * FROM `sm_sysconfig` WHERE `aid` IN ('1','17','7','36','37','38','40','41','42','43','44','')  [ RunTime:0.0004s ]

[ 2019-09-05T20:22:38+08:00 ] 123.136.27.203 /
INFO: [ app_init ] --START--
INFO: Run Behavior\BuildLiteBehavior [ RunTime:0.000013s ]
INFO: [ app_init ] --END-- [ RunTime:0.000350s ]
INFO: [ app_begin ] --START--
INFO: Run Behavior\ReadHtmlCacheBehavior [ RunTime:0.015371s ]
INFO: [ app_begin ] --END-- [ RunTime:0.015434s ]
NOTIC: [8] Undefined index: HTTP_REFERER D:\xampp\htdocs\app\Common\Controller\CommonController.class.php 第 13 行.
NOTIC: [8] Undefined index: HTTP_REFERER D:\xampp\htdocs\app\Common\Controller\CommonController.class.php 第 14 行.
SQL: SHOW COLUMNS FROM `sm_sysconfig` [ RunTime:0.0126s ]
SQL: SELECT * FROM `sm_sysconfig` WHERE `aid` IN ('1','17','7','36','37','38','40','41','42','43','44','')  [ RunTime:0.0004s ]

[ 2019-09-05T22:30:58+08:00 ] 111.10.34.21 /
INFO: [ app_init ] --START--
INFO: Run Behavior\BuildLiteBehavior [ RunTime:0.000013s ]
INFO: [ app_init ] --END-- [ RunTime:0.000364s ]
INFO: [ app_begin ] --START--
INFO: Run Behavior\ReadHtmlCacheBehavior [ RunTime:0.000652s ]
INFO: [ app_begin ] --END-- [ RunTime:0.000700s ]
NOTIC: [8] Undefined index: HTTP_REFERER D:\xampp\htdocs\app\Common\Controller\CommonController.class.php 第 13 行.
NOTIC: [8] Undefined index: HTTP_REFERER D:\xampp\htdocs\app\Common\Controller\CommonController.class.php 第 14 行.
SQL: SHOW COLUMNS FROM `sm_sysconfig` [ RunTime:0.0089s ]
SQL: SELECT * FROM `sm_sysconfig` WHERE `aid` IN ('1','17','7','36','37','38','40','41','42','43','44','')  [ RunTime:0.0004s ]

[ 2019-09-05T22:30:58+08:00 ] 58.144.154.219 /
INFO: [ app_init ] --START--
INFO: Run Behavior\BuildLiteBehavior [ RunTime:0.000015s ]
INFO: [ app_init ] --END-- [ RunTime:0.000365s ]
INFO: [ app_begin ] --START--
INFO: Run Behavior\ReadHtmlCacheBehavior [ RunTime:0.000827s ]
INFO: [ app_begin ] --END-- [ RunTime:0.000879s ]
NOTIC: [8] Undefined index: HTTP_REFERER D:\xampp\htdocs\app\Common\Controller\CommonController.class.php 第 13 行.
NOTIC: [8] Undefined index: HTTP_REFERER D:\xampp\htdocs\app\Common\Controller\CommonController.class.php 第 14 行.
SQL: SHOW COLUMNS FROM `sm_sysconfig` [ RunTime:0.0057s ]
SQL: SELECT * FROM `sm_sysconfig` WHERE `aid` IN ('1','17','7','36','37','38','40','41','42','43','44','')  [ RunTime:0.0004s ]

[ 2019-09-05T22:31:02+08:00 ] 58.144.156.53 /
INFO: [ app_init ] --START--
INFO: Run Behavior\BuildLiteBehavior [ RunTime:0.000013s ]
INFO: [ app_init ] --END-- [ RunTime:0.000359s ]
INFO: [ app_begin ] --START--
INFO: Run Behavior\ReadHtmlCacheBehavior [ RunTime:0.000694s ]
INFO: [ app_begin ] --END-- [ RunTime:0.000744s ]
NOTIC: [8] Undefined index: HTTP_REFERER D:\xampp\htdocs\app\Common\Controller\CommonController.class.php 第 13 行.
NOTIC: [8] Undefined index: HTTP_REFERER D:\xampp\htdocs\app\Common\Controller\CommonController.class.php 第 14 行.
SQL: SHOW COLUMNS FROM `sm_sysconfig` [ RunTime:0.0091s ]
SQL: SELECT * FROM `sm_sysconfig` WHERE `aid` IN ('1','17','7','36','37','38','40','41','42','43','44','')  [ RunTime:0.0004s ]

[ 2019-09-05T22:31:02+08:00 ] 111.10.34.19 /
INFO: [ app_init ] --START--
INFO: Run Behavior\BuildLiteBehavior [ RunTime:0.000014s ]
INFO: [ app_init ] --END-- [ RunTime:0.000374s ]
INFO: [ app_begin ] --START--
INFO: Run Behavior\ReadHtmlCacheBehavior [ RunTime:0.000749s ]
INFO: [ app_begin ] --END-- [ RunTime:0.000803s ]
NOTIC: [8] Undefined index: HTTP_REFERER D:\xampp\htdocs\app\Common\Controller\CommonController.class.php 第 13 行.
NOTIC: [8] Undefined index: HTTP_REFERER D:\xampp\htdocs\app\Common\Controller\CommonController.class.php 第 14 行.
SQL: SHOW COLUMNS FROM `sm_sysconfig` [ RunTime:0.0055s ]
SQL: SELECT * FROM `sm_sysconfig` WHERE `aid` IN ('1','17','7','36','37','38','40','41','42','43','44','')  [ RunTime:0.0004s ]

[ 2019-09-05T22:31:02+08:00 ] 58.144.155.147 /
INFO: [ app_init ] --START--
INFO: Run Behavior\BuildLiteBehavior [ RunTime:0.000013s ]
INFO: [ app_init ] --END-- [ RunTime:0.000360s ]
INFO: [ app_begin ] --START--
INFO: Run Behavior\ReadHtmlCacheBehavior [ RunTime:0.000694s ]
INFO: [ app_begin ] --END-- [ RunTime:0.000744s ]
NOTIC: [8] Undefined index: HTTP_REFERER D:\xampp\htdocs\app\Common\Controller\CommonController.class.php 第 13 行.
NOTIC: [8] Undefined index: HTTP_REFERER D:\xampp\htdocs\app\Common\Controller\CommonController.class.php 第 14 行.
SQL: SHOW COLUMNS FROM `sm_sysconfig` [ RunTime:0.0053s ]
SQL: SELECT * FROM `sm_sysconfig` WHERE `aid` IN ('1','17','7','36','37','38','40','41','42','43','44','')  [ RunTime:0.0004s ]

[ 2019-09-05T22:31:02+08:00 ] 111.10.34.90 /
INFO: [ app_init ] --START--
INFO: Run Behavior\BuildLiteBehavior [ RunTime:0.000013s ]
INFO: [ app_init ] --END-- [ RunTime:0.000305s ]
INFO: [ app_begin ] --START--
INFO: Run Behavior\ReadHtmlCacheBehavior [ RunTime:0.000551s ]
INFO: [ app_begin ] --END-- [ RunTime:0.000597s ]
NOTIC: [8] Undefined index: HTTP_REFERER D:\xampp\htdocs\app\Common\Controller\CommonController.class.php 第 13 行.
NOTIC: [8] Undefined index: HTTP_REFERER D:\xampp\htdocs\app\Common\Controller\CommonController.class.php 第 14 行.
SQL: SHOW COLUMNS FROM `sm_sysconfig` [ RunTime:0.0055s ]
SQL: SELECT * FROM `sm_sysconfig` WHERE `aid` IN ('1','17','7','36','37','38','40','41','42','43','44','')  [ RunTime:0.0004s ]

[ 2019-09-05T22:31:04+08:00 ] 58.144.155.147 /
INFO: [ app_init ] --START--
INFO: Run Behavior\BuildLiteBehavior [ RunTime:0.000013s ]
INFO: [ app_init ] --END-- [ RunTime:0.000354s ]
INFO: [ app_begin ] --START--
INFO: Run Behavior\ReadHtmlCacheBehavior [ RunTime:0.000687s ]
INFO: [ app_begin ] --END-- [ RunTime:0.000739s ]
NOTIC: [8] Undefined index: HTTP_REFERER D:\xampp\htdocs\app\Common\Controller\CommonController.class.php 第 13 行.
NOTIC: [8] Undefined index: HTTP_REFERER D:\xampp\htdocs\app\Common\Controller\CommonController.class.php 第 14 行.
SQL: SHOW COLUMNS FROM `sm_sysconfig` [ RunTime:0.0106s ]
SQL: SELECT * FROM `sm_sysconfig` WHERE `aid` IN ('1','17','7','36','37','38','40','41','42','43','44','')  [ RunTime:0.0004s ]

[ 2019-09-05T22:31:05+08:00 ] 111.10.34.21 /
INFO: [ app_init ] --START--
INFO: Run Behavior\BuildLiteBehavior [ RunTime:0.000016s ]
INFO: [ app_init ] --END-- [ RunTime:0.000420s ]
INFO: [ app_begin ] --START--
INFO: Run Behavior\ReadHtmlCacheBehavior [ RunTime:0.000748s ]
INFO: [ app_begin ] --END-- [ RunTime:0.000808s ]
NOTIC: [8] Undefined index: HTTP_REFERER D:\xampp\htdocs\app\Common\Controller\CommonController.class.php 第 13 行.
NOTIC: [8] Undefined index: HTTP_REFERER D:\xampp\htdocs\app\Common\Controller\CommonController.class.php 第 14 行.
SQL: SHOW COLUMNS FROM `sm_sysconfig` [ RunTime:0.0100s ]
SQL: SELECT * FROM `sm_sysconfig` WHERE `aid` IN ('1','17','7','36','37','38','40','41','42','43','44','')  [ RunTime:0.0003s ]

[ 2019-09-05T22:31:06+08:00 ] 111.10.34.21 /
INFO: [ app_init ] --START--
INFO: Run Behavior\BuildLiteBehavior [ RunTime:0.000016s ]
INFO: [ app_init ] --END-- [ RunTime:0.000475s ]
INFO: [ app_begin ] --START--
INFO: Run Behavior\ReadHtmlCacheBehavior [ RunTime:0.000917s ]
INFO: [ app_begin ] --END-- [ RunTime:0.000977s ]
NOTIC: [8] Undefined index: HTTP_REFERER D:\xampp\htdocs\app\Common\Controller\CommonController.class.php 第 13 行.
NOTIC: [8] Undefined index: HTTP_REFERER D:\xampp\htdocs\app\Common\Controller\CommonController.class.php 第 14 行.
SQL: SHOW COLUMNS FROM `sm_sysconfig` [ RunTime:0.0140s ]
SQL: SELECT * FROM `sm_sysconfig` WHERE `aid` IN ('1','17','7','36','37','38','40','41','42','43','44','')  [ RunTime:0.0008s ]

[ 2019-09-05T22:31:06+08:00 ] 58.144.156.39 /
INFO: [ app_init ] --START--
INFO: Run Behavior\BuildLiteBehavior [ RunTime:0.000018s ]
INFO: [ app_init ] --END-- [ RunTime:0.000494s ]
INFO: [ app_begin ] --START--
INFO: Run Behavior\ReadHtmlCacheBehavior [ RunTime:0.000812s ]
INFO: [ app_begin ] --END-- [ RunTime:0.000875s ]
NOTIC: [8] Undefined index: HTTP_REFERER D:\xampp\htdocs\app\Common\Controller\CommonController.class.php 第 13 行.
NOTIC: [8] Undefined index: HTTP_REFERER D:\xampp\htdocs\app\Common\Controller\CommonController.class.php 第 14 行.
SQL: SHOW COLUMNS FROM `sm_sysconfig` [ RunTime:0.0139s ]
SQL: SELECT * FROM `sm_sysconfig` WHERE `aid` IN ('1','17','7','36','37','38','40','41','42','43','44','')  [ RunTime:0.0004s ]

[ 2019-09-05T22:31:06+08:00 ] 58.144.156.53 /
INFO: [ app_init ] --START--
INFO: Run Behavior\BuildLiteBehavior [ RunTime:0.000014s ]
INFO: [ app_init ] --END-- [ RunTime:0.000384s ]
INFO: [ app_begin ] --START--
INFO: Run Behavior\ReadHtmlCacheBehavior [ RunTime:0.000644s ]
INFO: [ app_begin ] --END-- [ RunTime:0.000694s ]
NOTIC: [8] Undefined index: HTTP_REFERER D:\xampp\htdocs\app\Common\Controller\CommonController.class.php 第 13 行.
NOTIC: [8] Undefined index: HTTP_REFERER D:\xampp\htdocs\app\Common\Controller\CommonController.class.php 第 14 行.
SQL: SHOW COLUMNS FROM `sm_sysconfig` [ RunTime:0.0097s ]
SQL: SELECT * FROM `sm_sysconfig` WHERE `aid` IN ('1','17','7','36','37','38','40','41','42','43','44','')  [ RunTime:0.0004s ]

[ 2019-09-05T22:31:06+08:00 ] 111.10.34.90 /
INFO: [ app_init ] --START--
INFO: Run Behavior\BuildLiteBehavior [ RunTime:0.000014s ]
INFO: [ app_init ] --END-- [ RunTime:0.000351s ]
INFO: [ app_begin ] --START--
INFO: Run Behavior\ReadHtmlCacheBehavior [ RunTime:0.000621s ]
INFO: [ app_begin ] --END-- [ RunTime:0.000669s ]
NOTIC: [8] Undefined index: HTTP_REFERER D:\xampp\htdocs\app\Common\Controller\CommonController.class.php 第 13 行.
NOTIC: [8] Undefined index: HTTP_REFERER D:\xampp\htdocs\app\Common\Controller\CommonController.class.php 第 14 行.
SQL: SHOW COLUMNS FROM `sm_sysconfig` [ RunTime:0.0058s ]
SQL: SELECT * FROM `sm_sysconfig` WHERE `aid` IN ('1','17','7','36','37','38','40','41','42','43','44','')  [ RunTime:0.0005s ]

[ 2019-09-05T22:31:29+08:00 ] 111.10.34.90 /
INFO: [ app_init ] --START--
INFO: Run Behavior\BuildLiteBehavior [ RunTime:0.000019s ]
INFO: [ app_init ] --END-- [ RunTime:0.000438s ]
INFO: [ app_begin ] --START--
INFO: Run Behavior\ReadHtmlCacheBehavior [ RunTime:0.000902s ]
INFO: [ app_begin ] --END-- [ RunTime:0.000987s ]
NOTIC: [8] Undefined index: HTTP_REFERER D:\xampp\htdocs\app\Common\Controller\CommonController.class.php 第 13 行.
NOTIC: [8] Undefined index: HTTP_REFERER D:\xampp\htdocs\app\Common\Controller\CommonController.class.php 第 14 行.
SQL: SHOW COLUMNS FROM `sm_sysconfig` [ RunTime:0.0145s ]
SQL: SELECT * FROM `sm_sysconfig` WHERE `aid` IN ('1','17','7','36','37','38','40','41','42','43','44','')  [ RunTime:0.0006s ]

[ 2019-09-05T22:31:29+08:00 ] 111.10.34.21 /
INFO: [ app_init ] --START--
INFO: Run Behavior\BuildLiteBehavior [ RunTime:0.000012s ]
INFO: [ app_init ] --END-- [ RunTime:0.000313s ]
INFO: [ app_begin ] --START--
INFO: Run Behavior\ReadHtmlCacheBehavior [ RunTime:0.000565s ]
INFO: [ app_begin ] --END-- [ RunTime:0.000614s ]
NOTIC: [8] Undefined index: HTTP_REFERER D:\xampp\htdocs\app\Common\Controller\CommonController.class.php 第 13 行.
NOTIC: [8] Undefined index: HTTP_REFERER D:\xampp\htdocs\app\Common\Controller\CommonController.class.php 第 14 行.
SQL: SHOW COLUMNS FROM `sm_sysconfig` [ RunTime:0.0111s ]
SQL: SELECT * FROM `sm_sysconfig` WHERE `aid` IN ('1','17','7','36','37','38','40','41','42','43','44','')  [ RunTime:0.0004s ]

[ 2019-09-05T22:31:29+08:00 ] 111.10.34.21 /
INFO: [ app_init ] --START--
INFO: Run Behavior\BuildLiteBehavior [ RunTime:0.000014s ]
INFO: [ app_init ] --END-- [ RunTime:0.000320s ]
INFO: [ app_begin ] --START--
INFO: Run Behavior\ReadHtmlCacheBehavior [ RunTime:0.000576s ]
INFO: [ app_begin ] --END-- [ RunTime:0.000625s ]
NOTIC: [8] Undefined index: HTTP_REFERER D:\xampp\htdocs\app\Common\Controller\CommonController.class.php 第 13 行.
NOTIC: [8] Undefined index: HTTP_REFERER D:\xampp\htdocs\app\Common\Controller\CommonController.class.php 第 14 行.
SQL: SHOW COLUMNS FROM `sm_sysconfig` [ RunTime:0.0064s ]
SQL: SELECT * FROM `sm_sysconfig` WHERE `aid` IN ('1','17','7','36','37','38','40','41','42','43','44','')  [ RunTime:0.0004s ]

[ 2019-09-05T22:31:55+08:00 ] 111.10.34.90 /
INFO: [ app_init ] --START--
INFO: Run Behavior\BuildLiteBehavior [ RunTime:0.000012s ]
INFO: [ app_init ] --END-- [ RunTime:0.000312s ]
INFO: [ app_begin ] --START--
INFO: Run Behavior\ReadHtmlCacheBehavior [ RunTime:0.000562s ]
INFO: [ app_begin ] --END-- [ RunTime:0.000609s ]
NOTIC: [8] Undefined index: HTTP_REFERER D:\xampp\htdocs\app\Common\Controller\CommonController.class.php 第 13 行.
NOTIC: [8] Undefined index: HTTP_REFERER D:\xampp\htdocs\app\Common\Controller\CommonController.class.php 第 14 行.
SQL: SHOW COLUMNS FROM `sm_sysconfig` [ RunTime:0.0086s ]
SQL: SELECT * FROM `sm_sysconfig` WHERE `aid` IN ('1','17','7','36','37','38','40','41','42','43','44','')  [ RunTime:0.0005s ]

[ 2019-09-05T22:31:57+08:00 ] 111.10.34.19 /
INFO: [ app_init ] --START--
INFO: Run Behavior\BuildLiteBehavior [ RunTime:0.000015s ]
INFO: [ app_init ] --END-- [ RunTime:0.000383s ]
INFO: [ app_begin ] --START--
INFO: Run Behavior\ReadHtmlCacheBehavior [ RunTime:0.000588s ]
INFO: [ app_begin ] --END-- [ RunTime:0.000641s ]
NOTIC: [8] Undefined index: HTTP_REFERER D:\xampp\htdocs\app\Common\Controller\CommonController.class.php 第 13 行.
NOTIC: [8] Undefined index: HTTP_REFERER D:\xampp\htdocs\app\Common\Controller\CommonController.class.php 第 14 行.
SQL: SHOW COLUMNS FROM `sm_sysconfig` [ RunTime:0.0087s ]
SQL: SELECT * FROM `sm_sysconfig` WHERE `aid` IN ('1','17','7','36','37','38','40','41','42','43','44','')  [ RunTime:0.0004s ]

[ 2019-09-05T22:31:59+08:00 ] 111.10.34.21 /
INFO: [ app_init ] --START--
INFO: Run Behavior\BuildLiteBehavior [ RunTime:0.000018s ]
INFO: [ app_init ] --END-- [ RunTime:0.000440s ]
INFO: [ app_begin ] --START--
INFO: Run Behavior\ReadHtmlCacheBehavior [ RunTime:0.000575s ]
INFO: [ app_begin ] --END-- [ RunTime:0.000625s ]
NOTIC: [8] Undefined index: HTTP_REFERER D:\xampp\htdocs\app\Common\Controller\CommonController.class.php 第 13 行.
NOTIC: [8] Undefined index: HTTP_REFERER D:\xampp\htdocs\app\Common\Controller\CommonController.class.php 第 14 行.
SQL: SHOW COLUMNS FROM `sm_sysconfig` [ RunTime:0.0086s ]
SQL: SELECT * FROM `sm_sysconfig` WHERE `aid` IN ('1','17','7','36','37','38','40','41','42','43','44','')  [ RunTime:0.0004s ]

