[ 2019-08-08T00:32:05+08:00 ] 119.31.127.51 /
INFO: [ app_init ] --START--
INFO: Run Behavior\BuildLiteBehavior [ RunTime:0.000014s ]
INFO: [ app_init ] --END-- [ RunTime:0.000500s ]
INFO: [ app_begin ] --START--
INFO: Run Behavior\ReadHtmlCacheBehavior [ RunTime:0.000818s ]
INFO: [ app_begin ] --END-- [ RunTime:0.000870s ]
NOTIC: [8] Undefined index: HTTP_REFERER D:\xampp\htdocs\app\Common\Controller\CommonController.class.php 第 13 行.
NOTIC: [8] Undefined index: HTTP_REFERER D:\xampp\htdocs\app\Common\Controller\CommonController.class.php 第 14 行.
SQL: SHOW COLUMNS FROM `sm_sysconfig` [ RunTime:0.0136s ]
SQL: SELECT * FROM `sm_sysconfig` WHERE `aid` IN ('1','17','7','36','37','38','40','41','42','43','44','')  [ RunTime:0.0004s ]

[ 2019-08-08T00:32:07+08:00 ] 119.31.127.51 /index.php?m=Shop&c=Login&a=login
INFO: [ app_init ] --START--
INFO: Run Behavior\BuildLiteBehavior [ RunTime:0.000017s ]
INFO: [ app_init ] --END-- [ RunTime:0.000490s ]
INFO: [ app_begin ] --START--
INFO: Run Behavior\ReadHtmlCacheBehavior [ RunTime:0.000761s ]
INFO: [ app_begin ] --END-- [ RunTime:0.000813s ]
NOTIC: [8] Undefined index: HTTP_REFERER D:\xampp\htdocs\app\Common\Controller\CommonController.class.php 第 13 行.
NOTIC: [8] Undefined index: HTTP_REFERER D:\xampp\htdocs\app\Common\Controller\CommonController.class.php 第 14 行.
SQL: SHOW COLUMNS FROM `sm_sysconfig` [ RunTime:0.0133s ]
SQL: SELECT * FROM `sm_sysconfig` WHERE `aid` IN ('1','17','7','36','37','38','40','41','42','43','44','')  [ RunTime:0.0004s ]
INFO: [ view_parse ] --START--
INFO: [ template_filter ] --START--
INFO: Run Behavior\ContentReplaceBehavior [ RunTime:0.000073s ]
INFO: [ template_filter ] --END-- [ RunTime:0.000116s ]
INFO: Run Behavior\ParseTemplateBehavior [ RunTime:0.030054s ]
INFO: [ view_parse ] --END-- [ RunTime:0.030115s ]
INFO: [ view_filter ] --START--
INFO: Run Behavior\WriteHtmlCacheBehavior [ RunTime:0.000558s ]
INFO: [ view_filter ] --END-- [ RunTime:0.000611s ]
INFO: [ app_end ] --START--
INFO: Run Behavior\ShowPageTraceBehavior [ RunTime:0.000714s ]
INFO: [ app_end ] --END-- [ RunTime:0.000757s ]

[ 2019-08-08T00:37:26+08:00 ] 117.71.34.139 /
INFO: [ app_init ] --START--
INFO: Run Behavior\BuildLiteBehavior [ RunTime:0.000013s ]
INFO: [ app_init ] --END-- [ RunTime:0.000502s ]
INFO: [ app_begin ] --START--
INFO: Run Behavior\ReadHtmlCacheBehavior [ RunTime:0.000876s ]
INFO: [ app_begin ] --END-- [ RunTime:0.000926s ]
NOTIC: [8] Undefined index: HTTP_REFERER D:\xampp\htdocs\app\Common\Controller\CommonController.class.php 第 13 行.
NOTIC: [8] Undefined index: HTTP_REFERER D:\xampp\htdocs\app\Common\Controller\CommonController.class.php 第 14 行.
SQL: SHOW COLUMNS FROM `sm_sysconfig` [ RunTime:0.0140s ]
SQL: SELECT * FROM `sm_sysconfig` WHERE `aid` IN ('1','17','7','36','37','38','40','41','42','43','44','')  [ RunTime:0.0005s ]

[ 2019-08-08T00:37:26+08:00 ] 117.71.34.139 /index.php?m=Shop&c=Login&a=login
INFO: [ app_init ] --START--
INFO: Run Behavior\BuildLiteBehavior [ RunTime:0.000013s ]
INFO: [ app_init ] --END-- [ RunTime:0.000443s ]
INFO: [ app_begin ] --START--
INFO: Run Behavior\ReadHtmlCacheBehavior [ RunTime:0.000684s ]
INFO: [ app_begin ] --END-- [ RunTime:0.000741s ]
NOTIC: [8] Undefined index: HTTP_REFERER D:\xampp\htdocs\app\Common\Controller\CommonController.class.php 第 13 行.
NOTIC: [8] Undefined index: HTTP_REFERER D:\xampp\htdocs\app\Common\Controller\CommonController.class.php 第 14 行.
SQL: SHOW COLUMNS FROM `sm_sysconfig` [ RunTime:0.0058s ]
SQL: SELECT * FROM `sm_sysconfig` WHERE `aid` IN ('1','17','7','36','37','38','40','41','42','43','44','')  [ RunTime:0.0004s ]
INFO: [ view_parse ] --START--
INFO: [ template_filter ] --START--
INFO: Run Behavior\ContentReplaceBehavior [ RunTime:0.000082s ]
INFO: [ template_filter ] --END-- [ RunTime:0.000127s ]
INFO: Run Behavior\ParseTemplateBehavior [ RunTime:0.007786s ]
INFO: [ view_parse ] --END-- [ RunTime:0.007840s ]
INFO: [ view_filter ] --START--
INFO: Run Behavior\WriteHtmlCacheBehavior [ RunTime:0.000662s ]
INFO: [ view_filter ] --END-- [ RunTime:0.000704s ]
INFO: [ app_end ] --START--
INFO: Run Behavior\ShowPageTraceBehavior [ RunTime:0.000785s ]
INFO: [ app_end ] --END-- [ RunTime:0.000825s ]

[ 2019-08-08T00:52:09+08:00 ] 89.248.169.12 /
INFO: [ app_init ] --START--
INFO: Run Behavior\BuildLiteBehavior [ RunTime:0.000013s ]
INFO: [ app_init ] --END-- [ RunTime:0.000500s ]
INFO: [ app_begin ] --START--
INFO: Run Behavior\ReadHtmlCacheBehavior [ RunTime:0.000775s ]
INFO: [ app_begin ] --END-- [ RunTime:0.000835s ]
NOTIC: [8] Undefined index: HTTP_REFERER D:\xampp\htdocs\app\Common\Controller\CommonController.class.php 第 13 行.
NOTIC: [8] Undefined index: HTTP_REFERER D:\xampp\htdocs\app\Common\Controller\CommonController.class.php 第 14 行.
SQL: SHOW COLUMNS FROM `sm_sysconfig` [ RunTime:0.0135s ]
SQL: SELECT * FROM `sm_sysconfig` WHERE `aid` IN ('1','17','7','36','37','38','40','41','42','43','44','')  [ RunTime:0.0005s ]

[ 2019-08-08T01:31:35+08:00 ] 39.107.245.143 /index.php
INFO: [ app_init ] --START--
INFO: Run Behavior\BuildLiteBehavior [ RunTime:0.000013s ]
INFO: [ app_init ] --END-- [ RunTime:0.000498s ]
INFO: [ app_begin ] --START--
INFO: Run Behavior\ReadHtmlCacheBehavior [ RunTime:0.000796s ]
INFO: [ app_begin ] --END-- [ RunTime:0.000845s ]
NOTIC: [8] Undefined index: HTTP_REFERER D:\xampp\htdocs\app\Common\Controller\CommonController.class.php 第 13 行.
NOTIC: [8] Undefined index: HTTP_REFERER D:\xampp\htdocs\app\Common\Controller\CommonController.class.php 第 14 行.
SQL: SHOW COLUMNS FROM `sm_sysconfig` [ RunTime:0.0129s ]
SQL: SELECT * FROM `sm_sysconfig` WHERE `aid` IN ('1','17','7','36','37','38','40','41','42','43','44','')  [ RunTime:0.0004s ]

[ 2019-08-08T03:46:16+08:00 ] 3.112.36.38 /
INFO: [ app_init ] --START--
INFO: Run Behavior\BuildLiteBehavior [ RunTime:0.000014s ]
INFO: [ app_init ] --END-- [ RunTime:0.000531s ]
INFO: [ app_begin ] --START--
INFO: Run Behavior\ReadHtmlCacheBehavior [ RunTime:0.000767s ]
INFO: [ app_begin ] --END-- [ RunTime:0.000820s ]
NOTIC: [8] Undefined index: HTTP_REFERER D:\xampp\htdocs\app\Common\Controller\CommonController.class.php 第 13 行.
NOTIC: [8] Undefined index: HTTP_REFERER D:\xampp\htdocs\app\Common\Controller\CommonController.class.php 第 14 行.
SQL: SHOW COLUMNS FROM `sm_sysconfig` [ RunTime:0.0136s ]
SQL: SELECT * FROM `sm_sysconfig` WHERE `aid` IN ('1','17','7','36','37','38','40','41','42','43','44','')  [ RunTime:0.0004s ]

[ 2019-08-08T03:51:43+08:00 ] 101.132.193.68 /
INFO: [ app_init ] --START--
INFO: Run Behavior\BuildLiteBehavior [ RunTime:0.000013s ]
INFO: [ app_init ] --END-- [ RunTime:0.000489s ]
INFO: [ app_begin ] --START--
INFO: Run Behavior\ReadHtmlCacheBehavior [ RunTime:0.000761s ]
INFO: [ app_begin ] --END-- [ RunTime:0.000809s ]
NOTIC: [8] Undefined index: HTTP_REFERER D:\xampp\htdocs\app\Common\Controller\CommonController.class.php 第 13 行.
NOTIC: [8] Undefined index: HTTP_REFERER D:\xampp\htdocs\app\Common\Controller\CommonController.class.php 第 14 行.
SQL: SHOW COLUMNS FROM `sm_sysconfig` [ RunTime:0.0140s ]
SQL: SELECT * FROM `sm_sysconfig` WHERE `aid` IN ('1','17','7','36','37','38','40','41','42','43','44','')  [ RunTime:0.0004s ]

[ 2019-08-08T03:51:44+08:00 ] 101.132.193.68 /index.php?m=Shop&c=Login&a=login
INFO: [ app_init ] --START--
INFO: Run Behavior\BuildLiteBehavior [ RunTime:0.000014s ]
INFO: [ app_init ] --END-- [ RunTime:0.000466s ]
INFO: [ app_begin ] --START--
INFO: Run Behavior\ReadHtmlCacheBehavior [ RunTime:0.000727s ]
INFO: [ app_begin ] --END-- [ RunTime:0.000775s ]
NOTIC: [8] Undefined index: HTTP_REFERER D:\xampp\htdocs\app\Common\Controller\CommonController.class.php 第 13 行.
NOTIC: [8] Undefined index: HTTP_REFERER D:\xampp\htdocs\app\Common\Controller\CommonController.class.php 第 14 行.
SQL: SHOW COLUMNS FROM `sm_sysconfig` [ RunTime:0.0056s ]
SQL: SELECT * FROM `sm_sysconfig` WHERE `aid` IN ('1','17','7','36','37','38','40','41','42','43','44','')  [ RunTime:0.0004s ]
INFO: [ view_parse ] --START--
INFO: [ template_filter ] --START--
INFO: Run Behavior\ContentReplaceBehavior [ RunTime:0.000075s ]
INFO: [ template_filter ] --END-- [ RunTime:0.000121s ]
INFO: Run Behavior\ParseTemplateBehavior [ RunTime:0.030803s ]
INFO: [ view_parse ] --END-- [ RunTime:0.030867s ]
INFO: [ view_filter ] --START--
INFO: Run Behavior\WriteHtmlCacheBehavior [ RunTime:0.000548s ]
INFO: [ view_filter ] --END-- [ RunTime:0.000591s ]
INFO: [ app_end ] --START--
INFO: Run Behavior\ShowPageTraceBehavior [ RunTime:0.000706s ]
INFO: [ app_end ] --END-- [ RunTime:0.000749s ]

[ 2019-08-08T04:34:07+08:00 ] 117.97.178.24 /
INFO: [ app_init ] --START--
INFO: Run Behavior\BuildLiteBehavior [ RunTime:0.000012s ]
INFO: [ app_init ] --END-- [ RunTime:0.000489s ]
INFO: [ app_begin ] --START--
INFO: Run Behavior\ReadHtmlCacheBehavior [ RunTime:0.000748s ]
INFO: [ app_begin ] --END-- [ RunTime:0.000795s ]
NOTIC: [8] Undefined index: HTTP_REFERER D:\xampp\htdocs\app\Common\Controller\CommonController.class.php 第 13 行.
NOTIC: [8] Undefined index: HTTP_REFERER D:\xampp\htdocs\app\Common\Controller\CommonController.class.php 第 14 行.
SQL: SHOW COLUMNS FROM `sm_sysconfig` [ RunTime:0.0144s ]
SQL: SELECT * FROM `sm_sysconfig` WHERE `aid` IN ('1','17','7','36','37','38','40','41','42','43','44','')  [ RunTime:0.0004s ]

[ 2019-08-08T04:35:33+08:00 ] 61.50.147.101 /?_=15626064e6027
INFO: [ app_init ] --START--
INFO: Run Behavior\BuildLiteBehavior [ RunTime:0.000013s ]
INFO: [ app_init ] --END-- [ RunTime:0.000491s ]
INFO: [ app_begin ] --START--
INFO: Run Behavior\ReadHtmlCacheBehavior [ RunTime:0.000758s ]
INFO: [ app_begin ] --END-- [ RunTime:0.000808s ]
NOTIC: [8] Undefined index: HTTP_REFERER D:\xampp\htdocs\app\Common\Controller\CommonController.class.php 第 13 行.
NOTIC: [8] Undefined index: HTTP_REFERER D:\xampp\htdocs\app\Common\Controller\CommonController.class.php 第 14 行.
SQL: SHOW COLUMNS FROM `sm_sysconfig` [ RunTime:0.0136s ]
SQL: SELECT * FROM `sm_sysconfig` WHERE `aid` IN ('1','17','7','36','37','38','40','41','42','43','44','')  [ RunTime:0.0004s ]

[ 2019-08-08T04:35:57+08:00 ] 61.50.147.101 /.php
INFO: [ app_init ] --START--
INFO: Run Behavior\BuildLiteBehavior [ RunTime:0.000015s ]
INFO: [ app_init ] --END-- [ RunTime:0.000470s ]
INFO: [ app_begin ] --START--
INFO: Run Behavior\ReadHtmlCacheBehavior [ RunTime:0.000714s ]
INFO: [ app_begin ] --END-- [ RunTime:0.000787s ]
NOTIC: [8] Undefined index: HTTP_REFERER D:\xampp\htdocs\app\Common\Controller\CommonController.class.php 第 13 行.
NOTIC: [8] Undefined index: HTTP_REFERER D:\xampp\htdocs\app\Common\Controller\CommonController.class.php 第 14 行.
SQL: SHOW COLUMNS FROM `sm_sysconfig` [ RunTime:0.0120s ]
SQL: SELECT * FROM `sm_sysconfig` WHERE `aid` IN ('1','17','7','36','37','38','40','41','42','43','44','')  [ RunTime:0.0004s ]

[ 2019-08-08T04:36:17+08:00 ] 61.50.147.101 /index.php
INFO: [ app_init ] --START--
INFO: Run Behavior\BuildLiteBehavior [ RunTime:0.000013s ]
INFO: [ app_init ] --END-- [ RunTime:0.000436s ]
INFO: [ app_begin ] --START--
INFO: Run Behavior\ReadHtmlCacheBehavior [ RunTime:0.000727s ]
INFO: [ app_begin ] --END-- [ RunTime:0.000778s ]
NOTIC: [8] Undefined index: HTTP_REFERER D:\xampp\htdocs\app\Common\Controller\CommonController.class.php 第 13 行.
NOTIC: [8] Undefined index: HTTP_REFERER D:\xampp\htdocs\app\Common\Controller\CommonController.class.php 第 14 行.
SQL: SHOW COLUMNS FROM `sm_sysconfig` [ RunTime:0.0123s ]
SQL: SELECT * FROM `sm_sysconfig` WHERE `aid` IN ('1','17','7','36','37','38','40','41','42','43','44','')  [ RunTime:0.0004s ]

[ 2019-08-08T04:36:17+08:00 ] 61.50.147.101 /
INFO: [ app_init ] --START--
INFO: Run Behavior\BuildLiteBehavior [ RunTime:0.000013s ]
INFO: [ app_init ] --END-- [ RunTime:0.000440s ]
INFO: [ app_begin ] --START--
INFO: Run Behavior\ReadHtmlCacheBehavior [ RunTime:0.000676s ]
INFO: [ app_begin ] --END-- [ RunTime:0.000725s ]
NOTIC: [8] Undefined index: HTTP_REFERER D:\xampp\htdocs\app\Common\Controller\CommonController.class.php 第 13 行.
NOTIC: [8] Undefined index: HTTP_REFERER D:\xampp\htdocs\app\Common\Controller\CommonController.class.php 第 14 行.
SQL: SHOW COLUMNS FROM `sm_sysconfig` [ RunTime:0.0057s ]
SQL: SELECT * FROM `sm_sysconfig` WHERE `aid` IN ('1','17','7','36','37','38','40','41','42','43','44','')  [ RunTime:0.0004s ]

[ 2019-08-08T04:36:17+08:00 ] 61.50.147.101 /index.php
INFO: [ app_init ] --START--
INFO: Run Behavior\BuildLiteBehavior [ RunTime:0.000013s ]
INFO: [ app_init ] --END-- [ RunTime:0.000442s ]
INFO: [ app_begin ] --START--
INFO: Run Behavior\ReadHtmlCacheBehavior [ RunTime:0.000692s ]
INFO: [ app_begin ] --END-- [ RunTime:0.000742s ]
NOTIC: [8] Undefined index: HTTP_REFERER D:\xampp\htdocs\app\Common\Controller\CommonController.class.php 第 13 行.
NOTIC: [8] Undefined index: HTTP_REFERER D:\xampp\htdocs\app\Common\Controller\CommonController.class.php 第 14 行.
SQL: SHOW COLUMNS FROM `sm_sysconfig` [ RunTime:0.0057s ]
SQL: SELECT * FROM `sm_sysconfig` WHERE `aid` IN ('1','17','7','36','37','38','40','41','42','43','44','')  [ RunTime:0.0004s ]

[ 2019-08-08T05:18:23+08:00 ] 76.10.128.70 /
INFO: [ app_init ] --START--
INFO: Run Behavior\BuildLiteBehavior [ RunTime:0.000014s ]
INFO: [ app_init ] --END-- [ RunTime:0.000503s ]
INFO: [ app_begin ] --START--
INFO: Run Behavior\ReadHtmlCacheBehavior [ RunTime:0.000792s ]
INFO: [ app_begin ] --END-- [ RunTime:0.000843s ]
NOTIC: [8] Undefined index: HTTP_REFERER D:\xampp\htdocs\app\Common\Controller\CommonController.class.php 第 13 行.
NOTIC: [8] Undefined index: HTTP_REFERER D:\xampp\htdocs\app\Common\Controller\CommonController.class.php 第 14 行.
SQL: SHOW COLUMNS FROM `sm_sysconfig` [ RunTime:0.0138s ]
SQL: SELECT * FROM `sm_sysconfig` WHERE `aid` IN ('1','17','7','36','37','38','40','41','42','43','44','')  [ RunTime:0.0004s ]

[ 2019-08-08T05:38:35+08:00 ] 183.136.190.62 /
INFO: [ app_init ] --START--
INFO: Run Behavior\BuildLiteBehavior [ RunTime:0.000013s ]
INFO: [ app_init ] --END-- [ RunTime:0.000509s ]
INFO: [ app_begin ] --START--
INFO: Run Behavior\ReadHtmlCacheBehavior [ RunTime:0.000747s ]
INFO: [ app_begin ] --END-- [ RunTime:0.000796s ]
NOTIC: [8] Undefined index: HTTP_REFERER D:\xampp\htdocs\app\Common\Controller\CommonController.class.php 第 13 行.
NOTIC: [8] Undefined index: HTTP_REFERER D:\xampp\htdocs\app\Common\Controller\CommonController.class.php 第 14 行.
SQL: SHOW COLUMNS FROM `sm_sysconfig` [ RunTime:0.0130s ]
SQL: SELECT * FROM `sm_sysconfig` WHERE `aid` IN ('1','17','7','36','37','38','40','41','42','43','44','')  [ RunTime:0.0005s ]

[ 2019-08-08T06:38:08+08:00 ] 47.100.234.45 /
INFO: [ app_init ] --START--
INFO: Run Behavior\BuildLiteBehavior [ RunTime:0.000018s ]
INFO: [ app_init ] --END-- [ RunTime:0.000649s ]
INFO: [ app_begin ] --START--
INFO: Run Behavior\ReadHtmlCacheBehavior [ RunTime:0.000803s ]
INFO: [ app_begin ] --END-- [ RunTime:0.000857s ]
NOTIC: [8] Undefined index: HTTP_REFERER D:\xampp\htdocs\app\Common\Controller\CommonController.class.php 第 13 行.
NOTIC: [8] Undefined index: HTTP_REFERER D:\xampp\htdocs\app\Common\Controller\CommonController.class.php 第 14 行.
SQL: SHOW COLUMNS FROM `sm_sysconfig` [ RunTime:0.0135s ]
SQL: SELECT * FROM `sm_sysconfig` WHERE `aid` IN ('1','17','7','36','37','38','40','41','42','43','44','')  [ RunTime:0.0004s ]

[ 2019-08-08T06:38:08+08:00 ] 47.100.234.45 /index.php?m=Shop&c=Login&a=login
INFO: [ app_init ] --START--
INFO: Run Behavior\BuildLiteBehavior [ RunTime:0.000013s ]
INFO: [ app_init ] --END-- [ RunTime:0.000442s ]
INFO: [ app_begin ] --START--
INFO: Run Behavior\ReadHtmlCacheBehavior [ RunTime:0.000714s ]
INFO: [ app_begin ] --END-- [ RunTime:0.000763s ]
NOTIC: [8] Undefined index: HTTP_REFERER D:\xampp\htdocs\app\Common\Controller\CommonController.class.php 第 13 行.
NOTIC: [8] Undefined index: HTTP_REFERER D:\xampp\htdocs\app\Common\Controller\CommonController.class.php 第 14 行.
SQL: SHOW COLUMNS FROM `sm_sysconfig` [ RunTime:0.0053s ]
SQL: SELECT * FROM `sm_sysconfig` WHERE `aid` IN ('1','17','7','36','37','38','40','41','42','43','44','')  [ RunTime:0.0004s ]
INFO: [ view_parse ] --START--
INFO: [ template_filter ] --START--
INFO: Run Behavior\ContentReplaceBehavior [ RunTime:0.000070s ]
INFO: [ template_filter ] --END-- [ RunTime:0.000119s ]
INFO: Run Behavior\ParseTemplateBehavior [ RunTime:0.007578s ]
INFO: [ view_parse ] --END-- [ RunTime:0.007637s ]
INFO: [ view_filter ] --START--
INFO: Run Behavior\WriteHtmlCacheBehavior [ RunTime:0.000595s ]
INFO: [ view_filter ] --END-- [ RunTime:0.000639s ]
INFO: [ app_end ] --START--
INFO: Run Behavior\ShowPageTraceBehavior [ RunTime:0.000822s ]
INFO: [ app_end ] --END-- [ RunTime:0.000865s ]

[ 2019-08-08T06:38:09+08:00 ] 47.100.234.45 /index.php?m=Shop&c=Login&a=verify
INFO: [ app_init ] --START--
INFO: Run Behavior\BuildLiteBehavior [ RunTime:0.000013s ]
INFO: [ app_init ] --END-- [ RunTime:0.000467s ]
INFO: [ app_begin ] --START--
INFO: Run Behavior\ReadHtmlCacheBehavior [ RunTime:0.000719s ]
INFO: [ app_begin ] --END-- [ RunTime:0.000769s ]
NOTIC: [8] Undefined index: HTTP_REFERER D:\xampp\htdocs\app\Common\Controller\CommonController.class.php 第 13 行.
NOTIC: [8] Undefined index: HTTP_REFERER D:\xampp\htdocs\app\Common\Controller\CommonController.class.php 第 14 行.
SQL: SHOW COLUMNS FROM `sm_sysconfig` [ RunTime:0.0134s ]
SQL: SELECT * FROM `sm_sysconfig` WHERE `aid` IN ('1','17','7','36','37','38','40','41','42','43','44','')  [ RunTime:0.0004s ]
INFO: [ app_end ] --START--
INFO: Run Behavior\ShowPageTraceBehavior [ RunTime:0.000652s ]
INFO: [ app_end ] --END-- [ RunTime:0.000707s ]

[ 2019-08-08T06:45:32+08:00 ] 45.82.49.140 /
INFO: [ app_init ] --START--
INFO: Run Behavior\BuildLiteBehavior [ RunTime:0.000015s ]
INFO: [ app_init ] --END-- [ RunTime:0.000507s ]
INFO: [ app_begin ] --START--
INFO: Run Behavior\ReadHtmlCacheBehavior [ RunTime:0.000766s ]
INFO: [ app_begin ] --END-- [ RunTime:0.000818s ]
NOTIC: [8] Undefined index: HTTP_REFERER D:\xampp\htdocs\app\Common\Controller\CommonController.class.php 第 13 行.
NOTIC: [8] Undefined index: HTTP_REFERER D:\xampp\htdocs\app\Common\Controller\CommonController.class.php 第 14 行.
SQL: SHOW COLUMNS FROM `sm_sysconfig` [ RunTime:0.0139s ]
SQL: SELECT * FROM `sm_sysconfig` WHERE `aid` IN ('1','17','7','36','37','38','40','41','42','43','44','')  [ RunTime:0.0005s ]

[ 2019-08-08T07:24:50+08:00 ] 191.103.252.107 /
INFO: [ app_init ] --START--
INFO: Run Behavior\BuildLiteBehavior [ RunTime:0.000013s ]
INFO: [ app_init ] --END-- [ RunTime:0.000506s ]
INFO: [ app_begin ] --START--
INFO: Run Behavior\ReadHtmlCacheBehavior [ RunTime:0.000706s ]
INFO: [ app_begin ] --END-- [ RunTime:0.000755s ]
NOTIC: [8] Undefined index: HTTP_REFERER D:\xampp\htdocs\app\Common\Controller\CommonController.class.php 第 13 行.
NOTIC: [8] Undefined index: HTTP_REFERER D:\xampp\htdocs\app\Common\Controller\CommonController.class.php 第 14 行.
SQL: SHOW COLUMNS FROM `sm_sysconfig` [ RunTime:0.0174s ]
SQL: SELECT * FROM `sm_sysconfig` WHERE `aid` IN ('1','17','7','36','37','38','40','41','42','43','44','')  [ RunTime:0.0004s ]

[ 2019-08-08T07:30:13+08:00 ] 169.197.108.6 /
INFO: [ app_init ] --START--
INFO: Run Behavior\BuildLiteBehavior [ RunTime:0.000015s ]
INFO: [ app_init ] --END-- [ RunTime:0.000606s ]
INFO: [ app_begin ] --START--
INFO: Run Behavior\ReadHtmlCacheBehavior [ RunTime:0.000725s ]
INFO: [ app_begin ] --END-- [ RunTime:0.000777s ]
NOTIC: [8] Undefined index: HTTP_REFERER D:\xampp\htdocs\app\Common\Controller\CommonController.class.php 第 13 行.
NOTIC: [8] Undefined index: HTTP_REFERER D:\xampp\htdocs\app\Common\Controller\CommonController.class.php 第 14 行.
SQL: SHOW COLUMNS FROM `sm_sysconfig` [ RunTime:0.0145s ]
SQL: SELECT * FROM `sm_sysconfig` WHERE `aid` IN ('1','17','7','36','37','38','40','41','42','43','44','')  [ RunTime:0.0005s ]

[ 2019-08-08T07:30:14+08:00 ] 169.197.108.6 /index.php?m=Shop&c=Login&a=login
INFO: [ app_init ] --START--
INFO: Run Behavior\BuildLiteBehavior [ RunTime:0.000016s ]
INFO: [ app_init ] --END-- [ RunTime:0.000478s ]
INFO: [ app_begin ] --START--
INFO: Run Behavior\ReadHtmlCacheBehavior [ RunTime:0.000599s ]
INFO: [ app_begin ] --END-- [ RunTime:0.000649s ]
SQL: SHOW COLUMNS FROM `sm_sysconfig` [ RunTime:0.0129s ]
SQL: SELECT * FROM `sm_sysconfig` WHERE `aid` IN ('1','17','7','36','37','38','40','41','42','43','44','')  [ RunTime:0.0004s ]
INFO: [ view_parse ] --START--
INFO: [ template_filter ] --START--
INFO: Run Behavior\ContentReplaceBehavior [ RunTime:0.000070s ]
INFO: [ template_filter ] --END-- [ RunTime:0.000119s ]
INFO: Run Behavior\ParseTemplateBehavior [ RunTime:0.007536s ]
INFO: [ view_parse ] --END-- [ RunTime:0.007602s ]
INFO: [ view_filter ] --START--
INFO: Run Behavior\WriteHtmlCacheBehavior [ RunTime:0.000628s ]
INFO: [ view_filter ] --END-- [ RunTime:0.000670s ]
INFO: [ app_end ] --START--
INFO: Run Behavior\ShowPageTraceBehavior [ RunTime:0.000782s ]
INFO: [ app_end ] --END-- [ RunTime:0.000825s ]

[ 2019-08-08T08:01:35+08:00 ] 139.162.116.133 /
INFO: [ app_init ] --START--
INFO: Run Behavior\BuildLiteBehavior [ RunTime:0.000017s ]
INFO: [ app_init ] --END-- [ RunTime:0.000504s ]
INFO: [ app_begin ] --START--
INFO: Run Behavior\ReadHtmlCacheBehavior [ RunTime:0.000704s ]
INFO: [ app_begin ] --END-- [ RunTime:0.000767s ]
NOTIC: [8] Undefined index: HTTP_REFERER D:\xampp\htdocs\app\Common\Controller\CommonController.class.php 第 13 行.
NOTIC: [8] Undefined index: HTTP_REFERER D:\xampp\htdocs\app\Common\Controller\CommonController.class.php 第 14 行.
SQL: SHOW COLUMNS FROM `sm_sysconfig` [ RunTime:0.0135s ]
SQL: SELECT * FROM `sm_sysconfig` WHERE `aid` IN ('1','17','7','36','37','38','40','41','42','43','44','')  [ RunTime:0.0004s ]

[ 2019-08-08T08:49:02+08:00 ] 101.132.182.68 /
INFO: [ app_init ] --START--
INFO: Run Behavior\BuildLiteBehavior [ RunTime:0.000013s ]
INFO: [ app_init ] --END-- [ RunTime:0.000495s ]
INFO: [ app_begin ] --START--
INFO: Run Behavior\ReadHtmlCacheBehavior [ RunTime:0.000696s ]
INFO: [ app_begin ] --END-- [ RunTime:0.000743s ]
NOTIC: [8] Undefined index: HTTP_REFERER D:\xampp\htdocs\app\Common\Controller\CommonController.class.php 第 13 行.
NOTIC: [8] Undefined index: HTTP_REFERER D:\xampp\htdocs\app\Common\Controller\CommonController.class.php 第 14 行.
SQL: SHOW COLUMNS FROM `sm_sysconfig` [ RunTime:0.0140s ]
SQL: SELECT * FROM `sm_sysconfig` WHERE `aid` IN ('1','17','7','36','37','38','40','41','42','43','44','')  [ RunTime:0.0004s ]

[ 2019-08-08T08:49:02+08:00 ] 101.132.182.68 /index.php?m=Shop&c=Login&a=login
INFO: [ app_init ] --START--
INFO: Run Behavior\BuildLiteBehavior [ RunTime:0.000013s ]
INFO: [ app_init ] --END-- [ RunTime:0.000455s ]
INFO: [ app_begin ] --START--
INFO: Run Behavior\ReadHtmlCacheBehavior [ RunTime:0.000570s ]
INFO: [ app_begin ] --END-- [ RunTime:0.000619s ]
NOTIC: [8] Undefined index: HTTP_REFERER D:\xampp\htdocs\app\Common\Controller\CommonController.class.php 第 13 行.
NOTIC: [8] Undefined index: HTTP_REFERER D:\xampp\htdocs\app\Common\Controller\CommonController.class.php 第 14 行.
SQL: SHOW COLUMNS FROM `sm_sysconfig` [ RunTime:0.0058s ]
SQL: SELECT * FROM `sm_sysconfig` WHERE `aid` IN ('1','17','7','36','37','38','40','41','42','43','44','')  [ RunTime:0.0004s ]
INFO: [ view_parse ] --START--
INFO: [ template_filter ] --START--
INFO: Run Behavior\ContentReplaceBehavior [ RunTime:0.000072s ]
INFO: [ template_filter ] --END-- [ RunTime:0.000116s ]
INFO: Run Behavior\ParseTemplateBehavior [ RunTime:0.008050s ]
INFO: [ view_parse ] --END-- [ RunTime:0.008117s ]
INFO: [ view_filter ] --START--
INFO: Run Behavior\WriteHtmlCacheBehavior [ RunTime:0.000546s ]
INFO: [ view_filter ] --END-- [ RunTime:0.000590s ]
INFO: [ app_end ] --START--
INFO: Run Behavior\ShowPageTraceBehavior [ RunTime:0.000707s ]
INFO: [ app_end ] --END-- [ RunTime:0.000751s ]

[ 2019-08-08T09:10:33+08:00 ] 152.249.188.169 /
INFO: [ app_init ] --START--
INFO: Run Behavior\BuildLiteBehavior [ RunTime:0.000013s ]
INFO: [ app_init ] --END-- [ RunTime:0.000500s ]
INFO: [ app_begin ] --START--
INFO: Run Behavior\ReadHtmlCacheBehavior [ RunTime:0.000793s ]
INFO: [ app_begin ] --END-- [ RunTime:0.000841s ]
NOTIC: [8] Undefined index: HTTP_REFERER D:\xampp\htdocs\app\Common\Controller\CommonController.class.php 第 13 行.
NOTIC: [8] Undefined index: HTTP_REFERER D:\xampp\htdocs\app\Common\Controller\CommonController.class.php 第 14 行.
SQL: SHOW COLUMNS FROM `sm_sysconfig` [ RunTime:0.0164s ]
SQL: SELECT * FROM `sm_sysconfig` WHERE `aid` IN ('1','17','7','36','37','38','40','41','42','43','44','')  [ RunTime:0.0004s ]

[ 2019-08-08T09:11:06+08:00 ] 169.197.108.6 /
INFO: [ app_init ] --START--
INFO: Run Behavior\BuildLiteBehavior [ RunTime:0.000014s ]
INFO: [ app_init ] --END-- [ RunTime:0.000496s ]
INFO: [ app_begin ] --START--
INFO: Run Behavior\ReadHtmlCacheBehavior [ RunTime:0.000771s ]
INFO: [ app_begin ] --END-- [ RunTime:0.000834s ]
NOTIC: [8] Undefined index: HTTP_REFERER D:\xampp\htdocs\app\Common\Controller\CommonController.class.php 第 13 行.
NOTIC: [8] Undefined index: HTTP_REFERER D:\xampp\htdocs\app\Common\Controller\CommonController.class.php 第 14 行.
SQL: SHOW COLUMNS FROM `sm_sysconfig` [ RunTime:0.0126s ]
SQL: SELECT * FROM `sm_sysconfig` WHERE `aid` IN ('1','17','7','36','37','38','40','41','42','43','44','')  [ RunTime:0.0004s ]

[ 2019-08-08T09:11:06+08:00 ] 169.197.108.6 /index.php?m=Shop&c=Login&a=login
INFO: [ app_init ] --START--
INFO: Run Behavior\BuildLiteBehavior [ RunTime:0.000014s ]
INFO: [ app_init ] --END-- [ RunTime:0.000439s ]
INFO: [ app_begin ] --START--
INFO: Run Behavior\ReadHtmlCacheBehavior [ RunTime:0.000693s ]
INFO: [ app_begin ] --END-- [ RunTime:0.000742s ]
SQL: SHOW COLUMNS FROM `sm_sysconfig` [ RunTime:0.0055s ]
SQL: SELECT * FROM `sm_sysconfig` WHERE `aid` IN ('1','17','7','36','37','38','40','41','42','43','44','')  [ RunTime:0.0004s ]
INFO: [ view_parse ] --START--
INFO: [ template_filter ] --START--
INFO: Run Behavior\ContentReplaceBehavior [ RunTime:0.000072s ]
INFO: [ template_filter ] --END-- [ RunTime:0.000116s ]
INFO: Run Behavior\ParseTemplateBehavior [ RunTime:0.030728s ]
INFO: [ view_parse ] --END-- [ RunTime:0.030791s ]
INFO: [ view_filter ] --START--
INFO: Run Behavior\WriteHtmlCacheBehavior [ RunTime:0.000647s ]
INFO: [ view_filter ] --END-- [ RunTime:0.000689s ]
INFO: [ app_end ] --START--
INFO: Run Behavior\ShowPageTraceBehavior [ RunTime:0.000707s ]
INFO: [ app_end ] --END-- [ RunTime:0.000750s ]

[ 2019-08-08T09:26:22+08:00 ] 162.243.147.190 /
INFO: [ app_init ] --START--
INFO: Run Behavior\BuildLiteBehavior [ RunTime:0.000013s ]
INFO: [ app_init ] --END-- [ RunTime:0.000538s ]
INFO: [ app_begin ] --START--
INFO: Run Behavior\ReadHtmlCacheBehavior [ RunTime:0.000720s ]
INFO: [ app_begin ] --END-- [ RunTime:0.000782s ]
NOTIC: [8] Undefined index: HTTP_REFERER D:\xampp\htdocs\app\Common\Controller\CommonController.class.php 第 13 行.
NOTIC: [8] Undefined index: HTTP_REFERER D:\xampp\htdocs\app\Common\Controller\CommonController.class.php 第 14 行.
SQL: SHOW COLUMNS FROM `sm_sysconfig` [ RunTime:0.0133s ]
SQL: SELECT * FROM `sm_sysconfig` WHERE `aid` IN ('1','17','7','36','37','38','40','41','42','43','44','')  [ RunTime:0.0004s ]

[ 2019-08-08T09:40:12+08:00 ] 184.105.247.196 /
INFO: [ app_init ] --START--
INFO: Run Behavior\BuildLiteBehavior [ RunTime:0.000013s ]
INFO: [ app_init ] --END-- [ RunTime:0.000495s ]
INFO: [ app_begin ] --START--
INFO: Run Behavior\ReadHtmlCacheBehavior [ RunTime:0.000792s ]
INFO: [ app_begin ] --END-- [ RunTime:0.000851s ]
NOTIC: [8] Undefined index: HTTP_REFERER D:\xampp\htdocs\app\Common\Controller\CommonController.class.php 第 13 行.
NOTIC: [8] Undefined index: HTTP_REFERER D:\xampp\htdocs\app\Common\Controller\CommonController.class.php 第 14 行.
SQL: SHOW COLUMNS FROM `sm_sysconfig` [ RunTime:0.0137s ]
SQL: SELECT * FROM `sm_sysconfig` WHERE `aid` IN ('1','17','7','36','37','38','40','41','42','43','44','')  [ RunTime:0.0004s ]

[ 2019-08-08T10:01:15+08:00 ] 47.101.186.114 /
INFO: [ app_init ] --START--
INFO: Run Behavior\BuildLiteBehavior [ RunTime:0.000014s ]
INFO: [ app_init ] --END-- [ RunTime:0.000523s ]
INFO: [ app_begin ] --START--
INFO: Run Behavior\ReadHtmlCacheBehavior [ RunTime:0.000715s ]
INFO: [ app_begin ] --END-- [ RunTime:0.000767s ]
NOTIC: [8] Undefined index: HTTP_REFERER D:\xampp\htdocs\app\Common\Controller\CommonController.class.php 第 13 行.
NOTIC: [8] Undefined index: HTTP_REFERER D:\xampp\htdocs\app\Common\Controller\CommonController.class.php 第 14 行.
SQL: SHOW COLUMNS FROM `sm_sysconfig` [ RunTime:0.0135s ]
SQL: SELECT * FROM `sm_sysconfig` WHERE `aid` IN ('1','17','7','36','37','38','40','41','42','43','44','')  [ RunTime:0.0004s ]

[ 2019-08-08T10:01:15+08:00 ] 47.101.186.114 /index.php?m=Shop&c=Login&a=login
INFO: [ app_init ] --START--
INFO: Run Behavior\BuildLiteBehavior [ RunTime:0.000016s ]
INFO: [ app_init ] --END-- [ RunTime:0.000478s ]
INFO: [ app_begin ] --START--
INFO: Run Behavior\ReadHtmlCacheBehavior [ RunTime:0.000590s ]
INFO: [ app_begin ] --END-- [ RunTime:0.000639s ]
NOTIC: [8] Undefined index: HTTP_REFERER D:\xampp\htdocs\app\Common\Controller\CommonController.class.php 第 13 行.
NOTIC: [8] Undefined index: HTTP_REFERER D:\xampp\htdocs\app\Common\Controller\CommonController.class.php 第 14 行.
SQL: SHOW COLUMNS FROM `sm_sysconfig` [ RunTime:0.0053s ]
SQL: SELECT * FROM `sm_sysconfig` WHERE `aid` IN ('1','17','7','36','37','38','40','41','42','43','44','')  [ RunTime:0.0004s ]
INFO: [ view_parse ] --START--
INFO: [ template_filter ] --START--
INFO: Run Behavior\ContentReplaceBehavior [ RunTime:0.000076s ]
INFO: [ template_filter ] --END-- [ RunTime:0.000123s ]
INFO: Run Behavior\ParseTemplateBehavior [ RunTime:0.008243s ]
INFO: [ view_parse ] --END-- [ RunTime:0.008305s ]
INFO: [ view_filter ] --START--
INFO: Run Behavior\WriteHtmlCacheBehavior [ RunTime:0.000667s ]
INFO: [ view_filter ] --END-- [ RunTime:0.000712s ]
INFO: [ app_end ] --START--
INFO: Run Behavior\ShowPageTraceBehavior [ RunTime:0.000724s ]
INFO: [ app_end ] --END-- [ RunTime:0.000768s ]

[ 2019-08-08T10:01:16+08:00 ] 47.101.186.114 /index.php?m=Shop&c=Login&a=verify
INFO: [ app_init ] --START--
INFO: Run Behavior\BuildLiteBehavior [ RunTime:0.000013s ]
INFO: [ app_init ] --END-- [ RunTime:0.000492s ]
INFO: [ app_begin ] --START--
INFO: Run Behavior\ReadHtmlCacheBehavior [ RunTime:0.000581s ]
INFO: [ app_begin ] --END-- [ RunTime:0.000631s ]
NOTIC: [8] Undefined index: HTTP_REFERER D:\xampp\htdocs\app\Common\Controller\CommonController.class.php 第 13 行.
NOTIC: [8] Undefined index: HTTP_REFERER D:\xampp\htdocs\app\Common\Controller\CommonController.class.php 第 14 行.
SQL: SHOW COLUMNS FROM `sm_sysconfig` [ RunTime:0.0127s ]
SQL: SELECT * FROM `sm_sysconfig` WHERE `aid` IN ('1','17','7','36','37','38','40','41','42','43','44','')  [ RunTime:0.0004s ]
INFO: [ app_end ] --START--
INFO: Run Behavior\ShowPageTraceBehavior [ RunTime:0.000633s ]
INFO: [ app_end ] --END-- [ RunTime:0.000688s ]

[ 2019-08-08T10:11:19+08:00 ] 101.108.186.145 /
INFO: [ app_init ] --START--
INFO: Run Behavior\BuildLiteBehavior [ RunTime:0.000013s ]
INFO: [ app_init ] --END-- [ RunTime:0.000529s ]
INFO: [ app_begin ] --START--
INFO: Run Behavior\ReadHtmlCacheBehavior [ RunTime:0.000701s ]
INFO: [ app_begin ] --END-- [ RunTime:0.000751s ]
NOTIC: [8] Undefined index: HTTP_REFERER D:\xampp\htdocs\app\Common\Controller\CommonController.class.php 第 13 行.
NOTIC: [8] Undefined index: HTTP_REFERER D:\xampp\htdocs\app\Common\Controller\CommonController.class.php 第 14 行.
SQL: SHOW COLUMNS FROM `sm_sysconfig` [ RunTime:0.0132s ]
SQL: SELECT * FROM `sm_sysconfig` WHERE `aid` IN ('1','17','7','36','37','38','40','41','42','43','44','')  [ RunTime:0.0004s ]

[ 2019-08-08T10:36:45+08:00 ] 223.104.101.240 /
INFO: [ app_init ] --START--
INFO: Run Behavior\BuildLiteBehavior [ RunTime:0.000014s ]
INFO: [ app_init ] --END-- [ RunTime:0.000499s ]
INFO: [ app_begin ] --START--
INFO: Run Behavior\ReadHtmlCacheBehavior [ RunTime:0.000717s ]
INFO: [ app_begin ] --END-- [ RunTime:0.000767s ]
NOTIC: [8] Undefined index: HTTP_REFERER D:\xampp\htdocs\app\Common\Controller\CommonController.class.php 第 13 行.
NOTIC: [8] Undefined index: HTTP_REFERER D:\xampp\htdocs\app\Common\Controller\CommonController.class.php 第 14 行.
SQL: SHOW COLUMNS FROM `sm_sysconfig` [ RunTime:0.0137s ]
SQL: SELECT * FROM `sm_sysconfig` WHERE `aid` IN ('1','17','7','36','37','38','40','41','42','43','44','')  [ RunTime:0.0004s ]

[ 2019-08-08T10:36:45+08:00 ] 223.104.101.240 /index.php?m=Shop&c=Login&a=login
INFO: [ app_init ] --START--
INFO: Run Behavior\BuildLiteBehavior [ RunTime:0.000012s ]
INFO: [ app_init ] --END-- [ RunTime:0.000470s ]
INFO: [ app_begin ] --START--
INFO: Run Behavior\ReadHtmlCacheBehavior [ RunTime:0.000592s ]
INFO: [ app_begin ] --END-- [ RunTime:0.000645s ]
NOTIC: [8] Undefined index: HTTP_REFERER D:\xampp\htdocs\app\Common\Controller\CommonController.class.php 第 13 行.
NOTIC: [8] Undefined index: HTTP_REFERER D:\xampp\htdocs\app\Common\Controller\CommonController.class.php 第 14 行.
SQL: SHOW COLUMNS FROM `sm_sysconfig` [ RunTime:0.0056s ]
SQL: SELECT * FROM `sm_sysconfig` WHERE `aid` IN ('1','17','7','36','37','38','40','41','42','43','44','')  [ RunTime:0.0004s ]
INFO: [ view_parse ] --START--
INFO: [ template_filter ] --START--
INFO: Run Behavior\ContentReplaceBehavior [ RunTime:0.000072s ]
INFO: [ template_filter ] --END-- [ RunTime:0.000116s ]
INFO: Run Behavior\ParseTemplateBehavior [ RunTime:0.008023s ]
INFO: [ view_parse ] --END-- [ RunTime:0.008085s ]
INFO: [ view_filter ] --START--
INFO: Run Behavior\WriteHtmlCacheBehavior [ RunTime:0.000647s ]
INFO: [ view_filter ] --END-- [ RunTime:0.000692s ]
INFO: [ app_end ] --START--
INFO: Run Behavior\ShowPageTraceBehavior [ RunTime:0.000684s ]
INFO: [ app_end ] --END-- [ RunTime:0.000725s ]

[ 2019-08-08T10:36:46+08:00 ] 223.104.101.240 /index.php?m=Shop&c=Login&a=verify
INFO: [ app_init ] --START--
INFO: Run Behavior\BuildLiteBehavior [ RunTime:0.000018s ]
INFO: [ app_init ] --END-- [ RunTime:0.000465s ]
INFO: [ app_begin ] --START--
INFO: Run Behavior\ReadHtmlCacheBehavior [ RunTime:0.000603s ]
INFO: [ app_begin ] --END-- [ RunTime:0.000656s ]
SQL: SHOW COLUMNS FROM `sm_sysconfig` [ RunTime:0.0130s ]
SQL: SELECT * FROM `sm_sysconfig` WHERE `aid` IN ('1','17','7','36','37','38','40','41','42','43','44','')  [ RunTime:0.0004s ]
INFO: [ app_end ] --START--
INFO: Run Behavior\ShowPageTraceBehavior [ RunTime:0.000650s ]
INFO: [ app_end ] --END-- [ RunTime:0.000709s ]

[ 2019-08-08T12:18:41+08:00 ] 172.105.85.180 /
INFO: [ app_init ] --START--
INFO: Run Behavior\BuildLiteBehavior [ RunTime:0.000021s ]
INFO: [ app_init ] --END-- [ RunTime:0.000510s ]
INFO: [ app_begin ] --START--
INFO: Run Behavior\ReadHtmlCacheBehavior [ RunTime:0.000677s ]
INFO: [ app_begin ] --END-- [ RunTime:0.000724s ]
NOTIC: [8] Undefined index: HTTP_REFERER D:\xampp\htdocs\app\Common\Controller\CommonController.class.php 第 13 行.
NOTIC: [8] Undefined index: HTTP_REFERER D:\xampp\htdocs\app\Common\Controller\CommonController.class.php 第 14 行.
SQL: SHOW COLUMNS FROM `sm_sysconfig` [ RunTime:0.0138s ]
SQL: SELECT * FROM `sm_sysconfig` WHERE `aid` IN ('1','17','7','36','37','38','40','41','42','43','44','')  [ RunTime:0.0004s ]

[ 2019-08-08T12:18:42+08:00 ] 172.105.85.180 
INFO: [ app_init ] --START--
INFO: Run Behavior\BuildLiteBehavior [ RunTime:0.000014s ]
INFO: [ app_init ] --END-- [ RunTime:0.000524s ]
INFO: [ app_begin ] --START--
INFO: Run Behavior\ReadHtmlCacheBehavior [ RunTime:0.000597s ]
INFO: [ app_begin ] --END-- [ RunTime:0.000649s ]
NOTIC: [8] Undefined index: HTTP_REFERER D:\xampp\htdocs\app\Common\Controller\CommonController.class.php 第 13 行.
NOTIC: [8] Undefined index: HTTP_REFERER D:\xampp\htdocs\app\Common\Controller\CommonController.class.php 第 14 行.
SQL: SHOW COLUMNS FROM `sm_sysconfig` [ RunTime:0.0128s ]
SQL: SELECT * FROM `sm_sysconfig` WHERE `aid` IN ('1','17','7','36','37','38','40','41','42','43','44','')  [ RunTime:0.0004s ]

[ 2019-08-08T12:18:43+08:00 ] 172.105.85.180 /
INFO: [ app_init ] --START--
INFO: Run Behavior\BuildLiteBehavior [ RunTime:0.000014s ]
INFO: [ app_init ] --END-- [ RunTime:0.000454s ]
INFO: [ app_begin ] --START--
INFO: Run Behavior\ReadHtmlCacheBehavior [ RunTime:0.000586s ]
INFO: [ app_begin ] --END-- [ RunTime:0.000636s ]
NOTIC: [8] Undefined index: HTTP_REFERER D:\xampp\htdocs\app\Common\Controller\CommonController.class.php 第 13 行.
NOTIC: [8] Undefined index: HTTP_REFERER D:\xampp\htdocs\app\Common\Controller\CommonController.class.php 第 14 行.
SQL: SHOW COLUMNS FROM `sm_sysconfig` [ RunTime:0.0129s ]
SQL: SELECT * FROM `sm_sysconfig` WHERE `aid` IN ('1','17','7','36','37','38','40','41','42','43','44','')  [ RunTime:0.0004s ]

[ 2019-08-08T12:18:43+08:00 ] 172.105.85.180 /
INFO: [ app_init ] --START--
INFO: Run Behavior\BuildLiteBehavior [ RunTime:0.000014s ]
INFO: [ app_init ] --END-- [ RunTime:0.000491s ]
INFO: [ app_begin ] --START--
INFO: Run Behavior\ReadHtmlCacheBehavior [ RunTime:0.000678s ]
INFO: [ app_begin ] --END-- [ RunTime:0.000725s ]
NOTIC: [8] Undefined index: HTTP_REFERER D:\xampp\htdocs\app\Common\Controller\CommonController.class.php 第 13 行.
NOTIC: [8] Undefined index: HTTP_REFERER D:\xampp\htdocs\app\Common\Controller\CommonController.class.php 第 14 行.
SQL: SHOW COLUMNS FROM `sm_sysconfig` [ RunTime:0.0056s ]
SQL: SELECT * FROM `sm_sysconfig` WHERE `aid` IN ('1','17','7','36','37','38','40','41','42','43','44','')  [ RunTime:0.0004s ]

[ 2019-08-08T12:37:04+08:00 ] 117.71.34.139 /
INFO: [ app_init ] --START--
INFO: Run Behavior\BuildLiteBehavior [ RunTime:0.000013s ]
INFO: [ app_init ] --END-- [ RunTime:0.000443s ]
INFO: [ app_begin ] --START--
INFO: Run Behavior\ReadHtmlCacheBehavior [ RunTime:0.000632s ]
INFO: [ app_begin ] --END-- [ RunTime:0.000698s ]
NOTIC: [8] Undefined index: HTTP_REFERER D:\xampp\htdocs\app\Common\Controller\CommonController.class.php 第 13 行.
NOTIC: [8] Undefined index: HTTP_REFERER D:\xampp\htdocs\app\Common\Controller\CommonController.class.php 第 14 行.
SQL: SHOW COLUMNS FROM `sm_sysconfig` [ RunTime:0.0130s ]
SQL: SELECT * FROM `sm_sysconfig` WHERE `aid` IN ('1','17','7','36','37','38','40','41','42','43','44','')  [ RunTime:0.0004s ]

[ 2019-08-08T12:37:04+08:00 ] 117.71.34.139 /index.php?m=Shop&c=Login&a=login
INFO: [ app_init ] --START--
INFO: Run Behavior\BuildLiteBehavior [ RunTime:0.000013s ]
INFO: [ app_init ] --END-- [ RunTime:0.000465s ]
INFO: [ app_begin ] --START--
INFO: Run Behavior\ReadHtmlCacheBehavior [ RunTime:0.000583s ]
INFO: [ app_begin ] --END-- [ RunTime:0.000631s ]
NOTIC: [8] Undefined index: HTTP_REFERER D:\xampp\htdocs\app\Common\Controller\CommonController.class.php 第 13 行.
NOTIC: [8] Undefined index: HTTP_REFERER D:\xampp\htdocs\app\Common\Controller\CommonController.class.php 第 14 行.
SQL: SHOW COLUMNS FROM `sm_sysconfig` [ RunTime:0.0173s ]
SQL: SELECT * FROM `sm_sysconfig` WHERE `aid` IN ('1','17','7','36','37','38','40','41','42','43','44','')  [ RunTime:0.0005s ]
INFO: [ view_parse ] --START--
INFO: [ template_filter ] --START--
INFO: Run Behavior\ContentReplaceBehavior [ RunTime:0.000066s ]
INFO: [ template_filter ] --END-- [ RunTime:0.000107s ]
INFO: Run Behavior\ParseTemplateBehavior [ RunTime:0.046258s ]
INFO: [ view_parse ] --END-- [ RunTime:0.046321s ]
INFO: [ view_filter ] --START--
INFO: Run Behavior\WriteHtmlCacheBehavior [ RunTime:0.000565s ]
INFO: [ view_filter ] --END-- [ RunTime:0.000607s ]
INFO: [ app_end ] --START--
INFO: Run Behavior\ShowPageTraceBehavior [ RunTime:0.000844s ]
INFO: [ app_end ] --END-- [ RunTime:0.000892s ]

[ 2019-08-08T13:35:41+08:00 ] 47.104.17.216 /index.php
INFO: [ app_init ] --START--
INFO: Run Behavior\BuildLiteBehavior [ RunTime:0.000013s ]
INFO: [ app_init ] --END-- [ RunTime:0.000499s ]
INFO: [ app_begin ] --START--
INFO: Run Behavior\ReadHtmlCacheBehavior [ RunTime:0.000685s ]
INFO: [ app_begin ] --END-- [ RunTime:0.000733s ]
NOTIC: [8] Undefined index: HTTP_REFERER D:\xampp\htdocs\app\Common\Controller\CommonController.class.php 第 13 行.
NOTIC: [8] Undefined index: HTTP_REFERER D:\xampp\htdocs\app\Common\Controller\CommonController.class.php 第 14 行.
SQL: SHOW COLUMNS FROM `sm_sysconfig` [ RunTime:0.0149s ]
SQL: SELECT * FROM `sm_sysconfig` WHERE `aid` IN ('1','17','7','36','37','38','40','41','42','43','44','')  [ RunTime:0.0004s ]

[ 2019-08-08T13:44:13+08:00 ] 91.235.175.149 /
INFO: [ app_init ] --START--
INFO: Run Behavior\BuildLiteBehavior [ RunTime:0.000014s ]
INFO: [ app_init ] --END-- [ RunTime:0.000504s ]
INFO: [ app_begin ] --START--
INFO: Run Behavior\ReadHtmlCacheBehavior [ RunTime:0.000733s ]
INFO: [ app_begin ] --END-- [ RunTime:0.000781s ]
NOTIC: [8] Undefined index: HTTP_REFERER D:\xampp\htdocs\app\Common\Controller\CommonController.class.php 第 13 行.
NOTIC: [8] Undefined index: HTTP_REFERER D:\xampp\htdocs\app\Common\Controller\CommonController.class.php 第 14 行.
SQL: SHOW COLUMNS FROM `sm_sysconfig` [ RunTime:0.0143s ]
SQL: SELECT * FROM `sm_sysconfig` WHERE `aid` IN ('1','17','7','36','37','38','40','41','42','43','44','')  [ RunTime:0.0004s ]

[ 2019-08-08T14:01:00+08:00 ] 41.216.166.179 /
INFO: [ app_init ] --START--
INFO: Run Behavior\BuildLiteBehavior [ RunTime:0.000017s ]
INFO: [ app_init ] --END-- [ RunTime:0.000551s ]
INFO: [ app_begin ] --START--
INFO: Run Behavior\ReadHtmlCacheBehavior [ RunTime:0.000677s ]
INFO: [ app_begin ] --END-- [ RunTime:0.000723s ]
NOTIC: [8] Undefined index: HTTP_REFERER D:\xampp\htdocs\app\Common\Controller\CommonController.class.php 第 13 行.
NOTIC: [8] Undefined index: HTTP_REFERER D:\xampp\htdocs\app\Common\Controller\CommonController.class.php 第 14 行.
SQL: SHOW COLUMNS FROM `sm_sysconfig` [ RunTime:0.0159s ]
SQL: SELECT * FROM `sm_sysconfig` WHERE `aid` IN ('1','17','7','36','37','38','40','41','42','43','44','')  [ RunTime:0.0005s ]

[ 2019-08-08T15:26:56+08:00 ] 154.93.96.207 /
INFO: [ app_init ] --START--
INFO: Run Behavior\BuildLiteBehavior [ RunTime:0.000013s ]
INFO: [ app_init ] --END-- [ RunTime:0.000526s ]
INFO: [ app_begin ] --START--
INFO: Run Behavior\ReadHtmlCacheBehavior [ RunTime:0.000702s ]
INFO: [ app_begin ] --END-- [ RunTime:0.000752s ]
NOTIC: [8] Undefined index: HTTP_REFERER D:\xampp\htdocs\app\Common\Controller\CommonController.class.php 第 13 行.
NOTIC: [8] Undefined index: HTTP_REFERER D:\xampp\htdocs\app\Common\Controller\CommonController.class.php 第 14 行.
SQL: SHOW COLUMNS FROM `sm_sysconfig` [ RunTime:0.0175s ]
SQL: SELECT * FROM `sm_sysconfig` WHERE `aid` IN ('1','17','7','36','37','38','40','41','42','43','44','')  [ RunTime:0.0005s ]

[ 2019-08-08T15:27:03+08:00 ] 154.93.96.207 /index.php?m=Shop&c=Login&a=login
INFO: [ app_init ] --START--
INFO: Run Behavior\BuildLiteBehavior [ RunTime:0.000014s ]
INFO: [ app_init ] --END-- [ RunTime:0.000445s ]
INFO: [ app_begin ] --START--
INFO: Run Behavior\ReadHtmlCacheBehavior [ RunTime:0.000571s ]
INFO: [ app_begin ] --END-- [ RunTime:0.000618s ]
NOTIC: [8] Undefined index: HTTP_REFERER D:\xampp\htdocs\app\Common\Controller\CommonController.class.php 第 13 行.
NOTIC: [8] Undefined index: HTTP_REFERER D:\xampp\htdocs\app\Common\Controller\CommonController.class.php 第 14 行.
SQL: SHOW COLUMNS FROM `sm_sysconfig` [ RunTime:0.0131s ]
SQL: SELECT * FROM `sm_sysconfig` WHERE `aid` IN ('1','17','7','36','37','38','40','41','42','43','44','')  [ RunTime:0.0004s ]
INFO: [ view_parse ] --START--
INFO: [ template_filter ] --START--
INFO: Run Behavior\ContentReplaceBehavior [ RunTime:0.000069s ]
INFO: [ template_filter ] --END-- [ RunTime:0.000112s ]
INFO: Run Behavior\ParseTemplateBehavior [ RunTime:0.030610s ]
INFO: [ view_parse ] --END-- [ RunTime:0.030662s ]
INFO: [ view_filter ] --START--
INFO: Run Behavior\WriteHtmlCacheBehavior [ RunTime:0.000556s ]
INFO: [ view_filter ] --END-- [ RunTime:0.000597s ]
INFO: [ app_end ] --START--
INFO: Run Behavior\ShowPageTraceBehavior [ RunTime:0.000739s ]
INFO: [ app_end ] --END-- [ RunTime:0.000792s ]

[ 2019-08-08T15:34:17+08:00 ] 31.170.60.47 /
INFO: [ app_init ] --START--
INFO: Run Behavior\BuildLiteBehavior [ RunTime:0.000013s ]
INFO: [ app_init ] --END-- [ RunTime:0.000504s ]
INFO: [ app_begin ] --START--
INFO: Run Behavior\ReadHtmlCacheBehavior [ RunTime:0.000707s ]
INFO: [ app_begin ] --END-- [ RunTime:0.000757s ]
NOTIC: [8] Undefined index: HTTP_REFERER D:\xampp\htdocs\app\Common\Controller\CommonController.class.php 第 13 行.
NOTIC: [8] Undefined index: HTTP_REFERER D:\xampp\htdocs\app\Common\Controller\CommonController.class.php 第 14 行.
SQL: SHOW COLUMNS FROM `sm_sysconfig` [ RunTime:0.0137s ]
SQL: SELECT * FROM `sm_sysconfig` WHERE `aid` IN ('1','17','7','36','37','38','40','41','42','43','44','')  [ RunTime:0.0005s ]

[ 2019-08-08T16:01:59+08:00 ] 178.73.215.171 /
INFO: [ app_init ] --START--
INFO: Run Behavior\BuildLiteBehavior [ RunTime:0.000015s ]
INFO: [ app_init ] --END-- [ RunTime:0.000496s ]
INFO: [ app_begin ] --START--
INFO: Run Behavior\ReadHtmlCacheBehavior [ RunTime:0.000688s ]
INFO: [ app_begin ] --END-- [ RunTime:0.000734s ]
NOTIC: [8] Undefined index: HTTP_REFERER D:\xampp\htdocs\app\Common\Controller\CommonController.class.php 第 13 行.
NOTIC: [8] Undefined index: HTTP_REFERER D:\xampp\htdocs\app\Common\Controller\CommonController.class.php 第 14 行.
SQL: SHOW COLUMNS FROM `sm_sysconfig` [ RunTime:0.0157s ]
SQL: SELECT * FROM `sm_sysconfig` WHERE `aid` IN ('1','17','7','36','37','38','40','41','42','43','44','')  [ RunTime:0.0005s ]

[ 2019-08-08T16:11:19+08:00 ] 198.199.76.179 /
INFO: [ app_init ] --START--
INFO: Run Behavior\BuildLiteBehavior [ RunTime:0.000014s ]
INFO: [ app_init ] --END-- [ RunTime:0.000507s ]
INFO: [ app_begin ] --START--
INFO: Run Behavior\ReadHtmlCacheBehavior [ RunTime:0.000693s ]
INFO: [ app_begin ] --END-- [ RunTime:0.000743s ]
NOTIC: [8] Undefined index: HTTP_REFERER D:\xampp\htdocs\app\Common\Controller\CommonController.class.php 第 13 行.
NOTIC: [8] Undefined index: HTTP_REFERER D:\xampp\htdocs\app\Common\Controller\CommonController.class.php 第 14 行.
SQL: SHOW COLUMNS FROM `sm_sysconfig` [ RunTime:0.0143s ]
SQL: SELECT * FROM `sm_sysconfig` WHERE `aid` IN ('1','17','7','36','37','38','40','41','42','43','44','')  [ RunTime:0.0004s ]

[ 2019-08-08T16:37:00+08:00 ] 183.136.190.62 /
INFO: [ app_init ] --START--
INFO: Run Behavior\BuildLiteBehavior [ RunTime:0.000014s ]
INFO: [ app_init ] --END-- [ RunTime:0.000514s ]
INFO: [ app_begin ] --START--
INFO: Run Behavior\ReadHtmlCacheBehavior [ RunTime:0.000732s ]
INFO: [ app_begin ] --END-- [ RunTime:0.000780s ]
NOTIC: [8] Undefined index: HTTP_REFERER D:\xampp\htdocs\app\Common\Controller\CommonController.class.php 第 13 行.
NOTIC: [8] Undefined index: HTTP_REFERER D:\xampp\htdocs\app\Common\Controller\CommonController.class.php 第 14 行.
SQL: SHOW COLUMNS FROM `sm_sysconfig` [ RunTime:0.0186s ]
SQL: SELECT * FROM `sm_sysconfig` WHERE `aid` IN ('1','17','7','36','37','38','40','41','42','43','44','')  [ RunTime:0.0005s ]

[ 2019-08-08T17:22:41+08:00 ] 47.100.130.114 /
INFO: [ app_init ] --START--
INFO: Run Behavior\BuildLiteBehavior [ RunTime:0.000014s ]
INFO: [ app_init ] --END-- [ RunTime:0.000493s ]
INFO: [ app_begin ] --START--
INFO: Run Behavior\ReadHtmlCacheBehavior [ RunTime:0.000697s ]
INFO: [ app_begin ] --END-- [ RunTime:0.000748s ]
NOTIC: [8] Undefined index: HTTP_REFERER D:\xampp\htdocs\app\Common\Controller\CommonController.class.php 第 13 行.
NOTIC: [8] Undefined index: HTTP_REFERER D:\xampp\htdocs\app\Common\Controller\CommonController.class.php 第 14 行.
SQL: SHOW COLUMNS FROM `sm_sysconfig` [ RunTime:0.0142s ]
SQL: SELECT * FROM `sm_sysconfig` WHERE `aid` IN ('1','17','7','36','37','38','40','41','42','43','44','')  [ RunTime:0.0004s ]

[ 2019-08-08T17:28:53+08:00 ] 77.247.110.186 /
INFO: [ app_init ] --START--
INFO: Run Behavior\BuildLiteBehavior [ RunTime:0.000013s ]
INFO: [ app_init ] --END-- [ RunTime:0.000506s ]
INFO: [ app_begin ] --START--
INFO: Run Behavior\ReadHtmlCacheBehavior [ RunTime:0.000694s ]
INFO: [ app_begin ] --END-- [ RunTime:0.000746s ]
NOTIC: [8] Undefined index: HTTP_REFERER D:\xampp\htdocs\app\Common\Controller\CommonController.class.php 第 13 行.
NOTIC: [8] Undefined index: HTTP_REFERER D:\xampp\htdocs\app\Common\Controller\CommonController.class.php 第 14 行.
SQL: SHOW COLUMNS FROM `sm_sysconfig` [ RunTime:0.0143s ]
SQL: SELECT * FROM `sm_sysconfig` WHERE `aid` IN ('1','17','7','36','37','38','40','41','42','43','44','')  [ RunTime:0.0004s ]

[ 2019-08-08T17:28:53+08:00 ] 77.247.110.186 /index.php?m=Shop&c=Login&a=login
INFO: [ app_init ] --START--
INFO: Run Behavior\BuildLiteBehavior [ RunTime:0.000013s ]
INFO: [ app_init ] --END-- [ RunTime:0.000471s ]
INFO: [ app_begin ] --START--
INFO: Run Behavior\ReadHtmlCacheBehavior [ RunTime:0.000569s ]
INFO: [ app_begin ] --END-- [ RunTime:0.000618s ]
NOTIC: [8] Undefined index: HTTP_REFERER D:\xampp\htdocs\app\Common\Controller\CommonController.class.php 第 13 行.
NOTIC: [8] Undefined index: HTTP_REFERER D:\xampp\htdocs\app\Common\Controller\CommonController.class.php 第 14 行.
SQL: SHOW COLUMNS FROM `sm_sysconfig` [ RunTime:0.0058s ]
SQL: SELECT * FROM `sm_sysconfig` WHERE `aid` IN ('1','17','7','36','37','38','40','41','42','43','44','')  [ RunTime:0.0004s ]
INFO: [ view_parse ] --START--
INFO: [ template_filter ] --START--
INFO: Run Behavior\ContentReplaceBehavior [ RunTime:0.000076s ]
INFO: [ template_filter ] --END-- [ RunTime:0.000120s ]
INFO: Run Behavior\ParseTemplateBehavior [ RunTime:0.008202s ]
INFO: [ view_parse ] --END-- [ RunTime:0.008257s ]
INFO: [ view_filter ] --START--
INFO: Run Behavior\WriteHtmlCacheBehavior [ RunTime:0.000576s ]
INFO: [ view_filter ] --END-- [ RunTime:0.000617s ]
INFO: [ app_end ] --START--
INFO: Run Behavior\ShowPageTraceBehavior [ RunTime:0.000693s ]
INFO: [ app_end ] --END-- [ RunTime:0.000733s ]

[ 2019-08-08T17:31:35+08:00 ] 77.247.110.186 /
INFO: [ app_init ] --START--
INFO: Run Behavior\BuildLiteBehavior [ RunTime:0.000013s ]
INFO: [ app_init ] --END-- [ RunTime:0.000497s ]
INFO: [ app_begin ] --START--
INFO: Run Behavior\ReadHtmlCacheBehavior [ RunTime:0.000696s ]
INFO: [ app_begin ] --END-- [ RunTime:0.000744s ]
NOTIC: [8] Undefined index: HTTP_REFERER D:\xampp\htdocs\app\Common\Controller\CommonController.class.php 第 13 行.
NOTIC: [8] Undefined index: HTTP_REFERER D:\xampp\htdocs\app\Common\Controller\CommonController.class.php 第 14 行.
SQL: SHOW COLUMNS FROM `sm_sysconfig` [ RunTime:0.0136s ]
SQL: SELECT * FROM `sm_sysconfig` WHERE `aid` IN ('1','17','7','36','37','38','40','41','42','43','44','')  [ RunTime:0.0004s ]

[ 2019-08-08T17:31:36+08:00 ] 77.247.110.186 /index.php?m=Shop&c=Login&a=login
INFO: [ app_init ] --START--
INFO: Run Behavior\BuildLiteBehavior [ RunTime:0.000018s ]
INFO: [ app_init ] --END-- [ RunTime:0.000697s ]
INFO: [ app_begin ] --START--
INFO: Run Behavior\ReadHtmlCacheBehavior [ RunTime:0.000593s ]
INFO: [ app_begin ] --END-- [ RunTime:0.000644s ]
NOTIC: [8] Undefined index: HTTP_REFERER D:\xampp\htdocs\app\Common\Controller\CommonController.class.php 第 13 行.
NOTIC: [8] Undefined index: HTTP_REFERER D:\xampp\htdocs\app\Common\Controller\CommonController.class.php 第 14 行.
SQL: SHOW COLUMNS FROM `sm_sysconfig` [ RunTime:0.0129s ]
SQL: SELECT * FROM `sm_sysconfig` WHERE `aid` IN ('1','17','7','36','37','38','40','41','42','43','44','')  [ RunTime:0.0004s ]
INFO: [ view_parse ] --START--
INFO: [ template_filter ] --START--
INFO: Run Behavior\ContentReplaceBehavior [ RunTime:0.000070s ]
INFO: [ template_filter ] --END-- [ RunTime:0.000113s ]
INFO: Run Behavior\ParseTemplateBehavior [ RunTime:0.007437s ]
INFO: [ view_parse ] --END-- [ RunTime:0.007487s ]
INFO: [ view_filter ] --START--
INFO: Run Behavior\WriteHtmlCacheBehavior [ RunTime:0.000581s ]
INFO: [ view_filter ] --END-- [ RunTime:0.000619s ]
INFO: [ app_end ] --START--
INFO: Run Behavior\ShowPageTraceBehavior [ RunTime:0.000726s ]
INFO: [ app_end ] --END-- [ RunTime:0.000767s ]

[ 2019-08-08T18:17:35+08:00 ] 154.93.98.226 /
INFO: [ app_init ] --START--
INFO: Run Behavior\BuildLiteBehavior [ RunTime:0.000015s ]
INFO: [ app_init ] --END-- [ RunTime:0.000537s ]
INFO: [ app_begin ] --START--
INFO: Run Behavior\ReadHtmlCacheBehavior [ RunTime:0.000815s ]
INFO: [ app_begin ] --END-- [ RunTime:0.000867s ]
NOTIC: [8] Undefined index: HTTP_REFERER D:\xampp\htdocs\app\Common\Controller\CommonController.class.php 第 13 行.
NOTIC: [8] Undefined index: HTTP_REFERER D:\xampp\htdocs\app\Common\Controller\CommonController.class.php 第 14 行.
SQL: SHOW COLUMNS FROM `sm_sysconfig` [ RunTime:0.0137s ]
SQL: SELECT * FROM `sm_sysconfig` WHERE `aid` IN ('1','17','7','36','37','38','40','41','42','43','44','')  [ RunTime:0.0004s ]

[ 2019-08-08T18:17:45+08:00 ] 154.93.98.226 /index.php?m=Shop&c=Login&a=login
INFO: [ app_init ] --START--
INFO: Run Behavior\BuildLiteBehavior [ RunTime:0.000013s ]
INFO: [ app_init ] --END-- [ RunTime:0.000461s ]
INFO: [ app_begin ] --START--
INFO: Run Behavior\ReadHtmlCacheBehavior [ RunTime:0.000776s ]
INFO: [ app_begin ] --END-- [ RunTime:0.000825s ]
NOTIC: [8] Undefined index: HTTP_REFERER D:\xampp\htdocs\app\Common\Controller\CommonController.class.php 第 13 行.
NOTIC: [8] Undefined index: HTTP_REFERER D:\xampp\htdocs\app\Common\Controller\CommonController.class.php 第 14 行.
SQL: SHOW COLUMNS FROM `sm_sysconfig` [ RunTime:0.0136s ]
SQL: SELECT * FROM `sm_sysconfig` WHERE `aid` IN ('1','17','7','36','37','38','40','41','42','43','44','')  [ RunTime:0.0004s ]
INFO: [ view_parse ] --START--
INFO: [ template_filter ] --START--
INFO: Run Behavior\ContentReplaceBehavior [ RunTime:0.000071s ]
INFO: [ template_filter ] --END-- [ RunTime:0.000113s ]
INFO: Run Behavior\ParseTemplateBehavior [ RunTime:0.007313s ]
INFO: [ view_parse ] --END-- [ RunTime:0.007363s ]
INFO: [ view_filter ] --START--
INFO: Run Behavior\WriteHtmlCacheBehavior [ RunTime:0.000566s ]
INFO: [ view_filter ] --END-- [ RunTime:0.000604s ]
INFO: [ app_end ] --START--
INFO: Run Behavior\ShowPageTraceBehavior [ RunTime:0.000725s ]
INFO: [ app_end ] --END-- [ RunTime:0.000764s ]

[ 2019-08-08T20:42:28+08:00 ] 185.176.27.114 /
INFO: [ app_init ] --START--
INFO: Run Behavior\BuildLiteBehavior [ RunTime:0.000013s ]
INFO: [ app_init ] --END-- [ RunTime:0.000490s ]
INFO: [ app_begin ] --START--
INFO: Run Behavior\ReadHtmlCacheBehavior [ RunTime:0.000790s ]
INFO: [ app_begin ] --END-- [ RunTime:0.000837s ]
NOTIC: [8] Undefined index: HTTP_REFERER D:\xampp\htdocs\app\Common\Controller\CommonController.class.php 第 13 行.
NOTIC: [8] Undefined index: HTTP_REFERER D:\xampp\htdocs\app\Common\Controller\CommonController.class.php 第 14 行.
SQL: SHOW COLUMNS FROM `sm_sysconfig` [ RunTime:0.0140s ]
SQL: SELECT * FROM `sm_sysconfig` WHERE `aid` IN ('1','17','7','36','37','38','40','41','42','43','44','')  [ RunTime:0.0004s ]

[ 2019-08-08T20:50:17+08:00 ] 129.204.2.78 /
INFO: [ app_init ] --START--
INFO: Run Behavior\BuildLiteBehavior [ RunTime:0.000013s ]
INFO: [ app_init ] --END-- [ RunTime:0.000486s ]
INFO: [ app_begin ] --START--
INFO: Run Behavior\ReadHtmlCacheBehavior [ RunTime:0.000748s ]
INFO: [ app_begin ] --END-- [ RunTime:0.000801s ]
NOTIC: [8] Undefined index: HTTP_REFERER D:\xampp\htdocs\app\Common\Controller\CommonController.class.php 第 13 行.
NOTIC: [8] Undefined index: HTTP_REFERER D:\xampp\htdocs\app\Common\Controller\CommonController.class.php 第 14 行.
SQL: SHOW COLUMNS FROM `sm_sysconfig` [ RunTime:0.0128s ]
SQL: SELECT * FROM `sm_sysconfig` WHERE `aid` IN ('1','17','7','36','37','38','40','41','42','43','44','')  [ RunTime:0.0004s ]

[ 2019-08-08T20:50:17+08:00 ] 129.204.2.78 /index.php?m=Shop&c=Login&a=login
INFO: [ app_init ] --START--
INFO: Run Behavior\BuildLiteBehavior [ RunTime:0.000013s ]
INFO: [ app_init ] --END-- [ RunTime:0.000448s ]
INFO: [ app_begin ] --START--
INFO: Run Behavior\ReadHtmlCacheBehavior [ RunTime:0.000963s ]
INFO: [ app_begin ] --END-- [ RunTime:0.001060s ]
SQL: SHOW COLUMNS FROM `sm_sysconfig` [ RunTime:0.0065s ]
SQL: SELECT * FROM `sm_sysconfig` WHERE `aid` IN ('1','17','7','36','37','38','40','41','42','43','44','')  [ RunTime:0.0004s ]
INFO: [ view_parse ] --START--
INFO: [ template_filter ] --START--
INFO: Run Behavior\ContentReplaceBehavior [ RunTime:0.000073s ]
INFO: [ template_filter ] --END-- [ RunTime:0.000118s ]
INFO: Run Behavior\ParseTemplateBehavior [ RunTime:0.007734s ]
INFO: [ view_parse ] --END-- [ RunTime:0.007802s ]
INFO: [ view_filter ] --START--
INFO: Run Behavior\WriteHtmlCacheBehavior [ RunTime:0.000655s ]
INFO: [ view_filter ] --END-- [ RunTime:0.000697s ]
INFO: [ app_end ] --START--
INFO: Run Behavior\ShowPageTraceBehavior [ RunTime:0.000781s ]
INFO: [ app_end ] --END-- [ RunTime:0.000824s ]

[ 2019-08-08T21:51:08+08:00 ] 38.145.103.66 /
INFO: [ app_init ] --START--
INFO: Run Behavior\BuildLiteBehavior [ RunTime:0.000015s ]
INFO: [ app_init ] --END-- [ RunTime:0.000510s ]
INFO: [ app_begin ] --START--
INFO: Run Behavior\ReadHtmlCacheBehavior [ RunTime:0.000772s ]
INFO: [ app_begin ] --END-- [ RunTime:0.000826s ]
NOTIC: [8] Undefined index: HTTP_REFERER D:\xampp\htdocs\app\Common\Controller\CommonController.class.php 第 13 行.
NOTIC: [8] Undefined index: HTTP_REFERER D:\xampp\htdocs\app\Common\Controller\CommonController.class.php 第 14 行.
SQL: SHOW COLUMNS FROM `sm_sysconfig` [ RunTime:0.0137s ]
SQL: SELECT * FROM `sm_sysconfig` WHERE `aid` IN ('1','17','7','36','37','38','40','41','42','43','44','')  [ RunTime:0.0004s ]

[ 2019-08-08T22:38:01+08:00 ] 47.92.249.4 /index.php
INFO: [ app_init ] --START--
INFO: Run Behavior\BuildLiteBehavior [ RunTime:0.000015s ]
INFO: [ app_init ] --END-- [ RunTime:0.000516s ]
INFO: [ app_begin ] --START--
INFO: Run Behavior\ReadHtmlCacheBehavior [ RunTime:0.000780s ]
INFO: [ app_begin ] --END-- [ RunTime:0.000829s ]
NOTIC: [8] Undefined index: HTTP_REFERER D:\xampp\htdocs\app\Common\Controller\CommonController.class.php 第 13 行.
NOTIC: [8] Undefined index: HTTP_REFERER D:\xampp\htdocs\app\Common\Controller\CommonController.class.php 第 14 行.
SQL: SHOW COLUMNS FROM `sm_sysconfig` [ RunTime:0.0138s ]
SQL: SELECT * FROM `sm_sysconfig` WHERE `aid` IN ('1','17','7','36','37','38','40','41','42','43','44','')  [ RunTime:0.0004s ]

[ 2019-08-08T23:08:44+08:00 ] 47.93.180.168 /
INFO: [ app_init ] --START--
INFO: Run Behavior\BuildLiteBehavior [ RunTime:0.000017s ]
INFO: [ app_init ] --END-- [ RunTime:0.000563s ]
INFO: [ app_begin ] --START--
INFO: Run Behavior\ReadHtmlCacheBehavior [ RunTime:0.000905s ]
INFO: [ app_begin ] --END-- [ RunTime:0.000967s ]
NOTIC: [8] Undefined index: HTTP_REFERER D:\xampp\htdocs\app\Common\Controller\CommonController.class.php 第 13 行.
NOTIC: [8] Undefined index: HTTP_REFERER D:\xampp\htdocs\app\Common\Controller\CommonController.class.php 第 14 行.
SQL: SHOW COLUMNS FROM `sm_sysconfig` [ RunTime:0.0138s ]
SQL: SELECT * FROM `sm_sysconfig` WHERE `aid` IN ('1','17','7','36','37','38','40','41','42','43','44','')  [ RunTime:0.0004s ]

[ 2019-08-08T23:17:22+08:00 ] 188.138.251.214 /
INFO: [ app_init ] --START--
INFO: Run Behavior\BuildLiteBehavior [ RunTime:0.000013s ]
INFO: [ app_init ] --END-- [ RunTime:0.000502s ]
INFO: [ app_begin ] --START--
INFO: Run Behavior\ReadHtmlCacheBehavior [ RunTime:0.000772s ]
INFO: [ app_begin ] --END-- [ RunTime:0.000826s ]
NOTIC: [8] Undefined index: HTTP_REFERER D:\xampp\htdocs\app\Common\Controller\CommonController.class.php 第 13 行.
NOTIC: [8] Undefined index: HTTP_REFERER D:\xampp\htdocs\app\Common\Controller\CommonController.class.php 第 14 行.
SQL: SHOW COLUMNS FROM `sm_sysconfig` [ RunTime:0.0126s ]
SQL: SELECT * FROM `sm_sysconfig` WHERE `aid` IN ('1','17','7','36','37','38','40','41','42','43','44','')  [ RunTime:0.0004s ]

[ 2019-08-08T23:39:17+08:00 ] 47.92.249.4 /index.php
INFO: [ app_init ] --START--
INFO: Run Behavior\BuildLiteBehavior [ RunTime:0.000017s ]
INFO: [ app_init ] --END-- [ RunTime:0.000566s ]
INFO: [ app_begin ] --START--
INFO: Run Behavior\ReadHtmlCacheBehavior [ RunTime:0.000830s ]
INFO: [ app_begin ] --END-- [ RunTime:0.000884s ]
NOTIC: [8] Undefined index: HTTP_REFERER D:\xampp\htdocs\app\Common\Controller\CommonController.class.php 第 13 行.
NOTIC: [8] Undefined index: HTTP_REFERER D:\xampp\htdocs\app\Common\Controller\CommonController.class.php 第 14 行.
SQL: SHOW COLUMNS FROM `sm_sysconfig` [ RunTime:0.0134s ]
SQL: SELECT * FROM `sm_sysconfig` WHERE `aid` IN ('1','17','7','36','37','38','40','41','42','43','44','')  [ RunTime:0.0004s ]

