[ 2019-08-27T00:12:52+08:00 ] 159.65.154.19 /
INFO: [ app_init ] --START--
INFO: Run Behavior\BuildLiteBehavior [ RunTime:0.000013s ]
INFO: [ app_init ] --END-- [ RunTime:0.000359s ]
INFO: [ app_begin ] --START--
INFO: Run Behavior\ReadHtmlCacheBehavior [ RunTime:0.000569s ]
INFO: [ app_begin ] --END-- [ RunTime:0.000618s ]
NOTIC: [8] Undefined index: HTTP_REFERER D:\xampp\htdocs\app\Common\Controller\CommonController.class.php 第 13 行.
NOTIC: [8] Undefined index: HTTP_REFERER D:\xampp\htdocs\app\Common\Controller\CommonController.class.php 第 14 行.
SQL: SHOW COLUMNS FROM `sm_sysconfig` [ RunTime:0.0112s ]
SQL: SELECT * FROM `sm_sysconfig` WHERE `aid` IN ('1','17','7','36','37','38','40','41','42','43','44','')  [ RunTime:0.0004s ]

[ 2019-08-27T02:15:42+08:00 ] 157.61.129.38 /
INFO: [ app_init ] --START--
INFO: Run Behavior\BuildLiteBehavior [ RunTime:0.000014s ]
INFO: [ app_init ] --END-- [ RunTime:0.000378s ]
INFO: [ app_begin ] --START--
INFO: Run Behavior\ReadHtmlCacheBehavior [ RunTime:0.000568s ]
INFO: [ app_begin ] --END-- [ RunTime:0.000617s ]
NOTIC: [8] Undefined index: HTTP_REFERER D:\xampp\htdocs\app\Common\Controller\CommonController.class.php 第 13 行.
NOTIC: [8] Undefined index: HTTP_REFERER D:\xampp\htdocs\app\Common\Controller\CommonController.class.php 第 14 行.
SQL: SHOW COLUMNS FROM `sm_sysconfig` [ RunTime:0.0123s ]
SQL: SELECT * FROM `sm_sysconfig` WHERE `aid` IN ('1','17','7','36','37','38','40','41','42','43','44','')  [ RunTime:0.0004s ]

[ 2019-08-27T02:41:17+08:00 ] 189.152.97.245 /
INFO: [ app_init ] --START--
INFO: Run Behavior\BuildLiteBehavior [ RunTime:0.000014s ]
INFO: [ app_init ] --END-- [ RunTime:0.000367s ]
INFO: [ app_begin ] --START--
INFO: Run Behavior\ReadHtmlCacheBehavior [ RunTime:0.000612s ]
INFO: [ app_begin ] --END-- [ RunTime:0.000663s ]
NOTIC: [8] Undefined index: HTTP_REFERER D:\xampp\htdocs\app\Common\Controller\CommonController.class.php 第 13 行.
NOTIC: [8] Undefined index: HTTP_REFERER D:\xampp\htdocs\app\Common\Controller\CommonController.class.php 第 14 行.
SQL: SHOW COLUMNS FROM `sm_sysconfig` [ RunTime:0.0127s ]
SQL: SELECT * FROM `sm_sysconfig` WHERE `aid` IN ('1','17','7','36','37','38','40','41','42','43','44','')  [ RunTime:0.0004s ]

[ 2019-08-27T03:25:53+08:00 ] 78.187.32.132 /
INFO: [ app_init ] --START--
INFO: Run Behavior\BuildLiteBehavior [ RunTime:0.000013s ]
INFO: [ app_init ] --END-- [ RunTime:0.000356s ]
INFO: [ app_begin ] --START--
INFO: Run Behavior\ReadHtmlCacheBehavior [ RunTime:0.000576s ]
INFO: [ app_begin ] --END-- [ RunTime:0.000625s ]
NOTIC: [8] Undefined index: HTTP_REFERER D:\xampp\htdocs\app\Common\Controller\CommonController.class.php 第 13 行.
NOTIC: [8] Undefined index: HTTP_REFERER D:\xampp\htdocs\app\Common\Controller\CommonController.class.php 第 14 行.
SQL: SHOW COLUMNS FROM `sm_sysconfig` [ RunTime:0.0123s ]
SQL: SELECT * FROM `sm_sysconfig` WHERE `aid` IN ('1','17','7','36','37','38','40','41','42','43','44','')  [ RunTime:0.0004s ]

[ 2019-08-27T03:31:18+08:00 ] 47.101.199.7 /
INFO: [ app_init ] --START--
INFO: Run Behavior\BuildLiteBehavior [ RunTime:0.000014s ]
INFO: [ app_init ] --END-- [ RunTime:0.000362s ]
INFO: [ app_begin ] --START--
INFO: Run Behavior\ReadHtmlCacheBehavior [ RunTime:0.000570s ]
INFO: [ app_begin ] --END-- [ RunTime:0.000620s ]
NOTIC: [8] Undefined index: HTTP_REFERER D:\xampp\htdocs\app\Common\Controller\CommonController.class.php 第 13 行.
NOTIC: [8] Undefined index: HTTP_REFERER D:\xampp\htdocs\app\Common\Controller\CommonController.class.php 第 14 行.
SQL: SHOW COLUMNS FROM `sm_sysconfig` [ RunTime:0.0129s ]
SQL: SELECT * FROM `sm_sysconfig` WHERE `aid` IN ('1','17','7','36','37','38','40','41','42','43','44','')  [ RunTime:0.0004s ]

[ 2019-08-27T03:31:18+08:00 ] 47.101.199.7 /index.php?m=Shop&c=Login&a=login
INFO: [ app_init ] --START--
INFO: Run Behavior\BuildLiteBehavior [ RunTime:0.000013s ]
INFO: [ app_init ] --END-- [ RunTime:0.000303s ]
INFO: [ app_begin ] --START--
INFO: Run Behavior\ReadHtmlCacheBehavior [ RunTime:0.000433s ]
INFO: [ app_begin ] --END-- [ RunTime:0.000480s ]
NOTIC: [8] Undefined index: HTTP_REFERER D:\xampp\htdocs\app\Common\Controller\CommonController.class.php 第 13 行.
NOTIC: [8] Undefined index: HTTP_REFERER D:\xampp\htdocs\app\Common\Controller\CommonController.class.php 第 14 行.
SQL: SHOW COLUMNS FROM `sm_sysconfig` [ RunTime:0.0066s ]
SQL: SELECT * FROM `sm_sysconfig` WHERE `aid` IN ('1','17','7','36','37','38','40','41','42','43','44','')  [ RunTime:0.0004s ]
INFO: [ view_parse ] --START--
INFO: [ template_filter ] --START--
INFO: Run Behavior\ContentReplaceBehavior [ RunTime:0.000072s ]
INFO: [ template_filter ] --END-- [ RunTime:0.000114s ]
INFO: Run Behavior\ParseTemplateBehavior [ RunTime:0.006477s ]
INFO: [ view_parse ] --END-- [ RunTime:0.006524s ]
INFO: [ view_filter ] --START--
INFO: Run Behavior\WriteHtmlCacheBehavior [ RunTime:0.000378s ]
INFO: [ view_filter ] --END-- [ RunTime:0.000414s ]
INFO: [ app_end ] --START--
INFO: Run Behavior\ShowPageTraceBehavior [ RunTime:0.000750s ]
INFO: [ app_end ] --END-- [ RunTime:0.000798s ]

[ 2019-08-27T03:31:19+08:00 ] 47.101.199.7 /index.php?m=Shop&c=Login&a=verify
INFO: [ app_init ] --START--
INFO: Run Behavior\BuildLiteBehavior [ RunTime:0.000013s ]
INFO: [ app_init ] --END-- [ RunTime:0.000364s ]
INFO: [ app_begin ] --START--
INFO: Run Behavior\ReadHtmlCacheBehavior [ RunTime:0.000643s ]
INFO: [ app_begin ] --END-- [ RunTime:0.000693s ]
NOTIC: [8] Undefined index: HTTP_REFERER D:\xampp\htdocs\app\Common\Controller\CommonController.class.php 第 13 行.
NOTIC: [8] Undefined index: HTTP_REFERER D:\xampp\htdocs\app\Common\Controller\CommonController.class.php 第 14 行.
SQL: SHOW COLUMNS FROM `sm_sysconfig` [ RunTime:0.0123s ]
SQL: SELECT * FROM `sm_sysconfig` WHERE `aid` IN ('1','17','7','36','37','38','40','41','42','43','44','')  [ RunTime:0.0004s ]
INFO: [ app_end ] --START--
INFO: Run Behavior\ShowPageTraceBehavior [ RunTime:0.000591s ]
INFO: [ app_end ] --END-- [ RunTime:0.000648s ]

[ 2019-08-27T05:02:14+08:00 ] 139.162.119.197 /
INFO: [ app_init ] --START--
INFO: Run Behavior\BuildLiteBehavior [ RunTime:0.000014s ]
INFO: [ app_init ] --END-- [ RunTime:0.000372s ]
INFO: [ app_begin ] --START--
INFO: Run Behavior\ReadHtmlCacheBehavior [ RunTime:0.000688s ]
INFO: [ app_begin ] --END-- [ RunTime:0.000738s ]
NOTIC: [8] Undefined index: HTTP_REFERER D:\xampp\htdocs\app\Common\Controller\CommonController.class.php 第 13 行.
NOTIC: [8] Undefined index: HTTP_REFERER D:\xampp\htdocs\app\Common\Controller\CommonController.class.php 第 14 行.
SQL: SHOW COLUMNS FROM `sm_sysconfig` [ RunTime:0.0128s ]
SQL: SELECT * FROM `sm_sysconfig` WHERE `aid` IN ('1','17','7','36','37','38','40','41','42','43','44','')  [ RunTime:0.0004s ]

[ 2019-08-27T05:06:50+08:00 ] 128.14.134.170 /
INFO: [ app_init ] --START--
INFO: Run Behavior\BuildLiteBehavior [ RunTime:0.000013s ]
INFO: [ app_init ] --END-- [ RunTime:0.000378s ]
INFO: [ app_begin ] --START--
INFO: Run Behavior\ReadHtmlCacheBehavior [ RunTime:0.000637s ]
INFO: [ app_begin ] --END-- [ RunTime:0.000690s ]
NOTIC: [8] Undefined index: HTTP_REFERER D:\xampp\htdocs\app\Common\Controller\CommonController.class.php 第 13 行.
NOTIC: [8] Undefined index: HTTP_REFERER D:\xampp\htdocs\app\Common\Controller\CommonController.class.php 第 14 行.
SQL: SHOW COLUMNS FROM `sm_sysconfig` [ RunTime:0.0145s ]
SQL: SELECT * FROM `sm_sysconfig` WHERE `aid` IN ('1','17','7','36','37','38','40','41','42','43','44','')  [ RunTime:0.0004s ]

[ 2019-08-27T05:06:50+08:00 ] 128.14.134.170 /index.php?m=Shop&c=Login&a=login
INFO: [ app_init ] --START--
INFO: Run Behavior\BuildLiteBehavior [ RunTime:0.000013s ]
INFO: [ app_init ] --END-- [ RunTime:0.000308s ]
INFO: [ app_begin ] --START--
INFO: Run Behavior\ReadHtmlCacheBehavior [ RunTime:0.000554s ]
INFO: [ app_begin ] --END-- [ RunTime:0.000602s ]
SQL: SHOW COLUMNS FROM `sm_sysconfig` [ RunTime:0.0053s ]
SQL: SELECT * FROM `sm_sysconfig` WHERE `aid` IN ('1','17','7','36','37','38','40','41','42','43','44','')  [ RunTime:0.0003s ]
INFO: [ view_parse ] --START--
INFO: [ template_filter ] --START--
INFO: Run Behavior\ContentReplaceBehavior [ RunTime:0.000070s ]
INFO: [ template_filter ] --END-- [ RunTime:0.000115s ]
INFO: Run Behavior\ParseTemplateBehavior [ RunTime:0.006832s ]
INFO: [ view_parse ] --END-- [ RunTime:0.006888s ]
INFO: [ view_filter ] --START--
INFO: Run Behavior\WriteHtmlCacheBehavior [ RunTime:0.000456s ]
INFO: [ view_filter ] --END-- [ RunTime:0.000494s ]
INFO: [ app_end ] --START--
INFO: Run Behavior\ShowPageTraceBehavior [ RunTime:0.000557s ]
INFO: [ app_end ] --END-- [ RunTime:0.000597s ]

[ 2019-08-27T05:12:19+08:00 ] 186.83.136.53 /
INFO: [ app_init ] --START--
INFO: Run Behavior\BuildLiteBehavior [ RunTime:0.000017s ]
INFO: [ app_init ] --END-- [ RunTime:0.000388s ]
INFO: [ app_begin ] --START--
INFO: Run Behavior\ReadHtmlCacheBehavior [ RunTime:0.000668s ]
INFO: [ app_begin ] --END-- [ RunTime:0.000716s ]
NOTIC: [8] Undefined index: HTTP_REFERER D:\xampp\htdocs\app\Common\Controller\CommonController.class.php 第 13 行.
NOTIC: [8] Undefined index: HTTP_REFERER D:\xampp\htdocs\app\Common\Controller\CommonController.class.php 第 14 行.
SQL: SHOW COLUMNS FROM `sm_sysconfig` [ RunTime:0.0128s ]
SQL: SELECT * FROM `sm_sysconfig` WHERE `aid` IN ('1','17','7','36','37','38','40','41','42','43','44','')  [ RunTime:0.0004s ]

[ 2019-08-27T05:19:38+08:00 ] 183.136.190.62 /
INFO: [ app_init ] --START--
INFO: Run Behavior\BuildLiteBehavior [ RunTime:0.000012s ]
INFO: [ app_init ] --END-- [ RunTime:0.000364s ]
INFO: [ app_begin ] --START--
INFO: Run Behavior\ReadHtmlCacheBehavior [ RunTime:0.000645s ]
INFO: [ app_begin ] --END-- [ RunTime:0.000694s ]
NOTIC: [8] Undefined index: HTTP_REFERER D:\xampp\htdocs\app\Common\Controller\CommonController.class.php 第 13 行.
NOTIC: [8] Undefined index: HTTP_REFERER D:\xampp\htdocs\app\Common\Controller\CommonController.class.php 第 14 行.
SQL: SHOW COLUMNS FROM `sm_sysconfig` [ RunTime:0.0124s ]
SQL: SELECT * FROM `sm_sysconfig` WHERE `aid` IN ('1','17','7','36','37','38','40','41','42','43','44','')  [ RunTime:0.0004s ]

[ 2019-08-27T06:34:17+08:00 ] 46.162.1.42 /
INFO: [ app_init ] --START--
INFO: Run Behavior\BuildLiteBehavior [ RunTime:0.000014s ]
INFO: [ app_init ] --END-- [ RunTime:0.000373s ]
INFO: [ app_begin ] --START--
INFO: Run Behavior\ReadHtmlCacheBehavior [ RunTime:0.000560s ]
INFO: [ app_begin ] --END-- [ RunTime:0.000609s ]
NOTIC: [8] Undefined index: HTTP_REFERER D:\xampp\htdocs\app\Common\Controller\CommonController.class.php 第 13 行.
NOTIC: [8] Undefined index: HTTP_REFERER D:\xampp\htdocs\app\Common\Controller\CommonController.class.php 第 14 行.
SQL: SHOW COLUMNS FROM `sm_sysconfig` [ RunTime:0.0125s ]
SQL: SELECT * FROM `sm_sysconfig` WHERE `aid` IN ('1','17','7','36','37','38','40','41','42','43','44','')  [ RunTime:0.0004s ]

[ 2019-08-27T07:51:26+08:00 ] 177.190.176.41 /
INFO: [ app_init ] --START--
INFO: Run Behavior\BuildLiteBehavior [ RunTime:0.000013s ]
INFO: [ app_init ] --END-- [ RunTime:0.000366s ]
INFO: [ app_begin ] --START--
INFO: Run Behavior\ReadHtmlCacheBehavior [ RunTime:0.000695s ]
INFO: [ app_begin ] --END-- [ RunTime:0.000746s ]
NOTIC: [8] Undefined index: HTTP_REFERER D:\xampp\htdocs\app\Common\Controller\CommonController.class.php 第 13 行.
NOTIC: [8] Undefined index: HTTP_REFERER D:\xampp\htdocs\app\Common\Controller\CommonController.class.php 第 14 行.
SQL: SHOW COLUMNS FROM `sm_sysconfig` [ RunTime:0.0124s ]
SQL: SELECT * FROM `sm_sysconfig` WHERE `aid` IN ('1','17','7','36','37','38','40','41','42','43','44','')  [ RunTime:0.0004s ]

[ 2019-08-27T08:29:29+08:00 ] 107.170.202.101 /
INFO: [ app_init ] --START--
INFO: Run Behavior\BuildLiteBehavior [ RunTime:0.000013s ]
INFO: [ app_init ] --END-- [ RunTime:0.000364s ]
INFO: [ app_begin ] --START--
INFO: Run Behavior\ReadHtmlCacheBehavior [ RunTime:0.000602s ]
INFO: [ app_begin ] --END-- [ RunTime:0.000652s ]
NOTIC: [8] Undefined index: HTTP_REFERER D:\xampp\htdocs\app\Common\Controller\CommonController.class.php 第 13 行.
NOTIC: [8] Undefined index: HTTP_REFERER D:\xampp\htdocs\app\Common\Controller\CommonController.class.php 第 14 行.
SQL: SHOW COLUMNS FROM `sm_sysconfig` [ RunTime:0.0127s ]
SQL: SELECT * FROM `sm_sysconfig` WHERE `aid` IN ('1','17','7','36','37','38','40','41','42','43','44','')  [ RunTime:0.0004s ]

[ 2019-08-27T08:51:59+08:00 ] 47.94.210.245 /index.php
INFO: [ app_init ] --START--
INFO: Run Behavior\BuildLiteBehavior [ RunTime:0.000014s ]
INFO: [ app_init ] --END-- [ RunTime:0.000380s ]
INFO: [ app_begin ] --START--
INFO: Run Behavior\ReadHtmlCacheBehavior [ RunTime:0.000631s ]
INFO: [ app_begin ] --END-- [ RunTime:0.000680s ]
NOTIC: [8] Undefined index: HTTP_REFERER D:\xampp\htdocs\app\Common\Controller\CommonController.class.php 第 13 行.
NOTIC: [8] Undefined index: HTTP_REFERER D:\xampp\htdocs\app\Common\Controller\CommonController.class.php 第 14 行.
SQL: SHOW COLUMNS FROM `sm_sysconfig` [ RunTime:0.0146s ]
SQL: SELECT * FROM `sm_sysconfig` WHERE `aid` IN ('1','17','7','36','37','38','40','41','42','43','44','')  [ RunTime:0.0005s ]

[ 2019-08-27T09:07:38+08:00 ] 13.56.213.64 /
INFO: [ app_init ] --START--
INFO: Run Behavior\BuildLiteBehavior [ RunTime:0.000013s ]
INFO: [ app_init ] --END-- [ RunTime:0.000372s ]
INFO: [ app_begin ] --START--
INFO: Run Behavior\ReadHtmlCacheBehavior [ RunTime:0.000630s ]
INFO: [ app_begin ] --END-- [ RunTime:0.000682s ]
NOTIC: [8] Undefined index: HTTP_REFERER D:\xampp\htdocs\app\Common\Controller\CommonController.class.php 第 13 行.
NOTIC: [8] Undefined index: HTTP_REFERER D:\xampp\htdocs\app\Common\Controller\CommonController.class.php 第 14 行.
SQL: SHOW COLUMNS FROM `sm_sysconfig` [ RunTime:0.0144s ]
SQL: SELECT * FROM `sm_sysconfig` WHERE `aid` IN ('1','17','7','36','37','38','40','41','42','43','44','')  [ RunTime:0.0004s ]

[ 2019-08-27T09:27:36+08:00 ] 34.204.80.175 /
INFO: [ app_init ] --START--
INFO: Run Behavior\BuildLiteBehavior [ RunTime:0.000014s ]
INFO: [ app_init ] --END-- [ RunTime:0.000387s ]
INFO: [ app_begin ] --START--
INFO: Run Behavior\ReadHtmlCacheBehavior [ RunTime:0.000628s ]
INFO: [ app_begin ] --END-- [ RunTime:0.000676s ]
NOTIC: [8] Undefined index: HTTP_REFERER D:\xampp\htdocs\app\Common\Controller\CommonController.class.php 第 13 行.
NOTIC: [8] Undefined index: HTTP_REFERER D:\xampp\htdocs\app\Common\Controller\CommonController.class.php 第 14 行.
SQL: SHOW COLUMNS FROM `sm_sysconfig` [ RunTime:0.0129s ]
SQL: SELECT * FROM `sm_sysconfig` WHERE `aid` IN ('1','17','7','36','37','38','40','41','42','43','44','')  [ RunTime:0.0004s ]

[ 2019-08-27T09:41:31+08:00 ] 47.94.210.245 /index.php
INFO: [ app_init ] --START--
INFO: Run Behavior\BuildLiteBehavior [ RunTime:0.000013s ]
INFO: [ app_init ] --END-- [ RunTime:0.000369s ]
INFO: [ app_begin ] --START--
INFO: Run Behavior\ReadHtmlCacheBehavior [ RunTime:0.000632s ]
INFO: [ app_begin ] --END-- [ RunTime:0.000682s ]
NOTIC: [8] Undefined index: HTTP_REFERER D:\xampp\htdocs\app\Common\Controller\CommonController.class.php 第 13 行.
NOTIC: [8] Undefined index: HTTP_REFERER D:\xampp\htdocs\app\Common\Controller\CommonController.class.php 第 14 行.
SQL: SHOW COLUMNS FROM `sm_sysconfig` [ RunTime:0.0124s ]
SQL: SELECT * FROM `sm_sysconfig` WHERE `aid` IN ('1','17','7','36','37','38','40','41','42','43','44','')  [ RunTime:0.0004s ]

[ 2019-08-27T10:31:42+08:00 ] 47.92.4.72 /
INFO: [ app_init ] --START--
INFO: Run Behavior\BuildLiteBehavior [ RunTime:0.000013s ]
INFO: [ app_init ] --END-- [ RunTime:0.000365s ]
INFO: [ app_begin ] --START--
INFO: Run Behavior\ReadHtmlCacheBehavior [ RunTime:0.000579s ]
INFO: [ app_begin ] --END-- [ RunTime:0.000628s ]
NOTIC: [8] Undefined index: HTTP_REFERER D:\xampp\htdocs\app\Common\Controller\CommonController.class.php 第 13 行.
NOTIC: [8] Undefined index: HTTP_REFERER D:\xampp\htdocs\app\Common\Controller\CommonController.class.php 第 14 行.
SQL: SHOW COLUMNS FROM `sm_sysconfig` [ RunTime:0.0129s ]
SQL: SELECT * FROM `sm_sysconfig` WHERE `aid` IN ('1','17','7','36','37','38','40','41','42','43','44','')  [ RunTime:0.0004s ]

[ 2019-08-27T10:31:42+08:00 ] 47.92.4.72 /index.php?m=Shop&c=Login&a=login
INFO: [ app_init ] --START--
INFO: Run Behavior\BuildLiteBehavior [ RunTime:0.000011s ]
INFO: [ app_init ] --END-- [ RunTime:0.000296s ]
INFO: [ app_begin ] --START--
INFO: Run Behavior\ReadHtmlCacheBehavior [ RunTime:0.000427s ]
INFO: [ app_begin ] --END-- [ RunTime:0.000472s ]
NOTIC: [8] Undefined index: HTTP_REFERER D:\xampp\htdocs\app\Common\Controller\CommonController.class.php 第 13 行.
NOTIC: [8] Undefined index: HTTP_REFERER D:\xampp\htdocs\app\Common\Controller\CommonController.class.php 第 14 行.
SQL: SHOW COLUMNS FROM `sm_sysconfig` [ RunTime:0.0065s ]
SQL: SELECT * FROM `sm_sysconfig` WHERE `aid` IN ('1','17','7','36','37','38','40','41','42','43','44','')  [ RunTime:0.0004s ]
INFO: [ view_parse ] --START--
INFO: [ template_filter ] --START--
INFO: Run Behavior\ContentReplaceBehavior [ RunTime:0.000075s ]
INFO: [ template_filter ] --END-- [ RunTime:0.000117s ]
INFO: Run Behavior\ParseTemplateBehavior [ RunTime:0.029904s ]
INFO: [ view_parse ] --END-- [ RunTime:0.029962s ]
INFO: [ view_filter ] --START--
INFO: Run Behavior\WriteHtmlCacheBehavior [ RunTime:0.000427s ]
INFO: [ view_filter ] --END-- [ RunTime:0.000467s ]
INFO: [ app_end ] --START--
INFO: Run Behavior\ShowPageTraceBehavior [ RunTime:0.000550s ]
INFO: [ app_end ] --END-- [ RunTime:0.000590s ]

[ 2019-08-27T11:07:00+08:00 ] 89.248.174.219 /
INFO: [ app_init ] --START--
INFO: Run Behavior\BuildLiteBehavior [ RunTime:0.000013s ]
INFO: [ app_init ] --END-- [ RunTime:0.000348s ]
INFO: [ app_begin ] --START--
INFO: Run Behavior\ReadHtmlCacheBehavior [ RunTime:0.000547s ]
INFO: [ app_begin ] --END-- [ RunTime:0.000596s ]
NOTIC: [8] Undefined index: HTTP_REFERER D:\xampp\htdocs\app\Common\Controller\CommonController.class.php 第 13 行.
NOTIC: [8] Undefined index: HTTP_REFERER D:\xampp\htdocs\app\Common\Controller\CommonController.class.php 第 14 行.
SQL: SHOW COLUMNS FROM `sm_sysconfig` [ RunTime:0.0127s ]
SQL: SELECT * FROM `sm_sysconfig` WHERE `aid` IN ('1','17','7','36','37','38','40','41','42','43','44','')  [ RunTime:0.0004s ]

[ 2019-08-27T11:17:07+08:00 ] 221.179.144.118 /
INFO: [ app_init ] --START--
INFO: Run Behavior\BuildLiteBehavior [ RunTime:0.000015s ]
INFO: [ app_init ] --END-- [ RunTime:0.000429s ]
INFO: [ app_begin ] --START--
INFO: Run Behavior\ReadHtmlCacheBehavior [ RunTime:0.000641s ]
INFO: [ app_begin ] --END-- [ RunTime:0.000704s ]
NOTIC: [8] Undefined index: HTTP_REFERER D:\xampp\htdocs\app\Common\Controller\CommonController.class.php 第 13 行.
NOTIC: [8] Undefined index: HTTP_REFERER D:\xampp\htdocs\app\Common\Controller\CommonController.class.php 第 14 行.
SQL: SHOW COLUMNS FROM `sm_sysconfig` [ RunTime:0.0136s ]
SQL: SELECT * FROM `sm_sysconfig` WHERE `aid` IN ('1','17','7','36','37','38','40','41','42','43','44','')  [ RunTime:0.0004s ]

[ 2019-08-27T11:17:07+08:00 ] 221.179.144.118 /index.php?m=Shop&c=Login&a=login
INFO: [ app_init ] --START--
INFO: Run Behavior\BuildLiteBehavior [ RunTime:0.000013s ]
INFO: [ app_init ] --END-- [ RunTime:0.000305s ]
INFO: [ app_begin ] --START--
INFO: Run Behavior\ReadHtmlCacheBehavior [ RunTime:0.000554s ]
INFO: [ app_begin ] --END-- [ RunTime:0.000597s ]
NOTIC: [8] Undefined index: HTTP_REFERER D:\xampp\htdocs\app\Common\Controller\CommonController.class.php 第 13 行.
NOTIC: [8] Undefined index: HTTP_REFERER D:\xampp\htdocs\app\Common\Controller\CommonController.class.php 第 14 行.
SQL: SHOW COLUMNS FROM `sm_sysconfig` [ RunTime:0.0052s ]
SQL: SELECT * FROM `sm_sysconfig` WHERE `aid` IN ('1','17','7','36','37','38','40','41','42','43','44','')  [ RunTime:0.0004s ]
INFO: [ view_parse ] --START--
INFO: [ template_filter ] --START--
INFO: Run Behavior\ContentReplaceBehavior [ RunTime:0.000070s ]
INFO: [ template_filter ] --END-- [ RunTime:0.000113s ]
INFO: Run Behavior\ParseTemplateBehavior [ RunTime:0.006763s ]
INFO: [ view_parse ] --END-- [ RunTime:0.006812s ]
INFO: [ view_filter ] --START--
INFO: Run Behavior\WriteHtmlCacheBehavior [ RunTime:0.000425s ]
INFO: [ view_filter ] --END-- [ RunTime:0.000462s ]
INFO: [ app_end ] --START--
INFO: Run Behavior\ShowPageTraceBehavior [ RunTime:0.000610s ]
INFO: [ app_end ] --END-- [ RunTime:0.000648s ]

[ 2019-08-27T11:17:07+08:00 ] 221.179.144.118 /index.php?m=Shop&c=Login&a=verify
INFO: [ app_init ] --START--
INFO: Run Behavior\BuildLiteBehavior [ RunTime:0.000014s ]
INFO: [ app_init ] --END-- [ RunTime:0.000351s ]
INFO: [ app_begin ] --START--
INFO: Run Behavior\ReadHtmlCacheBehavior [ RunTime:0.000587s ]
INFO: [ app_begin ] --END-- [ RunTime:0.000637s ]
NOTIC: [8] Undefined index: HTTP_REFERER D:\xampp\htdocs\app\Common\Controller\CommonController.class.php 第 13 行.
NOTIC: [8] Undefined index: HTTP_REFERER D:\xampp\htdocs\app\Common\Controller\CommonController.class.php 第 14 行.
SQL: SHOW COLUMNS FROM `sm_sysconfig` [ RunTime:0.0061s ]
SQL: SELECT * FROM `sm_sysconfig` WHERE `aid` IN ('1','17','7','36','37','38','40','41','42','43','44','')  [ RunTime:0.0003s ]
INFO: [ app_end ] --START--
INFO: Run Behavior\ShowPageTraceBehavior [ RunTime:0.000566s ]
INFO: [ app_end ] --END-- [ RunTime:0.000616s ]

[ 2019-08-27T12:18:42+08:00 ] 198.143.158.82 /
INFO: [ app_init ] --START--
INFO: Run Behavior\BuildLiteBehavior [ RunTime:0.000014s ]
INFO: [ app_init ] --END-- [ RunTime:0.000387s ]
INFO: [ app_begin ] --START--
INFO: Run Behavior\ReadHtmlCacheBehavior [ RunTime:0.000581s ]
INFO: [ app_begin ] --END-- [ RunTime:0.000630s ]
NOTIC: [8] Undefined index: HTTP_REFERER D:\xampp\htdocs\app\Common\Controller\CommonController.class.php 第 13 行.
NOTIC: [8] Undefined index: HTTP_REFERER D:\xampp\htdocs\app\Common\Controller\CommonController.class.php 第 14 行.
SQL: SHOW COLUMNS FROM `sm_sysconfig` [ RunTime:0.0124s ]
SQL: SELECT * FROM `sm_sysconfig` WHERE `aid` IN ('1','17','7','36','37','38','40','41','42','43','44','')  [ RunTime:0.0004s ]

[ 2019-08-27T12:18:43+08:00 ] 198.143.158.82 /index.php?m=Shop&c=Login&a=login
INFO: [ app_init ] --START--
INFO: Run Behavior\BuildLiteBehavior [ RunTime:0.000012s ]
INFO: [ app_init ] --END-- [ RunTime:0.000303s ]
INFO: [ app_begin ] --START--
INFO: Run Behavior\ReadHtmlCacheBehavior [ RunTime:0.000430s ]
INFO: [ app_begin ] --END-- [ RunTime:0.000474s ]
SQL: SHOW COLUMNS FROM `sm_sysconfig` [ RunTime:0.0115s ]
SQL: SELECT * FROM `sm_sysconfig` WHERE `aid` IN ('1','17','7','36','37','38','40','41','42','43','44','')  [ RunTime:0.0004s ]
INFO: [ view_parse ] --START--
INFO: [ template_filter ] --START--
INFO: Run Behavior\ContentReplaceBehavior [ RunTime:0.000076s ]
INFO: [ template_filter ] --END-- [ RunTime:0.000118s ]
INFO: Run Behavior\ParseTemplateBehavior [ RunTime:0.006972s ]
INFO: [ view_parse ] --END-- [ RunTime:0.007030s ]
INFO: [ view_filter ] --START--
INFO: Run Behavior\WriteHtmlCacheBehavior [ RunTime:0.000450s ]
INFO: [ view_filter ] --END-- [ RunTime:0.000489s ]
INFO: [ app_end ] --START--
INFO: Run Behavior\ShowPageTraceBehavior [ RunTime:0.000517s ]
INFO: [ app_end ] --END-- [ RunTime:0.000555s ]

[ 2019-08-27T12:21:49+08:00 ] 111.10.34.19 /
INFO: [ app_init ] --START--
INFO: Run Behavior\BuildLiteBehavior [ RunTime:0.000012s ]
INFO: [ app_init ] --END-- [ RunTime:0.000348s ]
INFO: [ app_begin ] --START--
INFO: Run Behavior\ReadHtmlCacheBehavior [ RunTime:0.000612s ]
INFO: [ app_begin ] --END-- [ RunTime:0.000659s ]
NOTIC: [8] Undefined index: HTTP_REFERER D:\xampp\htdocs\app\Common\Controller\CommonController.class.php 第 13 行.
NOTIC: [8] Undefined index: HTTP_REFERER D:\xampp\htdocs\app\Common\Controller\CommonController.class.php 第 14 行.
SQL: SHOW COLUMNS FROM `sm_sysconfig` [ RunTime:0.0090s ]
SQL: SELECT * FROM `sm_sysconfig` WHERE `aid` IN ('1','17','7','36','37','38','40','41','42','43','44','')  [ RunTime:0.0005s ]

[ 2019-08-27T12:21:50+08:00 ] 58.144.155.147 /
INFO: [ app_init ] --START--
INFO: Run Behavior\BuildLiteBehavior [ RunTime:0.000012s ]
INFO: [ app_init ] --END-- [ RunTime:0.000305s ]
INFO: [ app_begin ] --START--
INFO: Run Behavior\ReadHtmlCacheBehavior [ RunTime:0.000541s ]
INFO: [ app_begin ] --END-- [ RunTime:0.000595s ]
NOTIC: [8] Undefined index: HTTP_REFERER D:\xampp\htdocs\app\Common\Controller\CommonController.class.php 第 13 行.
NOTIC: [8] Undefined index: HTTP_REFERER D:\xampp\htdocs\app\Common\Controller\CommonController.class.php 第 14 行.
SQL: SHOW COLUMNS FROM `sm_sysconfig` [ RunTime:0.0117s ]
SQL: SELECT * FROM `sm_sysconfig` WHERE `aid` IN ('1','17','7','36','37','38','40','41','42','43','44','')  [ RunTime:0.0004s ]

[ 2019-08-27T12:21:53+08:00 ] 111.10.34.90 /
INFO: [ app_init ] --START--
INFO: Run Behavior\BuildLiteBehavior [ RunTime:0.000012s ]
INFO: [ app_init ] --END-- [ RunTime:0.000315s ]
INFO: [ app_begin ] --START--
INFO: Run Behavior\ReadHtmlCacheBehavior [ RunTime:0.000554s ]
INFO: [ app_begin ] --END-- [ RunTime:0.000601s ]
NOTIC: [8] Undefined index: HTTP_REFERER D:\xampp\htdocs\app\Common\Controller\CommonController.class.php 第 13 行.
NOTIC: [8] Undefined index: HTTP_REFERER D:\xampp\htdocs\app\Common\Controller\CommonController.class.php 第 14 行.
SQL: SHOW COLUMNS FROM `sm_sysconfig` [ RunTime:0.0110s ]
SQL: SELECT * FROM `sm_sysconfig` WHERE `aid` IN ('1','17','7','36','37','38','40','41','42','43','44','')  [ RunTime:0.0004s ]

[ 2019-08-27T12:21:56+08:00 ] 111.10.34.21 /
INFO: [ app_init ] --START--
INFO: Run Behavior\BuildLiteBehavior [ RunTime:0.000012s ]
INFO: [ app_init ] --END-- [ RunTime:0.000352s ]
INFO: [ app_begin ] --START--
INFO: Run Behavior\ReadHtmlCacheBehavior [ RunTime:0.000568s ]
INFO: [ app_begin ] --END-- [ RunTime:0.000617s ]
NOTIC: [8] Undefined index: HTTP_REFERER D:\xampp\htdocs\app\Common\Controller\CommonController.class.php 第 13 行.
NOTIC: [8] Undefined index: HTTP_REFERER D:\xampp\htdocs\app\Common\Controller\CommonController.class.php 第 14 行.
SQL: SHOW COLUMNS FROM `sm_sysconfig` [ RunTime:0.0106s ]
SQL: SELECT * FROM `sm_sysconfig` WHERE `aid` IN ('1','17','7','36','37','38','40','41','42','43','44','')  [ RunTime:0.0003s ]

[ 2019-08-27T12:22:00+08:00 ] 111.10.34.21 /
INFO: [ app_init ] --START--
INFO: Run Behavior\BuildLiteBehavior [ RunTime:0.000013s ]
INFO: [ app_init ] --END-- [ RunTime:0.000306s ]
INFO: [ app_begin ] --START--
INFO: Run Behavior\ReadHtmlCacheBehavior [ RunTime:0.000449s ]
INFO: [ app_begin ] --END-- [ RunTime:0.000495s ]
NOTIC: [8] Undefined index: HTTP_REFERER D:\xampp\htdocs\app\Common\Controller\CommonController.class.php 第 13 行.
NOTIC: [8] Undefined index: HTTP_REFERER D:\xampp\htdocs\app\Common\Controller\CommonController.class.php 第 14 行.
SQL: SHOW COLUMNS FROM `sm_sysconfig` [ RunTime:0.0115s ]
SQL: SELECT * FROM `sm_sysconfig` WHERE `aid` IN ('1','17','7','36','37','38','40','41','42','43','44','')  [ RunTime:0.0004s ]

[ 2019-08-27T12:22:00+08:00 ] 111.10.34.90 /
INFO: [ app_init ] --START--
INFO: Run Behavior\BuildLiteBehavior [ RunTime:0.000015s ]
INFO: [ app_init ] --END-- [ RunTime:0.000379s ]
INFO: [ app_begin ] --START--
INFO: Run Behavior\ReadHtmlCacheBehavior [ RunTime:0.000568s ]
INFO: [ app_begin ] --END-- [ RunTime:0.000615s ]
NOTIC: [8] Undefined index: HTTP_REFERER D:\xampp\htdocs\app\Common\Controller\CommonController.class.php 第 13 行.
NOTIC: [8] Undefined index: HTTP_REFERER D:\xampp\htdocs\app\Common\Controller\CommonController.class.php 第 14 行.
SQL: SHOW COLUMNS FROM `sm_sysconfig` [ RunTime:0.0050s ]
SQL: SELECT * FROM `sm_sysconfig` WHERE `aid` IN ('1','17','7','36','37','38','40','41','42','43','44','')  [ RunTime:0.0003s ]

[ 2019-08-27T12:22:00+08:00 ] 111.10.34.21 /
INFO: [ app_init ] --START--
INFO: Run Behavior\BuildLiteBehavior [ RunTime:0.000014s ]
INFO: [ app_init ] --END-- [ RunTime:0.000363s ]
INFO: [ app_begin ] --START--
INFO: Run Behavior\ReadHtmlCacheBehavior [ RunTime:0.000635s ]
INFO: [ app_begin ] --END-- [ RunTime:0.000683s ]
NOTIC: [8] Undefined index: HTTP_REFERER D:\xampp\htdocs\app\Common\Controller\CommonController.class.php 第 13 行.
NOTIC: [8] Undefined index: HTTP_REFERER D:\xampp\htdocs\app\Common\Controller\CommonController.class.php 第 14 行.
SQL: SHOW COLUMNS FROM `sm_sysconfig` [ RunTime:0.0052s ]
SQL: SELECT * FROM `sm_sysconfig` WHERE `aid` IN ('1','17','7','36','37','38','40','41','42','43','44','')  [ RunTime:0.0003s ]

[ 2019-08-27T12:22:09+08:00 ] 111.10.34.21 /
INFO: [ app_init ] --START--
INFO: Run Behavior\BuildLiteBehavior [ RunTime:0.000011s ]
INFO: [ app_init ] --END-- [ RunTime:0.000297s ]
INFO: [ app_begin ] --START--
INFO: Run Behavior\ReadHtmlCacheBehavior [ RunTime:0.000816s ]
INFO: [ app_begin ] --END-- [ RunTime:0.000866s ]
NOTIC: [8] Undefined index: HTTP_REFERER D:\xampp\htdocs\app\Common\Controller\CommonController.class.php 第 13 行.
NOTIC: [8] Undefined index: HTTP_REFERER D:\xampp\htdocs\app\Common\Controller\CommonController.class.php 第 14 行.
SQL: SHOW COLUMNS FROM `sm_sysconfig` [ RunTime:0.0105s ]
SQL: SELECT * FROM `sm_sysconfig` WHERE `aid` IN ('1','17','7','36','37','38','40','41','42','43','44','')  [ RunTime:0.0003s ]

[ 2019-08-27T12:22:12+08:00 ] 111.10.34.19 /
INFO: [ app_init ] --START--
INFO: Run Behavior\BuildLiteBehavior [ RunTime:0.000012s ]
INFO: [ app_init ] --END-- [ RunTime:0.000301s ]
INFO: [ app_begin ] --START--
INFO: Run Behavior\ReadHtmlCacheBehavior [ RunTime:0.000552s ]
INFO: [ app_begin ] --END-- [ RunTime:0.000598s ]
NOTIC: [8] Undefined index: HTTP_REFERER D:\xampp\htdocs\app\Common\Controller\CommonController.class.php 第 13 行.
NOTIC: [8] Undefined index: HTTP_REFERER D:\xampp\htdocs\app\Common\Controller\CommonController.class.php 第 14 行.
SQL: SHOW COLUMNS FROM `sm_sysconfig` [ RunTime:0.0085s ]
SQL: SELECT * FROM `sm_sysconfig` WHERE `aid` IN ('1','17','7','36','37','38','40','41','42','43','44','')  [ RunTime:0.0004s ]

[ 2019-08-27T12:22:17+08:00 ] 111.10.34.21 /
INFO: [ app_init ] --START--
INFO: Run Behavior\BuildLiteBehavior [ RunTime:0.000017s ]
INFO: [ app_init ] --END-- [ RunTime:0.000396s ]
INFO: [ app_begin ] --START--
INFO: Run Behavior\ReadHtmlCacheBehavior [ RunTime:0.000589s ]
INFO: [ app_begin ] --END-- [ RunTime:0.000636s ]
NOTIC: [8] Undefined index: HTTP_REFERER D:\xampp\htdocs\app\Common\Controller\CommonController.class.php 第 13 行.
NOTIC: [8] Undefined index: HTTP_REFERER D:\xampp\htdocs\app\Common\Controller\CommonController.class.php 第 14 行.
SQL: SHOW COLUMNS FROM `sm_sysconfig` [ RunTime:0.0087s ]
SQL: SELECT * FROM `sm_sysconfig` WHERE `aid` IN ('1','17','7','36','37','38','40','41','42','43','44','')  [ RunTime:0.0004s ]

[ 2019-08-27T12:22:17+08:00 ] 111.10.34.90 /
INFO: [ app_init ] --START--
INFO: Run Behavior\BuildLiteBehavior [ RunTime:0.000012s ]
INFO: [ app_init ] --END-- [ RunTime:0.000317s ]
INFO: [ app_begin ] --START--
INFO: Run Behavior\ReadHtmlCacheBehavior [ RunTime:0.000442s ]
INFO: [ app_begin ] --END-- [ RunTime:0.000487s ]
NOTIC: [8] Undefined index: HTTP_REFERER D:\xampp\htdocs\app\Common\Controller\CommonController.class.php 第 13 行.
NOTIC: [8] Undefined index: HTTP_REFERER D:\xampp\htdocs\app\Common\Controller\CommonController.class.php 第 14 行.
SQL: SHOW COLUMNS FROM `sm_sysconfig` [ RunTime:0.0048s ]
SQL: SELECT * FROM `sm_sysconfig` WHERE `aid` IN ('1','17','7','36','37','38','40','41','42','43','44','')  [ RunTime:0.0003s ]

[ 2019-08-27T12:25:17+08:00 ] 74.82.47.5 /
INFO: [ app_init ] --START--
INFO: Run Behavior\BuildLiteBehavior [ RunTime:0.000013s ]
INFO: [ app_init ] --END-- [ RunTime:0.000351s ]
INFO: [ app_begin ] --START--
INFO: Run Behavior\ReadHtmlCacheBehavior [ RunTime:0.000617s ]
INFO: [ app_begin ] --END-- [ RunTime:0.000676s ]
NOTIC: [8] Undefined index: HTTP_REFERER D:\xampp\htdocs\app\Common\Controller\CommonController.class.php 第 13 行.
NOTIC: [8] Undefined index: HTTP_REFERER D:\xampp\htdocs\app\Common\Controller\CommonController.class.php 第 14 行.
SQL: SHOW COLUMNS FROM `sm_sysconfig` [ RunTime:0.0128s ]
SQL: SELECT * FROM `sm_sysconfig` WHERE `aid` IN ('1','17','7','36','37','38','40','41','42','43','44','')  [ RunTime:0.0004s ]

[ 2019-08-27T12:43:00+08:00 ] 47.101.51.140 /
INFO: [ app_init ] --START--
INFO: Run Behavior\BuildLiteBehavior [ RunTime:0.000013s ]
INFO: [ app_init ] --END-- [ RunTime:0.000366s ]
INFO: [ app_begin ] --START--
INFO: Run Behavior\ReadHtmlCacheBehavior [ RunTime:0.000626s ]
INFO: [ app_begin ] --END-- [ RunTime:0.000674s ]
NOTIC: [8] Undefined index: HTTP_REFERER D:\xampp\htdocs\app\Common\Controller\CommonController.class.php 第 13 行.
NOTIC: [8] Undefined index: HTTP_REFERER D:\xampp\htdocs\app\Common\Controller\CommonController.class.php 第 14 行.
SQL: SHOW COLUMNS FROM `sm_sysconfig` [ RunTime:0.0121s ]
SQL: SELECT * FROM `sm_sysconfig` WHERE `aid` IN ('1','17','7','36','37','38','40','41','42','43','44','')  [ RunTime:0.0004s ]

[ 2019-08-27T12:43:00+08:00 ] 47.101.51.140 /index.php?m=Shop&c=Login&a=login
INFO: [ app_init ] --START--
INFO: Run Behavior\BuildLiteBehavior [ RunTime:0.000011s ]
INFO: [ app_init ] --END-- [ RunTime:0.000292s ]
INFO: [ app_begin ] --START--
INFO: Run Behavior\ReadHtmlCacheBehavior [ RunTime:0.000535s ]
INFO: [ app_begin ] --END-- [ RunTime:0.000581s ]
NOTIC: [8] Undefined index: HTTP_REFERER D:\xampp\htdocs\app\Common\Controller\CommonController.class.php 第 13 行.
NOTIC: [8] Undefined index: HTTP_REFERER D:\xampp\htdocs\app\Common\Controller\CommonController.class.php 第 14 行.
SQL: SHOW COLUMNS FROM `sm_sysconfig` [ RunTime:0.0046s ]
SQL: SELECT * FROM `sm_sysconfig` WHERE `aid` IN ('1','17','7','36','37','38','40','41','42','43','44','')  [ RunTime:0.0003s ]
INFO: [ view_parse ] --START--
INFO: [ template_filter ] --START--
INFO: Run Behavior\ContentReplaceBehavior [ RunTime:0.000065s ]
INFO: [ template_filter ] --END-- [ RunTime:0.000103s ]
INFO: Run Behavior\ParseTemplateBehavior [ RunTime:0.006432s ]
INFO: [ view_parse ] --END-- [ RunTime:0.006477s ]
INFO: [ view_filter ] --START--
INFO: Run Behavior\WriteHtmlCacheBehavior [ RunTime:0.000360s ]
INFO: [ view_filter ] --END-- [ RunTime:0.000396s ]
INFO: [ app_end ] --START--
INFO: Run Behavior\ShowPageTraceBehavior [ RunTime:0.000527s ]
INFO: [ app_end ] --END-- [ RunTime:0.000564s ]

[ 2019-08-27T12:43:01+08:00 ] 47.101.51.140 /index.php?m=Shop&c=Login&a=verify
INFO: [ app_init ] --START--
INFO: Run Behavior\BuildLiteBehavior [ RunTime:0.000013s ]
INFO: [ app_init ] --END-- [ RunTime:0.000309s ]
INFO: [ app_begin ] --START--
INFO: Run Behavior\ReadHtmlCacheBehavior [ RunTime:0.000548s ]
INFO: [ app_begin ] --END-- [ RunTime:0.000592s ]
NOTIC: [8] Undefined index: HTTP_REFERER D:\xampp\htdocs\app\Common\Controller\CommonController.class.php 第 13 行.
NOTIC: [8] Undefined index: HTTP_REFERER D:\xampp\htdocs\app\Common\Controller\CommonController.class.php 第 14 行.
SQL: SHOW COLUMNS FROM `sm_sysconfig` [ RunTime:0.0121s ]
SQL: SELECT * FROM `sm_sysconfig` WHERE `aid` IN ('1','17','7','36','37','38','40','41','42','43','44','')  [ RunTime:0.0004s ]
INFO: [ app_end ] --START--
INFO: Run Behavior\ShowPageTraceBehavior [ RunTime:0.000511s ]
INFO: [ app_end ] --END-- [ RunTime:0.000567s ]

[ 2019-08-27T12:48:52+08:00 ] 103.245.206.49 /
INFO: [ app_init ] --START--
INFO: Run Behavior\BuildLiteBehavior [ RunTime:0.000014s ]
INFO: [ app_init ] --END-- [ RunTime:0.000369s ]
INFO: [ app_begin ] --START--
INFO: Run Behavior\ReadHtmlCacheBehavior [ RunTime:0.000651s ]
INFO: [ app_begin ] --END-- [ RunTime:0.000700s ]
NOTIC: [8] Undefined index: HTTP_REFERER D:\xampp\htdocs\app\Common\Controller\CommonController.class.php 第 13 行.
NOTIC: [8] Undefined index: HTTP_REFERER D:\xampp\htdocs\app\Common\Controller\CommonController.class.php 第 14 行.
SQL: SHOW COLUMNS FROM `sm_sysconfig` [ RunTime:0.0139s ]
SQL: SELECT * FROM `sm_sysconfig` WHERE `aid` IN ('1','17','7','36','37','38','40','41','42','43','44','')  [ RunTime:0.0004s ]

[ 2019-08-27T13:05:32+08:00 ] 45.93.17.149 /
INFO: [ app_init ] --START--
INFO: Run Behavior\BuildLiteBehavior [ RunTime:0.000012s ]
INFO: [ app_init ] --END-- [ RunTime:0.000361s ]
INFO: [ app_begin ] --START--
INFO: Run Behavior\ReadHtmlCacheBehavior [ RunTime:0.000615s ]
INFO: [ app_begin ] --END-- [ RunTime:0.000663s ]
NOTIC: [8] Undefined index: HTTP_REFERER D:\xampp\htdocs\app\Common\Controller\CommonController.class.php 第 13 行.
NOTIC: [8] Undefined index: HTTP_REFERER D:\xampp\htdocs\app\Common\Controller\CommonController.class.php 第 14 行.
SQL: SHOW COLUMNS FROM `sm_sysconfig` [ RunTime:0.0112s ]
SQL: SELECT * FROM `sm_sysconfig` WHERE `aid` IN ('1','17','7','36','37','38','40','41','42','43','44','')  [ RunTime:0.0003s ]

[ 2019-08-27T13:37:10+08:00 ] 59.36.132.222 www.baidu.com:443
INFO: [ app_init ] --START--
INFO: Run Behavior\BuildLiteBehavior [ RunTime:0.000013s ]
INFO: [ app_init ] --END-- [ RunTime:0.000384s ]
INFO: [ app_begin ] --START--
INFO: Run Behavior\ReadHtmlCacheBehavior [ RunTime:0.000569s ]
INFO: [ app_begin ] --END-- [ RunTime:0.000616s ]
NOTIC: [8] Undefined index: HTTP_REFERER D:\xampp\htdocs\app\Common\Controller\CommonController.class.php 第 13 行.
NOTIC: [8] Undefined index: HTTP_REFERER D:\xampp\htdocs\app\Common\Controller\CommonController.class.php 第 14 行.
SQL: SHOW COLUMNS FROM `sm_sysconfig` [ RunTime:0.0121s ]
SQL: SELECT * FROM `sm_sysconfig` WHERE `aid` IN ('1','17','7','36','37','38','40','41','42','43','44','')  [ RunTime:0.0003s ]

[ 2019-08-27T13:37:10+08:00 ] 59.36.132.222 http://www.baidu.com/
INFO: [ app_init ] --START--
INFO: Run Behavior\BuildLiteBehavior [ RunTime:0.000011s ]
INFO: [ app_init ] --END-- [ RunTime:0.000344s ]
INFO: [ app_begin ] --START--
INFO: Run Behavior\ReadHtmlCacheBehavior [ RunTime:0.000644s ]
INFO: [ app_begin ] --END-- [ RunTime:0.000693s ]
NOTIC: [8] Undefined index: HTTP_REFERER D:\xampp\htdocs\app\Common\Controller\CommonController.class.php 第 13 行.
NOTIC: [8] Undefined index: HTTP_REFERER D:\xampp\htdocs\app\Common\Controller\CommonController.class.php 第 14 行.
SQL: SHOW COLUMNS FROM `sm_sysconfig` [ RunTime:0.0048s ]
SQL: SELECT * FROM `sm_sysconfig` WHERE `aid` IN ('1','17','7','36','37','38','40','41','42','43','44','')  [ RunTime:0.0003s ]

[ 2019-08-27T13:42:39+08:00 ] 125.70.2.46 /
INFO: [ app_init ] --START--
INFO: Run Behavior\BuildLiteBehavior [ RunTime:0.000013s ]
INFO: [ app_init ] --END-- [ RunTime:0.000360s ]
INFO: [ app_begin ] --START--
INFO: Run Behavior\ReadHtmlCacheBehavior [ RunTime:0.000644s ]
INFO: [ app_begin ] --END-- [ RunTime:0.000693s ]
NOTIC: [8] Undefined index: HTTP_REFERER D:\xampp\htdocs\app\Common\Controller\CommonController.class.php 第 13 行.
NOTIC: [8] Undefined index: HTTP_REFERER D:\xampp\htdocs\app\Common\Controller\CommonController.class.php 第 14 行.
SQL: SHOW COLUMNS FROM `sm_sysconfig` [ RunTime:0.0125s ]
SQL: SELECT * FROM `sm_sysconfig` WHERE `aid` IN ('1','17','7','36','37','38','40','41','42','43','44','')  [ RunTime:0.0004s ]

[ 2019-08-27T13:43:38+08:00 ] 47.101.200.54 /
INFO: [ app_init ] --START--
INFO: Run Behavior\BuildLiteBehavior [ RunTime:0.000013s ]
INFO: [ app_init ] --END-- [ RunTime:0.000340s ]
INFO: [ app_begin ] --START--
INFO: Run Behavior\ReadHtmlCacheBehavior [ RunTime:0.000594s ]
INFO: [ app_begin ] --END-- [ RunTime:0.000645s ]
NOTIC: [8] Undefined index: HTTP_REFERER D:\xampp\htdocs\app\Common\Controller\CommonController.class.php 第 13 行.
NOTIC: [8] Undefined index: HTTP_REFERER D:\xampp\htdocs\app\Common\Controller\CommonController.class.php 第 14 行.
SQL: SHOW COLUMNS FROM `sm_sysconfig` [ RunTime:0.0124s ]
SQL: SELECT * FROM `sm_sysconfig` WHERE `aid` IN ('1','17','7','36','37','38','40','41','42','43','44','')  [ RunTime:0.0004s ]

[ 2019-08-27T13:43:38+08:00 ] 47.101.200.54 /index.php?m=Shop&c=Login&a=login
INFO: [ app_init ] --START--
INFO: Run Behavior\BuildLiteBehavior [ RunTime:0.000012s ]
INFO: [ app_init ] --END-- [ RunTime:0.000310s ]
INFO: [ app_begin ] --START--
INFO: Run Behavior\ReadHtmlCacheBehavior [ RunTime:0.000564s ]
INFO: [ app_begin ] --END-- [ RunTime:0.000609s ]
NOTIC: [8] Undefined index: HTTP_REFERER D:\xampp\htdocs\app\Common\Controller\CommonController.class.php 第 13 行.
NOTIC: [8] Undefined index: HTTP_REFERER D:\xampp\htdocs\app\Common\Controller\CommonController.class.php 第 14 行.
SQL: SHOW COLUMNS FROM `sm_sysconfig` [ RunTime:0.0046s ]
SQL: SELECT * FROM `sm_sysconfig` WHERE `aid` IN ('1','17','7','36','37','38','40','41','42','43','44','')  [ RunTime:0.0003s ]
INFO: [ view_parse ] --START--
INFO: [ template_filter ] --START--
INFO: Run Behavior\ContentReplaceBehavior [ RunTime:0.000065s ]
INFO: [ template_filter ] --END-- [ RunTime:0.000104s ]
INFO: Run Behavior\ParseTemplateBehavior [ RunTime:0.029740s ]
INFO: [ view_parse ] --END-- [ RunTime:0.029789s ]
INFO: [ view_filter ] --START--
INFO: Run Behavior\WriteHtmlCacheBehavior [ RunTime:0.000442s ]
INFO: [ view_filter ] --END-- [ RunTime:0.000479s ]
INFO: [ app_end ] --START--
INFO: Run Behavior\ShowPageTraceBehavior [ RunTime:0.000517s ]
INFO: [ app_end ] --END-- [ RunTime:0.000555s ]

[ 2019-08-27T13:43:39+08:00 ] 47.101.200.54 /index.php?m=Shop&c=Login&a=verify
INFO: [ app_init ] --START--
INFO: Run Behavior\BuildLiteBehavior [ RunTime:0.000013s ]
INFO: [ app_init ] --END-- [ RunTime:0.000318s ]
INFO: [ app_begin ] --START--
INFO: Run Behavior\ReadHtmlCacheBehavior [ RunTime:0.000561s ]
INFO: [ app_begin ] --END-- [ RunTime:0.000610s ]
NOTIC: [8] Undefined index: HTTP_REFERER D:\xampp\htdocs\app\Common\Controller\CommonController.class.php 第 13 行.
NOTIC: [8] Undefined index: HTTP_REFERER D:\xampp\htdocs\app\Common\Controller\CommonController.class.php 第 14 行.
SQL: SHOW COLUMNS FROM `sm_sysconfig` [ RunTime:0.0115s ]
SQL: SELECT * FROM `sm_sysconfig` WHERE `aid` IN ('1','17','7','36','37','38','40','41','42','43','44','')  [ RunTime:0.0004s ]
INFO: [ app_end ] --START--
INFO: Run Behavior\ShowPageTraceBehavior [ RunTime:0.000493s ]
INFO: [ app_end ] --END-- [ RunTime:0.000544s ]

[ 2019-08-27T13:54:49+08:00 ] 59.36.132.222 www.baidu.com:443
INFO: [ app_init ] --START--
INFO: Run Behavior\BuildLiteBehavior [ RunTime:0.000013s ]
INFO: [ app_init ] --END-- [ RunTime:0.000367s ]
INFO: [ app_begin ] --START--
INFO: Run Behavior\ReadHtmlCacheBehavior [ RunTime:0.000645s ]
INFO: [ app_begin ] --END-- [ RunTime:0.000694s ]
NOTIC: [8] Undefined index: HTTP_REFERER D:\xampp\htdocs\app\Common\Controller\CommonController.class.php 第 13 行.
NOTIC: [8] Undefined index: HTTP_REFERER D:\xampp\htdocs\app\Common\Controller\CommonController.class.php 第 14 行.
SQL: SHOW COLUMNS FROM `sm_sysconfig` [ RunTime:0.0125s ]
SQL: SELECT * FROM `sm_sysconfig` WHERE `aid` IN ('1','17','7','36','37','38','40','41','42','43','44','')  [ RunTime:0.0004s ]

[ 2019-08-27T13:54:49+08:00 ] 59.36.132.222 http://www.baidu.com/
INFO: [ app_init ] --START--
INFO: Run Behavior\BuildLiteBehavior [ RunTime:0.000013s ]
INFO: [ app_init ] --END-- [ RunTime:0.000368s ]
INFO: [ app_begin ] --START--
INFO: Run Behavior\ReadHtmlCacheBehavior [ RunTime:0.000583s ]
INFO: [ app_begin ] --END-- [ RunTime:0.000630s ]
NOTIC: [8] Undefined index: HTTP_REFERER D:\xampp\htdocs\app\Common\Controller\CommonController.class.php 第 13 行.
NOTIC: [8] Undefined index: HTTP_REFERER D:\xampp\htdocs\app\Common\Controller\CommonController.class.php 第 14 行.
SQL: SHOW COLUMNS FROM `sm_sysconfig` [ RunTime:0.0050s ]
SQL: SELECT * FROM `sm_sysconfig` WHERE `aid` IN ('1','17','7','36','37','38','40','41','42','43','44','')  [ RunTime:0.0003s ]

[ 2019-08-27T14:32:42+08:00 ] 91.109.195.255 /
INFO: [ app_init ] --START--
INFO: Run Behavior\BuildLiteBehavior [ RunTime:0.000013s ]
INFO: [ app_init ] --END-- [ RunTime:0.000359s ]
INFO: [ app_begin ] --START--
INFO: Run Behavior\ReadHtmlCacheBehavior [ RunTime:0.000578s ]
INFO: [ app_begin ] --END-- [ RunTime:0.000627s ]
NOTIC: [8] Undefined index: HTTP_REFERER D:\xampp\htdocs\app\Common\Controller\CommonController.class.php 第 13 行.
NOTIC: [8] Undefined index: HTTP_REFERER D:\xampp\htdocs\app\Common\Controller\CommonController.class.php 第 14 行.
SQL: SHOW COLUMNS FROM `sm_sysconfig` [ RunTime:0.0125s ]
SQL: SELECT * FROM `sm_sysconfig` WHERE `aid` IN ('1','17','7','36','37','38','40','41','42','43','44','')  [ RunTime:0.0004s ]

[ 2019-08-27T14:56:09+08:00 ] 95.247.47.84 /
INFO: [ app_init ] --START--
INFO: Run Behavior\BuildLiteBehavior [ RunTime:0.000013s ]
INFO: [ app_init ] --END-- [ RunTime:0.000367s ]
INFO: [ app_begin ] --START--
INFO: Run Behavior\ReadHtmlCacheBehavior [ RunTime:0.000571s ]
INFO: [ app_begin ] --END-- [ RunTime:0.000619s ]
NOTIC: [8] Undefined index: HTTP_REFERER D:\xampp\htdocs\app\Common\Controller\CommonController.class.php 第 13 行.
NOTIC: [8] Undefined index: HTTP_REFERER D:\xampp\htdocs\app\Common\Controller\CommonController.class.php 第 14 行.
SQL: SHOW COLUMNS FROM `sm_sysconfig` [ RunTime:0.0127s ]
SQL: SELECT * FROM `sm_sysconfig` WHERE `aid` IN ('1','17','7','36','37','38','40','41','42','43','44','')  [ RunTime:0.0004s ]

[ 2019-08-27T15:02:52+08:00 ] 14.18.100.220 /
INFO: [ app_init ] --START--
INFO: Run Behavior\BuildLiteBehavior [ RunTime:0.000013s ]
INFO: [ app_init ] --END-- [ RunTime:0.000375s ]
INFO: [ app_begin ] --START--
INFO: Run Behavior\ReadHtmlCacheBehavior [ RunTime:0.000575s ]
INFO: [ app_begin ] --END-- [ RunTime:0.000636s ]
NOTIC: [8] Undefined index: HTTP_REFERER D:\xampp\htdocs\app\Common\Controller\CommonController.class.php 第 13 行.
NOTIC: [8] Undefined index: HTTP_REFERER D:\xampp\htdocs\app\Common\Controller\CommonController.class.php 第 14 行.
SQL: SHOW COLUMNS FROM `sm_sysconfig` [ RunTime:0.0133s ]
SQL: SELECT * FROM `sm_sysconfig` WHERE `aid` IN ('1','17','7','36','37','38','40','41','42','43','44','')  [ RunTime:0.0004s ]

[ 2019-08-27T15:02:52+08:00 ] 14.18.100.220 /index.php?m=Shop&c=Login&a=login
INFO: [ app_init ] --START--
INFO: Run Behavior\BuildLiteBehavior [ RunTime:0.000012s ]
INFO: [ app_init ] --END-- [ RunTime:0.000302s ]
INFO: [ app_begin ] --START--
INFO: Run Behavior\ReadHtmlCacheBehavior [ RunTime:0.000442s ]
INFO: [ app_begin ] --END-- [ RunTime:0.000490s ]
SQL: SHOW COLUMNS FROM `sm_sysconfig` [ RunTime:0.0048s ]
SQL: SELECT * FROM `sm_sysconfig` WHERE `aid` IN ('1','17','7','36','37','38','40','41','42','43','44','')  [ RunTime:0.0003s ]
INFO: [ view_parse ] --START--
INFO: [ template_filter ] --START--
INFO: Run Behavior\ContentReplaceBehavior [ RunTime:0.000069s ]
INFO: [ template_filter ] --END-- [ RunTime:0.000108s ]
INFO: Run Behavior\ParseTemplateBehavior [ RunTime:0.007017s ]
INFO: [ view_parse ] --END-- [ RunTime:0.007067s ]
INFO: [ view_filter ] --START--
INFO: Run Behavior\WriteHtmlCacheBehavior [ RunTime:0.000449s ]
INFO: [ view_filter ] --END-- [ RunTime:0.000488s ]
INFO: [ app_end ] --START--
INFO: Run Behavior\ShowPageTraceBehavior [ RunTime:0.000565s ]
INFO: [ app_end ] --END-- [ RunTime:0.000604s ]

[ 2019-08-27T15:08:13+08:00 ] 60.191.52.254 http://112.124.42.80:63435/
INFO: [ app_init ] --START--
INFO: Run Behavior\BuildLiteBehavior [ RunTime:0.000014s ]
INFO: [ app_init ] --END-- [ RunTime:0.000365s ]
INFO: [ app_begin ] --START--
INFO: Run Behavior\ReadHtmlCacheBehavior [ RunTime:0.000636s ]
INFO: [ app_begin ] --END-- [ RunTime:0.000686s ]
NOTIC: [8] Undefined index: HTTP_REFERER D:\xampp\htdocs\app\Common\Controller\CommonController.class.php 第 13 行.
NOTIC: [8] Undefined index: HTTP_REFERER D:\xampp\htdocs\app\Common\Controller\CommonController.class.php 第 14 行.
SQL: SHOW COLUMNS FROM `sm_sysconfig` [ RunTime:0.0127s ]
SQL: SELECT * FROM `sm_sysconfig` WHERE `aid` IN ('1','17','7','36','37','38','40','41','42','43','44','')  [ RunTime:0.0004s ]

[ 2019-08-27T15:08:13+08:00 ] 60.191.52.254 http://112.124.42.80:63435/index.php?m=Shop&c=Login&a=login
INFO: [ app_init ] --START--
INFO: Run Behavior\BuildLiteBehavior [ RunTime:0.000012s ]
INFO: [ app_init ] --END-- [ RunTime:0.000303s ]
INFO: [ app_begin ] --START--
INFO: Run Behavior\ReadHtmlCacheBehavior [ RunTime:0.000549s ]
INFO: [ app_begin ] --END-- [ RunTime:0.000596s ]
NOTIC: [8] Undefined index: HTTP_REFERER D:\xampp\htdocs\app\Common\Controller\CommonController.class.php 第 13 行.
NOTIC: [8] Undefined index: HTTP_REFERER D:\xampp\htdocs\app\Common\Controller\CommonController.class.php 第 14 行.
SQL: SHOW COLUMNS FROM `sm_sysconfig` [ RunTime:0.0047s ]
SQL: SELECT * FROM `sm_sysconfig` WHERE `aid` IN ('1','17','7','36','37','38','40','41','42','43','44','')  [ RunTime:0.0003s ]
INFO: [ view_parse ] --START--
INFO: [ template_filter ] --START--
INFO: Run Behavior\ContentReplaceBehavior [ RunTime:0.000067s ]
INFO: [ template_filter ] --END-- [ RunTime:0.000106s ]
INFO: Run Behavior\ParseTemplateBehavior [ RunTime:0.006434s ]
INFO: [ view_parse ] --END-- [ RunTime:0.006478s ]
INFO: [ view_filter ] --START--
INFO: Run Behavior\WriteHtmlCacheBehavior [ RunTime:0.000346s ]
INFO: [ view_filter ] --END-- [ RunTime:0.000381s ]
INFO: [ app_end ] --START--
INFO: Run Behavior\ShowPageTraceBehavior [ RunTime:0.000520s ]
INFO: [ app_end ] --END-- [ RunTime:0.000556s ]

[ 2019-08-27T15:17:46+08:00 ] 60.191.38.78 /
INFO: [ app_init ] --START--
INFO: Run Behavior\BuildLiteBehavior [ RunTime:0.000013s ]
INFO: [ app_init ] --END-- [ RunTime:0.000363s ]
INFO: [ app_begin ] --START--
INFO: Run Behavior\ReadHtmlCacheBehavior [ RunTime:0.000587s ]
INFO: [ app_begin ] --END-- [ RunTime:0.000636s ]
NOTIC: [8] Undefined index: HTTP_REFERER D:\xampp\htdocs\app\Common\Controller\CommonController.class.php 第 13 行.
NOTIC: [8] Undefined index: HTTP_REFERER D:\xampp\htdocs\app\Common\Controller\CommonController.class.php 第 14 行.
SQL: SHOW COLUMNS FROM `sm_sysconfig` [ RunTime:0.0127s ]
SQL: SELECT * FROM `sm_sysconfig` WHERE `aid` IN ('1','17','7','36','37','38','40','41','42','43','44','')  [ RunTime:0.0004s ]

[ 2019-08-27T15:17:46+08:00 ] 60.191.38.78 /index.php?m=Shop&c=Login&a=login
INFO: [ app_init ] --START--
INFO: Run Behavior\BuildLiteBehavior [ RunTime:0.000013s ]
INFO: [ app_init ] --END-- [ RunTime:0.000329s ]
INFO: [ app_begin ] --START--
INFO: Run Behavior\ReadHtmlCacheBehavior [ RunTime:0.000462s ]
INFO: [ app_begin ] --END-- [ RunTime:0.000510s ]
NOTIC: [8] Undefined index: HTTP_REFERER D:\xampp\htdocs\app\Common\Controller\CommonController.class.php 第 13 行.
NOTIC: [8] Undefined index: HTTP_REFERER D:\xampp\htdocs\app\Common\Controller\CommonController.class.php 第 14 行.
SQL: SHOW COLUMNS FROM `sm_sysconfig` [ RunTime:0.0057s ]
SQL: SELECT * FROM `sm_sysconfig` WHERE `aid` IN ('1','17','7','36','37','38','40','41','42','43','44','')  [ RunTime:0.0003s ]
INFO: [ view_parse ] --START--
INFO: [ template_filter ] --START--
INFO: Run Behavior\ContentReplaceBehavior [ RunTime:0.000066s ]
INFO: [ template_filter ] --END-- [ RunTime:0.000107s ]
INFO: Run Behavior\ParseTemplateBehavior [ RunTime:0.006983s ]
INFO: [ view_parse ] --END-- [ RunTime:0.007030s ]
INFO: [ view_filter ] --START--
INFO: Run Behavior\WriteHtmlCacheBehavior [ RunTime:0.000443s ]
INFO: [ view_filter ] --END-- [ RunTime:0.000481s ]
INFO: [ app_end ] --START--
INFO: Run Behavior\ShowPageTraceBehavior [ RunTime:0.000522s ]
INFO: [ app_end ] --END-- [ RunTime:0.000560s ]

[ 2019-08-27T15:52:41+08:00 ] 183.136.190.62 /
INFO: [ app_init ] --START--
INFO: Run Behavior\BuildLiteBehavior [ RunTime:0.000013s ]
INFO: [ app_init ] --END-- [ RunTime:0.000376s ]
INFO: [ app_begin ] --START--
INFO: Run Behavior\ReadHtmlCacheBehavior [ RunTime:0.000575s ]
INFO: [ app_begin ] --END-- [ RunTime:0.000623s ]
NOTIC: [8] Undefined index: HTTP_REFERER D:\xampp\htdocs\app\Common\Controller\CommonController.class.php 第 13 行.
NOTIC: [8] Undefined index: HTTP_REFERER D:\xampp\htdocs\app\Common\Controller\CommonController.class.php 第 14 行.
SQL: SHOW COLUMNS FROM `sm_sysconfig` [ RunTime:0.0128s ]
SQL: SELECT * FROM `sm_sysconfig` WHERE `aid` IN ('1','17','7','36','37','38','40','41','42','43','44','')  [ RunTime:0.0004s ]

[ 2019-08-27T16:48:57+08:00 ] 34.76.194.106 /
INFO: [ app_init ] --START--
INFO: Run Behavior\BuildLiteBehavior [ RunTime:0.000014s ]
INFO: [ app_init ] --END-- [ RunTime:0.000402s ]
INFO: [ app_begin ] --START--
INFO: Run Behavior\ReadHtmlCacheBehavior [ RunTime:0.000647s ]
INFO: [ app_begin ] --END-- [ RunTime:0.000697s ]
NOTIC: [8] Undefined index: HTTP_REFERER D:\xampp\htdocs\app\Common\Controller\CommonController.class.php 第 13 行.
NOTIC: [8] Undefined index: HTTP_REFERER D:\xampp\htdocs\app\Common\Controller\CommonController.class.php 第 14 行.
SQL: SHOW COLUMNS FROM `sm_sysconfig` [ RunTime:0.0129s ]
SQL: SELECT * FROM `sm_sysconfig` WHERE `aid` IN ('1','17','7','36','37','38','40','41','42','43','44','')  [ RunTime:0.0004s ]

[ 2019-08-27T17:41:11+08:00 ] 34.67.112.243 /
INFO: [ app_init ] --START--
INFO: Run Behavior\BuildLiteBehavior [ RunTime:0.000013s ]
INFO: [ app_init ] --END-- [ RunTime:0.000359s ]
INFO: [ app_begin ] --START--
INFO: Run Behavior\ReadHtmlCacheBehavior [ RunTime:0.000649s ]
INFO: [ app_begin ] --END-- [ RunTime:0.000698s ]
NOTIC: [8] Undefined index: HTTP_REFERER D:\xampp\htdocs\app\Common\Controller\CommonController.class.php 第 13 行.
NOTIC: [8] Undefined index: HTTP_REFERER D:\xampp\htdocs\app\Common\Controller\CommonController.class.php 第 14 行.
SQL: SHOW COLUMNS FROM `sm_sysconfig` [ RunTime:0.0130s ]
SQL: SELECT * FROM `sm_sysconfig` WHERE `aid` IN ('1','17','7','36','37','38','40','41','42','43','44','')  [ RunTime:0.0004s ]

[ 2019-08-27T17:59:13+08:00 ] 169.197.108.42 /
INFO: [ app_init ] --START--
INFO: Run Behavior\BuildLiteBehavior [ RunTime:0.000014s ]
INFO: [ app_init ] --END-- [ RunTime:0.000401s ]
INFO: [ app_begin ] --START--
INFO: Run Behavior\ReadHtmlCacheBehavior [ RunTime:0.000562s ]
INFO: [ app_begin ] --END-- [ RunTime:0.000613s ]
NOTIC: [8] Undefined index: HTTP_REFERER D:\xampp\htdocs\app\Common\Controller\CommonController.class.php 第 13 行.
NOTIC: [8] Undefined index: HTTP_REFERER D:\xampp\htdocs\app\Common\Controller\CommonController.class.php 第 14 行.
SQL: SHOW COLUMNS FROM `sm_sysconfig` [ RunTime:0.0129s ]
SQL: SELECT * FROM `sm_sysconfig` WHERE `aid` IN ('1','17','7','36','37','38','40','41','42','43','44','')  [ RunTime:0.0004s ]

[ 2019-08-27T18:07:30+08:00 ] 174.114.141.174 /
INFO: [ app_init ] --START--
INFO: Run Behavior\BuildLiteBehavior [ RunTime:0.000013s ]
INFO: [ app_init ] --END-- [ RunTime:0.000344s ]
INFO: [ app_begin ] --START--
INFO: Run Behavior\ReadHtmlCacheBehavior [ RunTime:0.000622s ]
INFO: [ app_begin ] --END-- [ RunTime:0.000669s ]
NOTIC: [8] Undefined index: HTTP_REFERER D:\xampp\htdocs\app\Common\Controller\CommonController.class.php 第 13 行.
NOTIC: [8] Undefined index: HTTP_REFERER D:\xampp\htdocs\app\Common\Controller\CommonController.class.php 第 14 行.
SQL: SHOW COLUMNS FROM `sm_sysconfig` [ RunTime:0.0132s ]
SQL: SELECT * FROM `sm_sysconfig` WHERE `aid` IN ('1','17','7','36','37','38','40','41','42','43','44','')  [ RunTime:0.0004s ]

[ 2019-08-27T18:17:20+08:00 ] 193.107.98.135 /
INFO: [ app_init ] --START--
INFO: Run Behavior\BuildLiteBehavior [ RunTime:0.000013s ]
INFO: [ app_init ] --END-- [ RunTime:0.000359s ]
INFO: [ app_begin ] --START--
INFO: Run Behavior\ReadHtmlCacheBehavior [ RunTime:0.000641s ]
INFO: [ app_begin ] --END-- [ RunTime:0.000688s ]
NOTIC: [8] Undefined index: HTTP_REFERER D:\xampp\htdocs\app\Common\Controller\CommonController.class.php 第 13 行.
NOTIC: [8] Undefined index: HTTP_REFERER D:\xampp\htdocs\app\Common\Controller\CommonController.class.php 第 14 行.
SQL: SHOW COLUMNS FROM `sm_sysconfig` [ RunTime:0.0125s ]
SQL: SELECT * FROM `sm_sysconfig` WHERE `aid` IN ('1','17','7','36','37','38','40','41','42','43','44','')  [ RunTime:0.0004s ]

[ 2019-08-27T18:39:08+08:00 ] 47.101.191.143 /
INFO: [ app_init ] --START--
INFO: Run Behavior\BuildLiteBehavior [ RunTime:0.000014s ]
INFO: [ app_init ] --END-- [ RunTime:0.000358s ]
INFO: [ app_begin ] --START--
INFO: Run Behavior\ReadHtmlCacheBehavior [ RunTime:0.000656s ]
INFO: [ app_begin ] --END-- [ RunTime:0.000703s ]
NOTIC: [8] Undefined index: HTTP_REFERER D:\xampp\htdocs\app\Common\Controller\CommonController.class.php 第 13 行.
NOTIC: [8] Undefined index: HTTP_REFERER D:\xampp\htdocs\app\Common\Controller\CommonController.class.php 第 14 行.
SQL: SHOW COLUMNS FROM `sm_sysconfig` [ RunTime:0.0134s ]
SQL: SELECT * FROM `sm_sysconfig` WHERE `aid` IN ('1','17','7','36','37','38','40','41','42','43','44','')  [ RunTime:0.0004s ]

[ 2019-08-27T18:39:08+08:00 ] 47.101.191.143 /index.php?m=Shop&c=Login&a=login
INFO: [ app_init ] --START--
INFO: Run Behavior\BuildLiteBehavior [ RunTime:0.000012s ]
INFO: [ app_init ] --END-- [ RunTime:0.000322s ]
INFO: [ app_begin ] --START--
INFO: Run Behavior\ReadHtmlCacheBehavior [ RunTime:0.000572s ]
INFO: [ app_begin ] --END-- [ RunTime:0.000621s ]
NOTIC: [8] Undefined index: HTTP_REFERER D:\xampp\htdocs\app\Common\Controller\CommonController.class.php 第 13 行.
NOTIC: [8] Undefined index: HTTP_REFERER D:\xampp\htdocs\app\Common\Controller\CommonController.class.php 第 14 行.
SQL: SHOW COLUMNS FROM `sm_sysconfig` [ RunTime:0.0061s ]
SQL: SELECT * FROM `sm_sysconfig` WHERE `aid` IN ('1','17','7','36','37','38','40','41','42','43','44','')  [ RunTime:0.0003s ]
INFO: [ view_parse ] --START--
INFO: [ template_filter ] --START--
INFO: Run Behavior\ContentReplaceBehavior [ RunTime:0.000069s ]
INFO: [ template_filter ] --END-- [ RunTime:0.000115s ]
INFO: Run Behavior\ParseTemplateBehavior [ RunTime:0.007182s ]
INFO: [ view_parse ] --END-- [ RunTime:0.007238s ]
INFO: [ view_filter ] --START--
INFO: Run Behavior\WriteHtmlCacheBehavior [ RunTime:0.000381s ]
INFO: [ view_filter ] --END-- [ RunTime:0.000421s ]
INFO: [ app_end ] --START--
INFO: Run Behavior\ShowPageTraceBehavior [ RunTime:0.000560s ]
INFO: [ app_end ] --END-- [ RunTime:0.000598s ]

[ 2019-08-27T18:39:09+08:00 ] 47.101.191.143 /index.php?m=Shop&c=Login&a=verify
INFO: [ app_init ] --START--
INFO: Run Behavior\BuildLiteBehavior [ RunTime:0.000013s ]
INFO: [ app_init ] --END-- [ RunTime:0.000365s ]
INFO: [ app_begin ] --START--
INFO: Run Behavior\ReadHtmlCacheBehavior [ RunTime:0.000599s ]
INFO: [ app_begin ] --END-- [ RunTime:0.000650s ]
NOTIC: [8] Undefined index: HTTP_REFERER D:\xampp\htdocs\app\Common\Controller\CommonController.class.php 第 13 行.
NOTIC: [8] Undefined index: HTTP_REFERER D:\xampp\htdocs\app\Common\Controller\CommonController.class.php 第 14 行.
SQL: SHOW COLUMNS FROM `sm_sysconfig` [ RunTime:0.0130s ]
SQL: SELECT * FROM `sm_sysconfig` WHERE `aid` IN ('1','17','7','36','37','38','40','41','42','43','44','')  [ RunTime:0.0004s ]
INFO: [ app_end ] --START--
INFO: Run Behavior\ShowPageTraceBehavior [ RunTime:0.000595s ]
INFO: [ app_end ] --END-- [ RunTime:0.000649s ]

[ 2019-08-27T19:02:13+08:00 ] 193.32.161.130 /
INFO: [ app_init ] --START--
INFO: Run Behavior\BuildLiteBehavior [ RunTime:0.000014s ]
INFO: [ app_init ] --END-- [ RunTime:0.000438s ]
INFO: [ app_begin ] --START--
INFO: Run Behavior\ReadHtmlCacheBehavior [ RunTime:0.000546s ]
INFO: [ app_begin ] --END-- [ RunTime:0.000595s ]
NOTIC: [8] Undefined index: HTTP_REFERER D:\xampp\htdocs\app\Common\Controller\CommonController.class.php 第 13 行.
NOTIC: [8] Undefined index: HTTP_REFERER D:\xampp\htdocs\app\Common\Controller\CommonController.class.php 第 14 行.
SQL: SHOW COLUMNS FROM `sm_sysconfig` [ RunTime:0.0153s ]
SQL: SELECT * FROM `sm_sysconfig` WHERE `aid` IN ('1','17','7','36','37','38','40','41','42','43','44','')  [ RunTime:0.0004s ]

[ 2019-08-27T19:02:13+08:00 ] 193.32.161.130 /index.php?m=Shop&c=Login&a=login
INFO: [ app_init ] --START--
INFO: Run Behavior\BuildLiteBehavior [ RunTime:0.000013s ]
INFO: [ app_init ] --END-- [ RunTime:0.000308s ]
INFO: [ app_begin ] --START--
INFO: Run Behavior\ReadHtmlCacheBehavior [ RunTime:0.000432s ]
INFO: [ app_begin ] --END-- [ RunTime:0.000482s ]
NOTIC: [8] Undefined index: HTTP_REFERER D:\xampp\htdocs\app\Common\Controller\CommonController.class.php 第 13 行.
NOTIC: [8] Undefined index: HTTP_REFERER D:\xampp\htdocs\app\Common\Controller\CommonController.class.php 第 14 行.
SQL: SHOW COLUMNS FROM `sm_sysconfig` [ RunTime:0.0055s ]
SQL: SELECT * FROM `sm_sysconfig` WHERE `aid` IN ('1','17','7','36','37','38','40','41','42','43','44','')  [ RunTime:0.0004s ]
INFO: [ view_parse ] --START--
INFO: [ template_filter ] --START--
INFO: Run Behavior\ContentReplaceBehavior [ RunTime:0.000080s ]
INFO: [ template_filter ] --END-- [ RunTime:0.000123s ]
INFO: Run Behavior\ParseTemplateBehavior [ RunTime:0.007029s ]
INFO: [ view_parse ] --END-- [ RunTime:0.007080s ]
INFO: [ view_filter ] --START--
INFO: Run Behavior\WriteHtmlCacheBehavior [ RunTime:0.000495s ]
INFO: [ view_filter ] --END-- [ RunTime:0.000534s ]
INFO: [ app_end ] --START--
INFO: Run Behavior\ShowPageTraceBehavior [ RunTime:0.000521s ]
INFO: [ app_end ] --END-- [ RunTime:0.000559s ]

[ 2019-08-27T19:30:16+08:00 ] 47.101.192.177 /
INFO: [ app_init ] --START--
INFO: Run Behavior\BuildLiteBehavior [ RunTime:0.000018s ]
INFO: [ app_init ] --END-- [ RunTime:0.009625s ]
INFO: [ app_begin ] --START--
INFO: Run Behavior\ReadHtmlCacheBehavior [ RunTime:0.012935s ]
INFO: [ app_begin ] --END-- [ RunTime:0.012995s ]
NOTIC: [8] Undefined index: HTTP_REFERER D:\xampp\htdocs\app\Common\Controller\CommonController.class.php 第 13 行.
NOTIC: [8] Undefined index: HTTP_REFERER D:\xampp\htdocs\app\Common\Controller\CommonController.class.php 第 14 行.
SQL: SHOW COLUMNS FROM `sm_sysconfig` [ RunTime:0.0122s ]
SQL: SELECT * FROM `sm_sysconfig` WHERE `aid` IN ('1','17','7','36','37','38','40','41','42','43','44','')  [ RunTime:0.0004s ]

[ 2019-08-27T19:30:16+08:00 ] 47.101.192.177 /index.php?m=Shop&c=Login&a=login
INFO: [ app_init ] --START--
INFO: Run Behavior\BuildLiteBehavior [ RunTime:0.000013s ]
INFO: [ app_init ] --END-- [ RunTime:0.000304s ]
INFO: [ app_begin ] --START--
INFO: Run Behavior\ReadHtmlCacheBehavior [ RunTime:0.000579s ]
INFO: [ app_begin ] --END-- [ RunTime:0.000626s ]
NOTIC: [8] Undefined index: HTTP_REFERER D:\xampp\htdocs\app\Common\Controller\CommonController.class.php 第 13 行.
NOTIC: [8] Undefined index: HTTP_REFERER D:\xampp\htdocs\app\Common\Controller\CommonController.class.php 第 14 行.
SQL: SHOW COLUMNS FROM `sm_sysconfig` [ RunTime:0.0055s ]
SQL: SELECT * FROM `sm_sysconfig` WHERE `aid` IN ('1','17','7','36','37','38','40','41','42','43','44','')  [ RunTime:0.0003s ]
INFO: [ view_parse ] --START--
INFO: [ template_filter ] --START--
INFO: Run Behavior\ContentReplaceBehavior [ RunTime:0.000077s ]
INFO: [ template_filter ] --END-- [ RunTime:0.000138s ]
INFO: Run Behavior\ParseTemplateBehavior [ RunTime:0.098866s ]
INFO: [ view_parse ] --END-- [ RunTime:0.098931s ]
INFO: [ view_filter ] --START--
INFO: Run Behavior\WriteHtmlCacheBehavior [ RunTime:0.008008s ]
INFO: [ view_filter ] --END-- [ RunTime:0.008059s ]
INFO: [ app_end ] --START--
INFO: Run Behavior\ShowPageTraceBehavior [ RunTime:0.007700s ]
INFO: [ app_end ] --END-- [ RunTime:0.007745s ]

[ 2019-08-27T19:30:17+08:00 ] 47.101.192.177 /index.php?m=Shop&c=Login&a=verify
INFO: [ app_init ] --START--
INFO: Run Behavior\BuildLiteBehavior [ RunTime:0.000013s ]
INFO: [ app_init ] --END-- [ RunTime:0.000367s ]
INFO: [ app_begin ] --START--
INFO: Run Behavior\ReadHtmlCacheBehavior [ RunTime:0.000631s ]
INFO: [ app_begin ] --END-- [ RunTime:0.000679s ]
NOTIC: [8] Undefined index: HTTP_REFERER D:\xampp\htdocs\app\Common\Controller\CommonController.class.php 第 13 行.
NOTIC: [8] Undefined index: HTTP_REFERER D:\xampp\htdocs\app\Common\Controller\CommonController.class.php 第 14 行.
SQL: SHOW COLUMNS FROM `sm_sysconfig` [ RunTime:0.0121s ]
SQL: SELECT * FROM `sm_sysconfig` WHERE `aid` IN ('1','17','7','36','37','38','40','41','42','43','44','')  [ RunTime:0.0004s ]
INFO: [ app_end ] --START--
INFO: Run Behavior\ShowPageTraceBehavior [ RunTime:0.000620s ]
INFO: [ app_end ] --END-- [ RunTime:0.000685s ]

[ 2019-08-27T19:30:26+08:00 ] 103.53.110.23 /
INFO: [ app_init ] --START--
INFO: Run Behavior\BuildLiteBehavior [ RunTime:0.000013s ]
INFO: [ app_init ] --END-- [ RunTime:0.000343s ]
INFO: [ app_begin ] --START--
INFO: Run Behavior\ReadHtmlCacheBehavior [ RunTime:0.000595s ]
INFO: [ app_begin ] --END-- [ RunTime:0.000642s ]
NOTIC: [8] Undefined index: HTTP_REFERER D:\xampp\htdocs\app\Common\Controller\CommonController.class.php 第 13 行.
NOTIC: [8] Undefined index: HTTP_REFERER D:\xampp\htdocs\app\Common\Controller\CommonController.class.php 第 14 行.
SQL: SHOW COLUMNS FROM `sm_sysconfig` [ RunTime:0.0131s ]
SQL: SELECT * FROM `sm_sysconfig` WHERE `aid` IN ('1','17','7','36','37','38','40','41','42','43','44','')  [ RunTime:0.0004s ]

[ 2019-08-27T19:34:36+08:00 ] 90.145.46.124 /
INFO: [ app_init ] --START--
INFO: Run Behavior\BuildLiteBehavior [ RunTime:0.000013s ]
INFO: [ app_init ] --END-- [ RunTime:0.000354s ]
INFO: [ app_begin ] --START--
INFO: Run Behavior\ReadHtmlCacheBehavior [ RunTime:0.000626s ]
INFO: [ app_begin ] --END-- [ RunTime:0.000672s ]
NOTIC: [8] Undefined index: HTTP_REFERER D:\xampp\htdocs\app\Common\Controller\CommonController.class.php 第 13 行.
NOTIC: [8] Undefined index: HTTP_REFERER D:\xampp\htdocs\app\Common\Controller\CommonController.class.php 第 14 行.
SQL: SHOW COLUMNS FROM `sm_sysconfig` [ RunTime:0.0137s ]
SQL: SELECT * FROM `sm_sysconfig` WHERE `aid` IN ('1','17','7','36','37','38','40','41','42','43','44','')  [ RunTime:0.0004s ]

[ 2019-08-27T20:02:13+08:00 ] 103.19.211.182 /
INFO: [ app_init ] --START--
INFO: Run Behavior\BuildLiteBehavior [ RunTime:0.000014s ]
INFO: [ app_init ] --END-- [ RunTime:0.000372s ]
INFO: [ app_begin ] --START--
INFO: Run Behavior\ReadHtmlCacheBehavior [ RunTime:0.000576s ]
INFO: [ app_begin ] --END-- [ RunTime:0.000627s ]
NOTIC: [8] Undefined index: HTTP_REFERER D:\xampp\htdocs\app\Common\Controller\CommonController.class.php 第 13 行.
NOTIC: [8] Undefined index: HTTP_REFERER D:\xampp\htdocs\app\Common\Controller\CommonController.class.php 第 14 行.
SQL: SHOW COLUMNS FROM `sm_sysconfig` [ RunTime:0.0137s ]
SQL: SELECT * FROM `sm_sysconfig` WHERE `aid` IN ('1','17','7','36','37','38','40','41','42','43','44','')  [ RunTime:0.0004s ]

[ 2019-08-27T21:14:29+08:00 ] 47.98.156.177 /index.php
INFO: [ app_init ] --START--
INFO: Run Behavior\BuildLiteBehavior [ RunTime:0.000013s ]
INFO: [ app_init ] --END-- [ RunTime:0.000372s ]
INFO: [ app_begin ] --START--
INFO: Run Behavior\ReadHtmlCacheBehavior [ RunTime:0.000627s ]
INFO: [ app_begin ] --END-- [ RunTime:0.000681s ]
NOTIC: [8] Undefined index: HTTP_REFERER D:\xampp\htdocs\app\Common\Controller\CommonController.class.php 第 13 行.
NOTIC: [8] Undefined index: HTTP_REFERER D:\xampp\htdocs\app\Common\Controller\CommonController.class.php 第 14 行.
SQL: SHOW COLUMNS FROM `sm_sysconfig` [ RunTime:0.0138s ]
SQL: SELECT * FROM `sm_sysconfig` WHERE `aid` IN ('1','17','7','36','37','38','40','41','42','43','44','')  [ RunTime:0.0004s ]

[ 2019-08-27T21:29:21+08:00 ] 45.180.192.228 /
INFO: [ app_init ] --START--
INFO: Run Behavior\BuildLiteBehavior [ RunTime:0.000014s ]
INFO: [ app_init ] --END-- [ RunTime:0.000369s ]
INFO: [ app_begin ] --START--
INFO: Run Behavior\ReadHtmlCacheBehavior [ RunTime:0.000673s ]
INFO: [ app_begin ] --END-- [ RunTime:0.000721s ]
NOTIC: [8] Undefined index: HTTP_REFERER D:\xampp\htdocs\app\Common\Controller\CommonController.class.php 第 13 行.
NOTIC: [8] Undefined index: HTTP_REFERER D:\xampp\htdocs\app\Common\Controller\CommonController.class.php 第 14 行.
SQL: SHOW COLUMNS FROM `sm_sysconfig` [ RunTime:0.0126s ]
SQL: SELECT * FROM `sm_sysconfig` WHERE `aid` IN ('1','17','7','36','37','38','40','41','42','43','44','')  [ RunTime:0.0003s ]

[ 2019-08-27T22:14:21+08:00 ] 177.67.8.14 /
INFO: [ app_init ] --START--
INFO: Run Behavior\BuildLiteBehavior [ RunTime:0.000012s ]
INFO: [ app_init ] --END-- [ RunTime:0.000354s ]
INFO: [ app_begin ] --START--
INFO: Run Behavior\ReadHtmlCacheBehavior [ RunTime:0.000620s ]
INFO: [ app_begin ] --END-- [ RunTime:0.000667s ]
NOTIC: [8] Undefined index: HTTP_REFERER D:\xampp\htdocs\app\Common\Controller\CommonController.class.php 第 13 行.
NOTIC: [8] Undefined index: HTTP_REFERER D:\xampp\htdocs\app\Common\Controller\CommonController.class.php 第 14 行.
SQL: SHOW COLUMNS FROM `sm_sysconfig` [ RunTime:0.0129s ]
SQL: SELECT * FROM `sm_sysconfig` WHERE `aid` IN ('1','17','7','36','37','38','40','41','42','43','44','')  [ RunTime:0.0004s ]

[ 2019-08-27T23:16:57+08:00 ] 47.92.90.221 /index.php
INFO: [ app_init ] --START--
INFO: Run Behavior\BuildLiteBehavior [ RunTime:0.000014s ]
INFO: [ app_init ] --END-- [ RunTime:0.000354s ]
INFO: [ app_begin ] --START--
INFO: Run Behavior\ReadHtmlCacheBehavior [ RunTime:0.000666s ]
INFO: [ app_begin ] --END-- [ RunTime:0.000716s ]
NOTIC: [8] Undefined index: HTTP_REFERER D:\xampp\htdocs\app\Common\Controller\CommonController.class.php 第 13 行.
NOTIC: [8] Undefined index: HTTP_REFERER D:\xampp\htdocs\app\Common\Controller\CommonController.class.php 第 14 行.
SQL: SHOW COLUMNS FROM `sm_sysconfig` [ RunTime:0.0127s ]
SQL: SELECT * FROM `sm_sysconfig` WHERE `aid` IN ('1','17','7','36','37','38','40','41','42','43','44','')  [ RunTime:0.0004s ]

[ 2019-08-27T23:29:16+08:00 ] 221.179.144.118 /
INFO: [ app_init ] --START--
INFO: Run Behavior\BuildLiteBehavior [ RunTime:0.000013s ]
INFO: [ app_init ] --END-- [ RunTime:0.000359s ]
INFO: [ app_begin ] --START--
INFO: Run Behavior\ReadHtmlCacheBehavior [ RunTime:0.000560s ]
INFO: [ app_begin ] --END-- [ RunTime:0.000609s ]
NOTIC: [8] Undefined index: HTTP_REFERER D:\xampp\htdocs\app\Common\Controller\CommonController.class.php 第 13 行.
NOTIC: [8] Undefined index: HTTP_REFERER D:\xampp\htdocs\app\Common\Controller\CommonController.class.php 第 14 行.
SQL: SHOW COLUMNS FROM `sm_sysconfig` [ RunTime:0.0124s ]
SQL: SELECT * FROM `sm_sysconfig` WHERE `aid` IN ('1','17','7','36','37','38','40','41','42','43','44','')  [ RunTime:0.0004s ]

[ 2019-08-27T23:29:16+08:00 ] 221.179.144.118 /index.php?m=Shop&c=Login&a=login
INFO: [ app_init ] --START--
INFO: Run Behavior\BuildLiteBehavior [ RunTime:0.000012s ]
INFO: [ app_init ] --END-- [ RunTime:0.000300s ]
INFO: [ app_begin ] --START--
INFO: Run Behavior\ReadHtmlCacheBehavior [ RunTime:0.000442s ]
INFO: [ app_begin ] --END-- [ RunTime:0.000488s ]
NOTIC: [8] Undefined index: HTTP_REFERER D:\xampp\htdocs\app\Common\Controller\CommonController.class.php 第 13 行.
NOTIC: [8] Undefined index: HTTP_REFERER D:\xampp\htdocs\app\Common\Controller\CommonController.class.php 第 14 行.
SQL: SHOW COLUMNS FROM `sm_sysconfig` [ RunTime:0.0052s ]
SQL: SELECT * FROM `sm_sysconfig` WHERE `aid` IN ('1','17','7','36','37','38','40','41','42','43','44','')  [ RunTime:0.0003s ]
INFO: [ view_parse ] --START--
INFO: [ template_filter ] --START--
INFO: Run Behavior\ContentReplaceBehavior [ RunTime:0.000077s ]
INFO: [ template_filter ] --END-- [ RunTime:0.000120s ]
INFO: Run Behavior\ParseTemplateBehavior [ RunTime:0.006992s ]
INFO: [ view_parse ] --END-- [ RunTime:0.007039s ]
INFO: [ view_filter ] --START--
INFO: Run Behavior\WriteHtmlCacheBehavior [ RunTime:0.000351s ]
INFO: [ view_filter ] --END-- [ RunTime:0.000387s ]
INFO: [ app_end ] --START--
INFO: Run Behavior\ShowPageTraceBehavior [ RunTime:0.000522s ]
INFO: [ app_end ] --END-- [ RunTime:0.000558s ]

[ 2019-08-27T23:29:16+08:00 ] 221.179.144.118 /index.php?m=Shop&c=Login&a=verify
INFO: [ app_init ] --START--
INFO: Run Behavior\BuildLiteBehavior [ RunTime:0.000012s ]
INFO: [ app_init ] --END-- [ RunTime:0.000358s ]
INFO: [ app_begin ] --START--
INFO: Run Behavior\ReadHtmlCacheBehavior [ RunTime:0.000553s ]
INFO: [ app_begin ] --END-- [ RunTime:0.000601s ]
NOTIC: [8] Undefined index: HTTP_REFERER D:\xampp\htdocs\app\Common\Controller\CommonController.class.php 第 13 行.
NOTIC: [8] Undefined index: HTTP_REFERER D:\xampp\htdocs\app\Common\Controller\CommonController.class.php 第 14 行.
SQL: SHOW COLUMNS FROM `sm_sysconfig` [ RunTime:0.0053s ]
SQL: SELECT * FROM `sm_sysconfig` WHERE `aid` IN ('1','17','7','36','37','38','40','41','42','43','44','')  [ RunTime:0.0003s ]
INFO: [ app_end ] --START--
INFO: Run Behavior\ShowPageTraceBehavior [ RunTime:0.000580s ]
INFO: [ app_end ] --END-- [ RunTime:0.000634s ]

[ 2019-08-27T23:57:30+08:00 ] 47.100.64.9 /
INFO: [ app_init ] --START--
INFO: Run Behavior\BuildLiteBehavior [ RunTime:0.000014s ]
INFO: [ app_init ] --END-- [ RunTime:0.000388s ]
INFO: [ app_begin ] --START--
INFO: Run Behavior\ReadHtmlCacheBehavior [ RunTime:0.000711s ]
INFO: [ app_begin ] --END-- [ RunTime:0.000762s ]
NOTIC: [8] Undefined index: HTTP_REFERER D:\xampp\htdocs\app\Common\Controller\CommonController.class.php 第 13 行.
NOTIC: [8] Undefined index: HTTP_REFERER D:\xampp\htdocs\app\Common\Controller\CommonController.class.php 第 14 行.
SQL: SHOW COLUMNS FROM `sm_sysconfig` [ RunTime:0.0137s ]
SQL: SELECT * FROM `sm_sysconfig` WHERE `aid` IN ('1','17','7','36','37','38','40','41','42','43','44','')  [ RunTime:0.0004s ]

