[ 2019-08-11T05:33:33+08:00 ] 106.15.191.180 /index.php?m=Admin&c=Login&a=login
INFO: [ app_init ] --START--
INFO: Run Behavior\BuildLiteBehavior [ RunTime:0.000014s ]
INFO: [ app_init ] --END-- [ RunTime:0.000525s ]
INFO: [ app_begin ] --START--
INFO: Run Behavior\ReadHtmlCacheBehavior [ RunTime:0.000723s ]
INFO: [ app_begin ] --END-- [ RunTime:0.000775s ]
NOTIC: [8] Undefined index: HTTP_REFERER D:\xampp\htdocs\app\Common\Controller\CommonController.class.php 第 13 行.
NOTIC: [8] Undefined index: HTTP_REFERER D:\xampp\htdocs\app\Common\Controller\CommonController.class.php 第 14 行.
SQL: SHOW COLUMNS FROM `sm_sysconfig` [ RunTime:0.0123s ]
SQL: SELECT * FROM `sm_sysconfig` WHERE `aid` IN ('1','17','7','36','37','38','40','41','42','43','44','')  [ RunTime:0.0004s ]
INFO: [ view_parse ] --START--
INFO: [ template_filter ] --START--
INFO: Run Behavior\ContentReplaceBehavior [ RunTime:0.000075s ]
INFO: [ template_filter ] --END-- [ RunTime:0.000118s ]
NOTIC: [8] Undefined index: sysconfig D:\xampp\htdocs\data\runtime\Cache\Admin\a4a1605debae0f282bbf2ef5517b6662.php 第 36 行.
INFO: Run Behavior\ParseTemplateBehavior [ RunTime:0.039601s ]
INFO: [ view_parse ] --END-- [ RunTime:0.039695s ]
INFO: [ view_filter ] --START--
INFO: Run Behavior\WriteHtmlCacheBehavior [ RunTime:0.000792s ]
INFO: [ view_filter ] --END-- [ RunTime:0.000845s ]
INFO: [ app_end ] --START--
INFO: Run Behavior\ShowPageTraceBehavior [ RunTime:0.000767s ]
INFO: [ app_end ] --END-- [ RunTime:0.000813s ]

[ 2019-08-11T06:56:40+08:00 ] 47.92.144.188 /index.php?m=Admin&c=Login&a=login
INFO: [ app_init ] --START--
INFO: Run Behavior\BuildLiteBehavior [ RunTime:0.000014s ]
INFO: [ app_init ] --END-- [ RunTime:0.000455s ]
INFO: [ app_begin ] --START--
INFO: Run Behavior\ReadHtmlCacheBehavior [ RunTime:0.000667s ]
INFO: [ app_begin ] --END-- [ RunTime:0.000721s ]
NOTIC: [8] Undefined index: HTTP_REFERER D:\xampp\htdocs\app\Common\Controller\CommonController.class.php 第 13 行.
NOTIC: [8] Undefined index: HTTP_REFERER D:\xampp\htdocs\app\Common\Controller\CommonController.class.php 第 14 行.
SQL: SHOW COLUMNS FROM `sm_sysconfig` [ RunTime:0.0129s ]
SQL: SELECT * FROM `sm_sysconfig` WHERE `aid` IN ('1','17','7','36','37','38','40','41','42','43','44','')  [ RunTime:0.0004s ]
INFO: [ view_parse ] --START--
INFO: [ template_filter ] --START--
INFO: Run Behavior\ContentReplaceBehavior [ RunTime:0.000075s ]
INFO: [ template_filter ] --END-- [ RunTime:0.000119s ]
NOTIC: [8] Undefined index: sysconfig D:\xampp\htdocs\data\runtime\Cache\Admin\a4a1605debae0f282bbf2ef5517b6662.php 第 36 行.
INFO: Run Behavior\ParseTemplateBehavior [ RunTime:0.007129s ]
INFO: [ view_parse ] --END-- [ RunTime:0.007180s ]
INFO: [ view_filter ] --START--
INFO: Run Behavior\WriteHtmlCacheBehavior [ RunTime:0.000451s ]
INFO: [ view_filter ] --END-- [ RunTime:0.000489s ]
INFO: [ app_end ] --START--
INFO: Run Behavior\ShowPageTraceBehavior [ RunTime:0.000615s ]
INFO: [ app_end ] --END-- [ RunTime:0.000655s ]

[ 2019-08-11T16:38:58+08:00 ] 27.188.254.70 /admin
INFO: [ app_init ] --START--
INFO: Run Behavior\BuildLiteBehavior [ RunTime:0.000129s ]
INFO: [ app_init ] --END-- [ RunTime:0.000609s ]
INFO: [ app_begin ] --START--
INFO: Run Behavior\ReadHtmlCacheBehavior [ RunTime:0.000771s ]
INFO: [ app_begin ] --END-- [ RunTime:0.000830s ]
NOTIC: [8] Undefined index: HTTP_REFERER D:\xampp\htdocs\app\Common\Controller\CommonController.class.php 第 13 行.
NOTIC: [8] Undefined index: HTTP_REFERER D:\xampp\htdocs\app\Common\Controller\CommonController.class.php 第 14 行.
SQL: SHOW COLUMNS FROM `sm_sysconfig` [ RunTime:0.0125s ]
SQL: SELECT * FROM `sm_sysconfig` WHERE `aid` IN ('1','17','7','36','37','38','40','41','42','43','44','')  [ RunTime:0.0004s ]
INFO: [ view_parse ] --START--
INFO: [ template_filter ] --START--
INFO: Run Behavior\ContentReplaceBehavior [ RunTime:0.000052s ]
INFO: [ template_filter ] --END-- [ RunTime:0.000098s ]
INFO: Run Behavior\ParseTemplateBehavior [ RunTime:0.018534s ]
INFO: [ view_parse ] --END-- [ RunTime:0.018593s ]
INFO: [ view_filter ] --START--
INFO: Run Behavior\WriteHtmlCacheBehavior [ RunTime:0.000613s ]
INFO: [ view_filter ] --END-- [ RunTime:0.000653s ]

[ 2019-08-11T16:39:01+08:00 ] 27.188.254.70 /index.php?m=Admin&c=Login&a=login
INFO: [ app_init ] --START--
INFO: Run Behavior\BuildLiteBehavior [ RunTime:0.000015s ]
INFO: [ app_init ] --END-- [ RunTime:0.000470s ]
INFO: [ app_begin ] --START--
INFO: Run Behavior\ReadHtmlCacheBehavior [ RunTime:0.000640s ]
INFO: [ app_begin ] --END-- [ RunTime:0.000695s ]
SQL: SHOW COLUMNS FROM `sm_sysconfig` [ RunTime:0.0124s ]
SQL: SELECT * FROM `sm_sysconfig` WHERE `aid` IN ('1','17','7','36','37','38','40','41','42','43','44','')  [ RunTime:0.0004s ]
INFO: [ view_parse ] --START--
INFO: [ template_filter ] --START--
INFO: Run Behavior\ContentReplaceBehavior [ RunTime:0.000076s ]
INFO: [ template_filter ] --END-- [ RunTime:0.000122s ]
NOTIC: [8] Undefined index: sysconfig D:\xampp\htdocs\data\runtime\Cache\Admin\a4a1605debae0f282bbf2ef5517b6662.php 第 36 行.
INFO: Run Behavior\ParseTemplateBehavior [ RunTime:0.037969s ]
INFO: [ view_parse ] --END-- [ RunTime:0.038027s ]
INFO: [ view_filter ] --START--
INFO: Run Behavior\WriteHtmlCacheBehavior [ RunTime:0.000638s ]
INFO: [ view_filter ] --END-- [ RunTime:0.000682s ]
INFO: [ app_end ] --START--
INFO: Run Behavior\ShowPageTraceBehavior [ RunTime:0.000821s ]
INFO: [ app_end ] --END-- [ RunTime:0.000864s ]

[ 2019-08-11T16:39:01+08:00 ] 27.188.254.70 /index.php?m=Admin&c=Login&a=verify
INFO: [ app_init ] --START--
INFO: Run Behavior\BuildLiteBehavior [ RunTime:0.000013s ]
INFO: [ app_init ] --END-- [ RunTime:0.000465s ]
INFO: [ app_begin ] --START--
INFO: Run Behavior\ReadHtmlCacheBehavior [ RunTime:0.000574s ]
INFO: [ app_begin ] --END-- [ RunTime:0.000623s ]
SQL: SHOW COLUMNS FROM `sm_sysconfig` [ RunTime:0.0061s ]
SQL: SELECT * FROM `sm_sysconfig` WHERE `aid` IN ('1','17','7','36','37','38','40','41','42','43','44','')  [ RunTime:0.0004s ]
INFO: [ app_end ] --START--
INFO: Run Behavior\ShowPageTraceBehavior [ RunTime:0.000852s ]
INFO: [ app_end ] --END-- [ RunTime:0.000919s ]

[ 2019-08-11T16:39:24+08:00 ] 27.188.254.70 /index.php?m=Admin&c=Login&a=runlogin
INFO: [ app_init ] --START--
INFO: Run Behavior\BuildLiteBehavior [ RunTime:0.000015s ]
INFO: [ app_init ] --END-- [ RunTime:0.000477s ]
INFO: [ app_begin ] --START--
INFO: Run Behavior\ReadHtmlCacheBehavior [ RunTime:0.000596s ]
INFO: [ app_begin ] --END-- [ RunTime:0.000647s ]
SQL: SHOW COLUMNS FROM `sm_sysconfig` [ RunTime:0.0130s ]
SQL: SELECT * FROM `sm_sysconfig` WHERE `aid` IN ('1','17','7','36','37','38','40','41','42','43','44','')  [ RunTime:0.0004s ]

[ 2019-08-11T16:39:26+08:00 ] 27.188.254.70 /index.php?m=Admin&c=Login&a=login
INFO: [ app_init ] --START--
INFO: Run Behavior\BuildLiteBehavior [ RunTime:0.000015s ]
INFO: [ app_init ] --END-- [ RunTime:0.000460s ]
INFO: [ app_begin ] --START--
INFO: Run Behavior\ReadHtmlCacheBehavior [ RunTime:0.000588s ]
INFO: [ app_begin ] --END-- [ RunTime:0.000643s ]
SQL: SHOW COLUMNS FROM `sm_sysconfig` [ RunTime:0.0124s ]
SQL: SELECT * FROM `sm_sysconfig` WHERE `aid` IN ('1','17','7','36','37','38','40','41','42','43','44','')  [ RunTime:0.0004s ]
INFO: [ view_parse ] --START--
INFO: [ template_filter ] --START--
INFO: Run Behavior\ContentReplaceBehavior [ RunTime:0.000073s ]
INFO: [ template_filter ] --END-- [ RunTime:0.000117s ]
NOTIC: [8] Undefined index: sysconfig D:\xampp\htdocs\data\runtime\Cache\Admin\a4a1605debae0f282bbf2ef5517b6662.php 第 36 行.
INFO: Run Behavior\ParseTemplateBehavior [ RunTime:0.007945s ]
INFO: [ view_parse ] --END-- [ RunTime:0.007993s ]
INFO: [ view_filter ] --START--
INFO: Run Behavior\WriteHtmlCacheBehavior [ RunTime:0.000641s ]
INFO: [ view_filter ] --END-- [ RunTime:0.000684s ]
INFO: [ app_end ] --START--
INFO: Run Behavior\ShowPageTraceBehavior [ RunTime:0.000769s ]
INFO: [ app_end ] --END-- [ RunTime:0.000810s ]

[ 2019-08-11T16:39:26+08:00 ] 27.188.254.70 /index.php?m=Admin&c=Login&a=verify
INFO: [ app_init ] --START--
INFO: Run Behavior\BuildLiteBehavior [ RunTime:0.000014s ]
INFO: [ app_init ] --END-- [ RunTime:0.000454s ]
INFO: [ app_begin ] --START--
INFO: Run Behavior\ReadHtmlCacheBehavior [ RunTime:0.000579s ]
INFO: [ app_begin ] --END-- [ RunTime:0.000634s ]
SQL: SHOW COLUMNS FROM `sm_sysconfig` [ RunTime:0.0058s ]
SQL: SELECT * FROM `sm_sysconfig` WHERE `aid` IN ('1','17','7','36','37','38','40','41','42','43','44','')  [ RunTime:0.0004s ]
INFO: [ app_end ] --START--
INFO: Run Behavior\ShowPageTraceBehavior [ RunTime:0.000869s ]
INFO: [ app_end ] --END-- [ RunTime:0.000934s ]

[ 2019-08-11T16:39:38+08:00 ] 27.188.254.70 /index.php?m=Admin&c=Login&a=runlogin
INFO: [ app_init ] --START--
INFO: Run Behavior\BuildLiteBehavior [ RunTime:0.000016s ]
INFO: [ app_init ] --END-- [ RunTime:0.000485s ]
INFO: [ app_begin ] --START--
INFO: Run Behavior\ReadHtmlCacheBehavior [ RunTime:0.000583s ]
INFO: [ app_begin ] --END-- [ RunTime:0.000631s ]
SQL: SHOW COLUMNS FROM `sm_sysconfig` [ RunTime:0.0127s ]
SQL: SELECT * FROM `sm_sysconfig` WHERE `aid` IN ('1','17','7','36','37','38','40','41','42','43','44','')  [ RunTime:0.0004s ]
SQL: SHOW COLUMNS FROM `sm_admin` [ RunTime:0.0200s ]
SQL: SELECT * FROM `sm_admin` WHERE `admin_username` = 'admin' LIMIT 1   [ RunTime:0.0003s ]
SQL: UPDATE `sm_admin` SET `admin_hits`=admin_hits+1 WHERE `admin_username` = 'admin' [ RunTime:0.0002s ]
SQL: UPDATE `sm_admin` SET `admin_last_ip`='27.188.254.70',`admin_last_time`='1565422756',`admin_ip`='27.188.254.70',`admin_time`='1565512778' WHERE `admin_username` = 'admin' [ RunTime:0.0002s ]

[ 2019-08-11T16:39:40+08:00 ] 27.188.254.70 /index.php?m=Admin&c=Index&a=index
INFO: [ app_init ] --START--
INFO: Run Behavior\BuildLiteBehavior [ RunTime:0.000015s ]
INFO: [ app_init ] --END-- [ RunTime:0.000471s ]
INFO: [ app_begin ] --START--
INFO: Run Behavior\ReadHtmlCacheBehavior [ RunTime:0.000589s ]
INFO: [ app_begin ] --END-- [ RunTime:0.000648s ]
SQL: SHOW COLUMNS FROM `sm_sysconfig` [ RunTime:0.0124s ]
SQL: SELECT * FROM `sm_sysconfig` WHERE `aid` IN ('1','17','7','36','37','38','40','41','42','43','44','')  [ RunTime:0.0004s ]
SQL: SELECT * FROM `sm_sysconfig`  [ RunTime:0.0003s ]
SQL: SHOW COLUMNS FROM `sm_auth_rule` [ RunTime:0.0231s ]
SQL: SELECT * FROM `sm_auth_rule` WHERE `name` = 'Admin/Index/index' AND `status` = 1 ORDER BY `level` desc,`sort` LIMIT 1   [ RunTime:0.0005s ]
SQL: SELECT * FROM `sm_auth_rule` WHERE `status` = 0 AND `name` = 'Admin/Index/index' ORDER BY `level` desc,`sort` LIMIT 1   [ RunTime:0.0003s ]
SQL: SELECT * FROM `sm_auth_rule` WHERE `status` = 1 AND `pid` = 0 ORDER BY `sort`  [ RunTime:0.0004s ]
INFO: [ view_parse ] --START--
INFO: [ template_filter ] --START--
INFO: Run Behavior\ContentReplaceBehavior [ RunTime:0.000120s ]
INFO: [ template_filter ] --END-- [ RunTime:0.000161s ]
NOTIC: [8] Undefined variable: site_name D:\xampp\htdocs\data\runtime\Cache\Admin\eaaaa69a3a7994270bfd9e5a4028ad15.php 第 267 行.
NOTIC: [8] Undefined variable: site_name D:\xampp\htdocs\data\runtime\Cache\Admin\eaaaa69a3a7994270bfd9e5a4028ad15.php 第 272 行.
INFO: Run Behavior\ParseTemplateBehavior [ RunTime:0.072736s ]
INFO: [ view_parse ] --END-- [ RunTime:0.072792s ]
INFO: [ view_filter ] --START--
INFO: Run Behavior\WriteHtmlCacheBehavior [ RunTime:0.000674s ]
INFO: [ view_filter ] --END-- [ RunTime:0.000717s ]
INFO: [ app_end ] --START--
INFO: Run Behavior\ShowPageTraceBehavior [ RunTime:0.000800s ]
INFO: [ app_end ] --END-- [ RunTime:0.000846s ]

[ 2019-08-11T16:40:01+08:00 ] 101.89.239.232 /admin
INFO: [ app_init ] --START--
INFO: Run Behavior\BuildLiteBehavior [ RunTime:0.000015s ]
INFO: [ app_init ] --END-- [ RunTime:0.000509s ]
INFO: [ app_begin ] --START--
INFO: Run Behavior\ReadHtmlCacheBehavior [ RunTime:0.000622s ]
INFO: [ app_begin ] --END-- [ RunTime:0.000683s ]
SQL: SHOW COLUMNS FROM `sm_sysconfig` [ RunTime:0.0129s ]
SQL: SELECT * FROM `sm_sysconfig` WHERE `aid` IN ('1','17','7','36','37','38','40','41','42','43','44','')  [ RunTime:0.0004s ]
INFO: [ view_parse ] --START--
INFO: [ template_filter ] --START--
INFO: Run Behavior\ContentReplaceBehavior [ RunTime:0.000056s ]
INFO: [ template_filter ] --END-- [ RunTime:0.000104s ]
INFO: Run Behavior\ParseTemplateBehavior [ RunTime:0.006597s ]
INFO: [ view_parse ] --END-- [ RunTime:0.006656s ]
INFO: [ view_filter ] --START--
INFO: Run Behavior\WriteHtmlCacheBehavior [ RunTime:0.000625s ]
INFO: [ view_filter ] --END-- [ RunTime:0.000664s ]

