[ 2019-10-17T16:34:03+08:00 ] 47.103.99.151 /admin/?m=Shop&c=Login&a=login
INFO: [ app_init ] --START--
INFO: Run Behavior\BuildLiteBehavior [ RunTime:0.000011s ]
INFO: [ app_init ] --END-- [ RunTime:0.000297s ]
INFO: [ app_begin ] --START--
INFO: Run Behavior\ReadHtmlCacheBehavior [ RunTime:0.000605s ]
INFO: [ app_begin ] --END-- [ RunTime:0.000660s ]
NOTIC: [8] Undefined index: HTTP_REFERER D:\xampp\htdocs\app\Common\Controller\CommonController.class.php 第 13 行.
NOTIC: [8] Undefined index: HTTP_REFERER D:\xampp\htdocs\app\Common\Controller\CommonController.class.php 第 14 行.
SQL: SHOW COLUMNS FROM `sm_sysconfig` [ RunTime:0.0126s ]
SQL: SELECT * FROM `sm_sysconfig` WHERE `aid` IN ('1','17','7','36','37','38','40','41','42','43','44','')  [ RunTime:0.0004s ]
INFO: [ view_parse ] --START--
INFO: [ template_filter ] --START--
INFO: Run Behavior\ContentReplaceBehavior [ RunTime:0.000071s ]
INFO: [ template_filter ] --END-- [ RunTime:0.000114s ]
NOTIC: [8] Undefined index: sysconfig D:\xampp\htdocs\data\runtime\Cache\Admin\a4a1605debae0f282bbf2ef5517b6662.php 第 36 行.
INFO: Run Behavior\ParseTemplateBehavior [ RunTime:0.036770s ]
INFO: [ view_parse ] --END-- [ RunTime:0.036822s ]
INFO: [ view_filter ] --START--
INFO: Run Behavior\WriteHtmlCacheBehavior [ RunTime:0.000298s ]
INFO: [ view_filter ] --END-- [ RunTime:0.000334s ]
INFO: [ app_end ] --START--
INFO: Run Behavior\ShowPageTraceBehavior [ RunTime:0.000454s ]
INFO: [ app_end ] --END-- [ RunTime:0.000494s ]

[ 2019-10-17T18:30:18+08:00 ] 47.102.41.25 /admin/?m=Shop&c=Login&a=login
INFO: [ app_init ] --START--
INFO: Run Behavior\BuildLiteBehavior [ RunTime:0.000012s ]
INFO: [ app_init ] --END-- [ RunTime:0.000334s ]
INFO: [ app_begin ] --START--
INFO: Run Behavior\ReadHtmlCacheBehavior [ RunTime:0.000622s ]
INFO: [ app_begin ] --END-- [ RunTime:0.000677s ]
NOTIC: [8] Undefined index: HTTP_REFERER D:\xampp\htdocs\app\Common\Controller\CommonController.class.php 第 13 行.
NOTIC: [8] Undefined index: HTTP_REFERER D:\xampp\htdocs\app\Common\Controller\CommonController.class.php 第 14 行.
SQL: SHOW COLUMNS FROM `sm_sysconfig` [ RunTime:0.0118s ]
SQL: SELECT * FROM `sm_sysconfig` WHERE `aid` IN ('1','17','7','36','37','38','40','41','42','43','44','')  [ RunTime:0.0003s ]
INFO: [ view_parse ] --START--
INFO: [ template_filter ] --START--
INFO: Run Behavior\ContentReplaceBehavior [ RunTime:0.000071s ]
INFO: [ template_filter ] --END-- [ RunTime:0.000110s ]
NOTIC: [8] Undefined index: sysconfig D:\xampp\htdocs\data\runtime\Cache\Admin\a4a1605debae0f282bbf2ef5517b6662.php 第 36 行.
INFO: Run Behavior\ParseTemplateBehavior [ RunTime:0.006792s ]
INFO: [ view_parse ] --END-- [ RunTime:0.006844s ]
INFO: [ view_filter ] --START--
INFO: Run Behavior\WriteHtmlCacheBehavior [ RunTime:0.000399s ]
INFO: [ view_filter ] --END-- [ RunTime:0.000437s ]
INFO: [ app_end ] --START--
INFO: Run Behavior\ShowPageTraceBehavior [ RunTime:0.000437s ]
INFO: [ app_end ] --END-- [ RunTime:0.000488s ]

