[ 2019-09-09T17:17:32+08:00 ] 223.104.101.212 /index.php?m=Small&c=Index&a=errors&ma_id=1
INFO: [ app_init ] --START--
INFO: Run Behavior\BuildLiteBehavior [ RunTime:0.000012s ]
INFO: [ app_init ] --END-- [ RunTime:0.000353s ]
INFO: [ app_begin ] --START--
INFO: Run Behavior\ReadHtmlCacheBehavior [ RunTime:0.000607s ]
INFO: [ app_begin ] --END-- [ RunTime:0.000663s ]
NOTIC: [8] A session had already been started - ignoring session_start() D:\xampp\htdocs\app\Small\Controller\BaseController.class.php 第 282 行.
SQL: SHOW COLUMNS FROM `sm_orders` [ RunTime:0.0173s ]
SQL: SELECT `order_id`,`refund_time` FROM `sm_orders` WHERE `refund` = 1  [ RunTime:0.0067s ]
SQL: SHOW COLUMNS FROM `sm_member_list` [ RunTime:0.0106s ]
SQL: SELECT `is_open` FROM `sm_member_list` WHERE `member_list_id` = '2193' LIMIT 1   [ RunTime:0.0002s ]
SQL: SELECT `is_del` FROM `sm_member_list` WHERE `member_list_id` = '2193' LIMIT 1   [ RunTime:0.0002s ]
SQL: SELECT `order_id` FROM `sm_orders` WHERE `order_status` = 2 AND `refund` <> 1 AND ( `effect_time` >= 1567958400 AND `effect_time` <= 1568044799  )  [ RunTime:0.0003s ]
SQL: SHOW COLUMNS FROM `sm_order_goods` [ RunTime:0.0097s ]
SQL: SHOW COLUMNS FROM `sm_dishes` [ RunTime:0.0089s ]
SQL: SELECT `dishes_id`,`create_time`,`order_status`,`order_id`,`order_type` FROM `sm_orders` WHERE `order_status` = 1  [ RunTime:0.0002s ]
SQL: SHOW COLUMNS FROM `sm_integral_order` [ RunTime:0.0062s ]
SQL: SELECT * FROM `sm_integral_order` WHERE `status` = 2  [ RunTime:0.0006s ]
SQL: SELECT * FROM `sm_orders` WHERE `order_status` = 4 AND `deliver_type` = 1  [ RunTime:0.0004s ]
SQL: SHOW COLUMNS FROM `sm_stall` [ RunTime:0.0091s ]
NOTIC: [8] A session had already been started - ignoring session_start() D:\xampp\htdocs\app\Small\Controller\BaseController.class.php 第 282 行.
SQL: SELECT `status` FROM `sm_member_list` WHERE `member_list_id` = '2193' AND `is_del` = 2 LIMIT 1   [ RunTime:0.0002s ]

[ 2019-09-09T17:17:32+08:00 ] 223.104.101.212 /index.php?m=Small&c=Drink&a=index&ma_id=1
INFO: [ app_init ] --START--
INFO: Run Behavior\BuildLiteBehavior [ RunTime:0.000014s ]
INFO: [ app_init ] --END-- [ RunTime:0.000391s ]
INFO: [ app_begin ] --START--
INFO: Run Behavior\ReadHtmlCacheBehavior [ RunTime:0.000647s ]
INFO: [ app_begin ] --END-- [ RunTime:0.000697s ]
NOTIC: [8] A session had already been started - ignoring session_start() D:\xampp\htdocs\app\Small\Controller\BaseController.class.php 第 282 行.
SQL: SHOW COLUMNS FROM `sm_orders` [ RunTime:0.0165s ]
SQL: SELECT `order_id`,`refund_time` FROM `sm_orders` WHERE `refund` = 1  [ RunTime:0.0070s ]
SQL: SHOW COLUMNS FROM `sm_member_list` [ RunTime:0.0101s ]
SQL: SELECT `is_open` FROM `sm_member_list` WHERE `member_list_id` = '2193' LIMIT 1   [ RunTime:0.0003s ]
SQL: SELECT `is_del` FROM `sm_member_list` WHERE `member_list_id` = '2193' LIMIT 1   [ RunTime:0.0002s ]
SQL: SELECT `order_id` FROM `sm_orders` WHERE `order_status` = 2 AND `refund` <> 1 AND ( `effect_time` >= 1567958400 AND `effect_time` <= 1568044799  )  [ RunTime:0.0003s ]
SQL: SHOW COLUMNS FROM `sm_order_goods` [ RunTime:0.0092s ]
SQL: SHOW COLUMNS FROM `sm_dishes` [ RunTime:0.0091s ]
SQL: SELECT `dishes_id`,`create_time`,`order_status`,`order_id`,`order_type` FROM `sm_orders` WHERE `order_status` = 1  [ RunTime:0.0003s ]
SQL: SHOW COLUMNS FROM `sm_integral_order` [ RunTime:0.0061s ]
SQL: SELECT * FROM `sm_integral_order` WHERE `status` = 2  [ RunTime:0.0007s ]
SQL: SELECT * FROM `sm_orders` WHERE `order_status` = 4 AND `deliver_type` = 1  [ RunTime:0.0004s ]
SQL: SHOW COLUMNS FROM `sm_stall` [ RunTime:0.0090s ]
NOTIC: [8] A session had already been started - ignoring session_start() D:\xampp\htdocs\app\Small\Controller\BaseController.class.php 第 282 行.
SQL: SHOW COLUMNS FROM `sm_merchant` [ RunTime:0.0086s ]
SQL: SELECT `ma_id` FROM `sm_merchant` WHERE `delete` = 1 AND `is_open` = 1 AND `due_deadline` > 1568020652 AND `ma_id` = 1 LIMIT 1   [ RunTime:0.0002s ]
SQL: SELECT `status` FROM `sm_member_list` WHERE `member_list_id` = null AND `is_del` = 2 LIMIT 1   [ RunTime:0.0001s ]
SQL: SHOW COLUMNS FROM `sm_merchant_banner` [ RunTime:0.0071s ]
SQL: SELECT * FROM `sm_merchant_banner` WHERE `ma_id` = 1  [ RunTime:0.0003s ]
SQL: SELECT a.dishes_id,a.pic_url,a.dishes_name,a.type,a.on_the_pin,a.score,a.price FROM sm_dishes a LEFT JOIN sm_stall as b on a.stall = b.stall_id  WHERE a.is_del = 2 AND a.ma_id = 1 AND a.state = 1 AND a.statue = 2 AND a.num > 0 AND b.delete = 2 AND b.is_freeze = 2 ORDER BY a.sort ASC,a.addtime DESC LIMIT 6   [ RunTime:0.0086s ]
SQL: SELECT a.dishes_id,a.pic_url,a.dishes_name,a.type,a.on_the_pin,a.score,a.price FROM sm_dishes a LEFT JOIN sm_stall as b on a.stall = b.stall_id  WHERE a.is_del = 2 AND a.ma_id = 1 AND a.state = 1 AND a.statue = 2 AND a.num > 0 AND b.delete = 2 AND b.is_freeze = 2 ORDER BY a.on_the_pin DESC LIMIT 6   [ RunTime:0.0005s ]
NOTIC: [8] Undefined variable: offset D:\xampp\htdocs\app\Small\Controller\DrinkController.class.php 第 95 行.
NOTIC: [8] Undefined variable: psize D:\xampp\htdocs\app\Small\Controller\DrinkController.class.php 第 95 行.
SQL: SELECT `stall_id`,`image`,`stall_name`,`score`,`addtime`,`on_the_pin`,`stall_type` FROM sm_stall a WHERE `delete` = 2 AND `is_freeze` = 2 AND `ma_id` = 1 ORDER BY `sort` asc,`on_the_pin` DESC,`addtime` DESC  [ RunTime:0.0006s ]
SQL: SELECT `appid`,`appsecret`,`saturation` FROM `sm_merchant` WHERE ( ma_id='1' ) LIMIT 1   [ RunTime:0.0002s ]

[ 2019-09-09T17:17:33+08:00 ] 223.104.101.212 /index.php?m=Small&c=Drink&a=distance&ma_id=1
INFO: [ app_init ] --START--
INFO: Run Behavior\BuildLiteBehavior [ RunTime:0.000030s ]
INFO: [ app_init ] --END-- [ RunTime:0.000466s ]
INFO: [ app_begin ] --START--
INFO: Run Behavior\ReadHtmlCacheBehavior [ RunTime:0.000613s ]
INFO: [ app_begin ] --END-- [ RunTime:0.000665s ]
NOTIC: [8] A session had already been started - ignoring session_start() D:\xampp\htdocs\app\Small\Controller\BaseController.class.php 第 282 行.
SQL: SHOW COLUMNS FROM `sm_orders` [ RunTime:0.0123s ]
SQL: SELECT `order_id`,`refund_time` FROM `sm_orders` WHERE `refund` = 1  [ RunTime:0.0117s ]
SQL: SHOW COLUMNS FROM `sm_member_list` [ RunTime:0.0084s ]
SQL: SELECT `is_open` FROM `sm_member_list` WHERE `member_list_id` = '2193' LIMIT 1   [ RunTime:0.0003s ]
SQL: SELECT `is_del` FROM `sm_member_list` WHERE `member_list_id` = '2193' LIMIT 1   [ RunTime:0.0002s ]
SQL: SELECT `order_id` FROM `sm_orders` WHERE `order_status` = 2 AND `refund` <> 1 AND ( `effect_time` >= 1567958400 AND `effect_time` <= 1568044799  )  [ RunTime:0.0002s ]
SQL: SHOW COLUMNS FROM `sm_order_goods` [ RunTime:0.0076s ]
SQL: SHOW COLUMNS FROM `sm_dishes` [ RunTime:0.0079s ]
SQL: SELECT `dishes_id`,`create_time`,`order_status`,`order_id`,`order_type` FROM `sm_orders` WHERE `order_status` = 1  [ RunTime:0.0003s ]
SQL: SHOW COLUMNS FROM `sm_integral_order` [ RunTime:0.0044s ]
SQL: SELECT * FROM `sm_integral_order` WHERE `status` = 2  [ RunTime:0.0005s ]
SQL: SELECT * FROM `sm_orders` WHERE `order_status` = 4 AND `deliver_type` = 1  [ RunTime:0.0004s ]
SQL: SHOW COLUMNS FROM `sm_stall` [ RunTime:0.0076s ]
NOTIC: [8] A session had already been started - ignoring session_start() D:\xampp\htdocs\app\Small\Controller\BaseController.class.php 第 282 行.
SQL: SHOW COLUMNS FROM `sm_merchant` [ RunTime:0.0075s ]
SQL: SELECT `ma_id` FROM `sm_merchant` WHERE `delete` = 1 AND `is_open` = 1 AND `due_deadline` > 1568020653 AND `ma_id` = 1 LIMIT 1   [ RunTime:0.0002s ]
NOTIC: [8] A session had already been started - ignoring session_start() D:\xampp\htdocs\app\Small\Controller\BaseController.class.php 第 282 行.
SQL: SELECT `longitude`,`latitude` FROM `sm_merchant` WHERE `ma_id` = 1 LIMIT 1   [ RunTime:0.0002s ]

[ 2019-09-09T17:21:23+08:00 ] 223.104.101.212 /index.php?m=Small&c=Index&a=errors&ma_id=1
INFO: [ app_init ] --START--
INFO: Run Behavior\BuildLiteBehavior [ RunTime:0.000018s ]
INFO: [ app_init ] --END-- [ RunTime:0.000493s ]
INFO: [ app_begin ] --START--
INFO: Run Behavior\ReadHtmlCacheBehavior [ RunTime:0.000831s ]
INFO: [ app_begin ] --END-- [ RunTime:0.000907s ]
NOTIC: [8] A session had already been started - ignoring session_start() D:\xampp\htdocs\app\Small\Controller\BaseController.class.php 第 282 行.
SQL: SHOW COLUMNS FROM `sm_orders` [ RunTime:0.0171s ]
SQL: SELECT `order_id`,`refund_time` FROM `sm_orders` WHERE `refund` = 1  [ RunTime:0.0118s ]
SQL: SHOW COLUMNS FROM `sm_member_list` [ RunTime:0.0104s ]
SQL: SELECT `is_open` FROM `sm_member_list` WHERE `member_list_id` = '2193' LIMIT 1   [ RunTime:0.0002s ]
SQL: SELECT `is_del` FROM `sm_member_list` WHERE `member_list_id` = '2193' LIMIT 1   [ RunTime:0.0002s ]
SQL: SELECT `order_id` FROM `sm_orders` WHERE `order_status` = 2 AND `refund` <> 1 AND ( `effect_time` >= 1567958400 AND `effect_time` <= 1568044799  )  [ RunTime:0.0003s ]
SQL: SHOW COLUMNS FROM `sm_order_goods` [ RunTime:0.0092s ]
SQL: SHOW COLUMNS FROM `sm_dishes` [ RunTime:0.0087s ]
SQL: SELECT `dishes_id`,`create_time`,`order_status`,`order_id`,`order_type` FROM `sm_orders` WHERE `order_status` = 1  [ RunTime:0.0002s ]
SQL: SHOW COLUMNS FROM `sm_integral_order` [ RunTime:0.0062s ]
SQL: SELECT * FROM `sm_integral_order` WHERE `status` = 2  [ RunTime:0.0007s ]
SQL: SELECT * FROM `sm_orders` WHERE `order_status` = 4 AND `deliver_type` = 1  [ RunTime:0.0004s ]
SQL: SHOW COLUMNS FROM `sm_stall` [ RunTime:0.0088s ]
NOTIC: [8] A session had already been started - ignoring session_start() D:\xampp\htdocs\app\Small\Controller\BaseController.class.php 第 282 行.
SQL: SELECT `status` FROM `sm_member_list` WHERE `member_list_id` = '2193' AND `is_del` = 2 LIMIT 1   [ RunTime:0.0002s ]

[ 2019-09-09T17:21:23+08:00 ] 223.104.101.212 /index.php?m=Small&c=Drink&a=distance&ma_id=1
INFO: [ app_init ] --START--
INFO: Run Behavior\BuildLiteBehavior [ RunTime:0.000018s ]
INFO: [ app_init ] --END-- [ RunTime:0.000543s ]
INFO: [ app_begin ] --START--
INFO: Run Behavior\ReadHtmlCacheBehavior [ RunTime:0.000748s ]
INFO: [ app_begin ] --END-- [ RunTime:0.000823s ]
NOTIC: [8] A session had already been started - ignoring session_start() D:\xampp\htdocs\app\Small\Controller\BaseController.class.php 第 282 行.
SQL: SHOW COLUMNS FROM `sm_orders` [ RunTime:0.0164s ]
SQL: SELECT `order_id`,`refund_time` FROM `sm_orders` WHERE `refund` = 1  [ RunTime:0.0124s ]
SQL: SHOW COLUMNS FROM `sm_member_list` [ RunTime:0.0096s ]
SQL: SELECT `is_open` FROM `sm_member_list` WHERE `member_list_id` = '2193' LIMIT 1   [ RunTime:0.0003s ]
SQL: SELECT `is_del` FROM `sm_member_list` WHERE `member_list_id` = '2193' LIMIT 1   [ RunTime:0.0002s ]
SQL: SELECT `order_id` FROM `sm_orders` WHERE `order_status` = 2 AND `refund` <> 1 AND ( `effect_time` >= 1567958400 AND `effect_time` <= 1568044799  )  [ RunTime:0.0003s ]
SQL: SHOW COLUMNS FROM `sm_order_goods` [ RunTime:0.0089s ]
SQL: SHOW COLUMNS FROM `sm_dishes` [ RunTime:0.0088s ]
SQL: SELECT `dishes_id`,`create_time`,`order_status`,`order_id`,`order_type` FROM `sm_orders` WHERE `order_status` = 1  [ RunTime:0.0003s ]
SQL: SHOW COLUMNS FROM `sm_integral_order` [ RunTime:0.0060s ]
SQL: SELECT * FROM `sm_integral_order` WHERE `status` = 2  [ RunTime:0.0006s ]
SQL: SELECT * FROM `sm_orders` WHERE `order_status` = 4 AND `deliver_type` = 1  [ RunTime:0.0004s ]
SQL: SHOW COLUMNS FROM `sm_stall` [ RunTime:0.0087s ]
NOTIC: [8] A session had already been started - ignoring session_start() D:\xampp\htdocs\app\Small\Controller\BaseController.class.php 第 282 行.
SQL: SHOW COLUMNS FROM `sm_merchant` [ RunTime:0.0078s ]
SQL: SELECT `ma_id` FROM `sm_merchant` WHERE `delete` = 1 AND `is_open` = 1 AND `due_deadline` > 1568020883 AND `ma_id` = 1 LIMIT 1   [ RunTime:0.0002s ]
NOTIC: [8] A session had already been started - ignoring session_start() D:\xampp\htdocs\app\Small\Controller\BaseController.class.php 第 282 行.
SQL: SELECT `longitude`,`latitude` FROM `sm_merchant` WHERE `ma_id` = 1 LIMIT 1   [ RunTime:0.0002s ]

[ 2019-09-09T17:21:24+08:00 ] 223.104.101.212 /index.php?m=Small&c=Personal&a=myIntegral&ma_id=1
INFO: [ app_init ] --START--
INFO: Run Behavior\BuildLiteBehavior [ RunTime:0.000014s ]
INFO: [ app_init ] --END-- [ RunTime:0.000323s ]
INFO: [ app_begin ] --START--
INFO: Run Behavior\ReadHtmlCacheBehavior [ RunTime:0.000649s ]
INFO: [ app_begin ] --END-- [ RunTime:0.000701s ]
NOTIC: [8] A session had already been started - ignoring session_start() D:\xampp\htdocs\app\Small\Controller\BaseController.class.php 第 282 行.
SQL: SHOW COLUMNS FROM `sm_orders` [ RunTime:0.0128s ]
SQL: SELECT `order_id`,`refund_time` FROM `sm_orders` WHERE `refund` = 1  [ RunTime:0.0115s ]
SQL: SHOW COLUMNS FROM `sm_member_list` [ RunTime:0.0079s ]
SQL: SELECT `is_open` FROM `sm_member_list` WHERE `member_list_id` = '2193' LIMIT 1   [ RunTime:0.0003s ]
SQL: SELECT `is_del` FROM `sm_member_list` WHERE `member_list_id` = '2193' LIMIT 1   [ RunTime:0.0002s ]
SQL: SELECT `order_id` FROM `sm_orders` WHERE `order_status` = 2 AND `refund` <> 1 AND ( `effect_time` >= 1567958400 AND `effect_time` <= 1568044799  )  [ RunTime:0.0002s ]
SQL: SHOW COLUMNS FROM `sm_order_goods` [ RunTime:0.0073s ]
SQL: SHOW COLUMNS FROM `sm_dishes` [ RunTime:0.0072s ]
SQL: SELECT `dishes_id`,`create_time`,`order_status`,`order_id`,`order_type` FROM `sm_orders` WHERE `order_status` = 1  [ RunTime:0.0003s ]
SQL: SHOW COLUMNS FROM `sm_integral_order` [ RunTime:0.0043s ]
SQL: SELECT * FROM `sm_integral_order` WHERE `status` = 2  [ RunTime:0.0005s ]
SQL: SELECT * FROM `sm_orders` WHERE `order_status` = 4 AND `deliver_type` = 1  [ RunTime:0.0004s ]
SQL: SHOW COLUMNS FROM `sm_stall` [ RunTime:0.0127s ]
NOTIC: [8] A session had already been started - ignoring session_start() D:\xampp\htdocs\app\Small\Controller\BaseController.class.php 第 282 行.
SQL: SHOW COLUMNS FROM `sm_integral_statistics` [ RunTime:0.0067s ]
SQL: SELECT sum(integral) as integral FROM `sm_integral_statistics` WHERE `member_list_id` = '2193' AND `type` = 1 LIMIT 1   [ RunTime:0.0010s ]
SQL: SELECT `member_list_nickname`,`telphone`,`member_list_headpic` FROM `sm_member_list` WHERE `member_list_id` = '2193' LIMIT 1   [ RunTime:0.0002s ]

[ 2019-09-09T17:21:26+08:00 ] 223.104.101.212 /index.php?m=Small&c=Clerk&a=deliveryOrder&ma_id=1&page=1
INFO: [ app_init ] --START--
INFO: Run Behavior\BuildLiteBehavior [ RunTime:0.000017s ]
INFO: [ app_init ] --END-- [ RunTime:0.000479s ]
INFO: [ app_begin ] --START--
INFO: Run Behavior\ReadHtmlCacheBehavior [ RunTime:0.000967s ]
INFO: [ app_begin ] --END-- [ RunTime:0.001034s ]
NOTIC: [8] A session had already been started - ignoring session_start() D:\xampp\htdocs\app\Small\Controller\BaseController.class.php 第 282 行.
SQL: SHOW COLUMNS FROM `sm_orders` [ RunTime:0.0175s ]
SQL: SELECT `order_id`,`refund_time` FROM `sm_orders` WHERE `refund` = 1  [ RunTime:0.0049s ]
SQL: SHOW COLUMNS FROM `sm_member_list` [ RunTime:0.0121s ]
SQL: SELECT `is_open` FROM `sm_member_list` WHERE `member_list_id` = '2193' LIMIT 1   [ RunTime:0.0002s ]
SQL: SELECT `is_del` FROM `sm_member_list` WHERE `member_list_id` = '2193' LIMIT 1   [ RunTime:0.0002s ]
SQL: SELECT `order_id` FROM `sm_orders` WHERE `order_status` = 2 AND `refund` <> 1 AND ( `effect_time` >= 1567958400 AND `effect_time` <= 1568044799  )  [ RunTime:0.0003s ]
SQL: SHOW COLUMNS FROM `sm_order_goods` [ RunTime:0.0105s ]
SQL: SHOW COLUMNS FROM `sm_dishes` [ RunTime:0.0120s ]
SQL: SELECT `dishes_id`,`create_time`,`order_status`,`order_id`,`order_type` FROM `sm_orders` WHERE `order_status` = 1  [ RunTime:0.0004s ]
SQL: SHOW COLUMNS FROM `sm_integral_order` [ RunTime:0.0091s ]
SQL: SELECT * FROM `sm_integral_order` WHERE `status` = 2  [ RunTime:0.0008s ]
SQL: SELECT * FROM `sm_orders` WHERE `order_status` = 4 AND `deliver_type` = 1  [ RunTime:0.0007s ]
SQL: SHOW COLUMNS FROM `sm_stall` [ RunTime:0.0087s ]
NOTIC: [8] A session had already been started - ignoring session_start() D:\xampp\htdocs\app\Small\Controller\BaseController.class.php 第 282 行.
SQL: SHOW COLUMNS FROM `sm_orders` [ RunTime:0.0183s ]
SQL: SELECT a.*,b.image,b.stall_name FROM sm_orders as a LEFT JOIN sm_stall AS b ON a.stall_id = b.stall_id  WHERE a.order_status IN ('4') AND a.is_grab = 2 AND a.order_type = 1 AND `ps_id` = '2193' ORDER BY a.create_time desc  [ RunTime:0.0006s ]
SQL: SELECT a.*,b.image,b.stall_name FROM sm_orders as a LEFT JOIN sm_stall AS b ON a.stall_id = b.stall_id  WHERE a.order_status IN ('4') AND a.is_grab = 2 AND a.order_type = 1 AND `ps_id` = '2193' ORDER BY a.create_time desc LIMIT 0,10   [ RunTime:0.0006s ]
SQL: SELECT `status` FROM `sm_member_list` WHERE `member_list_id` = '2193' AND `is_del` = 2 LIMIT 1   [ RunTime:0.0003s ]

[ 2019-09-09T17:21:26+08:00 ] 223.104.101.212 /index.php?m=Small&c=Clerk&a=waitOrder&ma_id=1&page=1
INFO: [ app_init ] --START--
INFO: Run Behavior\BuildLiteBehavior [ RunTime:0.000030s ]
INFO: [ app_init ] --END-- [ RunTime:0.000500s ]
INFO: [ app_begin ] --START--
INFO: Run Behavior\ReadHtmlCacheBehavior [ RunTime:0.000833s ]
INFO: [ app_begin ] --END-- [ RunTime:0.000907s ]
NOTIC: [8] A session had already been started - ignoring session_start() D:\xampp\htdocs\app\Small\Controller\BaseController.class.php 第 282 行.
SQL: SHOW COLUMNS FROM `sm_orders` [ RunTime:0.0167s ]
SQL: SELECT `order_id`,`refund_time` FROM `sm_orders` WHERE `refund` = 1  [ RunTime:0.0073s ]
SQL: SHOW COLUMNS FROM `sm_member_list` [ RunTime:0.0136s ]
SQL: SELECT `is_open` FROM `sm_member_list` WHERE `member_list_id` = '2193' LIMIT 1   [ RunTime:0.0003s ]
SQL: SELECT `is_del` FROM `sm_member_list` WHERE `member_list_id` = '2193' LIMIT 1   [ RunTime:0.0003s ]
SQL: SELECT `order_id` FROM `sm_orders` WHERE `order_status` = 2 AND `refund` <> 1 AND ( `effect_time` >= 1567958400 AND `effect_time` <= 1568044799  )  [ RunTime:0.0003s ]
SQL: SHOW COLUMNS FROM `sm_order_goods` [ RunTime:0.0129s ]
SQL: SHOW COLUMNS FROM `sm_dishes` [ RunTime:0.0101s ]
SQL: SELECT `dishes_id`,`create_time`,`order_status`,`order_id`,`order_type` FROM `sm_orders` WHERE `order_status` = 1  [ RunTime:0.0003s ]
SQL: SHOW COLUMNS FROM `sm_integral_order` [ RunTime:0.0101s ]
SQL: SELECT * FROM `sm_integral_order` WHERE `status` = 2  [ RunTime:0.0019s ]
SQL: SELECT * FROM `sm_orders` WHERE `order_status` = 4 AND `deliver_type` = 1  [ RunTime:0.0006s ]
SQL: SHOW COLUMNS FROM `sm_stall` [ RunTime:0.0198s ]
NOTIC: [8] A session had already been started - ignoring session_start() D:\xampp\htdocs\app\Small\Controller\BaseController.class.php 第 282 行.
SQL: SHOW COLUMNS FROM `sm_orders` [ RunTime:0.0128s ]
SQL: SELECT a.*,b.image,b.stall_name FROM sm_orders as a LEFT JOIN sm_stall AS b ON a.stall_id = b.stall_id  WHERE a.order_status IN ('3') AND a.is_grab = 2 AND a.order_type = 1 AND `ps_id` = '2193' ORDER BY a.create_time desc  [ RunTime:0.0009s ]
SQL: SELECT a.*,b.image,b.stall_name,b.stall_tel FROM sm_orders as a LEFT JOIN sm_stall AS b ON a.stall_id = b.stall_id  WHERE a.order_status IN ('3') AND a.is_grab = 2 AND a.order_type = 1 AND `ps_id` = '2193' ORDER BY a.create_time desc LIMIT 0,10   [ RunTime:0.0008s ]
SQL: SELECT `status` FROM `sm_member_list` WHERE `member_list_id` = '2193' AND `is_del` = 2 LIMIT 1   [ RunTime:0.0002s ]

[ 2019-09-09T17:21:26+08:00 ] 223.104.101.212 /index.php?m=Small&c=Clerk&a=task&ma_id=1&page=1
INFO: [ app_init ] --START--
INFO: Run Behavior\BuildLiteBehavior [ RunTime:0.000018s ]
INFO: [ app_init ] --END-- [ RunTime:0.000516s ]
INFO: [ app_begin ] --START--
INFO: Run Behavior\ReadHtmlCacheBehavior [ RunTime:0.000912s ]
INFO: [ app_begin ] --END-- [ RunTime:0.000983s ]
NOTIC: [8] A session had already been started - ignoring session_start() D:\xampp\htdocs\app\Small\Controller\BaseController.class.php 第 282 行.
SQL: SHOW COLUMNS FROM `sm_orders` [ RunTime:0.0163s ]
SQL: SELECT `order_id`,`refund_time` FROM `sm_orders` WHERE `refund` = 1  [ RunTime:0.0118s ]
SQL: SHOW COLUMNS FROM `sm_member_list` [ RunTime:0.0082s ]
SQL: SELECT `is_open` FROM `sm_member_list` WHERE `member_list_id` = '2193' LIMIT 1   [ RunTime:0.0002s ]
SQL: SELECT `is_del` FROM `sm_member_list` WHERE `member_list_id` = '2193' LIMIT 1   [ RunTime:0.0002s ]
SQL: SELECT `order_id` FROM `sm_orders` WHERE `order_status` = 2 AND `refund` <> 1 AND ( `effect_time` >= 1567958400 AND `effect_time` <= 1568044799  )  [ RunTime:0.0003s ]
SQL: SHOW COLUMNS FROM `sm_order_goods` [ RunTime:0.0112s ]
SQL: SHOW COLUMNS FROM `sm_dishes` [ RunTime:0.0104s ]
SQL: SELECT `dishes_id`,`create_time`,`order_status`,`order_id`,`order_type` FROM `sm_orders` WHERE `order_status` = 1  [ RunTime:0.0003s ]
SQL: SHOW COLUMNS FROM `sm_integral_order` [ RunTime:0.0103s ]
SQL: SELECT * FROM `sm_integral_order` WHERE `status` = 2  [ RunTime:0.0007s ]
SQL: SELECT * FROM `sm_orders` WHERE `order_status` = 4 AND `deliver_type` = 1  [ RunTime:0.0005s ]
SQL: SHOW COLUMNS FROM `sm_stall` [ RunTime:0.0124s ]
NOTIC: [8] A session had already been started - ignoring session_start() D:\xampp\htdocs\app\Small\Controller\BaseController.class.php 第 282 行.
SQL: SHOW COLUMNS FROM `sm_orders` [ RunTime:0.0098s ]
SQL: SELECT a.*,b.image,b.stall_name FROM sm_orders as a LEFT JOIN sm_stall AS b ON a.stall_id = b.stall_id  WHERE a.is_grab = 1 AND a.order_type = 1 AND a.order_status = 3 ORDER BY a.create_time desc  [ RunTime:0.0127s ]
SQL: SELECT a.*,b.image,b.stall_name FROM sm_orders as a LEFT JOIN sm_stall AS b ON a.stall_id = b.stall_id  WHERE a.is_grab = 1 AND a.order_type = 1 AND a.order_status = 3 ORDER BY a.create_time desc LIMIT 0,10   [ RunTime:0.0015s ]
SQL: SELECT `status` FROM `sm_member_list` WHERE `member_list_id` = '2193' AND `is_del` = 2 LIMIT 1   [ RunTime:0.0003s ]
SQL: SHOW COLUMNS FROM `sm_user_address_list` [ RunTime:0.0170s ]
SQL: SELECT * FROM `sm_user_address_list` WHERE `address` = '1号楼 B区 3楼 307' LIMIT 1   [ RunTime:0.0004s ]
SQL: SHOW COLUMNS FROM `sm_user_address` [ RunTime:0.0125s ]
SQL: SELECT `title` FROM `sm_user_address` WHERE `id` = null LIMIT 1   [ RunTime:0.0002s ]
SQL: SELECT `title` FROM `sm_user_address` WHERE `id` = null LIMIT 1   [ RunTime:0.0002s ]
SQL: SELECT `title` FROM `sm_user_address` WHERE `id` = null LIMIT 1   [ RunTime:0.0002s ]
SQL: SELECT * FROM `sm_user_address_list` WHERE `address` = '1号楼 A区 4楼 1号楼A区4楼407' LIMIT 1   [ RunTime:0.0003s ]
SQL: SELECT `title` FROM `sm_user_address` WHERE `id` = null LIMIT 1   [ RunTime:0.0002s ]
SQL: SELECT `title` FROM `sm_user_address` WHERE `id` = null LIMIT 1   [ RunTime:0.0002s ]
SQL: SELECT `title` FROM `sm_user_address` WHERE `id` = null LIMIT 1   [ RunTime:0.0002s ]
SQL: SELECT * FROM `sm_user_address_list` WHERE `address` = '3号楼 A区 5楼 513' LIMIT 1   [ RunTime:0.0003s ]
SQL: SELECT `title` FROM `sm_user_address` WHERE `id` = null LIMIT 1   [ RunTime:0.0002s ]
SQL: SELECT `title` FROM `sm_user_address` WHERE `id` = null LIMIT 1   [ RunTime:0.0002s ]
SQL: SELECT `title` FROM `sm_user_address` WHERE `id` = null LIMIT 1   [ RunTime:0.0002s ]
SQL: SELECT * FROM `sm_user_address_list` WHERE `address` = '1231231' LIMIT 1   [ RunTime:0.0003s ]
SQL: SELECT `title` FROM `sm_user_address` WHERE `id` = 1 LIMIT 1   [ RunTime:0.0002s ]
SQL: SELECT `title` FROM `sm_user_address` WHERE `id` = 3 LIMIT 1   [ RunTime:0.0002s ]
SQL: SELECT `title` FROM `sm_user_address` WHERE `id` = 6 LIMIT 1   [ RunTime:0.0002s ]

[ 2019-09-09T17:21:26+08:00 ] 223.104.101.212 /index.php?m=Small&c=Clerk&a=finishOrder&ma_id=1&page=1
INFO: [ app_init ] --START--
INFO: Run Behavior\BuildLiteBehavior [ RunTime:0.000014s ]
INFO: [ app_init ] --END-- [ RunTime:0.000439s ]
INFO: [ app_begin ] --START--
INFO: Run Behavior\ReadHtmlCacheBehavior [ RunTime:0.000903s ]
INFO: [ app_begin ] --END-- [ RunTime:0.000965s ]
NOTIC: [8] A session had already been started - ignoring session_start() D:\xampp\htdocs\app\Small\Controller\BaseController.class.php 第 282 行.
SQL: SHOW COLUMNS FROM `sm_orders` [ RunTime:0.0084s ]
SQL: SELECT `order_id`,`refund_time` FROM `sm_orders` WHERE `refund` = 1  [ RunTime:0.0046s ]
SQL: SHOW COLUMNS FROM `sm_member_list` [ RunTime:0.0135s ]
SQL: SELECT `is_open` FROM `sm_member_list` WHERE `member_list_id` = '2193' LIMIT 1   [ RunTime:0.0003s ]
SQL: SELECT `is_del` FROM `sm_member_list` WHERE `member_list_id` = '2193' LIMIT 1   [ RunTime:0.0002s ]
SQL: SELECT `order_id` FROM `sm_orders` WHERE `order_status` = 2 AND `refund` <> 1 AND ( `effect_time` >= 1567958400 AND `effect_time` <= 1568044799  )  [ RunTime:0.0003s ]
SQL: SHOW COLUMNS FROM `sm_order_goods` [ RunTime:0.0074s ]
SQL: SHOW COLUMNS FROM `sm_dishes` [ RunTime:0.0102s ]
SQL: SELECT `dishes_id`,`create_time`,`order_status`,`order_id`,`order_type` FROM `sm_orders` WHERE `order_status` = 1  [ RunTime:0.0003s ]
SQL: SHOW COLUMNS FROM `sm_integral_order` [ RunTime:0.0129s ]
SQL: SELECT * FROM `sm_integral_order` WHERE `status` = 2  [ RunTime:0.0008s ]
SQL: SELECT * FROM `sm_orders` WHERE `order_status` = 4 AND `deliver_type` = 1  [ RunTime:0.0005s ]
SQL: SHOW COLUMNS FROM `sm_stall` [ RunTime:0.0062s ]
NOTIC: [8] A session had already been started - ignoring session_start() D:\xampp\htdocs\app\Small\Controller\BaseController.class.php 第 282 行.
SQL: SHOW COLUMNS FROM `sm_orders` [ RunTime:0.0071s ]
SQL: SELECT a.*,b.image,b.stall_name FROM sm_orders as a LEFT JOIN sm_stall AS b ON a.stall_id = b.stall_id  WHERE a.order_status IN ('5','6') AND a.is_grab = 2 AND a.order_type = 1 AND `ps_id` = '2193' ORDER BY a.create_time desc  [ RunTime:0.0213s ]
SQL: SELECT a.*,b.image,b.stall_name FROM sm_orders as a LEFT JOIN sm_stall AS b ON a.stall_id = b.stall_id  WHERE a.order_status IN ('5','6') AND a.is_grab = 2 AND a.order_type = 1 AND `ps_id` = '2193' ORDER BY a.create_time desc LIMIT 0,10   [ RunTime:0.0224s ]
SQL: SELECT `meal_code` FROM `sm_order_goods` WHERE `order_id` = '8479' LIMIT 1   [ RunTime:0.0002s ]
SQL: SHOW COLUMNS FROM `sm_user_address_list` [ RunTime:0.0047s ]
SQL: SELECT * FROM `sm_user_address_list` WHERE `address` = '1111' LIMIT 1   [ RunTime:0.0002s ]
SQL: SHOW COLUMNS FROM `sm_user_address` [ RunTime:0.0042s ]
SQL: SELECT `title` FROM `sm_user_address` WHERE `id` = 1 LIMIT 1   [ RunTime:0.0002s ]
SQL: SELECT `title` FROM `sm_user_address` WHERE `id` = 2 LIMIT 1   [ RunTime:0.0001s ]
SQL: SELECT `title` FROM `sm_user_address` WHERE `id` = 4 LIMIT 1   [ RunTime:0.0001s ]
SQL: SELECT `status` FROM `sm_member_list` WHERE `member_list_id` = '2193' AND `is_del` = 2 LIMIT 1   [ RunTime:0.0002s ]

[ 2019-09-09T17:21:26+08:00 ] 223.104.101.212 /index.php?m=Small&c=Myorder&a=myorder_list&ma_id=1&page=1&status=1
INFO: [ app_init ] --START--
INFO: Run Behavior\BuildLiteBehavior [ RunTime:0.000016s ]
INFO: [ app_init ] --END-- [ RunTime:0.000499s ]
INFO: [ app_begin ] --START--
INFO: Run Behavior\ReadHtmlCacheBehavior [ RunTime:0.000860s ]
INFO: [ app_begin ] --END-- [ RunTime:0.000927s ]
NOTIC: [8] A session had already been started - ignoring session_start() D:\xampp\htdocs\app\Small\Controller\BaseController.class.php 第 282 行.
SQL: SHOW COLUMNS FROM `sm_orders` [ RunTime:0.0116s ]
SQL: SELECT `order_id`,`refund_time` FROM `sm_orders` WHERE `refund` = 1  [ RunTime:0.0070s ]
SQL: SHOW COLUMNS FROM `sm_member_list` [ RunTime:0.0089s ]
SQL: SELECT `is_open` FROM `sm_member_list` WHERE `member_list_id` = '2193' LIMIT 1   [ RunTime:0.0003s ]
SQL: SELECT `is_del` FROM `sm_member_list` WHERE `member_list_id` = '2193' LIMIT 1   [ RunTime:0.0003s ]
SQL: SELECT `order_id` FROM `sm_orders` WHERE `order_status` = 2 AND `refund` <> 1 AND ( `effect_time` >= 1567958400 AND `effect_time` <= 1568044799  )  [ RunTime:0.0003s ]
SQL: SHOW COLUMNS FROM `sm_order_goods` [ RunTime:0.0070s ]
SQL: SHOW COLUMNS FROM `sm_dishes` [ RunTime:0.0125s ]
SQL: SELECT `dishes_id`,`create_time`,`order_status`,`order_id`,`order_type` FROM `sm_orders` WHERE `order_status` = 1  [ RunTime:0.0003s ]
SQL: SHOW COLUMNS FROM `sm_integral_order` [ RunTime:0.0068s ]
SQL: SELECT * FROM `sm_integral_order` WHERE `status` = 2  [ RunTime:0.0007s ]
SQL: SELECT * FROM `sm_orders` WHERE `order_status` = 4 AND `deliver_type` = 1  [ RunTime:0.0005s ]
SQL: SHOW COLUMNS FROM `sm_stall` [ RunTime:0.0089s ]
NOTIC: [8] A session had already been started - ignoring session_start() D:\xampp\htdocs\app\Small\Controller\BaseController.class.php 第 282 行.
NOTIC: [8] Undefined variable: start D:\xampp\htdocs\app\Small\Controller\MyorderController.class.php 第 34 行.
SQL: SELECT `order_id`,`stall_id`,`dishes_id`,`create_time`,`order_type`,`refund`,`order_status`,`success_time` FROM `sm_orders` WHERE (  `member_list_id` = '2193' AND `order_status` = '1' ) ORDER BY `create_time` desc LIMIT 0,10   [ RunTime:0.0004s ]
SQL: SELECT a.order_id,a.order_status,a.real_money,a.deliver_type,a.order_type,b.image,b.stall_name,a.refund FROM `sm_orders` AS a LEFT JOIN sm_stall AS b ON a.stall_id = b.stall_id  WHERE `member_list_id` = '2193' AND `order_status` = '1' ORDER BY a.create_time desc  [ RunTime:0.0004s ]
SQL: SELECT a.stall_id,a.order_id,a.order_no,a.order_status,a.real_money,a.deliver_type,a.order_type,b.image,b.stall_name,a.refund,a.create_time FROM `sm_orders` AS a LEFT JOIN sm_stall AS b ON a.stall_id = b.stall_id  WHERE `member_list_id` = '2193' AND `order_status` = '1' ORDER BY a.create_time desc LIMIT 0,10   [ RunTime:0.0005s ]
SQL: SHOW COLUMNS FROM `sm_merchant` [ RunTime:0.0128s ]
SQL: SELECT * FROM `sm_merchant` WHERE `ma_id` = 1 LIMIT 1   [ RunTime:0.0006s ]
SQL: SELECT `status` FROM `sm_member_list` WHERE `member_list_id` = '2193' LIMIT 1   [ RunTime:0.0002s ]

[ 2019-09-09T17:21:26+08:00 ] 223.104.101.212 /index.php?m=Small&c=Myorder&a=myorder_list&ma_id=1&page=1&status=2
INFO: [ app_init ] --START--
INFO: Run Behavior\BuildLiteBehavior [ RunTime:0.000012s ]
INFO: [ app_init ] --END-- [ RunTime:0.000365s ]
INFO: [ app_begin ] --START--
INFO: Run Behavior\ReadHtmlCacheBehavior [ RunTime:0.000695s ]
INFO: [ app_begin ] --END-- [ RunTime:0.000753s ]
NOTIC: [8] A session had already been started - ignoring session_start() D:\xampp\htdocs\app\Small\Controller\BaseController.class.php 第 282 行.
SQL: SHOW COLUMNS FROM `sm_orders` [ RunTime:0.0118s ]
SQL: SELECT `order_id`,`refund_time` FROM `sm_orders` WHERE `refund` = 1  [ RunTime:0.0068s ]
SQL: SHOW COLUMNS FROM `sm_member_list` [ RunTime:0.0091s ]
SQL: SELECT `is_open` FROM `sm_member_list` WHERE `member_list_id` = '2193' LIMIT 1   [ RunTime:0.0004s ]
SQL: SELECT `is_del` FROM `sm_member_list` WHERE `member_list_id` = '2193' LIMIT 1   [ RunTime:0.0002s ]
SQL: SELECT `order_id` FROM `sm_orders` WHERE `order_status` = 2 AND `refund` <> 1 AND ( `effect_time` >= 1567958400 AND `effect_time` <= 1568044799  )  [ RunTime:0.0003s ]
SQL: SHOW COLUMNS FROM `sm_order_goods` [ RunTime:0.0092s ]
SQL: SHOW COLUMNS FROM `sm_dishes` [ RunTime:0.0087s ]
SQL: SELECT `dishes_id`,`create_time`,`order_status`,`order_id`,`order_type` FROM `sm_orders` WHERE `order_status` = 1  [ RunTime:0.0003s ]
SQL: SHOW COLUMNS FROM `sm_integral_order` [ RunTime:0.0103s ]
SQL: SELECT * FROM `sm_integral_order` WHERE `status` = 2  [ RunTime:0.0007s ]
SQL: SELECT * FROM `sm_orders` WHERE `order_status` = 4 AND `deliver_type` = 1  [ RunTime:0.0005s ]
SQL: SHOW COLUMNS FROM `sm_stall` [ RunTime:0.0079s ]
NOTIC: [8] A session had already been started - ignoring session_start() D:\xampp\htdocs\app\Small\Controller\BaseController.class.php 第 282 行.
NOTIC: [8] Undefined variable: start D:\xampp\htdocs\app\Small\Controller\MyorderController.class.php 第 34 行.
SQL: SELECT `order_id`,`stall_id`,`dishes_id`,`create_time`,`order_type`,`refund`,`order_status`,`success_time` FROM `sm_orders` WHERE (  `member_list_id` = '2193' AND `order_status` = '2' ) ORDER BY `create_time` desc LIMIT 0,10   [ RunTime:0.0003s ]
SQL: SELECT a.order_id,a.order_status,a.real_money,a.deliver_type,a.order_type,b.image,b.stall_name,a.refund FROM `sm_orders` AS a LEFT JOIN sm_stall AS b ON a.stall_id = b.stall_id  WHERE `member_list_id` = '2193' AND `order_status` = '2' ORDER BY a.create_time desc  [ RunTime:0.0004s ]
SQL: SELECT a.stall_id,a.order_id,a.order_no,a.order_status,a.real_money,a.deliver_type,a.order_type,b.image,b.stall_name,a.refund,a.create_time FROM `sm_orders` AS a LEFT JOIN sm_stall AS b ON a.stall_id = b.stall_id  WHERE `member_list_id` = '2193' AND `order_status` = '2' ORDER BY a.create_time desc LIMIT 0,10   [ RunTime:0.0004s ]
SQL: SHOW COLUMNS FROM `sm_merchant` [ RunTime:0.0123s ]
SQL: SELECT * FROM `sm_merchant` WHERE `ma_id` = 1 LIMIT 1   [ RunTime:0.0005s ]
SQL: SELECT `status` FROM `sm_member_list` WHERE `member_list_id` = '2193' LIMIT 1   [ RunTime:0.0002s ]

[ 2019-09-09T17:21:26+08:00 ] 223.104.101.212 /index.php?m=Small&c=Myorder&a=myorder_list&ma_id=1&page=1&status=0
INFO: [ app_init ] --START--
INFO: Run Behavior\BuildLiteBehavior [ RunTime:0.000015s ]
INFO: [ app_init ] --END-- [ RunTime:0.000474s ]
INFO: [ app_begin ] --START--
INFO: Run Behavior\ReadHtmlCacheBehavior [ RunTime:0.000898s ]
INFO: [ app_begin ] --END-- [ RunTime:0.000964s ]
NOTIC: [8] A session had already been started - ignoring session_start() D:\xampp\htdocs\app\Small\Controller\BaseController.class.php 第 282 行.
SQL: SHOW COLUMNS FROM `sm_orders` [ RunTime:0.0095s ]
SQL: SELECT `order_id`,`refund_time` FROM `sm_orders` WHERE `refund` = 1  [ RunTime:0.0067s ]
SQL: SHOW COLUMNS FROM `sm_member_list` [ RunTime:0.0061s ]
SQL: SELECT `is_open` FROM `sm_member_list` WHERE `member_list_id` = '2193' LIMIT 1   [ RunTime:0.0003s ]
SQL: SELECT `is_del` FROM `sm_member_list` WHERE `member_list_id` = '2193' LIMIT 1   [ RunTime:0.0002s ]
SQL: SELECT `order_id` FROM `sm_orders` WHERE `order_status` = 2 AND `refund` <> 1 AND ( `effect_time` >= 1567958400 AND `effect_time` <= 1568044799  )  [ RunTime:0.0003s ]
SQL: SHOW COLUMNS FROM `sm_order_goods` [ RunTime:0.0077s ]
SQL: SHOW COLUMNS FROM `sm_dishes` [ RunTime:0.0082s ]
SQL: SELECT `dishes_id`,`create_time`,`order_status`,`order_id`,`order_type` FROM `sm_orders` WHERE `order_status` = 1  [ RunTime:0.0003s ]
SQL: SHOW COLUMNS FROM `sm_integral_order` [ RunTime:0.0092s ]
SQL: SELECT * FROM `sm_integral_order` WHERE `status` = 2  [ RunTime:0.0008s ]
SQL: SELECT * FROM `sm_orders` WHERE `order_status` = 4 AND `deliver_type` = 1  [ RunTime:0.0006s ]
SQL: SHOW COLUMNS FROM `sm_stall` [ RunTime:0.0114s ]
NOTIC: [8] A session had already been started - ignoring session_start() D:\xampp\htdocs\app\Small\Controller\BaseController.class.php 第 282 行.
NOTIC: [8] Undefined variable: start D:\xampp\htdocs\app\Small\Controller\MyorderController.class.php 第 34 行.
SQL: SELECT `order_id`,`stall_id`,`dishes_id`,`create_time`,`order_type`,`refund`,`order_status`,`success_time` FROM `sm_orders` WHERE (  `member_list_id` = '2193' ) ORDER BY `create_time` desc LIMIT 0,10   [ RunTime:0.0091s ]
SQL: SELECT a.order_id,a.order_status,a.real_money,a.deliver_type,a.order_type,b.image,b.stall_name,a.refund FROM `sm_orders` AS a LEFT JOIN sm_stall AS b ON a.stall_id = b.stall_id  WHERE `member_list_id` = '2193' ORDER BY a.create_time desc  [ RunTime:0.0093s ]
SQL: SELECT a.stall_id,a.order_id,a.order_no,a.order_status,a.real_money,a.deliver_type,a.order_type,b.image,b.stall_name,a.refund,a.create_time FROM `sm_orders` AS a LEFT JOIN sm_stall AS b ON a.stall_id = b.stall_id  WHERE `member_list_id` = '2193' ORDER BY a.create_time desc LIMIT 0,10   [ RunTime:0.0087s ]
SQL: SELECT `id`,`dishes_name`,`dishes_nums`,`discount_price`,`dishes_price`,`pic_url` FROM `sm_order_goods` WHERE `order_id` = '8548' ORDER BY `id` asc  [ RunTime:0.0003s ]
SQL: SELECT `id`,`dishes_name`,`dishes_nums`,`discount_price`,`dishes_price`,`pic_url` FROM `sm_order_goods` WHERE `order_id` = '8547' ORDER BY `id` asc  [ RunTime:0.0003s ]
SQL: SELECT `id`,`dishes_name`,`dishes_nums`,`discount_price`,`dishes_price`,`pic_url` FROM `sm_order_goods` WHERE `order_id` = '8546' ORDER BY `id` asc  [ RunTime:0.0003s ]
SQL: SELECT `id`,`dishes_name`,`dishes_nums`,`discount_price`,`dishes_price`,`pic_url` FROM `sm_order_goods` WHERE `order_id` = '8542' ORDER BY `id` asc  [ RunTime:0.0003s ]
SQL: SELECT `id`,`dishes_name`,`dishes_nums`,`discount_price`,`dishes_price`,`pic_url` FROM `sm_order_goods` WHERE `order_id` = '8540' ORDER BY `id` asc  [ RunTime:0.0003s ]
SQL: SELECT `id`,`dishes_name`,`dishes_nums`,`discount_price`,`dishes_price`,`pic_url` FROM `sm_order_goods` WHERE `order_id` = '8538' ORDER BY `id` asc  [ RunTime:0.0003s ]
SQL: SELECT `id`,`dishes_name`,`dishes_nums`,`discount_price`,`dishes_price`,`pic_url` FROM `sm_order_goods` WHERE `order_id` = '8537' ORDER BY `id` asc  [ RunTime:0.0003s ]
SQL: SELECT `id`,`dishes_name`,`dishes_nums`,`discount_price`,`dishes_price`,`pic_url` FROM `sm_order_goods` WHERE `order_id` = '8536' ORDER BY `id` asc  [ RunTime:0.0003s ]
SQL: SELECT `id`,`dishes_name`,`dishes_nums`,`discount_price`,`dishes_price`,`pic_url` FROM `sm_order_goods` WHERE `order_id` = '8535' ORDER BY `id` asc  [ RunTime:0.0003s ]
SQL: SELECT `id`,`dishes_name`,`dishes_nums`,`discount_price`,`dishes_price`,`pic_url` FROM `sm_order_goods` WHERE `order_id` = '8534' ORDER BY `id` asc  [ RunTime:0.0003s ]
SQL: SHOW COLUMNS FROM `sm_merchant` [ RunTime:0.0063s ]
SQL: SELECT * FROM `sm_merchant` WHERE `ma_id` = 1 LIMIT 1   [ RunTime:0.0004s ]
SQL: SELECT `status` FROM `sm_member_list` WHERE `member_list_id` = '2193' LIMIT 1   [ RunTime:0.0002s ]

[ 2019-09-09T17:21:26+08:00 ] 223.104.101.212 /index.php?m=Small&c=Myorder&a=myorder_list&ma_id=1&page=1&status=5
INFO: [ app_init ] --START--
INFO: Run Behavior\BuildLiteBehavior [ RunTime:0.000016s ]
INFO: [ app_init ] --END-- [ RunTime:0.000475s ]
INFO: [ app_begin ] --START--
INFO: Run Behavior\ReadHtmlCacheBehavior [ RunTime:0.000978s ]
INFO: [ app_begin ] --END-- [ RunTime:0.001044s ]
NOTIC: [8] A session had already been started - ignoring session_start() D:\xampp\htdocs\app\Small\Controller\BaseController.class.php 第 282 行.
SQL: SHOW COLUMNS FROM `sm_orders` [ RunTime:0.0111s ]
SQL: SELECT `order_id`,`refund_time` FROM `sm_orders` WHERE `refund` = 1  [ RunTime:0.0069s ]
SQL: SHOW COLUMNS FROM `sm_member_list` [ RunTime:0.0095s ]
SQL: SELECT `is_open` FROM `sm_member_list` WHERE `member_list_id` = '2193' LIMIT 1   [ RunTime:0.0003s ]
SQL: SELECT `is_del` FROM `sm_member_list` WHERE `member_list_id` = '2193' LIMIT 1   [ RunTime:0.0002s ]
SQL: SELECT `order_id` FROM `sm_orders` WHERE `order_status` = 2 AND `refund` <> 1 AND ( `effect_time` >= 1567958400 AND `effect_time` <= 1568044799  )  [ RunTime:0.0003s ]
SQL: SHOW COLUMNS FROM `sm_order_goods` [ RunTime:0.0069s ]
SQL: SHOW COLUMNS FROM `sm_dishes` [ RunTime:0.0155s ]
SQL: SELECT `dishes_id`,`create_time`,`order_status`,`order_id`,`order_type` FROM `sm_orders` WHERE `order_status` = 1  [ RunTime:0.0003s ]
SQL: SHOW COLUMNS FROM `sm_integral_order` [ RunTime:0.0054s ]
SQL: SELECT * FROM `sm_integral_order` WHERE `status` = 2  [ RunTime:0.0005s ]
SQL: SELECT * FROM `sm_orders` WHERE `order_status` = 4 AND `deliver_type` = 1  [ RunTime:0.0004s ]
SQL: SHOW COLUMNS FROM `sm_stall` [ RunTime:0.0061s ]
NOTIC: [8] A session had already been started - ignoring session_start() D:\xampp\htdocs\app\Small\Controller\BaseController.class.php 第 282 行.
NOTIC: [8] Undefined variable: start D:\xampp\htdocs\app\Small\Controller\MyorderController.class.php 第 34 行.
SQL: SELECT `order_id`,`stall_id`,`dishes_id`,`create_time`,`order_type`,`refund`,`order_status`,`success_time` FROM `sm_orders` WHERE (  `member_list_id` = '2193' AND `order_status` = '5' ) ORDER BY `create_time` desc LIMIT 0,10   [ RunTime:0.0092s ]
SQL: SELECT a.order_id,a.order_status,a.real_money,a.deliver_type,a.order_type,b.image,b.stall_name,a.refund FROM `sm_orders` AS a LEFT JOIN sm_stall AS b ON a.stall_id = b.stall_id  WHERE `member_list_id` = '2193' AND `order_status` = '5' ORDER BY a.create_time desc  [ RunTime:0.0095s ]
SQL: SELECT a.stall_id,a.order_id,a.order_no,a.order_status,a.real_money,a.deliver_type,a.order_type,b.image,b.stall_name,a.refund,a.create_time FROM `sm_orders` AS a LEFT JOIN sm_stall AS b ON a.stall_id = b.stall_id  WHERE `member_list_id` = '2193' AND `order_status` = '5' ORDER BY a.create_time desc LIMIT 0,10   [ RunTime:0.0080s ]
SQL: SELECT `id`,`dishes_name`,`dishes_nums`,`discount_price`,`dishes_price`,`pic_url` FROM `sm_order_goods` WHERE `order_id` = '8548' ORDER BY `id` asc  [ RunTime:0.0003s ]
SQL: SELECT `id`,`dishes_name`,`dishes_nums`,`discount_price`,`dishes_price`,`pic_url` FROM `sm_order_goods` WHERE `order_id` = '8535' ORDER BY `id` asc  [ RunTime:0.0003s ]
SQL: SELECT `id`,`dishes_name`,`dishes_nums`,`discount_price`,`dishes_price`,`pic_url` FROM `sm_order_goods` WHERE `order_id` = '8533' ORDER BY `id` asc  [ RunTime:0.0002s ]
SQL: SELECT `id`,`dishes_name`,`dishes_nums`,`discount_price`,`dishes_price`,`pic_url` FROM `sm_order_goods` WHERE `order_id` = '8532' ORDER BY `id` asc  [ RunTime:0.0002s ]
SQL: SELECT `id`,`dishes_name`,`dishes_nums`,`discount_price`,`dishes_price`,`pic_url` FROM `sm_order_goods` WHERE `order_id` = '8531' ORDER BY `id` asc  [ RunTime:0.0002s ]
SQL: SELECT `id`,`dishes_name`,`dishes_nums`,`discount_price`,`dishes_price`,`pic_url` FROM `sm_order_goods` WHERE `order_id` = '8530' ORDER BY `id` asc  [ RunTime:0.0002s ]
SQL: SELECT `id`,`dishes_name`,`dishes_nums`,`discount_price`,`dishes_price`,`pic_url` FROM `sm_order_goods` WHERE `order_id` = '8524' ORDER BY `id` asc  [ RunTime:0.0002s ]
SQL: SELECT `id`,`dishes_name`,`dishes_nums`,`discount_price`,`dishes_price`,`pic_url` FROM `sm_order_goods` WHERE `order_id` = '8521' ORDER BY `id` asc  [ RunTime:0.0002s ]
SQL: SELECT `id`,`dishes_name`,`dishes_nums`,`discount_price`,`dishes_price`,`pic_url` FROM `sm_order_goods` WHERE `order_id` = '8519' ORDER BY `id` asc  [ RunTime:0.0002s ]
SQL: SELECT `id`,`dishes_name`,`dishes_nums`,`discount_price`,`dishes_price`,`pic_url` FROM `sm_order_goods` WHERE `order_id` = '8517' ORDER BY `id` asc  [ RunTime:0.0002s ]
SQL: SHOW COLUMNS FROM `sm_merchant` [ RunTime:0.0049s ]
SQL: SELECT * FROM `sm_merchant` WHERE `ma_id` = 1 LIMIT 1   [ RunTime:0.0003s ]
SQL: SELECT `status` FROM `sm_member_list` WHERE `member_list_id` = '2193' LIMIT 1   [ RunTime:0.0002s ]

[ 2019-09-09T17:21:27+08:00 ] 223.104.101.212 /index.php?m=Small&c=Index&a=errors&ma_id=1
INFO: [ app_init ] --START--
INFO: Run Behavior\BuildLiteBehavior [ RunTime:0.000014s ]
INFO: [ app_init ] --END-- [ RunTime:0.000329s ]
INFO: [ app_begin ] --START--
INFO: Run Behavior\ReadHtmlCacheBehavior [ RunTime:0.000451s ]
INFO: [ app_begin ] --END-- [ RunTime:0.000499s ]
NOTIC: [8] A session had already been started - ignoring session_start() D:\xampp\htdocs\app\Small\Controller\BaseController.class.php 第 282 行.
SQL: SHOW COLUMNS FROM `sm_orders` [ RunTime:0.0126s ]
SQL: SELECT `order_id`,`refund_time` FROM `sm_orders` WHERE `refund` = 1  [ RunTime:0.0277s ]
SQL: SHOW COLUMNS FROM `sm_member_list` [ RunTime:0.0091s ]
SQL: SELECT `is_open` FROM `sm_member_list` WHERE `member_list_id` = '2193' LIMIT 1   [ RunTime:0.0003s ]
SQL: SELECT `is_del` FROM `sm_member_list` WHERE `member_list_id` = '2193' LIMIT 1   [ RunTime:0.0002s ]
SQL: SELECT `order_id` FROM `sm_orders` WHERE `order_status` = 2 AND `refund` <> 1 AND ( `effect_time` >= 1567958400 AND `effect_time` <= 1568044799  )  [ RunTime:0.0039s ]
SQL: SHOW COLUMNS FROM `sm_order_goods` [ RunTime:0.0080s ]
SQL: SHOW COLUMNS FROM `sm_dishes` [ RunTime:0.0073s ]
SQL: SELECT `dishes_id`,`create_time`,`order_status`,`order_id`,`order_type` FROM `sm_orders` WHERE `order_status` = 1  [ RunTime:0.0003s ]
SQL: SHOW COLUMNS FROM `sm_integral_order` [ RunTime:0.0054s ]
SQL: SELECT * FROM `sm_integral_order` WHERE `status` = 2  [ RunTime:0.0025s ]
SQL: SELECT * FROM `sm_orders` WHERE `order_status` = 4 AND `deliver_type` = 1  [ RunTime:0.0004s ]
SQL: SHOW COLUMNS FROM `sm_stall` [ RunTime:0.0082s ]
NOTIC: [8] A session had already been started - ignoring session_start() D:\xampp\htdocs\app\Small\Controller\BaseController.class.php 第 282 行.
SQL: SELECT `status` FROM `sm_member_list` WHERE `member_list_id` = '2193' AND `is_del` = 2 LIMIT 1   [ RunTime:0.0002s ]

[ 2019-09-09T17:21:27+08:00 ] 223.104.101.212 /index.php?m=Small&c=Drink&a=distance&ma_id=1
INFO: [ app_init ] --START--
INFO: Run Behavior\BuildLiteBehavior [ RunTime:0.000012s ]
INFO: [ app_init ] --END-- [ RunTime:0.000319s ]
INFO: [ app_begin ] --START--
INFO: Run Behavior\ReadHtmlCacheBehavior [ RunTime:0.000564s ]
INFO: [ app_begin ] --END-- [ RunTime:0.000612s ]
NOTIC: [8] A session had already been started - ignoring session_start() D:\xampp\htdocs\app\Small\Controller\BaseController.class.php 第 282 行.
SQL: SHOW COLUMNS FROM `sm_orders` [ RunTime:0.0081s ]
SQL: SELECT `order_id`,`refund_time` FROM `sm_orders` WHERE `refund` = 1  [ RunTime:0.0040s ]
SQL: SHOW COLUMNS FROM `sm_member_list` [ RunTime:0.0050s ]
SQL: SELECT `is_open` FROM `sm_member_list` WHERE `member_list_id` = '2193' LIMIT 1   [ RunTime:0.0003s ]
SQL: SELECT `is_del` FROM `sm_member_list` WHERE `member_list_id` = '2193' LIMIT 1   [ RunTime:0.0002s ]
SQL: SELECT `order_id` FROM `sm_orders` WHERE `order_status` = 2 AND `refund` <> 1 AND ( `effect_time` >= 1567958400 AND `effect_time` <= 1568044799  )  [ RunTime:0.0002s ]
SQL: SHOW COLUMNS FROM `sm_order_goods` [ RunTime:0.0045s ]
SQL: SHOW COLUMNS FROM `sm_dishes` [ RunTime:0.0045s ]
SQL: SELECT `dishes_id`,`create_time`,`order_status`,`order_id`,`order_type` FROM `sm_orders` WHERE `order_status` = 1  [ RunTime:0.0003s ]
SQL: SHOW COLUMNS FROM `sm_integral_order` [ RunTime:0.0055s ]
SQL: SELECT * FROM `sm_integral_order` WHERE `status` = 2  [ RunTime:0.0005s ]
SQL: SELECT * FROM `sm_orders` WHERE `order_status` = 4 AND `deliver_type` = 1  [ RunTime:0.0003s ]
SQL: SHOW COLUMNS FROM `sm_stall` [ RunTime:0.0054s ]
NOTIC: [8] A session had already been started - ignoring session_start() D:\xampp\htdocs\app\Small\Controller\BaseController.class.php 第 282 行.
SQL: SHOW COLUMNS FROM `sm_merchant` [ RunTime:0.0086s ]
SQL: SELECT `ma_id` FROM `sm_merchant` WHERE `delete` = 1 AND `is_open` = 1 AND `due_deadline` > 1568020887 AND `ma_id` = 1 LIMIT 1   [ RunTime:0.0002s ]
NOTIC: [8] A session had already been started - ignoring session_start() D:\xampp\htdocs\app\Small\Controller\BaseController.class.php 第 282 行.
SQL: SELECT `longitude`,`latitude` FROM `sm_merchant` WHERE `ma_id` = 1 LIMIT 1   [ RunTime:0.0002s ]

