[ 2019-08-26T00:49:07+08:00 ] 80.82.70.187 http://www.baidu.com/cache/global/img/gs.gif
INFO: [ app_init ] --START--
INFO: Run Behavior\BuildLiteBehavior [ RunTime:0.000013s ]
INFO: [ app_init ] --END-- [ RunTime:0.000372s ]

[ 2019-08-26T01:33:13+08:00 ] 104.131.218.38 /dana-na/nc/nc_gina_ver.txt
INFO: [ app_init ] --START--
INFO: Run Behavior\BuildLiteBehavior [ RunTime:0.000012s ]
INFO: [ app_init ] --END-- [ RunTime:0.000364s ]
ERR: 无法加载模块:Dana-na

[ 2019-08-26T03:09:31+08:00 ] 151.106.38.40 /robots.txt
INFO: [ app_init ] --START--
INFO: Run Behavior\BuildLiteBehavior [ RunTime:0.000014s ]
INFO: [ app_init ] --END-- [ RunTime:0.000445s ]
ERR: 无法加载模块:Robots

[ 2019-08-26T10:46:23+08:00 ] 80.82.70.187 http://www.baidu.com/cache/global/img/gs.gif
INFO: [ app_init ] --START--
INFO: Run Behavior\BuildLiteBehavior [ RunTime:0.000014s ]
INFO: [ app_init ] --END-- [ RunTime:0.000368s ]

[ 2019-08-26T11:02:02+08:00 ] 95.213.177.125 http://check.proxyradar.com/azenv.php?auth=156678852127&a=PSCN&i=660622854&p=80
INFO: [ app_init ] --START--
INFO: Run Behavior\BuildLiteBehavior [ RunTime:0.000014s ]
INFO: [ app_init ] --END-- [ RunTime:0.000378s ]
ERR: 无法加载模块:Azenv

[ 2019-08-26T12:25:18+08:00 ] 223.104.187.7 /public/home/js/jquery.cookie.js
INFO: [ app_init ] --START--
INFO: Run Behavior\BuildLiteBehavior [ RunTime:0.000013s ]
INFO: [ app_init ] --END-- [ RunTime:0.000391s ]
ERR: 无法加载模块:Public

[ 2019-08-26T12:25:20+08:00 ] 223.104.187.7 /public/home/js/jquery.cookie.js
INFO: [ app_init ] --START--
INFO: Run Behavior\BuildLiteBehavior [ RunTime:0.000013s ]
INFO: [ app_init ] --END-- [ RunTime:0.000326s ]
ERR: 无法加载模块:Public

[ 2019-08-26T12:25:32+08:00 ] 223.104.187.7 /favicon.ico
INFO: [ app_init ] --START--
INFO: Run Behavior\BuildLiteBehavior [ RunTime:0.000012s ]
INFO: [ app_init ] --END-- [ RunTime:0.000320s ]

[ 2019-08-26T12:32:05+08:00 ] 89.248.174.219 /script
INFO: [ app_init ] --START--
INFO: Run Behavior\BuildLiteBehavior [ RunTime:0.000013s ]
INFO: [ app_init ] --END-- [ RunTime:0.000364s ]
ERR: 无法加载模块:Script

[ 2019-08-26T12:57:07+08:00 ] 89.248.174.219 /script
INFO: [ app_init ] --START--
INFO: Run Behavior\BuildLiteBehavior [ RunTime:0.000013s ]
INFO: [ app_init ] --END-- [ RunTime:0.000369s ]
ERR: 无法加载模块:Script

[ 2019-08-26T17:07:01+08:00 ] 42.51.206.101 /sdk
INFO: [ app_init ] --START--
INFO: Run Behavior\BuildLiteBehavior [ RunTime:0.000017s ]
INFO: [ app_init ] --END-- [ RunTime:0.000496s ]
ERR: 无法加载模块:Sdk

[ 2019-08-26T17:07:01+08:00 ] 42.51.206.101 /nmaplowercheck1566811251
INFO: [ app_init ] --START--
INFO: Run Behavior\BuildLiteBehavior [ RunTime:0.000017s ]
INFO: [ app_init ] --END-- [ RunTime:0.000510s ]
ERR: 无法加载模块:Nmaplowercheck1566811251

[ 2019-08-26T17:07:02+08:00 ] 42.51.206.101 /HNAP1
INFO: [ app_init ] --START--
INFO: Run Behavior\BuildLiteBehavior [ RunTime:0.000015s ]
INFO: [ app_init ] --END-- [ RunTime:0.000352s ]
ERR: 无法加载模块:HNAP1

[ 2019-08-26T20:48:57+08:00 ] 80.82.70.187 http://www.baidu.com/cache/global/img/gs.gif
INFO: [ app_init ] --START--
INFO: Run Behavior\BuildLiteBehavior [ RunTime:0.000014s ]
INFO: [ app_init ] --END-- [ RunTime:0.000373s ]

[ 2019-08-26T22:41:43+08:00 ] 95.213.177.123 http://check.proxyradar.com/azenv.php?auth=156683050257&a=PSCN&i=660622854&p=80
INFO: [ app_init ] --START--
INFO: Run Behavior\BuildLiteBehavior [ RunTime:0.000013s ]
INFO: [ app_init ] --END-- [ RunTime:0.000367s ]
ERR: 无法加载模块:Azenv

