[ 2019-11-17T00:43:05+08:00 ] 18.224.249.2 /pma/scripts/setup.php
INFO: [ app_init ] --START--
INFO: Run Behavior\BuildLiteBehavior [ RunTime:0.000014s ]
INFO: [ app_init ] --END-- [ RunTime:0.000406s ]
ERR: Êó†Ê≥ïÂä†ËΩΩÊ®°Âùó:Pma

[ 2019-11-17T00:43:05+08:00 ] 18.224.249.2 /myadmin/scripts/setup.php
INFO: [ app_init ] --START--
INFO: Run Behavior\BuildLiteBehavior [ RunTime:0.000012s ]
INFO: [ app_init ] --END-- [ RunTime:0.000347s ]
ERR: Êó†Ê≥ïÂä†ËΩΩÊ®°Âùó:Myadmin

[ 2019-11-17T03:46:23+08:00 ] 42.157.195.87 /nmaplowercheck1573933922
INFO: [ app_init ] --START--
INFO: Run Behavior\BuildLiteBehavior [ RunTime:0.000017s ]
INFO: [ app_init ] --END-- [ RunTime:0.000405s ]
ERR: Êó†Ê≥ïÂä†ËΩΩÊ®°Âùó:Nmaplowercheck1573933922

[ 2019-11-17T03:46:23+08:00 ] 42.157.195.87 /sdk
INFO: [ app_init ] --START--
INFO: Run Behavior\BuildLiteBehavior [ RunTime:0.000013s ]
INFO: [ app_init ] --END-- [ RunTime:0.000382s ]
ERR: Êó†Ê≥ïÂä†ËΩΩÊ®°Âùó:Sdk

ïÂä†ËΩΩÊ®°Âùó:Nmaplowercheck1573933922

[ 2019-11-17T03:46:25+08:00 ] 42.157.195.87 /HNAP1
INFO: [ app_init ] --START--
INFO: Run Behavior\BuildLiteBehavior [ RunTime:0.000014s ]
INFO: [ app_init ] --END-- [ RunTime:0.000321s ]
ERR: Êó†Ê≥ïÂä†ËΩΩÊ®°Âùó:HNAP1

[ 2019-11-17T03:46:26+08:00 ] 42.157.195.87 /HNAP1
INFO: [ app_init ] --START--
INFO: Run Behavior\BuildLiteBehavior [ RunTime:0.000019s ]
INFO: [ app_init ] --END-- [ RunTime:0.000424s ]
ERR: Êó†Ê≥ïÂä†ËΩΩÊ®°Âùó:HNAP1

[ 2019-11-17T03:46:38+08:00 ] 42.157.195.87 /evox/about
INFO: [ app_init ] --START--
INFO: Run Behavior\BuildLiteBehavior [ RunTime:0.000013s ]
INFO: [ app_init ] --END-- [ RunTime:0.000314s ]
ERR: Êó†Ê≥ïÂä†ËΩΩÊ®°Âùó:Evox

[ 2019-11-17T03:46:41+08:00 ] 42.157.195.87 /evox/about
INFO: [ app_init ] --START--
INFO: Run Behavior\BuildLiteBehavior [ RunTime:0.000014s ]
INFO: [ app_init ] --END-- [ RunTime:0.000319s ]
ERR: Êó†Ê≥ïÂä†ËΩΩÊ®°Âùó:Evox

[ 2019-11-17T03:46:53+08:00 ] 42.157.195.87 /sdk
INFO: [ app_init ] --START--
INFO: Run Behavior\BuildLiteBehavior [ RunTime:0.000013s ]
INFO: [ app_init ] --END-- [ RunTime:0.000338s ]
ERR: Êó†Ê≥ïÂä†ËΩΩÊ®°Âùó:Sdk

[ 2019-11-17T04:10:10+08:00 ] 80.82.70.187 http://www.baidu.com/cache/global/img/gs.gif
INFO: [ app_init ] --START--
INFO: Run Behavior\BuildLiteBehavior [ RunTime:0.000013s ]
INFO: [ app_init ] --END-- [ RunTime:0.000369s ]

[ 2019-11-17T04:53:51+08:00 ] 95.213.177.126 http://check.proxyradar.com/azenv.php?auth=157393763125&a=PSCN&i=660622854&p=80
INFO: [ app_init ] --START--
INFO: Run Behavior\BuildLiteBehavior [ RunTime:0.000015s ]
INFO: [ app_init ] --END-- [ RunTime:0.000388s ]
ERR: Êó†Ê≥ïÂä†ËΩΩÊ®°Âùó:Azenv

[ 2019-11-17T09:50:47+08:00 ] 39.98.61.193 /TP/public/index.php
INFO: [ app_init ] --START--
INFO: Run Behavior\BuildLiteBehavior [ RunTime:0.000014s ]
INFO: [ app_init ] --END-- [ RunTime:0.000378s ]
ERR: Êó†Ê≥ïÂä†ËΩΩÊ®°Âùó:TP

[ 2019-11-17T09:50:47+08:00 ] 39.98.61.193 /TP/index.php
INFO: [ app_init ] --START--
INFO: Run Behavior\BuildLiteBehavior [ RunTime:0.000012s ]
INFO: [ app_init ] --END-- [ RunTime:0.000343s ]
ERR: Êó†Ê≥ïÂä†ËΩΩÊ®°Âùó:TP

[ 2019-11-17T09:50:47+08:00 ] 39.98.61.193 /thinkphp/html/public/index.php
INFO: [ app_init ] --START--
INFO: Run Behavior\BuildLiteBehavior [ RunTime:0.000012s ]
INFO: [ app_init ] --END-- [ RunTime:0.000349s ]
ERR: Êó†Ê≥ïÂä†ËΩΩÊ®°Âùó:ThinkPHP

[ 2019-11-17T09:50:47+08:00 ] 39.98.61.193 /html/public/index.php
INFO: [ app_init ] --START--
INFO: Run Behavior\BuildLiteBehavior [ RunTime:0.000013s ]
INFO: [ app_init ] --END-- [ RunTime:0.000355s ]
ERR: Êó†Ê≥ïÂä†ËΩΩÊ®°Âùó:Html

[ 2019-11-17T09:50:47+08:00 ] 39.98.61.193 /public/index.php
INFO: [ app_init ] --START--
INFO: Run Behavior\BuildLiteBehavior [ RunTime:0.000013s ]
INFO: [ app_init ] --END-- [ RunTime:0.000354s ]
ERR: Êó†Ê≥ïÂä†ËΩΩÊ®°Âùó:Public

[ 2019-11-17T09:50:47+08:00 ] 39.98.61.193 /TP/html/public/index.php
INFO: [ app_init ] --START--
INFO: Run Behavior\BuildLiteBehavior [ RunTime:0.000012s ]
INFO: [ app_init ] --END-- [ RunTime:0.000345s ]
ERR: Êó†Ê≥ïÂä†ËΩΩÊ®°Âùó:TP

[ 2019-11-17T09:50:47+08:00 ] 39.98.61.193 /elrekt.php
INFO: [ app_init ] --START--
INFO: Run Behavior\BuildLiteBehavior [ RunTime:0.000012s ]
INFO: [ app_init ] --END-- [ RunTime:0.000357s ]
ERR: Êó†Ê≥ïÂä†ËΩΩÊ®°Âùó:Elrekt

[ 2019-11-17T09:50:47+08:00 ] 39.98.61.193 /index.php?s=index/\think\app/invokefunction&function=call_user_func_array&vars[0]=phpinfo&vars[1][]=1
INFO: [ app_init ] --START--
INFO: Run Behavior\BuildLiteBehavior [ RunTime:0.000013s ]
INFO: [ app_init ] --END-- [ RunTime:0.000303s ]
ERR: Êó†Ê≥ïÂä†ËΩΩÊ®°Âùó:Index

[ 2019-11-17T09:50:47+08:00 ] 39.98.61.193 /index.php?s=captcha
INFO: [ app_init ] --START--
INFO: Run Behavior\BuildLiteBehavior [ RunTime:0.000012s ]
INFO: [ app_init ] --END-- [ RunTime:0.000295s ]
ERR: Êó†Ê≥ïÂä†ËΩΩÊ®°Âùó:Captcha

[ 2019-11-17T11:05:35+08:00 ] 185.234.218.50 /database/print.css
INFO: [ app_init ] --START--
INFO: Run Behavior\BuildLiteBehavior [ RunTime:0.000013s ]
INFO: [ app_init ] --END-- [ RunTime:0.000375s ]
ERR: Êó†Ê≥ïÂä†ËΩΩÊ®°Âùó:Database

[ 2019-11-17T11:05:36+08:00 ] 185.234.218.50 /pma/print.css
INFO: [ app_init ] --START--
INFO: Run Behavior\BuildLiteBehavior [ RunTime:0.000013s ]
INFO: [ app_init ] --END-- [ RunTime:0.000319s ]
ERR: Êó†Ê≥ïÂä†ËΩΩÊ®°Âùó:Pma

[ 2019-11-17T11:05:38+08:00 ] 185.234.218.50 /myadmin/print.css
INFO: [ app_init ] --START--
INFO: Run Behavior\BuildLiteBehavior [ RunTime:0.000013s ]
INFO: [ app_init ] --END-- [ RunTime:0.000309s ]
ERR: Êó†Ê≥ïÂä†ËΩΩÊ®°Âùó:Myadmin

[ 2019-11-17T11:05:38+08:00 ] 185.234.218.50 /mysql/print.css
INFO: [ app_init ] --START--
INFO: Run Behavior\BuildLiteBehavior [ RunTime:0.000013s ]
INFO: [ app_init ] --END-- [ RunTime:0.000328s ]
ERR: Êó†Ê≥ïÂä†ËΩΩÊ®°Âùó:Mysql

[ 2019-11-17T11:44:34+08:00 ] 125.65.40.231 /register/js/global.js
INFO: [ app_init ] --START--
INFO: Run Behavior\BuildLiteBehavior [ RunTime:0.000017s ]
INFO: [ app_init ] --END-- [ RunTime:0.000461s ]
ERR: Êó†Ê≥ïÂä†ËΩΩÊ®°Âùó:Register

[ 2019-11-17T11:44:34+08:00 ] 125.65.40.231 /addons/sz_yi/template/mobile/default/static/css/style.css
INFO: [ app_init ] --START--
INFO: Run Behavior\BuildLiteBehavior [ RunTime:0.000015s ]
INFO: [ app_init ] --END-- [ RunTime:0.000444s ]
ERR: Êó†Ê≥ïÂä†ËΩΩÊ®°Âùó:Addons

[ 2019-11-17T11:44:34+08:00 ] 125.65.40.231 /static/imHandler.js
INFO: [ app_init ] --START--
INFO: Run Behavior\BuildLiteBehavior [ RunTime:0.000018s ]
INFO: [ app_init ] --END-- [ RunTime:0.000553s ]
ERR: Êó†Ê≥ïÂä†ËΩΩÊ®°Âùó:Static

[ 2019-11-17T11:44:34+08:00 ] 125.65.40.231 /css/c.css
INFO: [ app_init ] --START--
INFO: Run Behavior\BuildLiteBehavior [ RunTime:0.000017s ]
INFO: [ app_init ] --END-- [ RunTime:0.000508s ]
ERR: Êó†Ê≥ïÂä†ËΩΩÊ®°Âùó:Css

[ 2019-11-17T11:44:34+08:00 ] 125.65.40.231 /web/index.php?c=user&a=login&
INFO: [ app_init ] --START--
INFO: Run Behavior\BuildLiteBehavior [ RunTime:0.000017s ]
INFO: [ app_init ] --END-- [ RunTime:0.002608s ]
ERR: Êó†Ê≥ïÂä†ËΩΩÊ®°Âùó:Web

[ 2019-11-17T11:44:34+08:00 ] 125.65.40.231 /share.html
INFO: [ app_init ] --START--
INFO: Run Behavior\BuildLiteBehavior [ RunTime:0.000014s ]
INFO: [ app_init ] --END-- [ RunTime:0.000948s ]
ERR: Êó†Ê≥ïÂä†ËΩΩÊ®°Âùó:Share

[ 2019-11-17T11:44:34+08:00 ] 125.65.40.231 /wow/wow.min.js
INFO: [ app_init ] --START--
INFO: Run Behavior\BuildLiteBehavior [ RunTime:0.000017s ]
INFO: [ app_init ] --END-- [ RunTime:0.000492s ]
ERR: Êó†Ê≥ïÂä†ËΩΩÊ®°Âùó:Wow

[ 2019-11-17T11:44:34+08:00 ] 125.65.40.231 /css/style.css
INFO: [ app_init ] --START--
INFO: Run Behavior\BuildLiteBehavior [ RunTime:0.000019s ]
INFO: [ app_init ] --END-- [ RunTime:0.000524s ]
ERR: Êó†Ê≥ïÂä†ËΩΩÊ®°Âùó:Css

[ 2019-11-17T11:44:34+08:00 ] 125.65.40.231 /images/css.css
INFO: [ app_init ] --START--
INFO: Run Behavior\BuildLiteBehavior [ RunTime:0.000016s ]
INFO: [ app_init ] --END-- [ RunTime:0.000489s ]
ERR: Êó†Ê≥ïÂä†ËΩΩÊ®°Âùó:Images

[ 2019-11-17T11:44:34+08:00 ] 125.65.40.231 /css/index.css
INFO: [ app_init ] --START--
INFO: Run Behavior\BuildLiteBehavior [ RunTime:0.000018s ]
INFO: [ app_init ] --END-- [ RunTime:0.002368s ]
ERR: Êó†Ê≥ïÂä†ËΩΩÊ®°Âùó:Css

[ 2019-11-17T11:44:34+08:00 ] 125.65.40.231 /Public/default/css/skin.css
INFO: [ app_init ] --START--
INFO: Run Behavior\BuildLiteBehavior [ RunTime:0.000017s ]
INFO: [ app_init ] --END-- [ RunTime:0.000766s ]
ERR: Êó†Ê≥ïÂä†ËΩΩÊ®°Âùó:Public

[ 2019-11-17T11:44:34+08:00 ] 125.65.40.231 /css/c.css
INFO: [ app_init ] --START--
INFO: Run Behavior\BuildLiteBehavior [ RunTime:0.000018s ]
INFO: [ app_init ] --END-- [ RunTime:0.000489s ]
ERR: Êó†Ê≥ïÂä†ËΩΩÊ®°Âùó:Css

[ 2019-11-17T11:44:34+08:00 ] 125.65.40.231 /register/js/global.js
INFO: [ app_init ] --START--
INFO: Run Behavior\BuildLiteBehavior [ RunTime:0.000018s ]
INFO: [ app_init ] --END-- [ RunTime:0.001977s ]
ERR: Êó†Ê≥ïÂä†ËΩΩÊ®°Âùó:Register

[ 2019-11-17T11:44:34+08:00 ] 125.65.40.231 /static/imHandler.js
INFO: [ app_init ] --START--
INFO: Run Behavior\BuildLiteBehavior [ RunTime:0.000016s ]
INFO: [ app_init ] --END-- [ RunTime:0.000462s ]
ERR: Êó†Ê≥ïÂä†ËΩΩÊ®°Âùó:Static

[ 2019-11-17T11:44:34+08:00 ] 125.65.40.231 /web/index.php?c=user&a=login&
INFO: [ app_init ] --START--
INFO: Run Behavior\BuildLiteBehavior [ RunTime:0.000015s ]
INFO: [ app_init ] --END-- [ RunTime:0.000449s ]
ERR: Êó†Ê≥ïÂä†ËΩΩÊ®°Âùó:Web

[ 2019-11-17T11:44:34+08:00 ] 125.65.40.231 /template/100/img/index.css
INFO: [ app_init ] --START--
INFO: Run Behavior\BuildLiteBehavior [ RunTime:0.000019s ]
INFO: [ app_init ] --END-- [ RunTime:0.002742s ]
ERR: Êó†Ê≥ïÂä†ËΩΩÊ®°Âùó:Template

[ 2019-11-17T11:44:34+08:00 ] 125.65.40.231 /css/style.css
INFO: [ app_init ] --START--
INFO: Run Behavior\BuildLiteBehavior [ RunTime:0.000015s ]
INFO: [ app_init ] --END-- [ RunTime:0.000474s ]
ERR: Êó†Ê≥ïÂä†ËΩΩÊ®°Âùó:Css

[ 2019-11-17T11:44:34+08:00 ] 125.65.40.231 /addons/sz_yi/template/mobile/default/static/css/style.css
INFO: [ app_init ] --START--
INFO: Run Behavior\BuildLiteBehavior [ RunTime:0.000016s ]
INFO: [ app_init ] --END-- [ RunTime:0.000480s ]
ERR: Êó†Ê≥ïÂä†ËΩΩÊ®°Âùó:Addons

[ 2019-11-17T11:44:34+08:00 ] 125.65.40.231 /wow/wow.min.js
INFO: [ app_init ] --START--
INFO: Run Behavior\BuildLiteBehavior [ RunTime:0.000019s ]
INFO: [ app_init ] --END-- [ RunTime:0.009691s ]
ERR: Êó†Ê≥ïÂä†ËΩΩÊ®°Âùó:Wow

[ 2019-11-17T11:44:34+08:00 ] 125.65.40.231 /themes/mall/jd2014/styles/default/js/main.js
INFO: [ app_init ] --START--
INFO: Run Behavior\BuildLiteBehavior [ RunTime:0.000017s ]
INFO: [ app_init ] --END-- [ RunTime:0.000408s ]
ERR: Êó†Ê≥ïÂä†ËΩΩÊ®°Âùó:Themes

[ 2019-11-17T11:44:34+08:00 ] 125.65.40.231 /themes/mall/jd2014/styles/default/js/main.js
INFO: [ app_init ] --START--
INFO: Run Behavior\BuildLiteBehavior [ RunTime:0.000015s ]
INFO: [ app_init ] --END-- [ RunTime:0.000374s ]
ERR: Êó†Ê≥ïÂä†ËΩΩÊ®°Âùó:Themes

[ 2019-11-17T11:44:34+08:00 ] 125.65.40.231 /share.html
INFO: [ app_init ] --START--
INFO: Run Behavior\BuildLiteBehavior [ RunTime:0.000018s ]
INFO: [ app_init ] --END-- [ RunTime:0.000480s ]
ERR: Êó†Ê≥ïÂä†ËΩΩÊ®°Âùó:Share

[ 2019-11-17T11:44:35+08:00 ] 125.65.40.231 /themes/woody_buy/css/woodyokmin.css
INFO: [ app_init ] --START--
INFO: Run Behavior\BuildLiteBehavior [ RunTime:0.000015s ]
INFO: [ app_init ] --END-- [ RunTime:0.000482s ]
ERR: Êó†Ê≥ïÂä†ËΩΩÊ®°Âùó:Themes

[ 2019-11-17T11:44:35+08:00 ] 125.65.40.231 /stylesj1/css/style.css
INFO: [ app_init ] --START--
INFO: Run Behavior\BuildLiteBehavior [ RunTime:0.000014s ]
INFO: [ app_init ] --END-- [ RunTime:0.000395s ]
ERR: Êó†Ê≥ïÂä†ËΩΩÊ®°Âùó:Stylesj1

[ 2019-11-17T11:44:35+08:00 ] 125.65.40.231 /images/css.css
INFO: [ app_init ] --START--
INFO: Run Behavior\BuildLiteBehavior [ RunTime:0.000016s ]
INFO: [ app_init ] --END-- [ RunTime:0.000511s ]
ERR: Êó†Ê≥ïÂä†ËΩΩÊ®°Âùó:Images

[ 2019-11-17T11:44:35+08:00 ] 125.65.40.231 /template/superquan/js/index.js
INFO: [ app_init ] --START--
INFO: Run Behavior\BuildLiteBehavior [ RunTime:0.000017s ]
INFO: [ app_init ] --END-- [ RunTime:0.000438s ]
ERR: Êó†Ê≥ïÂä†ËΩΩÊ®°Âùó:Template

[ 2019-11-17T11:44:35+08:00 ] 125.65.40.231 /ivo.min.js
INFO: [ app_init ] --START--
INFO: Run Behavior\BuildLiteBehavior [ RunTime:0.000018s ]
INFO: [ app_init ] --END-- [ RunTime:0.001836s ]
ERR: Êó†Ê≥ïÂä†ËΩΩÊ®°Âùó:Ivo.min

[ 2019-11-17T11:44:35+08:00 ] 125.65.40.231 /index.jsp
INFO: [ app_init ] --START--
INFO: Run Behavior\BuildLiteBehavior [ RunTime:0.000016s ]
INFO: [ app_init ] --END-- [ RunTime:0.000414s ]
ERR: Êó†Ê≥ïÂä†ËΩΩÊ®°Âùó:Index

[ 2019-11-17T11:44:35+08:00 ] 125.65.40.231 /css/css1/com.css
INFO: [ app_init ] --START--
INFO: Run Behavior\BuildLiteBehavior [ RunTime:0.000017s ]
INFO: [ app_init ] --END-- [ RunTime:0.000433s ]
ERR: Êó†Ê≥ïÂä†ËΩΩÊ®°Âùó:Css

[ 2019-11-17T11:44:35+08:00 ] 125.65.40.231 /index.jsp
INFO: [ app_init ] --START--
INFO: Run Behavior\BuildLiteBehavior [ RunTime:0.000016s ]
INFO: [ app_init ] --END-- [ RunTime:0.000409s ]
ERR: Êó†Ê≥ïÂä†ËΩΩÊ®°Âùó:Index

[ 2019-11-17T11:44:35+08:00 ] 125.65.40.231 /Public/reg/js/login.js
INFO: [ app_init ] --START--
INFO: Run Behavior\BuildLiteBehavior [ RunTime:0.000016s ]
INFO: [ app_init ] --END-- [ RunTime:0.000427s ]
ERR: Êó†Ê≥ïÂä†ËΩΩÊ®°Âùó:Public

[ 2019-11-17T11:44:35+08:00 ] 125.65.40.231 /static/jwap/css/style_v3.css
INFO: [ app_init ] --START--
INFO: Run Behavior\BuildLiteBehavior [ RunTime:0.000016s ]
INFO: [ app_init ] --END-- [ RunTime:0.000428s ]
ERR: Êó†Ê≥ïÂä†ËΩΩÊ®°Âùó:Static

[ 2019-11-17T11:44:35+08:00 ] 125.65.40.231 /assets/css/style.css
INFO: [ app_init ] --START--
INFO: Run Behavior\BuildLiteBehavior [ RunTime:0.000016s ]
INFO: [ app_init ] --END-- [ RunTime:0.000425s ]
ERR: Êó†Ê≥ïÂä†ËΩΩÊ®°Âùó:Assets

[ 2019-11-17T11:44:35+08:00 ] 125.65.40.231 /style/loading.min.css
INFO: [ app_init ] --START--
INFO: Run Behavior\BuildLiteBehavior [ RunTime:0.000016s ]
INFO: [ app_init ] --END-- [ RunTime:0.000424s ]
ERR: Êó†Ê≥ïÂä†ËΩΩÊ®°Âùó:Style

[ 2019-11-17T11:44:35+08:00 ] 125.65.40.231 /skin/js/touchrom-action.js
INFO: [ app_init ] --START--
INFO: Run Behavior\BuildLiteBehavior [ RunTime:0.000014s ]
INFO: [ app_init ] --END-- [ RunTime:0.000403s ]
ERR: Êó†Ê≥ïÂä†ËΩΩÊ®°Âùó:Skin

[ 2019-11-17T11:44:35+08:00 ] 125.65.40.231 /static_index/css/color/color7.css
INFO: [ app_init ] --START--
INFO: Run Behavior\BuildLiteBehavior [ RunTime:0.000018s ]
INFO: [ app_init ] --END-- [ RunTime:0.000435s ]
ERR: Êó†Ê≥ïÂä†ËΩΩÊ®°Âùó:Static_index

[ 2019-11-17T11:44:35+08:00 ] 125.65.40.231 /themes/woody_buy/css/woodyokmin.css
INFO: [ app_init ] --START--
INFO: Run Behavior\BuildLiteBehavior [ RunTime:0.000017s ]
INFO: [ app_init ] --END-- [ RunTime:0.000412s ]
ERR: Êó†Ê≥ïÂä†ËΩΩÊ®°Âùó:Themes

[ 2019-11-17T11:44:35+08:00 ] 125.65.40.231 /mobile/themesmobile/68ecshopcom_mobile/css/index.css
INFO: [ app_init ] --START--
INFO: Run Behavior\BuildLiteBehavior [ RunTime:0.000017s ]
INFO: [ app_init ] --END-- [ RunTime:0.000459s ]
ERR: Êó†Ê≥ïÂä†ËΩΩÊ®°Âùó:Mobile

[ 2019-11-17T11:44:35+08:00 ] 125.65.40.231 /css/index.css
INFO: [ app_init ] --START--
INFO: Run Behavior\BuildLiteBehavior [ RunTime:0.000017s ]
INFO: [ app_init ] --END-- [ RunTime:0.000415s ]
ERR: Êó†Ê≥ïÂä†ËΩΩÊ®°Âùó:Css

[ 2019-11-17T11:44:35+08:00 ] 125.65.40.231 /include/interface/uidata.php?lang=cn
INFO: [ app_init ] --START--
INFO: Run Behavior\BuildLiteBehavior [ RunTime:0.000017s ]
INFO: [ app_init ] --END-- [ RunTime:0.000412s ]
ERR: Êó†Ê≥ïÂä†ËΩΩÊ®°Âùó:Include

[ 2019-11-17T11:44:35+08:00 ] 125.65.40.231 /Public/default/css/skin.css
INFO: [ app_init ] --START--
INFO: Run Behavior\BuildLiteBehavior [ RunTime:0.000017s ]
INFO: [ app_init ] --END-- [ RunTime:0.000482s ]
ERR: Êó†Ê≥ïÂä†ËΩΩÊ®°Âùó:Public

[ 2019-11-17T11:44:35+08:00 ] 125.65.40.231 /Public/static/h-ui.admin/js/H-ui.admin.js
INFO: [ app_init ] --START--
INFO: Run Behavior\BuildLiteBehavior [ RunTime:0.000016s ]
INFO: [ app_init ] --END-- [ RunTime:0.000516s ]
ERR: Êó†Ê≥ïÂä†ËΩΩÊ®°Âùó:Public

[ 2019-11-17T11:44:35+08:00 ] 125.65.40.231 /template/100/img/index.css
INFO: [ app_init ] --START--
INFO: Run Behavior\BuildLiteBehavior [ RunTime:0.000016s ]
INFO: [ app_init ] --END-- [ RunTime:0.000400s ]
ERR: Êó†Ê≥ïÂä†ËΩΩÊ®°Âùó:Template

[ 2019-11-17T11:44:35+08:00 ] 125.65.40.231 /ivo.min.js
INFO: [ app_init ] --START--
INFO: Run Behavior\BuildLiteBehavior [ RunTime:0.000019s ]
INFO: [ app_init ] --END-- [ RunTime:0.000454s ]
ERR: Êó†Ê≥ïÂä†ËΩΩÊ®°Âùó:Ivo.min

[ 2019-11-17T11:44:35+08:00 ] 125.65.40.231 /stylesj1/css/style.css
INFO: [ app_init ] --START--
INFO: Run Behavior\BuildLiteBehavior [ RunTime:0.000015s ]
INFO: [ app_init ] --END-- [ RunTime:0.000405s ]
ERR: Êó†Ê≥ïÂä†ËΩΩÊ®°Âùó:Stylesj1

[ 2019-11-17T11:44:35+08:00 ] 125.65.40.231 /components/members/members.css
INFO: [ app_init ] --START--
INFO: Run Behavior\BuildLiteBehavior [ RunTime:0.000021s ]
INFO: [ app_init ] --END-- [ RunTime:0.000523s ]
ERR: Êó†Ê≥ïÂä†ËΩΩÊ®°Âùó:Components

[ 2019-11-17T11:44:35+08:00 ] 125.65.40.231 /xc_sale/ucenter/indexSimple.do
INFO: [ app_init ] --START--
INFO: Run Behavior\BuildLiteBehavior [ RunTime:0.000017s ]
INFO: [ app_init ] --END-- [ RunTime:0.000492s ]
ERR: Êó†Ê≥ïÂä†ËΩΩÊ®°Âùó:Xc_sale

[ 2019-11-17T11:44:35+08:00 ] 125.65.40.231 /template/superquan/js/index.js
INFO: [ app_init ] --START--
INFO: Run Behavior\BuildLiteBehavior [ RunTime:0.000020s ]
INFO: [ app_init ] --END-- [ RunTime:0.000425s ]
ERR: Êó†Ê≥ïÂä†ËΩΩÊ®°Âùó:Template

[ 2019-11-17T11:44:35+08:00 ] 125.65.40.231 /public/css/index.css
INFO: [ app_init ] --START--
INFO: Run Behavior\BuildLiteBehavior [ RunTime:0.000017s ]
INFO: [ app_init ] --END-- [ RunTime:0.000429s ]
ERR: Êó†Ê≥ïÂä†ËΩΩÊ®°Âùó:Public

[ 2019-11-17T11:44:35+08:00 ] 125.65.40.231 /skin/js/touchrom-action.js
INFO: [ app_init ] --START--
INFO: Run Behavior\BuildLiteBehavior [ RunTime:0.000019s ]
INFO: [ app_init ] --END-- [ RunTime:0.000439s ]
ERR: Êó†Ê≥ïÂä†ËΩΩÊ®°Âùó:Skin

[ 2019-11-17T11:44:35+08:00 ] 125.65.40.231 /style/loading.min.css
INFO: [ app_init ] --START--
INFO: Run Behavior\BuildLiteBehavior [ RunTime:0.000017s ]
INFO: [ app_init ] --END-- [ RunTime:0.000417s ]
ERR: Êó†Ê≥ïÂä†ËΩΩÊ®°Âùó:Style

[ 2019-11-17T11:44:35+08:00 ] 125.65.40.231 /mobile/themesmobile/68ecshopcom_mobile/css/index.css
INFO: [ app_init ] --START--
INFO: Run Behavior\BuildLiteBehavior [ RunTime:0.000018s ]
INFO: [ app_init ] --END-- [ RunTime:0.000420s ]
ERR: Êó†Ê≥ïÂä†ËΩΩÊ®°Âùó:Mobile

[ 2019-11-17T11:44:35+08:00 ] 125.65.40.231 /components/members/members.css
INFO: [ app_init ] --START--
INFO: Run Behavior\BuildLiteBehavior [ RunTime:0.000023s ]
INFO: [ app_init ] --END-- [ RunTime:0.000425s ]
ERR: Êó†Ê≥ïÂä†ËΩΩÊ®°Âùó:Components

[ 2019-11-17T11:44:35+08:00 ] 125.65.40.231 /js/mode-ecb.js
INFO: [ app_init ] --START--
INFO: Run Behavior\BuildLiteBehavior [ RunTime:0.000018s ]
INFO: [ app_init ] --END-- [ RunTime:0.000491s ]
ERR: Êó†Ê≥ïÂä†ËΩΩÊ®°Âùó:Js

[ 2019-11-17T11:44:35+08:00 ] 125.65.40.231 /static_index/css/color/color7.css
INFO: [ app_init ] --START--
INFO: Run Behavior\BuildLiteBehavior [ RunTime:0.000015s ]
INFO: [ app_init ] --END-- [ RunTime:0.000459s ]
ERR: Êó†Ê≥ïÂä†ËΩΩÊ®°Âùó:Static_index

[ 2019-11-17T11:44:35+08:00 ] 125.65.40.231 /Public/reg/js/login.js
INFO: [ app_init ] --START--
INFO: Run Behavior\BuildLiteBehavior [ RunTime:0.000015s ]
INFO: [ app_init ] --END-- [ RunTime:0.000382s ]
ERR: Êó†Ê≥ïÂä†ËΩΩÊ®°Âùó:Public

[ 2019-11-17T11:44:35+08:00 ] 125.65.40.231 /app/index.php?i=101&c=entry&m=ewei_shopv2&do=mobile
INFO: [ app_init ] --START--
INFO: Run Behavior\BuildLiteBehavior [ RunTime:0.000017s ]
INFO: [ app_init ] --END-- [ RunTime:0.000523s ]
ERR: Êó†Ê≥ïÂä†ËΩΩÊ®°Âùó:App

[ 2019-11-17T11:44:35+08:00 ] 125.65.40.231 /xc_sale/ucenter/indexSimple.do
INFO: [ app_init ] --START--
INFO: Run Behavior\BuildLiteBehavior [ RunTime:0.000018s ]
INFO: [ app_init ] --END-- [ RunTime:0.000409s ]
ERR: Êó†Ê≥ïÂä†ËΩΩÊ®°Âùó:Xc_sale

[ 2019-11-17T11:44:35+08:00 ] 125.65.40.231 /src/css/home/home.css
INFO: [ app_init ] --START--
INFO: Run Behavior\BuildLiteBehavior [ RunTime:0.000019s ]
INFO: [ app_init ] --END-- [ RunTime:0.000439s ]
ERR: Êó†Ê≥ïÂä†ËΩΩÊ®°Âùó:Src

[ 2019-11-17T11:44:35+08:00 ] 125.65.40.231 /Public/Home/default/js/module/core.js
INFO: [ app_init ] --START--
INFO: Run Behavior\BuildLiteBehavior [ RunTime:0.000015s ]
INFO: [ app_init ] --END-- [ RunTime:0.000420s ]
ERR: Êó†Ê≥ïÂä†ËΩΩÊ®°Âùó:Public

[ 2019-11-17T11:44:35+08:00 ] 125.65.40.231 /css/public_pc.css
INFO: [ app_init ] --START--
INFO: Run Behavior\BuildLiteBehavior [ RunTime:0.000016s ]
INFO: [ app_init ] --END-- [ RunTime:0.000428s ]
ERR: Êó†Ê≥ïÂä†ËΩΩÊ®°Âùó:Css

[ 2019-11-17T11:44:35+08:00 ] 125.65.40.231 /Public/static/h-ui.admin/js/H-ui.admin.js
INFO: [ app_init ] --START--
INFO: Run Behavior\BuildLiteBehavior [ RunTime:0.000017s ]
INFO: [ app_init ] --END-- [ RunTime:0.001132s ]
ERR: Êó†Ê≥ïÂä†ËΩΩÊ®°Âùó:Public

[ 2019-11-17T11:44:35+08:00 ] 125.65.40.231 /jzcusstyle.jsp?colId=2&extId=0&_csw=0
INFO: [ app_init ] --START--
INFO: Run Behavior\BuildLiteBehavior [ RunTime:0.000016s ]
INFO: [ app_init ] --END-- [ RunTime:0.000429s ]
ERR: Êó†Ê≥ïÂä†ËΩΩÊ®°Âùó:Jzcusstyle

[ 2019-11-17T11:44:35+08:00 ] 125.65.40.231 /include/interface/uidata.php?lang=cn
INFO: [ app_init ] --START--
INFO: Run Behavior\BuildLiteBehavior [ RunTime:0.000018s ]
INFO: [ app_init ] --END-- [ RunTime:0.000462s ]
ERR: Êó†Ê≥ïÂä†ËΩΩÊ®°Âùó:Include

[ 2019-11-17T11:44:35+08:00 ] 125.65.40.231 /static/jwap/css/style_v3.css
INFO: [ app_init ] --START--
INFO: Run Behavior\BuildLiteBehavior [ RunTime:0.000015s ]
INFO: [ app_init ] --END-- [ RunTime:0.000391s ]
ERR: Êó†Ê≥ïÂä†ËΩΩÊ®°Âùó:Static

[ 2019-11-17T11:44:35+08:00 ] 125.65.40.231 /css/public_pc.css
INFO: [ app_init ] --START--
INFO: Run Behavior\BuildLiteBehavior [ RunTime:0.000019s ]
INFO: [ app_init ] --END-- [ RunTime:0.000395s ]
ERR: Êó†Ê≥ïÂä†ËΩΩÊ®°Âùó:Css

[ 2019-11-17T11:44:35+08:00 ] 125.65.40.231 /app/index.php?i=101&c=entry&m=ewei_shopv2&do=mobile
INFO: [ app_init ] --START--
INFO: Run Behavior\BuildLiteBehavior [ RunTime:0.000018s ]
INFO: [ app_init ] --END-- [ RunTime:0.000408s ]
ERR: Êó†Ê≥ïÂä†ËΩΩÊ®°Âùó:App

[ 2019-11-17T11:44:35+08:00 ] 125.65.40.231 /static/walletValidate/walletValidate.css
INFO: [ app_init ] --START--
INFO: Run Behavior\BuildLiteBehavior [ RunTime:0.000018s ]
INFO: [ app_init ] --END-- [ RunTime:0.000870s ]
ERR: Êó†Ê≥ïÂä†ËΩΩÊ®°Âùó:Static

[ 2019-11-17T11:44:35+08:00 ] 125.65.40.231 /public/css/index.css
INFO: [ app_init ] --START--
INFO: Run Behavior\BuildLiteBehavior [ RunTime:0.000017s ]
INFO: [ app_init ] --END-- [ RunTime:0.000421s ]
ERR: Êó†Ê≥ïÂä†ËΩΩÊ®°Âùó:Public

[ 2019-11-17T11:44:35+08:00 ] 125.65.40.231 /jzcusstyle.jsp?colId=2&extId=0&_csw=0
INFO: [ app_init ] --START--
INFO: Run Behavior\BuildLiteBehavior [ RunTime:0.000017s ]
INFO: [ app_init ] --END-- [ RunTime:0.000429s ]
ERR: Êó†Ê≥ïÂä†ËΩΩÊ®°Âùó:Jzcusstyle

[ 2019-11-17T11:44:35+08:00 ] 125.65.40.231 /src/css/home/home.css
INFO: [ app_init ] --START--
INFO: Run Behavior\BuildLiteBehavior [ RunTime:0.000018s ]
INFO: [ app_init ] --END-- [ RunTime:0.000435s ]
ERR: Êó†Ê≥ïÂä†ËΩΩÊ®°Âùó:Src

[ 2019-11-17T11:44:35+08:00 ] 125.65.40.231 /js/mode-ecb.js
INFO: [ app_init ] --START--
INFO: Run Behavior\BuildLiteBehavior [ RunTime:0.000017s ]
INFO: [ app_init ] --END-- [ RunTime:0.000431s ]
ERR: Êó†Ê≥ïÂä†ËΩΩÊ®°Âùó:Js



[ 2019-11-17T11:44:35+08:00 ] 125.65.40.231 /assets/css/style.css
INFO: [ app_init ] --START--
INFO: Run Behavior\BuildLiteBehavior [ RunTime:0.000018s ]
INFO: [ app_init ] --END-- [ RunTime:0.000420s ]
ERR: Êó†Ê≥ïÂä†ËΩΩÊ®°Âùó:Assets

[ 2019-11-17T11:44:35+08:00 ] 125.65.40.231 /t/rock/css/style.css
INFO: [ app_init ] --START--
INFO: Run Behavior\BuildLiteBehavior [ RunTime:0.000018s ]
INFO: [ app_init ] --END-- [ RunTime:0.000424s ]
ERR: Êó†Ê≥ïÂä†ËΩΩÊ®°Âùó:T

[ 2019-11-17T11:44:35+08:00 ] 125.65.40.231 /js/setfontsize.js
INFO: [ app_init ] --START--
INFO: Run Behavior\BuildLiteBehavior [ RunTime:0.000018s ]
INFO: [ app_init ] --END-- [ RunTime:0.000516s ]
ERR: Êó†Ê≥ïÂä†ËΩΩÊ®°Âùó:Js

[ 2019-11-17T11:44:35+08:00 ] 125.65.40.231 /css/css1/com.css
INFO: [ app_init ] --START--
INFO: Run Behavior\BuildLiteBehavior [ RunTime:0.000016s ]
INFO: [ app_init ] --END-- [ RunTime:0.000450s ]
ERR: Êó†Ê≥ïÂä†ËΩΩÊ®°Âùó:Css

[ 2019-11-17T11:44:35+08:00 ] 125.65.40.231 /Public/Home/default/js/module/core.js
INFO: [ app_init ] --START--
INFO: Run Behavior\BuildLiteBehavior [ RunTime:0.000016s ]
INFO: [ app_init ] --END-- [ RunTime:0.000402s ]
ERR: Êó†Ê≥ïÂä†ËΩΩÊ®°Âùó:Public

[ 2019-11-17T11:44:35+08:00 ] 125.65.40.231 /static/walletValidate/walletValidate.css
INFO: [ app_init ] --START--
INFO: Run Behavior\BuildLiteBehavior [ RunTime:0.000021s ]
INFO: [ app_init ] --END-- [ RunTime:0.000472s ]
ERR: Êó†Ê≥ïÂä†ËΩΩÊ®°Âùó:Static

[ 2019-11-17T12:11:20+08:00 ] 159.203.201.26 /manager/text/list
INFO: [ app_init ] --START--
INFO: Run Behavior\BuildLiteBehavior [ RunTime:0.000015s ]
INFO: [ app_init ] --END-- [ RunTime:0.000387s ]
ERR: Êó†Ê≥ïÂä†ËΩΩÊ®°Âùó:Manager

[ 2019-11-17T14:12:42+08:00 ] 80.82.70.187 http://www.baidu.com/cache/global/img/gs.gif
INFO: [ app_init ] --START--
INFO: Run Behavior\BuildLiteBehavior [ RunTime:0.000013s ]
INFO: [ app_init ] --END-- [ RunTime:0.000359s ]

[ 2019-11-17T15:34:30+08:00 ] 49.143.41.253 /editBlackAndWhiteList
INFO: [ app_init ] --START--
INFO: Run Behavior\BuildLiteBehavior [ RunTime:0.000014s ]
INFO: [ app_init ] --END-- [ RunTime:0.000381s ]
ERR: Êó†Ê≥ïÂä†ËΩΩÊ®°Âùó:EditBlackAndWhiteList

[ 2019-11-17T17:40:04+08:00 ] 221.2.209.230 /favicon.ico
INFO: [ app_init ] --START--
INFO: Run Behavior\BuildLiteBehavior [ RunTime:0.000014s ]
INFO: [ app_init ] --END-- [ RunTime:0.000368s ]

[ 2019-11-17T18:32:18+08:00 ] 117.136.93.207 /favicon.ico
INFO: [ app_init ] --START--
INFO: Run Behavior\BuildLiteBehavior [ RunTime:0.000012s ]
INFO: [ app_init ] --END-- [ RunTime:0.000344s ]

[ 2019-11-17T18:32:35+08:00 ] 123.151.77.121 /public/home/js/jquery.cookie.js
INFO: [ app_init ] --START--
INFO: Run Behavior\BuildLiteBehavior [ RunTime:0.000012s ]
INFO: [ app_init ] --END-- [ RunTime:0.000311s ]
ERR: Êó†Ê≥ïÂä†ËΩΩÊ®°Âùó:Public

[ 2019-11-17T21:01:47+08:00 ] 139.162.88.63 http://clientapi.ipip.net/echo.php?info=1234567890
INFO: [ app_init ] --START--
INFO: Run Behavior\BuildLiteBehavior [ RunTime:0.000014s ]
INFO: [ app_init ] --END-- [ RunTime:0.000374s ]
ERR: Êó†Ê≥ïÂä†ËΩΩÊ®°Âùó:Echo

