[ 2019-11-15T02:03:53+08:00 ] 80.82.70.187 http://www.baidu.com/cache/global/img/gs.gif
INFO: [ app_init ] --START--
INFO: Run Behavior\BuildLiteBehavior [ RunTime:0.000014s ]
INFO: [ app_init ] --END-- [ RunTime:0.000436s ]

[ 2019-11-15T05:26:35+08:00 ] 95.213.177.125 http://check.proxyradar.com/azenv.php?auth=157376679443&a=PSCN&i=660622854&p=80
INFO: [ app_init ] --START--
INFO: Run Behavior\BuildLiteBehavior [ RunTime:0.000013s ]
INFO: [ app_init ] --END-- [ RunTime:0.000403s ]
ERR: 无法加载模块:Azenv

[ 2019-11-15T07:05:38+08:00 ] 110.99.246.29 /otsmobile/app/mgs/mgw.htm?operationType=com.cars.otsmobile.queryLeftTicket&requestData=%5B%7B%22train_date%22%3A%2220191125%22%2C%22purpose_codes%22%3A%2200%22%2C%22from_station%22%3A%22PIJ%22%2C%22to_station%22%3A%22POJ%22%2C%22station_train_code%22%3A%22%22%2C%22start_time_begin%22%3A%220000%22%2C%22start_time_end%22%3A%222400%22%2C%22train_headers%22%3A%22QB%23%22%2C%22train_flag%22%3A%22%22%2C%22seat_type%22%3A%22%22%2C%22seatBack_Type%22%3A%22%22%2C%22ticket_num%22%3A%22%22%2C%22dfpStr%22%3A%22%22%2C%22baseDTO%22%3A%7B%22check_code%22%3A%22b525bb6e8b4810eb562adb31c2f49a41%22%2C%22device_no%22%3A%22VXB5FpLAgeUDAF9qiX5olHvl%22%2C%22mobile_no%22%3A%22%22%2C%22os_type%22%3A%22a%22%2C%22time_str%22%3A%2220191115070538%22%2C%22user_name%22%3A%22%22%2C%22version_no%22%3A%224.2.10%22%7D%7D%5D&ts=1573772738430&sign=
INFO: [ app_init ] --START--
INFO: Run Behavior\BuildLiteBehavior [ RunTime:0.000014s ]
INFO: [ app_init ] --END-- [ RunTime:0.000372s ]
ERR: 无法加载模块:Otsmobile

[ 2019-11-15T07:05:38+08:00 ] 110.99.246.180 /otsmobile/app/mgs/mgw.htm
INFO: [ app_init ] --START--
INFO: Run Behavior\BuildLiteBehavior [ RunTime:0.000012s ]
INFO: [ app_init ] --END-- [ RunTime:0.000363s ]
ERR: 无法加载模块:Otsmobile

[ 2019-11-15T11:51:21+08:00 ] 112.224.2.130 /favicon.ico
INFO: [ app_init ] --START--
INFO: Run Behavior\BuildLiteBehavior [ RunTime:0.000014s ]
INFO: [ app_init ] --END-- [ RunTime:0.000357s ]

[ 2019-11-15T12:06:47+08:00 ] 80.82.70.187 http://www.baidu.com/cache/global/img/gs.gif
INFO: [ app_init ] --START--
INFO: Run Behavior\BuildLiteBehavior [ RunTime:0.000013s ]
INFO: [ app_init ] --END-- [ RunTime:0.000369s ]

[ 2019-11-15T12:11:31+08:00 ] 112.224.4.147 /public/home/images/a.jpg
INFO: [ app_init ] --START--
INFO: Run Behavior\BuildLiteBehavior [ RunTime:0.000014s ]
INFO: [ app_init ] --END-- [ RunTime:0.000431s ]

[ 2019-11-15T16:42:56+08:00 ] 95.213.177.125 http://check.proxyradar.com/azenv.php?auth=157380737699&a=PSCN&i=660622854&p=80
INFO: [ app_init ] --START--
INFO: Run Behavior\BuildLiteBehavior [ RunTime:0.000013s ]
INFO: [ app_init ] --END-- [ RunTime:0.000365s ]
ERR: 无法加载模块:Azenv

[ 2019-11-15T16:47:50+08:00 ] 165.227.109.3 /test/wp-login.php
INFO: [ app_init ] --START--
INFO: Run Behavior\BuildLiteBehavior [ RunTime:0.000014s ]
INFO: [ app_init ] --END-- [ RunTime:0.000374s ]
ERR: 无法加载模块:Test

[ 2019-11-15T17:00:37+08:00 ] 183.167.27.146 /favicon.ico
INFO: [ app_init ] --START--
INFO: Run Behavior\BuildLiteBehavior [ RunTime:0.000013s ]
INFO: [ app_init ] --END-- [ RunTime:0.000372s ]

[ 2019-11-15T17:01:59+08:00 ] 110.152.174.186 /favicon.ico
INFO: [ app_init ] --START--
INFO: Run Behavior\BuildLiteBehavior [ RunTime:0.000013s ]
INFO: [ app_init ] --END-- [ RunTime:0.000326s ]

[ 2019-11-15T17:58:27+08:00 ] 89.248.169.17 /Login.htm
INFO: [ app_init ] --START--
INFO: Run Behavior\BuildLiteBehavior [ RunTime:0.000014s ]
INFO: [ app_init ] --END-- [ RunTime:0.000375s ]
ERR: 无法加载模块:Login

[ 2019-11-15T18:13:12+08:00 ] 89.248.169.17 /Login.htm
INFO: [ app_init ] --START--
INFO: Run Behavior\BuildLiteBehavior [ RunTime:0.000012s ]
INFO: [ app_init ] --END-- [ RunTime:0.000357s ]
ERR: 无法加载模块:Login

[ 2019-11-15T18:33:17+08:00 ] 123.31.43.173 /2019/wp-login.php
INFO: [ app_init ] --START--
INFO: Run Behavior\BuildLiteBehavior [ RunTime:0.000012s ]
INFO: [ app_init ] --END-- [ RunTime:0.000356s ]
ERR: 无法加载模块:2019

[ 2019-11-15T20:24:39+08:00 ] 104.248.14.171 /blog/wp-login.php
INFO: [ app_init ] --START--
INFO: Run Behavior\BuildLiteBehavior [ RunTime:0.000013s ]
INFO: [ app_init ] --END-- [ RunTime:0.000354s ]
ERR: 无法加载模块:Blog

[ 2019-11-15T22:18:38+08:00 ] 15.188.7.0 /wp/wp-login.php
INFO: [ app_init ] --START--
INFO: Run Behavior\BuildLiteBehavior [ RunTime:0.000014s ]
INFO: [ app_init ] --END-- [ RunTime:0.000397s ]
ERR: 无法加载模块:Wp

[ 2019-11-15T23:08:37+08:00 ] 89.248.169.17 /Login.htm
INFO: [ app_init ] --START--
INFO: Run Behavior\BuildLiteBehavior [ RunTime:0.000014s ]
INFO: [ app_init ] --END-- [ RunTime:0.000370s ]
ERR: 无法加载模块:Login

[ 2019-11-15T23:29:15+08:00 ] 89.248.169.17 /Login.htm
INFO: [ app_init ] --START--
INFO: Run Behavior\BuildLiteBehavior [ RunTime:0.000012s ]
INFO: [ app_init ] --END-- [ RunTime:0.000362s ]
ERR: 无法加载模块:Login

[ 2019-11-15T23:34:52+08:00 ] 89.248.169.17 /Login.htm
INFO: [ app_init ] --START--
INFO: Run Behavior\BuildLiteBehavior [ RunTime:0.000014s ]
INFO: [ app_init ] --END-- [ RunTime:0.000396s ]
ERR: 无法加载模块:Login

